[2025-04-30 02:21:54] ==================================================
[2025-04-30 02:21:54] GCNN for Shastry-Sutherland lattice
[2025-04-30 02:21:54] ==================================================
[2025-04-30 02:21:54] System parameters:
[2025-04-30 02:21:54]   - System size: L=5, N=100
[2025-04-30 02:21:54]   - System parameters: J1=0.08, J2=0.05, Q=0.95
[2025-04-30 02:21:54] --------------------------------------------------
[2025-04-30 02:21:54] Model parameters:
[2025-04-30 02:21:54]   - Number of layers = 4
[2025-04-30 02:21:54]   - Number of features = 4
[2025-04-30 02:21:54]   - Total parameters = 19628
[2025-04-30 02:21:54] --------------------------------------------------
[2025-04-30 02:21:54] Training parameters:
[2025-04-30 02:21:54]   - Learning rate: 0.02
[2025-04-30 02:21:54]   - Total annealing steps: 1000
[2025-04-30 02:21:54]   - Samples: 4096
[2025-04-30 02:21:54]   - Discarded samples: 0
[2025-04-30 02:21:54]   - Chunk size: 1024
[2025-04-30 02:21:54] --------------------------------------------------
[2025-04-30 02:21:54] Device status:
[2025-04-30 02:21:54]   - Number of devices: 4
[2025-04-30 02:21:54]   - Sharding: True
[2025-04-30 02:22:00] --------------------------------------------------
[2025-04-30 02:22:00] Start training...
[2025-04-30 02:22:26] Iteration: 0/1000, Temp: 0.5000, Energy: 4.624327+0.000034j
[2025-04-30 02:22:35] Iteration: 1/1000, Temp: 0.4901, Energy: 4.623839-0.000105j
[2025-04-30 02:22:44] Iteration: 2/1000, Temp: 0.4804, Energy: 4.624456-0.000534j
[2025-04-30 02:22:52] Iteration: 3/1000, Temp: 0.4709, Energy: 4.624169-0.000604j
[2025-04-30 02:23:01] Iteration: 4/1000, Temp: 0.4616, Energy: 4.624366+0.000114j
[2025-04-30 02:23:10] Iteration: 5/1000, Temp: 0.4524, Energy: 4.624355-0.000032j
[2025-04-30 02:23:19] Iteration: 6/1000, Temp: 0.4435, Energy: 4.624456-0.000237j
[2025-04-30 02:23:27] Iteration: 7/1000, Temp: 0.4347, Energy: 4.624335+0.000390j
[2025-04-30 02:23:36] Iteration: 8/1000, Temp: 0.4261, Energy: 4.623860+0.000196j
[2025-04-30 02:23:45] Iteration: 9/1000, Temp: 0.4176, Energy: 4.624012-0.000455j
[2025-04-30 02:23:53] Iteration: 10/1000, Temp: 0.4094, Energy: 4.624113-0.000207j
[2025-04-30 02:24:02] Iteration: 11/1000, Temp: 0.4013, Energy: 4.624238+0.000402j
[2025-04-30 02:24:11] Iteration: 12/1000, Temp: 0.3933, Energy: 4.623594-0.000400j
[2025-04-30 02:24:19] Iteration: 13/1000, Temp: 0.3855, Energy: 4.623759-0.000017j
[2025-04-30 02:24:28] Iteration: 14/1000, Temp: 0.3779, Energy: 4.623469-0.000045j
[2025-04-30 02:24:37] Iteration: 15/1000, Temp: 0.3704, Energy: 4.623626-0.000567j
[2025-04-30 02:24:46] Iteration: 16/1000, Temp: 0.3631, Energy: 4.623605+0.000330j
[2025-04-30 02:24:55] Iteration: 17/1000, Temp: 0.3559, Energy: 4.623875+0.000554j
[2025-04-30 02:25:03] Iteration: 18/1000, Temp: 0.3488, Energy: 4.624130-0.000227j
[2025-04-30 02:25:12] Iteration: 19/1000, Temp: 0.3419, Energy: 4.623474+0.000921j
[2025-04-30 02:25:21] Iteration: 20/1000, Temp: 0.3352, Energy: 4.623391-0.001062j
[2025-04-30 02:25:29] Iteration: 21/1000, Temp: 0.3285, Energy: 4.622830+0.000004j
[2025-04-30 02:25:38] Iteration: 22/1000, Temp: 0.3220, Energy: 4.622692-0.001224j
[2025-04-30 02:25:47] Iteration: 23/1000, Temp: 0.3156, Energy: 4.623083+0.000366j
[2025-04-30 02:25:55] Iteration: 24/1000, Temp: 0.3094, Energy: 4.622363-0.000167j
[2025-04-30 02:26:04] Iteration: 25/1000, Temp: 0.3033, Energy: 4.623651+0.000144j
[2025-04-30 02:26:13] Iteration: 26/1000, Temp: 0.2973, Energy: 4.623002+0.001262j
[2025-04-30 02:26:21] Iteration: 27/1000, Temp: 0.2914, Energy: 4.623218+0.002550j
[2025-04-30 02:26:30] Iteration: 28/1000, Temp: 0.2856, Energy: 4.622746-0.000806j
[2025-04-30 02:26:39] Iteration: 29/1000, Temp: 0.2799, Energy: 4.621979-0.000862j
[2025-04-30 02:26:47] Iteration: 30/1000, Temp: 0.2744, Energy: 4.622134-0.000782j
[2025-04-30 02:26:56] Iteration: 31/1000, Temp: 0.2690, Energy: 4.621249-0.000089j
[2025-04-30 02:27:05] Iteration: 32/1000, Temp: 0.2636, Energy: 4.621667+0.001860j
[2025-04-30 02:27:13] Iteration: 33/1000, Temp: 0.2584, Energy: 4.621063+0.003187j
[2025-04-30 02:27:22] Iteration: 34/1000, Temp: 0.2533, Energy: 4.621196+0.000866j
[2025-04-30 02:27:31] Iteration: 35/1000, Temp: 0.2483, Energy: 4.620335+0.000117j
[2025-04-30 02:27:39] Iteration: 36/1000, Temp: 0.2434, Energy: 4.620648-0.000925j
[2025-04-30 02:27:48] Iteration: 37/1000, Temp: 0.2386, Energy: 4.620596-0.000703j
[2025-04-30 02:27:57] Iteration: 38/1000, Temp: 0.2338, Energy: 4.619737+0.002512j
[2025-04-30 02:28:05] Iteration: 39/1000, Temp: 0.2292, Energy: 4.618188-0.000949j
[2025-04-30 02:28:14] Iteration: 40/1000, Temp: 0.2247, Energy: 4.617730-0.003149j
[2025-04-30 02:28:22] Iteration: 41/1000, Temp: 0.2202, Energy: 4.617970+0.002363j
[2025-04-30 02:28:31] Iteration: 42/1000, Temp: 0.2159, Energy: 4.616530+0.001678j
[2025-04-30 02:28:40] Iteration: 43/1000, Temp: 0.2116, Energy: 4.614657-0.003137j
[2025-04-30 02:28:48] Iteration: 44/1000, Temp: 0.2074, Energy: 4.614045-0.001533j
[2025-04-30 02:28:57] Iteration: 45/1000, Temp: 0.2033, Energy: 4.613121-0.000019j
[2025-04-30 02:29:06] Iteration: 46/1000, Temp: 0.1993, Energy: 4.612143+0.000217j
[2025-04-30 02:29:15] Iteration: 47/1000, Temp: 0.1953, Energy: 4.609185-0.000000j
[2025-04-30 02:29:23] Iteration: 48/1000, Temp: 0.1914, Energy: 4.608094+0.000139j
[2025-04-30 02:29:32] Iteration: 49/1000, Temp: 0.1877, Energy: 4.604743+0.000776j
[2025-04-30 02:29:41] Iteration: 50/1000, Temp: 0.1839, Energy: 4.602093+0.000948j
[2025-04-30 02:29:49] Iteration: 51/1000, Temp: 0.1803, Energy: 4.599441-0.003258j
[2025-04-30 02:29:58] Iteration: 52/1000, Temp: 0.1767, Energy: 4.596144+0.003874j
[2025-04-30 02:30:07] Iteration: 53/1000, Temp: 0.1732, Energy: 4.592069-0.002106j
[2025-04-30 02:30:16] Iteration: 54/1000, Temp: 0.1698, Energy: 4.587521+0.014532j
[2025-04-30 02:30:24] Iteration: 55/1000, Temp: 0.1664, Energy: 4.580068-0.002874j
[2025-04-30 02:30:33] Iteration: 56/1000, Temp: 0.1631, Energy: 4.573450-0.001453j
[2025-04-30 02:30:42] Iteration: 57/1000, Temp: 0.1599, Energy: 4.566191-0.002110j
[2025-04-30 02:30:51] Iteration: 58/1000, Temp: 0.1567, Energy: 4.556669-0.010987j
[2025-04-30 02:30:59] Iteration: 59/1000, Temp: 0.1536, Energy: 4.544034-0.009054j
[2025-04-30 02:31:08] Iteration: 60/1000, Temp: 0.1506, Energy: 4.532438+0.018917j
[2025-04-30 02:31:17] Iteration: 61/1000, Temp: 0.1476, Energy: 4.517375+0.002342j
[2025-04-30 02:31:25] Iteration: 62/1000, Temp: 0.1447, Energy: 4.496106-0.000406j
[2025-04-30 02:31:34] Iteration: 63/1000, Temp: 0.1418, Energy: 4.474644-0.020446j
[2025-04-30 02:31:43] Iteration: 64/1000, Temp: 0.1390, Energy: 4.454565-0.000938j
[2025-04-30 02:31:51] Iteration: 65/1000, Temp: 0.1363, Energy: 4.419843+0.013730j
[2025-04-30 02:32:00] Iteration: 66/1000, Temp: 0.1336, Energy: 4.386218-0.010495j
[2025-04-30 02:32:09] Iteration: 67/1000, Temp: 0.1309, Energy: 4.343058+0.019841j
[2025-04-30 02:32:17] Iteration: 68/1000, Temp: 0.1283, Energy: 4.289300-0.034292j
[2025-04-30 02:32:26] Iteration: 69/1000, Temp: 0.1258, Energy: 4.224858-0.011615j
[2025-04-30 02:32:35] Iteration: 70/1000, Temp: 0.1233, Energy: 4.152924-0.032238j
[2025-04-30 02:32:43] Iteration: 71/1000, Temp: 0.1209, Energy: 4.071889-0.020706j
[2025-04-30 02:32:52] Iteration: 72/1000, Temp: 0.1185, Energy: 3.963760+0.009881j
[2025-04-30 02:33:01] Iteration: 73/1000, Temp: 0.1161, Energy: 3.852009-0.015702j
[2025-04-30 02:33:09] Iteration: 74/1000, Temp: 0.1138, Energy: 3.721406+0.006189j
[2025-04-30 02:33:18] Iteration: 75/1000, Temp: 0.1116, Energy: 3.546828-0.042377j
[2025-04-30 02:33:27] Iteration: 76/1000, Temp: 0.1094, Energy: 3.357716-0.016580j
[2025-04-30 02:33:35] Iteration: 77/1000, Temp: 0.1072, Energy: 3.136574-0.052011j
[2025-04-30 02:33:44] Iteration: 78/1000, Temp: 0.1051, Energy: 2.887996-0.003565j
[2025-04-30 02:33:53] Iteration: 79/1000, Temp: 0.1030, Energy: 2.594197-0.019982j
[2025-04-30 02:34:01] Iteration: 80/1000, Temp: 0.1009, Energy: 2.199442+0.031542j
[2025-04-30 02:34:10] Iteration: 81/1000, Temp: 0.0989, Energy: 1.864767+0.037756j
[2025-04-30 02:34:19] Iteration: 82/1000, Temp: 0.0970, Energy: 1.379332+0.047145j
[2025-04-30 02:34:28] Iteration: 83/1000, Temp: 0.0951, Energy: 0.846448+0.012547j
[2025-04-30 02:34:36] Iteration: 84/1000, Temp: 0.0932, Energy: 0.291724-0.017895j
[2025-04-30 02:34:45] Iteration: 85/1000, Temp: 0.0913, Energy: -0.379075+0.055337j
[2025-04-30 02:34:54] Iteration: 86/1000, Temp: 0.0895, Energy: -1.144903-0.051226j
[2025-04-30 02:35:02] Iteration: 87/1000, Temp: 0.0878, Energy: -1.983249+0.012788j
[2025-04-30 02:35:11] Iteration: 88/1000, Temp: 0.0860, Energy: -2.881912+0.013479j
[2025-04-30 02:35:20] Iteration: 89/1000, Temp: 0.0843, Energy: -3.997478-0.026090j
[2025-04-30 02:35:29] Iteration: 90/1000, Temp: 0.0826, Energy: -4.948913+0.028904j
[2025-04-30 02:35:37] Iteration: 91/1000, Temp: 0.0810, Energy: -6.202063-0.002152j
[2025-04-30 02:35:46] Iteration: 92/1000, Temp: 0.0794, Energy: -7.358807-0.029550j
[2025-04-30 02:35:55] Iteration: 93/1000, Temp: 0.0778, Energy: -8.559507+0.058989j
[2025-04-30 02:36:03] Iteration: 94/1000, Temp: 0.0763, Energy: -9.944784-0.054778j
[2025-04-30 02:36:12] Iteration: 95/1000, Temp: 0.0748, Energy: -11.361074+0.049227j
[2025-04-30 02:36:21] Iteration: 96/1000, Temp: 0.0733, Energy: -13.162902+0.080712j
[2025-04-30 02:36:29] Iteration: 97/1000, Temp: 0.0719, Energy: -14.844411+0.188278j
[2025-04-30 02:36:38] Iteration: 98/1000, Temp: 0.0704, Energy: -17.072276+0.345153j
[2025-04-30 02:36:47] Iteration: 99/1000, Temp: 0.0690, Energy: -19.410444+0.519715j
[2025-04-30 02:36:56] Iteration: 100/1000, Temp: 0.0677, Energy: -22.139972+0.629546j
[2025-04-30 02:37:04] Iteration: 101/1000, Temp: 0.0663, Energy: -25.048890+0.855014j
[2025-04-30 02:37:13] Iteration: 102/1000, Temp: 0.0650, Energy: -28.332421+0.964030j
[2025-04-30 02:37:22] Iteration: 103/1000, Temp: 0.0637, Energy: -32.095312+1.113347j
[2025-04-30 02:37:30] Iteration: 104/1000, Temp: 0.0625, Energy: -35.766405+1.158627j
[2025-04-30 02:37:39] Iteration: 105/1000, Temp: 0.0612, Energy: -40.105184+1.241503j
[2025-04-30 02:37:48] Iteration: 106/1000, Temp: 0.0600, Energy: -44.396191+1.161168j
[2025-04-30 02:37:56] Iteration: 107/1000, Temp: 0.0588, Energy: -48.731276+1.025515j
[2025-04-30 02:38:05] Iteration: 108/1000, Temp: 0.0577, Energy: -52.962400+0.917853j
[2025-04-30 02:38:14] Iteration: 109/1000, Temp: 0.0565, Energy: -56.917403+0.982450j
[2025-04-30 02:38:22] Iteration: 110/1000, Temp: 0.0554, Energy: -60.607472+0.778539j
[2025-04-30 02:38:31] Iteration: 111/1000, Temp: 0.0543, Energy: -63.635971+0.466073j
[2025-04-30 02:38:40] Iteration: 112/1000, Temp: 0.0532, Energy: -66.244499+0.270044j
[2025-04-30 02:38:48] Iteration: 113/1000, Temp: 0.0522, Energy: -68.352138+0.177828j
[2025-04-30 02:38:57] Iteration: 114/1000, Temp: 0.0511, Energy: -70.331153+0.074997j
[2025-04-30 02:39:05] Iteration: 115/1000, Temp: 0.0501, Energy: -71.832875+0.014511j
[2025-04-30 02:39:14] Iteration: 116/1000, Temp: 0.0491, Energy: -72.864191-0.020507j
[2025-04-30 02:39:23] Iteration: 117/1000, Temp: 0.0482, Energy: -73.878965-0.165534j
[2025-04-30 02:39:32] Iteration: 118/1000, Temp: 0.0472, Energy: -74.952232-0.008016j
[2025-04-30 02:39:40] Iteration: 119/1000, Temp: 0.0463, Energy: -75.551274-0.025054j
[2025-04-30 02:39:49] Iteration: 120/1000, Temp: 0.0454, Energy: -76.246851-0.061886j
[2025-04-30 02:39:58] Iteration: 121/1000, Temp: 0.0445, Energy: -76.721148-0.056301j
[2025-04-30 02:40:06] Iteration: 122/1000, Temp: 0.0436, Energy: -77.093124-0.128997j
[2025-04-30 02:40:15] Iteration: 123/1000, Temp: 0.0427, Energy: -77.607527-0.052723j
[2025-04-30 02:40:24] Iteration: 124/1000, Temp: 0.0419, Energy: -77.737942-0.015921j
[2025-04-30 02:40:32] Iteration: 125/1000, Temp: 0.0410, Energy: -78.096483-0.075272j
[2025-04-30 02:40:41] Iteration: 126/1000, Temp: 0.0402, Energy: -78.241415-0.018120j
[2025-04-30 02:40:50] Iteration: 127/1000, Temp: 0.0394, Energy: -78.374409-0.006898j
[2025-04-30 02:40:58] Iteration: 128/1000, Temp: 0.0387, Energy: -78.684246+0.026131j
[2025-04-30 02:41:07] Iteration: 129/1000, Temp: 0.0379, Energy: -78.806855-0.014098j
[2025-04-30 02:41:16] Iteration: 130/1000, Temp: 0.0371, Energy: -78.945174-0.039953j
[2025-04-30 02:41:24] Iteration: 131/1000, Temp: 0.0364, Energy: -79.371837-0.031063j
[2025-04-30 02:41:33] Iteration: 132/1000, Temp: 0.0357, Energy: -79.251291-0.018671j
[2025-04-30 02:41:42] Iteration: 133/1000, Temp: 0.0350, Energy: -79.518553+0.022896j
[2025-04-30 02:41:51] Iteration: 134/1000, Temp: 0.0343, Energy: -79.329705-0.018796j
[2025-04-30 02:41:59] Iteration: 135/1000, Temp: 0.0336, Energy: -79.479956-0.033664j
[2025-04-30 02:42:08] Iteration: 136/1000, Temp: 0.0329, Energy: -79.600603+0.010377j
[2025-04-30 02:42:17] Iteration: 137/1000, Temp: 0.0323, Energy: -79.865375+0.000857j
[2025-04-30 02:42:25] Iteration: 138/1000, Temp: 0.0316, Energy: -79.987074-0.043057j
[2025-04-30 02:42:34] Iteration: 139/1000, Temp: 0.0310, Energy: -80.071658-0.030389j
[2025-04-30 02:42:43] Iteration: 140/1000, Temp: 0.0304, Energy: -79.812279-0.032518j
[2025-04-30 02:42:51] Iteration: 141/1000, Temp: 0.0298, Energy: -79.893912-0.027769j
[2025-04-30 02:43:00] Iteration: 142/1000, Temp: 0.0292, Energy: -79.988605+0.050244j
[2025-04-30 02:43:09] Iteration: 143/1000, Temp: 0.0286, Energy: -80.074483-0.004771j
[2025-04-30 02:43:18] Iteration: 144/1000, Temp: 0.0281, Energy: -79.962786-0.000433j
[2025-04-30 02:43:26] Iteration: 145/1000, Temp: 0.0275, Energy: -80.135926+0.029697j
[2025-04-30 02:43:35] Iteration: 146/1000, Temp: 0.0270, Energy: -80.508218-0.022965j
[2025-04-30 02:43:44] Iteration: 147/1000, Temp: 0.0264, Energy: -80.349913-0.007853j
[2025-04-30 02:43:52] Iteration: 148/1000, Temp: 0.0259, Energy: -80.461781+0.009157j
[2025-04-30 02:44:01] Iteration: 149/1000, Temp: 0.0254, Energy: -80.530979+0.007422j
[2025-04-30 02:44:10] Iteration: 150/1000, Temp: 0.0249, Energy: -80.617917-0.031271j
[2025-04-30 02:44:18] Iteration: 151/1000, Temp: 0.0244, Energy: -80.546106+0.019691j
[2025-04-30 02:44:27] Iteration: 152/1000, Temp: 0.0239, Energy: -80.762821-0.041699j
[2025-04-30 02:44:36] Iteration: 153/1000, Temp: 0.0234, Energy: -80.770152-0.005820j
[2025-04-30 02:44:45] Iteration: 154/1000, Temp: 0.0230, Energy: -80.786130+0.021855j
[2025-04-30 02:44:53] Iteration: 155/1000, Temp: 0.0225, Energy: -80.889921-0.047835j
[2025-04-30 02:45:02] Iteration: 156/1000, Temp: 0.0221, Energy: -81.032410+0.011878j
[2025-04-30 02:45:11] Iteration: 157/1000, Temp: 0.0216, Energy: -81.023863-0.022418j
[2025-04-30 02:45:19] Iteration: 158/1000, Temp: 0.0212, Energy: -81.062943+0.001971j
[2025-04-30 02:45:28] Iteration: 159/1000, Temp: 0.0208, Energy: -81.002107-0.046399j
[2025-04-30 02:45:37] Iteration: 160/1000, Temp: 0.0204, Energy: -81.041326-0.035696j
[2025-04-30 02:45:45] Iteration: 161/1000, Temp: 0.0200, Energy: -80.982664-0.022450j
[2025-04-30 02:45:54] Iteration: 162/1000, Temp: 0.0196, Energy: -81.025601-0.005150j
[2025-04-30 02:46:03] Iteration: 163/1000, Temp: 0.0192, Energy: -81.114783+0.030691j
[2025-04-30 02:46:12] Iteration: 164/1000, Temp: 0.0188, Energy: -81.017671-0.038996j
[2025-04-30 02:46:20] Iteration: 165/1000, Temp: 0.0184, Energy: -81.114656-0.008807j
[2025-04-30 02:46:29] Iteration: 166/1000, Temp: 0.0181, Energy: -81.134332+0.004392j
[2025-04-30 02:46:38] Iteration: 167/1000, Temp: 0.0177, Energy: -81.023482-0.017624j
[2025-04-30 02:46:46] Iteration: 168/1000, Temp: 0.0174, Energy: -81.234098-0.024905j
[2025-04-30 02:46:55] Iteration: 169/1000, Temp: 0.0170, Energy: -81.156200+0.025370j
[2025-04-30 02:47:04] Iteration: 170/1000, Temp: 0.0167, Energy: -81.154910+0.004211j
[2025-04-30 02:47:12] Iteration: 171/1000, Temp: 0.0164, Energy: -81.306048+0.052451j
[2025-04-30 02:47:21] Iteration: 172/1000, Temp: 0.0160, Energy: -81.182376-0.065330j
[2025-04-30 02:47:30] Iteration: 173/1000, Temp: 0.0157, Energy: -81.144304+0.011116j
[2025-04-30 02:47:39] Iteration: 174/1000, Temp: 0.0154, Energy: -81.363806-0.012887j
[2025-04-30 02:47:47] Iteration: 175/1000, Temp: 0.0151, Energy: -81.298164-0.037574j
[2025-04-30 02:47:56] Iteration: 176/1000, Temp: 0.0148, Energy: -81.509060-0.027629j
[2025-04-30 02:48:04] Iteration: 177/1000, Temp: 0.0145, Energy: -81.313501+0.050169j
[2025-04-30 02:48:13] Iteration: 178/1000, Temp: 0.0142, Energy: -81.301106+0.001133j
[2025-04-30 02:48:22] Iteration: 179/1000, Temp: 0.0139, Energy: -81.392334-0.002608j
[2025-04-30 02:48:31] Iteration: 180/1000, Temp: 0.0137, Energy: -81.348392-0.034066j
[2025-04-30 02:48:39] Iteration: 181/1000, Temp: 0.0134, Energy: -81.421786+0.000878j
[2025-04-30 02:48:48] Iteration: 182/1000, Temp: 0.0131, Energy: -81.319966-0.024925j
[2025-04-30 02:48:57] Iteration: 183/1000, Temp: 0.0129, Energy: -81.450680+0.026148j
[2025-04-30 02:49:05] Iteration: 184/1000, Temp: 0.0126, Energy: -81.315455+0.066233j
[2025-04-30 02:49:14] Iteration: 185/1000, Temp: 0.0124, Energy: -81.529428-0.040327j
[2025-04-30 02:49:23] Iteration: 186/1000, Temp: 0.0121, Energy: -81.465277-0.030040j
[2025-04-30 02:49:31] Iteration: 187/1000, Temp: 0.0119, Energy: -81.329433+0.013881j
[2025-04-30 02:49:40] Iteration: 188/1000, Temp: 0.0116, Energy: -81.273525-0.067243j
[2025-04-30 02:49:49] Iteration: 189/1000, Temp: 0.0114, Energy: -81.415920-0.053917j
[2025-04-30 02:49:58] Iteration: 190/1000, Temp: 0.0112, Energy: -81.642606-0.020971j
[2025-04-30 02:50:06] Iteration: 191/1000, Temp: 0.0110, Energy: -81.632710-0.081387j
[2025-04-30 02:50:15] Iteration: 192/1000, Temp: 0.0107, Energy: -81.640789+0.002763j
[2025-04-30 02:50:24] Iteration: 193/1000, Temp: 0.0105, Energy: -81.539286+0.018839j
[2025-04-30 02:50:32] Iteration: 194/1000, Temp: 0.0103, Energy: -81.579496-0.005682j
[2025-04-30 02:50:41] Iteration: 195/1000, Temp: 0.0101, Energy: -81.715224+0.016382j
[2025-04-30 02:50:50] Iteration: 196/1000, Temp: 0.0099, Energy: -81.671348-0.041464j
[2025-04-30 02:50:58] Iteration: 197/1000, Temp: 0.0097, Energy: -81.763645-0.036333j
[2025-04-30 02:51:07] Iteration: 198/1000, Temp: 0.0095, Energy: -81.572954-0.052214j
[2025-04-30 02:51:16] Iteration: 199/1000, Temp: 0.0093, Energy: -81.676822-0.023461j
[2025-04-30 02:51:24] Iteration: 200/1000, Temp: 0.0092, Energy: -81.766880-0.054338j
[2025-04-30 02:51:33] Iteration: 201/1000, Temp: 0.0090, Energy: -81.821082-0.002868j
[2025-04-30 02:51:42] Iteration: 202/1000, Temp: 0.0088, Energy: -81.845749-0.007721j
[2025-04-30 02:51:51] Iteration: 203/1000, Temp: 0.0086, Energy: -81.930376-0.009896j
[2025-04-30 02:51:59] Iteration: 204/1000, Temp: 0.0085, Energy: -81.921021+0.030058j
[2025-04-30 02:52:08] Iteration: 205/1000, Temp: 0.0083, Energy: -81.975018+0.010387j
[2025-04-30 02:52:17] Iteration: 206/1000, Temp: 0.0081, Energy: -81.801058+0.022606j
[2025-04-30 02:52:25] Iteration: 207/1000, Temp: 0.0080, Energy: -81.690718+0.011814j
[2025-04-30 02:52:34] Iteration: 208/1000, Temp: 0.0078, Energy: -81.947147-0.014724j
[2025-04-30 02:52:43] Iteration: 209/1000, Temp: 0.0076, Energy: -81.858234-0.027805j
[2025-04-30 02:52:51] Iteration: 210/1000, Temp: 0.0075, Energy: -81.977880-0.061146j
[2025-04-30 02:53:00] Iteration: 211/1000, Temp: 0.0073, Energy: -81.848576-0.070453j
[2025-04-30 02:53:09] Iteration: 212/1000, Temp: 0.0072, Energy: -81.799132-0.044036j
[2025-04-30 02:53:17] Iteration: 213/1000, Temp: 0.0071, Energy: -81.736054-0.047910j
[2025-04-30 02:53:26] Iteration: 214/1000, Temp: 0.0069, Energy: -81.826532-0.030441j
[2025-04-30 02:53:35] Iteration: 215/1000, Temp: 0.0068, Energy: -82.070902-0.015903j
[2025-04-30 02:53:44] Iteration: 216/1000, Temp: 0.0066, Energy: -81.932219-0.008981j
[2025-04-30 02:53:52] Iteration: 217/1000, Temp: 0.0065, Energy: -81.938047-0.011299j
[2025-04-30 02:54:01] Iteration: 218/1000, Temp: 0.0064, Energy: -81.960939-0.071667j
[2025-04-30 02:54:10] Iteration: 219/1000, Temp: 0.0063, Energy: -82.109804+0.003873j
[2025-04-30 02:54:18] Iteration: 220/1000, Temp: 0.0061, Energy: -82.027251+0.002140j
[2025-04-30 02:54:27] Iteration: 221/1000, Temp: 0.0060, Energy: -81.821706+0.055214j
[2025-04-30 02:54:36] Iteration: 222/1000, Temp: 0.0059, Energy: -81.953665+0.012176j
[2025-04-30 02:54:44] Iteration: 223/1000, Temp: 0.0058, Energy: -82.198473+0.016646j
[2025-04-30 02:54:53] Iteration: 224/1000, Temp: 0.0057, Energy: -82.111322+0.010072j
[2025-04-30 02:55:02] Iteration: 225/1000, Temp: 0.0056, Energy: -82.233720-0.016551j
[2025-04-30 02:55:11] Iteration: 226/1000, Temp: 0.0054, Energy: -82.384567-0.039527j
[2025-04-30 02:55:19] Iteration: 227/1000, Temp: 0.0053, Energy: -82.211308-0.000054j
[2025-04-30 02:55:28] Iteration: 228/1000, Temp: 0.0052, Energy: -82.033883+0.028529j
[2025-04-30 02:55:37] Iteration: 229/1000, Temp: 0.0051, Energy: -82.203863-0.009361j
[2025-04-30 02:55:45] Iteration: 230/1000, Temp: 0.0050, Energy: -82.428672-0.023716j
[2025-04-30 02:55:54] Iteration: 231/1000, Temp: 0.0049, Energy: -82.173088-0.014962j
[2025-04-30 02:56:03] Iteration: 232/1000, Temp: 0.0048, Energy: -82.051518+0.010870j
[2025-04-30 02:56:11] Iteration: 233/1000, Temp: 0.0047, Energy: -82.215921-0.040483j
[2025-04-30 02:56:20] Iteration: 234/1000, Temp: 0.0046, Energy: -82.131126+0.018964j
[2025-04-30 02:56:29] Iteration: 235/1000, Temp: 0.0045, Energy: -82.006728-0.038363j
[2025-04-30 02:56:37] Iteration: 236/1000, Temp: 0.0045, Energy: -82.142101-0.031057j
[2025-04-30 02:56:46] Iteration: 237/1000, Temp: 0.0044, Energy: -82.155041-0.080549j
[2025-04-30 02:56:55] Iteration: 238/1000, Temp: 0.0043, Energy: -82.003210-0.003201j
[2025-04-30 02:57:04] Iteration: 239/1000, Temp: 0.0042, Energy: -81.891372-0.007445j
[2025-04-30 02:57:12] Iteration: 240/1000, Temp: 0.0041, Energy: -82.131504+0.006201j
[2025-04-30 02:57:21] Iteration: 241/1000, Temp: 0.0040, Energy: -82.312922-0.082549j
[2025-04-30 02:57:30] Iteration: 242/1000, Temp: 0.0040, Energy: -82.112264-0.090246j
[2025-04-30 02:57:38] Iteration: 243/1000, Temp: 0.0039, Energy: -82.242655-0.089374j
[2025-04-30 02:57:47] Iteration: 244/1000, Temp: 0.0038, Energy: -81.868743-0.077420j
[2025-04-30 02:57:56] Iteration: 245/1000, Temp: 0.0037, Energy: -82.102156-0.052077j
[2025-04-30 02:58:04] Iteration: 246/1000, Temp: 0.0036, Energy: -82.237572-0.024709j
[2025-04-30 02:58:13] Iteration: 247/1000, Temp: 0.0036, Energy: -82.281559+0.002114j
[2025-04-30 02:58:22] Iteration: 248/1000, Temp: 0.0035, Energy: -82.085306-0.112115j
[2025-04-30 02:58:30] Iteration: 249/1000, Temp: 0.0034, Energy: -82.242718-0.099292j
[2025-04-30 02:58:39] Iteration: 250/1000, Temp: 0.0034, Energy: -81.817416-0.189387j
[2025-04-30 02:58:48] Iteration: 251/1000, Temp: 0.0033, Energy: -82.071696-0.040363j
[2025-04-30 02:58:57] Iteration: 252/1000, Temp: 0.0032, Energy: -81.917690-0.182367j
[2025-04-30 02:59:05] Iteration: 253/1000, Temp: 0.0032, Energy: -81.835936-0.351438j
[2025-04-30 02:59:14] Iteration: 254/1000, Temp: 0.0031, Energy: -81.917203-0.229476j
[2025-04-30 02:59:23] Iteration: 255/1000, Temp: 0.0030, Energy: -82.087759-0.123061j
[2025-04-30 02:59:31] Iteration: 256/1000, Temp: 0.0030, Energy: -82.215773-0.031116j
[2025-04-30 02:59:40] Iteration: 257/1000, Temp: 0.0029, Energy: -82.195839+0.043696j
[2025-04-30 02:59:49] Iteration: 258/1000, Temp: 0.0029, Energy: -82.085583-0.000440j
[2025-04-30 02:59:57] Iteration: 259/1000, Temp: 0.0028, Energy: -82.347275+0.045163j
[2025-04-30 03:00:06] Iteration: 260/1000, Temp: 0.0028, Energy: -82.363706+0.044870j
[2025-04-30 03:00:15] Iteration: 261/1000, Temp: 0.0027, Energy: -82.586308+0.004473j
[2025-04-30 03:00:24] Iteration: 262/1000, Temp: 0.0027, Energy: -82.461309+0.030452j
[2025-04-30 03:00:32] Iteration: 263/1000, Temp: 0.0026, Energy: -82.541192-0.016544j
[2025-04-30 03:00:41] Iteration: 264/1000, Temp: 0.0025, Energy: -82.390009+0.019931j
[2025-04-30 03:00:50] Iteration: 265/1000, Temp: 0.0025, Energy: -82.399652+0.025041j
[2025-04-30 03:00:58] Iteration: 266/1000, Temp: 0.0024, Energy: -82.501862+0.008504j
[2025-04-30 03:01:07] Iteration: 267/1000, Temp: 0.0024, Energy: -82.555524-0.000379j
[2025-04-30 03:01:16] Iteration: 268/1000, Temp: 0.0024, Energy: -82.415386-0.001434j
[2025-04-30 03:01:25] Iteration: 269/1000, Temp: 0.0023, Energy: -82.444709+0.030076j
[2025-04-30 03:01:33] Iteration: 270/1000, Temp: 0.0023, Energy: -82.424319-0.001732j
[2025-04-30 03:01:42] Iteration: 271/1000, Temp: 0.0022, Energy: -82.494224+0.005961j
[2025-04-30 03:01:51] Iteration: 272/1000, Temp: 0.0022, Energy: -82.436702+0.016211j
[2025-04-30 03:01:59] Iteration: 273/1000, Temp: 0.0021, Energy: -82.604212+0.023195j
[2025-04-30 03:02:08] Iteration: 274/1000, Temp: 0.0021, Energy: -82.482234+0.026815j
[2025-04-30 03:02:17] Iteration: 275/1000, Temp: 0.0020, Energy: -82.544712+0.003171j
[2025-04-30 03:02:25] Iteration: 276/1000, Temp: 0.0020, Energy: -82.402396+0.016246j
[2025-04-30 03:02:34] Iteration: 277/1000, Temp: 0.0020, Energy: -82.535893-0.005963j
[2025-04-30 03:02:43] Iteration: 278/1000, Temp: 0.0019, Energy: -82.584327+0.029480j
[2025-04-30 03:02:52] Iteration: 279/1000, Temp: 0.0019, Energy: -82.727051+0.057469j
[2025-04-30 03:03:00] Iteration: 280/1000, Temp: 0.0018, Energy: -82.500718+0.034164j
[2025-04-30 03:03:09] Iteration: 281/1000, Temp: 0.0018, Energy: -82.615727+0.025851j
[2025-04-30 03:03:18] Iteration: 282/1000, Temp: 0.0018, Energy: -82.653380+0.023052j
[2025-04-30 03:03:26] Iteration: 283/1000, Temp: 0.0017, Energy: -82.602747+0.030421j
[2025-04-30 03:03:35] Iteration: 284/1000, Temp: 0.0017, Energy: -82.538047-0.015484j
[2025-04-30 03:03:44] Iteration: 285/1000, Temp: 0.0017, Energy: -82.412819-0.013287j
[2025-04-30 03:03:52] Iteration: 286/1000, Temp: 0.0016, Energy: -82.616784+0.002328j
[2025-04-30 03:04:01] Iteration: 287/1000, Temp: 0.0016, Energy: -82.596537+0.016543j
[2025-04-30 03:04:10] Iteration: 288/1000, Temp: 0.0016, Energy: -82.576219+0.037213j
[2025-04-30 03:04:18] Iteration: 289/1000, Temp: 0.0015, Energy: -82.628991-0.009893j
[2025-04-30 03:04:27] Iteration: 290/1000, Temp: 0.0015, Energy: -82.585262-0.026292j
[2025-04-30 03:04:36] Iteration: 291/1000, Temp: 0.0015, Energy: -82.548053+0.004546j
[2025-04-30 03:04:44] Iteration: 292/1000, Temp: 0.0015, Energy: -82.438117+0.009844j
[2025-04-30 03:04:53] Iteration: 293/1000, Temp: 0.0014, Energy: -82.523722+0.020490j
[2025-04-30 03:05:02] Iteration: 294/1000, Temp: 0.0014, Energy: -82.585456+0.024724j
[2025-04-30 03:05:11] Iteration: 295/1000, Temp: 0.0014, Energy: -82.590533+0.002575j
[2025-04-30 03:05:19] Iteration: 296/1000, Temp: 0.0013, Energy: -82.504306-0.010698j
[2025-04-30 03:05:28] Iteration: 297/1000, Temp: 0.0013, Energy: -82.685183+0.006062j
[2025-04-30 03:05:37] Iteration: 298/1000, Temp: 0.0013, Energy: -82.458204-0.023747j
[2025-04-30 03:05:46] Iteration: 299/1000, Temp: 0.0013, Energy: -82.741724-0.004257j
[2025-04-30 03:05:54] Iteration: 300/1000, Temp: 0.0012, Energy: -82.594596+0.020051j
[2025-04-30 03:06:03] Iteration: 301/1000, Temp: 0.0012, Energy: -82.672825-0.050989j
[2025-04-30 03:06:12] Iteration: 302/1000, Temp: 0.0012, Energy: -82.607039+0.027077j
[2025-04-30 03:06:20] Iteration: 303/1000, Temp: 0.0012, Energy: -82.659851-0.001183j
[2025-04-30 03:06:29] Iteration: 304/1000, Temp: 0.0011, Energy: -82.732349+0.030468j
[2025-04-30 03:06:38] Iteration: 305/1000, Temp: 0.0011, Energy: -82.835931+0.019192j
[2025-04-30 03:06:47] Iteration: 306/1000, Temp: 0.0011, Energy: -82.560752-0.006558j
[2025-04-30 03:06:55] Iteration: 307/1000, Temp: 0.0011, Energy: -82.697776-0.000204j
[2025-04-30 03:07:04] Iteration: 308/1000, Temp: 0.0011, Energy: -82.855209+0.003169j
[2025-04-30 03:07:13] Iteration: 309/1000, Temp: 0.0010, Energy: -82.477304-0.015162j
[2025-04-30 03:07:21] Iteration: 310/1000, Temp: 0.0010, Energy: -82.710829+0.001190j
[2025-04-30 03:07:30] Iteration: 311/1000, Temp: 0.0010, Energy: -82.507610-0.008806j
[2025-04-30 03:07:39] Iteration: 312/1000, Temp: 0.0010, Energy: -82.457220-0.037769j
[2025-04-30 03:07:47] Iteration: 313/1000, Temp: 0.0010, Energy: -82.540997-0.024382j
[2025-04-30 03:07:56] Iteration: 314/1000, Temp: 0.0009, Energy: -82.686383-0.053718j
[2025-04-30 03:08:05] Iteration: 315/1000, Temp: 0.0009, Energy: -82.501774-0.038733j
[2025-04-30 03:08:13] Iteration: 316/1000, Temp: 0.0009, Energy: -82.601046-0.022416j
[2025-04-30 03:08:22] Iteration: 317/1000, Temp: 0.0009, Energy: -82.565791+0.006766j
[2025-04-30 03:08:31] Iteration: 318/1000, Temp: 0.0009, Energy: -82.519530-0.012507j
[2025-04-30 03:08:40] Iteration: 319/1000, Temp: 0.0008, Energy: -82.515425+0.013378j
[2025-04-30 03:08:48] Iteration: 320/1000, Temp: 0.0008, Energy: -82.344546+0.021956j
[2025-04-30 03:08:57] Iteration: 321/1000, Temp: 0.0008, Energy: -82.400334+0.002825j
[2025-04-30 03:09:06] Iteration: 322/1000, Temp: 0.0008, Energy: -82.577945+0.024443j
[2025-04-30 03:09:15] Iteration: 323/1000, Temp: 0.0008, Energy: -82.717950-0.008898j
[2025-04-30 03:09:23] Iteration: 324/1000, Temp: 0.0008, Energy: -82.901358+0.015537j
[2025-04-30 03:09:32] Iteration: 325/1000, Temp: 0.0008, Energy: -82.706217+0.013933j
[2025-04-30 03:09:41] Iteration: 326/1000, Temp: 0.0007, Energy: -82.615391+0.006678j
[2025-04-30 03:09:49] Iteration: 327/1000, Temp: 0.0007, Energy: -82.508878+0.018346j
[2025-04-30 03:09:58] Iteration: 328/1000, Temp: 0.0007, Energy: -82.863364+0.028270j
[2025-04-30 03:10:07] Iteration: 329/1000, Temp: 0.0007, Energy: -82.677613-0.003484j
[2025-04-30 03:10:16] Iteration: 330/1000, Temp: 0.0007, Energy: -82.559698+0.022239j
[2025-04-30 03:10:24] Iteration: 331/1000, Temp: 0.0007, Energy: -82.598213-0.004064j
[2025-04-30 03:10:33] Iteration: 332/1000, Temp: 0.0007, Energy: -82.548414+0.008672j
[2025-04-30 03:10:41] Iteration: 333/1000, Temp: 0.0006, Energy: -82.647360-0.024357j
[2025-04-30 03:10:50] Iteration: 334/1000, Temp: 0.0006, Energy: -82.496675-0.020045j
[2025-04-30 03:10:59] Iteration: 335/1000, Temp: 0.0006, Energy: -82.567516+0.002804j
[2025-04-30 03:11:08] Iteration: 336/1000, Temp: 0.0006, Energy: -82.547522-0.004701j
[2025-04-30 03:11:16] Iteration: 337/1000, Temp: 0.0006, Energy: -82.687799-0.009826j
[2025-04-30 03:11:25] Iteration: 338/1000, Temp: 0.0006, Energy: -82.567572-0.004931j
[2025-04-30 03:11:34] Iteration: 339/1000, Temp: 0.0006, Energy: -82.371384+0.039971j
[2025-04-30 03:11:42] Iteration: 340/1000, Temp: 0.0006, Energy: -82.670649+0.025746j
[2025-04-30 03:11:51] Iteration: 341/1000, Temp: 0.0005, Energy: -82.668445+0.034873j
[2025-04-30 03:12:00] Iteration: 342/1000, Temp: 0.0005, Energy: -82.656906+0.022293j
[2025-04-30 03:12:08] Iteration: 343/1000, Temp: 0.0005, Energy: -82.659430+0.027754j
[2025-04-30 03:12:17] Iteration: 344/1000, Temp: 0.0005, Energy: -82.709773-0.010182j
[2025-04-30 03:12:26] Iteration: 345/1000, Temp: 0.0005, Energy: -82.628033+0.023525j
[2025-04-30 03:12:34] Iteration: 346/1000, Temp: 0.0005, Energy: -82.719643-0.031738j
[2025-04-30 03:12:43] Iteration: 347/1000, Temp: 0.0005, Energy: -82.926994+0.009556j
[2025-04-30 03:12:52] Iteration: 348/1000, Temp: 0.0005, Energy: -82.867318-0.024381j
[2025-04-30 03:13:00] Iteration: 349/1000, Temp: 0.0005, Energy: -82.679874+0.003933j
[2025-04-30 03:13:09] Iteration: 350/1000, Temp: 0.0005, Energy: -82.810545+0.002327j
[2025-04-30 03:13:18] Iteration: 351/1000, Temp: 0.0004, Energy: -82.673307-0.006020j
[2025-04-30 03:13:26] Iteration: 352/1000, Temp: 0.0004, Energy: -82.730841-0.017789j
[2025-04-30 03:13:35] Iteration: 353/1000, Temp: 0.0004, Energy: -82.581750+0.010067j
[2025-04-30 03:13:44] Iteration: 354/1000, Temp: 0.0004, Energy: -82.703756+0.011406j
[2025-04-30 03:13:52] Iteration: 355/1000, Temp: 0.0004, Energy: -82.852915+0.019786j
[2025-04-30 03:14:01] Iteration: 356/1000, Temp: 0.0004, Energy: -82.685336-0.016835j
[2025-04-30 03:14:10] Iteration: 357/1000, Temp: 0.0004, Energy: -82.863059-0.018820j
[2025-04-30 03:14:19] Iteration: 358/1000, Temp: 0.0004, Energy: -82.690250-0.013821j
[2025-04-30 03:14:27] Iteration: 359/1000, Temp: 0.0004, Energy: -82.842801+0.014568j
[2025-04-30 03:14:36] Iteration: 360/1000, Temp: 0.0004, Energy: -82.866543-0.004110j
[2025-04-30 03:14:45] Iteration: 361/1000, Temp: 0.0004, Energy: -82.901537+0.010971j
[2025-04-30 03:14:53] Iteration: 362/1000, Temp: 0.0004, Energy: -82.763782+0.019754j
[2025-04-30 03:15:02] Iteration: 363/1000, Temp: 0.0004, Energy: -82.665197-0.001223j
[2025-04-30 03:15:11] Iteration: 364/1000, Temp: 0.0003, Energy: -82.781403+0.003214j
[2025-04-30 03:15:19] Iteration: 365/1000, Temp: 0.0003, Energy: -82.574352+0.004633j
[2025-04-30 03:15:28] Iteration: 366/1000, Temp: 0.0003, Energy: -82.725898+0.001433j
[2025-04-30 03:15:37] Iteration: 367/1000, Temp: 0.0003, Energy: -82.734523-0.001663j
[2025-04-30 03:15:45] Iteration: 368/1000, Temp: 0.0003, Energy: -82.734126+0.010974j
[2025-04-30 03:15:54] Iteration: 369/1000, Temp: 0.0003, Energy: -82.806571-0.001997j
[2025-04-30 03:16:03] Iteration: 370/1000, Temp: 0.0003, Energy: -82.672348-0.016770j
[2025-04-30 03:16:11] Iteration: 371/1000, Temp: 0.0003, Energy: -82.613340-0.005086j
[2025-04-30 03:16:20] Iteration: 372/1000, Temp: 0.0003, Energy: -82.610167+0.006114j
[2025-04-30 03:16:29] Iteration: 373/1000, Temp: 0.0003, Energy: -82.478629-0.017456j
[2025-04-30 03:16:38] Iteration: 374/1000, Temp: 0.0003, Energy: -82.495681+0.002984j
[2025-04-30 03:16:46] Iteration: 375/1000, Temp: 0.0003, Energy: -82.503528+0.018447j
[2025-04-30 03:16:55] Iteration: 376/1000, Temp: 0.0003, Energy: -82.676566+0.008559j
[2025-04-30 03:17:04] Iteration: 377/1000, Temp: 0.0003, Energy: -82.615810+0.033976j
[2025-04-30 03:17:12] Iteration: 378/1000, Temp: 0.0003, Energy: -82.664685+0.013317j
[2025-04-30 03:17:21] Iteration: 379/1000, Temp: 0.0003, Energy: -82.723032+0.010740j
[2025-04-30 03:17:30] Iteration: 380/1000, Temp: 0.0003, Energy: -82.598874+0.014598j
[2025-04-30 03:17:39] Iteration: 381/1000, Temp: 0.0002, Energy: -82.716242+0.010925j
[2025-04-30 03:17:47] Iteration: 382/1000, Temp: 0.0002, Energy: -82.749559-0.007216j
[2025-04-30 03:17:56] Iteration: 383/1000, Temp: 0.0002, Energy: -82.644253+0.043009j
[2025-04-30 03:18:05] Iteration: 384/1000, Temp: 0.0002, Energy: -82.796515+0.018845j
[2025-04-30 03:18:13] Iteration: 385/1000, Temp: 0.0002, Energy: -82.740855+0.007489j
[2025-04-30 03:18:22] Iteration: 386/1000, Temp: 0.0002, Energy: -82.763580+0.030256j
[2025-04-30 03:18:31] Iteration: 387/1000, Temp: 0.0002, Energy: -82.749153+0.032524j
[2025-04-30 03:18:39] Iteration: 388/1000, Temp: 0.0002, Energy: -82.758157+0.014521j
[2025-04-30 03:18:48] Iteration: 389/1000, Temp: 0.0002, Energy: -82.834939+0.014970j
[2025-04-30 03:18:57] Iteration: 390/1000, Temp: 0.0002, Energy: -82.540956-0.021834j
[2025-04-30 03:19:05] Iteration: 391/1000, Temp: 0.0002, Energy: -82.735609+0.011727j
[2025-04-30 03:19:14] Iteration: 392/1000, Temp: 0.0002, Energy: -82.537376-0.012544j
[2025-04-30 03:19:22] Iteration: 393/1000, Temp: 0.0002, Energy: -82.667031-0.003574j
[2025-04-30 03:19:31] Iteration: 394/1000, Temp: 0.0002, Energy: -82.697822-0.001134j
[2025-04-30 03:19:40] Iteration: 395/1000, Temp: 0.0002, Energy: -82.720766-0.013400j
[2025-04-30 03:19:48] Iteration: 396/1000, Temp: 0.0002, Energy: -82.820194-0.007308j
[2025-04-30 03:19:57] Iteration: 397/1000, Temp: 0.0002, Energy: -82.725373+0.019449j
[2025-04-30 03:20:06] Iteration: 398/1000, Temp: 0.0002, Energy: -82.763448+0.021182j
[2025-04-30 03:20:15] Iteration: 399/1000, Temp: 0.0002, Energy: -82.764239-0.017671j
[2025-04-30 03:20:23] Iteration: 400/1000, Temp: 0.0002, Energy: -82.626276-0.003821j
[2025-04-30 03:20:32] Iteration: 401/1000, Temp: 0.0002, Energy: -82.678509+0.002810j
[2025-04-30 03:20:41] Iteration: 402/1000, Temp: 0.0002, Energy: -82.672601-0.009046j
[2025-04-30 03:20:49] Iteration: 403/1000, Temp: 0.0002, Energy: -82.726259+0.017002j
[2025-04-30 03:20:58] Iteration: 404/1000, Temp: 0.0002, Energy: -82.601118-0.011133j
[2025-04-30 03:21:07] Iteration: 405/1000, Temp: 0.0002, Energy: -82.644172+0.028503j
[2025-04-30 03:21:15] Iteration: 406/1000, Temp: 0.0001, Energy: -82.675650+0.004891j
[2025-04-30 03:21:24] Iteration: 407/1000, Temp: 0.0001, Energy: -82.688351-0.013751j
[2025-04-30 03:21:32] Iteration: 408/1000, Temp: 0.0001, Energy: -82.591961-0.012462j
[2025-04-30 03:21:41] Iteration: 409/1000, Temp: 0.0001, Energy: -82.742299-0.028874j
[2025-04-30 03:21:50] Iteration: 410/1000, Temp: 0.0001, Energy: -82.736715+0.013472j
[2025-04-30 03:21:59] Iteration: 411/1000, Temp: 0.0001, Energy: -82.704455+0.007337j
[2025-04-30 03:22:07] Iteration: 412/1000, Temp: 0.0001, Energy: -82.753169-0.009317j
[2025-04-30 03:22:16] Iteration: 413/1000, Temp: 0.0001, Energy: -82.639953+0.001699j
[2025-04-30 03:22:25] Iteration: 414/1000, Temp: 0.0001, Energy: -82.703919-0.006169j
[2025-04-30 03:22:33] Iteration: 415/1000, Temp: 0.0001, Energy: -82.915811+0.016201j
[2025-04-30 03:22:42] Iteration: 416/1000, Temp: 0.0001, Energy: -82.871381-0.019317j
[2025-04-30 03:22:51] Iteration: 417/1000, Temp: 0.0001, Energy: -82.871524+0.002684j
[2025-04-30 03:22:59] Iteration: 418/1000, Temp: 0.0001, Energy: -82.831903+0.011363j
[2025-04-30 03:23:08] Iteration: 419/1000, Temp: 0.0001, Energy: -82.703614+0.015826j
[2025-04-30 03:23:17] Iteration: 420/1000, Temp: 0.0001, Energy: -82.604637+0.010086j
[2025-04-30 03:23:26] Iteration: 421/1000, Temp: 0.0001, Energy: -82.688030-0.004538j
[2025-04-30 03:23:34] Iteration: 422/1000, Temp: 0.0001, Energy: -82.623081+0.009926j
[2025-04-30 03:23:43] Iteration: 423/1000, Temp: 0.0001, Energy: -82.562822+0.006911j
[2025-04-30 03:23:52] Iteration: 424/1000, Temp: 0.0001, Energy: -82.689809-0.017286j
[2025-04-30 03:24:00] Iteration: 425/1000, Temp: 0.0001, Energy: -82.644111+0.010788j
[2025-04-30 03:24:09] Iteration: 426/1000, Temp: 0.0001, Energy: -82.918113-0.010868j
[2025-04-30 03:24:18] Iteration: 427/1000, Temp: 0.0001, Energy: -82.710969-0.006563j
[2025-04-30 03:24:27] Iteration: 428/1000, Temp: 0.0001, Energy: -82.661785-0.011182j
[2025-04-30 03:24:35] Iteration: 429/1000, Temp: 0.0001, Energy: -82.434889+0.027549j
[2025-04-30 03:24:44] Iteration: 430/1000, Temp: 0.0001, Energy: -82.613743+0.010480j
[2025-04-30 03:24:53] Iteration: 431/1000, Temp: 0.0001, Energy: -82.744363-0.015493j
[2025-04-30 03:25:01] Iteration: 432/1000, Temp: 0.0001, Energy: -82.870944-0.008937j
[2025-04-30 03:25:10] Iteration: 433/1000, Temp: 0.0001, Energy: -82.736369-0.009653j
[2025-04-30 03:25:19] Iteration: 434/1000, Temp: 0.0001, Energy: -82.701749+0.003563j
[2025-04-30 03:25:28] Iteration: 435/1000, Temp: 0.0001, Energy: -82.637557+0.031771j
[2025-04-30 03:25:36] Iteration: 436/1000, Temp: 0.0001, Energy: -82.690775-0.000782j
[2025-04-30 03:25:45] Iteration: 437/1000, Temp: 0.0001, Energy: -82.716392-0.005455j
[2025-04-30 03:25:54] Iteration: 438/1000, Temp: 0.0001, Energy: -82.667930+0.000192j
[2025-04-30 03:26:02] Iteration: 439/1000, Temp: 0.0001, Energy: -82.714141+0.013006j
[2025-04-30 03:26:11] Iteration: 440/1000, Temp: 0.0001, Energy: -82.759113+0.002321j
[2025-04-30 03:26:20] Iteration: 441/1000, Temp: 0.0001, Energy: -82.879616+0.021004j
[2025-04-30 03:26:28] Iteration: 442/1000, Temp: 0.0001, Energy: -82.879717-0.002449j
[2025-04-30 03:26:37] Iteration: 443/1000, Temp: 0.0001, Energy: -82.834535+0.022547j
[2025-04-30 03:26:46] Iteration: 444/1000, Temp: 0.0001, Energy: -82.829563+0.011300j
[2025-04-30 03:26:55] Iteration: 445/1000, Temp: 0.0001, Energy: -82.722234-0.007367j
[2025-04-30 03:27:03] Iteration: 446/1000, Temp: 0.0001, Energy: -82.781658-0.009561j
[2025-04-30 03:27:12] Iteration: 447/1000, Temp: 0.0001, Energy: -82.678303-0.040858j
[2025-04-30 03:27:21] Iteration: 448/1000, Temp: 0.0001, Energy: -82.960422-0.026343j
[2025-04-30 03:27:29] Iteration: 449/1000, Temp: 0.0001, Energy: -82.949015-0.021811j
[2025-04-30 03:27:38] Iteration: 450/1000, Temp: 0.0001, Energy: -82.887598-0.004792j
[2025-04-30 03:27:47] Iteration: 451/1000, Temp: 0.0001, Energy: -82.888043-0.023415j
[2025-04-30 03:27:55] Iteration: 452/1000, Temp: 0.0001, Energy: -82.745418-0.006269j
[2025-04-30 03:28:04] Iteration: 453/1000, Temp: 0.0001, Energy: -82.936299-0.002054j
[2025-04-30 03:28:13] Iteration: 454/1000, Temp: 0.0001, Energy: -82.967530-0.004456j
[2025-04-30 03:28:22] Iteration: 455/1000, Temp: 0.0001, Energy: -83.070783+0.022328j
[2025-04-30 03:28:30] Iteration: 456/1000, Temp: 0.0001, Energy: -82.927866+0.018621j
[2025-04-30 03:28:39] Iteration: 457/1000, Temp: 0.0001, Energy: -82.915990-0.004779j
[2025-04-30 03:28:48] Iteration: 458/1000, Temp: 0.0001, Energy: -82.967292+0.005541j
[2025-04-30 03:28:56] Iteration: 459/1000, Temp: 0.0001, Energy: -82.842709+0.010711j
[2025-04-30 03:29:05] Iteration: 460/1000, Temp: 0.0001, Energy: -82.893910-0.003731j
[2025-04-30 03:29:14] Iteration: 461/1000, Temp: 0.0000, Energy: -82.791212+0.009439j
[2025-04-30 03:29:22] Iteration: 462/1000, Temp: 0.0000, Energy: -82.844915-0.004441j
[2025-04-30 03:29:31] Iteration: 463/1000, Temp: 0.0000, Energy: -82.858756+0.015750j
[2025-04-30 03:29:40] Iteration: 464/1000, Temp: 0.0000, Energy: -82.857720+0.013552j
[2025-04-30 03:29:48] Iteration: 465/1000, Temp: 0.0000, Energy: -82.856298+0.016753j
[2025-04-30 03:29:57] Iteration: 466/1000, Temp: 0.0000, Energy: -82.732628+0.002415j
[2025-04-30 03:30:06] Iteration: 467/1000, Temp: 0.0000, Energy: -82.957935-0.011325j
[2025-04-30 03:30:15] Iteration: 468/1000, Temp: 0.0000, Energy: -82.982620-0.004401j
[2025-04-30 03:30:23] Iteration: 469/1000, Temp: 0.0000, Energy: -82.912264-0.006734j
[2025-04-30 03:30:32] Iteration: 470/1000, Temp: 0.0000, Energy: -83.010341+0.007274j
[2025-04-30 03:30:41] Iteration: 471/1000, Temp: 0.0000, Energy: -82.976869-0.010205j
[2025-04-30 03:30:49] Iteration: 472/1000, Temp: 0.0000, Energy: -82.860472+0.012279j
[2025-04-30 03:30:58] Iteration: 473/1000, Temp: 0.0000, Energy: -82.868472+0.007643j
[2025-04-30 03:31:07] Iteration: 474/1000, Temp: 0.0000, Energy: -82.800341+0.018169j
[2025-04-30 03:31:16] Iteration: 475/1000, Temp: 0.0000, Energy: -82.760922-0.006697j
[2025-04-30 03:31:24] Iteration: 476/1000, Temp: 0.0000, Energy: -82.886638+0.014464j
[2025-04-30 03:31:33] Iteration: 477/1000, Temp: 0.0000, Energy: -82.621202-0.004973j
[2025-04-30 03:31:42] Iteration: 478/1000, Temp: 0.0000, Energy: -82.717978+0.014375j
[2025-04-30 03:31:50] Iteration: 479/1000, Temp: 0.0000, Energy: -82.772723+0.023638j
[2025-04-30 03:31:59] Iteration: 480/1000, Temp: 0.0000, Energy: -82.711326+0.029364j
[2025-04-30 03:32:08] Iteration: 481/1000, Temp: 0.0000, Energy: -82.807980+0.006948j
[2025-04-30 03:32:17] Iteration: 482/1000, Temp: 0.0000, Energy: -82.680820+0.018584j
[2025-04-30 03:32:25] Iteration: 483/1000, Temp: 0.0000, Energy: -82.674288+0.017118j
[2025-04-30 03:32:34] Iteration: 484/1000, Temp: 0.0000, Energy: -82.647875+0.011415j
[2025-04-30 03:32:43] Iteration: 485/1000, Temp: 0.0000, Energy: -82.637712+0.001134j
[2025-04-30 03:32:51] Iteration: 486/1000, Temp: 0.0000, Energy: -82.647675+0.005209j
[2025-04-30 03:33:00] Iteration: 487/1000, Temp: 0.0000, Energy: -82.562224+0.011055j
[2025-04-30 03:33:09] Iteration: 488/1000, Temp: 0.0000, Energy: -82.665749+0.012904j
[2025-04-30 03:33:18] Iteration: 489/1000, Temp: 0.0000, Energy: -82.817140-0.010103j
[2025-04-30 03:33:26] Iteration: 490/1000, Temp: 0.0000, Energy: -82.707123-0.010241j
[2025-04-30 03:33:35] Iteration: 491/1000, Temp: 0.0000, Energy: -82.690650+0.003832j
[2025-04-30 03:33:44] Iteration: 492/1000, Temp: 0.0000, Energy: -82.864664-0.009285j
[2025-04-30 03:33:52] Iteration: 493/1000, Temp: 0.0000, Energy: -82.857550+0.004649j
[2025-04-30 03:34:01] Iteration: 494/1000, Temp: 0.0000, Energy: -82.936721+0.003742j
[2025-04-30 03:34:10] Iteration: 495/1000, Temp: 0.0000, Energy: -82.855058-0.011741j
[2025-04-30 03:34:19] Iteration: 496/1000, Temp: 0.0000, Energy: -82.572251+0.005175j
[2025-04-30 03:34:27] Iteration: 497/1000, Temp: 0.0000, Energy: -82.878399+0.023915j
[2025-04-30 03:34:36] Iteration: 498/1000, Temp: 0.0000, Energy: -82.765371-0.002192j
[2025-04-30 03:34:45] Iteration: 499/1000, Temp: 0.0000, Energy: -82.792624+0.000565j
[2025-04-30 03:34:53] Iteration: 500/1000, Temp: 0.0000, Energy: -82.797864-0.029419j
[2025-04-30 03:35:02] Iteration: 501/1000, Temp: 0.0000, Energy: -82.939279-0.002658j
[2025-04-30 03:35:11] Iteration: 502/1000, Temp: 0.0000, Energy: -82.886011+0.006860j
[2025-04-30 03:35:19] Iteration: 503/1000, Temp: 0.0000, Energy: -82.886702-0.019331j
[2025-04-30 03:35:28] Iteration: 504/1000, Temp: 0.0000, Energy: -82.875412-0.011403j
[2025-04-30 03:35:37] Iteration: 505/1000, Temp: 0.0000, Energy: -82.971409-0.008722j
[2025-04-30 03:35:46] Iteration: 506/1000, Temp: 0.0000, Energy: -82.971060+0.021594j
[2025-04-30 03:35:54] Iteration: 507/1000, Temp: 0.0000, Energy: -82.913125+0.002086j
[2025-04-30 03:36:03] Iteration: 508/1000, Temp: 0.0000, Energy: -82.954725+0.022967j
[2025-04-30 03:36:12] Iteration: 509/1000, Temp: 0.0000, Energy: -82.694621+0.003577j
[2025-04-30 03:36:20] Iteration: 510/1000, Temp: 0.0000, Energy: -82.812715+0.008996j
[2025-04-30 03:36:29] Iteration: 511/1000, Temp: 0.0000, Energy: -82.718771+0.006509j
[2025-04-30 03:36:38] Iteration: 512/1000, Temp: 0.0000, Energy: -82.710858+0.000929j
[2025-04-30 03:36:46] Iteration: 513/1000, Temp: 0.0000, Energy: -82.655681-0.010438j
[2025-04-30 03:36:55] Iteration: 514/1000, Temp: 0.0000, Energy: -82.663839-0.013878j
[2025-04-30 03:37:04] Iteration: 515/1000, Temp: 0.0000, Energy: -82.683111-0.019736j
[2025-04-30 03:37:13] Iteration: 516/1000, Temp: 0.0000, Energy: -82.658358-0.013074j
[2025-04-30 03:37:21] Iteration: 517/1000, Temp: 0.0000, Energy: -82.605661-0.002596j
[2025-04-30 03:37:30] Iteration: 518/1000, Temp: 0.0000, Energy: -82.654437+0.034816j
[2025-04-30 03:37:39] Iteration: 519/1000, Temp: 0.0000, Energy: -82.790703+0.001705j
[2025-04-30 03:37:47] Iteration: 520/1000, Temp: 0.0000, Energy: -82.818878-0.011733j
[2025-04-30 03:37:56] Iteration: 521/1000, Temp: 0.0000, Energy: -82.686142-0.006585j
[2025-04-30 03:38:05] Iteration: 522/1000, Temp: 0.0000, Energy: -82.728303+0.012326j
[2025-04-30 03:38:14] Iteration: 523/1000, Temp: 0.0000, Energy: -82.853726+0.001743j
[2025-04-30 03:38:22] Iteration: 524/1000, Temp: 0.0000, Energy: -82.910375-0.003447j
[2025-04-30 03:38:31] Iteration: 525/1000, Temp: 0.0000, Energy: -82.804481+0.014289j
[2025-04-30 03:38:40] Iteration: 526/1000, Temp: 0.0000, Energy: -82.875369+0.004630j
[2025-04-30 03:38:49] Iteration: 527/1000, Temp: 0.0000, Energy: -82.789275-0.007926j
[2025-04-30 03:38:57] Iteration: 528/1000, Temp: 0.0000, Energy: -82.581455+0.004207j
[2025-04-30 03:39:06] Iteration: 529/1000, Temp: 0.0000, Energy: -82.806460-0.000474j
[2025-04-30 03:39:15] Iteration: 530/1000, Temp: 0.0000, Energy: -82.612037-0.013707j
[2025-04-30 03:39:23] Iteration: 531/1000, Temp: 0.0000, Energy: -82.731862+0.004569j
[2025-04-30 03:39:32] Iteration: 532/1000, Temp: 0.0000, Energy: -82.792389-0.013932j
[2025-04-30 03:39:41] Iteration: 533/1000, Temp: 0.0000, Energy: -82.910452+0.006911j
[2025-04-30 03:39:49] Iteration: 534/1000, Temp: 0.0000, Energy: -82.868712+0.002952j
[2025-04-30 03:39:58] Iteration: 535/1000, Temp: 0.0000, Energy: -82.864956+0.019723j
[2025-04-30 03:40:07] Iteration: 536/1000, Temp: 0.0000, Energy: -82.943540-0.010157j
[2025-04-30 03:40:16] Iteration: 537/1000, Temp: 0.0000, Energy: -82.827243-0.011779j
[2025-04-30 03:40:24] Iteration: 538/1000, Temp: 0.0000, Energy: -82.946354-0.000342j
[2025-04-30 03:40:33] Iteration: 539/1000, Temp: 0.0000, Energy: -82.798344+0.006809j
[2025-04-30 03:40:42] Iteration: 540/1000, Temp: 0.0000, Energy: -82.819838-0.013586j
[2025-04-30 03:40:50] Iteration: 541/1000, Temp: 0.0000, Energy: -82.883833+0.000782j
[2025-04-30 03:40:59] Iteration: 542/1000, Temp: 0.0000, Energy: -82.906868-0.015155j
[2025-04-30 03:41:08] Iteration: 543/1000, Temp: 0.0000, Energy: -82.753775-0.015819j
[2025-04-30 03:41:16] Iteration: 544/1000, Temp: 0.0000, Energy: -82.868205+0.011605j
[2025-04-30 03:41:25] Iteration: 545/1000, Temp: 0.0000, Energy: -82.858583+0.000646j
[2025-04-30 03:41:34] Iteration: 546/1000, Temp: 0.0000, Energy: -83.034500+0.002908j
[2025-04-30 03:41:43] Iteration: 547/1000, Temp: 0.0000, Energy: -82.918353-0.002602j
[2025-04-30 03:41:51] Iteration: 548/1000, Temp: 0.0000, Energy: -82.914409-0.014304j
[2025-04-30 03:42:00] Iteration: 549/1000, Temp: 0.0000, Energy: -82.966911+0.019930j
[2025-04-30 03:42:09] Iteration: 550/1000, Temp: 0.0000, Energy: -82.909405+0.009088j
[2025-04-30 03:42:17] Iteration: 551/1000, Temp: 0.0000, Energy: -83.029469+0.003669j
[2025-04-30 03:42:26] Iteration: 552/1000, Temp: 0.0000, Energy: -83.076477-0.019430j
[2025-04-30 03:42:35] Iteration: 553/1000, Temp: 0.0000, Energy: -82.986153+0.002494j
[2025-04-30 03:42:44] Iteration: 554/1000, Temp: 0.0000, Energy: -82.949042-0.010422j
[2025-04-30 03:42:52] Iteration: 555/1000, Temp: 0.0000, Energy: -82.939497-0.022310j
[2025-04-30 03:43:01] Iteration: 556/1000, Temp: 0.0000, Energy: -82.977991+0.002882j
[2025-04-30 03:43:10] Iteration: 557/1000, Temp: 0.0000, Energy: -82.940340+0.015679j
[2025-04-30 03:43:19] Iteration: 558/1000, Temp: 0.0000, Energy: -83.106328+0.011209j
[2025-04-30 03:43:27] Iteration: 559/1000, Temp: 0.0000, Energy: -83.190766-0.001390j
[2025-04-30 03:43:36] Iteration: 560/1000, Temp: 0.0000, Energy: -82.906971-0.002538j
[2025-04-30 03:43:45] Iteration: 561/1000, Temp: 0.0000, Energy: -82.974542+0.016611j
[2025-04-30 03:43:53] Iteration: 562/1000, Temp: 0.0000, Energy: -82.765710+0.005143j
[2025-04-30 03:44:02] Iteration: 563/1000, Temp: 0.0000, Energy: -82.870209+0.015700j
[2025-04-30 03:44:11] Iteration: 564/1000, Temp: 0.0000, Energy: -82.852122-0.001307j
[2025-04-30 03:44:19] Iteration: 565/1000, Temp: 0.0000, Energy: -82.836226-0.003550j
[2025-04-30 03:44:28] Iteration: 566/1000, Temp: 0.0000, Energy: -82.627744-0.013261j
[2025-04-30 03:44:37] Iteration: 567/1000, Temp: 0.0000, Energy: -82.721574+0.006394j
[2025-04-30 03:44:45] Iteration: 568/1000, Temp: 0.0000, Energy: -82.705611-0.019777j
[2025-04-30 03:44:54] Iteration: 569/1000, Temp: 0.0000, Energy: -82.776151+0.005745j
[2025-04-30 03:45:03] Iteration: 570/1000, Temp: 0.0000, Energy: -82.813431-0.009494j
[2025-04-30 03:45:12] Iteration: 571/1000, Temp: 0.0000, Energy: -82.837427+0.008432j
[2025-04-30 03:45:20] Iteration: 572/1000, Temp: 0.0000, Energy: -82.927227+0.006701j
[2025-04-30 03:45:29] Iteration: 573/1000, Temp: 0.0000, Energy: -82.899852+0.000712j
[2025-04-30 03:45:38] Iteration: 574/1000, Temp: 0.0000, Energy: -83.048550+0.000281j
[2025-04-30 03:45:46] Iteration: 575/1000, Temp: 0.0000, Energy: -83.003153+0.001163j
[2025-04-30 03:45:55] Iteration: 576/1000, Temp: 0.0000, Energy: -82.747892+0.005443j
[2025-04-30 03:46:04] Iteration: 577/1000, Temp: 0.0000, Energy: -82.715220+0.003912j
[2025-04-30 03:46:13] Iteration: 578/1000, Temp: 0.0000, Energy: -82.651443-0.009976j
[2025-04-30 03:46:21] Iteration: 579/1000, Temp: 0.0000, Energy: -82.881988-0.015779j
[2025-04-30 03:46:30] Iteration: 580/1000, Temp: 0.0000, Energy: -82.617188+0.006425j
[2025-04-30 03:46:39] Iteration: 581/1000, Temp: 0.0000, Energy: -82.690452+0.000948j
[2025-04-30 03:46:47] Iteration: 582/1000, Temp: 0.0000, Energy: -82.771859+0.015075j
[2025-04-30 03:46:56] Iteration: 583/1000, Temp: 0.0000, Energy: -82.615846-0.007642j
[2025-04-30 03:47:05] Iteration: 584/1000, Temp: 0.0000, Energy: -82.678740+0.001946j
[2025-04-30 03:47:13] Iteration: 585/1000, Temp: 0.0000, Energy: -82.662980+0.011582j
[2025-04-30 03:47:22] Iteration: 586/1000, Temp: 0.0000, Energy: -82.925000-0.007964j
[2025-04-30 03:47:31] Iteration: 587/1000, Temp: 0.0000, Energy: -83.036315+0.029115j
[2025-04-30 03:47:40] Iteration: 588/1000, Temp: 0.0000, Energy: -82.919545+0.018743j
[2025-04-30 03:47:48] Iteration: 589/1000, Temp: 0.0000, Energy: -82.889772-0.010129j
[2025-04-30 03:47:57] Iteration: 590/1000, Temp: 0.0000, Energy: -82.872273+0.008037j
[2025-04-30 03:48:06] Iteration: 591/1000, Temp: 0.0000, Energy: -82.839125-0.000681j
[2025-04-30 03:48:14] Iteration: 592/1000, Temp: 0.0000, Energy: -83.008125+0.013673j
[2025-04-30 03:48:23] Iteration: 593/1000, Temp: 0.0000, Energy: -82.789916+0.011648j
[2025-04-30 03:48:32] Iteration: 594/1000, Temp: 0.0000, Energy: -82.795228+0.004312j
[2025-04-30 03:48:40] Iteration: 595/1000, Temp: 0.0000, Energy: -82.788582-0.002761j
[2025-04-30 03:48:49] Iteration: 596/1000, Temp: 0.0000, Energy: -82.941293+0.020639j
[2025-04-30 03:48:58] Iteration: 597/1000, Temp: 0.0000, Energy: -82.807159-0.015352j
[2025-04-30 03:49:06] Iteration: 598/1000, Temp: 0.0000, Energy: -82.919440-0.009747j
[2025-04-30 03:49:15] Iteration: 599/1000, Temp: 0.0000, Energy: -83.027892+0.004212j
[2025-04-30 03:49:24] Iteration: 600/1000, Temp: 0.0000, Energy: -82.917422-0.018803j
[2025-04-30 03:49:32] Iteration: 601/1000, Temp: 0.0000, Energy: -82.810010-0.004490j
[2025-04-30 03:49:41] Iteration: 602/1000, Temp: 0.0000, Energy: -82.741447+0.003804j
[2025-04-30 03:49:50] Iteration: 603/1000, Temp: 0.0000, Energy: -82.732169-0.013404j
[2025-04-30 03:49:58] Iteration: 604/1000, Temp: 0.0000, Energy: -82.803564-0.002178j
[2025-04-30 03:50:07] Iteration: 605/1000, Temp: 0.0000, Energy: -82.844810-0.000372j
[2025-04-30 03:50:16] Iteration: 606/1000, Temp: 0.0000, Energy: -82.710914+0.005736j
[2025-04-30 03:50:25] Iteration: 607/1000, Temp: 0.0000, Energy: -82.848079+0.002035j
[2025-04-30 03:50:33] Iteration: 608/1000, Temp: 0.0000, Energy: -82.751051-0.002510j
[2025-04-30 03:50:42] Iteration: 609/1000, Temp: 0.0000, Energy: -82.698298-0.005090j
[2025-04-30 03:50:51] Iteration: 610/1000, Temp: 0.0000, Energy: -82.818324+0.016411j
[2025-04-30 03:50:59] Iteration: 611/1000, Temp: 0.0000, Energy: -82.821286-0.007800j
[2025-04-30 03:51:08] Iteration: 612/1000, Temp: 0.0000, Energy: -82.688944-0.013756j
[2025-04-30 03:51:17] Iteration: 613/1000, Temp: 0.0000, Energy: -82.705773-0.009220j
[2025-04-30 03:51:25] Iteration: 614/1000, Temp: 0.0000, Energy: -82.701278-0.005184j
[2025-04-30 03:51:34] Iteration: 615/1000, Temp: 0.0000, Energy: -82.889977+0.003429j
[2025-04-30 03:51:43] Iteration: 616/1000, Temp: 0.0000, Energy: -82.877894-0.014126j
[2025-04-30 03:51:51] Iteration: 617/1000, Temp: 0.0000, Energy: -82.814909-0.014410j
[2025-04-30 03:52:00] Iteration: 618/1000, Temp: 0.0000, Energy: -82.947602-0.016947j
[2025-04-30 03:52:09] Iteration: 619/1000, Temp: 0.0000, Energy: -82.737045-0.010439j
[2025-04-30 03:52:17] Iteration: 620/1000, Temp: 0.0000, Energy: -82.758998-0.001797j
[2025-04-30 03:52:26] Iteration: 621/1000, Temp: 0.0000, Energy: -82.846296-0.012321j
[2025-04-30 03:52:35] Iteration: 622/1000, Temp: 0.0000, Energy: -82.965003-0.000049j
[2025-04-30 03:52:44] Iteration: 623/1000, Temp: 0.0000, Energy: -82.981879+0.007142j
[2025-04-30 03:52:52] Iteration: 624/1000, Temp: 0.0000, Energy: -82.843194-0.013127j
[2025-04-30 03:53:01] Iteration: 625/1000, Temp: 0.0000, Energy: -82.886105+0.001240j
[2025-04-30 03:53:09] Iteration: 626/1000, Temp: 0.0000, Energy: -82.986991-0.012972j
[2025-04-30 03:53:18] Iteration: 627/1000, Temp: 0.0000, Energy: -82.944103-0.021022j
[2025-04-30 03:53:27] Iteration: 628/1000, Temp: 0.0000, Energy: -83.032815-0.004218j
[2025-04-30 03:53:36] Iteration: 629/1000, Temp: 0.0000, Energy: -82.783997+0.000290j
[2025-04-30 03:53:44] Iteration: 630/1000, Temp: 0.0000, Energy: -82.776226-0.004828j
[2025-04-30 03:53:53] Iteration: 631/1000, Temp: 0.0000, Energy: -82.861859-0.008751j
[2025-04-30 03:54:02] Iteration: 632/1000, Temp: 0.0000, Energy: -82.719026+0.013381j
[2025-04-30 03:54:10] Iteration: 633/1000, Temp: 0.0000, Energy: -82.831310+0.015115j
[2025-04-30 03:54:19] Iteration: 634/1000, Temp: 0.0000, Energy: -83.066466+0.001280j
[2025-04-30 03:54:28] Iteration: 635/1000, Temp: 0.0000, Energy: -82.903935-0.001608j
[2025-04-30 03:54:36] Iteration: 636/1000, Temp: 0.0000, Energy: -82.893077+0.005954j
[2025-04-30 03:54:45] Iteration: 637/1000, Temp: 0.0000, Energy: -82.710657+0.016144j
[2025-04-30 03:54:54] Iteration: 638/1000, Temp: 0.0000, Energy: -82.705338+0.005382j
[2025-04-30 03:55:03] Iteration: 639/1000, Temp: 0.0000, Energy: -82.769380-0.001993j
[2025-04-30 03:55:11] Iteration: 640/1000, Temp: 0.0000, Energy: -82.777086+0.011607j
[2025-04-30 03:55:20] Iteration: 641/1000, Temp: 0.0000, Energy: -82.719628+0.007534j
[2025-04-30 03:55:29] Iteration: 642/1000, Temp: 0.0000, Energy: -82.913134-0.003106j
[2025-04-30 03:55:37] Iteration: 643/1000, Temp: 0.0000, Energy: -82.894785+0.004375j
[2025-04-30 03:55:46] Iteration: 644/1000, Temp: 0.0000, Energy: -82.888598+0.013372j
[2025-04-30 03:55:55] Iteration: 645/1000, Temp: 0.0000, Energy: -82.949486+0.003599j
[2025-04-30 03:56:03] Iteration: 646/1000, Temp: 0.0000, Energy: -82.928939-0.003292j
[2025-04-30 03:56:12] Iteration: 647/1000, Temp: 0.0000, Energy: -82.991587+0.004106j
[2025-04-30 03:56:21] Iteration: 648/1000, Temp: 0.0000, Energy: -82.811306-0.014601j
[2025-04-30 03:56:29] Iteration: 649/1000, Temp: 0.0000, Energy: -82.912555+0.008848j
[2025-04-30 03:56:38] Iteration: 650/1000, Temp: 0.0000, Energy: -82.669032-0.001306j
[2025-04-30 03:56:47] Iteration: 651/1000, Temp: 0.0000, Energy: -82.689305+0.014127j
[2025-04-30 03:56:56] Iteration: 652/1000, Temp: 0.0000, Energy: -82.937271+0.006630j
[2025-04-30 03:57:04] Iteration: 653/1000, Temp: 0.0000, Energy: -82.780401+0.006173j
[2025-04-30 03:57:13] Iteration: 654/1000, Temp: 0.0000, Energy: -82.502121+0.009214j
[2025-04-30 03:57:22] Iteration: 655/1000, Temp: 0.0000, Energy: -82.679338-0.014424j
[2025-04-30 03:57:30] Iteration: 656/1000, Temp: 0.0000, Energy: -82.840806+0.001239j
[2025-04-30 03:57:39] Iteration: 657/1000, Temp: 0.0000, Energy: -82.708875+0.004751j
[2025-04-30 03:57:48] Iteration: 658/1000, Temp: 0.0000, Energy: -82.905274+0.002809j
[2025-04-30 03:57:56] Iteration: 659/1000, Temp: 0.0000, Energy: -82.793684+0.009612j
[2025-04-30 03:58:05] Iteration: 660/1000, Temp: 0.0000, Energy: -82.782097+0.013782j
[2025-04-30 03:58:14] Iteration: 661/1000, Temp: 0.0000, Energy: -82.829943+0.006096j
[2025-04-30 03:58:22] Iteration: 662/1000, Temp: 0.0000, Energy: -82.739496+0.002754j
[2025-04-30 03:58:31] Iteration: 663/1000, Temp: 0.0000, Energy: -82.786532+0.001992j
[2025-04-30 03:58:40] Iteration: 664/1000, Temp: 0.0000, Energy: -82.712044+0.000122j
[2025-04-30 03:58:48] Iteration: 665/1000, Temp: 0.0000, Energy: -82.723619+0.008230j
[2025-04-30 03:58:57] Iteration: 666/1000, Temp: 0.0000, Energy: -82.845518-0.007764j
[2025-04-30 03:59:06] Iteration: 667/1000, Temp: 0.0000, Energy: -82.847317-0.007414j
[2025-04-30 03:59:14] Iteration: 668/1000, Temp: 0.0000, Energy: -82.762435-0.000623j
[2025-04-30 03:59:23] Iteration: 669/1000, Temp: 0.0000, Energy: -82.678549-0.005797j
[2025-04-30 03:59:32] Iteration: 670/1000, Temp: 0.0000, Energy: -82.844802+0.001212j
[2025-04-30 03:59:40] Iteration: 671/1000, Temp: 0.0000, Energy: -82.814856+0.002182j
[2025-04-30 03:59:49] Iteration: 672/1000, Temp: 0.0000, Energy: -82.787015+0.006270j
[2025-04-30 03:59:58] Iteration: 673/1000, Temp: 0.0000, Energy: -82.816157-0.007122j
[2025-04-30 04:00:07] Iteration: 674/1000, Temp: 0.0000, Energy: -82.679329+0.004200j
[2025-04-30 04:00:15] Iteration: 675/1000, Temp: 0.0000, Energy: -82.974219-0.006470j
[2025-04-30 04:00:24] Iteration: 676/1000, Temp: 0.0000, Energy: -82.949659+0.002682j
[2025-04-30 04:00:33] Iteration: 677/1000, Temp: 0.0000, Energy: -82.873750-0.004247j
[2025-04-30 04:00:41] Iteration: 678/1000, Temp: 0.0000, Energy: -82.838057-0.008471j
[2025-04-30 04:00:50] Iteration: 679/1000, Temp: 0.0000, Energy: -82.765862+0.001309j
[2025-04-30 04:00:59] Iteration: 680/1000, Temp: 0.0000, Energy: -82.912846-0.010302j
[2025-04-30 04:01:07] Iteration: 681/1000, Temp: 0.0000, Energy: -82.673006-0.003333j
[2025-04-30 04:01:16] Iteration: 682/1000, Temp: 0.0000, Energy: -82.882097-0.020570j
[2025-04-30 04:01:25] Iteration: 683/1000, Temp: 0.0000, Energy: -82.804676+0.003012j
[2025-04-30 04:01:34] Iteration: 684/1000, Temp: 0.0000, Energy: -82.729718+0.010292j
[2025-04-30 04:01:42] Iteration: 685/1000, Temp: 0.0000, Energy: -82.749000+0.014173j
[2025-04-30 04:01:51] Iteration: 686/1000, Temp: 0.0000, Energy: -82.823682+0.009443j
[2025-04-30 04:02:00] Iteration: 687/1000, Temp: 0.0000, Energy: -82.796294+0.005381j
[2025-04-30 04:02:08] Iteration: 688/1000, Temp: 0.0000, Energy: -82.936131+0.005667j
[2025-04-30 04:02:17] Iteration: 689/1000, Temp: 0.0000, Energy: -83.084070+0.006587j
[2025-04-30 04:02:26] Iteration: 690/1000, Temp: 0.0000, Energy: -82.996550+0.005616j
[2025-04-30 04:02:34] Iteration: 691/1000, Temp: 0.0000, Energy: -83.019181+0.008695j
[2025-04-30 04:02:43] Iteration: 692/1000, Temp: 0.0000, Energy: -83.040679+0.005438j
[2025-04-30 04:02:52] Iteration: 693/1000, Temp: 0.0000, Energy: -82.949918-0.000206j
[2025-04-30 04:03:00] Iteration: 694/1000, Temp: 0.0000, Energy: -83.095203-0.013793j
[2025-04-30 04:03:09] Iteration: 695/1000, Temp: 0.0000, Energy: -82.996131-0.003841j
[2025-04-30 04:03:18] Iteration: 696/1000, Temp: 0.0000, Energy: -82.811230-0.004961j
[2025-04-30 04:03:27] Iteration: 697/1000, Temp: 0.0000, Energy: -82.809893+0.001705j
[2025-04-30 04:03:35] Iteration: 698/1000, Temp: 0.0000, Energy: -82.838911-0.002836j
[2025-04-30 04:03:44] Iteration: 699/1000, Temp: 0.0000, Energy: -83.016718-0.009420j
[2025-04-30 04:03:53] Iteration: 700/1000, Temp: 0.0000, Energy: -82.986543-0.000525j
[2025-04-30 04:04:01] Iteration: 701/1000, Temp: 0.0000, Energy: -83.185463-0.002358j
[2025-04-30 04:04:10] Iteration: 702/1000, Temp: 0.0000, Energy: -83.112079+0.005072j
[2025-04-30 04:04:19] Iteration: 703/1000, Temp: 0.0000, Energy: -82.848705-0.001836j
[2025-04-30 04:04:27] Iteration: 704/1000, Temp: 0.0000, Energy: -82.762392+0.004470j
[2025-04-30 04:04:36] Iteration: 705/1000, Temp: 0.0000, Energy: -82.796541-0.001635j
[2025-04-30 04:04:45] Iteration: 706/1000, Temp: 0.0000, Energy: -82.789492+0.000234j
[2025-04-30 04:04:54] Iteration: 707/1000, Temp: 0.0000, Energy: -82.734133-0.006309j
[2025-04-30 04:05:02] Iteration: 708/1000, Temp: 0.0000, Energy: -82.802204+0.009586j
[2025-04-30 04:05:11] Iteration: 709/1000, Temp: 0.0000, Energy: -82.872250-0.004011j
[2025-04-30 04:05:20] Iteration: 710/1000, Temp: 0.0000, Energy: -82.799524-0.000064j
[2025-04-30 04:05:28] Iteration: 711/1000, Temp: 0.0000, Energy: -82.934342-0.003918j
[2025-04-30 04:05:37] Iteration: 712/1000, Temp: 0.0000, Energy: -82.948592-0.001025j
[2025-04-30 04:05:46] Iteration: 713/1000, Temp: 0.0000, Energy: -82.892131-0.005500j
[2025-04-30 04:05:54] Iteration: 714/1000, Temp: 0.0000, Energy: -83.092191+0.001610j
[2025-04-30 04:06:03] Iteration: 715/1000, Temp: 0.0000, Energy: -82.789385+0.001477j
[2025-04-30 04:06:12] Iteration: 716/1000, Temp: 0.0000, Energy: -82.812415-0.002053j
[2025-04-30 04:06:20] Iteration: 717/1000, Temp: 0.0000, Energy: -82.630005+0.015160j
[2025-04-30 04:06:29] Iteration: 718/1000, Temp: 0.0000, Energy: -82.932306-0.008782j
[2025-04-30 04:06:38] Iteration: 719/1000, Temp: 0.0000, Energy: -82.837284+0.010552j
[2025-04-30 04:06:47] Iteration: 720/1000, Temp: 0.0000, Energy: -82.894821+0.032558j
[2025-04-30 04:06:55] Iteration: 721/1000, Temp: 0.0000, Energy: -82.783845-0.000210j
[2025-04-30 04:07:04] Iteration: 722/1000, Temp: 0.0000, Energy: -82.836673+0.004889j
[2025-04-30 04:07:13] Iteration: 723/1000, Temp: 0.0000, Energy: -82.921921-0.007145j
[2025-04-30 04:07:21] Iteration: 724/1000, Temp: 0.0000, Energy: -82.899640-0.004908j
[2025-04-30 04:07:30] Iteration: 725/1000, Temp: 0.0000, Energy: -82.965017-0.008487j
[2025-04-30 04:07:39] Iteration: 726/1000, Temp: 0.0000, Energy: -82.693851+0.009405j
[2025-04-30 04:07:47] Iteration: 727/1000, Temp: 0.0000, Energy: -82.801913+0.000414j
[2025-04-30 04:07:56] Iteration: 728/1000, Temp: 0.0000, Energy: -82.823049-0.001769j
[2025-04-30 04:08:05] Iteration: 729/1000, Temp: 0.0000, Energy: -82.912724+0.010883j
[2025-04-30 04:08:13] Iteration: 730/1000, Temp: 0.0000, Energy: -82.934504+0.001406j
[2025-04-30 04:08:22] Iteration: 731/1000, Temp: 0.0000, Energy: -82.814695-0.002273j
[2025-04-30 04:08:31] Iteration: 732/1000, Temp: 0.0000, Energy: -82.984871+0.000814j
[2025-04-30 04:08:40] Iteration: 733/1000, Temp: 0.0000, Energy: -82.806551-0.002598j
[2025-04-30 04:08:48] Iteration: 734/1000, Temp: 0.0000, Energy: -82.960010-0.000844j
[2025-04-30 04:08:57] Iteration: 735/1000, Temp: 0.0000, Energy: -83.032378+0.006061j
[2025-04-30 04:09:06] Iteration: 736/1000, Temp: 0.0000, Energy: -82.953788+0.003235j
[2025-04-30 04:09:14] Iteration: 737/1000, Temp: 0.0000, Energy: -82.866145+0.004170j
[2025-04-30 04:09:23] Iteration: 738/1000, Temp: 0.0000, Energy: -83.151495-0.001083j
[2025-04-30 04:09:32] Iteration: 739/1000, Temp: 0.0000, Energy: -83.001533+0.004309j
[2025-04-30 04:09:41] Iteration: 740/1000, Temp: 0.0000, Energy: -82.893848+0.004891j
[2025-04-30 04:09:49] Iteration: 741/1000, Temp: 0.0000, Energy: -82.780544+0.006460j
[2025-04-30 04:09:58] Iteration: 742/1000, Temp: 0.0000, Energy: -82.799616-0.008624j
[2025-04-30 04:10:07] Iteration: 743/1000, Temp: 0.0000, Energy: -82.565978-0.011928j
[2025-04-30 04:10:15] Iteration: 744/1000, Temp: 0.0000, Energy: -82.791369-0.008700j
[2025-04-30 04:10:24] Iteration: 745/1000, Temp: 0.0000, Energy: -82.701275+0.004115j
[2025-04-30 04:10:33] Iteration: 746/1000, Temp: 0.0000, Energy: -82.783344-0.013951j
[2025-04-30 04:10:41] Iteration: 747/1000, Temp: 0.0000, Energy: -82.842311-0.008237j
[2025-04-30 04:10:50] Iteration: 748/1000, Temp: 0.0000, Energy: -82.885034+0.007624j
[2025-04-30 04:10:59] Iteration: 749/1000, Temp: 0.0000, Energy: -82.864854+0.001388j
[2025-04-30 04:11:08] Iteration: 750/1000, Temp: 0.0000, Energy: -83.002884+0.003868j
[2025-04-30 04:11:16] Iteration: 751/1000, Temp: 0.0000, Energy: -83.054533-0.013753j
[2025-04-30 04:11:25] Iteration: 752/1000, Temp: 0.0000, Energy: -82.900874-0.009049j
[2025-04-30 04:11:34] Iteration: 753/1000, Temp: 0.0000, Energy: -82.826561+0.002038j
[2025-04-30 04:11:42] Iteration: 754/1000, Temp: 0.0000, Energy: -82.814613-0.009059j
[2025-04-30 04:11:51] Iteration: 755/1000, Temp: 0.0000, Energy: -82.930874+0.003718j
[2025-04-30 04:12:00] Iteration: 756/1000, Temp: 0.0000, Energy: -83.123317-0.000810j
[2025-04-30 04:12:08] Iteration: 757/1000, Temp: 0.0000, Energy: -82.865255-0.001347j
[2025-04-30 04:12:17] Iteration: 758/1000, Temp: 0.0000, Energy: -82.885498-0.010185j
[2025-04-30 04:12:26] Iteration: 759/1000, Temp: 0.0000, Energy: -82.956255-0.006935j
[2025-04-30 04:12:34] Iteration: 760/1000, Temp: 0.0000, Energy: -83.009631-0.001636j
[2025-04-30 04:12:43] Iteration: 761/1000, Temp: 0.0000, Energy: -83.143362-0.004870j
[2025-04-30 04:12:52] Iteration: 762/1000, Temp: 0.0000, Energy: -83.055655+0.005029j
[2025-04-30 04:13:00] Iteration: 763/1000, Temp: 0.0000, Energy: -83.070781-0.001045j
[2025-04-30 04:13:09] Iteration: 764/1000, Temp: 0.0000, Energy: -82.948781-0.004260j
[2025-04-30 04:13:18] Iteration: 765/1000, Temp: 0.0000, Energy: -82.943390-0.010024j
[2025-04-30 04:13:27] Iteration: 766/1000, Temp: 0.0000, Energy: -83.038689+0.012051j
[2025-04-30 04:13:35] Iteration: 767/1000, Temp: 0.0000, Energy: -83.048495+0.008139j
[2025-04-30 04:13:44] Iteration: 768/1000, Temp: 0.0000, Energy: -83.096791+0.009311j
[2025-04-30 04:13:53] Iteration: 769/1000, Temp: 0.0000, Energy: -82.919847+0.004168j
[2025-04-30 04:14:01] Iteration: 770/1000, Temp: 0.0000, Energy: -82.822038+0.003515j
[2025-04-30 04:14:10] Iteration: 771/1000, Temp: 0.0000, Energy: -82.731969+0.009264j
[2025-04-30 04:14:19] Iteration: 772/1000, Temp: 0.0000, Energy: -82.734188-0.002468j
[2025-04-30 04:14:27] Iteration: 773/1000, Temp: 0.0000, Energy: -82.860205-0.000337j
[2025-04-30 04:14:36] Iteration: 774/1000, Temp: 0.0000, Energy: -82.919765+0.006104j
[2025-04-30 04:14:45] Iteration: 775/1000, Temp: 0.0000, Energy: -82.933545+0.002619j
[2025-04-30 04:14:54] Iteration: 776/1000, Temp: 0.0000, Energy: -82.911501-0.008800j
[2025-04-30 04:15:02] Iteration: 777/1000, Temp: 0.0000, Energy: -82.909203-0.009960j
[2025-04-30 04:15:11] Iteration: 778/1000, Temp: 0.0000, Energy: -82.909561+0.000395j
[2025-04-30 04:15:20] Iteration: 779/1000, Temp: 0.0000, Energy: -82.801794+0.000624j
[2025-04-30 04:15:28] Iteration: 780/1000, Temp: 0.0000, Energy: -82.910941-0.010239j
[2025-04-30 04:15:37] Iteration: 781/1000, Temp: 0.0000, Energy: -82.832361-0.006218j
[2025-04-30 04:15:46] Iteration: 782/1000, Temp: 0.0000, Energy: -82.743982-0.009586j
[2025-04-30 04:15:55] Iteration: 783/1000, Temp: 0.0000, Energy: -82.924226-0.016366j
[2025-04-30 04:16:03] Iteration: 784/1000, Temp: 0.0000, Energy: -82.952760+0.007823j
[2025-04-30 04:16:12] Iteration: 785/1000, Temp: 0.0000, Energy: -83.068935+0.002454j
[2025-04-30 04:16:21] Iteration: 786/1000, Temp: 0.0000, Energy: -82.954798-0.007916j
[2025-04-30 04:16:29] Iteration: 787/1000, Temp: 0.0000, Energy: -83.065038+0.001689j
[2025-04-30 04:16:38] Iteration: 788/1000, Temp: 0.0000, Energy: -83.004724-0.001404j
[2025-04-30 04:16:47] Iteration: 789/1000, Temp: 0.0000, Energy: -82.968454-0.007530j
[2025-04-30 04:16:55] Iteration: 790/1000, Temp: 0.0000, Energy: -82.902196+0.000166j
[2025-04-30 04:17:04] Iteration: 791/1000, Temp: 0.0000, Energy: -82.784199+0.007912j
[2025-04-30 04:17:13] Iteration: 792/1000, Temp: 0.0000, Energy: -82.794708-0.007322j
[2025-04-30 04:17:22] Iteration: 793/1000, Temp: 0.0000, Energy: -82.883509-0.003854j
[2025-04-30 04:17:30] Iteration: 794/1000, Temp: 0.0000, Energy: -82.969534-0.006029j
[2025-04-30 04:17:39] Iteration: 795/1000, Temp: 0.0000, Energy: -82.916810-0.011599j
[2025-04-30 04:17:48] Iteration: 796/1000, Temp: 0.0000, Energy: -82.889428+0.002061j
[2025-04-30 04:17:56] Iteration: 797/1000, Temp: 0.0000, Energy: -82.961970-0.003343j
[2025-04-30 04:18:05] Iteration: 798/1000, Temp: 0.0000, Energy: -82.850837-0.009886j
[2025-04-30 04:18:14] Iteration: 799/1000, Temp: 0.0000, Energy: -82.856619+0.001288j
[2025-04-30 04:18:22] Iteration: 800/1000, Temp: 0.0000, Energy: -82.882141-0.004792j
[2025-04-30 04:18:31] Iteration: 801/1000, Temp: 0.0000, Energy: -82.941483+0.002037j
[2025-04-30 04:18:40] Iteration: 802/1000, Temp: 0.0000, Energy: -82.859543+0.002973j
[2025-04-30 04:18:48] Iteration: 803/1000, Temp: 0.0000, Energy: -82.708643+0.019943j
[2025-04-30 04:18:57] Iteration: 804/1000, Temp: 0.0000, Energy: -82.709641+0.014882j
[2025-04-30 04:19:06] Iteration: 805/1000, Temp: 0.0000, Energy: -82.909314+0.007816j
[2025-04-30 04:19:14] Iteration: 806/1000, Temp: 0.0000, Energy: -83.077668-0.008237j
[2025-04-30 04:19:23] Iteration: 807/1000, Temp: 0.0000, Energy: -83.082148+0.004572j
[2025-04-30 04:19:32] Iteration: 808/1000, Temp: 0.0000, Energy: -82.935462-0.002089j
[2025-04-30 04:19:41] Iteration: 809/1000, Temp: 0.0000, Energy: -82.860311-0.004857j
[2025-04-30 04:19:49] Iteration: 810/1000, Temp: 0.0000, Energy: -82.941193-0.000261j
[2025-04-30 04:19:58] Iteration: 811/1000, Temp: 0.0000, Energy: -82.834118+0.008428j
[2025-04-30 04:20:07] Iteration: 812/1000, Temp: 0.0000, Energy: -82.772839+0.001016j
[2025-04-30 04:20:15] Iteration: 813/1000, Temp: 0.0000, Energy: -82.859371+0.005261j
[2025-04-30 04:20:24] Iteration: 814/1000, Temp: 0.0000, Energy: -82.851077-0.008769j
[2025-04-30 04:20:33] Iteration: 815/1000, Temp: 0.0000, Energy: -82.870455+0.010497j
[2025-04-30 04:20:41] Iteration: 816/1000, Temp: 0.0000, Energy: -82.699268+0.014868j
[2025-04-30 04:20:50] Iteration: 817/1000, Temp: 0.0000, Energy: -82.881384-0.002394j
[2025-04-30 04:20:59] Iteration: 818/1000, Temp: 0.0000, Energy: -82.858558-0.003091j
[2025-04-30 04:21:08] Iteration: 819/1000, Temp: 0.0000, Energy: -82.846574-0.011421j
[2025-04-30 04:21:16] Iteration: 820/1000, Temp: 0.0000, Energy: -82.818791+0.008670j
[2025-04-30 04:21:25] Iteration: 821/1000, Temp: 0.0000, Energy: -82.895971+0.003580j
[2025-04-30 04:21:34] Iteration: 822/1000, Temp: 0.0000, Energy: -82.920752+0.011484j
[2025-04-30 04:21:42] Iteration: 823/1000, Temp: 0.0000, Energy: -83.045651-0.003191j
[2025-04-30 04:21:51] Iteration: 824/1000, Temp: 0.0000, Energy: -82.990636+0.008810j
[2025-04-30 04:22:00] Iteration: 825/1000, Temp: 0.0000, Energy: -83.063586+0.001306j
[2025-04-30 04:22:08] Iteration: 826/1000, Temp: 0.0000, Energy: -82.940281-0.007024j
[2025-04-30 04:22:17] Iteration: 827/1000, Temp: 0.0000, Energy: -82.838033-0.005346j
[2025-04-30 04:22:26] Iteration: 828/1000, Temp: 0.0000, Energy: -82.762364-0.010409j
[2025-04-30 04:22:34] Iteration: 829/1000, Temp: 0.0000, Energy: -82.804046-0.001761j
[2025-04-30 04:22:43] Iteration: 830/1000, Temp: 0.0000, Energy: -82.846919+0.001340j
[2025-04-30 04:22:52] Iteration: 831/1000, Temp: 0.0000, Energy: -82.908800+0.004229j
[2025-04-30 04:23:00] Iteration: 832/1000, Temp: 0.0000, Energy: -82.845160+0.003434j
[2025-04-30 04:23:09] Iteration: 833/1000, Temp: 0.0000, Energy: -82.832730-0.003645j
[2025-04-30 04:23:18] Iteration: 834/1000, Temp: 0.0000, Energy: -82.759885+0.006267j
[2025-04-30 04:23:26] Iteration: 835/1000, Temp: 0.0000, Energy: -82.801423-0.007850j
[2025-04-30 04:23:35] Iteration: 836/1000, Temp: 0.0000, Energy: -82.768880+0.005552j
[2025-04-30 04:23:44] Iteration: 837/1000, Temp: 0.0000, Energy: -82.856876-0.002461j
[2025-04-30 04:23:52] Iteration: 838/1000, Temp: 0.0000, Energy: -82.788790-0.001349j
[2025-04-30 04:24:01] Iteration: 839/1000, Temp: 0.0000, Energy: -82.904700+0.014746j
[2025-04-30 04:24:10] Iteration: 840/1000, Temp: 0.0000, Energy: -82.931237+0.006232j
[2025-04-30 04:24:19] Iteration: 841/1000, Temp: 0.0000, Energy: -82.884309-0.000678j
[2025-04-30 04:24:27] Iteration: 842/1000, Temp: 0.0000, Energy: -82.897326-0.006784j
[2025-04-30 04:24:36] Iteration: 843/1000, Temp: 0.0000, Energy: -82.830997+0.005265j
[2025-04-30 04:24:45] Iteration: 844/1000, Temp: 0.0000, Energy: -82.922771+0.008081j
[2025-04-30 04:24:53] Iteration: 845/1000, Temp: 0.0000, Energy: -82.907349-0.002326j
[2025-04-30 04:25:02] Iteration: 846/1000, Temp: 0.0000, Energy: -82.900060-0.011657j
[2025-04-30 04:25:11] Iteration: 847/1000, Temp: 0.0000, Energy: -83.021199+0.003271j
[2025-04-30 04:25:19] Iteration: 848/1000, Temp: 0.0000, Energy: -82.983251+0.004093j
[2025-04-30 04:25:28] Iteration: 849/1000, Temp: 0.0000, Energy: -82.882356+0.013800j
[2025-04-30 04:25:36] Iteration: 850/1000, Temp: 0.0000, Energy: -82.907988-0.015900j
[2025-04-30 04:25:45] Iteration: 851/1000, Temp: 0.0000, Energy: -82.869014+0.002703j
[2025-04-30 04:25:54] Iteration: 852/1000, Temp: 0.0000, Energy: -82.922974-0.003006j
[2025-04-30 04:26:02] Iteration: 853/1000, Temp: 0.0000, Energy: -82.858560+0.009647j
[2025-04-30 04:26:11] Iteration: 854/1000, Temp: 0.0000, Energy: -82.903732-0.008920j
[2025-04-30 04:26:19] Iteration: 855/1000, Temp: 0.0000, Energy: -82.925472+0.007764j
[2025-04-30 04:26:28] Iteration: 856/1000, Temp: 0.0000, Energy: -82.764075-0.010757j
[2025-04-30 04:26:37] Iteration: 857/1000, Temp: 0.0000, Energy: -82.820001+0.010177j
[2025-04-30 04:26:45] Iteration: 858/1000, Temp: 0.0000, Energy: -82.850981-0.001701j
[2025-04-30 04:26:54] Iteration: 859/1000, Temp: 0.0000, Energy: -82.954734-0.000642j
[2025-04-30 04:27:03] Iteration: 860/1000, Temp: 0.0000, Energy: -83.085312+0.004301j
[2025-04-30 04:27:12] Iteration: 861/1000, Temp: 0.0000, Energy: -82.793127-0.002805j
[2025-04-30 04:27:20] Iteration: 862/1000, Temp: 0.0000, Energy: -82.740394+0.003215j
[2025-04-30 04:27:29] Iteration: 863/1000, Temp: 0.0000, Energy: -82.980281+0.000333j
[2025-04-30 04:27:38] Iteration: 864/1000, Temp: 0.0000, Energy: -83.026239+0.007124j
[2025-04-30 04:27:46] Iteration: 865/1000, Temp: 0.0000, Energy: -82.892525-0.001876j
[2025-04-30 04:27:55] Iteration: 866/1000, Temp: 0.0000, Energy: -82.830294-0.000501j
[2025-04-30 04:28:04] Iteration: 867/1000, Temp: 0.0000, Energy: -82.791673-0.018526j
[2025-04-30 04:28:13] Iteration: 868/1000, Temp: 0.0000, Energy: -82.854730-0.003022j
[2025-04-30 04:28:21] Iteration: 869/1000, Temp: 0.0000, Energy: -83.056150-0.006866j
[2025-04-30 04:28:30] Iteration: 870/1000, Temp: 0.0000, Energy: -83.100550+0.004843j
[2025-04-30 04:28:39] Iteration: 871/1000, Temp: 0.0000, Energy: -82.837776+0.006455j
[2025-04-30 04:28:48] Iteration: 872/1000, Temp: 0.0000, Energy: -82.855789-0.001258j
[2025-04-30 04:28:56] Iteration: 873/1000, Temp: 0.0000, Energy: -82.916312+0.001216j
[2025-04-30 04:29:05] Iteration: 874/1000, Temp: 0.0000, Energy: -82.972541-0.000314j
[2025-04-30 04:29:14] Iteration: 875/1000, Temp: 0.0000, Energy: -82.779097+0.004557j
[2025-04-30 04:29:22] Iteration: 876/1000, Temp: 0.0000, Energy: -82.744196-0.016121j
[2025-04-30 04:29:31] Iteration: 877/1000, Temp: 0.0000, Energy: -82.919138-0.001032j
[2025-04-30 04:29:40] Iteration: 878/1000, Temp: 0.0000, Energy: -82.947593+0.002692j
[2025-04-30 04:29:48] Iteration: 879/1000, Temp: 0.0000, Energy: -82.833658-0.007731j
[2025-04-30 04:29:57] Iteration: 880/1000, Temp: 0.0000, Energy: -82.968870-0.009449j
[2025-04-30 04:30:06] Iteration: 881/1000, Temp: 0.0000, Energy: -82.961082+0.002807j
[2025-04-30 04:30:15] Iteration: 882/1000, Temp: 0.0000, Energy: -83.008111-0.016334j
[2025-04-30 04:30:23] Iteration: 883/1000, Temp: 0.0000, Energy: -82.930163-0.001197j
[2025-04-30 04:30:32] Iteration: 884/1000, Temp: 0.0000, Energy: -82.822419-0.002462j
[2025-04-30 04:30:41] Iteration: 885/1000, Temp: 0.0000, Energy: -82.852200+0.003744j
[2025-04-30 04:30:49] Iteration: 886/1000, Temp: 0.0000, Energy: -83.024616-0.009718j
[2025-04-30 04:30:58] Iteration: 887/1000, Temp: 0.0000, Energy: -83.059397-0.003823j
[2025-04-30 04:31:07] Iteration: 888/1000, Temp: 0.0000, Energy: -83.073900-0.006305j
[2025-04-30 04:31:16] Iteration: 889/1000, Temp: 0.0000, Energy: -83.053133+0.002549j
[2025-04-30 04:31:24] Iteration: 890/1000, Temp: 0.0000, Energy: -82.886376-0.004489j
[2025-04-30 04:31:33] Iteration: 891/1000, Temp: 0.0000, Energy: -82.994956+0.003027j
[2025-04-30 04:31:42] Iteration: 892/1000, Temp: 0.0000, Energy: -82.723521+0.001368j
[2025-04-30 04:31:50] Iteration: 893/1000, Temp: 0.0000, Energy: -82.855027-0.000607j
[2025-04-30 04:31:59] Iteration: 894/1000, Temp: 0.0000, Energy: -82.898414+0.018784j
[2025-04-30 04:32:08] Iteration: 895/1000, Temp: 0.0000, Energy: -82.839639+0.015957j
[2025-04-30 04:32:17] Iteration: 896/1000, Temp: 0.0000, Energy: -82.941444-0.000172j
[2025-04-30 04:32:25] Iteration: 897/1000, Temp: 0.0000, Energy: -82.990340+0.011134j
[2025-04-30 04:32:34] Iteration: 898/1000, Temp: 0.0000, Energy: -82.686156+0.009192j
[2025-04-30 04:32:43] Iteration: 899/1000, Temp: 0.0000, Energy: -82.682651+0.003755j
[2025-04-30 04:32:51] Iteration: 900/1000, Temp: 0.0000, Energy: -82.856774+0.003792j
[2025-04-30 04:33:00] Iteration: 901/1000, Temp: 0.0000, Energy: -82.795582+0.003113j
[2025-04-30 04:33:09] Iteration: 902/1000, Temp: 0.0000, Energy: -82.798559-0.008271j
[2025-04-30 04:33:17] Iteration: 903/1000, Temp: 0.0000, Energy: -82.826424-0.012389j
[2025-04-30 04:33:26] Iteration: 904/1000, Temp: 0.0000, Energy: -83.077848+0.000102j
[2025-04-30 04:33:35] Iteration: 905/1000, Temp: 0.0000, Energy: -83.037095+0.004786j
[2025-04-30 04:33:43] Iteration: 906/1000, Temp: 0.0000, Energy: -82.970224+0.007685j
[2025-04-30 04:33:52] Iteration: 907/1000, Temp: 0.0000, Energy: -82.965500+0.006799j
[2025-04-30 04:34:00] Iteration: 908/1000, Temp: 0.0000, Energy: -83.046078-0.005826j
[2025-04-30 04:34:09] Iteration: 909/1000, Temp: 0.0000, Energy: -83.041963+0.000142j
[2025-04-30 04:34:18] Iteration: 910/1000, Temp: 0.0000, Energy: -83.025009+0.006514j
[2025-04-30 04:34:26] Iteration: 911/1000, Temp: 0.0000, Energy: -82.987872+0.003730j
[2025-04-30 04:34:35] Iteration: 912/1000, Temp: 0.0000, Energy: -82.967594+0.004649j
[2025-04-30 04:34:44] Iteration: 913/1000, Temp: 0.0000, Energy: -82.940711+0.005114j
[2025-04-30 04:34:52] Iteration: 914/1000, Temp: 0.0000, Energy: -82.844818+0.000653j
[2025-04-30 04:35:01] Iteration: 915/1000, Temp: 0.0000, Energy: -82.902009+0.004384j
[2025-04-30 04:35:10] Iteration: 916/1000, Temp: 0.0000, Energy: -82.976059+0.001049j
[2025-04-30 04:35:18] Iteration: 917/1000, Temp: 0.0000, Energy: -82.891555+0.020016j
[2025-04-30 04:35:27] Iteration: 918/1000, Temp: 0.0000, Energy: -82.918971-0.000503j
[2025-04-30 04:35:36] Iteration: 919/1000, Temp: 0.0000, Energy: -82.766240+0.006012j
[2025-04-30 04:35:45] Iteration: 920/1000, Temp: 0.0000, Energy: -82.926955+0.005972j
[2025-04-30 04:35:53] Iteration: 921/1000, Temp: 0.0000, Energy: -82.978753+0.010722j
[2025-04-30 04:36:02] Iteration: 922/1000, Temp: 0.0000, Energy: -83.006892-0.001173j
[2025-04-30 04:36:11] Iteration: 923/1000, Temp: 0.0000, Energy: -82.802503-0.005930j
[2025-04-30 04:36:20] Iteration: 924/1000, Temp: 0.0000, Energy: -82.829002-0.013481j
[2025-04-30 04:36:28] Iteration: 925/1000, Temp: 0.0000, Energy: -82.818453-0.004313j
[2025-04-30 04:36:37] Iteration: 926/1000, Temp: 0.0000, Energy: -82.808594+0.003023j
[2025-04-30 04:36:46] Iteration: 927/1000, Temp: 0.0000, Energy: -82.924943+0.007548j
[2025-04-30 04:36:54] Iteration: 928/1000, Temp: 0.0000, Energy: -82.858120+0.002269j
[2025-04-30 04:37:03] Iteration: 929/1000, Temp: 0.0000, Energy: -82.708709-0.003641j
[2025-04-30 04:37:12] Iteration: 930/1000, Temp: 0.0000, Energy: -82.809565+0.008360j
[2025-04-30 04:37:20] Iteration: 931/1000, Temp: 0.0000, Energy: -82.881187+0.003912j
[2025-04-30 04:37:29] Iteration: 932/1000, Temp: 0.0000, Energy: -82.951859-0.001391j
[2025-04-30 04:37:38] Iteration: 933/1000, Temp: 0.0000, Energy: -82.928500+0.004992j
[2025-04-30 04:37:46] Iteration: 934/1000, Temp: 0.0000, Energy: -82.902790+0.007128j
[2025-04-30 04:37:55] Iteration: 935/1000, Temp: 0.0000, Energy: -82.896623+0.008638j
[2025-04-30 04:38:04] Iteration: 936/1000, Temp: 0.0000, Energy: -82.793761-0.006910j
[2025-04-30 04:38:12] Iteration: 937/1000, Temp: 0.0000, Energy: -82.860500+0.010711j
[2025-04-30 04:38:21] Iteration: 938/1000, Temp: 0.0000, Energy: -82.790080+0.016679j
[2025-04-30 04:38:30] Iteration: 939/1000, Temp: 0.0000, Energy: -82.856111+0.003708j
[2025-04-30 04:38:39] Iteration: 940/1000, Temp: 0.0000, Energy: -82.793948+0.012234j
[2025-04-30 04:38:47] Iteration: 941/1000, Temp: 0.0000, Energy: -82.864341+0.001424j
[2025-04-30 04:38:56] Iteration: 942/1000, Temp: 0.0000, Energy: -82.927935-0.006365j
[2025-04-30 04:39:05] Iteration: 943/1000, Temp: 0.0000, Energy: -82.809155-0.013895j
[2025-04-30 04:39:13] Iteration: 944/1000, Temp: 0.0000, Energy: -82.743669-0.004807j
[2025-04-30 04:39:22] Iteration: 945/1000, Temp: 0.0000, Energy: -82.844054-0.010305j
[2025-04-30 04:39:31] Iteration: 946/1000, Temp: 0.0000, Energy: -82.811549-0.004279j
[2025-04-30 04:39:40] Iteration: 947/1000, Temp: 0.0000, Energy: -82.809696-0.003970j
[2025-04-30 04:39:48] Iteration: 948/1000, Temp: 0.0000, Energy: -82.892508+0.003715j
[2025-04-30 04:39:57] Iteration: 949/1000, Temp: 0.0000, Energy: -82.803606+0.008916j
[2025-04-30 04:40:06] Iteration: 950/1000, Temp: 0.0000, Energy: -82.751829-0.009283j
[2025-04-30 04:40:14] Iteration: 951/1000, Temp: 0.0000, Energy: -83.054847+0.003994j
[2025-04-30 04:40:23] Iteration: 952/1000, Temp: 0.0000, Energy: -82.914466-0.002601j
[2025-04-30 04:40:32] Iteration: 953/1000, Temp: 0.0000, Energy: -82.986587+0.006092j
[2025-04-30 04:40:40] Iteration: 954/1000, Temp: 0.0000, Energy: -83.009345+0.014852j
[2025-04-30 04:40:49] Iteration: 955/1000, Temp: 0.0000, Energy: -82.945142-0.006601j
[2025-04-30 04:40:58] Iteration: 956/1000, Temp: 0.0000, Energy: -82.805842+0.006169j
[2025-04-30 04:41:07] Iteration: 957/1000, Temp: 0.0000, Energy: -82.944538-0.004591j
[2025-04-30 04:41:15] Iteration: 958/1000, Temp: 0.0000, Energy: -82.721948-0.006414j
[2025-04-30 04:41:24] Iteration: 959/1000, Temp: 0.0000, Energy: -82.925856+0.005053j
[2025-04-30 04:41:32] Iteration: 960/1000, Temp: 0.0000, Energy: -82.763374-0.006179j
[2025-04-30 04:41:41] Iteration: 961/1000, Temp: 0.0000, Energy: -82.865339+0.005342j
[2025-04-30 04:41:50] Iteration: 962/1000, Temp: 0.0000, Energy: -82.895664-0.003257j
[2025-04-30 04:41:59] Iteration: 963/1000, Temp: 0.0000, Energy: -82.802232-0.011444j
[2025-04-30 04:42:07] Iteration: 964/1000, Temp: 0.0000, Energy: -82.793418+0.003538j
[2025-04-30 04:42:16] Iteration: 965/1000, Temp: 0.0000, Energy: -82.776322+0.004202j
[2025-04-30 04:42:25] Iteration: 966/1000, Temp: 0.0000, Energy: -82.838020+0.010074j
[2025-04-30 04:42:33] Iteration: 967/1000, Temp: 0.0000, Energy: -82.842664-0.018636j
[2025-04-30 04:42:42] Iteration: 968/1000, Temp: 0.0000, Energy: -82.856908-0.007332j
[2025-04-30 04:42:51] Iteration: 969/1000, Temp: 0.0000, Energy: -82.859705+0.004808j
[2025-04-30 04:42:59] Iteration: 970/1000, Temp: 0.0000, Energy: -82.925156-0.004220j
[2025-04-30 04:43:08] Iteration: 971/1000, Temp: 0.0000, Energy: -82.815832+0.000553j
[2025-04-30 04:43:17] Iteration: 972/1000, Temp: 0.0000, Energy: -82.836747-0.003771j
[2025-04-30 04:43:25] Iteration: 973/1000, Temp: 0.0000, Energy: -82.792954-0.002855j
[2025-04-30 04:43:34] Iteration: 974/1000, Temp: 0.0000, Energy: -82.929068+0.004106j
[2025-04-30 04:43:43] Iteration: 975/1000, Temp: 0.0000, Energy: -82.810500-0.001494j
[2025-04-30 04:43:52] Iteration: 976/1000, Temp: 0.0000, Energy: -82.888067+0.002193j
[2025-04-30 04:44:00] Iteration: 977/1000, Temp: 0.0000, Energy: -82.887005-0.009998j
[2025-04-30 04:44:09] Iteration: 978/1000, Temp: 0.0000, Energy: -82.808766-0.015524j
[2025-04-30 04:44:18] Iteration: 979/1000, Temp: 0.0000, Energy: -82.838130-0.013474j
[2025-04-30 04:44:24] Iteration: 980/1000, Temp: 0.0000, Energy: -82.821982-0.000490j
[2025-04-30 04:44:32] Iteration: 981/1000, Temp: 0.0000, Energy: -82.948201+0.017331j
[2025-04-30 04:44:41] Iteration: 982/1000, Temp: 0.0000, Energy: -82.942284-0.004663j
[2025-04-30 04:44:50] Iteration: 983/1000, Temp: 0.0000, Energy: -82.962308-0.009113j
[2025-04-30 04:44:58] Iteration: 984/1000, Temp: 0.0000, Energy: -82.962868+0.003740j
[2025-04-30 04:45:07] Iteration: 985/1000, Temp: 0.0000, Energy: -82.824979-0.002182j
[2025-04-30 04:45:16] Iteration: 986/1000, Temp: 0.0000, Energy: -82.939634+0.001361j
[2025-04-30 04:45:25] Iteration: 987/1000, Temp: 0.0000, Energy: -82.942962-0.003402j
[2025-04-30 04:45:33] Iteration: 988/1000, Temp: 0.0000, Energy: -82.895744+0.004053j
[2025-04-30 04:45:42] Iteration: 989/1000, Temp: 0.0000, Energy: -82.860969+0.008132j
[2025-04-30 04:45:51] Iteration: 990/1000, Temp: 0.0000, Energy: -82.910223+0.013604j
[2025-04-30 04:45:59] Iteration: 991/1000, Temp: 0.0000, Energy: -82.880240-0.000426j
[2025-04-30 04:46:08] Iteration: 992/1000, Temp: 0.0000, Energy: -82.879005+0.006483j
[2025-04-30 04:46:17] Iteration: 993/1000, Temp: 0.0000, Energy: -82.920799+0.000400j
[2025-04-30 04:46:25] Iteration: 994/1000, Temp: 0.0000, Energy: -83.006377+0.010668j
[2025-04-30 04:46:34] Iteration: 995/1000, Temp: 0.0000, Energy: -82.755900+0.001156j
[2025-04-30 04:46:43] Iteration: 996/1000, Temp: 0.0000, Energy: -82.781399+0.003496j
[2025-04-30 04:46:51] Iteration: 997/1000, Temp: 0.0000, Energy: -82.798313+0.006009j
[2025-04-30 04:47:00] Iteration: 998/1000, Temp: 0.0000, Energy: -82.899265+0.011167j
[2025-04-30 04:47:09] Iteration: 999/1000, Temp: 0.0000, Energy: -82.718415-0.002699j
[2025-04-30 04:47:09] ==================================================
[2025-04-30 04:47:09] Training finished, total runtime = 8708.43 seconds
[2025-04-30 04:47:09] Trained quantum state parameters saved to: results/L=5/J2=0.05/J1=0.08/training/GCNN_L=5_J2=0.05_J1=0.08.pkl
[2025-04-30 04:47:09] ==================================================
