[2025-05-08 16:13:27] ================================================================================
[2025-05-08 16:13:27] 开始分析量子态: L=4, J2=0.05, J1=0.10
[2025-05-08 16:13:27] --------------------------------------------------------------------------------
[2025-05-08 16:13:27] 加载量子态: L=4, J2=0.05, J1=0.10
[2025-05-08 16:13:45] 增加采样数量到 2^20...
[2025-05-08 16:13:45] ================================================================================
[2025-05-08 16:13:45] 开始计算自旋结构因子...
[2025-05-08 16:13:45] 预计算自旋操作符...
[2025-05-08 16:13:45] 计算位移向量...
[2025-05-08 16:13:46] 使用自旋0作为参考点, 计算自旋相关函数...
[2025-05-08 16:18:29] 计算相关函数进度: 1/64
[2025-05-08 16:20:36] 计算相关函数进度: 11/64
[2025-05-08 16:22:38] 计算相关函数进度: 21/64
[2025-05-08 16:24:40] 计算相关函数进度: 31/64
[2025-05-08 16:26:10] 计算相关函数进度: 41/64
[2025-05-08 16:28:07] 计算相关函数进度: 51/64
[2025-05-08 16:30:08] 计算相关函数进度: 61/64
[2025-05-08 16:30:45] 计算相关函数进度: 64/64
[2025-05-08 16:30:45] 计算傅里叶变换...
[2025-05-08 16:30:45] 自旋结构因子计算完成
[2025-05-08 16:30:46] ================================================================================
[2025-05-08 16:30:46] 开始计算二聚体结构因子...
[2025-05-08 16:30:46] 识别x和y方向的二聚体...
[2025-05-08 16:30:46] 预计算二聚体操作符...
[2025-05-08 16:30:46] 计算位移向量...
[2025-05-08 16:30:46] 使用二聚体 (0, 1) 作为参考点，计算二聚体相关函数...
[2025-05-08 16:31:00] 计算x方向相关函数进度: 1/64
[2025-05-08 16:34:30] 计算x方向相关函数进度: 11/64
[2025-05-08 16:37:54] 计算x方向相关函数进度: 21/64
[2025-05-08 16:41:16] 计算x方向相关函数进度: 31/64
[2025-05-08 16:44:39] 计算x方向相关函数进度: 41/64
[2025-05-08 16:48:02] 计算x方向相关函数进度: 51/64
[2025-05-08 16:51:26] 计算x方向相关函数进度: 61/64
[2025-05-08 16:52:27] 计算x方向相关函数进度: 64/64
[2025-05-08 16:52:27] 使用二聚体 (0, 3) 作为参考点，计算二聚体相关函数...
[2025-05-08 16:52:41] 计算y方向相关函数进度: 1/64
[2025-05-08 16:55:55] 计算y方向相关函数进度: 11/64
[2025-05-08 16:59:18] 计算y方向相关函数进度: 21/64
[2025-05-08 17:02:23] 计算y方向相关函数进度: 31/64
[2025-05-08 17:05:42] 计算y方向相关函数进度: 41/64
[2025-05-08 17:09:04] 计算y方向相关函数进度: 51/64
[2025-05-08 17:12:27] 计算y方向相关函数进度: 61/64
[2025-05-08 17:13:28] 计算y方向相关函数进度: 64/64
[2025-05-08 17:13:28] 计算傅里叶变换...
[2025-05-08 17:13:28] 二聚体结构因子计算完成
[2025-05-08 17:13:29] ================================================================================
[2025-05-08 17:13:29] 开始计算简盘结构因子...
[2025-05-08 17:13:29] 识别所有简盘...
[2025-05-08 17:13:29] 预计算简盘操作符...
[2025-05-08 17:14:22] 计算位移向量...
[2025-05-08 17:14:22] 使用简盘 0 作为参考点，计算简盘相关函数...
[2025-05-08 17:15:48] 计算相关函数进度: 1/16
