[2025-05-08 16:13:27] ================================================================================
[2025-05-08 16:13:27] 开始分析量子态: L=5, J2=0.05, J1=0.03
[2025-05-08 16:13:27] --------------------------------------------------------------------------------
[2025-05-08 16:13:27] 加载量子态: L=5, J2=0.05, J1=0.03
[2025-05-08 16:13:45] 增加采样数量到 2^20...
[2025-05-08 16:13:45] ================================================================================
[2025-05-08 16:13:45] 开始计算自旋结构因子...
[2025-05-08 16:13:45] 预计算自旋操作符...
[2025-05-08 16:13:45] 计算位移向量...
[2025-05-08 16:13:45] 使用自旋0作为参考点, 计算自旋相关函数...
[2025-05-08 16:26:02] 计算相关函数进度: 1/100
[2025-05-08 16:29:32] 计算相关函数进度: 11/100
[2025-05-08 16:32:58] 计算相关函数进度: 21/100
[2025-05-08 16:36:29] 计算相关函数进度: 31/100
[2025-05-08 16:39:59] 计算相关函数进度: 41/100
[2025-05-08 16:43:29] 计算相关函数进度: 51/100
[2025-05-08 16:47:00] 计算相关函数进度: 61/100
[2025-05-08 16:50:30] 计算相关函数进度: 71/100
[2025-05-08 16:54:00] 计算相关函数进度: 81/100
[2025-05-08 16:57:30] 计算相关函数进度: 91/100
[2025-05-08 17:00:40] 计算相关函数进度: 100/100
[2025-05-08 17:00:40] 计算傅里叶变换...
[2025-05-08 17:00:40] 自旋结构因子计算完成
[2025-05-08 17:00:41] ================================================================================
[2025-05-08 17:00:41] 开始计算二聚体结构因子...
[2025-05-08 17:00:41] 识别x和y方向的二聚体...
[2025-05-08 17:00:41] 预计算二聚体操作符...
[2025-05-08 17:00:41] 计算位移向量...
[2025-05-08 17:00:41] 使用二聚体 (0, 1) 作为参考点，计算二聚体相关函数...
[2025-05-08 17:01:03] 计算x方向相关函数进度: 1/100
[2025-05-08 17:06:44] 计算x方向相关函数进度: 11/100
[2025-05-08 17:12:38] 计算x方向相关函数进度: 21/100
[2025-05-08 17:18:16] 计算x方向相关函数进度: 31/100
[2025-05-08 17:24:09] 计算x方向相关函数进度: 41/100
[2025-05-08 17:30:03] 计算x方向相关函数进度: 51/100
[2025-05-08 17:35:56] 计算x方向相关函数进度: 61/100
[2025-05-08 17:41:50] 计算x方向相关函数进度: 71/100
[2025-05-08 17:47:34] 计算x方向相关函数进度: 81/100
[2025-05-08 17:52:30] 计算x方向相关函数进度: 91/100
[2025-05-08 17:56:55] 计算x方向相关函数进度: 100/100
[2025-05-08 17:56:55] 使用二聚体 (0, 3) 作为参考点，计算二聚体相关函数...
[2025-05-08 17:57:14] 计算y方向相关函数进度: 1/100
[2025-05-08 18:01:58] 计算y方向相关函数进度: 11/100
[2025-05-08 18:06:53] 计算y方向相关函数进度: 21/100
[2025-05-08 18:11:49] 计算y方向相关函数进度: 31/100
[2025-05-08 18:16:44] 计算y方向相关函数进度: 41/100
[2025-05-08 18:21:40] 计算y方向相关函数进度: 51/100
[2025-05-08 18:26:35] 计算y方向相关函数进度: 61/100
[2025-05-08 18:31:30] 计算y方向相关函数进度: 71/100
[2025-05-08 18:36:25] 计算y方向相关函数进度: 81/100
[2025-05-08 18:41:21] 计算y方向相关函数进度: 91/100
[2025-05-08 18:45:47] 计算y方向相关函数进度: 100/100
[2025-05-08 18:45:47] 计算傅里叶变换...
[2025-05-08 18:45:47] 二聚体结构因子计算完成
[2025-05-08 18:45:48] ================================================================================
[2025-05-08 18:45:48] 开始计算简盘结构因子...
[2025-05-08 18:45:48] 识别所有简盘...
[2025-05-08 18:45:48] 预计算简盘操作符...
[2025-05-08 18:46:52] 计算位移向量...
[2025-05-08 18:46:52] 使用简盘 0 作为参考点，计算简盘相关函数...
[2025-05-08 18:47:50] 计算相关函数进度: 1/25
[2025-05-08 23:44:58] 计算相关函数进度: 11/25
[2025-05-09 04:22:48] 计算相关函数进度: 21/25
[2025-05-09 06:13:48] 计算相关函数进度: 25/25
[2025-05-09 06:13:48] 计算傅里叶变换...
[2025-05-09 06:13:49] 简盘结构因子计算完成
[2025-05-09 06:13:49] ================================================================================
[2025-05-09 06:13:49] 结构因子计算完成!
[2025-05-09 06:13:49] ================================================================================
