[2025-04-30 04:34:59] ================================================================================
[2025-04-30 04:34:59] 开始分析量子态: L=4, J2=0.05, J1=0.06
[2025-04-30 04:34:59] ================================================================================
[2025-04-30 04:34:59] 加载量子态: L=4, J2=0.05, J1=0.06
[2025-04-30 04:35:10] --------------------------------------------------------------------------------
[2025-04-30 04:35:10] 开始计算自旋结构因子...
[2025-04-30 04:35:10] 处理位点 0/64...
[2025-04-30 04:55:08] 处理位点 10/64...
[2025-04-30 05:13:49] 处理位点 20/64...
[2025-04-30 05:32:35] 处理位点 30/64...
[2025-04-30 05:51:37] 处理位点 40/64...
[2025-04-30 06:10:45] 处理位点 50/64...
[2025-04-30 06:30:06] 处理位点 60/64...
[2025-04-30 06:37:49] 自旋结构因子计算完成
[2025-04-30 06:37:50] --------------------------------------------------------------------------------
[2025-04-30 06:37:50] 开始计算简盘结构因子...
[2025-04-30 06:37:51] 处理简盘 0/16...
[2025-04-30 06:51:07] 处理简盘 5/16...
[2025-04-30 07:05:17] 处理简盘 10/16...
[2025-04-30 07:19:21] 处理简盘 15/16...
[2025-04-30 07:22:09] 简盘结构因子计算完成
[2025-04-30 07:22:10] --------------------------------------------------------------------------------
[2025-04-30 07:22:10] 开始计算二聚体结构因子...
[2025-04-30 07:22:10] 找到 64 个水平方向的二聚体
[2025-04-30 07:22:10] 处理二聚体 1/64...
[2025-04-30 07:41:14] 处理二聚体 11/64...
[2025-04-30 07:59:17] 处理二聚体 21/64...
[2025-04-30 08:17:38] 处理二聚体 31/64...
[2025-04-30 08:36:05] 处理二聚体 41/64...
[2025-04-30 08:54:54] 处理二聚体 51/64...
[2025-04-30 09:13:40] 处理二聚体 61/64...
[2025-04-30 09:21:08] 二聚体结构因子计算完成
[2025-04-30 09:21:09] --------------------------------------------------------------------------------
[2025-04-30 09:21:09] Neel 相关比率: 0.1582, 峰值位置: (-3.14, -3.14)
[2025-04-30 09:21:09] --------------------------------------------------------------------------------
[2025-04-30 09:21:09] Plaquette 相关比率: 0.1586, 峰值位置: (-3.14, -3.14)
[2025-04-30 09:21:09] --------------------------------------------------------------------------------
[2025-04-30 09:21:09] Dimer 相关比率: 0.0005, 峰值位置: (-0.11, -0.11)
[2025-04-30 09:21:09] ================================================================================
[2025-04-30 09:21:09] 分析完成! 相关比率: Neel=0.1582, Plaquette=0.1586, Dimer=0.0005
[2025-04-30 09:21:09] ================================================================================
