[2025-05-09 06:20:51] ================================================================================
[2025-05-09 06:20:51] 开始分析量子态: L=5, J2=0.05, J1=0.09
[2025-05-09 06:20:51] --------------------------------------------------------------------------------
[2025-05-09 06:20:51] 加载量子态: L=5, J2=0.05, J1=0.09
[2025-05-09 06:21:03] 增加采样数量到 2^20...
[2025-05-09 06:21:03] ================================================================================
[2025-05-09 06:21:03] 开始计算自旋结构因子...
[2025-05-09 06:21:03] 预计算自旋操作符...
[2025-05-09 06:21:03] 计算位移向量...
[2025-05-09 06:21:03] 使用自旋0作为参考点, 计算自旋相关函数...
[2025-05-09 06:33:27] 计算相关函数进度: 1/100
[2025-05-09 06:37:02] 计算相关函数进度: 11/100
[2025-05-09 06:40:32] 计算相关函数进度: 21/100
[2025-05-09 06:44:03] 计算相关函数进度: 31/100
[2025-05-09 06:47:34] 计算相关函数进度: 41/100
[2025-05-09 06:51:05] 计算相关函数进度: 51/100
[2025-05-09 06:54:36] 计算相关函数进度: 61/100
[2025-05-09 06:58:07] 计算相关函数进度: 71/100
[2025-05-09 07:01:37] 计算相关函数进度: 81/100
[2025-05-09 07:05:08] 计算相关函数进度: 91/100
[2025-05-09 07:08:18] 计算相关函数进度: 100/100
[2025-05-09 07:08:18] 计算傅里叶变换...
[2025-05-09 07:08:19] 自旋结构因子计算完成
[2025-05-09 07:08:19] ================================================================================
[2025-05-09 07:08:19] 开始计算二聚体结构因子...
[2025-05-09 07:08:19] 识别x和y方向的二聚体...
[2025-05-09 07:08:19] 预计算二聚体操作符...
[2025-05-09 07:08:20] 计算位移向量...
[2025-05-09 07:08:20] 使用二聚体 (0, 1) 作为参考点，计算二聚体相关函数...
[2025-05-09 07:08:40] 计算x方向相关函数进度: 1/100
[2025-05-09 07:14:25] 计算x方向相关函数进度: 11/100
[2025-05-09 07:20:18] 计算x方向相关函数进度: 21/100
[2025-05-09 07:26:12] 计算x方向相关函数进度: 31/100
[2025-05-09 07:32:06] 计算x方向相关函数进度: 41/100
[2025-05-09 07:37:59] 计算x方向相关函数进度: 51/100
[2025-05-09 07:43:53] 计算x方向相关函数进度: 61/100
[2025-05-09 07:49:47] 计算x方向相关函数进度: 71/100
[2025-05-09 07:55:41] 计算x方向相关函数进度: 81/100
[2025-05-09 08:01:37] 计算x方向相关函数进度: 91/100
[2025-05-09 08:06:57] 计算x方向相关函数进度: 100/100
[2025-05-09 08:06:57] 使用二聚体 (0, 3) 作为参考点，计算二聚体相关函数...
[2025-05-09 08:07:19] 计算y方向相关函数进度: 1/100
[2025-05-09 08:13:01] 计算y方向相关函数进度: 11/100
[2025-05-09 08:18:57] 计算y方向相关函数进度: 21/100
[2025-05-09 08:24:54] 计算y方向相关函数进度: 31/100
[2025-05-09 08:30:51] 计算y方向相关函数进度: 41/100
[2025-05-09 08:36:48] 计算y方向相关函数进度: 51/100
[2025-05-09 08:42:44] 计算y方向相关函数进度: 61/100
[2025-05-09 08:48:41] 计算y方向相关函数进度: 71/100
[2025-05-09 08:54:38] 计算y方向相关函数进度: 81/100
[2025-05-09 09:00:35] 计算y方向相关函数进度: 91/100
[2025-05-09 09:05:56] 计算y方向相关函数进度: 100/100
[2025-05-09 09:05:56] 计算傅里叶变换...
[2025-05-09 09:05:57] 二聚体结构因子计算完成
[2025-05-09 09:05:58] ================================================================================
[2025-05-09 09:05:58] 开始计算简盘结构因子...
[2025-05-09 09:05:58] 识别所有简盘...
[2025-05-09 09:05:58] 预计算简盘操作符...
[2025-05-09 09:07:00] 计算位移向量...
[2025-05-09 09:07:00] 使用简盘 0 作为参考点，计算简盘相关函数...
[2025-05-09 09:09:02] 计算相关函数进度: 1/25
