[2025-05-08 01:17:04] ================================================================================
[2025-05-08 01:17:04] 开始分析量子态: L=4, J2=0.05, J1=0.03
[2025-05-08 01:17:04] --------------------------------------------------------------------------------
[2025-05-08 01:17:04] 加载量子态: L=4, J2=0.05, J1=0.03
[2025-05-08 01:17:16] 增加采样数量到 2^20...
[2025-05-08 01:17:16] ================================================================================
[2025-05-08 01:17:16] 开始计算自旋结构因子...
[2025-05-08 01:17:16] 预计算自旋操作符...
[2025-05-08 01:17:16] 计算位移向量...
[2025-05-08 01:17:16] 使用自旋0作为参考点, 计算自旋相关函数...
[2025-05-08 01:21:00] 计算相关函数进度: 1/64
[2025-05-08 01:22:46] 计算相关函数进度: 11/64
[2025-05-08 01:24:27] 计算相关函数进度: 21/64
[2025-05-08 01:26:08] 计算相关函数进度: 31/64
[2025-05-08 01:27:49] 计算相关函数进度: 41/64
[2025-05-08 01:29:30] 计算相关函数进度: 51/64
[2025-05-08 01:31:11] 计算相关函数进度: 61/64
[2025-05-08 01:31:37] 计算相关函数进度: 64/64
[2025-05-08 01:31:37] 计算傅里叶变换...
[2025-05-08 01:31:37] 自旋结构因子计算完成
[2025-05-08 01:31:38] ================================================================================
[2025-05-08 01:31:38] 开始计算二聚体结构因子...
[2025-05-08 01:31:38] 识别x和y方向的二聚体...
[2025-05-08 01:31:38] 预计算二聚体操作符...
[2025-05-08 01:31:39] 计算位移向量...
[2025-05-08 01:31:39] 使用二聚体 (0, 1) 作为参考点，计算二聚体相关函数...
[2025-05-08 01:31:48] 计算x方向相关函数进度: 1/64
[2025-05-08 01:34:44] 计算x方向相关函数进度: 11/64
[2025-05-08 01:37:33] 计算x方向相关函数进度: 21/64
[2025-05-08 01:40:21] 计算x方向相关函数进度: 31/64
[2025-05-08 01:43:10] 计算x方向相关函数进度: 41/64
[2025-05-08 01:45:59] 计算x方向相关函数进度: 51/64
[2025-05-08 01:48:48] 计算x方向相关函数进度: 61/64
[2025-05-08 01:49:38] 计算x方向相关函数进度: 64/64
[2025-05-08 01:49:38] 使用二聚体 (0, 3) 作为参考点，计算二聚体相关函数...
[2025-05-08 01:49:49] 计算y方向相关函数进度: 1/64
[2025-05-08 01:52:30] 计算y方向相关函数进度: 11/64
[2025-05-08 01:55:19] 计算y方向相关函数进度: 21/64
[2025-05-08 01:58:08] 计算y方向相关函数进度: 31/64
[2025-05-08 02:00:57] 计算y方向相关函数进度: 41/64
[2025-05-08 02:03:45] 计算y方向相关函数进度: 51/64
[2025-05-08 02:06:24] 计算y方向相关函数进度: 61/64
[2025-05-08 02:06:57] 计算y方向相关函数进度: 64/64
[2025-05-08 02:06:57] 计算傅里叶变换...
[2025-05-08 02:06:57] 二聚体结构因子计算完成
[2025-05-08 02:06:58] ================================================================================
[2025-05-08 02:06:58] 开始计算简盘结构因子...
[2025-05-08 02:06:58] 识别所有简盘...
[2025-05-08 02:06:58] 预计算简盘操作符...
[2025-05-08 02:07:09] 计算位移向量...
[2025-05-08 02:07:09] 使用简盘 0 作为参考点，计算简盘相关函数...
[2025-05-08 02:08:13] 计算相关函数进度: 1/16
[2025-05-08 06:24:14] 计算相关函数进度: 11/16
[2025-05-08 08:27:06] 计算相关函数进度: 16/16
[2025-05-08 08:27:06] 计算傅里叶变换...
[2025-05-08 08:27:06] 简盘结构因子计算完成
[2025-05-08 08:27:07] ================================================================================
[2025-05-08 08:27:07] 结构因子计算完成!
[2025-05-08 08:27:07] ================================================================================
