[2025-04-21 20:50:37] ==================================================
[2025-04-21 20:50:37] GCNN for Shastry-Sutherland lattice
[2025-04-21 20:50:37] ==================================================
[2025-04-21 20:50:37] System parameters:
[2025-04-21 20:50:37]   - System size: L=5, N=100
[2025-04-21 20:50:37]   - System parameters: J1=0.01, J2=0.05, Q=0.95
[2025-04-21 20:50:44] --------------------------------------------------
[2025-04-21 20:50:44] Model parameters:
[2025-04-21 20:50:44]   - Number of layers = 4
[2025-04-21 20:50:44]   - Number of features = 4
[2025-04-21 20:50:44]   - Symmetries used: 200
[2025-04-21 20:50:44]   - Total parameters = 19628
[2025-04-21 20:50:44] --------------------------------------------------
[2025-04-21 20:50:44] Training parameters:
[2025-04-21 20:50:44]   - Learning rate: 0.02
[2025-04-21 20:50:44]   - Total annealing steps: 1000
[2025-04-21 20:50:44]   - Samples: 4096
[2025-04-21 20:50:44]   - Discarded samples: 0
[2025-04-21 20:50:44]   - Chunk size: 1024
[2025-04-21 20:50:44] --------------------------------------------------
[2025-04-21 20:50:44] Device status:
[2025-04-21 20:50:44]   - Number of devices: 4
[2025-04-21 20:50:44]   - Sharding: False
[2025-04-21 20:50:51] --------------------------------------------------
[2025-04-21 20:50:51] Start training...
[2025-04-21 20:51:30] Iteration: 0/1000, Temp: 0.5000, Energy: 1.124673+0.000171j
[2025-04-21 20:52:02] Iteration: 1/1000, Temp: 0.4901, Energy: 1.124799-0.000208j
[2025-04-21 20:52:35] Iteration: 2/1000, Temp: 0.4804, Energy: 1.124774+0.000360j
[2025-04-21 20:53:07] Iteration: 3/1000, Temp: 0.4709, Energy: 1.124666+0.000025j
[2025-04-21 20:53:39] Iteration: 4/1000, Temp: 0.4616, Energy: 1.124545-0.000103j
[2025-04-21 20:54:11] Iteration: 5/1000, Temp: 0.4524, Energy: 1.124055-0.000289j
[2025-04-21 20:54:43] Iteration: 6/1000, Temp: 0.4435, Energy: 1.124410+0.000088j
[2025-04-21 20:55:16] Iteration: 7/1000, Temp: 0.4347, Energy: 1.124553-0.000008j
[2025-04-21 20:55:48] Iteration: 8/1000, Temp: 0.4261, Energy: 1.124602-0.000303j
[2025-04-21 20:56:20] Iteration: 9/1000, Temp: 0.4176, Energy: 1.123926-0.000214j
[2025-04-21 20:56:52] Iteration: 10/1000, Temp: 0.4094, Energy: 1.124573-0.000262j
[2025-04-21 20:57:24] Iteration: 11/1000, Temp: 0.4013, Energy: 1.124467+0.000195j
[2025-04-21 20:57:57] Iteration: 12/1000, Temp: 0.3933, Energy: 1.124472-0.000202j
[2025-04-21 20:58:29] Iteration: 13/1000, Temp: 0.3855, Energy: 1.124585-0.000024j
[2025-04-21 20:59:01] Iteration: 14/1000, Temp: 0.3779, Energy: 1.125267+0.000261j
[2025-04-21 20:59:33] Iteration: 15/1000, Temp: 0.3704, Energy: 1.124557+0.000010j
[2025-04-21 21:00:05] Iteration: 16/1000, Temp: 0.3631, Energy: 1.124347-0.000167j
[2025-04-21 21:00:38] Iteration: 17/1000, Temp: 0.3559, Energy: 1.124498+0.000299j
[2025-04-21 21:01:10] Iteration: 18/1000, Temp: 0.3488, Energy: 1.124331-0.000446j
[2025-04-21 21:01:42] Iteration: 19/1000, Temp: 0.3419, Energy: 1.124421-0.000057j
[2025-04-21 21:02:14] Iteration: 20/1000, Temp: 0.3352, Energy: 1.124681+0.000065j
[2025-04-21 21:02:46] Iteration: 21/1000, Temp: 0.3285, Energy: 1.125395-0.000037j
[2025-04-21 21:03:19] Iteration: 22/1000, Temp: 0.3220, Energy: 1.124506-0.000639j
[2025-04-21 21:03:51] Iteration: 23/1000, Temp: 0.3156, Energy: 1.123960-0.000068j
[2025-04-21 21:04:23] Iteration: 24/1000, Temp: 0.3094, Energy: 1.124842+0.000022j
[2025-04-21 21:04:55] Iteration: 25/1000, Temp: 0.3033, Energy: 1.123752+0.000225j
[2025-04-21 21:05:27] Iteration: 26/1000, Temp: 0.2973, Energy: 1.124162+0.000586j
[2025-04-21 21:05:59] Iteration: 27/1000, Temp: 0.2914, Energy: 1.123984-0.000048j
[2025-04-21 21:06:32] Iteration: 28/1000, Temp: 0.2856, Energy: 1.124062-0.000286j
[2025-04-21 21:07:04] Iteration: 29/1000, Temp: 0.2799, Energy: 1.123510-0.000047j
[2025-04-21 21:07:36] Iteration: 30/1000, Temp: 0.2744, Energy: 1.123078-0.000335j
[2025-04-21 21:08:08] Iteration: 31/1000, Temp: 0.2690, Energy: 1.121826-0.000242j
[2025-04-21 21:08:40] Iteration: 32/1000, Temp: 0.2636, Energy: 1.122805+0.000125j
[2025-04-21 21:09:12] Iteration: 33/1000, Temp: 0.2584, Energy: 1.123238-0.000048j
[2025-04-21 21:09:45] Iteration: 34/1000, Temp: 0.2533, Energy: 1.125305+0.000413j
[2025-04-21 21:10:17] Iteration: 35/1000, Temp: 0.2483, Energy: 1.122958-0.000077j
[2025-04-21 21:10:49] Iteration: 36/1000, Temp: 0.2434, Energy: 1.121780+0.000082j
[2025-04-21 21:11:21] Iteration: 37/1000, Temp: 0.2386, Energy: 1.122507+0.000405j
[2025-04-21 21:11:54] Iteration: 38/1000, Temp: 0.2338, Energy: 1.121902+0.000443j
[2025-04-21 21:12:26] Iteration: 39/1000, Temp: 0.2292, Energy: 1.120461-0.000181j
[2025-04-21 21:12:58] Iteration: 40/1000, Temp: 0.2247, Energy: 1.123573+0.000423j
[2025-04-21 21:13:30] Iteration: 41/1000, Temp: 0.2202, Energy: 1.119929-0.000313j
[2025-04-21 21:14:02] Iteration: 42/1000, Temp: 0.2159, Energy: 1.118553-0.000295j
[2025-04-21 21:14:35] Iteration: 43/1000, Temp: 0.2116, Energy: 1.121092-0.000284j
[2025-04-21 21:15:07] Iteration: 44/1000, Temp: 0.2074, Energy: 1.119775+0.000139j
[2025-04-21 21:15:39] Iteration: 45/1000, Temp: 0.2033, Energy: 1.119682+0.000876j
[2025-04-21 21:16:11] Iteration: 46/1000, Temp: 0.1993, Energy: 1.118816+0.000305j
[2025-04-21 21:16:44] Iteration: 47/1000, Temp: 0.1953, Energy: 1.115837+0.000062j
[2025-04-21 21:17:16] Iteration: 48/1000, Temp: 0.1914, Energy: 1.119913+0.001877j
[2025-04-21 21:17:48] Iteration: 49/1000, Temp: 0.1877, Energy: 1.117464+0.001040j
[2025-04-21 21:18:20] Iteration: 50/1000, Temp: 0.1839, Energy: 1.113501+0.000628j
[2025-04-21 21:18:52] Iteration: 51/1000, Temp: 0.1803, Energy: 1.115075+0.001568j
[2025-04-21 21:19:25] Iteration: 52/1000, Temp: 0.1767, Energy: 1.105395-0.001654j
[2025-04-21 21:19:57] Iteration: 53/1000, Temp: 0.1732, Energy: 1.111141+0.001075j
[2025-04-21 21:20:29] Iteration: 54/1000, Temp: 0.1698, Energy: 1.109701+0.001956j
[2025-04-21 21:21:01] Iteration: 55/1000, Temp: 0.1664, Energy: 1.102800+0.000104j
[2025-04-21 21:21:33] Iteration: 56/1000, Temp: 0.1631, Energy: 1.108368+0.001825j
[2025-04-21 21:22:05] Iteration: 57/1000, Temp: 0.1599, Energy: 1.096832+0.000268j
[2025-04-21 21:22:38] Iteration: 58/1000, Temp: 0.1567, Energy: 1.095615+0.000851j
[2025-04-21 21:23:10] Iteration: 59/1000, Temp: 0.1536, Energy: 1.088718+0.000360j
[2025-04-21 21:23:42] Iteration: 60/1000, Temp: 0.1506, Energy: 1.083570-0.000086j
[2025-04-21 21:24:14] Iteration: 61/1000, Temp: 0.1476, Energy: 1.074703-0.000988j
[2025-04-21 21:24:46] Iteration: 62/1000, Temp: 0.1447, Energy: 1.069310-0.000533j
[2025-04-21 21:25:19] Iteration: 63/1000, Temp: 0.1418, Energy: 1.061443-0.001012j
[2025-04-21 21:25:51] Iteration: 64/1000, Temp: 0.1390, Energy: 1.070013+0.005463j
[2025-04-21 21:26:23] Iteration: 65/1000, Temp: 0.1363, Energy: 1.034442-0.003790j
[2025-04-21 21:26:55] Iteration: 66/1000, Temp: 0.1336, Energy: 1.025132-0.004603j
[2025-04-21 21:27:28] Iteration: 67/1000, Temp: 0.1309, Energy: 1.034473+0.002798j
[2025-04-21 21:28:00] Iteration: 68/1000, Temp: 0.1283, Energy: 1.002839-0.000450j
[2025-04-21 21:28:32] Iteration: 69/1000, Temp: 0.1258, Energy: 0.977201-0.004583j
[2025-04-21 21:29:04] Iteration: 70/1000, Temp: 0.1233, Energy: 0.964080-0.003895j
[2025-04-21 21:29:36] Iteration: 71/1000, Temp: 0.1209, Energy: 0.943190-0.000700j
[2025-04-21 21:30:09] Iteration: 72/1000, Temp: 0.1185, Energy: 0.908701-0.006200j
[2025-04-21 21:30:41] Iteration: 73/1000, Temp: 0.1161, Energy: 0.885478-0.000497j
[2025-04-21 21:31:13] Iteration: 74/1000, Temp: 0.1138, Energy: 0.873424+0.003267j
[2025-04-21 21:31:45] Iteration: 75/1000, Temp: 0.1116, Energy: 0.813387-0.002182j
[2025-04-21 21:32:17] Iteration: 76/1000, Temp: 0.1094, Energy: 0.781124-0.000920j
[2025-04-21 21:32:50] Iteration: 77/1000, Temp: 0.1072, Energy: 0.721495-0.003686j
[2025-04-21 21:33:22] Iteration: 78/1000, Temp: 0.1051, Energy: 0.684765+0.001239j
[2025-04-21 21:33:54] Iteration: 79/1000, Temp: 0.1030, Energy: 0.612091-0.002379j
[2025-04-21 21:34:26] Iteration: 80/1000, Temp: 0.1009, Energy: 0.539581+0.007953j
[2025-04-21 21:34:58] Iteration: 81/1000, Temp: 0.0989, Energy: 0.444301+0.004217j
[2025-04-21 21:35:30] Iteration: 82/1000, Temp: 0.0970, Energy: 0.350566+0.005536j
[2025-04-21 21:36:03] Iteration: 83/1000, Temp: 0.0951, Energy: 0.222893-0.000153j
[2025-04-21 21:36:35] Iteration: 84/1000, Temp: 0.0932, Energy: 0.050141-0.012204j
[2025-04-21 21:37:07] Iteration: 85/1000, Temp: 0.0913, Energy: -0.080012-0.006777j
[2025-04-21 21:37:39] Iteration: 86/1000, Temp: 0.0895, Energy: -0.261867-0.003954j
[2025-04-21 21:38:12] Iteration: 87/1000, Temp: 0.0878, Energy: -0.460556-0.006531j
[2025-04-21 21:38:44] Iteration: 88/1000, Temp: 0.0860, Energy: -0.675761-0.010308j
[2025-04-21 21:39:16] Iteration: 89/1000, Temp: 0.0843, Energy: -0.897974+0.004191j
[2025-04-21 21:39:48] Iteration: 90/1000, Temp: 0.0826, Energy: -1.200573+0.001013j
[2025-04-21 21:40:20] Iteration: 91/1000, Temp: 0.0810, Energy: -1.476097+0.009229j
[2025-04-21 21:40:53] Iteration: 92/1000, Temp: 0.0794, Energy: -1.856600+0.024212j
[2025-04-21 21:41:25] Iteration: 93/1000, Temp: 0.0778, Energy: -2.263249-0.001095j
[2025-04-21 21:41:57] Iteration: 94/1000, Temp: 0.0763, Energy: -2.707658-0.019391j
[2025-04-21 21:42:29] Iteration: 95/1000, Temp: 0.0748, Energy: -3.183567-0.013072j
[2025-04-21 21:43:01] Iteration: 96/1000, Temp: 0.0733, Energy: -3.573045+0.050756j
[2025-04-21 21:43:34] Iteration: 97/1000, Temp: 0.0719, Energy: -4.191555+0.037916j
[2025-04-21 21:44:06] Iteration: 98/1000, Temp: 0.0704, Energy: -4.886694+0.014573j
[2025-04-21 21:44:38] Iteration: 99/1000, Temp: 0.0690, Energy: -5.605763+0.018851j
[2025-04-21 21:45:10] Iteration: 100/1000, Temp: 0.0677, Energy: -6.262407+0.103509j
[2025-04-21 21:45:42] Iteration: 101/1000, Temp: 0.0663, Energy: -7.142274+0.050932j
[2025-04-21 21:46:15] Iteration: 102/1000, Temp: 0.0650, Energy: -8.123788+0.036705j
[2025-04-21 21:46:47] Iteration: 103/1000, Temp: 0.0637, Energy: -9.124423+0.142307j
[2025-04-21 21:47:19] Iteration: 104/1000, Temp: 0.0625, Energy: -10.242712+0.049444j
[2025-04-21 21:47:51] Iteration: 105/1000, Temp: 0.0612, Energy: -11.499540+0.155895j
[2025-04-21 21:48:23] Iteration: 106/1000, Temp: 0.0600, Energy: -12.868370+0.039256j
[2025-04-21 21:48:56] Iteration: 107/1000, Temp: 0.0588, Energy: -14.292681+0.189513j
[2025-04-21 21:49:28] Iteration: 108/1000, Temp: 0.0577, Energy: -15.837086+0.240463j
[2025-04-21 21:50:00] Iteration: 109/1000, Temp: 0.0565, Energy: -17.510459+0.272186j
[2025-04-21 21:50:32] Iteration: 110/1000, Temp: 0.0554, Energy: -19.256511+0.252806j
[2025-04-21 21:51:04] Iteration: 111/1000, Temp: 0.0543, Energy: -21.139994+0.245463j
[2025-04-21 21:51:37] Iteration: 112/1000, Temp: 0.0532, Energy: -23.263847+0.406874j
[2025-04-21 21:52:09] Iteration: 113/1000, Temp: 0.0522, Energy: -25.545619+0.303674j
[2025-04-21 21:52:41] Iteration: 114/1000, Temp: 0.0511, Energy: -28.072830+0.513232j
[2025-04-21 21:53:13] Iteration: 115/1000, Temp: 0.0501, Energy: -30.669498+0.343776j
[2025-04-21 21:53:46] Iteration: 116/1000, Temp: 0.0491, Energy: -33.478904+0.475276j
[2025-04-21 21:54:18] Iteration: 117/1000, Temp: 0.0482, Energy: -36.773724+0.512325j
[2025-04-21 21:54:50] Iteration: 118/1000, Temp: 0.0472, Energy: -40.192423+0.737449j
[2025-04-21 21:55:22] Iteration: 119/1000, Temp: 0.0463, Energy: -43.377280+0.841063j
[2025-04-21 21:55:55] Iteration: 120/1000, Temp: 0.0454, Energy: -46.662222+0.798332j
[2025-04-21 21:56:27] Iteration: 121/1000, Temp: 0.0445, Energy: -50.029068+0.956173j
[2025-04-21 21:56:59] Iteration: 122/1000, Temp: 0.0436, Energy: -53.086718+1.151621j
[2025-04-21 21:57:31] Iteration: 123/1000, Temp: 0.0427, Energy: -55.625989+1.087519j
[2025-04-21 21:58:03] Iteration: 124/1000, Temp: 0.0419, Energy: -58.728353+1.398470j
[2025-04-21 21:58:35] Iteration: 125/1000, Temp: 0.0410, Energy: -61.048230+1.381458j
[2025-04-21 21:59:08] Iteration: 126/1000, Temp: 0.0402, Energy: -63.109349+1.363778j
[2025-04-21 21:59:40] Iteration: 127/1000, Temp: 0.0394, Energy: -65.028396+1.385116j
[2025-04-21 22:00:12] Iteration: 128/1000, Temp: 0.0387, Energy: -66.255175+1.446555j
[2025-04-21 22:00:44] Iteration: 129/1000, Temp: 0.0379, Energy: -67.705457+1.369797j
[2025-04-21 22:01:17] Iteration: 130/1000, Temp: 0.0371, Energy: -68.973450+1.053932j
[2025-04-21 22:01:49] Iteration: 131/1000, Temp: 0.0364, Energy: -69.977022+0.979102j
[2025-04-21 22:02:21] Iteration: 132/1000, Temp: 0.0357, Energy: -70.604046+0.733593j
[2025-04-21 22:02:53] Iteration: 133/1000, Temp: 0.0350, Energy: -70.835945+0.429953j
[2025-04-21 22:03:25] Iteration: 134/1000, Temp: 0.0343, Energy: -71.312690+0.379976j
[2025-04-21 22:03:58] Iteration: 135/1000, Temp: 0.0336, Energy: -71.649388+0.128646j
[2025-04-21 22:04:30] Iteration: 136/1000, Temp: 0.0329, Energy: -71.863544+0.165001j
[2025-04-21 22:05:02] Iteration: 137/1000, Temp: 0.0323, Energy: -72.312967+0.059267j
[2025-04-21 22:05:34] Iteration: 138/1000, Temp: 0.0316, Energy: -72.716556-0.106810j
[2025-04-21 22:06:06] Iteration: 139/1000, Temp: 0.0310, Energy: -73.189250-0.154995j
[2025-04-21 22:06:39] Iteration: 140/1000, Temp: 0.0304, Energy: -73.555237-0.194873j
[2025-04-21 22:07:11] Iteration: 141/1000, Temp: 0.0298, Energy: -73.977604-0.199105j
[2025-04-21 22:07:43] Iteration: 142/1000, Temp: 0.0292, Energy: -74.152853-0.251468j
[2025-04-21 22:08:15] Iteration: 143/1000, Temp: 0.0286, Energy: -74.400478-0.205378j
[2025-04-21 22:08:48] Iteration: 144/1000, Temp: 0.0281, Energy: -74.671300-0.176341j
[2025-04-21 22:09:20] Iteration: 145/1000, Temp: 0.0275, Energy: -74.921451-0.193150j
[2025-04-21 22:09:52] Iteration: 146/1000, Temp: 0.0270, Energy: -75.159631-0.162025j
[2025-04-21 22:10:24] Iteration: 147/1000, Temp: 0.0264, Energy: -75.182342-0.239769j
[2025-04-21 22:10:56] Iteration: 148/1000, Temp: 0.0259, Energy: -75.301536-0.247114j
[2025-04-21 22:11:29] Iteration: 149/1000, Temp: 0.0254, Energy: -75.523587-0.212500j
[2025-04-21 22:12:01] Iteration: 150/1000, Temp: 0.0249, Energy: -75.819681-0.180565j
[2025-04-21 22:12:33] Iteration: 151/1000, Temp: 0.0244, Energy: -75.975622-0.158203j
[2025-04-21 22:13:05] Iteration: 152/1000, Temp: 0.0239, Energy: -75.981093-0.080895j
[2025-04-21 22:13:37] Iteration: 153/1000, Temp: 0.0234, Energy: -76.263808-0.079708j
[2025-04-21 22:14:10] Iteration: 154/1000, Temp: 0.0230, Energy: -76.414615-0.123894j
[2025-04-21 22:14:42] Iteration: 155/1000, Temp: 0.0225, Energy: -76.389548-0.118599j
[2025-04-21 22:15:14] Iteration: 156/1000, Temp: 0.0221, Energy: -76.293162-0.109769j
[2025-04-21 22:15:46] Iteration: 157/1000, Temp: 0.0216, Energy: -76.472599-0.111414j
[2025-04-21 22:16:18] Iteration: 158/1000, Temp: 0.0212, Energy: -76.703871-0.077315j
[2025-04-21 22:16:51] Iteration: 159/1000, Temp: 0.0208, Energy: -76.707700-0.092939j
[2025-04-21 22:17:23] Iteration: 160/1000, Temp: 0.0204, Energy: -76.728078-0.083102j
[2025-04-21 22:17:55] Iteration: 161/1000, Temp: 0.0200, Energy: -76.849895-0.083721j
[2025-04-21 22:18:27] Iteration: 162/1000, Temp: 0.0196, Energy: -77.032431-0.052171j
[2025-04-21 22:18:59] Iteration: 163/1000, Temp: 0.0192, Energy: -77.020361-0.051030j
[2025-04-21 22:19:32] Iteration: 164/1000, Temp: 0.0188, Energy: -77.065668-0.010041j
[2025-04-21 22:20:04] Iteration: 165/1000, Temp: 0.0184, Energy: -76.945724-0.083969j
[2025-04-21 22:20:36] Iteration: 166/1000, Temp: 0.0181, Energy: -77.066720-0.074959j
[2025-04-21 22:21:08] Iteration: 167/1000, Temp: 0.0177, Energy: -77.324664-0.051658j
[2025-04-21 22:21:40] Iteration: 168/1000, Temp: 0.0174, Energy: -77.251285-0.005251j
[2025-04-21 22:22:13] Iteration: 169/1000, Temp: 0.0170, Energy: -77.222525-0.052021j
[2025-04-21 22:22:45] Iteration: 170/1000, Temp: 0.0167, Energy: -77.333848-0.074744j
[2025-04-21 22:23:17] Iteration: 171/1000, Temp: 0.0164, Energy: -77.349569-0.032127j
[2025-04-21 22:23:49] Iteration: 172/1000, Temp: 0.0160, Energy: -77.476335-0.035412j
[2025-04-21 22:24:22] Iteration: 173/1000, Temp: 0.0157, Energy: -77.442766-0.043504j
[2025-04-21 22:24:54] Iteration: 174/1000, Temp: 0.0154, Energy: -77.479950-0.024861j
[2025-04-21 22:25:26] Iteration: 175/1000, Temp: 0.0151, Energy: -77.394344-0.018868j
[2025-04-21 22:25:58] Iteration: 176/1000, Temp: 0.0148, Energy: -77.440281-0.054811j
[2025-04-21 22:26:30] Iteration: 177/1000, Temp: 0.0145, Energy: -77.237537-0.071968j
[2025-04-21 22:27:03] Iteration: 178/1000, Temp: 0.0142, Energy: -77.441303-0.029114j
[2025-04-21 22:27:35] Iteration: 179/1000, Temp: 0.0139, Energy: -77.536285-0.072952j
[2025-04-21 22:28:07] Iteration: 180/1000, Temp: 0.0137, Energy: -77.526236-0.095302j
[2025-04-21 22:28:39] Iteration: 181/1000, Temp: 0.0134, Energy: -77.585207-0.100814j
[2025-04-21 22:29:11] Iteration: 182/1000, Temp: 0.0131, Energy: -77.592098-0.098128j
[2025-04-21 22:29:44] Iteration: 183/1000, Temp: 0.0129, Energy: -77.617410-0.091173j
[2025-04-21 22:30:16] Iteration: 184/1000, Temp: 0.0126, Energy: -77.695883-0.065410j
[2025-04-21 22:30:48] Iteration: 185/1000, Temp: 0.0124, Energy: -77.848355-0.068048j
[2025-04-21 22:31:20] Iteration: 186/1000, Temp: 0.0121, Energy: -77.615717-0.014807j
[2025-04-21 22:31:52] Iteration: 187/1000, Temp: 0.0119, Energy: -77.872393-0.064467j
[2025-04-21 22:32:25] Iteration: 188/1000, Temp: 0.0116, Energy: -77.756968-0.075512j
[2025-04-21 22:32:57] Iteration: 189/1000, Temp: 0.0114, Energy: -77.758684-0.036069j
[2025-04-21 22:33:29] Iteration: 190/1000, Temp: 0.0112, Energy: -77.882869-0.038197j
[2025-04-21 22:34:01] Iteration: 191/1000, Temp: 0.0110, Energy: -77.991216-0.019878j
[2025-04-21 22:34:34] Iteration: 192/1000, Temp: 0.0107, Energy: -77.895837-0.034775j
[2025-04-21 22:35:06] Iteration: 193/1000, Temp: 0.0105, Energy: -77.969720-0.032752j
[2025-04-21 22:35:38] Iteration: 194/1000, Temp: 0.0103, Energy: -77.981283-0.027825j
[2025-04-21 22:36:10] Iteration: 195/1000, Temp: 0.0101, Energy: -77.895647-0.014748j
[2025-04-21 22:36:42] Iteration: 196/1000, Temp: 0.0099, Energy: -77.759256-0.039264j
[2025-04-21 22:37:15] Iteration: 197/1000, Temp: 0.0097, Energy: -77.857375-0.011372j
[2025-04-21 22:37:47] Iteration: 198/1000, Temp: 0.0095, Energy: -77.798222+0.045298j
[2025-04-21 22:38:19] Iteration: 199/1000, Temp: 0.0093, Energy: -77.802969+0.016855j
[2025-04-21 22:38:51] Iteration: 200/1000, Temp: 0.0092, Energy: -77.903706+0.023254j
[2025-04-21 22:39:23] Iteration: 201/1000, Temp: 0.0090, Energy: -77.897547+0.022507j
[2025-04-21 22:39:56] Iteration: 202/1000, Temp: 0.0088, Energy: -77.877075-0.008631j
[2025-04-21 22:40:28] Iteration: 203/1000, Temp: 0.0086, Energy: -77.828004-0.021585j
[2025-04-21 22:41:00] Iteration: 204/1000, Temp: 0.0085, Energy: -78.018666-0.039584j
[2025-04-21 22:41:32] Iteration: 205/1000, Temp: 0.0083, Energy: -78.046477-0.008773j
[2025-04-21 22:42:04] Iteration: 206/1000, Temp: 0.0081, Energy: -77.906721-0.033004j
[2025-04-21 22:42:37] Iteration: 207/1000, Temp: 0.0080, Energy: -77.929886+0.005235j
[2025-04-21 22:43:09] Iteration: 208/1000, Temp: 0.0078, Energy: -78.013568-0.033036j
[2025-04-21 22:43:41] Iteration: 209/1000, Temp: 0.0076, Energy: -77.843918+0.006766j
[2025-04-21 22:44:13] Iteration: 210/1000, Temp: 0.0075, Energy: -78.004672-0.005915j
[2025-04-21 22:44:46] Iteration: 211/1000, Temp: 0.0073, Energy: -77.886314-0.021788j
[2025-04-21 22:45:18] Iteration: 212/1000, Temp: 0.0072, Energy: -77.966294-0.009172j
[2025-04-21 22:45:50] Iteration: 213/1000, Temp: 0.0071, Energy: -78.052604-0.023690j
[2025-04-21 22:46:22] Iteration: 214/1000, Temp: 0.0069, Energy: -78.019814-0.022515j
[2025-04-21 22:46:54] Iteration: 215/1000, Temp: 0.0068, Energy: -78.024910-0.032245j
[2025-04-21 22:47:27] Iteration: 216/1000, Temp: 0.0066, Energy: -78.072839-0.030039j
[2025-04-21 22:47:59] Iteration: 217/1000, Temp: 0.0065, Energy: -78.154764-0.028520j
[2025-04-21 22:48:31] Iteration: 218/1000, Temp: 0.0064, Energy: -77.982478-0.037807j
[2025-04-21 22:49:03] Iteration: 219/1000, Temp: 0.0063, Energy: -78.021858-0.033091j
[2025-04-21 22:49:35] Iteration: 220/1000, Temp: 0.0061, Energy: -78.141988-0.042907j
[2025-04-21 22:50:07] Iteration: 221/1000, Temp: 0.0060, Energy: -78.184044-0.003908j
[2025-04-21 22:50:40] Iteration: 222/1000, Temp: 0.0059, Energy: -78.226467-0.024179j
[2025-04-21 22:51:12] Iteration: 223/1000, Temp: 0.0058, Energy: -78.130706-0.011054j
[2025-04-21 22:51:44] Iteration: 224/1000, Temp: 0.0057, Energy: -78.270143-0.022990j
[2025-04-21 22:52:16] Iteration: 225/1000, Temp: 0.0056, Energy: -78.204170-0.033166j
[2025-04-21 22:52:48] Iteration: 226/1000, Temp: 0.0054, Energy: -78.211208-0.012614j
[2025-04-21 22:53:21] Iteration: 227/1000, Temp: 0.0053, Energy: -78.294459-0.016803j
[2025-04-21 22:53:53] Iteration: 228/1000, Temp: 0.0052, Energy: -78.246100-0.013378j
[2025-04-21 22:54:25] Iteration: 229/1000, Temp: 0.0051, Energy: -78.114285-0.008547j
[2025-04-21 22:54:57] Iteration: 230/1000, Temp: 0.0050, Energy: -78.334173-0.005576j
[2025-04-21 22:55:29] Iteration: 231/1000, Temp: 0.0049, Energy: -78.105867-0.010695j
[2025-04-21 22:56:01] Iteration: 232/1000, Temp: 0.0048, Energy: -78.096822+0.008689j
[2025-04-21 22:56:34] Iteration: 233/1000, Temp: 0.0047, Energy: -78.118165-0.017909j
[2025-04-21 22:57:06] Iteration: 234/1000, Temp: 0.0046, Energy: -78.293837-0.021245j
[2025-04-21 22:57:38] Iteration: 235/1000, Temp: 0.0045, Energy: -78.288491-0.020551j
[2025-04-21 22:58:10] Iteration: 236/1000, Temp: 0.0045, Energy: -78.341669+0.001867j
[2025-04-21 22:58:42] Iteration: 237/1000, Temp: 0.0044, Energy: -78.213673-0.001124j
[2025-04-21 22:59:14] Iteration: 238/1000, Temp: 0.0043, Energy: -78.122260-0.008682j
[2025-04-21 22:59:47] Iteration: 239/1000, Temp: 0.0042, Energy: -78.151051+0.004361j
[2025-04-21 23:00:19] Iteration: 240/1000, Temp: 0.0041, Energy: -78.102163+0.010416j
[2025-04-21 23:00:51] Iteration: 241/1000, Temp: 0.0040, Energy: -78.104408-0.011054j
[2025-04-21 23:01:23] Iteration: 242/1000, Temp: 0.0040, Energy: -78.094730-0.004213j
[2025-04-21 23:01:55] Iteration: 243/1000, Temp: 0.0039, Energy: -78.129999-0.008143j
[2025-04-21 23:02:28] Iteration: 244/1000, Temp: 0.0038, Energy: -78.166281+0.005478j
[2025-04-21 23:03:00] Iteration: 245/1000, Temp: 0.0037, Energy: -78.334813-0.008092j
[2025-04-21 23:03:32] Iteration: 246/1000, Temp: 0.0036, Energy: -78.164068-0.000114j
[2025-04-21 23:04:04] Iteration: 247/1000, Temp: 0.0036, Energy: -78.244442-0.016341j
[2025-04-21 23:04:36] Iteration: 248/1000, Temp: 0.0035, Energy: -78.324202-0.010741j
[2025-04-21 23:05:08] Iteration: 249/1000, Temp: 0.0034, Energy: -78.360535+0.020867j
[2025-04-21 23:05:41] Iteration: 250/1000, Temp: 0.0034, Energy: -78.303198+0.006366j
[2025-04-21 23:06:13] Iteration: 251/1000, Temp: 0.0033, Energy: -78.228576-0.004957j
[2025-04-21 23:06:45] Iteration: 252/1000, Temp: 0.0032, Energy: -78.268596+0.003055j
[2025-04-21 23:07:17] Iteration: 253/1000, Temp: 0.0032, Energy: -78.283443+0.006495j
[2025-04-21 23:07:49] Iteration: 254/1000, Temp: 0.0031, Energy: -78.439761+0.008099j
[2025-04-21 23:08:21] Iteration: 255/1000, Temp: 0.0030, Energy: -78.284268-0.004682j
[2025-04-21 23:08:54] Iteration: 256/1000, Temp: 0.0030, Energy: -78.282393-0.005626j
[2025-04-21 23:09:26] Iteration: 257/1000, Temp: 0.0029, Energy: -78.314075-0.008868j
[2025-04-21 23:09:58] Iteration: 258/1000, Temp: 0.0029, Energy: -78.351520-0.010215j
[2025-04-21 23:10:30] Iteration: 259/1000, Temp: 0.0028, Energy: -78.317157-0.010339j
[2025-04-21 23:11:02] Iteration: 260/1000, Temp: 0.0028, Energy: -78.316691+0.005573j
[2025-04-21 23:11:34] Iteration: 261/1000, Temp: 0.0027, Energy: -78.396685+0.010356j
[2025-04-21 23:12:07] Iteration: 262/1000, Temp: 0.0027, Energy: -78.491176+0.003419j
[2025-04-21 23:12:39] Iteration: 263/1000, Temp: 0.0026, Energy: -78.349182-0.005412j
[2025-04-21 23:13:11] Iteration: 264/1000, Temp: 0.0025, Energy: -78.337448-0.004603j
[2025-04-21 23:13:43] Iteration: 265/1000, Temp: 0.0025, Energy: -78.343345+0.004255j
[2025-04-21 23:14:15] Iteration: 266/1000, Temp: 0.0024, Energy: -78.318606+0.003522j
[2025-04-21 23:14:48] Iteration: 267/1000, Temp: 0.0024, Energy: -78.313330-0.011200j
[2025-04-21 23:15:20] Iteration: 268/1000, Temp: 0.0024, Energy: -78.435751-0.005827j
[2025-04-21 23:15:52] Iteration: 269/1000, Temp: 0.0023, Energy: -78.387767-0.005915j
[2025-04-21 23:16:24] Iteration: 270/1000, Temp: 0.0023, Energy: -78.261744+0.000264j
[2025-04-21 23:16:56] Iteration: 271/1000, Temp: 0.0022, Energy: -78.244272-0.001056j
[2025-04-21 23:17:29] Iteration: 272/1000, Temp: 0.0022, Energy: -78.279928-0.010703j
[2025-04-21 23:18:01] Iteration: 273/1000, Temp: 0.0021, Energy: -78.346308-0.007595j
[2025-04-21 23:18:33] Iteration: 274/1000, Temp: 0.0021, Energy: -78.223202+0.006731j
[2025-04-21 23:19:05] Iteration: 275/1000, Temp: 0.0020, Energy: -78.329427-0.018289j
[2025-04-21 23:19:37] Iteration: 276/1000, Temp: 0.0020, Energy: -78.357398+0.002467j
[2025-04-21 23:20:10] Iteration: 277/1000, Temp: 0.0020, Energy: -78.268738-0.002545j
[2025-04-21 23:20:42] Iteration: 278/1000, Temp: 0.0019, Energy: -78.416481-0.001722j
[2025-04-21 23:21:14] Iteration: 279/1000, Temp: 0.0019, Energy: -78.262256+0.009083j
[2025-04-21 23:21:46] Iteration: 280/1000, Temp: 0.0018, Energy: -78.150977+0.017590j
[2025-04-21 23:22:18] Iteration: 281/1000, Temp: 0.0018, Energy: -78.304575+0.008066j
[2025-04-21 23:22:51] Iteration: 282/1000, Temp: 0.0018, Energy: -78.317121-0.005267j
[2025-04-21 23:23:23] Iteration: 283/1000, Temp: 0.0017, Energy: -78.172803+0.004780j
[2025-04-21 23:23:55] Iteration: 284/1000, Temp: 0.0017, Energy: -78.030999+0.006584j
[2025-04-21 23:24:27] Iteration: 285/1000, Temp: 0.0017, Energy: -78.289688-0.001917j
[2025-04-21 23:25:00] Iteration: 286/1000, Temp: 0.0016, Energy: -78.207083-0.005827j
[2025-04-21 23:25:32] Iteration: 287/1000, Temp: 0.0016, Energy: -78.330222-0.000912j
[2025-04-21 23:26:04] Iteration: 288/1000, Temp: 0.0016, Energy: -78.364258+0.004163j
[2025-04-21 23:26:36] Iteration: 289/1000, Temp: 0.0015, Energy: -78.333468+0.008304j
[2025-04-21 23:27:08] Iteration: 290/1000, Temp: 0.0015, Energy: -78.414233+0.005081j
[2025-04-21 23:27:41] Iteration: 291/1000, Temp: 0.0015, Energy: -78.376502+0.003855j
[2025-04-21 23:28:13] Iteration: 292/1000, Temp: 0.0015, Energy: -78.421787-0.003526j
[2025-04-21 23:28:45] Iteration: 293/1000, Temp: 0.0014, Energy: -78.429592-0.005572j
[2025-04-21 23:29:17] Iteration: 294/1000, Temp: 0.0014, Energy: -78.587261-0.004422j
[2025-04-21 23:29:49] Iteration: 295/1000, Temp: 0.0014, Energy: -78.435079-0.003062j
[2025-04-21 23:30:22] Iteration: 296/1000, Temp: 0.0013, Energy: -78.370873-0.002283j
[2025-04-21 23:30:54] Iteration: 297/1000, Temp: 0.0013, Energy: -78.254218-0.002490j
[2025-04-21 23:31:26] Iteration: 298/1000, Temp: 0.0013, Energy: -78.291020-0.005385j
[2025-04-21 23:31:58] Iteration: 299/1000, Temp: 0.0013, Energy: -78.391707+0.004732j
[2025-04-21 23:32:30] Iteration: 300/1000, Temp: 0.0012, Energy: -78.343276-0.002823j
[2025-04-21 23:33:03] Iteration: 301/1000, Temp: 0.0012, Energy: -78.414983+0.004145j
[2025-04-21 23:33:35] Iteration: 302/1000, Temp: 0.0012, Energy: -78.320100+0.006134j
[2025-04-21 23:34:07] Iteration: 303/1000, Temp: 0.0012, Energy: -78.365206-0.015105j
[2025-04-21 23:34:39] Iteration: 304/1000, Temp: 0.0011, Energy: -78.539531-0.004376j
[2025-04-21 23:35:12] Iteration: 305/1000, Temp: 0.0011, Energy: -78.468006+0.011868j
[2025-04-21 23:35:44] Iteration: 306/1000, Temp: 0.0011, Energy: -78.214240-0.007409j
[2025-04-21 23:36:16] Iteration: 307/1000, Temp: 0.0011, Energy: -78.271389+0.013340j
[2025-04-21 23:36:48] Iteration: 308/1000, Temp: 0.0011, Energy: -78.277026+0.005461j
[2025-04-21 23:37:20] Iteration: 309/1000, Temp: 0.0010, Energy: -78.264811+0.009658j
[2025-04-21 23:37:53] Iteration: 310/1000, Temp: 0.0010, Energy: -78.322219-0.009641j
[2025-04-21 23:38:25] Iteration: 311/1000, Temp: 0.0010, Energy: -78.395672+0.006463j
[2025-04-21 23:38:57] Iteration: 312/1000, Temp: 0.0010, Energy: -78.494664-0.009864j
[2025-04-21 23:39:29] Iteration: 313/1000, Temp: 0.0010, Energy: -78.353856+0.006846j
[2025-04-21 23:40:02] Iteration: 314/1000, Temp: 0.0009, Energy: -78.295535-0.005099j
[2025-04-21 23:40:34] Iteration: 315/1000, Temp: 0.0009, Energy: -78.290992+0.001684j
[2025-04-21 23:41:06] Iteration: 316/1000, Temp: 0.0009, Energy: -78.461739+0.012707j
[2025-04-21 23:41:38] Iteration: 317/1000, Temp: 0.0009, Energy: -78.279841+0.009851j
[2025-04-21 23:42:10] Iteration: 318/1000, Temp: 0.0009, Energy: -78.218545-0.000117j
[2025-04-21 23:42:43] Iteration: 319/1000, Temp: 0.0008, Energy: -78.366629+0.005750j
[2025-04-21 23:43:15] Iteration: 320/1000, Temp: 0.0008, Energy: -78.497116+0.025684j
[2025-04-21 23:43:47] Iteration: 321/1000, Temp: 0.0008, Energy: -78.562053+0.004083j
[2025-04-21 23:44:19] Iteration: 322/1000, Temp: 0.0008, Energy: -78.428585-0.000847j
[2025-04-21 23:44:51] Iteration: 323/1000, Temp: 0.0008, Energy: -78.583150-0.007970j
[2025-04-21 23:45:23] Iteration: 324/1000, Temp: 0.0008, Energy: -78.668239+0.009233j
[2025-04-21 23:45:56] Iteration: 325/1000, Temp: 0.0008, Energy: -78.649674+0.013867j
[2025-04-21 23:46:28] Iteration: 326/1000, Temp: 0.0007, Energy: -78.446488-0.008083j
[2025-04-21 23:47:00] Iteration: 327/1000, Temp: 0.0007, Energy: -78.371003+0.001284j
[2025-04-21 23:47:32] Iteration: 328/1000, Temp: 0.0007, Energy: -78.359904+0.008576j
[2025-04-21 23:48:04] Iteration: 329/1000, Temp: 0.0007, Energy: -78.424687+0.003955j
[2025-04-21 23:48:37] Iteration: 330/1000, Temp: 0.0007, Energy: -78.550143-0.006337j
[2025-04-21 23:49:09] Iteration: 331/1000, Temp: 0.0007, Energy: -78.491454+0.002390j
[2025-04-21 23:49:41] Iteration: 332/1000, Temp: 0.0007, Energy: -78.339293-0.003204j
[2025-04-21 23:50:13] Iteration: 333/1000, Temp: 0.0006, Energy: -78.485478-0.003959j
[2025-04-21 23:50:45] Iteration: 334/1000, Temp: 0.0006, Energy: -78.251743-0.009677j
[2025-04-21 23:51:18] Iteration: 335/1000, Temp: 0.0006, Energy: -78.249407+0.013611j
[2025-04-21 23:51:50] Iteration: 336/1000, Temp: 0.0006, Energy: -78.275845-0.010353j
[2025-04-21 23:52:22] Iteration: 337/1000, Temp: 0.0006, Energy: -78.216490+0.006355j
[2025-04-21 23:52:54] Iteration: 338/1000, Temp: 0.0006, Energy: -78.182703-0.004520j
[2025-04-21 23:53:26] Iteration: 339/1000, Temp: 0.0006, Energy: -78.287919-0.002054j
[2025-04-21 23:53:58] Iteration: 340/1000, Temp: 0.0006, Energy: -78.294680+0.009007j
[2025-04-21 23:54:31] Iteration: 341/1000, Temp: 0.0005, Energy: -78.531970-0.006923j
[2025-04-21 23:55:03] Iteration: 342/1000, Temp: 0.0005, Energy: -78.371624-0.014417j
[2025-04-21 23:55:35] Iteration: 343/1000, Temp: 0.0005, Energy: -78.319249+0.004843j
[2025-04-21 23:56:07] Iteration: 344/1000, Temp: 0.0005, Energy: -78.417846-0.008918j
[2025-04-21 23:56:39] Iteration: 345/1000, Temp: 0.0005, Energy: -78.366442-0.008436j
[2025-04-21 23:57:12] Iteration: 346/1000, Temp: 0.0005, Energy: -78.576366-0.002223j
[2025-04-21 23:57:44] Iteration: 347/1000, Temp: 0.0005, Energy: -78.403601+0.008012j
[2025-04-21 23:58:16] Iteration: 348/1000, Temp: 0.0005, Energy: -78.426269-0.010700j
[2025-04-21 23:58:48] Iteration: 349/1000, Temp: 0.0005, Energy: -78.438136-0.007936j
[2025-04-21 23:59:21] Iteration: 350/1000, Temp: 0.0005, Energy: -78.214246-0.005488j
[2025-04-21 23:59:53] Iteration: 351/1000, Temp: 0.0004, Energy: -78.429818+0.009205j
[2025-04-22 00:00:25] Iteration: 352/1000, Temp: 0.0004, Energy: -78.367908-0.002460j
[2025-04-22 00:00:57] Iteration: 353/1000, Temp: 0.0004, Energy: -78.168366-0.009006j
[2025-04-22 00:01:29] Iteration: 354/1000, Temp: 0.0004, Energy: -78.185748+0.009618j
[2025-04-22 00:02:01] Iteration: 355/1000, Temp: 0.0004, Energy: -78.367221-0.009147j
[2025-04-22 00:02:34] Iteration: 356/1000, Temp: 0.0004, Energy: -78.336607-0.010118j
[2025-04-22 00:03:06] Iteration: 357/1000, Temp: 0.0004, Energy: -78.405966-0.010776j
[2025-04-22 00:03:38] Iteration: 358/1000, Temp: 0.0004, Energy: -78.437328+0.003683j
[2025-04-22 00:04:10] Iteration: 359/1000, Temp: 0.0004, Energy: -78.453574-0.004952j
[2025-04-22 00:04:43] Iteration: 360/1000, Temp: 0.0004, Energy: -78.400800-0.005137j
[2025-04-22 00:05:15] Iteration: 361/1000, Temp: 0.0004, Energy: -78.387160-0.004102j
[2025-04-22 00:05:47] Iteration: 362/1000, Temp: 0.0004, Energy: -78.471891-0.012362j
[2025-04-22 00:06:19] Iteration: 363/1000, Temp: 0.0004, Energy: -78.323318-0.000892j
[2025-04-22 00:06:51] Iteration: 364/1000, Temp: 0.0003, Energy: -78.409632-0.001970j
[2025-04-22 00:07:23] Iteration: 365/1000, Temp: 0.0003, Energy: -78.534099+0.002422j
[2025-04-22 00:07:56] Iteration: 366/1000, Temp: 0.0003, Energy: -78.512037-0.009023j
[2025-04-22 00:08:28] Iteration: 367/1000, Temp: 0.0003, Energy: -78.387286+0.002361j
[2025-04-22 00:09:00] Iteration: 368/1000, Temp: 0.0003, Energy: -78.301023+0.003136j
[2025-04-22 00:09:32] Iteration: 369/1000, Temp: 0.0003, Energy: -78.385524-0.017856j
[2025-04-22 00:10:04] Iteration: 370/1000, Temp: 0.0003, Energy: -78.356188-0.001788j
[2025-04-22 00:10:37] Iteration: 371/1000, Temp: 0.0003, Energy: -78.296528-0.003294j
[2025-04-22 00:11:09] Iteration: 372/1000, Temp: 0.0003, Energy: -78.442545+0.005124j
[2025-04-22 00:11:41] Iteration: 373/1000, Temp: 0.0003, Energy: -78.527427-0.000592j
[2025-04-22 00:12:13] Iteration: 374/1000, Temp: 0.0003, Energy: -78.429284-0.001258j
[2025-04-22 00:12:46] Iteration: 375/1000, Temp: 0.0003, Energy: -78.281247-0.001732j
[2025-04-22 00:13:18] Iteration: 376/1000, Temp: 0.0003, Energy: -78.445337-0.003881j
[2025-04-22 00:13:50] Iteration: 377/1000, Temp: 0.0003, Energy: -78.434250+0.003898j
[2025-04-22 00:14:22] Iteration: 378/1000, Temp: 0.0003, Energy: -78.303565+0.002454j
[2025-04-22 00:14:54] Iteration: 379/1000, Temp: 0.0003, Energy: -78.587203+0.002805j
[2025-04-22 00:15:27] Iteration: 380/1000, Temp: 0.0003, Energy: -78.506615-0.009498j
[2025-04-22 00:15:59] Iteration: 381/1000, Temp: 0.0002, Energy: -78.392723+0.004343j
[2025-04-22 00:16:31] Iteration: 382/1000, Temp: 0.0002, Energy: -78.489984-0.007917j
[2025-04-22 00:17:03] Iteration: 383/1000, Temp: 0.0002, Energy: -78.534068-0.001619j
[2025-04-22 00:17:35] Iteration: 384/1000, Temp: 0.0002, Energy: -78.493281+0.011175j
[2025-04-22 00:18:08] Iteration: 385/1000, Temp: 0.0002, Energy: -78.462524+0.009792j
[2025-04-22 00:18:40] Iteration: 386/1000, Temp: 0.0002, Energy: -78.492875-0.002813j
[2025-04-22 00:19:12] Iteration: 387/1000, Temp: 0.0002, Energy: -78.449856+0.000227j
[2025-04-22 00:19:44] Iteration: 388/1000, Temp: 0.0002, Energy: -78.466346+0.005285j
[2025-04-22 00:20:17] Iteration: 389/1000, Temp: 0.0002, Energy: -78.447752-0.005390j
[2025-04-22 00:20:49] Iteration: 390/1000, Temp: 0.0002, Energy: -78.366704+0.004290j
[2025-04-22 00:21:21] Iteration: 391/1000, Temp: 0.0002, Energy: -78.550264+0.014469j
[2025-04-22 00:21:53] Iteration: 392/1000, Temp: 0.0002, Energy: -78.389110-0.002218j
[2025-04-22 00:22:25] Iteration: 393/1000, Temp: 0.0002, Energy: -78.489196+0.005409j
[2025-04-22 00:22:58] Iteration: 394/1000, Temp: 0.0002, Energy: -78.513078-0.006788j
[2025-04-22 00:23:30] Iteration: 395/1000, Temp: 0.0002, Energy: -78.576751-0.002734j
[2025-04-22 00:24:02] Iteration: 396/1000, Temp: 0.0002, Energy: -78.371162-0.009763j
[2025-04-22 00:24:34] Iteration: 397/1000, Temp: 0.0002, Energy: -78.609287-0.001004j
[2025-04-22 00:25:06] Iteration: 398/1000, Temp: 0.0002, Energy: -78.582118-0.002658j
[2025-04-22 00:25:39] Iteration: 399/1000, Temp: 0.0002, Energy: -78.321579+0.000143j
[2025-04-22 00:26:11] Iteration: 400/1000, Temp: 0.0002, Energy: -78.496657+0.000103j
[2025-04-22 00:26:43] Iteration: 401/1000, Temp: 0.0002, Energy: -78.437343-0.000881j
[2025-04-22 00:27:15] Iteration: 402/1000, Temp: 0.0002, Energy: -78.322479-0.001943j
[2025-04-22 00:27:47] Iteration: 403/1000, Temp: 0.0002, Energy: -78.403661-0.000398j
[2025-04-22 00:28:20] Iteration: 404/1000, Temp: 0.0002, Energy: -78.371105-0.000939j
[2025-04-22 00:28:52] Iteration: 405/1000, Temp: 0.0002, Energy: -78.325872+0.006067j
[2025-04-22 00:29:24] Iteration: 406/1000, Temp: 0.0001, Energy: -78.324170-0.001841j
[2025-04-22 00:29:56] Iteration: 407/1000, Temp: 0.0001, Energy: -78.380696-0.002786j
[2025-04-22 00:30:28] Iteration: 408/1000, Temp: 0.0001, Energy: -78.454150+0.004074j
[2025-04-22 00:31:01] Iteration: 409/1000, Temp: 0.0001, Energy: -78.296290-0.000454j
[2025-04-22 00:31:33] Iteration: 410/1000, Temp: 0.0001, Energy: -78.546127+0.008373j
[2025-04-22 00:32:05] Iteration: 411/1000, Temp: 0.0001, Energy: -78.436196-0.005354j
[2025-04-22 00:32:37] Iteration: 412/1000, Temp: 0.0001, Energy: -78.498347-0.005355j
[2025-04-22 00:33:10] Iteration: 413/1000, Temp: 0.0001, Energy: -78.502361+0.006858j
[2025-04-22 00:33:42] Iteration: 414/1000, Temp: 0.0001, Energy: -78.330647+0.005665j
[2025-04-22 00:34:14] Iteration: 415/1000, Temp: 0.0001, Energy: -78.399892+0.007166j
[2025-04-22 00:34:46] Iteration: 416/1000, Temp: 0.0001, Energy: -78.382849-0.004434j
[2025-04-22 00:35:18] Iteration: 417/1000, Temp: 0.0001, Energy: -78.488731+0.001386j
[2025-04-22 00:35:51] Iteration: 418/1000, Temp: 0.0001, Energy: -78.342328+0.011117j
[2025-04-22 00:36:23] Iteration: 419/1000, Temp: 0.0001, Energy: -78.385172-0.001774j
[2025-04-22 00:36:55] Iteration: 420/1000, Temp: 0.0001, Energy: -78.420099+0.001250j
[2025-04-22 00:37:27] Iteration: 421/1000, Temp: 0.0001, Energy: -78.283874+0.001721j
[2025-04-22 00:38:00] Iteration: 422/1000, Temp: 0.0001, Energy: -78.215167-0.002883j
[2025-04-22 00:38:32] Iteration: 423/1000, Temp: 0.0001, Energy: -78.504175+0.006549j
[2025-04-22 00:39:04] Iteration: 424/1000, Temp: 0.0001, Energy: -78.333357+0.011252j
[2025-04-22 00:39:36] Iteration: 425/1000, Temp: 0.0001, Energy: -78.227542+0.003954j
[2025-04-22 00:40:08] Iteration: 426/1000, Temp: 0.0001, Energy: -78.427856-0.018646j
[2025-04-22 00:40:41] Iteration: 427/1000, Temp: 0.0001, Energy: -78.521919-0.017535j
[2025-04-22 00:41:13] Iteration: 428/1000, Temp: 0.0001, Energy: -78.460616-0.007788j
[2025-04-22 00:41:45] Iteration: 429/1000, Temp: 0.0001, Energy: -78.430138+0.013228j
[2025-04-22 00:42:17] Iteration: 430/1000, Temp: 0.0001, Energy: -78.532550+0.005423j
[2025-04-22 00:42:49] Iteration: 431/1000, Temp: 0.0001, Energy: -78.427702-0.007318j
[2025-04-22 00:43:22] Iteration: 432/1000, Temp: 0.0001, Energy: -78.386795+0.008651j
[2025-04-22 00:43:54] Iteration: 433/1000, Temp: 0.0001, Energy: -78.518432+0.005561j
[2025-04-22 00:44:26] Iteration: 434/1000, Temp: 0.0001, Energy: -78.512812-0.006613j
[2025-04-22 00:44:58] Iteration: 435/1000, Temp: 0.0001, Energy: -78.448925-0.002891j
[2025-04-22 00:45:31] Iteration: 436/1000, Temp: 0.0001, Energy: -78.300281-0.003852j
[2025-04-22 00:46:03] Iteration: 437/1000, Temp: 0.0001, Energy: -78.314000-0.003051j
[2025-04-22 00:46:35] Iteration: 438/1000, Temp: 0.0001, Energy: -78.564761-0.005244j
[2025-04-22 00:47:07] Iteration: 439/1000, Temp: 0.0001, Energy: -78.555148+0.002099j
[2025-04-22 00:47:39] Iteration: 440/1000, Temp: 0.0001, Energy: -78.425726-0.002039j
[2025-04-22 00:48:12] Iteration: 441/1000, Temp: 0.0001, Energy: -78.479155-0.000293j
[2025-04-22 00:48:44] Iteration: 442/1000, Temp: 0.0001, Energy: -78.475066+0.002067j
[2025-04-22 00:49:16] Iteration: 443/1000, Temp: 0.0001, Energy: -78.382848+0.005503j
[2025-04-22 00:49:48] Iteration: 444/1000, Temp: 0.0001, Energy: -78.486366-0.008165j
[2025-04-22 00:50:21] Iteration: 445/1000, Temp: 0.0001, Energy: -78.443944-0.005907j
[2025-04-22 00:50:53] Iteration: 446/1000, Temp: 0.0001, Energy: -78.434625-0.004102j
[2025-04-22 00:51:25] Iteration: 447/1000, Temp: 0.0001, Energy: -78.481269-0.000566j
[2025-04-22 00:51:57] Iteration: 448/1000, Temp: 0.0001, Energy: -78.405219+0.002809j
[2025-04-22 00:52:30] Iteration: 449/1000, Temp: 0.0001, Energy: -78.431846+0.004317j
[2025-04-22 00:53:02] Iteration: 450/1000, Temp: 0.0001, Energy: -78.384332-0.007781j
[2025-04-22 00:53:34] Iteration: 451/1000, Temp: 0.0001, Energy: -78.417768-0.003109j
[2025-04-22 00:54:06] Iteration: 452/1000, Temp: 0.0001, Energy: -78.331765+0.004958j
[2025-04-22 00:54:38] Iteration: 453/1000, Temp: 0.0001, Energy: -78.474977-0.002307j
[2025-04-22 00:55:11] Iteration: 454/1000, Temp: 0.0001, Energy: -78.298371-0.002701j
[2025-04-22 00:55:43] Iteration: 455/1000, Temp: 0.0001, Energy: -78.424415-0.009345j
[2025-04-22 00:56:15] Iteration: 456/1000, Temp: 0.0001, Energy: -78.486523-0.000302j
[2025-04-22 00:56:47] Iteration: 457/1000, Temp: 0.0001, Energy: -78.363210+0.004270j
[2025-04-22 00:57:19] Iteration: 458/1000, Temp: 0.0001, Energy: -78.325917+0.004145j
[2025-04-22 00:57:52] Iteration: 459/1000, Temp: 0.0001, Energy: -78.436009+0.007291j
[2025-04-22 00:58:24] Iteration: 460/1000, Temp: 0.0001, Energy: -78.523723-0.002769j
[2025-04-22 00:58:56] Iteration: 461/1000, Temp: 0.0000, Energy: -78.647021-0.004376j
[2025-04-22 00:59:28] Iteration: 462/1000, Temp: 0.0000, Energy: -78.511446+0.006253j
[2025-04-22 01:00:00] Iteration: 463/1000, Temp: 0.0000, Energy: -78.447231+0.001543j
[2025-04-22 01:00:33] Iteration: 464/1000, Temp: 0.0000, Energy: -78.556304-0.003244j
[2025-04-22 01:01:05] Iteration: 465/1000, Temp: 0.0000, Energy: -78.411394+0.004637j
[2025-04-22 01:01:37] Iteration: 466/1000, Temp: 0.0000, Energy: -78.437311-0.002636j
[2025-04-22 01:02:09] Iteration: 467/1000, Temp: 0.0000, Energy: -78.603306+0.014839j
[2025-04-22 01:02:42] Iteration: 468/1000, Temp: 0.0000, Energy: -78.506957-0.003365j
[2025-04-22 01:03:14] Iteration: 469/1000, Temp: 0.0000, Energy: -78.470705+0.008146j
[2025-04-22 01:03:46] Iteration: 470/1000, Temp: 0.0000, Energy: -78.536497+0.006468j
[2025-04-22 01:04:18] Iteration: 471/1000, Temp: 0.0000, Energy: -78.549752+0.002100j
[2025-04-22 01:04:50] Iteration: 472/1000, Temp: 0.0000, Energy: -78.662893+0.003058j
[2025-04-22 01:05:22] Iteration: 473/1000, Temp: 0.0000, Energy: -78.654729+0.002010j
[2025-04-22 01:05:55] Iteration: 474/1000, Temp: 0.0000, Energy: -78.530417+0.009495j
[2025-04-22 01:06:27] Iteration: 475/1000, Temp: 0.0000, Energy: -78.489215+0.005312j
[2025-04-22 01:06:59] Iteration: 476/1000, Temp: 0.0000, Energy: -78.432833+0.002859j
[2025-04-22 01:07:31] Iteration: 477/1000, Temp: 0.0000, Energy: -78.486900-0.006953j
[2025-04-22 01:08:04] Iteration: 478/1000, Temp: 0.0000, Energy: -78.449162+0.007529j
[2025-04-22 01:08:36] Iteration: 479/1000, Temp: 0.0000, Energy: -78.336963+0.002846j
[2025-04-22 01:09:08] Iteration: 480/1000, Temp: 0.0000, Energy: -78.292450+0.002472j
[2025-04-22 01:09:40] Iteration: 481/1000, Temp: 0.0000, Energy: -78.413434-0.001804j
[2025-04-22 01:10:12] Iteration: 482/1000, Temp: 0.0000, Energy: -78.523040+0.016512j
[2025-04-22 01:10:45] Iteration: 483/1000, Temp: 0.0000, Energy: -78.338392-0.007063j
[2025-04-22 01:11:17] Iteration: 484/1000, Temp: 0.0000, Energy: -78.322925+0.006113j
[2025-04-22 01:11:49] Iteration: 485/1000, Temp: 0.0000, Energy: -78.419451-0.001787j
[2025-04-22 01:12:21] Iteration: 486/1000, Temp: 0.0000, Energy: -78.634141+0.003794j
[2025-04-22 01:12:53] Iteration: 487/1000, Temp: 0.0000, Energy: -78.347477+0.003104j
[2025-04-22 01:13:25] Iteration: 488/1000, Temp: 0.0000, Energy: -78.464740-0.001412j
[2025-04-22 01:13:58] Iteration: 489/1000, Temp: 0.0000, Energy: -78.428640+0.001744j
[2025-04-22 01:14:30] Iteration: 490/1000, Temp: 0.0000, Energy: -78.422188+0.003428j
[2025-04-22 01:15:02] Iteration: 491/1000, Temp: 0.0000, Energy: -78.389036+0.004935j
[2025-04-22 01:15:34] Iteration: 492/1000, Temp: 0.0000, Energy: -78.230269-0.010728j
[2025-04-22 01:16:06] Iteration: 493/1000, Temp: 0.0000, Energy: -78.289625+0.004514j
[2025-04-22 01:16:38] Iteration: 494/1000, Temp: 0.0000, Energy: -78.329638+0.001953j
[2025-04-22 01:17:11] Iteration: 495/1000, Temp: 0.0000, Energy: -78.449728+0.001428j
[2025-04-22 01:17:43] Iteration: 496/1000, Temp: 0.0000, Energy: -78.538532-0.001832j
[2025-04-22 01:18:15] Iteration: 497/1000, Temp: 0.0000, Energy: -78.410002+0.002431j
[2025-04-22 01:18:47] Iteration: 498/1000, Temp: 0.0000, Energy: -78.524667+0.005175j
[2025-04-22 01:19:19] Iteration: 499/1000, Temp: 0.0000, Energy: -78.493852-0.003436j
[2025-04-22 01:19:52] Iteration: 500/1000, Temp: 0.0000, Energy: -78.544790+0.003218j
[2025-04-22 01:20:24] Iteration: 501/1000, Temp: 0.0000, Energy: -78.483068-0.013116j
[2025-04-22 01:20:56] Iteration: 502/1000, Temp: 0.0000, Energy: -78.486336+0.001014j
[2025-04-22 01:21:28] Iteration: 503/1000, Temp: 0.0000, Energy: -78.548755+0.004088j
[2025-04-22 01:22:01] Iteration: 504/1000, Temp: 0.0000, Energy: -78.383031-0.004668j
[2025-04-22 01:22:33] Iteration: 505/1000, Temp: 0.0000, Energy: -78.456168-0.000491j
[2025-04-22 01:23:05] Iteration: 506/1000, Temp: 0.0000, Energy: -78.613001-0.003986j
[2025-04-22 01:23:37] Iteration: 507/1000, Temp: 0.0000, Energy: -78.601947+0.001020j
[2025-04-22 01:24:09] Iteration: 508/1000, Temp: 0.0000, Energy: -78.597144+0.002698j
[2025-04-22 01:24:42] Iteration: 509/1000, Temp: 0.0000, Energy: -78.431994-0.001725j
[2025-04-22 01:25:14] Iteration: 510/1000, Temp: 0.0000, Energy: -78.451946+0.004306j
[2025-04-22 01:25:46] Iteration: 511/1000, Temp: 0.0000, Energy: -78.564926-0.002130j
[2025-04-22 01:26:18] Iteration: 512/1000, Temp: 0.0000, Energy: -78.569915+0.003680j
[2025-04-22 01:26:50] Iteration: 513/1000, Temp: 0.0000, Energy: -78.559931+0.000964j
[2025-04-22 01:27:23] Iteration: 514/1000, Temp: 0.0000, Energy: -78.483047-0.003468j
[2025-04-22 01:27:55] Iteration: 515/1000, Temp: 0.0000, Energy: -78.405513-0.004811j
[2025-04-22 01:28:27] Iteration: 516/1000, Temp: 0.0000, Energy: -78.418160-0.008070j
[2025-04-22 01:28:59] Iteration: 517/1000, Temp: 0.0000, Energy: -78.402669+0.002290j
[2025-04-22 01:29:31] Iteration: 518/1000, Temp: 0.0000, Energy: -78.306481+0.000258j
[2025-04-22 01:30:03] Iteration: 519/1000, Temp: 0.0000, Energy: -78.440523-0.001939j
[2025-04-22 01:30:36] Iteration: 520/1000, Temp: 0.0000, Energy: -78.438164-0.001736j
[2025-04-22 01:31:08] Iteration: 521/1000, Temp: 0.0000, Energy: -78.370127+0.009482j
[2025-04-22 01:31:40] Iteration: 522/1000, Temp: 0.0000, Energy: -78.420852+0.001460j
[2025-04-22 01:32:12] Iteration: 523/1000, Temp: 0.0000, Energy: -78.502748-0.003691j
[2025-04-22 01:32:45] Iteration: 524/1000, Temp: 0.0000, Energy: -78.366601-0.003687j
[2025-04-22 01:33:17] Iteration: 525/1000, Temp: 0.0000, Energy: -78.434980+0.007355j
[2025-04-22 01:33:49] Iteration: 526/1000, Temp: 0.0000, Energy: -78.437896+0.000377j
[2025-04-22 01:34:21] Iteration: 527/1000, Temp: 0.0000, Energy: -78.548087+0.005142j
[2025-04-22 01:34:53] Iteration: 528/1000, Temp: 0.0000, Energy: -78.514560+0.003807j
[2025-04-22 01:35:26] Iteration: 529/1000, Temp: 0.0000, Energy: -78.535021+0.004857j
[2025-04-22 01:35:58] Iteration: 530/1000, Temp: 0.0000, Energy: -78.511449+0.003745j
[2025-04-22 01:36:30] Iteration: 531/1000, Temp: 0.0000, Energy: -78.577773-0.001558j
[2025-04-22 01:37:02] Iteration: 532/1000, Temp: 0.0000, Energy: -78.721712-0.004437j
[2025-04-22 01:37:34] Iteration: 533/1000, Temp: 0.0000, Energy: -78.709596+0.003288j
[2025-04-22 01:38:06] Iteration: 534/1000, Temp: 0.0000, Energy: -78.801839-0.002053j
[2025-04-22 01:38:39] Iteration: 535/1000, Temp: 0.0000, Energy: -78.716510-0.004508j
[2025-04-22 01:39:11] Iteration: 536/1000, Temp: 0.0000, Energy: -78.516688+0.000850j
[2025-04-22 01:39:43] Iteration: 537/1000, Temp: 0.0000, Energy: -78.382579+0.003002j
[2025-04-22 01:40:15] Iteration: 538/1000, Temp: 0.0000, Energy: -78.323542-0.001216j
[2025-04-22 01:40:41] Iteration: 539/1000, Temp: 0.0000, Energy: -78.350507-0.003025j
[2025-04-22 01:40:56] Iteration: 540/1000, Temp: 0.0000, Energy: -78.468100+0.006704j
[2025-04-22 01:41:10] Iteration: 541/1000, Temp: 0.0000, Energy: -78.622343+0.006157j
[2025-04-22 01:41:25] Iteration: 542/1000, Temp: 0.0000, Energy: -78.561683-0.005788j
[2025-04-22 01:41:39] Iteration: 543/1000, Temp: 0.0000, Energy: -78.385598-0.000492j
[2025-04-22 01:41:54] Iteration: 544/1000, Temp: 0.0000, Energy: -78.209758-0.007380j
[2025-04-22 01:42:08] Iteration: 545/1000, Temp: 0.0000, Energy: -78.353228+0.000606j
[2025-04-22 01:42:22] Iteration: 546/1000, Temp: 0.0000, Energy: -78.358493-0.004600j
[2025-04-22 01:42:37] Iteration: 547/1000, Temp: 0.0000, Energy: -78.394901-0.001674j
[2025-04-22 01:42:51] Iteration: 548/1000, Temp: 0.0000, Energy: -78.303631-0.007074j
[2025-04-22 01:43:06] Iteration: 549/1000, Temp: 0.0000, Energy: -78.364442+0.000259j
[2025-04-22 01:43:20] Iteration: 550/1000, Temp: 0.0000, Energy: -78.461313-0.000605j
[2025-04-22 01:43:35] Iteration: 551/1000, Temp: 0.0000, Energy: -78.477482-0.007087j
[2025-04-22 01:43:49] Iteration: 552/1000, Temp: 0.0000, Energy: -78.596274+0.002531j
[2025-04-22 01:44:04] Iteration: 553/1000, Temp: 0.0000, Energy: -78.429916+0.007876j
[2025-04-22 01:44:18] Iteration: 554/1000, Temp: 0.0000, Energy: -78.382678-0.002811j
[2025-04-22 01:44:32] Iteration: 555/1000, Temp: 0.0000, Energy: -78.450964+0.007382j
[2025-04-22 01:44:47] Iteration: 556/1000, Temp: 0.0000, Energy: -78.536851+0.005878j
[2025-04-22 01:45:01] Iteration: 557/1000, Temp: 0.0000, Energy: -78.628343-0.002098j
[2025-04-22 01:45:16] Iteration: 558/1000, Temp: 0.0000, Energy: -78.581515+0.000363j
[2025-04-22 01:45:30] Iteration: 559/1000, Temp: 0.0000, Energy: -78.439495-0.005988j
[2025-04-22 01:45:45] Iteration: 560/1000, Temp: 0.0000, Energy: -78.348123+0.009791j
[2025-04-22 01:45:59] Iteration: 561/1000, Temp: 0.0000, Energy: -78.430271+0.003508j
[2025-04-22 01:46:14] Iteration: 562/1000, Temp: 0.0000, Energy: -78.465722-0.007504j
[2025-04-22 01:46:28] Iteration: 563/1000, Temp: 0.0000, Energy: -78.467268+0.002471j
[2025-04-22 01:46:43] Iteration: 564/1000, Temp: 0.0000, Energy: -78.552159+0.002950j
[2025-04-22 01:46:57] Iteration: 565/1000, Temp: 0.0000, Energy: -78.677295-0.005002j
[2025-04-22 01:47:11] Iteration: 566/1000, Temp: 0.0000, Energy: -78.434878+0.006710j
[2025-04-22 01:47:26] Iteration: 567/1000, Temp: 0.0000, Energy: -78.467895-0.009014j
[2025-04-22 01:47:40] Iteration: 568/1000, Temp: 0.0000, Energy: -78.541574-0.006360j
[2025-04-22 01:47:55] Iteration: 569/1000, Temp: 0.0000, Energy: -78.539383-0.004524j
[2025-04-22 01:48:09] Iteration: 570/1000, Temp: 0.0000, Energy: -78.480477-0.000051j
[2025-04-22 01:48:24] Iteration: 571/1000, Temp: 0.0000, Energy: -78.599741+0.006624j
[2025-04-22 01:48:38] Iteration: 572/1000, Temp: 0.0000, Energy: -78.458180+0.001258j
[2025-04-22 01:48:53] Iteration: 573/1000, Temp: 0.0000, Energy: -78.403636+0.001136j
[2025-04-22 01:49:07] Iteration: 574/1000, Temp: 0.0000, Energy: -78.446918+0.000907j
[2025-04-22 01:49:22] Iteration: 575/1000, Temp: 0.0000, Energy: -78.296539-0.001196j
[2025-04-22 01:49:36] Iteration: 576/1000, Temp: 0.0000, Energy: -78.312343-0.003544j
[2025-04-22 01:49:50] Iteration: 577/1000, Temp: 0.0000, Energy: -78.461883+0.003450j
[2025-04-22 01:50:05] Iteration: 578/1000, Temp: 0.0000, Energy: -78.434674+0.003282j
[2025-04-22 01:50:19] Iteration: 579/1000, Temp: 0.0000, Energy: -78.494589+0.004879j
[2025-04-22 01:50:34] Iteration: 580/1000, Temp: 0.0000, Energy: -78.497451-0.001596j
[2025-04-22 01:50:48] Iteration: 581/1000, Temp: 0.0000, Energy: -78.480304-0.001743j
[2025-04-22 01:51:03] Iteration: 582/1000, Temp: 0.0000, Energy: -78.471798-0.002978j
[2025-04-22 01:51:17] Iteration: 583/1000, Temp: 0.0000, Energy: -78.557039-0.005116j
[2025-04-22 01:51:32] Iteration: 584/1000, Temp: 0.0000, Energy: -78.660264-0.007389j
[2025-04-22 01:51:46] Iteration: 585/1000, Temp: 0.0000, Energy: -78.644445-0.002824j
[2025-04-22 01:52:01] Iteration: 586/1000, Temp: 0.0000, Energy: -78.688183-0.008445j
[2025-04-22 01:52:15] Iteration: 587/1000, Temp: 0.0000, Energy: -78.352117+0.007579j
[2025-04-22 01:52:30] Iteration: 588/1000, Temp: 0.0000, Energy: -78.457366+0.011502j
[2025-04-22 01:52:44] Iteration: 589/1000, Temp: 0.0000, Energy: -78.489172+0.001201j
[2025-04-22 01:52:58] Iteration: 590/1000, Temp: 0.0000, Energy: -78.558607-0.001448j
[2025-04-22 01:53:13] Iteration: 591/1000, Temp: 0.0000, Energy: -78.542708-0.003150j
[2025-04-22 01:53:27] Iteration: 592/1000, Temp: 0.0000, Energy: -78.557599+0.001377j
[2025-04-22 01:53:42] Iteration: 593/1000, Temp: 0.0000, Energy: -78.272385+0.001275j
[2025-04-22 01:53:56] Iteration: 594/1000, Temp: 0.0000, Energy: -78.543786+0.005511j
[2025-04-22 01:54:11] Iteration: 595/1000, Temp: 0.0000, Energy: -78.534368-0.000888j
[2025-04-22 01:54:25] Iteration: 596/1000, Temp: 0.0000, Energy: -78.501897+0.003234j
[2025-04-22 01:54:40] Iteration: 597/1000, Temp: 0.0000, Energy: -78.437897+0.004624j
[2025-04-22 01:54:54] Iteration: 598/1000, Temp: 0.0000, Energy: -78.354988-0.003573j
[2025-04-22 01:55:09] Iteration: 599/1000, Temp: 0.0000, Energy: -78.404120+0.001625j
[2025-04-22 01:55:23] Iteration: 600/1000, Temp: 0.0000, Energy: -78.596755+0.002656j
[2025-04-22 01:55:37] Iteration: 601/1000, Temp: 0.0000, Energy: -78.304425-0.001102j
[2025-04-22 01:55:52] Iteration: 602/1000, Temp: 0.0000, Energy: -78.371341+0.001357j
[2025-04-22 01:56:06] Iteration: 603/1000, Temp: 0.0000, Energy: -78.560309-0.004001j
[2025-04-22 01:56:21] Iteration: 604/1000, Temp: 0.0000, Energy: -78.566972+0.016595j
[2025-04-22 01:56:35] Iteration: 605/1000, Temp: 0.0000, Energy: -78.563589+0.002565j
[2025-04-22 01:56:50] Iteration: 606/1000, Temp: 0.0000, Energy: -78.400858+0.004292j
[2025-04-22 01:57:04] Iteration: 607/1000, Temp: 0.0000, Energy: -78.515389+0.003381j
[2025-04-22 01:57:19] Iteration: 608/1000, Temp: 0.0000, Energy: -78.309654-0.002555j
[2025-04-22 01:57:33] Iteration: 609/1000, Temp: 0.0000, Energy: -78.437210+0.003224j
[2025-04-22 01:57:48] Iteration: 610/1000, Temp: 0.0000, Energy: -78.487721-0.002392j
[2025-04-22 01:58:02] Iteration: 611/1000, Temp: 0.0000, Energy: -78.401392+0.006716j
[2025-04-22 01:58:17] Iteration: 612/1000, Temp: 0.0000, Energy: -78.285000-0.004713j
[2025-04-22 01:58:31] Iteration: 613/1000, Temp: 0.0000, Energy: -78.477628-0.006805j
[2025-04-22 01:58:46] Iteration: 614/1000, Temp: 0.0000, Energy: -78.502228+0.001526j
[2025-04-22 01:59:00] Iteration: 615/1000, Temp: 0.0000, Energy: -78.523911-0.003399j
[2025-04-22 01:59:15] Iteration: 616/1000, Temp: 0.0000, Energy: -78.474397-0.001914j
[2025-04-22 01:59:29] Iteration: 617/1000, Temp: 0.0000, Energy: -78.492476-0.011708j
[2025-04-22 01:59:43] Iteration: 618/1000, Temp: 0.0000, Energy: -78.560846-0.005050j
[2025-04-22 01:59:58] Iteration: 619/1000, Temp: 0.0000, Energy: -78.639070-0.009014j
[2025-04-22 02:00:12] Iteration: 620/1000, Temp: 0.0000, Energy: -78.577655-0.006203j
[2025-04-22 02:00:27] Iteration: 621/1000, Temp: 0.0000, Energy: -78.578556+0.001529j
[2025-04-22 02:00:41] Iteration: 622/1000, Temp: 0.0000, Energy: -78.373070+0.002398j
[2025-04-22 02:00:56] Iteration: 623/1000, Temp: 0.0000, Energy: -78.470039+0.006544j
[2025-04-22 02:01:10] Iteration: 624/1000, Temp: 0.0000, Energy: -78.459373+0.007132j
[2025-04-22 02:01:25] Iteration: 625/1000, Temp: 0.0000, Energy: -78.537238-0.000639j
[2025-04-22 02:01:39] Iteration: 626/1000, Temp: 0.0000, Energy: -78.546807-0.001662j
[2025-04-22 02:01:54] Iteration: 627/1000, Temp: 0.0000, Energy: -78.441379+0.004871j
[2025-04-22 02:02:08] Iteration: 628/1000, Temp: 0.0000, Energy: -78.532242-0.000121j
[2025-04-22 02:02:22] Iteration: 629/1000, Temp: 0.0000, Energy: -78.502948-0.000853j
[2025-04-22 02:02:37] Iteration: 630/1000, Temp: 0.0000, Energy: -78.340029-0.002380j
[2025-04-22 02:02:51] Iteration: 631/1000, Temp: 0.0000, Energy: -78.422788+0.003298j
[2025-04-22 02:03:06] Iteration: 632/1000, Temp: 0.0000, Energy: -78.430257+0.000808j
[2025-04-22 02:03:20] Iteration: 633/1000, Temp: 0.0000, Energy: -78.507380+0.000741j
[2025-04-22 02:03:35] Iteration: 634/1000, Temp: 0.0000, Energy: -78.531013+0.002503j
[2025-04-22 02:03:49] Iteration: 635/1000, Temp: 0.0000, Energy: -78.481163-0.005879j
[2025-04-22 02:04:04] Iteration: 636/1000, Temp: 0.0000, Energy: -78.580656-0.000959j
[2025-04-22 02:04:18] Iteration: 637/1000, Temp: 0.0000, Energy: -78.467118+0.006870j
[2025-04-22 02:04:33] Iteration: 638/1000, Temp: 0.0000, Energy: -78.513085+0.010266j
[2025-04-22 02:04:47] Iteration: 639/1000, Temp: 0.0000, Energy: -78.725629-0.001250j
[2025-04-22 02:05:01] Iteration: 640/1000, Temp: 0.0000, Energy: -78.620981+0.001465j
[2025-04-22 02:05:16] Iteration: 641/1000, Temp: 0.0000, Energy: -78.399557+0.003748j
[2025-04-22 02:05:30] Iteration: 642/1000, Temp: 0.0000, Energy: -78.382307+0.006917j
[2025-04-22 02:05:45] Iteration: 643/1000, Temp: 0.0000, Energy: -78.577932-0.007838j
[2025-04-22 02:05:59] Iteration: 644/1000, Temp: 0.0000, Energy: -78.388768+0.009650j
[2025-04-22 02:06:14] Iteration: 645/1000, Temp: 0.0000, Energy: -78.144051+0.003831j
[2025-04-22 02:06:28] Iteration: 646/1000, Temp: 0.0000, Energy: -78.293100+0.000127j
[2025-04-22 02:06:43] Iteration: 647/1000, Temp: 0.0000, Energy: -78.485684-0.006804j
[2025-04-22 02:06:57] Iteration: 648/1000, Temp: 0.0000, Energy: -78.507743-0.001330j
[2025-04-22 02:07:12] Iteration: 649/1000, Temp: 0.0000, Energy: -78.422701-0.000237j
[2025-04-22 02:07:26] Iteration: 650/1000, Temp: 0.0000, Energy: -78.383143-0.001733j
[2025-04-22 02:07:41] Iteration: 651/1000, Temp: 0.0000, Energy: -78.485231+0.002481j
[2025-04-22 02:07:55] Iteration: 652/1000, Temp: 0.0000, Energy: -78.444752-0.004338j
[2025-04-22 02:08:09] Iteration: 653/1000, Temp: 0.0000, Energy: -78.456491+0.000677j
[2025-04-22 02:08:24] Iteration: 654/1000, Temp: 0.0000, Energy: -78.463443+0.002169j
[2025-04-22 02:08:38] Iteration: 655/1000, Temp: 0.0000, Energy: -78.461383-0.001573j
[2025-04-22 02:08:53] Iteration: 656/1000, Temp: 0.0000, Energy: -78.422716-0.000092j
[2025-04-22 02:09:07] Iteration: 657/1000, Temp: 0.0000, Energy: -78.490440+0.004577j
[2025-04-22 02:09:22] Iteration: 658/1000, Temp: 0.0000, Energy: -78.633249+0.002892j
[2025-04-22 02:09:36] Iteration: 659/1000, Temp: 0.0000, Energy: -78.430900+0.004047j
[2025-04-22 02:09:51] Iteration: 660/1000, Temp: 0.0000, Energy: -78.615713+0.005259j
[2025-04-22 02:10:05] Iteration: 661/1000, Temp: 0.0000, Energy: -78.587471+0.005382j
[2025-04-22 02:10:19] Iteration: 662/1000, Temp: 0.0000, Energy: -78.611756-0.006024j
[2025-04-22 02:10:34] Iteration: 663/1000, Temp: 0.0000, Energy: -78.767437-0.007268j
[2025-04-22 02:10:48] Iteration: 664/1000, Temp: 0.0000, Energy: -78.704985-0.001465j
[2025-04-22 02:11:03] Iteration: 665/1000, Temp: 0.0000, Energy: -78.691006-0.001887j
[2025-04-22 02:11:17] Iteration: 666/1000, Temp: 0.0000, Energy: -78.594528-0.002509j
[2025-04-22 02:11:32] Iteration: 667/1000, Temp: 0.0000, Energy: -78.685520+0.000173j
[2025-04-22 02:11:46] Iteration: 668/1000, Temp: 0.0000, Energy: -78.449125+0.004633j
[2025-04-22 02:12:01] Iteration: 669/1000, Temp: 0.0000, Energy: -78.469522-0.008799j
[2025-04-22 02:12:15] Iteration: 670/1000, Temp: 0.0000, Energy: -78.536014+0.009060j
[2025-04-22 02:12:30] Iteration: 671/1000, Temp: 0.0000, Energy: -78.498143-0.001400j
[2025-04-22 02:12:44] Iteration: 672/1000, Temp: 0.0000, Energy: -78.486016-0.000636j
[2025-04-22 02:12:58] Iteration: 673/1000, Temp: 0.0000, Energy: -78.384118+0.002035j
[2025-04-22 02:13:13] Iteration: 674/1000, Temp: 0.0000, Energy: -78.549071-0.003266j
[2025-04-22 02:13:27] Iteration: 675/1000, Temp: 0.0000, Energy: -78.529280-0.001322j
[2025-04-22 02:13:42] Iteration: 676/1000, Temp: 0.0000, Energy: -78.429722+0.001999j
[2025-04-22 02:13:56] Iteration: 677/1000, Temp: 0.0000, Energy: -78.399070+0.002093j
[2025-04-22 02:14:11] Iteration: 678/1000, Temp: 0.0000, Energy: -78.393175-0.009561j
[2025-04-22 02:14:25] Iteration: 679/1000, Temp: 0.0000, Energy: -78.355307-0.007393j
[2025-04-22 02:14:40] Iteration: 680/1000, Temp: 0.0000, Energy: -78.333588+0.002376j
[2025-04-22 02:14:54] Iteration: 681/1000, Temp: 0.0000, Energy: -78.232917+0.005146j
[2025-04-22 02:15:09] Iteration: 682/1000, Temp: 0.0000, Energy: -78.500779-0.001522j
[2025-04-22 02:15:23] Iteration: 683/1000, Temp: 0.0000, Energy: -78.390495-0.005412j
[2025-04-22 02:15:37] Iteration: 684/1000, Temp: 0.0000, Energy: -78.285725-0.000417j
[2025-04-22 02:15:52] Iteration: 685/1000, Temp: 0.0000, Energy: -78.290601-0.007584j
[2025-04-22 02:16:06] Iteration: 686/1000, Temp: 0.0000, Energy: -78.348627-0.001196j
[2025-04-22 02:16:21] Iteration: 687/1000, Temp: 0.0000, Energy: -78.390222-0.003442j
[2025-04-22 02:16:35] Iteration: 688/1000, Temp: 0.0000, Energy: -78.376763-0.001812j
[2025-04-22 02:16:50] Iteration: 689/1000, Temp: 0.0000, Energy: -78.307967-0.004886j
[2025-04-22 02:17:04] Iteration: 690/1000, Temp: 0.0000, Energy: -78.395785-0.003462j
[2025-04-22 02:17:19] Iteration: 691/1000, Temp: 0.0000, Energy: -78.426314-0.013072j
[2025-04-22 02:17:33] Iteration: 692/1000, Temp: 0.0000, Energy: -78.431311-0.002085j
[2025-04-22 02:17:48] Iteration: 693/1000, Temp: 0.0000, Energy: -78.607975+0.003008j
[2025-04-22 02:18:02] Iteration: 694/1000, Temp: 0.0000, Energy: -78.489130+0.001405j
[2025-04-22 02:18:17] Iteration: 695/1000, Temp: 0.0000, Energy: -78.456615+0.002934j
[2025-04-22 02:18:31] Iteration: 696/1000, Temp: 0.0000, Energy: -78.520807-0.006393j
[2025-04-22 02:18:46] Iteration: 697/1000, Temp: 0.0000, Energy: -78.441183+0.000942j
[2025-04-22 02:19:00] Iteration: 698/1000, Temp: 0.0000, Energy: -78.170652+0.000400j
[2025-04-22 02:19:15] Iteration: 699/1000, Temp: 0.0000, Energy: -78.399465+0.004571j
[2025-04-22 02:19:29] Iteration: 700/1000, Temp: 0.0000, Energy: -78.431198+0.005478j
[2025-04-22 02:19:43] Iteration: 701/1000, Temp: 0.0000, Energy: -78.470654+0.000073j
[2025-04-22 02:19:58] Iteration: 702/1000, Temp: 0.0000, Energy: -78.324641+0.001934j
[2025-04-22 02:20:12] Iteration: 703/1000, Temp: 0.0000, Energy: -78.381504-0.000166j
[2025-04-22 02:20:27] Iteration: 704/1000, Temp: 0.0000, Energy: -78.310011+0.001283j
[2025-04-22 02:20:41] Iteration: 705/1000, Temp: 0.0000, Energy: -78.442213+0.001932j
[2025-04-22 02:20:56] Iteration: 706/1000, Temp: 0.0000, Energy: -78.470448-0.002909j
[2025-04-22 02:21:10] Iteration: 707/1000, Temp: 0.0000, Energy: -78.635152+0.005179j
[2025-04-22 02:21:25] Iteration: 708/1000, Temp: 0.0000, Energy: -78.502199-0.004078j
[2025-04-22 02:21:39] Iteration: 709/1000, Temp: 0.0000, Energy: -78.552084+0.000281j
[2025-04-22 02:21:54] Iteration: 710/1000, Temp: 0.0000, Energy: -78.488498+0.000467j
[2025-04-22 02:22:08] Iteration: 711/1000, Temp: 0.0000, Energy: -78.490273+0.000711j
[2025-04-22 02:22:22] Iteration: 712/1000, Temp: 0.0000, Energy: -78.510180-0.007121j
[2025-04-22 02:22:37] Iteration: 713/1000, Temp: 0.0000, Energy: -78.507617-0.000728j
[2025-04-22 02:22:51] Iteration: 714/1000, Temp: 0.0000, Energy: -78.484111-0.005042j
[2025-04-22 02:23:06] Iteration: 715/1000, Temp: 0.0000, Energy: -78.614242-0.000139j
[2025-04-22 02:23:20] Iteration: 716/1000, Temp: 0.0000, Energy: -78.606340+0.002418j
[2025-04-22 02:23:35] Iteration: 717/1000, Temp: 0.0000, Energy: -78.424828-0.001818j
[2025-04-22 02:23:49] Iteration: 718/1000, Temp: 0.0000, Energy: -78.324168+0.004005j
[2025-04-22 02:24:04] Iteration: 719/1000, Temp: 0.0000, Energy: -78.376375-0.001268j
[2025-04-22 02:24:18] Iteration: 720/1000, Temp: 0.0000, Energy: -78.363145+0.004798j
[2025-04-22 02:24:33] Iteration: 721/1000, Temp: 0.0000, Energy: -78.452098-0.004100j
[2025-04-22 02:24:47] Iteration: 722/1000, Temp: 0.0000, Energy: -78.541488+0.013863j
[2025-04-22 02:25:01] Iteration: 723/1000, Temp: 0.0000, Energy: -78.359356+0.003075j
[2025-04-22 02:25:16] Iteration: 724/1000, Temp: 0.0000, Energy: -78.429872+0.013753j
[2025-04-22 02:25:30] Iteration: 725/1000, Temp: 0.0000, Energy: -78.403892+0.008517j
[2025-04-22 02:25:45] Iteration: 726/1000, Temp: 0.0000, Energy: -78.427606+0.006597j
[2025-04-22 02:25:59] Iteration: 727/1000, Temp: 0.0000, Energy: -78.369199+0.007857j
[2025-04-22 02:26:14] Iteration: 728/1000, Temp: 0.0000, Energy: -78.484584-0.000832j
[2025-04-22 02:26:28] Iteration: 729/1000, Temp: 0.0000, Energy: -78.524840-0.003652j
[2025-04-22 02:26:43] Iteration: 730/1000, Temp: 0.0000, Energy: -78.352077+0.002151j
[2025-04-22 02:26:57] Iteration: 731/1000, Temp: 0.0000, Energy: -78.535087-0.001307j
[2025-04-22 02:27:12] Iteration: 732/1000, Temp: 0.0000, Energy: -78.578198+0.005140j
[2025-04-22 02:27:26] Iteration: 733/1000, Temp: 0.0000, Energy: -78.493088+0.002445j
[2025-04-22 02:27:40] Iteration: 734/1000, Temp: 0.0000, Energy: -78.486719-0.010827j
[2025-04-22 02:27:55] Iteration: 735/1000, Temp: 0.0000, Energy: -78.490293+0.007110j
[2025-04-22 02:28:09] Iteration: 736/1000, Temp: 0.0000, Energy: -78.721370-0.003380j
[2025-04-22 02:28:24] Iteration: 737/1000, Temp: 0.0000, Energy: -78.574138+0.005467j
[2025-04-22 02:28:38] Iteration: 738/1000, Temp: 0.0000, Energy: -78.479609-0.004600j
[2025-04-22 02:28:53] Iteration: 739/1000, Temp: 0.0000, Energy: -78.291017+0.002220j
[2025-04-22 02:29:07] Iteration: 740/1000, Temp: 0.0000, Energy: -78.335578-0.003154j
[2025-04-22 02:29:22] Iteration: 741/1000, Temp: 0.0000, Energy: -78.383796-0.005123j
[2025-04-22 02:29:36] Iteration: 742/1000, Temp: 0.0000, Energy: -78.373372-0.001089j
[2025-04-22 02:29:51] Iteration: 743/1000, Temp: 0.0000, Energy: -78.497105+0.005711j
[2025-04-22 02:30:05] Iteration: 744/1000, Temp: 0.0000, Energy: -78.431582+0.000438j
[2025-04-22 02:30:19] Iteration: 745/1000, Temp: 0.0000, Energy: -78.323398-0.005442j
[2025-04-22 02:30:34] Iteration: 746/1000, Temp: 0.0000, Energy: -78.598185+0.003279j
[2025-04-22 02:30:48] Iteration: 747/1000, Temp: 0.0000, Energy: -78.551418+0.006964j
[2025-04-22 02:31:03] Iteration: 748/1000, Temp: 0.0000, Energy: -78.489158+0.002280j
[2025-04-22 02:31:17] Iteration: 749/1000, Temp: 0.0000, Energy: -78.542985+0.001951j
[2025-04-22 02:31:32] Iteration: 750/1000, Temp: 0.0000, Energy: -78.493832-0.002824j
[2025-04-22 02:31:46] Iteration: 751/1000, Temp: 0.0000, Energy: -78.502410+0.007435j
[2025-04-22 02:32:01] Iteration: 752/1000, Temp: 0.0000, Energy: -78.548983-0.002170j
[2025-04-22 02:32:15] Iteration: 753/1000, Temp: 0.0000, Energy: -78.453108-0.003378j
[2025-04-22 02:32:30] Iteration: 754/1000, Temp: 0.0000, Energy: -78.317236+0.004171j
[2025-04-22 02:32:44] Iteration: 755/1000, Temp: 0.0000, Energy: -78.165269+0.004182j
[2025-04-22 02:32:59] Iteration: 756/1000, Temp: 0.0000, Energy: -78.417865+0.003675j
[2025-04-22 02:33:13] Iteration: 757/1000, Temp: 0.0000, Energy: -78.338194+0.004228j
[2025-04-22 02:33:27] Iteration: 758/1000, Temp: 0.0000, Energy: -78.380434+0.002105j
[2025-04-22 02:33:42] Iteration: 759/1000, Temp: 0.0000, Energy: -78.306724-0.001526j
[2025-04-22 02:33:56] Iteration: 760/1000, Temp: 0.0000, Energy: -78.285210-0.001764j
[2025-04-22 02:34:11] Iteration: 761/1000, Temp: 0.0000, Energy: -78.303312-0.000848j
[2025-04-22 02:34:25] Iteration: 762/1000, Temp: 0.0000, Energy: -78.443922+0.001577j
[2025-04-22 02:34:40] Iteration: 763/1000, Temp: 0.0000, Energy: -78.413985-0.003146j
[2025-04-22 02:34:54] Iteration: 764/1000, Temp: 0.0000, Energy: -78.481717+0.001434j
[2025-04-22 02:35:09] Iteration: 765/1000, Temp: 0.0000, Energy: -78.404703-0.001212j
[2025-04-22 02:35:23] Iteration: 766/1000, Temp: 0.0000, Energy: -78.560769-0.002591j
[2025-04-22 02:35:37] Iteration: 767/1000, Temp: 0.0000, Energy: -78.747197-0.006178j
[2025-04-22 02:35:52] Iteration: 768/1000, Temp: 0.0000, Energy: -78.691359-0.005178j
[2025-04-22 02:36:06] Iteration: 769/1000, Temp: 0.0000, Energy: -78.655534-0.002705j
[2025-04-22 02:36:21] Iteration: 770/1000, Temp: 0.0000, Energy: -78.568341+0.004941j
[2025-04-22 02:36:35] Iteration: 771/1000, Temp: 0.0000, Energy: -78.526921-0.001490j
[2025-04-22 02:36:50] Iteration: 772/1000, Temp: 0.0000, Energy: -78.431467+0.000487j
[2025-04-22 02:37:04] Iteration: 773/1000, Temp: 0.0000, Energy: -78.444104+0.001633j
[2025-04-22 02:37:19] Iteration: 774/1000, Temp: 0.0000, Energy: -78.431781-0.011933j
[2025-04-22 02:37:33] Iteration: 775/1000, Temp: 0.0000, Energy: -78.710583-0.002372j
[2025-04-22 02:37:48] Iteration: 776/1000, Temp: 0.0000, Energy: -78.376195-0.004867j
[2025-04-22 02:38:02] Iteration: 777/1000, Temp: 0.0000, Energy: -78.445565+0.002573j
[2025-04-22 02:38:17] Iteration: 778/1000, Temp: 0.0000, Energy: -78.565786+0.000581j
[2025-04-22 02:38:31] Iteration: 779/1000, Temp: 0.0000, Energy: -78.533859+0.006024j
[2025-04-22 02:38:45] Iteration: 780/1000, Temp: 0.0000, Energy: -78.450288+0.004922j
[2025-04-22 02:39:00] Iteration: 781/1000, Temp: 0.0000, Energy: -78.642744+0.000926j
[2025-04-22 02:39:14] Iteration: 782/1000, Temp: 0.0000, Energy: -78.554401+0.003013j
[2025-04-22 02:39:29] Iteration: 783/1000, Temp: 0.0000, Energy: -78.505269-0.005227j
[2025-04-22 02:39:43] Iteration: 784/1000, Temp: 0.0000, Energy: -78.377874-0.004839j
[2025-04-22 02:39:58] Iteration: 785/1000, Temp: 0.0000, Energy: -78.420320-0.002768j
[2025-04-22 02:40:12] Iteration: 786/1000, Temp: 0.0000, Energy: -78.513466-0.000539j
[2025-04-22 02:40:27] Iteration: 787/1000, Temp: 0.0000, Energy: -78.496138+0.002397j
[2025-04-22 02:40:41] Iteration: 788/1000, Temp: 0.0000, Energy: -78.718217-0.001011j
[2025-04-22 02:40:55] Iteration: 789/1000, Temp: 0.0000, Energy: -78.660218-0.000766j
[2025-04-22 02:41:10] Iteration: 790/1000, Temp: 0.0000, Energy: -78.455685-0.001523j
[2025-04-22 02:41:24] Iteration: 791/1000, Temp: 0.0000, Energy: -78.599309-0.000818j
[2025-04-22 02:41:39] Iteration: 792/1000, Temp: 0.0000, Energy: -78.541715-0.004553j
[2025-04-22 02:41:53] Iteration: 793/1000, Temp: 0.0000, Energy: -78.517267+0.002862j
[2025-04-22 02:42:08] Iteration: 794/1000, Temp: 0.0000, Energy: -78.374355+0.002733j
[2025-04-22 02:42:22] Iteration: 795/1000, Temp: 0.0000, Energy: -78.485402-0.003589j
[2025-04-22 02:42:37] Iteration: 796/1000, Temp: 0.0000, Energy: -78.399575-0.001804j
[2025-04-22 02:42:51] Iteration: 797/1000, Temp: 0.0000, Energy: -78.440525+0.006559j
[2025-04-22 02:43:06] Iteration: 798/1000, Temp: 0.0000, Energy: -78.279881+0.005461j
[2025-04-22 02:43:20] Iteration: 799/1000, Temp: 0.0000, Energy: -78.244067-0.000466j
[2025-04-22 02:43:35] Iteration: 800/1000, Temp: 0.0000, Energy: -78.530482-0.004974j
[2025-04-22 02:43:49] Iteration: 801/1000, Temp: 0.0000, Energy: -78.458335+0.001406j
[2025-04-22 02:44:04] Iteration: 802/1000, Temp: 0.0000, Energy: -78.596182+0.002510j
[2025-04-22 02:44:18] Iteration: 803/1000, Temp: 0.0000, Energy: -78.488003+0.008587j
[2025-04-22 02:44:32] Iteration: 804/1000, Temp: 0.0000, Energy: -78.560346+0.004705j
[2025-04-22 02:44:47] Iteration: 805/1000, Temp: 0.0000, Energy: -78.489459-0.001408j
[2025-04-22 02:45:01] Iteration: 806/1000, Temp: 0.0000, Energy: -78.322678+0.002117j
[2025-04-22 02:45:16] Iteration: 807/1000, Temp: 0.0000, Energy: -78.623573-0.005761j
[2025-04-22 02:45:30] Iteration: 808/1000, Temp: 0.0000, Energy: -78.463972-0.001823j
[2025-04-22 02:45:45] Iteration: 809/1000, Temp: 0.0000, Energy: -78.296609-0.004688j
[2025-04-22 02:45:59] Iteration: 810/1000, Temp: 0.0000, Energy: -78.480523-0.001605j
[2025-04-22 02:46:14] Iteration: 811/1000, Temp: 0.0000, Energy: -78.550152-0.002914j
[2025-04-22 02:46:28] Iteration: 812/1000, Temp: 0.0000, Energy: -78.433046+0.002003j
[2025-04-22 02:46:42] Iteration: 813/1000, Temp: 0.0000, Energy: -78.408803-0.000171j
[2025-04-22 02:46:57] Iteration: 814/1000, Temp: 0.0000, Energy: -78.565429-0.005450j
[2025-04-22 02:47:11] Iteration: 815/1000, Temp: 0.0000, Energy: -78.518253-0.000492j
[2025-04-22 02:47:26] Iteration: 816/1000, Temp: 0.0000, Energy: -78.629535+0.001670j
[2025-04-22 02:47:40] Iteration: 817/1000, Temp: 0.0000, Energy: -78.481980+0.007229j
[2025-04-22 02:47:55] Iteration: 818/1000, Temp: 0.0000, Energy: -78.627902-0.007747j
[2025-04-22 02:48:09] Iteration: 819/1000, Temp: 0.0000, Energy: -78.563245-0.001248j
[2025-04-22 02:48:24] Iteration: 820/1000, Temp: 0.0000, Energy: -78.558612-0.001193j
[2025-04-22 02:48:38] Iteration: 821/1000, Temp: 0.0000, Energy: -78.583058-0.005516j
[2025-04-22 02:48:53] Iteration: 822/1000, Temp: 0.0000, Energy: -78.660630-0.003471j
[2025-04-22 02:49:07] Iteration: 823/1000, Temp: 0.0000, Energy: -78.423356-0.002971j
[2025-04-22 02:49:21] Iteration: 824/1000, Temp: 0.0000, Energy: -78.616006-0.000767j
[2025-04-22 02:49:36] Iteration: 825/1000, Temp: 0.0000, Energy: -78.486666+0.008498j
[2025-04-22 02:49:50] Iteration: 826/1000, Temp: 0.0000, Energy: -78.358739-0.002139j
[2025-04-22 02:50:05] Iteration: 827/1000, Temp: 0.0000, Energy: -78.393397+0.007446j
[2025-04-22 02:50:19] Iteration: 828/1000, Temp: 0.0000, Energy: -78.363438+0.002271j
[2025-04-22 02:50:34] Iteration: 829/1000, Temp: 0.0000, Energy: -78.278007-0.010861j
[2025-04-22 02:50:48] Iteration: 830/1000, Temp: 0.0000, Energy: -78.363208+0.000736j
[2025-04-22 02:51:03] Iteration: 831/1000, Temp: 0.0000, Energy: -78.484385-0.006320j
[2025-04-22 02:51:17] Iteration: 832/1000, Temp: 0.0000, Energy: -78.356231+0.004508j
[2025-04-22 02:51:32] Iteration: 833/1000, Temp: 0.0000, Energy: -78.435058+0.003675j
[2025-04-22 02:51:46] Iteration: 834/1000, Temp: 0.0000, Energy: -78.505294-0.004990j
[2025-04-22 02:52:01] Iteration: 835/1000, Temp: 0.0000, Energy: -78.622820+0.001592j
[2025-04-22 02:52:15] Iteration: 836/1000, Temp: 0.0000, Energy: -78.509488+0.005001j
[2025-04-22 02:52:29] Iteration: 837/1000, Temp: 0.0000, Energy: -78.527685+0.008392j
[2025-04-22 02:52:44] Iteration: 838/1000, Temp: 0.0000, Energy: -78.484833-0.005735j
[2025-04-22 02:52:58] Iteration: 839/1000, Temp: 0.0000, Energy: -78.465865+0.001059j
[2025-04-22 02:53:13] Iteration: 840/1000, Temp: 0.0000, Energy: -78.384715+0.001162j
[2025-04-22 02:53:27] Iteration: 841/1000, Temp: 0.0000, Energy: -78.432614-0.005913j
[2025-04-22 02:53:42] Iteration: 842/1000, Temp: 0.0000, Energy: -78.393167+0.000071j
[2025-04-22 02:53:56] Iteration: 843/1000, Temp: 0.0000, Energy: -78.339343+0.002273j
[2025-04-22 02:54:11] Iteration: 844/1000, Temp: 0.0000, Energy: -78.442887+0.001581j
[2025-04-22 02:54:25] Iteration: 845/1000, Temp: 0.0000, Energy: -78.729239+0.001649j
[2025-04-22 02:54:40] Iteration: 846/1000, Temp: 0.0000, Energy: -78.592125+0.012832j
[2025-04-22 02:54:54] Iteration: 847/1000, Temp: 0.0000, Energy: -78.647089-0.002502j
[2025-04-22 02:55:08] Iteration: 848/1000, Temp: 0.0000, Energy: -78.409686-0.006956j
[2025-04-22 02:55:23] Iteration: 849/1000, Temp: 0.0000, Energy: -78.590275+0.005582j
[2025-04-22 02:55:37] Iteration: 850/1000, Temp: 0.0000, Energy: -78.577023+0.003681j
[2025-04-22 02:55:52] Iteration: 851/1000, Temp: 0.0000, Energy: -78.635286+0.000677j
[2025-04-22 02:56:06] Iteration: 852/1000, Temp: 0.0000, Energy: -78.670113-0.004366j
[2025-04-22 02:56:21] Iteration: 853/1000, Temp: 0.0000, Energy: -78.507796+0.003091j
[2025-04-22 02:56:35] Iteration: 854/1000, Temp: 0.0000, Energy: -78.570943-0.003627j
[2025-04-22 02:56:50] Iteration: 855/1000, Temp: 0.0000, Energy: -78.618519+0.002784j
[2025-04-22 02:57:04] Iteration: 856/1000, Temp: 0.0000, Energy: -78.438184+0.003536j
[2025-04-22 02:57:18] Iteration: 857/1000, Temp: 0.0000, Energy: -78.496760-0.000897j
[2025-04-22 02:57:33] Iteration: 858/1000, Temp: 0.0000, Energy: -78.658891+0.010664j
[2025-04-22 02:57:47] Iteration: 859/1000, Temp: 0.0000, Energy: -78.548927-0.003779j
[2025-04-22 02:58:02] Iteration: 860/1000, Temp: 0.0000, Energy: -78.377500-0.001997j
[2025-04-22 02:58:16] Iteration: 861/1000, Temp: 0.0000, Energy: -78.516031+0.004290j
[2025-04-22 02:58:31] Iteration: 862/1000, Temp: 0.0000, Energy: -78.543794-0.004489j
[2025-04-22 02:58:45] Iteration: 863/1000, Temp: 0.0000, Energy: -78.489738+0.000622j
[2025-04-22 02:59:00] Iteration: 864/1000, Temp: 0.0000, Energy: -78.450934+0.005027j
[2025-04-22 02:59:14] Iteration: 865/1000, Temp: 0.0000, Energy: -78.434193-0.005310j
[2025-04-22 02:59:29] Iteration: 866/1000, Temp: 0.0000, Energy: -78.446666+0.005350j
[2025-04-22 02:59:43] Iteration: 867/1000, Temp: 0.0000, Energy: -78.540618-0.001772j
[2025-04-22 02:59:58] Iteration: 868/1000, Temp: 0.0000, Energy: -78.539511+0.001248j
[2025-04-22 03:00:12] Iteration: 869/1000, Temp: 0.0000, Energy: -78.514052+0.002993j
[2025-04-22 03:00:26] Iteration: 870/1000, Temp: 0.0000, Energy: -78.677862-0.005024j
[2025-04-22 03:00:41] Iteration: 871/1000, Temp: 0.0000, Energy: -78.594631+0.000908j
[2025-04-22 03:00:55] Iteration: 872/1000, Temp: 0.0000, Energy: -78.576944-0.003545j
[2025-04-22 03:01:10] Iteration: 873/1000, Temp: 0.0000, Energy: -78.645676-0.005629j
[2025-04-22 03:01:24] Iteration: 874/1000, Temp: 0.0000, Energy: -78.593558-0.004360j
[2025-04-22 03:01:39] Iteration: 875/1000, Temp: 0.0000, Energy: -78.633877-0.006081j
[2025-04-22 03:01:53] Iteration: 876/1000, Temp: 0.0000, Energy: -78.374121-0.006222j
[2025-04-22 03:02:08] Iteration: 877/1000, Temp: 0.0000, Energy: -78.371851-0.010680j
[2025-04-22 03:02:22] Iteration: 878/1000, Temp: 0.0000, Energy: -78.321049-0.000087j
[2025-04-22 03:02:37] Iteration: 879/1000, Temp: 0.0000, Energy: -78.221623+0.005891j
[2025-04-22 03:02:51] Iteration: 880/1000, Temp: 0.0000, Energy: -78.173303-0.001622j
[2025-04-22 03:03:05] Iteration: 881/1000, Temp: 0.0000, Energy: -78.556990+0.002783j
[2025-04-22 03:03:20] Iteration: 882/1000, Temp: 0.0000, Energy: -78.609525-0.001403j
[2025-04-22 03:03:34] Iteration: 883/1000, Temp: 0.0000, Energy: -78.341900-0.002640j
[2025-04-22 03:03:49] Iteration: 884/1000, Temp: 0.0000, Energy: -78.484542+0.002809j
[2025-04-22 03:04:03] Iteration: 885/1000, Temp: 0.0000, Energy: -78.586076-0.006357j
[2025-04-22 03:04:18] Iteration: 886/1000, Temp: 0.0000, Energy: -78.573655-0.005159j
[2025-04-22 03:04:32] Iteration: 887/1000, Temp: 0.0000, Energy: -78.495069-0.008266j
[2025-04-22 03:04:47] Iteration: 888/1000, Temp: 0.0000, Energy: -78.506324-0.006956j
[2025-04-22 03:05:01] Iteration: 889/1000, Temp: 0.0000, Energy: -78.549367-0.005864j
[2025-04-22 03:05:16] Iteration: 890/1000, Temp: 0.0000, Energy: -78.536873-0.004584j
[2025-04-22 03:05:30] Iteration: 891/1000, Temp: 0.0000, Energy: -78.380444+0.003755j
[2025-04-22 03:05:45] Iteration: 892/1000, Temp: 0.0000, Energy: -78.500981-0.000520j
[2025-04-22 03:05:59] Iteration: 893/1000, Temp: 0.0000, Energy: -78.529361+0.006539j
[2025-04-22 03:06:13] Iteration: 894/1000, Temp: 0.0000, Energy: -78.634881+0.003100j
[2025-04-22 03:06:28] Iteration: 895/1000, Temp: 0.0000, Energy: -78.380477+0.001572j
[2025-04-22 03:06:42] Iteration: 896/1000, Temp: 0.0000, Energy: -78.430302+0.001511j
[2025-04-22 03:06:57] Iteration: 897/1000, Temp: 0.0000, Energy: -78.247848+0.004812j
[2025-04-22 03:07:11] Iteration: 898/1000, Temp: 0.0000, Energy: -78.278280-0.001535j
[2025-04-22 03:07:26] Iteration: 899/1000, Temp: 0.0000, Energy: -78.365566+0.001551j
[2025-04-22 03:07:40] Iteration: 900/1000, Temp: 0.0000, Energy: -78.447100+0.001018j
[2025-04-22 03:07:55] Iteration: 901/1000, Temp: 0.0000, Energy: -78.521075+0.000061j
[2025-04-22 03:08:09] Iteration: 902/1000, Temp: 0.0000, Energy: -78.492753-0.002458j
[2025-04-22 03:08:24] Iteration: 903/1000, Temp: 0.0000, Energy: -78.408425-0.001950j
[2025-04-22 03:08:38] Iteration: 904/1000, Temp: 0.0000, Energy: -78.536595-0.001055j
[2025-04-22 03:08:52] Iteration: 905/1000, Temp: 0.0000, Energy: -78.672675-0.004390j
[2025-04-22 03:09:07] Iteration: 906/1000, Temp: 0.0000, Energy: -78.444261+0.006418j
[2025-04-22 03:09:21] Iteration: 907/1000, Temp: 0.0000, Energy: -78.321844-0.004351j
[2025-04-22 03:09:36] Iteration: 908/1000, Temp: 0.0000, Energy: -78.512045-0.012466j
[2025-04-22 03:09:50] Iteration: 909/1000, Temp: 0.0000, Energy: -78.664961+0.000476j
[2025-04-22 03:10:05] Iteration: 910/1000, Temp: 0.0000, Energy: -78.548792-0.004545j
[2025-04-22 03:10:19] Iteration: 911/1000, Temp: 0.0000, Energy: -78.439760+0.003101j
[2025-04-22 03:10:34] Iteration: 912/1000, Temp: 0.0000, Energy: -78.463924+0.004774j
[2025-04-22 03:10:48] Iteration: 913/1000, Temp: 0.0000, Energy: -78.605724-0.003982j
[2025-04-22 03:11:02] Iteration: 914/1000, Temp: 0.0000, Energy: -78.498872-0.001883j
[2025-04-22 03:11:17] Iteration: 915/1000, Temp: 0.0000, Energy: -78.325862+0.002414j
[2025-04-22 03:11:31] Iteration: 916/1000, Temp: 0.0000, Energy: -78.355276-0.002928j
[2025-04-22 03:11:46] Iteration: 917/1000, Temp: 0.0000, Energy: -78.522045+0.001663j
[2025-04-22 03:12:00] Iteration: 918/1000, Temp: 0.0000, Energy: -78.448020+0.003353j
[2025-04-22 03:12:15] Iteration: 919/1000, Temp: 0.0000, Energy: -78.512395+0.007372j
[2025-04-22 03:12:29] Iteration: 920/1000, Temp: 0.0000, Energy: -78.537746-0.000500j
[2025-04-22 03:12:44] Iteration: 921/1000, Temp: 0.0000, Energy: -78.378569+0.008117j
[2025-04-22 03:12:58] Iteration: 922/1000, Temp: 0.0000, Energy: -78.458645+0.002691j
[2025-04-22 03:13:13] Iteration: 923/1000, Temp: 0.0000, Energy: -78.402658-0.002010j
[2025-04-22 03:13:27] Iteration: 924/1000, Temp: 0.0000, Energy: -78.647963-0.003034j
[2025-04-22 03:13:41] Iteration: 925/1000, Temp: 0.0000, Energy: -78.580573-0.010231j
[2025-04-22 03:13:56] Iteration: 926/1000, Temp: 0.0000, Energy: -78.547302+0.001993j
[2025-04-22 03:14:10] Iteration: 927/1000, Temp: 0.0000, Energy: -78.501991-0.004907j
[2025-04-22 03:14:25] Iteration: 928/1000, Temp: 0.0000, Energy: -78.558587-0.003827j
[2025-04-22 03:14:39] Iteration: 929/1000, Temp: 0.0000, Energy: -78.397931+0.000492j
[2025-04-22 03:14:54] Iteration: 930/1000, Temp: 0.0000, Energy: -78.416290-0.005016j
[2025-04-22 03:15:08] Iteration: 931/1000, Temp: 0.0000, Energy: -78.454710-0.005736j
[2025-04-22 03:15:23] Iteration: 932/1000, Temp: 0.0000, Energy: -78.399746+0.006520j
[2025-04-22 03:15:37] Iteration: 933/1000, Temp: 0.0000, Energy: -78.324791-0.000704j
[2025-04-22 03:15:52] Iteration: 934/1000, Temp: 0.0000, Energy: -78.395348+0.005137j
[2025-04-22 03:16:06] Iteration: 935/1000, Temp: 0.0000, Energy: -78.447234+0.003984j
[2025-04-22 03:16:20] Iteration: 936/1000, Temp: 0.0000, Energy: -78.458271-0.001121j
[2025-04-22 03:16:35] Iteration: 937/1000, Temp: 0.0000, Energy: -78.490167-0.002156j
[2025-04-22 03:16:49] Iteration: 938/1000, Temp: 0.0000, Energy: -78.488654-0.000668j
[2025-04-22 03:17:04] Iteration: 939/1000, Temp: 0.0000, Energy: -78.578661+0.005662j
[2025-04-22 03:17:18] Iteration: 940/1000, Temp: 0.0000, Energy: -78.564669-0.001178j
[2025-04-22 03:17:33] Iteration: 941/1000, Temp: 0.0000, Energy: -78.583199+0.001946j
[2025-04-22 03:17:47] Iteration: 942/1000, Temp: 0.0000, Energy: -78.599068+0.004283j
[2025-04-22 03:18:02] Iteration: 943/1000, Temp: 0.0000, Energy: -78.557607+0.000350j
[2025-04-22 03:18:16] Iteration: 944/1000, Temp: 0.0000, Energy: -78.674634+0.000396j
[2025-04-22 03:18:31] Iteration: 945/1000, Temp: 0.0000, Energy: -78.526493+0.004567j
[2025-04-22 03:18:45] Iteration: 946/1000, Temp: 0.0000, Energy: -78.499505+0.000474j
[2025-04-22 03:18:59] Iteration: 947/1000, Temp: 0.0000, Energy: -78.602602-0.003574j
[2025-04-22 03:19:14] Iteration: 948/1000, Temp: 0.0000, Energy: -78.481377+0.007545j
[2025-04-22 03:19:28] Iteration: 949/1000, Temp: 0.0000, Energy: -78.449393-0.008931j
[2025-04-22 03:19:43] Iteration: 950/1000, Temp: 0.0000, Energy: -78.465315-0.004522j
[2025-04-22 03:19:57] Iteration: 951/1000, Temp: 0.0000, Energy: -78.461351-0.002097j
[2025-04-22 03:20:12] Iteration: 952/1000, Temp: 0.0000, Energy: -78.318368+0.008126j
[2025-04-22 03:20:26] Iteration: 953/1000, Temp: 0.0000, Energy: -78.423557+0.005889j
[2025-04-22 03:20:41] Iteration: 954/1000, Temp: 0.0000, Energy: -78.534182-0.004912j
[2025-04-22 03:20:55] Iteration: 955/1000, Temp: 0.0000, Energy: -78.420967+0.006082j
[2025-04-22 03:21:10] Iteration: 956/1000, Temp: 0.0000, Energy: -78.523722-0.004351j
[2025-04-22 03:21:24] Iteration: 957/1000, Temp: 0.0000, Energy: -78.405825+0.005771j
[2025-04-22 03:21:38] Iteration: 958/1000, Temp: 0.0000, Energy: -78.530114-0.003029j
[2025-04-22 03:21:53] Iteration: 959/1000, Temp: 0.0000, Energy: -78.514554-0.002830j
[2025-04-22 03:22:07] Iteration: 960/1000, Temp: 0.0000, Energy: -78.497881+0.001351j
[2025-04-22 03:22:22] Iteration: 961/1000, Temp: 0.0000, Energy: -78.415290+0.003491j
[2025-04-22 03:22:36] Iteration: 962/1000, Temp: 0.0000, Energy: -78.464574-0.003991j
[2025-04-22 03:22:51] Iteration: 963/1000, Temp: 0.0000, Energy: -78.550620-0.001061j
[2025-04-22 03:23:05] Iteration: 964/1000, Temp: 0.0000, Energy: -78.500946+0.002617j
[2025-04-22 03:23:20] Iteration: 965/1000, Temp: 0.0000, Energy: -78.736610+0.005403j
[2025-04-22 03:23:34] Iteration: 966/1000, Temp: 0.0000, Energy: -78.533111-0.001919j
[2025-04-22 03:23:48] Iteration: 967/1000, Temp: 0.0000, Energy: -78.415103+0.001895j
[2025-04-22 03:24:03] Iteration: 968/1000, Temp: 0.0000, Energy: -78.238060-0.002624j
[2025-04-22 03:24:17] Iteration: 969/1000, Temp: 0.0000, Energy: -78.137659-0.001487j
[2025-04-22 03:24:32] Iteration: 970/1000, Temp: 0.0000, Energy: -78.196875-0.001574j
[2025-04-22 03:24:46] Iteration: 971/1000, Temp: 0.0000, Energy: -78.305335-0.000234j
[2025-04-22 03:25:01] Iteration: 972/1000, Temp: 0.0000, Energy: -78.499711+0.014296j
[2025-04-22 03:25:15] Iteration: 973/1000, Temp: 0.0000, Energy: -78.480675+0.001341j
[2025-04-22 03:25:30] Iteration: 974/1000, Temp: 0.0000, Energy: -78.377620+0.012974j
[2025-04-22 03:25:44] Iteration: 975/1000, Temp: 0.0000, Energy: -78.283589+0.003169j
[2025-04-22 03:25:59] Iteration: 976/1000, Temp: 0.0000, Energy: -78.383469+0.001396j
[2025-04-22 03:26:13] Iteration: 977/1000, Temp: 0.0000, Energy: -78.573419-0.001815j
[2025-04-22 03:26:28] Iteration: 978/1000, Temp: 0.0000, Energy: -78.457156-0.000578j
[2025-04-22 03:26:42] Iteration: 979/1000, Temp: 0.0000, Energy: -78.507493-0.002741j
[2025-04-22 03:26:56] Iteration: 980/1000, Temp: 0.0000, Energy: -78.265020+0.004484j
[2025-04-22 03:27:11] Iteration: 981/1000, Temp: 0.0000, Energy: -78.352362+0.003721j
[2025-04-22 03:27:25] Iteration: 982/1000, Temp: 0.0000, Energy: -78.379538+0.002556j
[2025-04-22 03:27:40] Iteration: 983/1000, Temp: 0.0000, Energy: -78.356040+0.000087j
[2025-04-22 03:27:54] Iteration: 984/1000, Temp: 0.0000, Energy: -78.397617+0.000280j
[2025-04-22 03:28:09] Iteration: 985/1000, Temp: 0.0000, Energy: -78.461925-0.005381j
[2025-04-22 03:28:23] Iteration: 986/1000, Temp: 0.0000, Energy: -78.476674+0.001669j
[2025-04-22 03:28:38] Iteration: 987/1000, Temp: 0.0000, Energy: -78.514350-0.001284j
[2025-04-22 03:28:52] Iteration: 988/1000, Temp: 0.0000, Energy: -78.385024-0.000206j
[2025-04-22 03:29:07] Iteration: 989/1000, Temp: 0.0000, Energy: -78.579226+0.001610j
[2025-04-22 03:29:21] Iteration: 990/1000, Temp: 0.0000, Energy: -78.714334+0.003699j
[2025-04-22 03:29:35] Iteration: 991/1000, Temp: 0.0000, Energy: -78.608564-0.002125j
[2025-04-22 03:29:50] Iteration: 992/1000, Temp: 0.0000, Energy: -78.562515+0.000998j
[2025-04-22 03:30:04] Iteration: 993/1000, Temp: 0.0000, Energy: -78.595590-0.004771j
[2025-04-22 03:30:19] Iteration: 994/1000, Temp: 0.0000, Energy: -78.425513-0.000231j
[2025-04-22 03:30:33] Iteration: 995/1000, Temp: 0.0000, Energy: -78.507995-0.000757j
[2025-04-22 03:30:48] Iteration: 996/1000, Temp: 0.0000, Energy: -78.702970-0.004531j
[2025-04-22 03:31:02] Iteration: 997/1000, Temp: 0.0000, Energy: -78.724157+0.002901j
[2025-04-22 03:31:17] Iteration: 998/1000, Temp: 0.0000, Energy: -78.560687-0.000636j
[2025-04-22 03:31:31] Iteration: 999/1000, Temp: 0.0000, Energy: -78.408712-0.001912j
[2025-04-22 03:31:31] ==================================================
[2025-04-22 03:31:31] Training finished, total runtime = 24040.05 seconds
[2025-04-22 03:31:31] Trained quantum state parameters saved to: results/L=5/J2=0.05/J1=0.01/GCNN_L=5_J2=0.05_J1=0.01.pkl
[2025-04-22 03:31:31] ==================================================
