[2025-04-16 21:10:02] ==================================================
[2025-04-16 21:10:02] GCNN for Shastry-Sutherland lattice
[2025-04-16 21:10:02] ==================================================
[2025-04-16 21:10:02] System parameters:
[2025-04-16 21:10:02]   - System size: L=4, N=64
[2025-04-16 21:10:02]   - System parameters: J1=0.01, J2=0.05, Q=0.95
[2025-04-16 21:10:09] --------------------------------------------------
[2025-04-16 21:10:09] Model parameters:
[2025-04-16 21:10:09]   - Number of layers = 4
[2025-04-16 21:10:09]   - Number of features = 4
[2025-04-16 21:10:09]   - Symmetries used: 128
[2025-04-16 21:10:09]   - Total parameters = 12572
[2025-04-16 21:10:09] --------------------------------------------------
[2025-04-16 21:10:09] Training parameters:
[2025-04-16 21:10:09]   - Learning rate: 0.02
[2025-04-16 21:10:09]   - Total annealing steps: 1000
[2025-04-16 21:10:09]   - Samples: 4096
[2025-04-16 21:10:09]   - Discarded samples: 0
[2025-04-16 21:10:09]   - Chunk size: 1024
[2025-04-16 21:10:09] --------------------------------------------------
[2025-04-16 21:10:09] Device status:
[2025-04-16 21:10:09]   - Number of devices: 4
[2025-04-16 21:10:09]   - Sharding: False
[2025-04-16 21:10:17] --------------------------------------------------
[2025-04-16 21:10:17] Start training...
[2025-04-16 21:11:01] Iteration: 0/1000, Temp: 0.5000, Energy: 0.719417-0.000436j
[2025-04-16 21:11:36] Iteration: 1/1000, Temp: 0.4901, Energy: 0.719916+0.000250j
[2025-04-16 21:12:10] Iteration: 2/1000, Temp: 0.4804, Energy: 0.719712+0.000237j
[2025-04-16 21:12:44] Iteration: 3/1000, Temp: 0.4709, Energy: 0.719451+0.000189j
[2025-04-16 21:13:18] Iteration: 4/1000, Temp: 0.4616, Energy: 0.719492+0.001411j
[2025-04-16 21:13:52] Iteration: 5/1000, Temp: 0.4524, Energy: 0.718999+0.001070j
[2025-04-16 21:14:27] Iteration: 6/1000, Temp: 0.4435, Energy: 0.719320+0.000851j
[2025-04-16 21:15:01] Iteration: 7/1000, Temp: 0.4347, Energy: 0.719138-0.001126j
[2025-04-16 21:15:35] Iteration: 8/1000, Temp: 0.4261, Energy: 0.718631-0.000166j
[2025-04-16 21:16:09] Iteration: 9/1000, Temp: 0.4176, Energy: 0.718771+0.000144j
[2025-04-16 21:16:43] Iteration: 10/1000, Temp: 0.4094, Energy: 0.719001+0.002033j
[2025-04-16 21:17:18] Iteration: 11/1000, Temp: 0.4013, Energy: 0.719173+0.000688j
[2025-04-16 21:17:52] Iteration: 12/1000, Temp: 0.3933, Energy: 0.718478+0.000202j
[2025-04-16 21:18:26] Iteration: 13/1000, Temp: 0.3855, Energy: 0.718618-0.000860j
[2025-04-16 21:19:00] Iteration: 14/1000, Temp: 0.3779, Energy: 0.718035-0.000308j
[2025-04-16 21:19:34] Iteration: 15/1000, Temp: 0.3704, Energy: 0.718141+0.000111j
[2025-04-16 21:20:08] Iteration: 16/1000, Temp: 0.3631, Energy: 0.717864-0.000290j
[2025-04-16 21:20:43] Iteration: 17/1000, Temp: 0.3559, Energy: 0.717195+0.000833j
[2025-04-16 21:21:17] Iteration: 18/1000, Temp: 0.3488, Energy: 0.717413+0.000687j
[2025-04-16 21:21:51] Iteration: 19/1000, Temp: 0.3419, Energy: 0.716851-0.000208j
[2025-04-16 21:22:25] Iteration: 20/1000, Temp: 0.3352, Energy: 0.716624-0.001424j
[2025-04-16 21:22:59] Iteration: 21/1000, Temp: 0.3285, Energy: 0.715464-0.001109j
[2025-04-16 21:23:33] Iteration: 22/1000, Temp: 0.3220, Energy: 0.715670+0.002519j
[2025-04-16 21:24:08] Iteration: 23/1000, Temp: 0.3156, Energy: 0.714077-0.004087j
[2025-04-16 21:24:42] Iteration: 24/1000, Temp: 0.3094, Energy: 0.714774+0.001920j
[2025-04-16 21:25:16] Iteration: 25/1000, Temp: 0.3033, Energy: 0.713230-0.003128j
[2025-04-16 21:25:50] Iteration: 26/1000, Temp: 0.2973, Energy: 0.712559-0.001697j
[2025-04-16 21:26:24] Iteration: 27/1000, Temp: 0.2914, Energy: 0.712812+0.005514j
[2025-04-16 21:26:58] Iteration: 28/1000, Temp: 0.2856, Energy: 0.710624-0.001460j
[2025-04-16 21:27:33] Iteration: 29/1000, Temp: 0.2799, Energy: 0.709340-0.001037j
[2025-04-16 21:28:07] Iteration: 30/1000, Temp: 0.2744, Energy: 0.707099+0.000356j
[2025-04-16 21:28:41] Iteration: 31/1000, Temp: 0.2690, Energy: 0.706130+0.002824j
[2025-04-16 21:29:15] Iteration: 32/1000, Temp: 0.2636, Energy: 0.704104-0.000550j
[2025-04-16 21:29:49] Iteration: 33/1000, Temp: 0.2584, Energy: 0.701741-0.001188j
[2025-04-16 21:30:23] Iteration: 34/1000, Temp: 0.2533, Energy: 0.699331-0.002056j
[2025-04-16 21:30:58] Iteration: 35/1000, Temp: 0.2483, Energy: 0.695827-0.005668j
[2025-04-16 21:31:32] Iteration: 36/1000, Temp: 0.2434, Energy: 0.694036+0.002170j
[2025-04-16 21:32:06] Iteration: 37/1000, Temp: 0.2386, Energy: 0.689754-0.003278j
[2025-04-16 21:32:40] Iteration: 38/1000, Temp: 0.2338, Energy: 0.683385-0.004938j
[2025-04-16 21:33:14] Iteration: 39/1000, Temp: 0.2292, Energy: 0.680432+0.006130j
[2025-04-16 21:33:48] Iteration: 40/1000, Temp: 0.2247, Energy: 0.672879+0.002111j
[2025-04-16 21:34:23] Iteration: 41/1000, Temp: 0.2202, Energy: 0.665014-0.002156j
[2025-04-16 21:34:57] Iteration: 42/1000, Temp: 0.2159, Energy: 0.658941+0.008087j
[2025-04-16 21:35:31] Iteration: 43/1000, Temp: 0.2116, Energy: 0.647909+0.002052j
[2025-04-16 21:36:06] Iteration: 44/1000, Temp: 0.2074, Energy: 0.636962+0.002967j
[2025-04-16 21:36:40] Iteration: 45/1000, Temp: 0.2033, Energy: 0.623648+0.001376j
[2025-04-16 21:37:15] Iteration: 46/1000, Temp: 0.1993, Energy: 0.611305+0.005930j
[2025-04-16 21:37:49] Iteration: 47/1000, Temp: 0.1953, Energy: 0.593997+0.001460j
[2025-04-16 21:38:23] Iteration: 48/1000, Temp: 0.1914, Energy: 0.569979-0.019238j
[2025-04-16 21:38:58] Iteration: 49/1000, Temp: 0.1877, Energy: 0.557256+0.008822j
[2025-04-16 21:39:32] Iteration: 50/1000, Temp: 0.1839, Energy: 0.531359+0.005694j
[2025-04-16 21:40:07] Iteration: 51/1000, Temp: 0.1803, Energy: 0.492759-0.004546j
[2025-04-16 21:40:41] Iteration: 52/1000, Temp: 0.1767, Energy: 0.452567-0.028336j
[2025-04-16 21:41:15] Iteration: 53/1000, Temp: 0.1732, Energy: 0.419840-0.008701j
[2025-04-16 21:41:49] Iteration: 54/1000, Temp: 0.1698, Energy: 0.379145+0.001395j
[2025-04-16 21:42:24] Iteration: 55/1000, Temp: 0.1664, Energy: 0.324209+0.004207j
[2025-04-16 21:42:58] Iteration: 56/1000, Temp: 0.1631, Energy: 0.262947-0.008134j
[2025-04-16 21:43:32] Iteration: 57/1000, Temp: 0.1599, Energy: 0.181303+0.011074j
[2025-04-16 21:44:07] Iteration: 58/1000, Temp: 0.1567, Energy: 0.098158-0.018266j
[2025-04-16 21:44:41] Iteration: 59/1000, Temp: 0.1536, Energy: 0.005730+0.007000j
[2025-04-16 21:45:15] Iteration: 60/1000, Temp: 0.1506, Energy: -0.097400+0.002933j
[2025-04-16 21:45:50] Iteration: 61/1000, Temp: 0.1476, Energy: -0.221117-0.006413j
[2025-04-16 21:46:24] Iteration: 62/1000, Temp: 0.1447, Energy: -0.377387+0.003017j
[2025-04-16 21:46:58] Iteration: 63/1000, Temp: 0.1418, Energy: -0.520850+0.037583j
[2025-04-16 21:47:33] Iteration: 64/1000, Temp: 0.1390, Energy: -0.697313-0.038558j
[2025-04-16 21:48:07] Iteration: 65/1000, Temp: 0.1363, Energy: -0.905684-0.020525j
[2025-04-16 21:48:41] Iteration: 66/1000, Temp: 0.1336, Energy: -1.142810-0.056874j
[2025-04-16 21:49:16] Iteration: 67/1000, Temp: 0.1309, Energy: -1.362908-0.029975j
[2025-04-16 21:49:50] Iteration: 68/1000, Temp: 0.1283, Energy: -1.664706+0.044133j
[2025-04-16 21:50:24] Iteration: 69/1000, Temp: 0.1258, Energy: -1.945471+0.082136j
[2025-04-16 21:50:59] Iteration: 70/1000, Temp: 0.1233, Energy: -2.304383+0.026966j
[2025-04-16 21:51:33] Iteration: 71/1000, Temp: 0.1209, Energy: -2.674782+0.036577j
[2025-04-16 21:52:07] Iteration: 72/1000, Temp: 0.1185, Energy: -3.129733-0.020647j
[2025-04-16 21:52:42] Iteration: 73/1000, Temp: 0.1161, Energy: -3.528676+0.033942j
[2025-04-16 21:53:16] Iteration: 74/1000, Temp: 0.1138, Energy: -3.993147+0.046801j
[2025-04-16 21:53:50] Iteration: 75/1000, Temp: 0.1116, Energy: -4.507646+0.072634j
[2025-04-16 21:54:25] Iteration: 76/1000, Temp: 0.1094, Energy: -5.186775-0.003898j
[2025-04-16 21:54:59] Iteration: 77/1000, Temp: 0.1072, Energy: -5.811818-0.012437j
[2025-04-16 21:55:34] Iteration: 78/1000, Temp: 0.1051, Energy: -6.447945-0.011868j
[2025-04-16 21:56:08] Iteration: 79/1000, Temp: 0.1030, Energy: -7.230195-0.067545j
[2025-04-16 21:56:42] Iteration: 80/1000, Temp: 0.1009, Energy: -8.024855+0.024860j
[2025-04-16 21:57:17] Iteration: 81/1000, Temp: 0.0989, Energy: -9.013081+0.066420j
[2025-04-16 21:57:51] Iteration: 82/1000, Temp: 0.0970, Energy: -9.921974+0.013700j
[2025-04-16 21:58:26] Iteration: 83/1000, Temp: 0.0951, Energy: -11.247600+0.046825j
[2025-04-16 21:59:00] Iteration: 84/1000, Temp: 0.0932, Energy: -12.515132+0.117581j
[2025-04-16 21:59:34] Iteration: 85/1000, Temp: 0.0913, Energy: -14.040270+0.048852j
[2025-04-16 22:00:09] Iteration: 86/1000, Temp: 0.0895, Energy: -15.669230+0.123367j
[2025-04-16 22:00:43] Iteration: 87/1000, Temp: 0.0878, Energy: -17.609723+0.161266j
[2025-04-16 22:01:18] Iteration: 88/1000, Temp: 0.0860, Energy: -19.728130+0.233866j
[2025-04-16 22:01:52] Iteration: 89/1000, Temp: 0.0843, Energy: -22.132986+0.386024j
[2025-04-16 22:02:27] Iteration: 90/1000, Temp: 0.0826, Energy: -24.445286+0.310714j
[2025-04-16 22:03:01] Iteration: 91/1000, Temp: 0.0810, Energy: -26.867354+0.350402j
[2025-04-16 22:03:35] Iteration: 92/1000, Temp: 0.0794, Energy: -29.575788+0.332725j
[2025-04-16 22:04:10] Iteration: 93/1000, Temp: 0.0778, Energy: -31.835770+0.367965j
[2025-04-16 22:04:44] Iteration: 94/1000, Temp: 0.0763, Energy: -34.633658+0.240658j
[2025-04-16 22:05:19] Iteration: 95/1000, Temp: 0.0748, Energy: -36.684776+0.407689j
[2025-04-16 22:05:53] Iteration: 96/1000, Temp: 0.0733, Energy: -38.535139+0.261095j
[2025-04-16 22:06:27] Iteration: 97/1000, Temp: 0.0719, Energy: -40.213197+0.220109j
[2025-04-16 22:07:02] Iteration: 98/1000, Temp: 0.0704, Energy: -41.682044+0.197490j
[2025-04-16 22:07:36] Iteration: 99/1000, Temp: 0.0690, Energy: -43.053267+0.079159j
[2025-04-16 22:08:11] Iteration: 100/1000, Temp: 0.0677, Energy: -44.103586+0.161733j
[2025-04-16 22:08:45] Iteration: 101/1000, Temp: 0.0663, Energy: -45.039097+0.052155j
[2025-04-16 22:09:20] Iteration: 102/1000, Temp: 0.0650, Energy: -45.606947+0.017120j
[2025-04-16 22:09:54] Iteration: 103/1000, Temp: 0.0637, Energy: -46.420448+0.076609j
[2025-04-16 22:10:28] Iteration: 104/1000, Temp: 0.0625, Energy: -46.779314-0.016420j
[2025-04-16 22:11:03] Iteration: 105/1000, Temp: 0.0612, Energy: -47.272523-0.001515j
[2025-04-16 22:11:37] Iteration: 106/1000, Temp: 0.0600, Energy: -47.554312+0.015491j
[2025-04-16 22:12:12] Iteration: 107/1000, Temp: 0.0588, Energy: -47.847266-0.035867j
[2025-04-16 22:12:46] Iteration: 108/1000, Temp: 0.0577, Energy: -48.009221-0.017819j
[2025-04-16 22:13:20] Iteration: 109/1000, Temp: 0.0565, Energy: -48.283448-0.037430j
[2025-04-16 22:13:55] Iteration: 110/1000, Temp: 0.0554, Energy: -48.348089-0.019886j
[2025-04-16 22:14:29] Iteration: 111/1000, Temp: 0.0543, Energy: -48.416119-0.018123j
[2025-04-16 22:15:03] Iteration: 112/1000, Temp: 0.0532, Energy: -48.498685+0.009315j
[2025-04-16 22:15:38] Iteration: 113/1000, Temp: 0.0522, Energy: -48.564240-0.004427j
[2025-04-16 22:16:12] Iteration: 114/1000, Temp: 0.0511, Energy: -48.763230+0.002642j
[2025-04-16 22:16:47] Iteration: 115/1000, Temp: 0.0501, Energy: -48.757004+0.037250j
[2025-04-16 22:17:21] Iteration: 116/1000, Temp: 0.0491, Energy: -48.910177+0.037054j
[2025-04-16 22:17:55] Iteration: 117/1000, Temp: 0.0482, Energy: -49.041621+0.002396j
[2025-04-16 22:18:30] Iteration: 118/1000, Temp: 0.0472, Energy: -49.089605-0.029874j
[2025-04-16 22:19:04] Iteration: 119/1000, Temp: 0.0463, Energy: -49.059605+0.050870j
[2025-04-16 22:19:38] Iteration: 120/1000, Temp: 0.0454, Energy: -49.059169+0.023562j
[2025-04-16 22:20:13] Iteration: 121/1000, Temp: 0.0445, Energy: -49.164241+0.028149j
[2025-04-16 22:20:47] Iteration: 122/1000, Temp: 0.0436, Energy: -49.255975+0.024356j
[2025-04-16 22:21:22] Iteration: 123/1000, Temp: 0.0427, Energy: -49.318056+0.003485j
[2025-04-16 22:21:56] Iteration: 124/1000, Temp: 0.0419, Energy: -49.413373+0.030138j
[2025-04-16 22:22:30] Iteration: 125/1000, Temp: 0.0410, Energy: -49.357473+0.028587j
[2025-04-16 22:23:04] Iteration: 126/1000, Temp: 0.0402, Energy: -49.439015+0.001489j
[2025-04-16 22:23:39] Iteration: 127/1000, Temp: 0.0394, Energy: -49.477507+0.013983j
[2025-04-16 22:24:13] Iteration: 128/1000, Temp: 0.0387, Energy: -49.414503-0.016320j
[2025-04-16 22:24:47] Iteration: 129/1000, Temp: 0.0379, Energy: -49.605054+0.005397j
[2025-04-16 22:25:22] Iteration: 130/1000, Temp: 0.0371, Energy: -49.576175-0.025034j
[2025-04-16 22:25:56] Iteration: 131/1000, Temp: 0.0364, Energy: -49.651913+0.026737j
[2025-04-16 22:26:30] Iteration: 132/1000, Temp: 0.0357, Energy: -49.698830+0.045568j
[2025-04-16 22:27:05] Iteration: 133/1000, Temp: 0.0350, Energy: -49.756100+0.018918j
[2025-04-16 22:27:39] Iteration: 134/1000, Temp: 0.0343, Energy: -49.770702+0.010939j
[2025-04-16 22:28:14] Iteration: 135/1000, Temp: 0.0336, Energy: -49.863431+0.046769j
[2025-04-16 22:28:48] Iteration: 136/1000, Temp: 0.0329, Energy: -49.657549+0.000422j
[2025-04-16 22:29:22] Iteration: 137/1000, Temp: 0.0323, Energy: -49.862844+0.007527j
[2025-04-16 22:29:56] Iteration: 138/1000, Temp: 0.0316, Energy: -49.676318+0.047701j
[2025-04-16 22:30:30] Iteration: 139/1000, Temp: 0.0310, Energy: -49.775533+0.048756j
[2025-04-16 22:31:04] Iteration: 140/1000, Temp: 0.0304, Energy: -49.723050+0.013645j
[2025-04-16 22:31:39] Iteration: 141/1000, Temp: 0.0298, Energy: -49.912500-0.016144j
[2025-04-16 22:32:13] Iteration: 142/1000, Temp: 0.0292, Energy: -49.691357-0.019032j
[2025-04-16 22:32:48] Iteration: 143/1000, Temp: 0.0286, Energy: -49.795688+0.013021j
[2025-04-16 22:33:22] Iteration: 144/1000, Temp: 0.0281, Energy: -49.915922+0.012194j
[2025-04-16 22:33:56] Iteration: 145/1000, Temp: 0.0275, Energy: -49.885390+0.000579j
[2025-04-16 22:34:30] Iteration: 146/1000, Temp: 0.0270, Energy: -49.953166-0.014811j
[2025-04-16 22:35:05] Iteration: 147/1000, Temp: 0.0264, Energy: -49.865751-0.001659j
[2025-04-16 22:35:39] Iteration: 148/1000, Temp: 0.0259, Energy: -50.029989+0.008932j
[2025-04-16 22:36:14] Iteration: 149/1000, Temp: 0.0254, Energy: -49.992606-0.009619j
[2025-04-16 22:36:48] Iteration: 150/1000, Temp: 0.0249, Energy: -50.110552+0.022003j
[2025-04-16 22:37:22] Iteration: 151/1000, Temp: 0.0244, Energy: -50.144357-0.016178j
[2025-04-16 22:37:57] Iteration: 152/1000, Temp: 0.0239, Energy: -50.067110-0.025528j
[2025-04-16 22:38:31] Iteration: 153/1000, Temp: 0.0234, Energy: -50.068315-0.011962j
[2025-04-16 22:39:05] Iteration: 154/1000, Temp: 0.0230, Energy: -50.089662+0.018322j
[2025-04-16 22:39:40] Iteration: 155/1000, Temp: 0.0225, Energy: -50.041637-0.012967j
[2025-04-16 22:40:14] Iteration: 156/1000, Temp: 0.0221, Energy: -50.005641+0.017976j
[2025-04-16 22:40:49] Iteration: 157/1000, Temp: 0.0216, Energy: -50.080520-0.001212j
[2025-04-16 22:41:23] Iteration: 158/1000, Temp: 0.0212, Energy: -50.109447-0.019966j
[2025-04-16 22:41:57] Iteration: 159/1000, Temp: 0.0208, Energy: -49.961739+0.011423j
[2025-04-16 22:42:31] Iteration: 160/1000, Temp: 0.0204, Energy: -50.014633-0.031282j
[2025-04-16 22:43:05] Iteration: 161/1000, Temp: 0.0200, Energy: -50.013472-0.000142j
[2025-04-16 22:43:40] Iteration: 162/1000, Temp: 0.0196, Energy: -50.036983-0.017024j
[2025-04-16 22:44:14] Iteration: 163/1000, Temp: 0.0192, Energy: -50.136125-0.026639j
[2025-04-16 22:44:48] Iteration: 164/1000, Temp: 0.0188, Energy: -50.136318-0.001559j
[2025-04-16 22:45:22] Iteration: 165/1000, Temp: 0.0184, Energy: -50.113985+0.034371j
[2025-04-16 22:45:56] Iteration: 166/1000, Temp: 0.0181, Energy: -50.115848-0.005345j
[2025-04-16 22:46:30] Iteration: 167/1000, Temp: 0.0177, Energy: -50.180993+0.019141j
[2025-04-16 22:47:05] Iteration: 168/1000, Temp: 0.0174, Energy: -50.168361+0.008132j
[2025-04-16 22:47:39] Iteration: 169/1000, Temp: 0.0170, Energy: -50.177740+0.014607j
[2025-04-16 22:48:13] Iteration: 170/1000, Temp: 0.0167, Energy: -50.093413+0.010477j
[2025-04-16 22:48:47] Iteration: 171/1000, Temp: 0.0164, Energy: -50.050094-0.021003j
[2025-04-16 22:49:21] Iteration: 172/1000, Temp: 0.0160, Energy: -50.126892-0.017484j
[2025-04-16 22:49:56] Iteration: 173/1000, Temp: 0.0157, Energy: -50.100812+0.018040j
[2025-04-16 22:50:30] Iteration: 174/1000, Temp: 0.0154, Energy: -50.151731+0.000288j
[2025-04-16 22:51:05] Iteration: 175/1000, Temp: 0.0151, Energy: -50.261311+0.021953j
[2025-04-16 22:51:39] Iteration: 176/1000, Temp: 0.0148, Energy: -50.196156+0.016000j
[2025-04-16 22:52:13] Iteration: 177/1000, Temp: 0.0145, Energy: -50.219257+0.022861j
[2025-04-16 22:52:48] Iteration: 178/1000, Temp: 0.0142, Energy: -50.211666+0.002690j
[2025-04-16 22:53:22] Iteration: 179/1000, Temp: 0.0139, Energy: -50.140785-0.014839j
[2025-04-16 22:53:56] Iteration: 180/1000, Temp: 0.0137, Energy: -50.157522-0.008094j
[2025-04-16 22:54:31] Iteration: 181/1000, Temp: 0.0134, Energy: -50.289925-0.003686j
[2025-04-16 22:55:05] Iteration: 182/1000, Temp: 0.0131, Energy: -50.329489-0.018614j
[2025-04-16 22:55:39] Iteration: 183/1000, Temp: 0.0129, Energy: -50.298381-0.005135j
[2025-04-16 22:56:13] Iteration: 184/1000, Temp: 0.0126, Energy: -50.160257+0.005276j
[2025-04-16 22:56:47] Iteration: 185/1000, Temp: 0.0124, Energy: -49.971184-0.006913j
[2025-04-16 22:57:22] Iteration: 186/1000, Temp: 0.0121, Energy: -50.034213-0.002491j
[2025-04-16 22:57:56] Iteration: 187/1000, Temp: 0.0119, Energy: -50.028381-0.006360j
[2025-04-16 22:58:30] Iteration: 188/1000, Temp: 0.0116, Energy: -50.112371+0.007449j
[2025-04-16 22:59:04] Iteration: 189/1000, Temp: 0.0114, Energy: -50.340442+0.018363j
[2025-04-16 22:59:38] Iteration: 190/1000, Temp: 0.0112, Energy: -50.202500+0.001944j
[2025-04-16 23:00:12] Iteration: 191/1000, Temp: 0.0110, Energy: -50.147086+0.003915j
[2025-04-16 23:00:47] Iteration: 192/1000, Temp: 0.0107, Energy: -50.209676-0.003878j
[2025-04-16 23:01:21] Iteration: 193/1000, Temp: 0.0105, Energy: -50.207279+0.002639j
[2025-04-16 23:01:55] Iteration: 194/1000, Temp: 0.0103, Energy: -50.203567+0.009868j
[2025-04-16 23:02:29] Iteration: 195/1000, Temp: 0.0101, Energy: -50.283888+0.012193j
[2025-04-16 23:03:03] Iteration: 196/1000, Temp: 0.0099, Energy: -50.283152-0.021493j
[2025-04-16 23:03:37] Iteration: 197/1000, Temp: 0.0097, Energy: -50.371832+0.004475j
[2025-04-16 23:04:12] Iteration: 198/1000, Temp: 0.0095, Energy: -50.259909-0.006048j
[2025-04-16 23:04:46] Iteration: 199/1000, Temp: 0.0093, Energy: -50.189842-0.011790j
[2025-04-16 23:05:20] Iteration: 200/1000, Temp: 0.0092, Energy: -50.301517-0.002718j
[2025-04-16 23:05:55] Iteration: 201/1000, Temp: 0.0090, Energy: -50.139268-0.010017j
[2025-04-16 23:06:29] Iteration: 202/1000, Temp: 0.0088, Energy: -50.181413-0.010213j
[2025-04-16 23:07:03] Iteration: 203/1000, Temp: 0.0086, Energy: -50.190355-0.009865j
[2025-04-16 23:07:38] Iteration: 204/1000, Temp: 0.0085, Energy: -50.132919+0.002183j
[2025-04-16 23:08:12] Iteration: 205/1000, Temp: 0.0083, Energy: -50.285748+0.015871j
[2025-04-16 23:08:46] Iteration: 206/1000, Temp: 0.0081, Energy: -50.297196-0.005941j
[2025-04-16 23:09:21] Iteration: 207/1000, Temp: 0.0080, Energy: -50.273589+0.021551j
[2025-04-16 23:09:55] Iteration: 208/1000, Temp: 0.0078, Energy: -50.225671+0.001256j
[2025-04-16 23:10:29] Iteration: 209/1000, Temp: 0.0076, Energy: -50.245790+0.008891j
[2025-04-16 23:11:04] Iteration: 210/1000, Temp: 0.0075, Energy: -50.340123+0.013366j
[2025-04-16 23:11:38] Iteration: 211/1000, Temp: 0.0073, Energy: -50.340132-0.009794j
[2025-04-16 23:12:12] Iteration: 212/1000, Temp: 0.0072, Energy: -50.303332+0.001633j
[2025-04-16 23:12:46] Iteration: 213/1000, Temp: 0.0071, Energy: -50.345677+0.016808j
[2025-04-16 23:13:20] Iteration: 214/1000, Temp: 0.0069, Energy: -50.171170+0.014968j
[2025-04-16 23:13:55] Iteration: 215/1000, Temp: 0.0068, Energy: -50.341548+0.014057j
[2025-04-16 23:14:29] Iteration: 216/1000, Temp: 0.0066, Energy: -50.284163-0.005345j
[2025-04-16 23:15:03] Iteration: 217/1000, Temp: 0.0065, Energy: -50.300895-0.003633j
[2025-04-16 23:15:37] Iteration: 218/1000, Temp: 0.0064, Energy: -50.354669+0.010739j
[2025-04-16 23:16:11] Iteration: 219/1000, Temp: 0.0063, Energy: -50.267837+0.000562j
[2025-04-16 23:16:46] Iteration: 220/1000, Temp: 0.0061, Energy: -50.376724-0.002153j
[2025-04-16 23:17:20] Iteration: 221/1000, Temp: 0.0060, Energy: -50.320371+0.003678j
[2025-04-16 23:17:54] Iteration: 222/1000, Temp: 0.0059, Energy: -50.143047-0.011409j
[2025-04-16 23:18:28] Iteration: 223/1000, Temp: 0.0058, Energy: -50.308270+0.005228j
[2025-04-16 23:19:03] Iteration: 224/1000, Temp: 0.0057, Energy: -50.239124+0.017192j
[2025-04-16 23:19:37] Iteration: 225/1000, Temp: 0.0056, Energy: -50.402769+0.011388j
[2025-04-16 23:20:11] Iteration: 226/1000, Temp: 0.0054, Energy: -50.404382+0.013682j
[2025-04-16 23:20:46] Iteration: 227/1000, Temp: 0.0053, Energy: -50.448084-0.000895j
[2025-04-16 23:21:20] Iteration: 228/1000, Temp: 0.0052, Energy: -50.430062+0.005117j
[2025-04-16 23:21:55] Iteration: 229/1000, Temp: 0.0051, Energy: -50.341984-0.007830j
[2025-04-16 23:22:29] Iteration: 230/1000, Temp: 0.0050, Energy: -50.409998+0.003539j
[2025-04-16 23:23:03] Iteration: 231/1000, Temp: 0.0049, Energy: -50.400272-0.002661j
[2025-04-16 23:23:38] Iteration: 232/1000, Temp: 0.0048, Energy: -50.265471+0.005885j
[2025-04-16 23:24:12] Iteration: 233/1000, Temp: 0.0047, Energy: -50.246697+0.017055j
[2025-04-16 23:24:46] Iteration: 234/1000, Temp: 0.0046, Energy: -50.295432+0.020456j
[2025-04-16 23:25:21] Iteration: 235/1000, Temp: 0.0045, Energy: -50.264192+0.001044j
[2025-04-16 23:25:55] Iteration: 236/1000, Temp: 0.0045, Energy: -50.409843+0.018637j
[2025-04-16 23:26:29] Iteration: 237/1000, Temp: 0.0044, Energy: -50.323437+0.007762j
[2025-04-16 23:27:04] Iteration: 238/1000, Temp: 0.0043, Energy: -50.385443-0.002154j
[2025-04-16 23:27:38] Iteration: 239/1000, Temp: 0.0042, Energy: -50.474944-0.005389j
[2025-04-16 23:28:12] Iteration: 240/1000, Temp: 0.0041, Energy: -50.463359-0.010461j
[2025-04-16 23:28:47] Iteration: 241/1000, Temp: 0.0040, Energy: -50.432556-0.000522j
[2025-04-16 23:29:21] Iteration: 242/1000, Temp: 0.0040, Energy: -50.397670-0.008260j
[2025-04-16 23:29:56] Iteration: 243/1000, Temp: 0.0039, Energy: -50.315803+0.018358j
[2025-04-16 23:30:30] Iteration: 244/1000, Temp: 0.0038, Energy: -50.317607+0.003340j
[2025-04-16 23:31:04] Iteration: 245/1000, Temp: 0.0037, Energy: -50.347471-0.011705j
[2025-04-16 23:31:39] Iteration: 246/1000, Temp: 0.0036, Energy: -50.324940-0.016984j
[2025-04-16 23:32:13] Iteration: 247/1000, Temp: 0.0036, Energy: -50.365193-0.001600j
[2025-04-16 23:32:47] Iteration: 248/1000, Temp: 0.0035, Energy: -50.244772+0.000953j
[2025-04-16 23:33:22] Iteration: 249/1000, Temp: 0.0034, Energy: -50.442059-0.000018j
[2025-04-16 23:33:56] Iteration: 250/1000, Temp: 0.0034, Energy: -50.415721+0.010380j
[2025-04-16 23:34:30] Iteration: 251/1000, Temp: 0.0033, Energy: -50.395814+0.002118j
[2025-04-16 23:35:05] Iteration: 252/1000, Temp: 0.0032, Energy: -50.519183+0.015126j
[2025-04-16 23:35:39] Iteration: 253/1000, Temp: 0.0032, Energy: -50.468446+0.002405j
[2025-04-16 23:36:14] Iteration: 254/1000, Temp: 0.0031, Energy: -50.495655+0.006274j
[2025-04-16 23:36:48] Iteration: 255/1000, Temp: 0.0030, Energy: -50.380570+0.006127j
[2025-04-16 23:37:22] Iteration: 256/1000, Temp: 0.0030, Energy: -50.321916+0.003692j
[2025-04-16 23:37:57] Iteration: 257/1000, Temp: 0.0029, Energy: -50.321737+0.005092j
[2025-04-16 23:38:31] Iteration: 258/1000, Temp: 0.0029, Energy: -50.310004+0.004357j
[2025-04-16 23:39:05] Iteration: 259/1000, Temp: 0.0028, Energy: -50.445363-0.008573j
[2025-04-16 23:39:40] Iteration: 260/1000, Temp: 0.0028, Energy: -50.421688+0.014175j
[2025-04-16 23:40:14] Iteration: 261/1000, Temp: 0.0027, Energy: -50.373514+0.002253j
[2025-04-16 23:40:48] Iteration: 262/1000, Temp: 0.0027, Energy: -50.232483+0.004346j
[2025-04-16 23:41:23] Iteration: 263/1000, Temp: 0.0026, Energy: -50.260569+0.005225j
[2025-04-16 23:41:57] Iteration: 264/1000, Temp: 0.0025, Energy: -50.348676-0.000718j
[2025-04-16 23:42:31] Iteration: 265/1000, Temp: 0.0025, Energy: -50.314724-0.005555j
[2025-04-16 23:43:06] Iteration: 266/1000, Temp: 0.0024, Energy: -50.269241+0.023091j
[2025-04-16 23:43:40] Iteration: 267/1000, Temp: 0.0024, Energy: -50.385171+0.010269j
[2025-04-16 23:44:14] Iteration: 268/1000, Temp: 0.0024, Energy: -50.418851-0.001026j
[2025-04-16 23:44:48] Iteration: 269/1000, Temp: 0.0023, Energy: -50.387095-0.009881j
[2025-04-16 23:45:22] Iteration: 270/1000, Temp: 0.0023, Energy: -50.504654-0.021230j
[2025-04-16 23:45:56] Iteration: 271/1000, Temp: 0.0022, Energy: -50.439282-0.002749j
[2025-04-16 23:46:30] Iteration: 272/1000, Temp: 0.0022, Energy: -50.438831+0.006116j
[2025-04-16 23:47:05] Iteration: 273/1000, Temp: 0.0021, Energy: -50.441207+0.001343j
[2025-04-16 23:47:39] Iteration: 274/1000, Temp: 0.0021, Energy: -50.394280+0.000242j
[2025-04-16 23:48:13] Iteration: 275/1000, Temp: 0.0020, Energy: -50.285021+0.000595j
[2025-04-16 23:48:48] Iteration: 276/1000, Temp: 0.0020, Energy: -50.369565+0.000043j
[2025-04-16 23:49:22] Iteration: 277/1000, Temp: 0.0020, Energy: -50.264557-0.000225j
[2025-04-16 23:49:56] Iteration: 278/1000, Temp: 0.0019, Energy: -50.340908-0.005698j
[2025-04-16 23:50:31] Iteration: 279/1000, Temp: 0.0019, Energy: -50.315940+0.002838j
[2025-04-16 23:51:05] Iteration: 280/1000, Temp: 0.0018, Energy: -50.247135+0.006655j
[2025-04-16 23:51:40] Iteration: 281/1000, Temp: 0.0018, Energy: -50.258973+0.004376j
[2025-04-16 23:52:14] Iteration: 282/1000, Temp: 0.0018, Energy: -50.273461+0.005329j
[2025-04-16 23:52:48] Iteration: 283/1000, Temp: 0.0017, Energy: -50.294477-0.007790j
[2025-04-16 23:53:23] Iteration: 284/1000, Temp: 0.0017, Energy: -50.346743-0.009172j
[2025-04-16 23:53:57] Iteration: 285/1000, Temp: 0.0017, Energy: -50.284612+0.000810j
[2025-04-16 23:54:32] Iteration: 286/1000, Temp: 0.0016, Energy: -50.257784+0.000446j
[2025-04-16 23:55:06] Iteration: 287/1000, Temp: 0.0016, Energy: -50.344011-0.013574j
[2025-04-16 23:55:40] Iteration: 288/1000, Temp: 0.0016, Energy: -50.386884+0.006644j
[2025-04-16 23:56:15] Iteration: 289/1000, Temp: 0.0015, Energy: -50.529481+0.011873j
[2025-04-16 23:56:49] Iteration: 290/1000, Temp: 0.0015, Energy: -50.466426-0.007553j
[2025-04-16 23:57:23] Iteration: 291/1000, Temp: 0.0015, Energy: -50.544171-0.003036j
[2025-04-16 23:57:58] Iteration: 292/1000, Temp: 0.0015, Energy: -50.483364-0.012579j
[2025-04-16 23:58:32] Iteration: 293/1000, Temp: 0.0014, Energy: -50.544730+0.009856j
[2025-04-16 23:59:07] Iteration: 294/1000, Temp: 0.0014, Energy: -50.449306+0.003051j
[2025-04-16 23:59:41] Iteration: 295/1000, Temp: 0.0014, Energy: -50.385879+0.011788j
[2025-04-17 00:00:15] Iteration: 296/1000, Temp: 0.0013, Energy: -50.595606+0.000223j
[2025-04-17 00:00:50] Iteration: 297/1000, Temp: 0.0013, Energy: -50.521158-0.002217j
[2025-04-17 00:01:24] Iteration: 298/1000, Temp: 0.0013, Energy: -50.544873+0.008655j
[2025-04-17 00:01:58] Iteration: 299/1000, Temp: 0.0013, Energy: -50.530644-0.007739j
[2025-04-17 00:02:33] Iteration: 300/1000, Temp: 0.0012, Energy: -50.511735-0.013135j
[2025-04-17 00:03:07] Iteration: 301/1000, Temp: 0.0012, Energy: -50.548381-0.013690j
[2025-04-17 00:03:41] Iteration: 302/1000, Temp: 0.0012, Energy: -50.485703-0.004485j
[2025-04-17 00:04:15] Iteration: 303/1000, Temp: 0.0012, Energy: -50.468194+0.004300j
[2025-04-17 00:04:49] Iteration: 304/1000, Temp: 0.0011, Energy: -50.432897+0.011179j
[2025-04-17 00:05:24] Iteration: 305/1000, Temp: 0.0011, Energy: -50.397600-0.001300j
[2025-04-17 00:05:58] Iteration: 306/1000, Temp: 0.0011, Energy: -50.419452+0.009692j
[2025-04-17 00:06:32] Iteration: 307/1000, Temp: 0.0011, Energy: -50.501909-0.003837j
[2025-04-17 00:07:07] Iteration: 308/1000, Temp: 0.0011, Energy: -50.577217-0.007934j
[2025-04-17 00:07:41] Iteration: 309/1000, Temp: 0.0010, Energy: -50.556818-0.006272j
[2025-04-17 00:08:15] Iteration: 310/1000, Temp: 0.0010, Energy: -50.632368+0.012305j
[2025-04-17 00:08:50] Iteration: 311/1000, Temp: 0.0010, Energy: -50.482952+0.003513j
[2025-04-17 00:09:24] Iteration: 312/1000, Temp: 0.0010, Energy: -50.437699+0.008669j
[2025-04-17 00:09:59] Iteration: 313/1000, Temp: 0.0010, Energy: -50.524983+0.001090j
[2025-04-17 00:10:33] Iteration: 314/1000, Temp: 0.0009, Energy: -50.567681-0.004093j
[2025-04-17 00:11:07] Iteration: 315/1000, Temp: 0.0009, Energy: -50.412176-0.005876j
[2025-04-17 00:11:42] Iteration: 316/1000, Temp: 0.0009, Energy: -50.385903-0.011029j
[2025-04-17 00:12:16] Iteration: 317/1000, Temp: 0.0009, Energy: -50.347399+0.000998j
[2025-04-17 00:12:50] Iteration: 318/1000, Temp: 0.0009, Energy: -50.450025-0.001236j
[2025-04-17 00:13:25] Iteration: 319/1000, Temp: 0.0008, Energy: -50.477324+0.009966j
[2025-04-17 00:13:59] Iteration: 320/1000, Temp: 0.0008, Energy: -50.406094+0.019270j
[2025-04-17 00:14:33] Iteration: 321/1000, Temp: 0.0008, Energy: -50.280685-0.003247j
[2025-04-17 00:15:08] Iteration: 322/1000, Temp: 0.0008, Energy: -50.355799-0.006165j
[2025-04-17 00:15:42] Iteration: 323/1000, Temp: 0.0008, Energy: -50.342079-0.012640j
[2025-04-17 00:16:16] Iteration: 324/1000, Temp: 0.0008, Energy: -50.438786-0.009773j
[2025-04-17 00:16:51] Iteration: 325/1000, Temp: 0.0008, Energy: -50.434172-0.004746j
[2025-04-17 00:17:25] Iteration: 326/1000, Temp: 0.0007, Energy: -50.334826-0.003683j
[2025-04-17 00:17:59] Iteration: 327/1000, Temp: 0.0007, Energy: -50.353916+0.018022j
[2025-04-17 00:18:34] Iteration: 328/1000, Temp: 0.0007, Energy: -50.399985+0.002976j
[2025-04-17 00:19:08] Iteration: 329/1000, Temp: 0.0007, Energy: -50.436119+0.000128j
[2025-04-17 00:19:42] Iteration: 330/1000, Temp: 0.0007, Energy: -50.458318+0.005233j
[2025-04-17 00:20:17] Iteration: 331/1000, Temp: 0.0007, Energy: -50.367408+0.008724j
[2025-04-17 00:20:51] Iteration: 332/1000, Temp: 0.0007, Energy: -50.394707-0.010075j
[2025-04-17 00:21:25] Iteration: 333/1000, Temp: 0.0006, Energy: -50.498805+0.001368j
[2025-04-17 00:22:00] Iteration: 334/1000, Temp: 0.0006, Energy: -50.506266+0.005682j
[2025-04-17 00:22:34] Iteration: 335/1000, Temp: 0.0006, Energy: -50.510998+0.006370j
[2025-04-17 00:23:08] Iteration: 336/1000, Temp: 0.0006, Energy: -50.493585-0.004073j
[2025-04-17 00:23:43] Iteration: 337/1000, Temp: 0.0006, Energy: -50.489624-0.004168j
[2025-04-17 00:24:17] Iteration: 338/1000, Temp: 0.0006, Energy: -50.406249-0.000697j
[2025-04-17 00:24:51] Iteration: 339/1000, Temp: 0.0006, Energy: -50.438971-0.002473j
[2025-04-17 00:25:26] Iteration: 340/1000, Temp: 0.0006, Energy: -50.421867-0.001702j
[2025-04-17 00:26:00] Iteration: 341/1000, Temp: 0.0005, Energy: -50.384634+0.001370j
[2025-04-17 00:26:35] Iteration: 342/1000, Temp: 0.0005, Energy: -50.361521-0.006685j
[2025-04-17 00:27:09] Iteration: 343/1000, Temp: 0.0005, Energy: -50.385506+0.017542j
[2025-04-17 00:27:43] Iteration: 344/1000, Temp: 0.0005, Energy: -50.474434+0.005789j
[2025-04-17 00:28:18] Iteration: 345/1000, Temp: 0.0005, Energy: -50.304778+0.004845j
[2025-04-17 00:28:52] Iteration: 346/1000, Temp: 0.0005, Energy: -50.351935+0.002117j
[2025-04-17 00:29:26] Iteration: 347/1000, Temp: 0.0005, Energy: -50.500558+0.011075j
[2025-04-17 00:30:01] Iteration: 348/1000, Temp: 0.0005, Energy: -50.460713+0.007732j
[2025-04-17 00:30:35] Iteration: 349/1000, Temp: 0.0005, Energy: -50.410035+0.006080j
[2025-04-17 00:31:09] Iteration: 350/1000, Temp: 0.0005, Energy: -50.331659+0.002977j
[2025-04-17 00:31:44] Iteration: 351/1000, Temp: 0.0004, Energy: -50.353903-0.008941j
[2025-04-17 00:32:18] Iteration: 352/1000, Temp: 0.0004, Energy: -50.283855+0.006364j
[2025-04-17 00:32:52] Iteration: 353/1000, Temp: 0.0004, Energy: -50.443531+0.006002j
[2025-04-17 00:33:27] Iteration: 354/1000, Temp: 0.0004, Energy: -50.458477+0.005841j
[2025-04-17 00:34:01] Iteration: 355/1000, Temp: 0.0004, Energy: -50.501274+0.002652j
[2025-04-17 00:34:35] Iteration: 356/1000, Temp: 0.0004, Energy: -50.444173+0.001754j
[2025-04-17 00:35:10] Iteration: 357/1000, Temp: 0.0004, Energy: -50.453742-0.004790j
[2025-04-17 00:35:44] Iteration: 358/1000, Temp: 0.0004, Energy: -50.439547+0.003214j
[2025-04-17 00:36:18] Iteration: 359/1000, Temp: 0.0004, Energy: -50.439868+0.005582j
[2025-04-17 00:36:52] Iteration: 360/1000, Temp: 0.0004, Energy: -50.340515-0.001299j
[2025-04-17 00:37:27] Iteration: 361/1000, Temp: 0.0004, Energy: -50.309621+0.004622j
[2025-04-17 00:38:01] Iteration: 362/1000, Temp: 0.0004, Energy: -50.514497-0.003280j
[2025-04-17 00:38:35] Iteration: 363/1000, Temp: 0.0004, Energy: -50.327499+0.005370j
[2025-04-17 00:39:10] Iteration: 364/1000, Temp: 0.0003, Energy: -50.369558-0.011815j
[2025-04-17 00:39:44] Iteration: 365/1000, Temp: 0.0003, Energy: -50.327185-0.008424j
[2025-04-17 00:40:19] Iteration: 366/1000, Temp: 0.0003, Energy: -50.465826+0.004219j
[2025-04-17 00:40:53] Iteration: 367/1000, Temp: 0.0003, Energy: -50.353180-0.004467j
[2025-04-17 00:41:27] Iteration: 368/1000, Temp: 0.0003, Energy: -50.379657-0.006492j
[2025-04-17 00:42:02] Iteration: 369/1000, Temp: 0.0003, Energy: -50.470132-0.018904j
[2025-04-17 00:42:36] Iteration: 370/1000, Temp: 0.0003, Energy: -50.395278+0.004071j
[2025-04-17 00:43:10] Iteration: 371/1000, Temp: 0.0003, Energy: -50.380685-0.006361j
[2025-04-17 00:43:45] Iteration: 372/1000, Temp: 0.0003, Energy: -50.342884-0.000150j
[2025-04-17 00:44:19] Iteration: 373/1000, Temp: 0.0003, Energy: -50.384851-0.005074j
[2025-04-17 00:44:53] Iteration: 374/1000, Temp: 0.0003, Energy: -50.556283-0.013839j
[2025-04-17 00:45:27] Iteration: 375/1000, Temp: 0.0003, Energy: -50.494579-0.005795j
[2025-04-17 00:46:02] Iteration: 376/1000, Temp: 0.0003, Energy: -50.521273+0.003152j
[2025-04-17 00:46:36] Iteration: 377/1000, Temp: 0.0003, Energy: -50.403648-0.002861j
[2025-04-17 00:47:10] Iteration: 378/1000, Temp: 0.0003, Energy: -50.346057+0.005620j
[2025-04-17 00:47:44] Iteration: 379/1000, Temp: 0.0003, Energy: -50.419924+0.001731j
[2025-04-17 00:48:18] Iteration: 380/1000, Temp: 0.0003, Energy: -50.397114+0.014503j
[2025-04-17 00:48:52] Iteration: 381/1000, Temp: 0.0002, Energy: -50.210378-0.002397j
[2025-04-17 00:49:26] Iteration: 382/1000, Temp: 0.0002, Energy: -50.380337+0.001079j
[2025-04-17 00:50:01] Iteration: 383/1000, Temp: 0.0002, Energy: -50.354757+0.001162j
[2025-04-17 00:50:35] Iteration: 384/1000, Temp: 0.0002, Energy: -50.392244-0.002583j
[2025-04-17 00:51:09] Iteration: 385/1000, Temp: 0.0002, Energy: -50.439224+0.005324j
[2025-04-17 00:51:44] Iteration: 386/1000, Temp: 0.0002, Energy: -50.456660-0.000747j
[2025-04-17 00:52:18] Iteration: 387/1000, Temp: 0.0002, Energy: -50.460437+0.007252j
[2025-04-17 00:52:52] Iteration: 388/1000, Temp: 0.0002, Energy: -50.541519+0.001677j
[2025-04-17 00:53:27] Iteration: 389/1000, Temp: 0.0002, Energy: -50.543208+0.000862j
[2025-04-17 00:54:01] Iteration: 390/1000, Temp: 0.0002, Energy: -50.522168+0.010916j
[2025-04-17 00:54:35] Iteration: 391/1000, Temp: 0.0002, Energy: -50.396022-0.006060j
[2025-04-17 00:55:10] Iteration: 392/1000, Temp: 0.0002, Energy: -50.444390+0.000717j
[2025-04-17 00:55:44] Iteration: 393/1000, Temp: 0.0002, Energy: -50.432152-0.001389j
[2025-04-17 00:56:18] Iteration: 394/1000, Temp: 0.0002, Energy: -50.448524-0.000387j
[2025-04-17 00:56:53] Iteration: 395/1000, Temp: 0.0002, Energy: -50.447541-0.006222j
[2025-04-17 00:57:27] Iteration: 396/1000, Temp: 0.0002, Energy: -50.330524+0.002471j
[2025-04-17 00:58:01] Iteration: 397/1000, Temp: 0.0002, Energy: -50.373164-0.005915j
[2025-04-17 00:58:36] Iteration: 398/1000, Temp: 0.0002, Energy: -50.491289+0.001711j
[2025-04-17 00:59:10] Iteration: 399/1000, Temp: 0.0002, Energy: -50.465046+0.012239j
[2025-04-17 00:59:45] Iteration: 400/1000, Temp: 0.0002, Energy: -50.421256-0.001560j
[2025-04-17 01:00:19] Iteration: 401/1000, Temp: 0.0002, Energy: -50.351185-0.011403j
[2025-04-17 01:00:53] Iteration: 402/1000, Temp: 0.0002, Energy: -50.484317-0.008473j
[2025-04-17 01:01:28] Iteration: 403/1000, Temp: 0.0002, Energy: -50.570334-0.000591j
[2025-04-17 01:02:02] Iteration: 404/1000, Temp: 0.0002, Energy: -50.394614-0.001425j
[2025-04-17 01:02:36] Iteration: 405/1000, Temp: 0.0002, Energy: -50.372202-0.001933j
[2025-04-17 01:03:11] Iteration: 406/1000, Temp: 0.0001, Energy: -50.395061-0.002456j
[2025-04-17 01:03:45] Iteration: 407/1000, Temp: 0.0001, Energy: -50.518682-0.010168j
[2025-04-17 01:04:19] Iteration: 408/1000, Temp: 0.0001, Energy: -50.435323+0.015900j
[2025-04-17 01:04:53] Iteration: 409/1000, Temp: 0.0001, Energy: -50.405294-0.003177j
[2025-04-17 01:05:28] Iteration: 410/1000, Temp: 0.0001, Energy: -50.381054-0.002352j
[2025-04-17 01:06:02] Iteration: 411/1000, Temp: 0.0001, Energy: -50.359266-0.000001j
[2025-04-17 01:06:36] Iteration: 412/1000, Temp: 0.0001, Energy: -50.362878+0.005393j
[2025-04-17 01:07:10] Iteration: 413/1000, Temp: 0.0001, Energy: -50.340565+0.003927j
[2025-04-17 01:07:44] Iteration: 414/1000, Temp: 0.0001, Energy: -50.442420-0.011688j
[2025-04-17 01:08:18] Iteration: 415/1000, Temp: 0.0001, Energy: -50.429787-0.003923j
[2025-04-17 01:08:52] Iteration: 416/1000, Temp: 0.0001, Energy: -50.553673+0.000438j
[2025-04-17 01:09:27] Iteration: 417/1000, Temp: 0.0001, Energy: -50.525760-0.001423j
[2025-04-17 01:10:01] Iteration: 418/1000, Temp: 0.0001, Energy: -50.460582+0.005215j
[2025-04-17 01:10:35] Iteration: 419/1000, Temp: 0.0001, Energy: -50.399314+0.005928j
[2025-04-17 01:11:09] Iteration: 420/1000, Temp: 0.0001, Energy: -50.372372+0.008714j
[2025-04-17 01:11:43] Iteration: 421/1000, Temp: 0.0001, Energy: -50.345207+0.008759j
[2025-04-17 01:12:17] Iteration: 422/1000, Temp: 0.0001, Energy: -50.403214+0.000314j
[2025-04-17 01:12:52] Iteration: 423/1000, Temp: 0.0001, Energy: -50.301516-0.001214j
[2025-04-17 01:13:26] Iteration: 424/1000, Temp: 0.0001, Energy: -50.395177+0.005408j
[2025-04-17 01:14:00] Iteration: 425/1000, Temp: 0.0001, Energy: -50.383356+0.000948j
[2025-04-17 01:14:34] Iteration: 426/1000, Temp: 0.0001, Energy: -50.284509-0.005946j
[2025-04-17 01:15:09] Iteration: 427/1000, Temp: 0.0001, Energy: -50.553948+0.005071j
[2025-04-17 01:15:43] Iteration: 428/1000, Temp: 0.0001, Energy: -50.476749-0.003030j
[2025-04-17 01:16:17] Iteration: 429/1000, Temp: 0.0001, Energy: -50.478343-0.006873j
[2025-04-17 01:16:52] Iteration: 430/1000, Temp: 0.0001, Energy: -50.438505-0.002048j
[2025-04-17 01:17:26] Iteration: 431/1000, Temp: 0.0001, Energy: -50.380607-0.000649j
[2025-04-17 01:18:00] Iteration: 432/1000, Temp: 0.0001, Energy: -50.326210+0.000625j
[2025-04-17 01:18:34] Iteration: 433/1000, Temp: 0.0001, Energy: -50.435665-0.008801j
[2025-04-17 01:19:08] Iteration: 434/1000, Temp: 0.0001, Energy: -50.437663+0.001784j
[2025-04-17 01:19:42] Iteration: 435/1000, Temp: 0.0001, Energy: -50.443100-0.004841j
[2025-04-17 01:20:16] Iteration: 436/1000, Temp: 0.0001, Energy: -50.522128-0.004933j
[2025-04-17 01:20:51] Iteration: 437/1000, Temp: 0.0001, Energy: -50.400713-0.001468j
[2025-04-17 01:21:25] Iteration: 438/1000, Temp: 0.0001, Energy: -50.428445-0.011019j
[2025-04-17 01:21:59] Iteration: 439/1000, Temp: 0.0001, Energy: -50.401260-0.001367j
[2025-04-17 01:22:33] Iteration: 440/1000, Temp: 0.0001, Energy: -50.539447-0.010637j
[2025-04-17 01:23:08] Iteration: 441/1000, Temp: 0.0001, Energy: -50.391157+0.014714j
[2025-04-17 01:23:42] Iteration: 442/1000, Temp: 0.0001, Energy: -50.452164-0.002500j
[2025-04-17 01:24:16] Iteration: 443/1000, Temp: 0.0001, Energy: -50.355946+0.003816j
[2025-04-17 01:24:50] Iteration: 444/1000, Temp: 0.0001, Energy: -50.457023+0.013272j
[2025-04-17 01:25:24] Iteration: 445/1000, Temp: 0.0001, Energy: -50.504018+0.000293j
[2025-04-17 01:25:59] Iteration: 446/1000, Temp: 0.0001, Energy: -50.578646+0.001791j
[2025-04-17 01:26:33] Iteration: 447/1000, Temp: 0.0001, Energy: -50.520822+0.001388j
[2025-04-17 01:27:08] Iteration: 448/1000, Temp: 0.0001, Energy: -50.575465+0.003152j
[2025-04-17 01:27:42] Iteration: 449/1000, Temp: 0.0001, Energy: -50.558080+0.000574j
[2025-04-17 01:28:16] Iteration: 450/1000, Temp: 0.0001, Energy: -50.527577+0.008462j
[2025-04-17 01:28:50] Iteration: 451/1000, Temp: 0.0001, Energy: -50.702777-0.004892j
[2025-04-17 01:29:25] Iteration: 452/1000, Temp: 0.0001, Energy: -50.502185+0.004308j
[2025-04-17 01:29:59] Iteration: 453/1000, Temp: 0.0001, Energy: -50.482364+0.003689j
[2025-04-17 01:30:33] Iteration: 454/1000, Temp: 0.0001, Energy: -50.537691+0.000807j
[2025-04-17 01:31:08] Iteration: 455/1000, Temp: 0.0001, Energy: -50.503393+0.001270j
[2025-04-17 01:31:42] Iteration: 456/1000, Temp: 0.0001, Energy: -50.461066+0.009260j
[2025-04-17 01:32:16] Iteration: 457/1000, Temp: 0.0001, Energy: -50.442114+0.008659j
[2025-04-17 01:32:51] Iteration: 458/1000, Temp: 0.0001, Energy: -50.432172+0.003313j
[2025-04-17 01:33:25] Iteration: 459/1000, Temp: 0.0001, Energy: -50.464957+0.015601j
[2025-04-17 01:33:59] Iteration: 460/1000, Temp: 0.0001, Energy: -50.470078-0.003750j
[2025-04-17 01:34:34] Iteration: 461/1000, Temp: 0.0000, Energy: -50.532026-0.001358j
[2025-04-17 01:35:08] Iteration: 462/1000, Temp: 0.0000, Energy: -50.471578-0.003513j
[2025-04-17 01:35:43] Iteration: 463/1000, Temp: 0.0000, Energy: -50.512465-0.002872j
[2025-04-17 01:36:17] Iteration: 464/1000, Temp: 0.0000, Energy: -50.452413+0.005476j
[2025-04-17 01:36:51] Iteration: 465/1000, Temp: 0.0000, Energy: -50.417105-0.005463j
[2025-04-17 01:37:26] Iteration: 466/1000, Temp: 0.0000, Energy: -50.392694+0.006054j
[2025-04-17 01:38:00] Iteration: 467/1000, Temp: 0.0000, Energy: -50.258085-0.001530j
[2025-04-17 01:38:34] Iteration: 468/1000, Temp: 0.0000, Energy: -50.254748+0.002398j
[2025-04-17 01:39:09] Iteration: 469/1000, Temp: 0.0000, Energy: -50.372168+0.003849j
[2025-04-17 01:39:43] Iteration: 470/1000, Temp: 0.0000, Energy: -50.344164+0.004577j
[2025-04-17 01:40:17] Iteration: 471/1000, Temp: 0.0000, Energy: -50.489110-0.001010j
[2025-04-17 01:40:52] Iteration: 472/1000, Temp: 0.0000, Energy: -50.449952-0.003929j
[2025-04-17 01:41:26] Iteration: 473/1000, Temp: 0.0000, Energy: -50.410521+0.001720j
[2025-04-17 01:42:00] Iteration: 474/1000, Temp: 0.0000, Energy: -50.462964-0.013384j
[2025-04-17 01:42:35] Iteration: 475/1000, Temp: 0.0000, Energy: -50.626041+0.001638j
[2025-04-17 01:43:09] Iteration: 476/1000, Temp: 0.0000, Energy: -50.563081-0.007558j
[2025-04-17 01:43:43] Iteration: 477/1000, Temp: 0.0000, Energy: -50.472828+0.024187j
[2025-04-17 01:44:18] Iteration: 478/1000, Temp: 0.0000, Energy: -50.616487-0.003427j
[2025-04-17 01:44:52] Iteration: 479/1000, Temp: 0.0000, Energy: -50.624179-0.002077j
[2025-04-17 01:45:26] Iteration: 480/1000, Temp: 0.0000, Energy: -50.505270+0.004505j
[2025-04-17 01:46:01] Iteration: 481/1000, Temp: 0.0000, Energy: -50.509904+0.003579j
[2025-04-17 01:46:35] Iteration: 482/1000, Temp: 0.0000, Energy: -50.571674-0.006222j
[2025-04-17 01:47:09] Iteration: 483/1000, Temp: 0.0000, Energy: -50.554943+0.001888j
[2025-04-17 01:47:44] Iteration: 484/1000, Temp: 0.0000, Energy: -50.407528+0.000222j
[2025-04-17 01:48:18] Iteration: 485/1000, Temp: 0.0000, Energy: -50.430173+0.001904j
[2025-04-17 01:48:52] Iteration: 486/1000, Temp: 0.0000, Energy: -50.607134-0.002099j
[2025-04-17 01:49:27] Iteration: 487/1000, Temp: 0.0000, Energy: -50.499542+0.000611j
[2025-04-17 01:50:01] Iteration: 488/1000, Temp: 0.0000, Energy: -50.543842+0.008101j
[2025-04-17 01:50:36] Iteration: 489/1000, Temp: 0.0000, Energy: -50.484016+0.006224j
[2025-04-17 01:51:10] Iteration: 490/1000, Temp: 0.0000, Energy: -50.407803+0.008688j
[2025-04-17 01:51:44] Iteration: 491/1000, Temp: 0.0000, Energy: -50.375492-0.002906j
[2025-04-17 01:52:19] Iteration: 492/1000, Temp: 0.0000, Energy: -50.495931+0.006935j
[2025-04-17 01:52:53] Iteration: 493/1000, Temp: 0.0000, Energy: -50.571786+0.015018j
[2025-04-17 01:53:28] Iteration: 494/1000, Temp: 0.0000, Energy: -50.531795-0.007613j
[2025-04-17 01:54:02] Iteration: 495/1000, Temp: 0.0000, Energy: -50.459193+0.000729j
[2025-04-17 01:54:36] Iteration: 496/1000, Temp: 0.0000, Energy: -50.486109+0.007362j
[2025-04-17 01:55:11] Iteration: 497/1000, Temp: 0.0000, Energy: -50.487626-0.003483j
[2025-04-17 01:55:45] Iteration: 498/1000, Temp: 0.0000, Energy: -50.638982-0.002049j
[2025-04-17 01:56:20] Iteration: 499/1000, Temp: 0.0000, Energy: -50.591133+0.012972j
[2025-04-17 01:56:54] Iteration: 500/1000, Temp: 0.0000, Energy: -50.445589-0.001807j
[2025-04-17 01:57:28] Iteration: 501/1000, Temp: 0.0000, Energy: -50.498066-0.007981j
[2025-04-17 01:58:02] Iteration: 502/1000, Temp: 0.0000, Energy: -50.455903+0.006379j
[2025-04-17 01:58:36] Iteration: 503/1000, Temp: 0.0000, Energy: -50.443131-0.000162j
[2025-04-17 01:59:10] Iteration: 504/1000, Temp: 0.0000, Energy: -50.628577+0.001104j
[2025-04-17 01:59:45] Iteration: 505/1000, Temp: 0.0000, Energy: -50.539276-0.006772j
[2025-04-17 02:00:19] Iteration: 506/1000, Temp: 0.0000, Energy: -50.509029-0.008510j
[2025-04-17 02:00:53] Iteration: 507/1000, Temp: 0.0000, Energy: -50.499432+0.004229j
[2025-04-17 02:01:27] Iteration: 508/1000, Temp: 0.0000, Energy: -50.402118+0.002642j
[2025-04-17 02:02:01] Iteration: 509/1000, Temp: 0.0000, Energy: -50.415917-0.007244j
[2025-04-17 02:02:35] Iteration: 510/1000, Temp: 0.0000, Energy: -50.326947+0.001268j
[2025-04-17 02:03:09] Iteration: 511/1000, Temp: 0.0000, Energy: -50.350215-0.002111j
[2025-04-17 02:03:44] Iteration: 512/1000, Temp: 0.0000, Energy: -50.405811+0.017659j
[2025-04-17 02:04:18] Iteration: 513/1000, Temp: 0.0000, Energy: -50.314430+0.003571j
[2025-04-17 02:04:52] Iteration: 514/1000, Temp: 0.0000, Energy: -50.489245+0.006416j
[2025-04-17 02:05:26] Iteration: 515/1000, Temp: 0.0000, Energy: -50.591055-0.003577j
[2025-04-17 02:06:00] Iteration: 516/1000, Temp: 0.0000, Energy: -50.366284-0.000777j
[2025-04-17 02:06:34] Iteration: 517/1000, Temp: 0.0000, Energy: -50.519935+0.003664j
[2025-04-17 02:07:09] Iteration: 518/1000, Temp: 0.0000, Energy: -50.582019+0.007933j
[2025-04-17 02:07:43] Iteration: 519/1000, Temp: 0.0000, Energy: -50.534614-0.002768j
[2025-04-17 02:08:17] Iteration: 520/1000, Temp: 0.0000, Energy: -50.517125+0.007002j
[2025-04-17 02:08:52] Iteration: 521/1000, Temp: 0.0000, Energy: -50.454849+0.002218j
[2025-04-17 02:09:26] Iteration: 522/1000, Temp: 0.0000, Energy: -50.348164+0.006839j
[2025-04-17 02:10:00] Iteration: 523/1000, Temp: 0.0000, Energy: -50.412259+0.001475j
[2025-04-17 02:10:34] Iteration: 524/1000, Temp: 0.0000, Energy: -50.359604-0.006018j
[2025-04-17 02:11:09] Iteration: 525/1000, Temp: 0.0000, Energy: -50.358294-0.000873j
[2025-04-17 02:11:43] Iteration: 526/1000, Temp: 0.0000, Energy: -50.493348+0.003818j
[2025-04-17 02:12:18] Iteration: 527/1000, Temp: 0.0000, Energy: -50.470413+0.000609j
[2025-04-17 02:12:52] Iteration: 528/1000, Temp: 0.0000, Energy: -50.483275+0.006571j
[2025-04-17 02:13:26] Iteration: 529/1000, Temp: 0.0000, Energy: -50.427380-0.007184j
[2025-04-17 02:14:01] Iteration: 530/1000, Temp: 0.0000, Energy: -50.574144+0.007235j
[2025-04-17 02:14:35] Iteration: 531/1000, Temp: 0.0000, Energy: -50.457967+0.002674j
[2025-04-17 02:15:10] Iteration: 532/1000, Temp: 0.0000, Energy: -50.464894-0.001430j
[2025-04-17 02:15:44] Iteration: 533/1000, Temp: 0.0000, Energy: -50.502424+0.003751j
[2025-04-17 02:16:18] Iteration: 534/1000, Temp: 0.0000, Energy: -50.446274-0.001721j
[2025-04-17 02:16:52] Iteration: 535/1000, Temp: 0.0000, Energy: -50.542357-0.002117j
[2025-04-17 02:17:27] Iteration: 536/1000, Temp: 0.0000, Energy: -50.498568-0.007788j
[2025-04-17 02:18:01] Iteration: 537/1000, Temp: 0.0000, Energy: -50.465347+0.001678j
[2025-04-17 02:18:35] Iteration: 538/1000, Temp: 0.0000, Energy: -50.414717+0.005000j
[2025-04-17 02:19:10] Iteration: 539/1000, Temp: 0.0000, Energy: -50.331562-0.000351j
[2025-04-17 02:19:44] Iteration: 540/1000, Temp: 0.0000, Energy: -50.429371+0.010433j
[2025-04-17 02:20:19] Iteration: 541/1000, Temp: 0.0000, Energy: -50.419967+0.001088j
[2025-04-17 02:20:53] Iteration: 542/1000, Temp: 0.0000, Energy: -50.462691-0.005096j
[2025-04-17 02:21:27] Iteration: 543/1000, Temp: 0.0000, Energy: -50.406033+0.004608j
[2025-04-17 02:22:02] Iteration: 544/1000, Temp: 0.0000, Energy: -50.367034+0.000801j
[2025-04-17 02:22:36] Iteration: 545/1000, Temp: 0.0000, Energy: -50.428024+0.003995j
[2025-04-17 02:23:10] Iteration: 546/1000, Temp: 0.0000, Energy: -50.369296-0.002831j
[2025-04-17 02:23:45] Iteration: 547/1000, Temp: 0.0000, Energy: -50.432578+0.005403j
[2025-04-17 02:24:19] Iteration: 548/1000, Temp: 0.0000, Energy: -50.502902-0.000190j
[2025-04-17 02:24:53] Iteration: 549/1000, Temp: 0.0000, Energy: -50.304830-0.007087j
[2025-04-17 02:25:28] Iteration: 550/1000, Temp: 0.0000, Energy: -50.419322+0.008457j
[2025-04-17 02:26:02] Iteration: 551/1000, Temp: 0.0000, Energy: -50.401238-0.003145j
[2025-04-17 02:26:37] Iteration: 552/1000, Temp: 0.0000, Energy: -50.506250+0.000326j
[2025-04-17 02:27:11] Iteration: 553/1000, Temp: 0.0000, Energy: -50.499777+0.005724j
[2025-04-17 02:27:45] Iteration: 554/1000, Temp: 0.0000, Energy: -50.549604-0.003010j
[2025-04-17 02:28:20] Iteration: 555/1000, Temp: 0.0000, Energy: -50.492074+0.005424j
[2025-04-17 02:28:54] Iteration: 556/1000, Temp: 0.0000, Energy: -50.492214-0.002442j
[2025-04-17 02:29:29] Iteration: 557/1000, Temp: 0.0000, Energy: -50.418219+0.004344j
[2025-04-17 02:30:03] Iteration: 558/1000, Temp: 0.0000, Energy: -50.460681+0.000248j
[2025-04-17 02:30:37] Iteration: 559/1000, Temp: 0.0000, Energy: -50.464403+0.007317j
[2025-04-17 02:31:12] Iteration: 560/1000, Temp: 0.0000, Energy: -50.381173+0.001167j
[2025-04-17 02:31:46] Iteration: 561/1000, Temp: 0.0000, Energy: -50.494791-0.001544j
[2025-04-17 02:32:20] Iteration: 562/1000, Temp: 0.0000, Energy: -50.482101-0.006611j
[2025-04-17 02:32:55] Iteration: 563/1000, Temp: 0.0000, Energy: -50.454938+0.000797j
[2025-04-17 02:33:29] Iteration: 564/1000, Temp: 0.0000, Energy: -50.453745+0.002930j
[2025-04-17 02:34:03] Iteration: 565/1000, Temp: 0.0000, Energy: -50.438568+0.002351j
[2025-04-17 02:34:37] Iteration: 566/1000, Temp: 0.0000, Energy: -50.441236+0.006598j
[2025-04-17 02:35:11] Iteration: 567/1000, Temp: 0.0000, Energy: -50.514685+0.000862j
[2025-04-17 02:35:45] Iteration: 568/1000, Temp: 0.0000, Energy: -50.547568-0.007386j
[2025-04-17 02:36:19] Iteration: 569/1000, Temp: 0.0000, Energy: -50.499612-0.006506j
[2025-04-17 02:36:54] Iteration: 570/1000, Temp: 0.0000, Energy: -50.380222-0.009303j
[2025-04-17 02:37:28] Iteration: 571/1000, Temp: 0.0000, Energy: -50.434449-0.007847j
[2025-04-17 02:38:02] Iteration: 572/1000, Temp: 0.0000, Energy: -50.458998-0.006297j
[2025-04-17 02:38:36] Iteration: 573/1000, Temp: 0.0000, Energy: -50.407738+0.005452j
[2025-04-17 02:39:10] Iteration: 574/1000, Temp: 0.0000, Energy: -50.480900-0.000677j
[2025-04-17 02:39:45] Iteration: 575/1000, Temp: 0.0000, Energy: -50.538970+0.008008j
[2025-04-17 02:40:19] Iteration: 576/1000, Temp: 0.0000, Energy: -50.516370+0.006159j
[2025-04-17 02:40:53] Iteration: 577/1000, Temp: 0.0000, Energy: -50.461769-0.004719j
[2025-04-17 02:41:27] Iteration: 578/1000, Temp: 0.0000, Energy: -50.398371+0.012572j
[2025-04-17 02:42:01] Iteration: 579/1000, Temp: 0.0000, Energy: -50.475666-0.006785j
[2025-04-17 02:42:35] Iteration: 580/1000, Temp: 0.0000, Energy: -50.467465+0.001969j
[2025-04-17 02:43:10] Iteration: 581/1000, Temp: 0.0000, Energy: -50.586516-0.002983j
[2025-04-17 02:43:44] Iteration: 582/1000, Temp: 0.0000, Energy: -50.384370+0.001691j
[2025-04-17 02:44:18] Iteration: 583/1000, Temp: 0.0000, Energy: -50.381593+0.001394j
[2025-04-17 02:44:53] Iteration: 584/1000, Temp: 0.0000, Energy: -50.536110+0.002761j
[2025-04-17 02:45:27] Iteration: 585/1000, Temp: 0.0000, Energy: -50.448434-0.005865j
[2025-04-17 02:46:01] Iteration: 586/1000, Temp: 0.0000, Energy: -50.371493+0.004107j
[2025-04-17 02:46:36] Iteration: 587/1000, Temp: 0.0000, Energy: -50.447147+0.005183j
[2025-04-17 02:47:10] Iteration: 588/1000, Temp: 0.0000, Energy: -50.455438+0.006789j
[2025-04-17 02:47:45] Iteration: 589/1000, Temp: 0.0000, Energy: -50.501694+0.008888j
[2025-04-17 02:48:19] Iteration: 590/1000, Temp: 0.0000, Energy: -50.472672-0.006334j
[2025-04-17 02:48:53] Iteration: 591/1000, Temp: 0.0000, Energy: -50.489821+0.002792j
[2025-04-17 02:49:28] Iteration: 592/1000, Temp: 0.0000, Energy: -50.495711-0.008987j
[2025-04-17 02:50:02] Iteration: 593/1000, Temp: 0.0000, Energy: -50.438782+0.008785j
[2025-04-17 02:50:36] Iteration: 594/1000, Temp: 0.0000, Energy: -50.440939-0.000606j
[2025-04-17 02:51:10] Iteration: 595/1000, Temp: 0.0000, Energy: -50.431151+0.000910j
[2025-04-17 02:51:44] Iteration: 596/1000, Temp: 0.0000, Energy: -50.417460+0.002883j
[2025-04-17 02:52:19] Iteration: 597/1000, Temp: 0.0000, Energy: -50.321203-0.001314j
[2025-04-17 02:52:53] Iteration: 598/1000, Temp: 0.0000, Energy: -50.519911-0.005671j
[2025-04-17 02:53:27] Iteration: 599/1000, Temp: 0.0000, Energy: -50.442274-0.002139j
[2025-04-17 02:54:01] Iteration: 600/1000, Temp: 0.0000, Energy: -50.323379+0.005826j
[2025-04-17 02:54:35] Iteration: 601/1000, Temp: 0.0000, Energy: -50.264224-0.007470j
[2025-04-17 02:55:09] Iteration: 602/1000, Temp: 0.0000, Energy: -50.367365+0.003641j
[2025-04-17 02:55:44] Iteration: 603/1000, Temp: 0.0000, Energy: -50.454650-0.010219j
[2025-04-17 02:56:18] Iteration: 604/1000, Temp: 0.0000, Energy: -50.545061+0.001378j
[2025-04-17 02:56:52] Iteration: 605/1000, Temp: 0.0000, Energy: -50.499248-0.005644j
[2025-04-17 02:57:26] Iteration: 606/1000, Temp: 0.0000, Energy: -50.362755+0.001073j
[2025-04-17 02:58:00] Iteration: 607/1000, Temp: 0.0000, Energy: -50.348167-0.006359j
[2025-04-17 02:58:35] Iteration: 608/1000, Temp: 0.0000, Energy: -50.402200+0.002344j
[2025-04-17 02:59:09] Iteration: 609/1000, Temp: 0.0000, Energy: -50.456095+0.000203j
[2025-04-17 02:59:43] Iteration: 610/1000, Temp: 0.0000, Energy: -50.444997+0.000432j
[2025-04-17 03:00:18] Iteration: 611/1000, Temp: 0.0000, Energy: -50.453458-0.004890j
[2025-04-17 03:00:52] Iteration: 612/1000, Temp: 0.0000, Energy: -50.306532-0.003718j
[2025-04-17 03:01:26] Iteration: 613/1000, Temp: 0.0000, Energy: -50.334804+0.000788j
[2025-04-17 03:02:00] Iteration: 614/1000, Temp: 0.0000, Energy: -50.354934+0.002805j
[2025-04-17 03:02:35] Iteration: 615/1000, Temp: 0.0000, Energy: -50.375108+0.006157j
[2025-04-17 03:03:09] Iteration: 616/1000, Temp: 0.0000, Energy: -50.420604-0.002812j
[2025-04-17 03:03:43] Iteration: 617/1000, Temp: 0.0000, Energy: -50.446565+0.002715j
[2025-04-17 03:04:17] Iteration: 618/1000, Temp: 0.0000, Energy: -50.465074+0.007715j
[2025-04-17 03:04:51] Iteration: 619/1000, Temp: 0.0000, Energy: -50.422523-0.009836j
[2025-04-17 03:05:26] Iteration: 620/1000, Temp: 0.0000, Energy: -50.405030-0.005329j
[2025-04-17 03:06:00] Iteration: 621/1000, Temp: 0.0000, Energy: -50.470962+0.002256j
[2025-04-17 03:06:34] Iteration: 622/1000, Temp: 0.0000, Energy: -50.412742-0.001235j
[2025-04-17 03:07:09] Iteration: 623/1000, Temp: 0.0000, Energy: -50.522067+0.004472j
[2025-04-17 03:07:43] Iteration: 624/1000, Temp: 0.0000, Energy: -50.522021-0.005436j
[2025-04-17 03:08:17] Iteration: 625/1000, Temp: 0.0000, Energy: -50.502877-0.002482j
[2025-04-17 03:08:51] Iteration: 626/1000, Temp: 0.0000, Energy: -50.478019-0.000036j
[2025-04-17 03:09:25] Iteration: 627/1000, Temp: 0.0000, Energy: -50.431900-0.002382j
[2025-04-17 03:09:59] Iteration: 628/1000, Temp: 0.0000, Energy: -50.530812-0.003030j
[2025-04-17 03:10:33] Iteration: 629/1000, Temp: 0.0000, Energy: -50.415722-0.000264j
[2025-04-17 03:11:08] Iteration: 630/1000, Temp: 0.0000, Energy: -50.335470+0.009556j
[2025-04-17 03:11:42] Iteration: 631/1000, Temp: 0.0000, Energy: -50.474550-0.004472j
[2025-04-17 03:12:16] Iteration: 632/1000, Temp: 0.0000, Energy: -50.403164+0.005247j
[2025-04-17 03:12:50] Iteration: 633/1000, Temp: 0.0000, Energy: -50.342906-0.002911j
[2025-04-17 03:13:25] Iteration: 634/1000, Temp: 0.0000, Energy: -50.529380-0.001911j
[2025-04-17 03:13:59] Iteration: 635/1000, Temp: 0.0000, Energy: -50.519538-0.006205j
[2025-04-17 03:14:34] Iteration: 636/1000, Temp: 0.0000, Energy: -50.424319+0.003798j
[2025-04-17 03:15:08] Iteration: 637/1000, Temp: 0.0000, Energy: -50.362982-0.000049j
[2025-04-17 03:15:42] Iteration: 638/1000, Temp: 0.0000, Energy: -50.482372-0.003209j
[2025-04-17 03:16:17] Iteration: 639/1000, Temp: 0.0000, Energy: -50.588511-0.001901j
[2025-04-17 03:16:51] Iteration: 640/1000, Temp: 0.0000, Energy: -50.483745-0.000228j
[2025-04-17 03:17:25] Iteration: 641/1000, Temp: 0.0000, Energy: -50.494197-0.003071j
[2025-04-17 03:18:00] Iteration: 642/1000, Temp: 0.0000, Energy: -50.607869+0.004574j
[2025-04-17 03:18:34] Iteration: 643/1000, Temp: 0.0000, Energy: -50.605513-0.002491j
[2025-04-17 03:19:08] Iteration: 644/1000, Temp: 0.0000, Energy: -50.463047-0.004360j
[2025-04-17 03:19:43] Iteration: 645/1000, Temp: 0.0000, Energy: -50.445461-0.003375j
[2025-04-17 03:20:17] Iteration: 646/1000, Temp: 0.0000, Energy: -50.419597-0.005111j
[2025-04-17 03:20:51] Iteration: 647/1000, Temp: 0.0000, Energy: -50.481958+0.002949j
[2025-04-17 03:21:26] Iteration: 648/1000, Temp: 0.0000, Energy: -50.439403+0.006082j
[2025-04-17 03:22:00] Iteration: 649/1000, Temp: 0.0000, Energy: -50.421816+0.001322j
[2025-04-17 03:22:34] Iteration: 650/1000, Temp: 0.0000, Energy: -50.431288+0.006630j
[2025-04-17 03:23:09] Iteration: 651/1000, Temp: 0.0000, Energy: -50.508631-0.005435j
[2025-04-17 03:23:43] Iteration: 652/1000, Temp: 0.0000, Energy: -50.472667+0.000604j
[2025-04-17 03:24:17] Iteration: 653/1000, Temp: 0.0000, Energy: -50.466475+0.005235j
[2025-04-17 03:24:51] Iteration: 654/1000, Temp: 0.0000, Energy: -50.463185-0.000292j
[2025-04-17 03:25:26] Iteration: 655/1000, Temp: 0.0000, Energy: -50.437936-0.001315j
[2025-04-17 03:26:00] Iteration: 656/1000, Temp: 0.0000, Energy: -50.335734-0.009231j
[2025-04-17 03:26:34] Iteration: 657/1000, Temp: 0.0000, Energy: -50.470118+0.000654j
[2025-04-17 03:27:08] Iteration: 658/1000, Temp: 0.0000, Energy: -50.413850-0.000931j
[2025-04-17 03:27:43] Iteration: 659/1000, Temp: 0.0000, Energy: -50.548138+0.004781j
[2025-04-17 03:28:17] Iteration: 660/1000, Temp: 0.0000, Energy: -50.547130-0.001018j
[2025-04-17 03:28:51] Iteration: 661/1000, Temp: 0.0000, Energy: -50.445051-0.003864j
[2025-04-17 03:29:26] Iteration: 662/1000, Temp: 0.0000, Energy: -50.431671-0.007666j
[2025-04-17 03:30:00] Iteration: 663/1000, Temp: 0.0000, Energy: -50.436921-0.005197j
[2025-04-17 03:30:35] Iteration: 664/1000, Temp: 0.0000, Energy: -50.500153-0.002679j
[2025-04-17 03:31:09] Iteration: 665/1000, Temp: 0.0000, Energy: -50.510748-0.008117j
[2025-04-17 03:31:43] Iteration: 666/1000, Temp: 0.0000, Energy: -50.546644-0.005476j
[2025-04-17 03:32:18] Iteration: 667/1000, Temp: 0.0000, Energy: -50.497197+0.002024j
[2025-04-17 03:32:52] Iteration: 668/1000, Temp: 0.0000, Energy: -50.395534-0.000030j
[2025-04-17 03:33:26] Iteration: 669/1000, Temp: 0.0000, Energy: -50.366248+0.001313j
[2025-04-17 03:34:01] Iteration: 670/1000, Temp: 0.0000, Energy: -50.472750-0.008153j
[2025-04-17 03:34:35] Iteration: 671/1000, Temp: 0.0000, Energy: -50.521062+0.004502j
[2025-04-17 03:35:09] Iteration: 672/1000, Temp: 0.0000, Energy: -50.559798+0.002262j
[2025-04-17 03:35:44] Iteration: 673/1000, Temp: 0.0000, Energy: -50.486867-0.001950j
[2025-04-17 03:36:18] Iteration: 674/1000, Temp: 0.0000, Energy: -50.464807+0.002540j
[2025-04-17 03:36:52] Iteration: 675/1000, Temp: 0.0000, Energy: -50.485295+0.001255j
[2025-04-17 03:37:27] Iteration: 676/1000, Temp: 0.0000, Energy: -50.519828+0.001724j
[2025-04-17 03:38:01] Iteration: 677/1000, Temp: 0.0000, Energy: -50.498973-0.001365j
[2025-04-17 03:38:35] Iteration: 678/1000, Temp: 0.0000, Energy: -50.479451-0.001702j
[2025-04-17 03:39:10] Iteration: 679/1000, Temp: 0.0000, Energy: -50.303462+0.002509j
[2025-04-17 03:39:44] Iteration: 680/1000, Temp: 0.0000, Energy: -50.416078+0.000307j
[2025-04-17 03:40:18] Iteration: 681/1000, Temp: 0.0000, Energy: -50.523176-0.000469j
[2025-04-17 03:40:53] Iteration: 682/1000, Temp: 0.0000, Energy: -50.564927+0.002806j
[2025-04-17 03:41:27] Iteration: 683/1000, Temp: 0.0000, Energy: -50.329269-0.011755j
[2025-04-17 03:42:02] Iteration: 684/1000, Temp: 0.0000, Energy: -50.389356+0.003049j
[2025-04-17 03:42:36] Iteration: 685/1000, Temp: 0.0000, Energy: -50.333049+0.005546j
[2025-04-17 03:43:10] Iteration: 686/1000, Temp: 0.0000, Energy: -50.501893+0.006666j
[2025-04-17 03:43:45] Iteration: 687/1000, Temp: 0.0000, Energy: -50.439824+0.004199j
[2025-04-17 03:44:19] Iteration: 688/1000, Temp: 0.0000, Energy: -50.325308-0.002419j
[2025-04-17 03:44:53] Iteration: 689/1000, Temp: 0.0000, Energy: -50.399722+0.002669j
[2025-04-17 03:45:28] Iteration: 690/1000, Temp: 0.0000, Energy: -50.417307+0.000596j
[2025-04-17 03:46:02] Iteration: 691/1000, Temp: 0.0000, Energy: -50.428742-0.003957j
[2025-04-17 03:46:36] Iteration: 692/1000, Temp: 0.0000, Energy: -50.321355+0.004269j
[2025-04-17 03:47:11] Iteration: 693/1000, Temp: 0.0000, Energy: -50.429552-0.003525j
[2025-04-17 03:47:45] Iteration: 694/1000, Temp: 0.0000, Energy: -50.415577-0.001548j
[2025-04-17 03:48:20] Iteration: 695/1000, Temp: 0.0000, Energy: -50.479220+0.005900j
[2025-04-17 03:48:54] Iteration: 696/1000, Temp: 0.0000, Energy: -50.579423-0.000540j
[2025-04-17 03:49:28] Iteration: 697/1000, Temp: 0.0000, Energy: -50.339522-0.008598j
[2025-04-17 03:50:03] Iteration: 698/1000, Temp: 0.0000, Energy: -50.530658+0.006008j
[2025-04-17 03:50:37] Iteration: 699/1000, Temp: 0.0000, Energy: -50.415904-0.005007j
[2025-04-17 03:51:11] Iteration: 700/1000, Temp: 0.0000, Energy: -50.415868+0.000117j
[2025-04-17 03:51:45] Iteration: 701/1000, Temp: 0.0000, Energy: -50.409945-0.003615j
[2025-04-17 03:52:20] Iteration: 702/1000, Temp: 0.0000, Energy: -50.402175-0.003941j
[2025-04-17 03:52:54] Iteration: 703/1000, Temp: 0.0000, Energy: -50.269333-0.000561j
[2025-04-17 03:53:28] Iteration: 704/1000, Temp: 0.0000, Energy: -50.368536-0.000986j
[2025-04-17 03:54:03] Iteration: 705/1000, Temp: 0.0000, Energy: -50.434080-0.002661j
[2025-04-17 03:54:37] Iteration: 706/1000, Temp: 0.0000, Energy: -50.412996+0.001939j
[2025-04-17 03:55:12] Iteration: 707/1000, Temp: 0.0000, Energy: -50.428645+0.000555j
[2025-04-17 03:55:46] Iteration: 708/1000, Temp: 0.0000, Energy: -50.503226-0.002290j
[2025-04-17 03:56:20] Iteration: 709/1000, Temp: 0.0000, Energy: -50.494337-0.000961j
[2025-04-17 03:56:55] Iteration: 710/1000, Temp: 0.0000, Energy: -50.413409-0.000445j
[2025-04-17 03:57:29] Iteration: 711/1000, Temp: 0.0000, Energy: -50.366216+0.002630j
[2025-04-17 03:58:03] Iteration: 712/1000, Temp: 0.0000, Energy: -50.445134-0.015793j
[2025-04-17 03:58:38] Iteration: 713/1000, Temp: 0.0000, Energy: -50.544663-0.005963j
[2025-04-17 03:59:12] Iteration: 714/1000, Temp: 0.0000, Energy: -50.614591+0.002910j
[2025-04-17 03:59:47] Iteration: 715/1000, Temp: 0.0000, Energy: -50.554410+0.007769j
[2025-04-17 04:00:21] Iteration: 716/1000, Temp: 0.0000, Energy: -50.515289+0.002532j
[2025-04-17 04:00:55] Iteration: 717/1000, Temp: 0.0000, Energy: -50.499170-0.003003j
[2025-04-17 04:01:29] Iteration: 718/1000, Temp: 0.0000, Energy: -50.474176+0.005958j
[2025-04-17 04:02:04] Iteration: 719/1000, Temp: 0.0000, Energy: -50.559042-0.003908j
[2025-04-17 04:02:38] Iteration: 720/1000, Temp: 0.0000, Energy: -50.519328+0.003443j
[2025-04-17 04:03:13] Iteration: 721/1000, Temp: 0.0000, Energy: -50.369426-0.002051j
[2025-04-17 04:03:47] Iteration: 722/1000, Temp: 0.0000, Energy: -50.496552+0.000819j
[2025-04-17 04:04:21] Iteration: 723/1000, Temp: 0.0000, Energy: -50.517789+0.006022j
[2025-04-17 04:04:56] Iteration: 724/1000, Temp: 0.0000, Energy: -50.437573+0.009702j
[2025-04-17 04:05:30] Iteration: 725/1000, Temp: 0.0000, Energy: -50.486530-0.001387j
[2025-04-17 04:06:04] Iteration: 726/1000, Temp: 0.0000, Energy: -50.452192+0.001067j
[2025-04-17 04:06:39] Iteration: 727/1000, Temp: 0.0000, Energy: -50.555438-0.001767j
[2025-04-17 04:07:13] Iteration: 728/1000, Temp: 0.0000, Energy: -50.470311-0.001726j
[2025-04-17 04:07:47] Iteration: 729/1000, Temp: 0.0000, Energy: -50.453351+0.005033j
[2025-04-17 04:08:22] Iteration: 730/1000, Temp: 0.0000, Energy: -50.613309+0.005253j
[2025-04-17 04:08:56] Iteration: 731/1000, Temp: 0.0000, Energy: -50.519200+0.008089j
[2025-04-17 04:09:30] Iteration: 732/1000, Temp: 0.0000, Energy: -50.435533+0.001283j
[2025-04-17 04:10:04] Iteration: 733/1000, Temp: 0.0000, Energy: -50.468280-0.003160j
[2025-04-17 04:10:39] Iteration: 734/1000, Temp: 0.0000, Energy: -50.373949-0.000112j
[2025-04-17 04:11:13] Iteration: 735/1000, Temp: 0.0000, Energy: -50.476433-0.001244j
[2025-04-17 04:11:47] Iteration: 736/1000, Temp: 0.0000, Energy: -50.476079-0.003864j
[2025-04-17 04:12:21] Iteration: 737/1000, Temp: 0.0000, Energy: -50.411978+0.000032j
[2025-04-17 04:12:56] Iteration: 738/1000, Temp: 0.0000, Energy: -50.437077+0.009296j
[2025-04-17 04:13:30] Iteration: 739/1000, Temp: 0.0000, Energy: -50.352091-0.001251j
[2025-04-17 04:14:05] Iteration: 740/1000, Temp: 0.0000, Energy: -50.459764+0.000875j
[2025-04-17 04:14:39] Iteration: 741/1000, Temp: 0.0000, Energy: -50.472936-0.004771j
[2025-04-17 04:15:13] Iteration: 742/1000, Temp: 0.0000, Energy: -50.376410-0.002552j
[2025-04-17 04:15:48] Iteration: 743/1000, Temp: 0.0000, Energy: -50.495101+0.005030j
[2025-04-17 04:16:22] Iteration: 744/1000, Temp: 0.0000, Energy: -50.407881+0.010142j
[2025-04-17 04:16:56] Iteration: 745/1000, Temp: 0.0000, Energy: -50.304975-0.001903j
[2025-04-17 04:17:31] Iteration: 746/1000, Temp: 0.0000, Energy: -50.435002+0.000601j
[2025-04-17 04:18:05] Iteration: 747/1000, Temp: 0.0000, Energy: -50.326522+0.004322j
[2025-04-17 04:18:39] Iteration: 748/1000, Temp: 0.0000, Energy: -50.420280+0.002665j
[2025-04-17 04:19:13] Iteration: 749/1000, Temp: 0.0000, Energy: -50.486057+0.004072j
[2025-04-17 04:19:47] Iteration: 750/1000, Temp: 0.0000, Energy: -50.530108-0.001305j
[2025-04-17 04:20:21] Iteration: 751/1000, Temp: 0.0000, Energy: -50.357399-0.007522j
[2025-04-17 04:20:55] Iteration: 752/1000, Temp: 0.0000, Energy: -50.392969-0.004965j
[2025-04-17 04:21:30] Iteration: 753/1000, Temp: 0.0000, Energy: -50.475718+0.000402j
[2025-04-17 04:22:04] Iteration: 754/1000, Temp: 0.0000, Energy: -50.460581+0.007970j
[2025-04-17 04:22:38] Iteration: 755/1000, Temp: 0.0000, Energy: -50.439177-0.000659j
[2025-04-17 04:23:13] Iteration: 756/1000, Temp: 0.0000, Energy: -50.488926-0.001995j
[2025-04-17 04:23:47] Iteration: 757/1000, Temp: 0.0000, Energy: -50.510579+0.001288j
[2025-04-17 04:24:21] Iteration: 758/1000, Temp: 0.0000, Energy: -50.523576+0.001893j
[2025-04-17 04:24:56] Iteration: 759/1000, Temp: 0.0000, Energy: -50.546296+0.001458j
[2025-04-17 04:25:30] Iteration: 760/1000, Temp: 0.0000, Energy: -50.475778-0.001042j
[2025-04-17 04:26:04] Iteration: 761/1000, Temp: 0.0000, Energy: -50.458750+0.005494j
[2025-04-17 04:26:39] Iteration: 762/1000, Temp: 0.0000, Energy: -50.410702-0.001692j
[2025-04-17 04:27:13] Iteration: 763/1000, Temp: 0.0000, Energy: -50.352940+0.002618j
[2025-04-17 04:27:48] Iteration: 764/1000, Temp: 0.0000, Energy: -50.393199+0.000396j
[2025-04-17 04:28:22] Iteration: 765/1000, Temp: 0.0000, Energy: -50.291081-0.005108j
[2025-04-17 04:28:56] Iteration: 766/1000, Temp: 0.0000, Energy: -50.472996-0.004859j
[2025-04-17 04:29:31] Iteration: 767/1000, Temp: 0.0000, Energy: -50.526171-0.000541j
[2025-04-17 04:30:05] Iteration: 768/1000, Temp: 0.0000, Energy: -50.418401+0.002479j
[2025-04-17 04:30:39] Iteration: 769/1000, Temp: 0.0000, Energy: -50.518416-0.009082j
[2025-04-17 04:31:14] Iteration: 770/1000, Temp: 0.0000, Energy: -50.431497-0.004261j
[2025-04-17 04:31:48] Iteration: 771/1000, Temp: 0.0000, Energy: -50.476343+0.000104j
[2025-04-17 04:32:23] Iteration: 772/1000, Temp: 0.0000, Energy: -50.472900-0.004492j
[2025-04-17 04:32:57] Iteration: 773/1000, Temp: 0.0000, Energy: -50.393182+0.000807j
[2025-04-17 04:33:31] Iteration: 774/1000, Temp: 0.0000, Energy: -50.374778-0.005866j
[2025-04-17 04:34:06] Iteration: 775/1000, Temp: 0.0000, Energy: -50.475114+0.005108j
[2025-04-17 04:34:40] Iteration: 776/1000, Temp: 0.0000, Energy: -50.440538-0.003145j
[2025-04-17 04:35:14] Iteration: 777/1000, Temp: 0.0000, Energy: -50.436639-0.001090j
[2025-04-17 04:35:49] Iteration: 778/1000, Temp: 0.0000, Energy: -50.352567-0.004287j
[2025-04-17 04:36:23] Iteration: 779/1000, Temp: 0.0000, Energy: -50.338247+0.006328j
[2025-04-17 04:36:57] Iteration: 780/1000, Temp: 0.0000, Energy: -50.388570+0.004084j
[2025-04-17 04:37:32] Iteration: 781/1000, Temp: 0.0000, Energy: -50.376281+0.000495j
[2025-04-17 04:38:06] Iteration: 782/1000, Temp: 0.0000, Energy: -50.572827-0.006745j
[2025-04-17 04:38:41] Iteration: 783/1000, Temp: 0.0000, Energy: -50.449763+0.003176j
[2025-04-17 04:39:15] Iteration: 784/1000, Temp: 0.0000, Energy: -50.440339+0.005528j
[2025-04-17 04:39:49] Iteration: 785/1000, Temp: 0.0000, Energy: -50.517109+0.003184j
[2025-04-17 04:40:24] Iteration: 786/1000, Temp: 0.0000, Energy: -50.527210+0.004750j
[2025-04-17 04:40:58] Iteration: 787/1000, Temp: 0.0000, Energy: -50.506152+0.004051j
[2025-04-17 04:41:32] Iteration: 788/1000, Temp: 0.0000, Energy: -50.205862+0.006708j
[2025-04-17 04:42:07] Iteration: 789/1000, Temp: 0.0000, Energy: -50.410475+0.002916j
[2025-04-17 04:42:41] Iteration: 790/1000, Temp: 0.0000, Energy: -50.368410+0.001132j
[2025-04-17 04:43:15] Iteration: 791/1000, Temp: 0.0000, Energy: -50.600258-0.000743j
[2025-04-17 04:43:49] Iteration: 792/1000, Temp: 0.0000, Energy: -50.529670-0.001242j
[2025-04-17 04:44:24] Iteration: 793/1000, Temp: 0.0000, Energy: -50.435836-0.004704j
[2025-04-17 04:44:58] Iteration: 794/1000, Temp: 0.0000, Energy: -50.409528+0.005332j
[2025-04-17 04:45:32] Iteration: 795/1000, Temp: 0.0000, Energy: -50.420039+0.001362j
[2025-04-17 04:46:07] Iteration: 796/1000, Temp: 0.0000, Energy: -50.554542-0.001967j
[2025-04-17 04:46:41] Iteration: 797/1000, Temp: 0.0000, Energy: -50.368225-0.000576j
[2025-04-17 04:47:15] Iteration: 798/1000, Temp: 0.0000, Energy: -50.309049-0.007113j
[2025-04-17 04:47:50] Iteration: 799/1000, Temp: 0.0000, Energy: -50.466360-0.004595j
[2025-04-17 04:48:24] Iteration: 800/1000, Temp: 0.0000, Energy: -50.529431-0.000790j
[2025-04-17 04:48:58] Iteration: 801/1000, Temp: 0.0000, Energy: -50.486276-0.003470j
[2025-04-17 04:49:33] Iteration: 802/1000, Temp: 0.0000, Energy: -50.465074-0.000317j
[2025-04-17 04:50:07] Iteration: 803/1000, Temp: 0.0000, Energy: -50.547577-0.003831j
[2025-04-17 04:50:42] Iteration: 804/1000, Temp: 0.0000, Energy: -50.445568+0.002976j
[2025-04-17 04:51:16] Iteration: 805/1000, Temp: 0.0000, Energy: -50.504674-0.005124j
[2025-04-17 04:51:50] Iteration: 806/1000, Temp: 0.0000, Energy: -50.446685-0.002005j
[2025-04-17 04:52:25] Iteration: 807/1000, Temp: 0.0000, Energy: -50.558475+0.000087j
[2025-04-17 04:52:59] Iteration: 808/1000, Temp: 0.0000, Energy: -50.512276+0.001664j
[2025-04-17 04:53:34] Iteration: 809/1000, Temp: 0.0000, Energy: -50.371578+0.001059j
[2025-04-17 04:54:08] Iteration: 810/1000, Temp: 0.0000, Energy: -50.478449-0.005022j
[2025-04-17 04:54:42] Iteration: 811/1000, Temp: 0.0000, Energy: -50.386102-0.002084j
[2025-04-17 04:55:17] Iteration: 812/1000, Temp: 0.0000, Energy: -50.307798-0.004391j
[2025-04-17 04:55:51] Iteration: 813/1000, Temp: 0.0000, Energy: -50.342916+0.006186j
[2025-04-17 04:56:25] Iteration: 814/1000, Temp: 0.0000, Energy: -50.312143+0.003663j
[2025-04-17 04:57:00] Iteration: 815/1000, Temp: 0.0000, Energy: -50.360003+0.005772j
[2025-04-17 04:57:34] Iteration: 816/1000, Temp: 0.0000, Energy: -50.297556-0.000502j
[2025-04-17 04:58:09] Iteration: 817/1000, Temp: 0.0000, Energy: -50.408037-0.000690j
[2025-04-17 04:58:43] Iteration: 818/1000, Temp: 0.0000, Energy: -50.386785-0.002357j
[2025-04-17 04:59:17] Iteration: 819/1000, Temp: 0.0000, Energy: -50.481806+0.001171j
[2025-04-17 04:59:52] Iteration: 820/1000, Temp: 0.0000, Energy: -50.452344-0.001597j
[2025-04-17 05:00:26] Iteration: 821/1000, Temp: 0.0000, Energy: -50.384074+0.002817j
[2025-04-17 05:01:00] Iteration: 822/1000, Temp: 0.0000, Energy: -50.477168-0.004920j
[2025-04-17 05:01:35] Iteration: 823/1000, Temp: 0.0000, Energy: -50.515341+0.005344j
[2025-04-17 05:02:09] Iteration: 824/1000, Temp: 0.0000, Energy: -50.565739+0.000503j
[2025-04-17 05:02:43] Iteration: 825/1000, Temp: 0.0000, Energy: -50.374664-0.005748j
[2025-04-17 05:03:18] Iteration: 826/1000, Temp: 0.0000, Energy: -50.431380-0.001705j
[2025-04-17 05:03:52] Iteration: 827/1000, Temp: 0.0000, Energy: -50.303600+0.000402j
[2025-04-17 05:04:26] Iteration: 828/1000, Temp: 0.0000, Energy: -50.394439+0.003269j
[2025-04-17 05:05:00] Iteration: 829/1000, Temp: 0.0000, Energy: -50.428797+0.000568j
[2025-04-17 05:05:34] Iteration: 830/1000, Temp: 0.0000, Energy: -50.364823-0.002704j
[2025-04-17 05:06:09] Iteration: 831/1000, Temp: 0.0000, Energy: -50.414981+0.004482j
[2025-04-17 05:06:43] Iteration: 832/1000, Temp: 0.0000, Energy: -50.433878-0.005799j
[2025-04-17 05:07:17] Iteration: 833/1000, Temp: 0.0000, Energy: -50.620876-0.000773j
[2025-04-17 05:07:51] Iteration: 834/1000, Temp: 0.0000, Energy: -50.509715+0.002400j
[2025-04-17 05:08:25] Iteration: 835/1000, Temp: 0.0000, Energy: -50.656883+0.002035j
[2025-04-17 05:09:00] Iteration: 836/1000, Temp: 0.0000, Energy: -50.526013+0.000545j
[2025-04-17 05:09:34] Iteration: 837/1000, Temp: 0.0000, Energy: -50.467239+0.004021j
[2025-04-17 05:10:09] Iteration: 838/1000, Temp: 0.0000, Energy: -50.565381+0.009178j
[2025-04-17 05:10:43] Iteration: 839/1000, Temp: 0.0000, Energy: -50.397803-0.001441j
[2025-04-17 05:11:17] Iteration: 840/1000, Temp: 0.0000, Energy: -50.387691-0.001689j
[2025-04-17 05:11:52] Iteration: 841/1000, Temp: 0.0000, Energy: -50.388274+0.001726j
[2025-04-17 05:12:26] Iteration: 842/1000, Temp: 0.0000, Energy: -50.308060+0.001075j
[2025-04-17 05:13:01] Iteration: 843/1000, Temp: 0.0000, Energy: -50.409302-0.000385j
[2025-04-17 05:13:35] Iteration: 844/1000, Temp: 0.0000, Energy: -50.518838-0.005079j
[2025-04-17 05:14:09] Iteration: 845/1000, Temp: 0.0000, Energy: -50.424284+0.004019j
[2025-04-17 05:14:44] Iteration: 846/1000, Temp: 0.0000, Energy: -50.483232-0.007818j
[2025-04-17 05:15:18] Iteration: 847/1000, Temp: 0.0000, Energy: -50.396182+0.002746j
[2025-04-17 05:15:52] Iteration: 848/1000, Temp: 0.0000, Energy: -50.538907-0.001339j
[2025-04-17 05:16:27] Iteration: 849/1000, Temp: 0.0000, Energy: -50.630394-0.001732j
[2025-04-17 05:17:01] Iteration: 850/1000, Temp: 0.0000, Energy: -50.476417+0.009466j
[2025-04-17 05:17:35] Iteration: 851/1000, Temp: 0.0000, Energy: -50.499664-0.001762j
[2025-04-17 05:18:09] Iteration: 852/1000, Temp: 0.0000, Energy: -50.322927-0.007338j
[2025-04-17 05:18:43] Iteration: 853/1000, Temp: 0.0000, Energy: -50.404266-0.006902j
[2025-04-17 05:19:18] Iteration: 854/1000, Temp: 0.0000, Energy: -50.454243-0.004246j
[2025-04-17 05:19:52] Iteration: 855/1000, Temp: 0.0000, Energy: -50.468003+0.001109j
[2025-04-17 05:20:26] Iteration: 856/1000, Temp: 0.0000, Energy: -50.493694+0.002636j
[2025-04-17 05:21:00] Iteration: 857/1000, Temp: 0.0000, Energy: -50.398762-0.005202j
[2025-04-17 05:21:34] Iteration: 858/1000, Temp: 0.0000, Energy: -50.397081+0.001408j
[2025-04-17 05:22:09] Iteration: 859/1000, Temp: 0.0000, Energy: -50.509567+0.002569j
[2025-04-17 05:22:43] Iteration: 860/1000, Temp: 0.0000, Energy: -50.528836-0.008683j
[2025-04-17 05:23:17] Iteration: 861/1000, Temp: 0.0000, Energy: -50.695528-0.000470j
[2025-04-17 05:23:52] Iteration: 862/1000, Temp: 0.0000, Energy: -50.595249+0.001100j
[2025-04-17 05:24:26] Iteration: 863/1000, Temp: 0.0000, Energy: -50.526141+0.004054j
[2025-04-17 05:25:00] Iteration: 864/1000, Temp: 0.0000, Energy: -50.569517+0.005210j
[2025-04-17 05:25:35] Iteration: 865/1000, Temp: 0.0000, Energy: -50.606640-0.007209j
[2025-04-17 05:26:09] Iteration: 866/1000, Temp: 0.0000, Energy: -50.461775-0.003258j
[2025-04-17 05:26:43] Iteration: 867/1000, Temp: 0.0000, Energy: -50.449943+0.004002j
[2025-04-17 05:27:18] Iteration: 868/1000, Temp: 0.0000, Energy: -50.500686+0.005971j
[2025-04-17 05:27:52] Iteration: 869/1000, Temp: 0.0000, Energy: -50.470015-0.007140j
[2025-04-17 05:28:26] Iteration: 870/1000, Temp: 0.0000, Energy: -50.468571+0.002795j
[2025-04-17 05:29:01] Iteration: 871/1000, Temp: 0.0000, Energy: -50.504076+0.000495j
[2025-04-17 05:29:35] Iteration: 872/1000, Temp: 0.0000, Energy: -50.515891-0.004917j
[2025-04-17 05:30:09] Iteration: 873/1000, Temp: 0.0000, Energy: -50.528246-0.005265j
[2025-04-17 05:30:44] Iteration: 874/1000, Temp: 0.0000, Energy: -50.545356+0.001788j
[2025-04-17 05:31:18] Iteration: 875/1000, Temp: 0.0000, Energy: -50.554791+0.000024j
[2025-04-17 05:31:53] Iteration: 876/1000, Temp: 0.0000, Energy: -50.445463-0.005327j
[2025-04-17 05:32:27] Iteration: 877/1000, Temp: 0.0000, Energy: -50.349823+0.002847j
[2025-04-17 05:33:01] Iteration: 878/1000, Temp: 0.0000, Energy: -50.446750+0.004922j
[2025-04-17 05:33:36] Iteration: 879/1000, Temp: 0.0000, Energy: -50.481579+0.002073j
[2025-04-17 05:34:10] Iteration: 880/1000, Temp: 0.0000, Energy: -50.471014-0.000034j
[2025-04-17 05:34:45] Iteration: 881/1000, Temp: 0.0000, Energy: -50.351664+0.000691j
[2025-04-17 05:35:19] Iteration: 882/1000, Temp: 0.0000, Energy: -50.435285+0.004760j
[2025-04-17 05:35:53] Iteration: 883/1000, Temp: 0.0000, Energy: -50.404781-0.001311j
[2025-04-17 05:36:28] Iteration: 884/1000, Temp: 0.0000, Energy: -50.434842-0.007522j
[2025-04-17 05:37:02] Iteration: 885/1000, Temp: 0.0000, Energy: -50.447618+0.001917j
[2025-04-17 05:37:37] Iteration: 886/1000, Temp: 0.0000, Energy: -50.628968-0.000941j
[2025-04-17 05:38:11] Iteration: 887/1000, Temp: 0.0000, Energy: -50.508456+0.000678j
[2025-04-17 05:38:45] Iteration: 888/1000, Temp: 0.0000, Energy: -50.549960+0.004024j
[2025-04-17 05:39:20] Iteration: 889/1000, Temp: 0.0000, Energy: -50.503780-0.004935j
[2025-04-17 05:39:54] Iteration: 890/1000, Temp: 0.0000, Energy: -50.421023-0.002332j
[2025-04-17 05:40:29] Iteration: 891/1000, Temp: 0.0000, Energy: -50.413077-0.004180j
[2025-04-17 05:41:03] Iteration: 892/1000, Temp: 0.0000, Energy: -50.497058+0.004207j
[2025-04-17 05:41:37] Iteration: 893/1000, Temp: 0.0000, Energy: -50.540281-0.007615j
[2025-04-17 05:42:12] Iteration: 894/1000, Temp: 0.0000, Energy: -50.584112+0.000630j
[2025-04-17 05:42:46] Iteration: 895/1000, Temp: 0.0000, Energy: -50.648250-0.003555j
[2025-04-17 05:43:21] Iteration: 896/1000, Temp: 0.0000, Energy: -50.552807+0.002997j
[2025-04-17 05:43:55] Iteration: 897/1000, Temp: 0.0000, Energy: -50.484005+0.006957j
[2025-04-17 05:44:29] Iteration: 898/1000, Temp: 0.0000, Energy: -50.595474-0.003331j
[2025-04-17 05:45:04] Iteration: 899/1000, Temp: 0.0000, Energy: -50.452825+0.013337j
[2025-04-17 05:45:38] Iteration: 900/1000, Temp: 0.0000, Energy: -50.516524+0.006271j
[2025-04-17 05:46:12] Iteration: 901/1000, Temp: 0.0000, Energy: -50.470004-0.002318j
[2025-04-17 05:46:47] Iteration: 902/1000, Temp: 0.0000, Energy: -50.560775-0.002311j
[2025-04-17 05:47:21] Iteration: 903/1000, Temp: 0.0000, Energy: -50.461912+0.003148j
[2025-04-17 05:47:55] Iteration: 904/1000, Temp: 0.0000, Energy: -50.575023-0.001673j
[2025-04-17 05:48:30] Iteration: 905/1000, Temp: 0.0000, Energy: -50.507017+0.012326j
[2025-04-17 05:49:04] Iteration: 906/1000, Temp: 0.0000, Energy: -50.515401-0.001694j
[2025-04-17 05:49:39] Iteration: 907/1000, Temp: 0.0000, Energy: -50.452979-0.002907j
[2025-04-17 05:50:13] Iteration: 908/1000, Temp: 0.0000, Energy: -50.345147-0.004516j
[2025-04-17 05:50:47] Iteration: 909/1000, Temp: 0.0000, Energy: -50.449243-0.007622j
[2025-04-17 05:51:21] Iteration: 910/1000, Temp: 0.0000, Energy: -50.513946+0.003766j
[2025-04-17 05:51:56] Iteration: 911/1000, Temp: 0.0000, Energy: -50.511216-0.006586j
[2025-04-17 05:52:30] Iteration: 912/1000, Temp: 0.0000, Energy: -50.424748-0.002369j
[2025-04-17 05:53:04] Iteration: 913/1000, Temp: 0.0000, Energy: -50.420448+0.007887j
[2025-04-17 05:53:38] Iteration: 914/1000, Temp: 0.0000, Energy: -50.453886+0.000728j
[2025-04-17 05:54:12] Iteration: 915/1000, Temp: 0.0000, Energy: -50.327989+0.005352j
[2025-04-17 05:54:46] Iteration: 916/1000, Temp: 0.0000, Energy: -50.441927-0.000955j
[2025-04-17 05:55:21] Iteration: 917/1000, Temp: 0.0000, Energy: -50.410039+0.006098j
[2025-04-17 05:55:55] Iteration: 918/1000, Temp: 0.0000, Energy: -50.446411+0.004184j
[2025-04-17 05:56:30] Iteration: 919/1000, Temp: 0.0000, Energy: -50.495558+0.002951j
[2025-04-17 05:57:04] Iteration: 920/1000, Temp: 0.0000, Energy: -50.496193-0.003763j
[2025-04-17 05:57:38] Iteration: 921/1000, Temp: 0.0000, Energy: -50.549680-0.004404j
[2025-04-17 05:58:12] Iteration: 922/1000, Temp: 0.0000, Energy: -50.398682+0.003067j
[2025-04-17 05:58:47] Iteration: 923/1000, Temp: 0.0000, Energy: -50.482566-0.004270j
[2025-04-17 05:59:21] Iteration: 924/1000, Temp: 0.0000, Energy: -50.528935+0.004816j
[2025-04-17 05:59:56] Iteration: 925/1000, Temp: 0.0000, Energy: -50.433400-0.003093j
[2025-04-17 06:00:30] Iteration: 926/1000, Temp: 0.0000, Energy: -50.571326+0.004365j
[2025-04-17 06:01:04] Iteration: 927/1000, Temp: 0.0000, Energy: -50.542698+0.000601j
[2025-04-17 06:01:39] Iteration: 928/1000, Temp: 0.0000, Energy: -50.603220-0.000338j
[2025-04-17 06:02:13] Iteration: 929/1000, Temp: 0.0000, Energy: -50.663681-0.002184j
[2025-04-17 06:02:47] Iteration: 930/1000, Temp: 0.0000, Energy: -50.617200+0.001847j
[2025-04-17 06:03:22] Iteration: 931/1000, Temp: 0.0000, Energy: -50.645382-0.001538j
[2025-04-17 06:03:56] Iteration: 932/1000, Temp: 0.0000, Energy: -50.512857-0.003895j
[2025-04-17 06:04:31] Iteration: 933/1000, Temp: 0.0000, Energy: -50.544277-0.002529j
[2025-04-17 06:05:05] Iteration: 934/1000, Temp: 0.0000, Energy: -50.529426+0.001083j
[2025-04-17 06:05:39] Iteration: 935/1000, Temp: 0.0000, Energy: -50.618339-0.002224j
[2025-04-17 06:06:13] Iteration: 936/1000, Temp: 0.0000, Energy: -50.307303+0.001353j
[2025-04-17 06:06:48] Iteration: 937/1000, Temp: 0.0000, Energy: -50.373510-0.003066j
[2025-04-17 06:07:22] Iteration: 938/1000, Temp: 0.0000, Energy: -50.291194-0.002426j
[2025-04-17 06:07:56] Iteration: 939/1000, Temp: 0.0000, Energy: -50.392437+0.003366j
[2025-04-17 06:08:30] Iteration: 940/1000, Temp: 0.0000, Energy: -50.411203-0.003440j
[2025-04-17 06:09:04] Iteration: 941/1000, Temp: 0.0000, Energy: -50.416722-0.001240j
[2025-04-17 06:09:38] Iteration: 942/1000, Temp: 0.0000, Energy: -50.568245-0.003007j
[2025-04-17 06:10:13] Iteration: 943/1000, Temp: 0.0000, Energy: -50.535725-0.001685j
[2025-04-17 06:10:47] Iteration: 944/1000, Temp: 0.0000, Energy: -50.409979+0.001643j
[2025-04-17 06:11:21] Iteration: 945/1000, Temp: 0.0000, Energy: -50.368761-0.008204j
[2025-04-17 06:11:55] Iteration: 946/1000, Temp: 0.0000, Energy: -50.374715-0.000792j
[2025-04-17 06:12:29] Iteration: 947/1000, Temp: 0.0000, Energy: -50.396242+0.006088j
[2025-04-17 06:13:03] Iteration: 948/1000, Temp: 0.0000, Energy: -50.363382-0.001545j
[2025-04-17 06:13:37] Iteration: 949/1000, Temp: 0.0000, Energy: -50.430705-0.004205j
[2025-04-17 06:14:11] Iteration: 950/1000, Temp: 0.0000, Energy: -50.494916+0.001600j
[2025-04-17 06:14:46] Iteration: 951/1000, Temp: 0.0000, Energy: -50.443641+0.003351j
[2025-04-17 06:15:20] Iteration: 952/1000, Temp: 0.0000, Energy: -50.344142-0.001661j
[2025-04-17 06:15:54] Iteration: 953/1000, Temp: 0.0000, Energy: -50.281716+0.001812j
[2025-04-17 06:16:28] Iteration: 954/1000, Temp: 0.0000, Energy: -50.323708-0.006276j
[2025-04-17 06:17:02] Iteration: 955/1000, Temp: 0.0000, Energy: -50.483798+0.005089j
[2025-04-17 06:17:36] Iteration: 956/1000, Temp: 0.0000, Energy: -50.286870+0.004607j
[2025-04-17 06:18:10] Iteration: 957/1000, Temp: 0.0000, Energy: -50.410770+0.001049j
[2025-04-17 06:18:45] Iteration: 958/1000, Temp: 0.0000, Energy: -50.468867+0.003487j
[2025-04-17 06:19:19] Iteration: 959/1000, Temp: 0.0000, Energy: -50.509579-0.007080j
[2025-04-17 06:19:53] Iteration: 960/1000, Temp: 0.0000, Energy: -50.377761-0.006371j
[2025-04-17 06:20:28] Iteration: 961/1000, Temp: 0.0000, Energy: -50.487403+0.005188j
[2025-04-17 06:21:02] Iteration: 962/1000, Temp: 0.0000, Energy: -50.414804-0.004110j
[2025-04-17 06:21:36] Iteration: 963/1000, Temp: 0.0000, Energy: -50.453328-0.002102j
[2025-04-17 06:22:11] Iteration: 964/1000, Temp: 0.0000, Energy: -50.447160-0.002783j
[2025-04-17 06:22:45] Iteration: 965/1000, Temp: 0.0000, Energy: -50.385343-0.005169j
[2025-04-17 06:23:20] Iteration: 966/1000, Temp: 0.0000, Energy: -50.494216+0.001831j
[2025-04-17 06:23:54] Iteration: 967/1000, Temp: 0.0000, Energy: -50.487637+0.004893j
[2025-04-17 06:24:28] Iteration: 968/1000, Temp: 0.0000, Energy: -50.524800-0.004307j
[2025-04-17 06:25:03] Iteration: 969/1000, Temp: 0.0000, Energy: -50.413193+0.002208j
[2025-04-17 06:25:37] Iteration: 970/1000, Temp: 0.0000, Energy: -50.420201+0.002696j
[2025-04-17 06:26:11] Iteration: 971/1000, Temp: 0.0000, Energy: -50.391766-0.002420j
[2025-04-17 06:26:45] Iteration: 972/1000, Temp: 0.0000, Energy: -50.460893-0.004182j
[2025-04-17 06:27:20] Iteration: 973/1000, Temp: 0.0000, Energy: -50.407578-0.003980j
[2025-04-17 06:27:54] Iteration: 974/1000, Temp: 0.0000, Energy: -50.462505+0.002928j
[2025-04-17 06:28:28] Iteration: 975/1000, Temp: 0.0000, Energy: -50.406091-0.004967j
[2025-04-17 06:29:03] Iteration: 976/1000, Temp: 0.0000, Energy: -50.458399+0.001428j
[2025-04-17 06:29:37] Iteration: 977/1000, Temp: 0.0000, Energy: -50.396199-0.001012j
[2025-04-17 06:30:11] Iteration: 978/1000, Temp: 0.0000, Energy: -50.349906+0.000552j
[2025-04-17 06:30:45] Iteration: 979/1000, Temp: 0.0000, Energy: -50.498417+0.001306j
[2025-04-17 06:31:20] Iteration: 980/1000, Temp: 0.0000, Energy: -50.512341+0.002045j
[2025-04-17 06:31:54] Iteration: 981/1000, Temp: 0.0000, Energy: -50.349961+0.001335j
[2025-04-17 06:32:28] Iteration: 982/1000, Temp: 0.0000, Energy: -50.460570-0.001517j
[2025-04-17 06:33:03] Iteration: 983/1000, Temp: 0.0000, Energy: -50.448417+0.000083j
[2025-04-17 06:33:37] Iteration: 984/1000, Temp: 0.0000, Energy: -50.437505-0.001005j
[2025-04-17 06:34:11] Iteration: 985/1000, Temp: 0.0000, Energy: -50.456487+0.001018j
[2025-04-17 06:34:46] Iteration: 986/1000, Temp: 0.0000, Energy: -50.605166-0.000614j
[2025-04-17 06:35:16] Iteration: 987/1000, Temp: 0.0000, Energy: -50.491401-0.004780j
[2025-04-17 06:35:45] Iteration: 988/1000, Temp: 0.0000, Energy: -50.600997-0.000481j
[2025-04-17 06:36:13] Iteration: 989/1000, Temp: 0.0000, Energy: -50.522242-0.000552j
[2025-04-17 06:36:42] Iteration: 990/1000, Temp: 0.0000, Energy: -50.511543+0.002261j
[2025-04-17 06:37:10] Iteration: 991/1000, Temp: 0.0000, Energy: -50.423790-0.004400j
[2025-04-17 06:37:39] Iteration: 992/1000, Temp: 0.0000, Energy: -50.570578-0.001786j
[2025-04-17 06:38:07] Iteration: 993/1000, Temp: 0.0000, Energy: -50.464868+0.004931j
[2025-04-17 06:38:36] Iteration: 994/1000, Temp: 0.0000, Energy: -50.537588-0.002352j
[2025-04-17 06:39:04] Iteration: 995/1000, Temp: 0.0000, Energy: -50.401244+0.005136j
[2025-04-17 06:39:33] Iteration: 996/1000, Temp: 0.0000, Energy: -50.380548+0.002083j
[2025-04-17 06:40:01] Iteration: 997/1000, Temp: 0.0000, Energy: -50.438213-0.003978j
[2025-04-17 06:40:30] Iteration: 998/1000, Temp: 0.0000, Energy: -50.378797+0.005283j
[2025-04-17 06:40:58] Iteration: 999/1000, Temp: 0.0000, Energy: -50.431865+0.000004j
[2025-04-17 06:40:58] ==================================================
[2025-04-17 06:40:58] Training finished, total runtime = 34241.09 seconds
[2025-04-17 06:41:02] Trained quantum state parameters saved to: results/L=4/J2=0.05/J1=0.01/GCNN_L=4_J2=0.05_J1=0.01.pkl
[2025-04-17 06:41:02] ==================================================
