[2025-04-16 21:10:01] ==================================================
[2025-04-16 21:10:01] GCNN for Shastry-Sutherland lattice
[2025-04-16 21:10:01] ==================================================
[2025-04-16 21:10:01] System parameters:
[2025-04-16 21:10:01]   - System size: L=4, N=64
[2025-04-16 21:10:01]   - System parameters: J1=0.02, J2=0.05, Q=0.95
[2025-04-16 21:10:09] --------------------------------------------------
[2025-04-16 21:10:09] Model parameters:
[2025-04-16 21:10:09]   - Number of layers = 4
[2025-04-16 21:10:09]   - Number of features = 4
[2025-04-16 21:10:09]   - Symmetries used: 128
[2025-04-16 21:10:09]   - Total parameters = 12572
[2025-04-16 21:10:09] --------------------------------------------------
[2025-04-16 21:10:09] Training parameters:
[2025-04-16 21:10:09]   - Learning rate: 0.02
[2025-04-16 21:10:09]   - Total annealing steps: 1000
[2025-04-16 21:10:09]   - Samples: 4096
[2025-04-16 21:10:09]   - Discarded samples: 0
[2025-04-16 21:10:09]   - Chunk size: 1024
[2025-04-16 21:10:09] --------------------------------------------------
[2025-04-16 21:10:09] Device status:
[2025-04-16 21:10:09]   - Number of devices: 4
[2025-04-16 21:10:09]   - Sharding: False
[2025-04-16 21:10:15] --------------------------------------------------
[2025-04-16 21:10:15] Start training...
[2025-04-16 21:10:55] Iteration: 0/1000, Temp: 0.5000, Energy: 1.039627+0.000684j
[2025-04-16 21:11:18] Iteration: 1/1000, Temp: 0.4901, Energy: 1.040103+0.000218j
[2025-04-16 21:11:52] Iteration: 2/1000, Temp: 0.4804, Energy: 1.039433-0.000408j
[2025-04-16 21:12:26] Iteration: 3/1000, Temp: 0.4709, Energy: 1.039103+0.000367j
[2025-04-16 21:13:00] Iteration: 4/1000, Temp: 0.4616, Energy: 1.039366+0.000131j
[2025-04-16 21:13:34] Iteration: 5/1000, Temp: 0.4524, Energy: 1.039483-0.000211j
[2025-04-16 21:14:08] Iteration: 6/1000, Temp: 0.4435, Energy: 1.039460+0.000170j
[2025-04-16 21:14:42] Iteration: 7/1000, Temp: 0.4347, Energy: 1.039556-0.000466j
[2025-04-16 21:15:16] Iteration: 8/1000, Temp: 0.4261, Energy: 1.039347-0.000058j
[2025-04-16 21:15:50] Iteration: 9/1000, Temp: 0.4176, Energy: 1.040153-0.000331j
[2025-04-16 21:16:24] Iteration: 10/1000, Temp: 0.4094, Energy: 1.039552+0.000828j
[2025-04-16 21:16:58] Iteration: 11/1000, Temp: 0.4013, Energy: 1.039848-0.000460j
[2025-04-16 21:17:31] Iteration: 12/1000, Temp: 0.3933, Energy: 1.039227-0.000271j
[2025-04-16 21:18:05] Iteration: 13/1000, Temp: 0.3855, Energy: 1.039413-0.000009j
[2025-04-16 21:18:39] Iteration: 14/1000, Temp: 0.3779, Energy: 1.039066+0.000120j
[2025-04-16 21:19:13] Iteration: 15/1000, Temp: 0.3704, Energy: 1.039495-0.000095j
[2025-04-16 21:19:47] Iteration: 16/1000, Temp: 0.3631, Energy: 1.039525-0.000471j
[2025-04-16 21:20:21] Iteration: 17/1000, Temp: 0.3559, Energy: 1.038932+0.000371j
[2025-04-16 21:20:54] Iteration: 18/1000, Temp: 0.3488, Energy: 1.038926+0.000186j
[2025-04-16 21:21:28] Iteration: 19/1000, Temp: 0.3419, Energy: 1.039364+0.000334j
[2025-04-16 21:22:02] Iteration: 20/1000, Temp: 0.3352, Energy: 1.039317+0.000019j
[2025-04-16 21:22:36] Iteration: 21/1000, Temp: 0.3285, Energy: 1.039026-0.000506j
[2025-04-16 21:23:10] Iteration: 22/1000, Temp: 0.3220, Energy: 1.040533-0.001052j
[2025-04-16 21:23:44] Iteration: 23/1000, Temp: 0.3156, Energy: 1.039441-0.000205j
[2025-04-16 21:24:18] Iteration: 24/1000, Temp: 0.3094, Energy: 1.037713+0.000986j
[2025-04-16 21:24:52] Iteration: 25/1000, Temp: 0.3033, Energy: 1.038152+0.000801j
[2025-04-16 21:25:26] Iteration: 26/1000, Temp: 0.2973, Energy: 1.038082+0.000538j
[2025-04-16 21:26:00] Iteration: 27/1000, Temp: 0.2914, Energy: 1.037838+0.000282j
[2025-04-16 21:26:34] Iteration: 28/1000, Temp: 0.2856, Energy: 1.037736+0.001543j
[2025-04-16 21:27:08] Iteration: 29/1000, Temp: 0.2799, Energy: 1.037894+0.000687j
[2025-04-16 21:27:42] Iteration: 30/1000, Temp: 0.2744, Energy: 1.037537+0.000639j
[2025-04-16 21:28:15] Iteration: 31/1000, Temp: 0.2690, Energy: 1.037850-0.000459j
[2025-04-16 21:28:49] Iteration: 32/1000, Temp: 0.2636, Energy: 1.036749+0.000724j
[2025-04-16 21:29:23] Iteration: 33/1000, Temp: 0.2584, Energy: 1.037837+0.000388j
[2025-04-16 21:29:57] Iteration: 34/1000, Temp: 0.2533, Energy: 1.039262-0.000689j
[2025-04-16 21:30:31] Iteration: 35/1000, Temp: 0.2483, Energy: 1.036951+0.001159j
[2025-04-16 21:31:05] Iteration: 36/1000, Temp: 0.2434, Energy: 1.035936+0.000986j
[2025-04-16 21:31:39] Iteration: 37/1000, Temp: 0.2386, Energy: 1.036343-0.000330j
[2025-04-16 21:32:13] Iteration: 38/1000, Temp: 0.2338, Energy: 1.037233-0.001002j
[2025-04-16 21:32:47] Iteration: 39/1000, Temp: 0.2292, Energy: 1.033540+0.002021j
[2025-04-16 21:33:21] Iteration: 40/1000, Temp: 0.2247, Energy: 1.033511+0.001240j
[2025-04-16 21:33:55] Iteration: 41/1000, Temp: 0.2202, Energy: 1.036328-0.002142j
[2025-04-16 21:34:29] Iteration: 42/1000, Temp: 0.2159, Energy: 1.032915+0.002054j
[2025-04-16 21:35:03] Iteration: 43/1000, Temp: 0.2116, Energy: 1.034728-0.000378j
[2025-04-16 21:35:37] Iteration: 44/1000, Temp: 0.2074, Energy: 1.033638-0.000501j
[2025-04-16 21:36:11] Iteration: 45/1000, Temp: 0.2033, Energy: 1.031704+0.000233j
[2025-04-16 21:36:45] Iteration: 46/1000, Temp: 0.1993, Energy: 1.027592+0.003852j
[2025-04-16 21:37:19] Iteration: 47/1000, Temp: 0.1953, Energy: 1.031686-0.003984j
[2025-04-16 21:37:52] Iteration: 48/1000, Temp: 0.1914, Energy: 1.030415-0.002585j
[2025-04-16 21:38:26] Iteration: 49/1000, Temp: 0.1877, Energy: 1.027849-0.000467j
[2025-04-16 21:39:00] Iteration: 50/1000, Temp: 0.1839, Energy: 1.026263-0.002284j
[2025-04-16 21:39:33] Iteration: 51/1000, Temp: 0.1803, Energy: 1.023477+0.002045j
[2025-04-16 21:40:07] Iteration: 52/1000, Temp: 0.1767, Energy: 1.020311+0.000497j
[2025-04-16 21:40:41] Iteration: 53/1000, Temp: 0.1732, Energy: 1.019326+0.000879j
[2025-04-16 21:41:15] Iteration: 54/1000, Temp: 0.1698, Energy: 1.027162-0.011250j
[2025-04-16 21:41:49] Iteration: 55/1000, Temp: 0.1664, Energy: 1.012362-0.001642j
[2025-04-16 21:42:23] Iteration: 56/1000, Temp: 0.1631, Energy: 1.013765-0.003809j
[2025-04-16 21:42:57] Iteration: 57/1000, Temp: 0.1599, Energy: 1.001617+0.000808j
[2025-04-16 21:43:31] Iteration: 58/1000, Temp: 0.1567, Energy: 0.998883+0.001471j
[2025-04-16 21:44:05] Iteration: 59/1000, Temp: 0.1536, Energy: 0.989390+0.006656j
[2025-04-16 21:44:39] Iteration: 60/1000, Temp: 0.1506, Energy: 0.981566+0.003403j
[2025-04-16 21:45:13] Iteration: 61/1000, Temp: 0.1476, Energy: 0.972285+0.007488j
[2025-04-16 21:45:47] Iteration: 62/1000, Temp: 0.1447, Energy: 0.964591+0.004370j
[2025-04-16 21:46:21] Iteration: 63/1000, Temp: 0.1418, Energy: 0.961490-0.001685j
[2025-04-16 21:46:54] Iteration: 64/1000, Temp: 0.1390, Energy: 0.937458+0.013332j
[2025-04-16 21:47:28] Iteration: 65/1000, Temp: 0.1363, Energy: 0.935577-0.005853j
[2025-04-16 21:48:02] Iteration: 66/1000, Temp: 0.1336, Energy: 0.912222+0.002010j
[2025-04-16 21:48:36] Iteration: 67/1000, Temp: 0.1309, Energy: 0.887516+0.000495j
[2025-04-16 21:49:10] Iteration: 68/1000, Temp: 0.1283, Energy: 0.878335-0.003209j
[2025-04-16 21:49:44] Iteration: 69/1000, Temp: 0.1258, Energy: 0.844584-0.003254j
[2025-04-16 21:50:18] Iteration: 70/1000, Temp: 0.1233, Energy: 0.826001-0.017254j
[2025-04-16 21:50:52] Iteration: 71/1000, Temp: 0.1209, Energy: 0.773820-0.001774j
[2025-04-16 21:51:26] Iteration: 72/1000, Temp: 0.1185, Energy: 0.749685-0.025572j
[2025-04-16 21:52:00] Iteration: 73/1000, Temp: 0.1161, Energy: 0.670534+0.006998j
[2025-04-16 21:52:34] Iteration: 74/1000, Temp: 0.1138, Energy: 0.623014+0.002227j
[2025-04-16 21:53:07] Iteration: 75/1000, Temp: 0.1116, Energy: 0.534172+0.018068j
[2025-04-16 21:53:41] Iteration: 76/1000, Temp: 0.1094, Energy: 0.453748+0.005542j
[2025-04-16 21:54:15] Iteration: 77/1000, Temp: 0.1072, Energy: 0.351929+0.007469j
[2025-04-16 21:54:49] Iteration: 78/1000, Temp: 0.1051, Energy: 0.241643+0.007424j
[2025-04-16 21:55:22] Iteration: 79/1000, Temp: 0.1030, Energy: 0.123593+0.009370j
[2025-04-16 21:55:56] Iteration: 80/1000, Temp: 0.1009, Energy: 0.016244-0.031972j
[2025-04-16 21:56:30] Iteration: 81/1000, Temp: 0.0989, Energy: -0.179702-0.003072j
[2025-04-16 21:57:04] Iteration: 82/1000, Temp: 0.0970, Energy: -0.390318+0.015686j
[2025-04-16 21:57:37] Iteration: 83/1000, Temp: 0.0951, Energy: -0.600668-0.007938j
[2025-04-16 21:58:11] Iteration: 84/1000, Temp: 0.0932, Energy: -0.901955-0.028093j
[2025-04-16 21:58:45] Iteration: 85/1000, Temp: 0.0913, Energy: -1.170271-0.001645j
[2025-04-16 21:59:18] Iteration: 86/1000, Temp: 0.0895, Energy: -1.519734-0.002437j
[2025-04-16 21:59:52] Iteration: 87/1000, Temp: 0.0878, Energy: -1.919700-0.088710j
[2025-04-16 22:00:26] Iteration: 88/1000, Temp: 0.0860, Energy: -2.395018+0.031018j
[2025-04-16 22:01:00] Iteration: 89/1000, Temp: 0.0843, Energy: -2.874936+0.071520j
[2025-04-16 22:01:34] Iteration: 90/1000, Temp: 0.0826, Energy: -3.466363+0.028029j
[2025-04-16 22:02:08] Iteration: 91/1000, Temp: 0.0810, Energy: -3.904028-0.089670j
[2025-04-16 22:02:42] Iteration: 92/1000, Temp: 0.0794, Energy: -4.595582-0.065643j
[2025-04-16 22:03:16] Iteration: 93/1000, Temp: 0.0778, Energy: -5.273880+0.014662j
[2025-04-16 22:03:50] Iteration: 94/1000, Temp: 0.0763, Energy: -5.906401-0.080536j
[2025-04-16 22:04:24] Iteration: 95/1000, Temp: 0.0748, Energy: -6.676667-0.041512j
[2025-04-16 22:04:57] Iteration: 96/1000, Temp: 0.0733, Energy: -7.482951-0.159448j
[2025-04-16 22:05:31] Iteration: 97/1000, Temp: 0.0719, Energy: -8.194644+0.034430j
[2025-04-16 22:06:05] Iteration: 98/1000, Temp: 0.0704, Energy: -8.959984+0.003647j
[2025-04-16 22:06:39] Iteration: 99/1000, Temp: 0.0690, Energy: -9.835262-0.138189j
[2025-04-16 22:07:13] Iteration: 100/1000, Temp: 0.0677, Energy: -10.737105+0.030243j
[2025-04-16 22:07:47] Iteration: 101/1000, Temp: 0.0663, Energy: -11.635562-0.030232j
[2025-04-16 22:08:21] Iteration: 102/1000, Temp: 0.0650, Energy: -12.881104-0.092708j
[2025-04-16 22:08:55] Iteration: 103/1000, Temp: 0.0637, Energy: -14.362841+0.087946j
[2025-04-16 22:09:28] Iteration: 104/1000, Temp: 0.0625, Energy: -15.572029+0.149591j
[2025-04-16 22:10:02] Iteration: 105/1000, Temp: 0.0612, Energy: -17.491099-0.014101j
[2025-04-16 22:10:36] Iteration: 106/1000, Temp: 0.0600, Energy: -19.460538-0.027994j
[2025-04-16 22:11:10] Iteration: 107/1000, Temp: 0.0588, Energy: -21.457204-0.144659j
[2025-04-16 22:11:44] Iteration: 108/1000, Temp: 0.0577, Energy: -23.995072-0.088138j
[2025-04-16 22:12:18] Iteration: 109/1000, Temp: 0.0565, Energy: -26.469055+0.050648j
[2025-04-16 22:12:52] Iteration: 110/1000, Temp: 0.0554, Energy: -29.057798-0.088786j
[2025-04-16 22:13:25] Iteration: 111/1000, Temp: 0.0543, Energy: -31.394698-0.046683j
[2025-04-16 22:13:59] Iteration: 112/1000, Temp: 0.0532, Energy: -33.930377-0.035762j
[2025-04-16 22:14:33] Iteration: 113/1000, Temp: 0.0522, Energy: -36.247084+0.009837j
[2025-04-16 22:15:07] Iteration: 114/1000, Temp: 0.0511, Energy: -38.151509-0.011050j
[2025-04-16 22:15:41] Iteration: 115/1000, Temp: 0.0501, Energy: -40.046296+0.038373j
[2025-04-16 22:16:15] Iteration: 116/1000, Temp: 0.0491, Energy: -41.561459+0.038897j
[2025-04-16 22:16:49] Iteration: 117/1000, Temp: 0.0482, Energy: -42.886457+0.075743j
[2025-04-16 22:17:23] Iteration: 118/1000, Temp: 0.0472, Energy: -43.972503+0.003456j
[2025-04-16 22:17:57] Iteration: 119/1000, Temp: 0.0463, Energy: -44.992311+0.021971j
[2025-04-16 22:18:31] Iteration: 120/1000, Temp: 0.0454, Energy: -45.596435+0.062824j
[2025-04-16 22:19:05] Iteration: 121/1000, Temp: 0.0445, Energy: -46.092466+0.005706j
[2025-04-16 22:19:39] Iteration: 122/1000, Temp: 0.0436, Energy: -46.650724-0.015465j
[2025-04-16 22:20:12] Iteration: 123/1000, Temp: 0.0427, Energy: -47.299926-0.009818j
[2025-04-16 22:20:46] Iteration: 124/1000, Temp: 0.0419, Energy: -47.686100+0.007420j
[2025-04-16 22:21:20] Iteration: 125/1000, Temp: 0.0410, Energy: -48.103081-0.022139j
[2025-04-16 22:21:54] Iteration: 126/1000, Temp: 0.0402, Energy: -48.347247+0.045425j
[2025-04-16 22:22:28] Iteration: 127/1000, Temp: 0.0394, Energy: -48.504426+0.003845j
[2025-04-16 22:23:01] Iteration: 128/1000, Temp: 0.0387, Energy: -48.869253+0.049750j
[2025-04-16 22:23:35] Iteration: 129/1000, Temp: 0.0379, Energy: -48.826508-0.029610j
[2025-04-16 22:24:09] Iteration: 130/1000, Temp: 0.0371, Energy: -49.094994+0.008968j
[2025-04-16 22:24:43] Iteration: 131/1000, Temp: 0.0364, Energy: -49.161703+0.032484j
[2025-04-16 22:25:17] Iteration: 132/1000, Temp: 0.0357, Energy: -49.272235+0.020883j
[2025-04-16 22:25:51] Iteration: 133/1000, Temp: 0.0350, Energy: -49.393105-0.017041j
[2025-04-16 22:26:25] Iteration: 134/1000, Temp: 0.0343, Energy: -49.384256-0.010396j
[2025-04-16 22:26:59] Iteration: 135/1000, Temp: 0.0336, Energy: -49.586779+0.021112j
[2025-04-16 22:27:33] Iteration: 136/1000, Temp: 0.0329, Energy: -49.626796+0.007347j
[2025-04-16 22:28:07] Iteration: 137/1000, Temp: 0.0323, Energy: -49.789891-0.005874j
[2025-04-16 22:28:41] Iteration: 138/1000, Temp: 0.0316, Energy: -49.963541+0.006399j
[2025-04-16 22:29:15] Iteration: 139/1000, Temp: 0.0310, Energy: -49.922058-0.007350j
[2025-04-16 22:29:48] Iteration: 140/1000, Temp: 0.0304, Energy: -49.936339+0.014398j
[2025-04-16 22:30:22] Iteration: 141/1000, Temp: 0.0298, Energy: -50.066879-0.004728j
[2025-04-16 22:30:56] Iteration: 142/1000, Temp: 0.0292, Energy: -49.998263+0.000032j
[2025-04-16 22:31:30] Iteration: 143/1000, Temp: 0.0286, Energy: -50.078951+0.012926j
[2025-04-16 22:32:03] Iteration: 144/1000, Temp: 0.0281, Energy: -50.074488+0.003067j
[2025-04-16 22:32:37] Iteration: 145/1000, Temp: 0.0275, Energy: -50.110379+0.019795j
[2025-04-16 22:33:11] Iteration: 146/1000, Temp: 0.0270, Energy: -50.071503+0.013798j
[2025-04-16 22:33:44] Iteration: 147/1000, Temp: 0.0264, Energy: -50.140140-0.013606j
[2025-04-16 22:34:18] Iteration: 148/1000, Temp: 0.0259, Energy: -50.222432-0.001196j
[2025-04-16 22:34:52] Iteration: 149/1000, Temp: 0.0254, Energy: -50.300635+0.007568j
[2025-04-16 22:35:26] Iteration: 150/1000, Temp: 0.0249, Energy: -50.321220+0.002343j
[2025-04-16 22:35:59] Iteration: 151/1000, Temp: 0.0244, Energy: -50.345225+0.013652j
[2025-04-16 22:36:33] Iteration: 152/1000, Temp: 0.0239, Energy: -50.280704+0.004539j
[2025-04-16 22:37:07] Iteration: 153/1000, Temp: 0.0234, Energy: -50.297975-0.002665j
[2025-04-16 22:37:41] Iteration: 154/1000, Temp: 0.0230, Energy: -50.415119-0.002791j
[2025-04-16 22:38:14] Iteration: 155/1000, Temp: 0.0225, Energy: -50.407221+0.019260j
[2025-04-16 22:38:48] Iteration: 156/1000, Temp: 0.0221, Energy: -50.439369+0.009596j
[2025-04-16 22:39:22] Iteration: 157/1000, Temp: 0.0216, Energy: -50.415264+0.006899j
[2025-04-16 22:39:56] Iteration: 158/1000, Temp: 0.0212, Energy: -50.447413-0.014940j
[2025-04-16 22:40:29] Iteration: 159/1000, Temp: 0.0208, Energy: -50.478636+0.013090j
[2025-04-16 22:41:03] Iteration: 160/1000, Temp: 0.0204, Energy: -50.558405-0.006574j
[2025-04-16 22:41:37] Iteration: 161/1000, Temp: 0.0200, Energy: -50.582409+0.006389j
[2025-04-16 22:42:11] Iteration: 162/1000, Temp: 0.0196, Energy: -50.360033-0.002954j
[2025-04-16 22:42:45] Iteration: 163/1000, Temp: 0.0192, Energy: -50.413867-0.000705j
[2025-04-16 22:43:19] Iteration: 164/1000, Temp: 0.0188, Energy: -50.453484+0.004917j
[2025-04-16 22:43:53] Iteration: 165/1000, Temp: 0.0184, Energy: -50.580373+0.005505j
[2025-04-16 22:44:27] Iteration: 166/1000, Temp: 0.0181, Energy: -50.497639+0.007122j
[2025-04-16 22:45:01] Iteration: 167/1000, Temp: 0.0177, Energy: -50.666243+0.005075j
[2025-04-16 22:45:34] Iteration: 168/1000, Temp: 0.0174, Energy: -50.579690+0.011618j
[2025-04-16 22:46:08] Iteration: 169/1000, Temp: 0.0170, Energy: -50.439393+0.005666j
[2025-04-16 22:46:42] Iteration: 170/1000, Temp: 0.0167, Energy: -50.465815+0.021356j
[2025-04-16 22:47:16] Iteration: 171/1000, Temp: 0.0164, Energy: -50.598020+0.002326j
[2025-04-16 22:47:50] Iteration: 172/1000, Temp: 0.0160, Energy: -50.505236+0.000155j
[2025-04-16 22:48:24] Iteration: 173/1000, Temp: 0.0157, Energy: -50.514981-0.001022j
[2025-04-16 22:48:58] Iteration: 174/1000, Temp: 0.0154, Energy: -50.569133-0.005525j
[2025-04-16 22:49:32] Iteration: 175/1000, Temp: 0.0151, Energy: -50.530330-0.011336j
[2025-04-16 22:50:06] Iteration: 176/1000, Temp: 0.0148, Energy: -50.588446-0.012392j
[2025-04-16 22:50:40] Iteration: 177/1000, Temp: 0.0145, Energy: -50.688071-0.005957j
[2025-04-16 22:51:13] Iteration: 178/1000, Temp: 0.0142, Energy: -50.529447+0.011568j
[2025-04-16 22:51:47] Iteration: 179/1000, Temp: 0.0139, Energy: -50.557649-0.005933j
[2025-04-16 22:52:21] Iteration: 180/1000, Temp: 0.0137, Energy: -50.748744+0.014561j
[2025-04-16 22:52:55] Iteration: 181/1000, Temp: 0.0134, Energy: -50.649839+0.034460j
[2025-04-16 22:53:29] Iteration: 182/1000, Temp: 0.0131, Energy: -50.760700+0.007116j
[2025-04-16 22:54:02] Iteration: 183/1000, Temp: 0.0129, Energy: -50.743463-0.006507j
[2025-04-16 22:54:36] Iteration: 184/1000, Temp: 0.0126, Energy: -50.647447+0.001642j
[2025-04-16 22:55:10] Iteration: 185/1000, Temp: 0.0124, Energy: -50.757042-0.021247j
[2025-04-16 22:55:44] Iteration: 186/1000, Temp: 0.0121, Energy: -50.694687-0.024121j
[2025-04-16 22:56:18] Iteration: 187/1000, Temp: 0.0119, Energy: -50.753073+0.013750j
[2025-04-16 22:56:52] Iteration: 188/1000, Temp: 0.0116, Energy: -50.715825-0.000341j
[2025-04-16 22:57:25] Iteration: 189/1000, Temp: 0.0114, Energy: -50.602100+0.004015j
[2025-04-16 22:57:59] Iteration: 190/1000, Temp: 0.0112, Energy: -50.716572-0.002543j
[2025-04-16 22:58:33] Iteration: 191/1000, Temp: 0.0110, Energy: -50.625595-0.007112j
[2025-04-16 22:59:06] Iteration: 192/1000, Temp: 0.0107, Energy: -50.603382+0.004026j
[2025-04-16 22:59:40] Iteration: 193/1000, Temp: 0.0105, Energy: -50.647648-0.006434j
[2025-04-16 23:00:14] Iteration: 194/1000, Temp: 0.0103, Energy: -50.676497+0.011484j
[2025-04-16 23:00:48] Iteration: 195/1000, Temp: 0.0101, Energy: -50.646720-0.000452j
[2025-04-16 23:01:21] Iteration: 196/1000, Temp: 0.0099, Energy: -50.538726-0.006410j
[2025-04-16 23:01:55] Iteration: 197/1000, Temp: 0.0097, Energy: -50.646734-0.001065j
[2025-04-16 23:02:29] Iteration: 198/1000, Temp: 0.0095, Energy: -50.765492+0.008425j
[2025-04-16 23:03:03] Iteration: 199/1000, Temp: 0.0093, Energy: -50.704746-0.008090j
[2025-04-16 23:03:37] Iteration: 200/1000, Temp: 0.0092, Energy: -50.765690-0.005144j
[2025-04-16 23:04:10] Iteration: 201/1000, Temp: 0.0090, Energy: -50.688848-0.012122j
[2025-04-16 23:04:44] Iteration: 202/1000, Temp: 0.0088, Energy: -50.839288-0.009535j
[2025-04-16 23:05:18] Iteration: 203/1000, Temp: 0.0086, Energy: -50.756530-0.008894j
[2025-04-16 23:05:52] Iteration: 204/1000, Temp: 0.0085, Energy: -50.780030+0.000531j
[2025-04-16 23:06:25] Iteration: 205/1000, Temp: 0.0083, Energy: -50.678751+0.000701j
[2025-04-16 23:06:59] Iteration: 206/1000, Temp: 0.0081, Energy: -50.716613+0.012014j
[2025-04-16 23:07:33] Iteration: 207/1000, Temp: 0.0080, Energy: -50.982528-0.015223j
[2025-04-16 23:08:07] Iteration: 208/1000, Temp: 0.0078, Energy: -50.677188+0.009018j
[2025-04-16 23:08:41] Iteration: 209/1000, Temp: 0.0076, Energy: -50.643721+0.019610j
[2025-04-16 23:09:15] Iteration: 210/1000, Temp: 0.0075, Energy: -50.715223+0.010396j
[2025-04-16 23:09:49] Iteration: 211/1000, Temp: 0.0073, Energy: -50.740296-0.006268j
[2025-04-16 23:10:23] Iteration: 212/1000, Temp: 0.0072, Energy: -50.762729-0.008099j
[2025-04-16 23:10:57] Iteration: 213/1000, Temp: 0.0071, Energy: -50.763159-0.002592j
[2025-04-16 23:11:31] Iteration: 214/1000, Temp: 0.0069, Energy: -50.728115-0.003607j
[2025-04-16 23:12:04] Iteration: 215/1000, Temp: 0.0068, Energy: -50.809996+0.000617j
[2025-04-16 23:12:38] Iteration: 216/1000, Temp: 0.0066, Energy: -50.799384+0.015068j
[2025-04-16 23:13:12] Iteration: 217/1000, Temp: 0.0065, Energy: -51.015759-0.009395j
[2025-04-16 23:13:46] Iteration: 218/1000, Temp: 0.0064, Energy: -50.942693-0.011363j
[2025-04-16 23:14:20] Iteration: 219/1000, Temp: 0.0063, Energy: -50.965387-0.009469j
[2025-04-16 23:14:54] Iteration: 220/1000, Temp: 0.0061, Energy: -50.766571-0.000965j
[2025-04-16 23:15:28] Iteration: 221/1000, Temp: 0.0060, Energy: -50.773214-0.013115j
[2025-04-16 23:16:02] Iteration: 222/1000, Temp: 0.0059, Energy: -50.727686+0.009185j
[2025-04-16 23:16:36] Iteration: 223/1000, Temp: 0.0058, Energy: -50.779034-0.004217j
[2025-04-16 23:17:10] Iteration: 224/1000, Temp: 0.0057, Energy: -50.714579-0.003584j
[2025-04-16 23:17:44] Iteration: 225/1000, Temp: 0.0056, Energy: -50.749025+0.002138j
[2025-04-16 23:18:18] Iteration: 226/1000, Temp: 0.0054, Energy: -50.636149+0.003307j
[2025-04-16 23:18:52] Iteration: 227/1000, Temp: 0.0053, Energy: -50.805201+0.005442j
[2025-04-16 23:19:26] Iteration: 228/1000, Temp: 0.0052, Energy: -50.776830-0.014988j
[2025-04-16 23:20:00] Iteration: 229/1000, Temp: 0.0051, Energy: -50.971753-0.018907j
[2025-04-16 23:20:34] Iteration: 230/1000, Temp: 0.0050, Energy: -50.821897-0.014154j
[2025-04-16 23:21:08] Iteration: 231/1000, Temp: 0.0049, Energy: -50.768184-0.010825j
[2025-04-16 23:21:42] Iteration: 232/1000, Temp: 0.0048, Energy: -50.797305-0.006397j
[2025-04-16 23:22:16] Iteration: 233/1000, Temp: 0.0047, Energy: -50.613691-0.009097j
[2025-04-16 23:22:50] Iteration: 234/1000, Temp: 0.0046, Energy: -50.728042+0.001582j
[2025-04-16 23:23:24] Iteration: 235/1000, Temp: 0.0045, Energy: -50.792717-0.006060j
[2025-04-16 23:23:58] Iteration: 236/1000, Temp: 0.0045, Energy: -50.874839+0.000746j
[2025-04-16 23:24:32] Iteration: 237/1000, Temp: 0.0044, Energy: -50.708562+0.010768j
[2025-04-16 23:25:06] Iteration: 238/1000, Temp: 0.0043, Energy: -50.789326+0.006479j
[2025-04-16 23:25:39] Iteration: 239/1000, Temp: 0.0042, Energy: -50.768812+0.009419j
[2025-04-16 23:26:13] Iteration: 240/1000, Temp: 0.0041, Energy: -50.842624-0.007532j
[2025-04-16 23:26:47] Iteration: 241/1000, Temp: 0.0040, Energy: -50.736098+0.006344j
[2025-04-16 23:27:21] Iteration: 242/1000, Temp: 0.0040, Energy: -50.737449+0.000237j
[2025-04-16 23:27:55] Iteration: 243/1000, Temp: 0.0039, Energy: -50.792113-0.004501j
[2025-04-16 23:28:29] Iteration: 244/1000, Temp: 0.0038, Energy: -50.926354+0.002528j
[2025-04-16 23:29:03] Iteration: 245/1000, Temp: 0.0037, Energy: -50.819844+0.009207j
[2025-04-16 23:29:37] Iteration: 246/1000, Temp: 0.0036, Energy: -50.632268-0.001488j
[2025-04-16 23:30:12] Iteration: 247/1000, Temp: 0.0036, Energy: -50.812430+0.022991j
[2025-04-16 23:30:45] Iteration: 248/1000, Temp: 0.0035, Energy: -50.807104+0.012461j
[2025-04-16 23:31:19] Iteration: 249/1000, Temp: 0.0034, Energy: -50.747273-0.008461j
[2025-04-16 23:31:53] Iteration: 250/1000, Temp: 0.0034, Energy: -50.731506+0.013383j
[2025-04-16 23:32:27] Iteration: 251/1000, Temp: 0.0033, Energy: -50.887705+0.003268j
[2025-04-16 23:33:01] Iteration: 252/1000, Temp: 0.0032, Energy: -50.793057-0.001773j
[2025-04-16 23:33:35] Iteration: 253/1000, Temp: 0.0032, Energy: -50.825064+0.004677j
[2025-04-16 23:34:09] Iteration: 254/1000, Temp: 0.0031, Energy: -50.845311+0.004557j
[2025-04-16 23:34:43] Iteration: 255/1000, Temp: 0.0030, Energy: -50.736970-0.006530j
[2025-04-16 23:35:17] Iteration: 256/1000, Temp: 0.0030, Energy: -50.791379-0.004924j
[2025-04-16 23:35:51] Iteration: 257/1000, Temp: 0.0029, Energy: -50.841358+0.001346j
[2025-04-16 23:36:25] Iteration: 258/1000, Temp: 0.0029, Energy: -50.703759-0.008232j
[2025-04-16 23:36:59] Iteration: 259/1000, Temp: 0.0028, Energy: -50.683083+0.002515j
[2025-04-16 23:37:33] Iteration: 260/1000, Temp: 0.0028, Energy: -50.596920-0.011499j
[2025-04-16 23:38:07] Iteration: 261/1000, Temp: 0.0027, Energy: -50.653630+0.010406j
[2025-04-16 23:38:41] Iteration: 262/1000, Temp: 0.0027, Energy: -50.664601+0.007147j
[2025-04-16 23:39:15] Iteration: 263/1000, Temp: 0.0026, Energy: -50.791731-0.005116j
[2025-04-16 23:39:48] Iteration: 264/1000, Temp: 0.0025, Energy: -50.784208+0.002894j
[2025-04-16 23:40:22] Iteration: 265/1000, Temp: 0.0025, Energy: -50.695975-0.005220j
[2025-04-16 23:40:56] Iteration: 266/1000, Temp: 0.0024, Energy: -50.752848-0.000048j
[2025-04-16 23:41:30] Iteration: 267/1000, Temp: 0.0024, Energy: -50.792611+0.014713j
[2025-04-16 23:42:03] Iteration: 268/1000, Temp: 0.0024, Energy: -50.781975-0.002371j
[2025-04-16 23:42:37] Iteration: 269/1000, Temp: 0.0023, Energy: -50.838534+0.013926j
[2025-04-16 23:43:11] Iteration: 270/1000, Temp: 0.0023, Energy: -50.836194-0.004955j
[2025-04-16 23:43:45] Iteration: 271/1000, Temp: 0.0022, Energy: -50.659833+0.003243j
[2025-04-16 23:44:19] Iteration: 272/1000, Temp: 0.0022, Energy: -50.646275-0.006387j
[2025-04-16 23:44:53] Iteration: 273/1000, Temp: 0.0021, Energy: -50.752622+0.003762j
[2025-04-16 23:45:27] Iteration: 274/1000, Temp: 0.0021, Energy: -50.541161+0.007084j
[2025-04-16 23:46:01] Iteration: 275/1000, Temp: 0.0020, Energy: -50.665294-0.004431j
[2025-04-16 23:46:35] Iteration: 276/1000, Temp: 0.0020, Energy: -50.600083+0.007254j
[2025-04-16 23:47:09] Iteration: 277/1000, Temp: 0.0020, Energy: -50.642220-0.005119j
[2025-04-16 23:47:43] Iteration: 278/1000, Temp: 0.0019, Energy: -50.571280+0.007496j
[2025-04-16 23:48:16] Iteration: 279/1000, Temp: 0.0019, Energy: -50.674794-0.002048j
[2025-04-16 23:48:50] Iteration: 280/1000, Temp: 0.0018, Energy: -50.735884-0.017293j
[2025-04-16 23:49:24] Iteration: 281/1000, Temp: 0.0018, Energy: -50.739394+0.005607j
[2025-04-16 23:49:58] Iteration: 282/1000, Temp: 0.0018, Energy: -50.830849-0.002872j
[2025-04-16 23:50:32] Iteration: 283/1000, Temp: 0.0017, Energy: -50.801685+0.004053j
[2025-04-16 23:51:06] Iteration: 284/1000, Temp: 0.0017, Energy: -50.950473+0.005429j
[2025-04-16 23:51:40] Iteration: 285/1000, Temp: 0.0017, Energy: -50.825178+0.007305j
[2025-04-16 23:52:14] Iteration: 286/1000, Temp: 0.0016, Energy: -50.757871-0.008441j
[2025-04-16 23:52:48] Iteration: 287/1000, Temp: 0.0016, Energy: -50.764919+0.000897j
[2025-04-16 23:53:22] Iteration: 288/1000, Temp: 0.0016, Energy: -50.853702-0.015421j
[2025-04-16 23:53:56] Iteration: 289/1000, Temp: 0.0015, Energy: -50.803588+0.007743j
[2025-04-16 23:54:30] Iteration: 290/1000, Temp: 0.0015, Energy: -50.696459+0.001741j
[2025-04-16 23:55:04] Iteration: 291/1000, Temp: 0.0015, Energy: -50.693777+0.007605j
[2025-04-16 23:55:38] Iteration: 292/1000, Temp: 0.0015, Energy: -50.773393+0.002286j
[2025-04-16 23:56:12] Iteration: 293/1000, Temp: 0.0014, Energy: -50.812840+0.012161j
[2025-04-16 23:56:46] Iteration: 294/1000, Temp: 0.0014, Energy: -50.860997+0.004021j
[2025-04-16 23:57:20] Iteration: 295/1000, Temp: 0.0014, Energy: -50.894751-0.011339j
[2025-04-16 23:57:54] Iteration: 296/1000, Temp: 0.0013, Energy: -50.907594-0.001385j
[2025-04-16 23:58:28] Iteration: 297/1000, Temp: 0.0013, Energy: -50.929204+0.009767j
[2025-04-16 23:59:02] Iteration: 298/1000, Temp: 0.0013, Energy: -50.949039-0.015843j
[2025-04-16 23:59:36] Iteration: 299/1000, Temp: 0.0013, Energy: -50.900216-0.008420j
[2025-04-17 00:00:09] Iteration: 300/1000, Temp: 0.0012, Energy: -50.917461+0.001524j
[2025-04-17 00:00:43] Iteration: 301/1000, Temp: 0.0012, Energy: -50.901451+0.005453j
[2025-04-17 00:01:17] Iteration: 302/1000, Temp: 0.0012, Energy: -50.813731-0.016001j
[2025-04-17 00:01:51] Iteration: 303/1000, Temp: 0.0012, Energy: -50.893906+0.000471j
[2025-04-17 00:02:25] Iteration: 304/1000, Temp: 0.0011, Energy: -50.942470-0.002635j
[2025-04-17 00:02:59] Iteration: 305/1000, Temp: 0.0011, Energy: -50.897837-0.000281j
[2025-04-17 00:03:32] Iteration: 306/1000, Temp: 0.0011, Energy: -50.782396-0.004166j
[2025-04-17 00:04:06] Iteration: 307/1000, Temp: 0.0011, Energy: -50.850076+0.017892j
[2025-04-17 00:04:40] Iteration: 308/1000, Temp: 0.0011, Energy: -50.794523-0.006334j
[2025-04-17 00:05:14] Iteration: 309/1000, Temp: 0.0010, Energy: -50.893091-0.000373j
[2025-04-17 00:05:48] Iteration: 310/1000, Temp: 0.0010, Energy: -50.912832-0.009879j
[2025-04-17 00:06:22] Iteration: 311/1000, Temp: 0.0010, Energy: -50.736581+0.006882j
[2025-04-17 00:06:56] Iteration: 312/1000, Temp: 0.0010, Energy: -50.857986+0.009440j
[2025-04-17 00:07:30] Iteration: 313/1000, Temp: 0.0010, Energy: -50.839048+0.000621j
[2025-04-17 00:08:04] Iteration: 314/1000, Temp: 0.0009, Energy: -50.919230+0.000533j
[2025-04-17 00:08:38] Iteration: 315/1000, Temp: 0.0009, Energy: -50.920998+0.004144j
[2025-04-17 00:09:12] Iteration: 316/1000, Temp: 0.0009, Energy: -50.786382-0.007420j
[2025-04-17 00:09:46] Iteration: 317/1000, Temp: 0.0009, Energy: -50.866005+0.006009j
[2025-04-17 00:10:20] Iteration: 318/1000, Temp: 0.0009, Energy: -50.834015+0.002770j
[2025-04-17 00:10:54] Iteration: 319/1000, Temp: 0.0008, Energy: -50.836106-0.000508j
[2025-04-17 00:11:27] Iteration: 320/1000, Temp: 0.0008, Energy: -50.917104+0.003353j
[2025-04-17 00:12:01] Iteration: 321/1000, Temp: 0.0008, Energy: -50.917542+0.008681j
[2025-04-17 00:12:35] Iteration: 322/1000, Temp: 0.0008, Energy: -50.843334-0.002688j
[2025-04-17 00:13:09] Iteration: 323/1000, Temp: 0.0008, Energy: -50.943857-0.009385j
[2025-04-17 00:13:42] Iteration: 324/1000, Temp: 0.0008, Energy: -50.734056+0.001140j
[2025-04-17 00:14:16] Iteration: 325/1000, Temp: 0.0008, Energy: -50.888015-0.005593j
[2025-04-17 00:14:50] Iteration: 326/1000, Temp: 0.0007, Energy: -50.734494-0.001383j
[2025-04-17 00:15:23] Iteration: 327/1000, Temp: 0.0007, Energy: -50.646591-0.006112j
[2025-04-17 00:15:57] Iteration: 328/1000, Temp: 0.0007, Energy: -50.825484+0.004657j
[2025-04-17 00:16:31] Iteration: 329/1000, Temp: 0.0007, Energy: -50.778953+0.006749j
[2025-04-17 00:17:05] Iteration: 330/1000, Temp: 0.0007, Energy: -50.899880-0.002834j
[2025-04-17 00:17:39] Iteration: 331/1000, Temp: 0.0007, Energy: -50.724138-0.018368j
[2025-04-17 00:18:12] Iteration: 332/1000, Temp: 0.0007, Energy: -50.849985+0.008265j
[2025-04-17 00:18:46] Iteration: 333/1000, Temp: 0.0006, Energy: -50.830716+0.008966j
[2025-04-17 00:19:20] Iteration: 334/1000, Temp: 0.0006, Energy: -50.772397-0.003787j
[2025-04-17 00:19:54] Iteration: 335/1000, Temp: 0.0006, Energy: -50.786543-0.003396j
[2025-04-17 00:20:27] Iteration: 336/1000, Temp: 0.0006, Energy: -50.858161-0.021482j
[2025-04-17 00:21:01] Iteration: 337/1000, Temp: 0.0006, Energy: -50.822462-0.009779j
[2025-04-17 00:21:35] Iteration: 338/1000, Temp: 0.0006, Energy: -50.770015+0.000015j
[2025-04-17 00:22:09] Iteration: 339/1000, Temp: 0.0006, Energy: -50.727930+0.003605j
[2025-04-17 00:22:42] Iteration: 340/1000, Temp: 0.0006, Energy: -50.760243-0.015095j
[2025-04-17 00:23:16] Iteration: 341/1000, Temp: 0.0005, Energy: -50.726872+0.003270j
[2025-04-17 00:23:50] Iteration: 342/1000, Temp: 0.0005, Energy: -50.659063+0.009334j
[2025-04-17 00:24:24] Iteration: 343/1000, Temp: 0.0005, Energy: -50.791121-0.001627j
[2025-04-17 00:24:57] Iteration: 344/1000, Temp: 0.0005, Energy: -50.809128-0.002768j
[2025-04-17 00:25:31] Iteration: 345/1000, Temp: 0.0005, Energy: -50.688931+0.003317j
[2025-04-17 00:26:05] Iteration: 346/1000, Temp: 0.0005, Energy: -50.781192-0.002198j
[2025-04-17 00:26:39] Iteration: 347/1000, Temp: 0.0005, Energy: -50.803840-0.015397j
[2025-04-17 00:27:13] Iteration: 348/1000, Temp: 0.0005, Energy: -50.767438+0.002394j
[2025-04-17 00:27:47] Iteration: 349/1000, Temp: 0.0005, Energy: -50.828799-0.000708j
[2025-04-17 00:28:21] Iteration: 350/1000, Temp: 0.0005, Energy: -50.787535-0.009219j
[2025-04-17 00:28:55] Iteration: 351/1000, Temp: 0.0004, Energy: -50.700154-0.002916j
[2025-04-17 00:29:28] Iteration: 352/1000, Temp: 0.0004, Energy: -50.814643-0.000920j
[2025-04-17 00:30:02] Iteration: 353/1000, Temp: 0.0004, Energy: -50.744558+0.001888j
[2025-04-17 00:30:36] Iteration: 354/1000, Temp: 0.0004, Energy: -50.709752-0.000238j
[2025-04-17 00:31:10] Iteration: 355/1000, Temp: 0.0004, Energy: -50.746734+0.001884j
[2025-04-17 00:31:44] Iteration: 356/1000, Temp: 0.0004, Energy: -50.679441-0.001992j
[2025-04-17 00:32:18] Iteration: 357/1000, Temp: 0.0004, Energy: -50.774292-0.000570j
[2025-04-17 00:32:52] Iteration: 358/1000, Temp: 0.0004, Energy: -50.776274-0.010283j
[2025-04-17 00:33:26] Iteration: 359/1000, Temp: 0.0004, Energy: -50.792307+0.001053j
[2025-04-17 00:34:00] Iteration: 360/1000, Temp: 0.0004, Energy: -50.715364-0.011095j
[2025-04-17 00:34:34] Iteration: 361/1000, Temp: 0.0004, Energy: -50.734331+0.001800j
[2025-04-17 00:35:08] Iteration: 362/1000, Temp: 0.0004, Energy: -50.577974+0.011284j
[2025-04-17 00:35:42] Iteration: 363/1000, Temp: 0.0004, Energy: -50.900304-0.004154j
[2025-04-17 00:36:16] Iteration: 364/1000, Temp: 0.0003, Energy: -50.839495-0.000092j
[2025-04-17 00:36:49] Iteration: 365/1000, Temp: 0.0003, Energy: -50.952581-0.008278j
[2025-04-17 00:37:23] Iteration: 366/1000, Temp: 0.0003, Energy: -51.002907-0.013475j
[2025-04-17 00:37:57] Iteration: 367/1000, Temp: 0.0003, Energy: -50.902416+0.009188j
[2025-04-17 00:38:31] Iteration: 368/1000, Temp: 0.0003, Energy: -50.894159-0.008491j
[2025-04-17 00:39:05] Iteration: 369/1000, Temp: 0.0003, Energy: -50.836192-0.000440j
[2025-04-17 00:39:38] Iteration: 370/1000, Temp: 0.0003, Energy: -50.910067-0.002596j
[2025-04-17 00:40:12] Iteration: 371/1000, Temp: 0.0003, Energy: -50.898898+0.009091j
[2025-04-17 00:40:46] Iteration: 372/1000, Temp: 0.0003, Energy: -50.755441-0.001129j
[2025-04-17 00:41:20] Iteration: 373/1000, Temp: 0.0003, Energy: -50.688455-0.001260j
[2025-04-17 00:41:54] Iteration: 374/1000, Temp: 0.0003, Energy: -50.720198-0.007130j
[2025-04-17 00:42:28] Iteration: 375/1000, Temp: 0.0003, Energy: -50.839533+0.001242j
[2025-04-17 00:43:02] Iteration: 376/1000, Temp: 0.0003, Energy: -50.861810+0.000758j
[2025-04-17 00:43:36] Iteration: 377/1000, Temp: 0.0003, Energy: -50.918169+0.008746j
[2025-04-17 00:44:10] Iteration: 378/1000, Temp: 0.0003, Energy: -50.889750-0.002224j
[2025-04-17 00:44:44] Iteration: 379/1000, Temp: 0.0003, Energy: -50.969291-0.017598j
[2025-04-17 00:45:18] Iteration: 380/1000, Temp: 0.0003, Energy: -50.861043-0.004143j
[2025-04-17 00:45:52] Iteration: 381/1000, Temp: 0.0002, Energy: -50.810507-0.006724j
[2025-04-17 00:46:26] Iteration: 382/1000, Temp: 0.0002, Energy: -50.840168-0.006617j
[2025-04-17 00:47:00] Iteration: 383/1000, Temp: 0.0002, Energy: -50.800428+0.000375j
[2025-04-17 00:47:34] Iteration: 384/1000, Temp: 0.0002, Energy: -50.806096+0.008277j
[2025-04-17 00:48:08] Iteration: 385/1000, Temp: 0.0002, Energy: -50.941670+0.002961j
[2025-04-17 00:48:42] Iteration: 386/1000, Temp: 0.0002, Energy: -50.809766+0.003942j
[2025-04-17 00:49:16] Iteration: 387/1000, Temp: 0.0002, Energy: -50.794196+0.005241j
[2025-04-17 00:49:49] Iteration: 388/1000, Temp: 0.0002, Energy: -50.837225+0.005859j
[2025-04-17 00:50:23] Iteration: 389/1000, Temp: 0.0002, Energy: -50.984366+0.008662j
[2025-04-17 00:50:57] Iteration: 390/1000, Temp: 0.0002, Energy: -50.911959-0.000768j
[2025-04-17 00:51:31] Iteration: 391/1000, Temp: 0.0002, Energy: -50.720741+0.000482j
[2025-04-17 00:52:05] Iteration: 392/1000, Temp: 0.0002, Energy: -50.995772+0.012126j
[2025-04-17 00:52:39] Iteration: 393/1000, Temp: 0.0002, Energy: -50.891208+0.003309j
[2025-04-17 00:53:12] Iteration: 394/1000, Temp: 0.0002, Energy: -50.714523-0.015811j
[2025-04-17 00:53:46] Iteration: 395/1000, Temp: 0.0002, Energy: -50.800053-0.001889j
[2025-04-17 00:54:20] Iteration: 396/1000, Temp: 0.0002, Energy: -50.709091-0.003966j
[2025-04-17 00:54:54] Iteration: 397/1000, Temp: 0.0002, Energy: -50.688155+0.009364j
[2025-04-17 00:55:27] Iteration: 398/1000, Temp: 0.0002, Energy: -50.817265-0.008506j
[2025-04-17 00:56:01] Iteration: 399/1000, Temp: 0.0002, Energy: -50.853321+0.003182j
[2025-04-17 00:56:35] Iteration: 400/1000, Temp: 0.0002, Energy: -50.954951-0.001150j
[2025-04-17 00:57:09] Iteration: 401/1000, Temp: 0.0002, Energy: -50.803181+0.006959j
[2025-04-17 00:57:43] Iteration: 402/1000, Temp: 0.0002, Energy: -50.850310+0.006675j
[2025-04-17 00:58:17] Iteration: 403/1000, Temp: 0.0002, Energy: -50.875065-0.002703j
[2025-04-17 00:58:51] Iteration: 404/1000, Temp: 0.0002, Energy: -50.837416+0.005236j
[2025-04-17 00:59:25] Iteration: 405/1000, Temp: 0.0002, Energy: -50.880909+0.000786j
[2025-04-17 00:59:59] Iteration: 406/1000, Temp: 0.0001, Energy: -50.844079+0.005744j
[2025-04-17 01:00:33] Iteration: 407/1000, Temp: 0.0001, Energy: -50.848701+0.002240j
[2025-04-17 01:01:07] Iteration: 408/1000, Temp: 0.0001, Energy: -50.902760-0.000111j
[2025-04-17 01:01:40] Iteration: 409/1000, Temp: 0.0001, Energy: -50.911402-0.002949j
[2025-04-17 01:02:14] Iteration: 410/1000, Temp: 0.0001, Energy: -50.819014+0.011870j
[2025-04-17 01:02:48] Iteration: 411/1000, Temp: 0.0001, Energy: -50.799210+0.004527j
[2025-04-17 01:03:22] Iteration: 412/1000, Temp: 0.0001, Energy: -50.768317+0.000616j
[2025-04-17 01:03:56] Iteration: 413/1000, Temp: 0.0001, Energy: -50.728629+0.001680j
[2025-04-17 01:04:29] Iteration: 414/1000, Temp: 0.0001, Energy: -50.761594+0.005440j
[2025-04-17 01:05:03] Iteration: 415/1000, Temp: 0.0001, Energy: -50.759891+0.007281j
[2025-04-17 01:05:37] Iteration: 416/1000, Temp: 0.0001, Energy: -50.921095-0.002353j
[2025-04-17 01:06:11] Iteration: 417/1000, Temp: 0.0001, Energy: -50.768939+0.008513j
[2025-04-17 01:06:45] Iteration: 418/1000, Temp: 0.0001, Energy: -50.868063-0.000885j
[2025-04-17 01:07:19] Iteration: 419/1000, Temp: 0.0001, Energy: -51.002022+0.007466j
[2025-04-17 01:07:53] Iteration: 420/1000, Temp: 0.0001, Energy: -50.834713+0.006239j
[2025-04-17 01:08:27] Iteration: 421/1000, Temp: 0.0001, Energy: -50.750272+0.002405j
[2025-04-17 01:09:01] Iteration: 422/1000, Temp: 0.0001, Energy: -50.826883+0.004188j
[2025-04-17 01:09:35] Iteration: 423/1000, Temp: 0.0001, Energy: -50.949538+0.003706j
[2025-04-17 01:10:09] Iteration: 424/1000, Temp: 0.0001, Energy: -51.011486+0.000959j
[2025-04-17 01:10:43] Iteration: 425/1000, Temp: 0.0001, Energy: -50.972154+0.004247j
[2025-04-17 01:11:17] Iteration: 426/1000, Temp: 0.0001, Energy: -50.889619+0.006501j
[2025-04-17 01:11:51] Iteration: 427/1000, Temp: 0.0001, Energy: -50.876914+0.000496j
[2025-04-17 01:12:25] Iteration: 428/1000, Temp: 0.0001, Energy: -50.910234-0.013341j
[2025-04-17 01:12:59] Iteration: 429/1000, Temp: 0.0001, Energy: -50.815564-0.004807j
[2025-04-17 01:13:33] Iteration: 430/1000, Temp: 0.0001, Energy: -50.984079+0.004019j
[2025-04-17 01:14:07] Iteration: 431/1000, Temp: 0.0001, Energy: -50.818273-0.000290j
[2025-04-17 01:14:41] Iteration: 432/1000, Temp: 0.0001, Energy: -50.786338+0.002359j
[2025-04-17 01:15:15] Iteration: 433/1000, Temp: 0.0001, Energy: -50.840626-0.005786j
[2025-04-17 01:15:49] Iteration: 434/1000, Temp: 0.0001, Energy: -50.966006-0.001509j
[2025-04-17 01:16:23] Iteration: 435/1000, Temp: 0.0001, Energy: -50.943068-0.003836j
[2025-04-17 01:16:57] Iteration: 436/1000, Temp: 0.0001, Energy: -50.887223-0.005605j
[2025-04-17 01:17:30] Iteration: 437/1000, Temp: 0.0001, Energy: -50.847790+0.002279j
[2025-04-17 01:18:04] Iteration: 438/1000, Temp: 0.0001, Energy: -50.793641-0.006575j
[2025-04-17 01:18:38] Iteration: 439/1000, Temp: 0.0001, Energy: -50.923511+0.010924j
[2025-04-17 01:19:12] Iteration: 440/1000, Temp: 0.0001, Energy: -50.851787-0.000707j
[2025-04-17 01:19:46] Iteration: 441/1000, Temp: 0.0001, Energy: -50.759154-0.004610j
[2025-04-17 01:20:20] Iteration: 442/1000, Temp: 0.0001, Energy: -50.876454-0.010414j
[2025-04-17 01:20:54] Iteration: 443/1000, Temp: 0.0001, Energy: -50.728982-0.003122j
[2025-04-17 01:21:28] Iteration: 444/1000, Temp: 0.0001, Energy: -50.867542+0.004637j
[2025-04-17 01:22:02] Iteration: 445/1000, Temp: 0.0001, Energy: -50.906657-0.000877j
[2025-04-17 01:22:36] Iteration: 446/1000, Temp: 0.0001, Energy: -50.857752+0.007005j
[2025-04-17 01:23:10] Iteration: 447/1000, Temp: 0.0001, Energy: -50.822210+0.001370j
[2025-04-17 01:23:44] Iteration: 448/1000, Temp: 0.0001, Energy: -50.938571-0.010997j
[2025-04-17 01:24:18] Iteration: 449/1000, Temp: 0.0001, Energy: -50.880587-0.001573j
[2025-04-17 01:24:51] Iteration: 450/1000, Temp: 0.0001, Energy: -51.024464+0.008652j
[2025-04-17 01:25:25] Iteration: 451/1000, Temp: 0.0001, Energy: -50.845391+0.002420j
[2025-04-17 01:25:59] Iteration: 452/1000, Temp: 0.0001, Energy: -50.696820+0.010650j
[2025-04-17 01:26:33] Iteration: 453/1000, Temp: 0.0001, Energy: -50.783053-0.010527j
[2025-04-17 01:27:07] Iteration: 454/1000, Temp: 0.0001, Energy: -50.773636+0.009065j
[2025-04-17 01:27:41] Iteration: 455/1000, Temp: 0.0001, Energy: -50.869640-0.002707j
[2025-04-17 01:28:15] Iteration: 456/1000, Temp: 0.0001, Energy: -50.825942+0.003870j
[2025-04-17 01:28:49] Iteration: 457/1000, Temp: 0.0001, Energy: -50.798184+0.004830j
[2025-04-17 01:29:23] Iteration: 458/1000, Temp: 0.0001, Energy: -50.768446-0.003583j
[2025-04-17 01:29:57] Iteration: 459/1000, Temp: 0.0001, Energy: -50.913734+0.000115j
[2025-04-17 01:30:31] Iteration: 460/1000, Temp: 0.0001, Energy: -50.758620-0.009925j
[2025-04-17 01:31:05] Iteration: 461/1000, Temp: 0.0000, Energy: -50.804529-0.000093j
[2025-04-17 01:31:39] Iteration: 462/1000, Temp: 0.0000, Energy: -50.799138-0.005824j
[2025-04-17 01:32:13] Iteration: 463/1000, Temp: 0.0000, Energy: -50.895352-0.001498j
[2025-04-17 01:32:47] Iteration: 464/1000, Temp: 0.0000, Energy: -50.734550+0.002063j
[2025-04-17 01:33:20] Iteration: 465/1000, Temp: 0.0000, Energy: -50.803879-0.007219j
[2025-04-17 01:33:54] Iteration: 466/1000, Temp: 0.0000, Energy: -50.896915-0.001339j
[2025-04-17 01:34:28] Iteration: 467/1000, Temp: 0.0000, Energy: -50.790396+0.003439j
[2025-04-17 01:35:02] Iteration: 468/1000, Temp: 0.0000, Energy: -50.710102+0.005689j
[2025-04-17 01:35:36] Iteration: 469/1000, Temp: 0.0000, Energy: -50.814974-0.003121j
[2025-04-17 01:36:10] Iteration: 470/1000, Temp: 0.0000, Energy: -50.879928-0.002254j
[2025-04-17 01:36:44] Iteration: 471/1000, Temp: 0.0000, Energy: -50.800684-0.001503j
[2025-04-17 01:37:18] Iteration: 472/1000, Temp: 0.0000, Energy: -50.693302+0.005082j
[2025-04-17 01:37:52] Iteration: 473/1000, Temp: 0.0000, Energy: -50.686187-0.004569j
[2025-04-17 01:38:26] Iteration: 474/1000, Temp: 0.0000, Energy: -50.745426-0.000866j
[2025-04-17 01:39:00] Iteration: 475/1000, Temp: 0.0000, Energy: -50.663150-0.006241j
[2025-04-17 01:39:34] Iteration: 476/1000, Temp: 0.0000, Energy: -50.826521+0.000927j
[2025-04-17 01:40:08] Iteration: 477/1000, Temp: 0.0000, Energy: -50.757760-0.009915j
[2025-04-17 01:40:42] Iteration: 478/1000, Temp: 0.0000, Energy: -50.964009-0.002850j
[2025-04-17 01:41:16] Iteration: 479/1000, Temp: 0.0000, Energy: -50.839323-0.000022j
[2025-04-17 01:41:50] Iteration: 480/1000, Temp: 0.0000, Energy: -50.886661-0.008278j
[2025-04-17 01:42:24] Iteration: 481/1000, Temp: 0.0000, Energy: -50.731461+0.001973j
[2025-04-17 01:42:58] Iteration: 482/1000, Temp: 0.0000, Energy: -50.582905+0.001000j
[2025-04-17 01:43:31] Iteration: 483/1000, Temp: 0.0000, Energy: -50.691057+0.005300j
[2025-04-17 01:44:05] Iteration: 484/1000, Temp: 0.0000, Energy: -50.739683+0.012191j
[2025-04-17 01:44:39] Iteration: 485/1000, Temp: 0.0000, Energy: -50.823490-0.022302j
[2025-04-17 01:45:13] Iteration: 486/1000, Temp: 0.0000, Energy: -50.886985-0.004028j
[2025-04-17 01:45:47] Iteration: 487/1000, Temp: 0.0000, Energy: -50.856897+0.002325j
[2025-04-17 01:46:21] Iteration: 488/1000, Temp: 0.0000, Energy: -50.870976+0.000321j
[2025-04-17 01:46:55] Iteration: 489/1000, Temp: 0.0000, Energy: -50.788637+0.000124j
[2025-04-17 01:47:29] Iteration: 490/1000, Temp: 0.0000, Energy: -50.829411-0.005360j
[2025-04-17 01:48:03] Iteration: 491/1000, Temp: 0.0000, Energy: -50.785895-0.000504j
[2025-04-17 01:48:37] Iteration: 492/1000, Temp: 0.0000, Energy: -50.900424-0.001294j
[2025-04-17 01:49:10] Iteration: 493/1000, Temp: 0.0000, Energy: -50.796245+0.002880j
[2025-04-17 01:49:44] Iteration: 494/1000, Temp: 0.0000, Energy: -50.839399+0.007241j
[2025-04-17 01:50:18] Iteration: 495/1000, Temp: 0.0000, Energy: -50.848491+0.000035j
[2025-04-17 01:50:52] Iteration: 496/1000, Temp: 0.0000, Energy: -50.941744-0.016517j
[2025-04-17 01:51:26] Iteration: 497/1000, Temp: 0.0000, Energy: -50.855225-0.004655j
[2025-04-17 01:52:00] Iteration: 498/1000, Temp: 0.0000, Energy: -50.700753-0.011665j
[2025-04-17 01:52:34] Iteration: 499/1000, Temp: 0.0000, Energy: -50.894084+0.000862j
[2025-04-17 01:53:08] Iteration: 500/1000, Temp: 0.0000, Energy: -50.916771+0.007092j
[2025-04-17 01:53:42] Iteration: 501/1000, Temp: 0.0000, Energy: -50.955586-0.001909j
[2025-04-17 01:54:16] Iteration: 502/1000, Temp: 0.0000, Energy: -50.821232+0.008526j
[2025-04-17 01:54:50] Iteration: 503/1000, Temp: 0.0000, Energy: -50.846778+0.000361j
[2025-04-17 01:55:24] Iteration: 504/1000, Temp: 0.0000, Energy: -50.808627+0.013994j
[2025-04-17 01:55:58] Iteration: 505/1000, Temp: 0.0000, Energy: -50.735831-0.008693j
[2025-04-17 01:56:31] Iteration: 506/1000, Temp: 0.0000, Energy: -50.753872+0.007293j
[2025-04-17 01:57:05] Iteration: 507/1000, Temp: 0.0000, Energy: -50.818108+0.004257j
[2025-04-17 01:57:39] Iteration: 508/1000, Temp: 0.0000, Energy: -50.924712-0.001665j
[2025-04-17 01:58:13] Iteration: 509/1000, Temp: 0.0000, Energy: -50.920393-0.005304j
[2025-04-17 01:58:47] Iteration: 510/1000, Temp: 0.0000, Energy: -50.915294+0.000933j
[2025-04-17 01:59:21] Iteration: 511/1000, Temp: 0.0000, Energy: -50.846562+0.005601j
[2025-04-17 01:59:55] Iteration: 512/1000, Temp: 0.0000, Energy: -50.827823-0.003744j
[2025-04-17 02:00:29] Iteration: 513/1000, Temp: 0.0000, Energy: -50.847163+0.000053j
[2025-04-17 02:01:03] Iteration: 514/1000, Temp: 0.0000, Energy: -50.846415+0.010182j
[2025-04-17 02:01:37] Iteration: 515/1000, Temp: 0.0000, Energy: -50.814398-0.009058j
[2025-04-17 02:02:11] Iteration: 516/1000, Temp: 0.0000, Energy: -50.749499-0.002380j
[2025-04-17 02:02:45] Iteration: 517/1000, Temp: 0.0000, Energy: -50.748497+0.000653j
[2025-04-17 02:03:19] Iteration: 518/1000, Temp: 0.0000, Energy: -50.845080+0.001737j
[2025-04-17 02:03:52] Iteration: 519/1000, Temp: 0.0000, Energy: -50.874484-0.000556j
[2025-04-17 02:04:26] Iteration: 520/1000, Temp: 0.0000, Energy: -50.794250+0.006869j
[2025-04-17 02:05:00] Iteration: 521/1000, Temp: 0.0000, Energy: -50.760283-0.002236j
[2025-04-17 02:05:34] Iteration: 522/1000, Temp: 0.0000, Energy: -50.879633+0.005275j
[2025-04-17 02:06:08] Iteration: 523/1000, Temp: 0.0000, Energy: -50.781956+0.010150j
[2025-04-17 02:06:42] Iteration: 524/1000, Temp: 0.0000, Energy: -50.816675-0.003689j
[2025-04-17 02:07:16] Iteration: 525/1000, Temp: 0.0000, Energy: -50.709867+0.005957j
[2025-04-17 02:07:50] Iteration: 526/1000, Temp: 0.0000, Energy: -50.853642+0.014052j
[2025-04-17 02:08:24] Iteration: 527/1000, Temp: 0.0000, Energy: -50.828982+0.006528j
[2025-04-17 02:08:58] Iteration: 528/1000, Temp: 0.0000, Energy: -50.842752+0.003730j
[2025-04-17 02:09:32] Iteration: 529/1000, Temp: 0.0000, Energy: -50.791668-0.002260j
[2025-04-17 02:10:06] Iteration: 530/1000, Temp: 0.0000, Energy: -50.891711+0.000586j
[2025-04-17 02:10:40] Iteration: 531/1000, Temp: 0.0000, Energy: -50.848740-0.003924j
[2025-04-17 02:11:13] Iteration: 532/1000, Temp: 0.0000, Energy: -50.876533-0.002578j
[2025-04-17 02:11:47] Iteration: 533/1000, Temp: 0.0000, Energy: -50.817550+0.010659j
[2025-04-17 02:12:21] Iteration: 534/1000, Temp: 0.0000, Energy: -50.818543+0.004413j
[2025-04-17 02:12:55] Iteration: 535/1000, Temp: 0.0000, Energy: -50.795334+0.002879j
[2025-04-17 02:13:29] Iteration: 536/1000, Temp: 0.0000, Energy: -50.743942+0.003967j
[2025-04-17 02:14:02] Iteration: 537/1000, Temp: 0.0000, Energy: -50.886806+0.004217j
[2025-04-17 02:14:36] Iteration: 538/1000, Temp: 0.0000, Energy: -50.851878-0.002397j
[2025-04-17 02:15:10] Iteration: 539/1000, Temp: 0.0000, Energy: -50.922419+0.001056j
[2025-04-17 02:15:44] Iteration: 540/1000, Temp: 0.0000, Energy: -50.951208+0.007322j
[2025-04-17 02:16:18] Iteration: 541/1000, Temp: 0.0000, Energy: -50.924970-0.003572j
[2025-04-17 02:16:52] Iteration: 542/1000, Temp: 0.0000, Energy: -50.892584+0.002627j
[2025-04-17 02:17:26] Iteration: 543/1000, Temp: 0.0000, Energy: -50.893938-0.004230j
[2025-04-17 02:17:59] Iteration: 544/1000, Temp: 0.0000, Energy: -50.913326+0.008579j
[2025-04-17 02:18:33] Iteration: 545/1000, Temp: 0.0000, Energy: -50.914132-0.003459j
[2025-04-17 02:19:07] Iteration: 546/1000, Temp: 0.0000, Energy: -50.831261+0.011069j
[2025-04-17 02:19:41] Iteration: 547/1000, Temp: 0.0000, Energy: -50.834679-0.009133j
[2025-04-17 02:20:15] Iteration: 548/1000, Temp: 0.0000, Energy: -50.967455-0.005593j
[2025-04-17 02:20:49] Iteration: 549/1000, Temp: 0.0000, Energy: -50.833905+0.005208j
[2025-04-17 02:21:23] Iteration: 550/1000, Temp: 0.0000, Energy: -50.925253-0.003615j
[2025-04-17 02:21:57] Iteration: 551/1000, Temp: 0.0000, Energy: -50.902697-0.013266j
[2025-04-17 02:22:31] Iteration: 552/1000, Temp: 0.0000, Energy: -50.916210-0.001330j
[2025-04-17 02:23:05] Iteration: 553/1000, Temp: 0.0000, Energy: -50.866472+0.009337j
[2025-04-17 02:23:39] Iteration: 554/1000, Temp: 0.0000, Energy: -50.999286+0.003278j
[2025-04-17 02:24:13] Iteration: 555/1000, Temp: 0.0000, Energy: -50.962887+0.001306j
[2025-04-17 02:24:47] Iteration: 556/1000, Temp: 0.0000, Energy: -51.047843-0.003218j
[2025-04-17 02:25:21] Iteration: 557/1000, Temp: 0.0000, Energy: -51.024279-0.001806j
[2025-04-17 02:25:54] Iteration: 558/1000, Temp: 0.0000, Energy: -50.953082-0.002074j
[2025-04-17 02:26:28] Iteration: 559/1000, Temp: 0.0000, Energy: -50.940136+0.000704j
[2025-04-17 02:27:02] Iteration: 560/1000, Temp: 0.0000, Energy: -50.832467-0.000003j
[2025-04-17 02:27:36] Iteration: 561/1000, Temp: 0.0000, Energy: -50.969812-0.003985j
[2025-04-17 02:28:09] Iteration: 562/1000, Temp: 0.0000, Energy: -50.959411+0.007940j
[2025-04-17 02:28:43] Iteration: 563/1000, Temp: 0.0000, Energy: -50.712145+0.002612j
[2025-04-17 02:29:17] Iteration: 564/1000, Temp: 0.0000, Energy: -50.787843-0.005327j
[2025-04-17 02:29:51] Iteration: 565/1000, Temp: 0.0000, Energy: -50.870509-0.007207j
[2025-04-17 02:30:25] Iteration: 566/1000, Temp: 0.0000, Energy: -50.863845+0.004753j
[2025-04-17 02:30:59] Iteration: 567/1000, Temp: 0.0000, Energy: -50.908490-0.007094j
[2025-04-17 02:31:33] Iteration: 568/1000, Temp: 0.0000, Energy: -50.878121+0.002824j
[2025-04-17 02:32:07] Iteration: 569/1000, Temp: 0.0000, Energy: -50.855758+0.006778j
[2025-04-17 02:32:41] Iteration: 570/1000, Temp: 0.0000, Energy: -50.918802+0.000071j
[2025-04-17 02:33:15] Iteration: 571/1000, Temp: 0.0000, Energy: -50.911627-0.001841j
[2025-04-17 02:33:48] Iteration: 572/1000, Temp: 0.0000, Energy: -50.927404+0.002385j
[2025-04-17 02:34:22] Iteration: 573/1000, Temp: 0.0000, Energy: -50.916504-0.000985j
[2025-04-17 02:34:56] Iteration: 574/1000, Temp: 0.0000, Energy: -50.844152-0.005851j
[2025-04-17 02:35:30] Iteration: 575/1000, Temp: 0.0000, Energy: -50.859034-0.008428j
[2025-04-17 02:36:04] Iteration: 576/1000, Temp: 0.0000, Energy: -50.780439-0.001564j
[2025-04-17 02:36:38] Iteration: 577/1000, Temp: 0.0000, Energy: -50.775121+0.000069j
[2025-04-17 02:37:12] Iteration: 578/1000, Temp: 0.0000, Energy: -50.832791-0.002569j
[2025-04-17 02:37:46] Iteration: 579/1000, Temp: 0.0000, Energy: -50.810069+0.003453j
[2025-04-17 02:38:20] Iteration: 580/1000, Temp: 0.0000, Energy: -50.833685-0.009234j
[2025-04-17 02:38:54] Iteration: 581/1000, Temp: 0.0000, Energy: -50.897438+0.002715j
[2025-04-17 02:39:27] Iteration: 582/1000, Temp: 0.0000, Energy: -50.860224-0.001657j
[2025-04-17 02:40:01] Iteration: 583/1000, Temp: 0.0000, Energy: -50.907574-0.004990j
[2025-04-17 02:40:35] Iteration: 584/1000, Temp: 0.0000, Energy: -50.869518+0.000786j
[2025-04-17 02:41:09] Iteration: 585/1000, Temp: 0.0000, Energy: -50.862120-0.011830j
[2025-04-17 02:41:43] Iteration: 586/1000, Temp: 0.0000, Energy: -50.902037+0.000386j
[2025-04-17 02:42:17] Iteration: 587/1000, Temp: 0.0000, Energy: -50.943756+0.004600j
[2025-04-17 02:42:51] Iteration: 588/1000, Temp: 0.0000, Energy: -50.912996-0.013421j
[2025-04-17 02:43:25] Iteration: 589/1000, Temp: 0.0000, Energy: -50.785928-0.007524j
[2025-04-17 02:43:59] Iteration: 590/1000, Temp: 0.0000, Energy: -50.892551+0.000697j
[2025-04-17 02:44:33] Iteration: 591/1000, Temp: 0.0000, Energy: -50.918488-0.001460j
[2025-04-17 02:45:07] Iteration: 592/1000, Temp: 0.0000, Energy: -51.010700+0.004843j
[2025-04-17 02:45:41] Iteration: 593/1000, Temp: 0.0000, Energy: -50.872810-0.000130j
[2025-04-17 02:46:15] Iteration: 594/1000, Temp: 0.0000, Energy: -50.868344-0.006093j
[2025-04-17 02:46:49] Iteration: 595/1000, Temp: 0.0000, Energy: -50.938847+0.008048j
[2025-04-17 02:47:23] Iteration: 596/1000, Temp: 0.0000, Energy: -51.066226+0.002418j
[2025-04-17 02:47:56] Iteration: 597/1000, Temp: 0.0000, Energy: -50.882068+0.001150j
[2025-04-17 02:48:30] Iteration: 598/1000, Temp: 0.0000, Energy: -50.873886+0.005044j
[2025-04-17 02:49:04] Iteration: 599/1000, Temp: 0.0000, Energy: -50.763650+0.002020j
[2025-04-17 02:49:38] Iteration: 600/1000, Temp: 0.0000, Energy: -50.691766-0.003068j
[2025-04-17 02:50:11] Iteration: 601/1000, Temp: 0.0000, Energy: -50.692218+0.000411j
[2025-04-17 02:50:45] Iteration: 602/1000, Temp: 0.0000, Energy: -50.803242+0.004343j
[2025-04-17 02:51:19] Iteration: 603/1000, Temp: 0.0000, Energy: -50.729979+0.005978j
[2025-04-17 02:51:53] Iteration: 604/1000, Temp: 0.0000, Energy: -50.762537+0.004679j
[2025-04-17 02:52:26] Iteration: 605/1000, Temp: 0.0000, Energy: -50.839224-0.001512j
[2025-04-17 02:53:00] Iteration: 606/1000, Temp: 0.0000, Energy: -50.876749+0.004281j
[2025-04-17 02:53:34] Iteration: 607/1000, Temp: 0.0000, Energy: -50.773991+0.001327j
[2025-04-17 02:54:08] Iteration: 608/1000, Temp: 0.0000, Energy: -50.831424-0.003671j
[2025-04-17 02:54:42] Iteration: 609/1000, Temp: 0.0000, Energy: -50.892434+0.005428j
[2025-04-17 02:55:16] Iteration: 610/1000, Temp: 0.0000, Energy: -50.791805+0.004816j
[2025-04-17 02:55:50] Iteration: 611/1000, Temp: 0.0000, Energy: -50.933446+0.008165j
[2025-04-17 02:56:24] Iteration: 612/1000, Temp: 0.0000, Energy: -50.697555+0.002770j
[2025-04-17 02:56:58] Iteration: 613/1000, Temp: 0.0000, Energy: -50.868993+0.002991j
[2025-04-17 02:57:31] Iteration: 614/1000, Temp: 0.0000, Energy: -50.818675-0.005302j
[2025-04-17 02:58:05] Iteration: 615/1000, Temp: 0.0000, Energy: -50.863770+0.004462j
[2025-04-17 02:58:39] Iteration: 616/1000, Temp: 0.0000, Energy: -50.890693+0.003504j
[2025-04-17 02:59:13] Iteration: 617/1000, Temp: 0.0000, Energy: -50.928770+0.004493j
[2025-04-17 02:59:46] Iteration: 618/1000, Temp: 0.0000, Energy: -50.776854+0.003072j
[2025-04-17 03:00:20] Iteration: 619/1000, Temp: 0.0000, Energy: -50.890051-0.003797j
[2025-04-17 03:00:54] Iteration: 620/1000, Temp: 0.0000, Energy: -50.878841-0.001845j
[2025-04-17 03:01:28] Iteration: 621/1000, Temp: 0.0000, Energy: -50.799779+0.006673j
[2025-04-17 03:02:02] Iteration: 622/1000, Temp: 0.0000, Energy: -50.869094+0.002374j
[2025-04-17 03:02:35] Iteration: 623/1000, Temp: 0.0000, Energy: -50.895267+0.002167j
[2025-04-17 03:03:09] Iteration: 624/1000, Temp: 0.0000, Energy: -50.946262+0.005524j
[2025-04-17 03:03:43] Iteration: 625/1000, Temp: 0.0000, Energy: -51.004223+0.007286j
[2025-04-17 03:04:17] Iteration: 626/1000, Temp: 0.0000, Energy: -50.828337+0.001793j
[2025-04-17 03:04:50] Iteration: 627/1000, Temp: 0.0000, Energy: -50.735795-0.001610j
[2025-04-17 03:05:24] Iteration: 628/1000, Temp: 0.0000, Energy: -50.809655-0.003190j
[2025-04-17 03:05:58] Iteration: 629/1000, Temp: 0.0000, Energy: -50.797706-0.001047j
[2025-04-17 03:06:32] Iteration: 630/1000, Temp: 0.0000, Energy: -50.760272-0.003168j
[2025-04-17 03:07:06] Iteration: 631/1000, Temp: 0.0000, Energy: -50.789566+0.002504j
[2025-04-17 03:07:40] Iteration: 632/1000, Temp: 0.0000, Energy: -50.872061+0.009203j
[2025-04-17 03:08:14] Iteration: 633/1000, Temp: 0.0000, Energy: -50.837644+0.003538j
[2025-04-17 03:08:47] Iteration: 634/1000, Temp: 0.0000, Energy: -50.903632-0.006067j
[2025-04-17 03:09:21] Iteration: 635/1000, Temp: 0.0000, Energy: -50.834880-0.000590j
[2025-04-17 03:09:55] Iteration: 636/1000, Temp: 0.0000, Energy: -50.856376-0.000575j
[2025-04-17 03:10:29] Iteration: 637/1000, Temp: 0.0000, Energy: -50.860025-0.002093j
[2025-04-17 03:11:03] Iteration: 638/1000, Temp: 0.0000, Energy: -50.904317-0.004730j
[2025-04-17 03:11:37] Iteration: 639/1000, Temp: 0.0000, Energy: -50.740868-0.001364j
[2025-04-17 03:12:11] Iteration: 640/1000, Temp: 0.0000, Energy: -50.749930-0.004861j
[2025-04-17 03:12:45] Iteration: 641/1000, Temp: 0.0000, Energy: -50.759187-0.001106j
[2025-04-17 03:13:19] Iteration: 642/1000, Temp: 0.0000, Energy: -50.746407-0.001304j
[2025-04-17 03:13:53] Iteration: 643/1000, Temp: 0.0000, Energy: -50.702117+0.002840j
[2025-04-17 03:14:27] Iteration: 644/1000, Temp: 0.0000, Energy: -50.899970+0.000979j
[2025-04-17 03:15:00] Iteration: 645/1000, Temp: 0.0000, Energy: -50.927339-0.003313j
[2025-04-17 03:15:34] Iteration: 646/1000, Temp: 0.0000, Energy: -50.937700+0.001621j
[2025-04-17 03:16:08] Iteration: 647/1000, Temp: 0.0000, Energy: -50.934996-0.000641j
[2025-04-17 03:16:42] Iteration: 648/1000, Temp: 0.0000, Energy: -50.914897-0.001120j
[2025-04-17 03:17:16] Iteration: 649/1000, Temp: 0.0000, Energy: -50.804217+0.002514j
[2025-04-17 03:17:50] Iteration: 650/1000, Temp: 0.0000, Energy: -50.777132+0.005288j
[2025-04-17 03:18:24] Iteration: 651/1000, Temp: 0.0000, Energy: -50.931719-0.002470j
[2025-04-17 03:18:58] Iteration: 652/1000, Temp: 0.0000, Energy: -50.859632-0.002485j
[2025-04-17 03:19:31] Iteration: 653/1000, Temp: 0.0000, Energy: -50.978902-0.006316j
[2025-04-17 03:20:05] Iteration: 654/1000, Temp: 0.0000, Energy: -50.918895+0.002139j
[2025-04-17 03:20:39] Iteration: 655/1000, Temp: 0.0000, Energy: -50.943536-0.002865j
[2025-04-17 03:21:13] Iteration: 656/1000, Temp: 0.0000, Energy: -50.984917+0.011890j
[2025-04-17 03:21:47] Iteration: 657/1000, Temp: 0.0000, Energy: -51.071913-0.002412j
[2025-04-17 03:22:21] Iteration: 658/1000, Temp: 0.0000, Energy: -50.771479+0.008547j
[2025-04-17 03:22:55] Iteration: 659/1000, Temp: 0.0000, Energy: -50.850032-0.004407j
[2025-04-17 03:23:29] Iteration: 660/1000, Temp: 0.0000, Energy: -50.842070-0.006258j
[2025-04-17 03:24:03] Iteration: 661/1000, Temp: 0.0000, Energy: -50.718620+0.004694j
[2025-04-17 03:24:37] Iteration: 662/1000, Temp: 0.0000, Energy: -50.736301+0.003188j
[2025-04-17 03:25:10] Iteration: 663/1000, Temp: 0.0000, Energy: -50.804871-0.002407j
[2025-04-17 03:25:44] Iteration: 664/1000, Temp: 0.0000, Energy: -50.722185-0.000292j
[2025-04-17 03:26:18] Iteration: 665/1000, Temp: 0.0000, Energy: -50.893323-0.005849j
[2025-04-17 03:26:52] Iteration: 666/1000, Temp: 0.0000, Energy: -50.940651+0.000234j
[2025-04-17 03:27:25] Iteration: 667/1000, Temp: 0.0000, Energy: -50.908947-0.000378j
[2025-04-17 03:27:59] Iteration: 668/1000, Temp: 0.0000, Energy: -50.830683+0.001812j
[2025-04-17 03:28:33] Iteration: 669/1000, Temp: 0.0000, Energy: -50.818554-0.000574j
[2025-04-17 03:29:07] Iteration: 670/1000, Temp: 0.0000, Energy: -50.926363+0.000797j
[2025-04-17 03:29:40] Iteration: 671/1000, Temp: 0.0000, Energy: -50.939025-0.001827j
[2025-04-17 03:30:14] Iteration: 672/1000, Temp: 0.0000, Energy: -50.798042+0.006026j
[2025-04-17 03:30:48] Iteration: 673/1000, Temp: 0.0000, Energy: -50.833282+0.004685j
[2025-04-17 03:31:22] Iteration: 674/1000, Temp: 0.0000, Energy: -50.805359+0.001887j
[2025-04-17 03:31:56] Iteration: 675/1000, Temp: 0.0000, Energy: -50.822419+0.001188j
[2025-04-17 03:32:29] Iteration: 676/1000, Temp: 0.0000, Energy: -50.860152-0.000605j
[2025-04-17 03:33:03] Iteration: 677/1000, Temp: 0.0000, Energy: -50.825275+0.010515j
[2025-04-17 03:33:37] Iteration: 678/1000, Temp: 0.0000, Energy: -50.906260-0.004532j
[2025-04-17 03:34:11] Iteration: 679/1000, Temp: 0.0000, Energy: -50.927400+0.000205j
[2025-04-17 03:34:45] Iteration: 680/1000, Temp: 0.0000, Energy: -50.887623-0.000140j
[2025-04-17 03:35:19] Iteration: 681/1000, Temp: 0.0000, Energy: -50.992495+0.008985j
[2025-04-17 03:35:53] Iteration: 682/1000, Temp: 0.0000, Energy: -50.996007+0.007767j
[2025-04-17 03:36:27] Iteration: 683/1000, Temp: 0.0000, Energy: -50.861562-0.001402j
[2025-04-17 03:37:01] Iteration: 684/1000, Temp: 0.0000, Energy: -50.966793+0.007982j
[2025-04-17 03:37:34] Iteration: 685/1000, Temp: 0.0000, Energy: -50.825055+0.003600j
[2025-04-17 03:38:08] Iteration: 686/1000, Temp: 0.0000, Energy: -51.000772-0.010335j
[2025-04-17 03:38:42] Iteration: 687/1000, Temp: 0.0000, Energy: -50.905012-0.008092j
[2025-04-17 03:39:16] Iteration: 688/1000, Temp: 0.0000, Energy: -50.916706-0.004512j
[2025-04-17 03:39:50] Iteration: 689/1000, Temp: 0.0000, Energy: -50.917049-0.004248j
[2025-04-17 03:40:24] Iteration: 690/1000, Temp: 0.0000, Energy: -50.798229-0.005543j
[2025-04-17 03:40:58] Iteration: 691/1000, Temp: 0.0000, Energy: -50.868746+0.001296j
[2025-04-17 03:41:32] Iteration: 692/1000, Temp: 0.0000, Energy: -50.859883-0.000873j
[2025-04-17 03:42:06] Iteration: 693/1000, Temp: 0.0000, Energy: -50.915564-0.008742j
[2025-04-17 03:42:40] Iteration: 694/1000, Temp: 0.0000, Energy: -50.783672+0.003407j
[2025-04-17 03:43:14] Iteration: 695/1000, Temp: 0.0000, Energy: -50.877433+0.002642j
[2025-04-17 03:43:48] Iteration: 696/1000, Temp: 0.0000, Energy: -50.896248+0.009996j
[2025-04-17 03:44:22] Iteration: 697/1000, Temp: 0.0000, Energy: -50.931406-0.002574j
[2025-04-17 03:44:56] Iteration: 698/1000, Temp: 0.0000, Energy: -50.984782+0.005641j
[2025-04-17 03:45:30] Iteration: 699/1000, Temp: 0.0000, Energy: -50.871279-0.002739j
[2025-04-17 03:46:04] Iteration: 700/1000, Temp: 0.0000, Energy: -50.826783-0.001499j
[2025-04-17 03:46:38] Iteration: 701/1000, Temp: 0.0000, Energy: -50.796625+0.001311j
[2025-04-17 03:47:11] Iteration: 702/1000, Temp: 0.0000, Energy: -50.860551+0.004341j
[2025-04-17 03:47:45] Iteration: 703/1000, Temp: 0.0000, Energy: -50.997261-0.007172j
[2025-04-17 03:48:19] Iteration: 704/1000, Temp: 0.0000, Energy: -50.867485+0.003760j
[2025-04-17 03:48:53] Iteration: 705/1000, Temp: 0.0000, Energy: -50.937090+0.008817j
[2025-04-17 03:49:27] Iteration: 706/1000, Temp: 0.0000, Energy: -50.922039-0.000334j
[2025-04-17 03:50:01] Iteration: 707/1000, Temp: 0.0000, Energy: -50.891282-0.001123j
[2025-04-17 03:50:35] Iteration: 708/1000, Temp: 0.0000, Energy: -50.792894+0.004805j
[2025-04-17 03:51:09] Iteration: 709/1000, Temp: 0.0000, Energy: -50.875591-0.003527j
[2025-04-17 03:51:43] Iteration: 710/1000, Temp: 0.0000, Energy: -50.850191-0.000520j
[2025-04-17 03:52:17] Iteration: 711/1000, Temp: 0.0000, Energy: -50.650609+0.002891j
[2025-04-17 03:52:51] Iteration: 712/1000, Temp: 0.0000, Energy: -50.850547+0.000571j
[2025-04-17 03:53:25] Iteration: 713/1000, Temp: 0.0000, Energy: -50.839273+0.001675j
[2025-04-17 03:53:59] Iteration: 714/1000, Temp: 0.0000, Energy: -50.837524-0.001356j
[2025-04-17 03:54:33] Iteration: 715/1000, Temp: 0.0000, Energy: -50.784003+0.002014j
[2025-04-17 03:55:07] Iteration: 716/1000, Temp: 0.0000, Energy: -50.828050-0.000175j
[2025-04-17 03:55:41] Iteration: 717/1000, Temp: 0.0000, Energy: -50.953390+0.010324j
[2025-04-17 03:56:15] Iteration: 718/1000, Temp: 0.0000, Energy: -50.962538+0.001170j
[2025-04-17 03:56:48] Iteration: 719/1000, Temp: 0.0000, Energy: -50.969083+0.000249j
[2025-04-17 03:57:22] Iteration: 720/1000, Temp: 0.0000, Energy: -50.825525+0.007052j
[2025-04-17 03:57:56] Iteration: 721/1000, Temp: 0.0000, Energy: -50.838132+0.001520j
[2025-04-17 03:58:30] Iteration: 722/1000, Temp: 0.0000, Energy: -50.787330+0.003825j
[2025-04-17 03:59:04] Iteration: 723/1000, Temp: 0.0000, Energy: -50.699775+0.000443j
[2025-04-17 03:59:38] Iteration: 724/1000, Temp: 0.0000, Energy: -50.802371-0.005791j
[2025-04-17 04:00:12] Iteration: 725/1000, Temp: 0.0000, Energy: -50.878834+0.001691j
[2025-04-17 04:00:46] Iteration: 726/1000, Temp: 0.0000, Energy: -50.857834+0.003623j
[2025-04-17 04:01:20] Iteration: 727/1000, Temp: 0.0000, Energy: -50.770511-0.003883j
[2025-04-17 04:01:54] Iteration: 728/1000, Temp: 0.0000, Energy: -50.770190-0.002203j
[2025-04-17 04:02:28] Iteration: 729/1000, Temp: 0.0000, Energy: -50.829972-0.001217j
[2025-04-17 04:03:02] Iteration: 730/1000, Temp: 0.0000, Energy: -50.881364+0.001297j
[2025-04-17 04:03:36] Iteration: 731/1000, Temp: 0.0000, Energy: -50.906586+0.004840j
[2025-04-17 04:04:10] Iteration: 732/1000, Temp: 0.0000, Energy: -50.766913+0.007035j
[2025-04-17 04:04:44] Iteration: 733/1000, Temp: 0.0000, Energy: -50.784613-0.002339j
[2025-04-17 04:05:18] Iteration: 734/1000, Temp: 0.0000, Energy: -50.781485-0.004906j
[2025-04-17 04:05:52] Iteration: 735/1000, Temp: 0.0000, Energy: -50.859076+0.000227j
[2025-04-17 04:06:26] Iteration: 736/1000, Temp: 0.0000, Energy: -50.857895-0.006929j
[2025-04-17 04:07:00] Iteration: 737/1000, Temp: 0.0000, Energy: -50.774512-0.001291j
[2025-04-17 04:07:34] Iteration: 738/1000, Temp: 0.0000, Energy: -50.883042+0.000046j
[2025-04-17 04:08:08] Iteration: 739/1000, Temp: 0.0000, Energy: -50.776848-0.007660j
[2025-04-17 04:08:42] Iteration: 740/1000, Temp: 0.0000, Energy: -50.833947+0.005654j
[2025-04-17 04:09:16] Iteration: 741/1000, Temp: 0.0000, Energy: -50.728423-0.003349j
[2025-04-17 04:09:50] Iteration: 742/1000, Temp: 0.0000, Energy: -50.737609+0.005014j
[2025-04-17 04:10:24] Iteration: 743/1000, Temp: 0.0000, Energy: -50.805539-0.003361j
[2025-04-17 04:10:57] Iteration: 744/1000, Temp: 0.0000, Energy: -50.735239+0.003351j
[2025-04-17 04:11:31] Iteration: 745/1000, Temp: 0.0000, Energy: -50.769386-0.001597j
[2025-04-17 04:12:05] Iteration: 746/1000, Temp: 0.0000, Energy: -50.785384-0.003409j
[2025-04-17 04:12:39] Iteration: 747/1000, Temp: 0.0000, Energy: -50.790146-0.001635j
[2025-04-17 04:13:12] Iteration: 748/1000, Temp: 0.0000, Energy: -50.791324-0.007979j
[2025-04-17 04:13:46] Iteration: 749/1000, Temp: 0.0000, Energy: -50.865442-0.003954j
[2025-04-17 04:14:20] Iteration: 750/1000, Temp: 0.0000, Energy: -50.921505-0.006478j
[2025-04-17 04:14:54] Iteration: 751/1000, Temp: 0.0000, Energy: -50.733484+0.002837j
[2025-04-17 04:15:27] Iteration: 752/1000, Temp: 0.0000, Energy: -50.857518-0.000255j
[2025-04-17 04:16:01] Iteration: 753/1000, Temp: 0.0000, Energy: -50.906003+0.005905j
[2025-04-17 04:16:35] Iteration: 754/1000, Temp: 0.0000, Energy: -50.833766+0.011929j
[2025-04-17 04:17:09] Iteration: 755/1000, Temp: 0.0000, Energy: -51.048981-0.003111j
[2025-04-17 04:17:42] Iteration: 756/1000, Temp: 0.0000, Energy: -50.921130-0.004328j
[2025-04-17 04:18:16] Iteration: 757/1000, Temp: 0.0000, Energy: -50.955669+0.003172j
[2025-04-17 04:18:50] Iteration: 758/1000, Temp: 0.0000, Energy: -50.896912-0.001745j
[2025-04-17 04:19:24] Iteration: 759/1000, Temp: 0.0000, Energy: -50.856769+0.011987j
[2025-04-17 04:19:58] Iteration: 760/1000, Temp: 0.0000, Energy: -50.802256+0.000803j
[2025-04-17 04:20:31] Iteration: 761/1000, Temp: 0.0000, Energy: -50.987686-0.001126j
[2025-04-17 04:21:05] Iteration: 762/1000, Temp: 0.0000, Energy: -50.823811-0.000163j
[2025-04-17 04:21:39] Iteration: 763/1000, Temp: 0.0000, Energy: -50.836819+0.000118j
[2025-04-17 04:22:13] Iteration: 764/1000, Temp: 0.0000, Energy: -50.756974+0.006097j
[2025-04-17 04:22:47] Iteration: 765/1000, Temp: 0.0000, Energy: -50.952980-0.005858j
[2025-04-17 04:23:21] Iteration: 766/1000, Temp: 0.0000, Energy: -50.752605-0.002547j
[2025-04-17 04:23:55] Iteration: 767/1000, Temp: 0.0000, Energy: -50.840811+0.004809j
[2025-04-17 04:24:29] Iteration: 768/1000, Temp: 0.0000, Energy: -50.806726+0.001803j
[2025-04-17 04:25:03] Iteration: 769/1000, Temp: 0.0000, Energy: -50.824793-0.003646j
[2025-04-17 04:25:36] Iteration: 770/1000, Temp: 0.0000, Energy: -50.795293+0.000091j
[2025-04-17 04:26:10] Iteration: 771/1000, Temp: 0.0000, Energy: -50.756807+0.001805j
[2025-04-17 04:26:44] Iteration: 772/1000, Temp: 0.0000, Energy: -50.684968+0.004266j
[2025-04-17 04:27:18] Iteration: 773/1000, Temp: 0.0000, Energy: -50.721081-0.004574j
[2025-04-17 04:27:52] Iteration: 774/1000, Temp: 0.0000, Energy: -50.772385+0.001084j
[2025-04-17 04:28:25] Iteration: 775/1000, Temp: 0.0000, Energy: -50.826875-0.001949j
[2025-04-17 04:28:59] Iteration: 776/1000, Temp: 0.0000, Energy: -50.831105-0.003527j
[2025-04-17 04:29:33] Iteration: 777/1000, Temp: 0.0000, Energy: -50.930095-0.003011j
[2025-04-17 04:30:07] Iteration: 778/1000, Temp: 0.0000, Energy: -50.846177+0.001922j
[2025-04-17 04:30:41] Iteration: 779/1000, Temp: 0.0000, Energy: -50.808351+0.002261j
[2025-04-17 04:31:15] Iteration: 780/1000, Temp: 0.0000, Energy: -50.928808-0.002510j
[2025-04-17 04:31:49] Iteration: 781/1000, Temp: 0.0000, Energy: -50.790421-0.000075j
[2025-04-17 04:32:23] Iteration: 782/1000, Temp: 0.0000, Energy: -50.780631-0.009827j
[2025-04-17 04:32:57] Iteration: 783/1000, Temp: 0.0000, Energy: -50.684593+0.002761j
[2025-04-17 04:33:31] Iteration: 784/1000, Temp: 0.0000, Energy: -50.832630-0.014270j
[2025-04-17 04:34:05] Iteration: 785/1000, Temp: 0.0000, Energy: -50.946345+0.008660j
[2025-04-17 04:34:39] Iteration: 786/1000, Temp: 0.0000, Energy: -50.938812+0.003317j
[2025-04-17 04:35:12] Iteration: 787/1000, Temp: 0.0000, Energy: -50.816847-0.001184j
[2025-04-17 04:35:46] Iteration: 788/1000, Temp: 0.0000, Energy: -50.791136-0.004094j
[2025-04-17 04:36:20] Iteration: 789/1000, Temp: 0.0000, Energy: -50.876988-0.002586j
[2025-04-17 04:36:54] Iteration: 790/1000, Temp: 0.0000, Energy: -50.789848-0.002324j
[2025-04-17 04:37:28] Iteration: 791/1000, Temp: 0.0000, Energy: -50.727507+0.003402j
[2025-04-17 04:38:02] Iteration: 792/1000, Temp: 0.0000, Energy: -50.823077-0.000452j
[2025-04-17 04:38:36] Iteration: 793/1000, Temp: 0.0000, Energy: -50.830184+0.006337j
[2025-04-17 04:39:10] Iteration: 794/1000, Temp: 0.0000, Energy: -50.908515-0.005486j
[2025-04-17 04:39:44] Iteration: 795/1000, Temp: 0.0000, Energy: -50.726917+0.000494j
[2025-04-17 04:40:18] Iteration: 796/1000, Temp: 0.0000, Energy: -50.820900-0.005864j
[2025-04-17 04:40:52] Iteration: 797/1000, Temp: 0.0000, Energy: -50.948813-0.010028j
[2025-04-17 04:41:26] Iteration: 798/1000, Temp: 0.0000, Energy: -50.900407-0.001794j
[2025-04-17 04:42:00] Iteration: 799/1000, Temp: 0.0000, Energy: -50.819314-0.004277j
[2025-04-17 04:42:34] Iteration: 800/1000, Temp: 0.0000, Energy: -50.823572+0.003831j
[2025-04-17 04:43:08] Iteration: 801/1000, Temp: 0.0000, Energy: -50.871018+0.005909j
[2025-04-17 04:43:42] Iteration: 802/1000, Temp: 0.0000, Energy: -50.850516+0.001938j
[2025-04-17 04:44:16] Iteration: 803/1000, Temp: 0.0000, Energy: -50.844214-0.001239j
[2025-04-17 04:44:50] Iteration: 804/1000, Temp: 0.0000, Energy: -50.810979-0.004523j
[2025-04-17 04:45:24] Iteration: 805/1000, Temp: 0.0000, Energy: -50.880086-0.002875j
[2025-04-17 04:45:57] Iteration: 806/1000, Temp: 0.0000, Energy: -50.805885-0.000338j
[2025-04-17 04:46:31] Iteration: 807/1000, Temp: 0.0000, Energy: -50.886491-0.003300j
[2025-04-17 04:47:05] Iteration: 808/1000, Temp: 0.0000, Energy: -50.919890+0.018088j
[2025-04-17 04:47:39] Iteration: 809/1000, Temp: 0.0000, Energy: -51.022509+0.005235j
[2025-04-17 04:48:13] Iteration: 810/1000, Temp: 0.0000, Energy: -51.004873-0.000025j
[2025-04-17 04:48:47] Iteration: 811/1000, Temp: 0.0000, Energy: -50.955879-0.005784j
[2025-04-17 04:49:21] Iteration: 812/1000, Temp: 0.0000, Energy: -50.871539-0.000755j
[2025-04-17 04:49:54] Iteration: 813/1000, Temp: 0.0000, Energy: -50.908986+0.001903j
[2025-04-17 04:50:28] Iteration: 814/1000, Temp: 0.0000, Energy: -50.933844+0.001052j
[2025-04-17 04:51:02] Iteration: 815/1000, Temp: 0.0000, Energy: -51.014815+0.000349j
[2025-04-17 04:51:35] Iteration: 816/1000, Temp: 0.0000, Energy: -50.959292+0.001933j
[2025-04-17 04:52:09] Iteration: 817/1000, Temp: 0.0000, Energy: -51.037489+0.001554j
[2025-04-17 04:52:43] Iteration: 818/1000, Temp: 0.0000, Energy: -50.957968+0.000745j
[2025-04-17 04:53:17] Iteration: 819/1000, Temp: 0.0000, Energy: -50.834568-0.007892j
[2025-04-17 04:53:51] Iteration: 820/1000, Temp: 0.0000, Energy: -50.967758+0.004391j
[2025-04-17 04:54:25] Iteration: 821/1000, Temp: 0.0000, Energy: -50.877399+0.001833j
[2025-04-17 04:54:59] Iteration: 822/1000, Temp: 0.0000, Energy: -51.079705-0.003250j
[2025-04-17 04:55:33] Iteration: 823/1000, Temp: 0.0000, Energy: -51.050714+0.000784j
[2025-04-17 04:56:07] Iteration: 824/1000, Temp: 0.0000, Energy: -50.948358-0.000704j
[2025-04-17 04:56:41] Iteration: 825/1000, Temp: 0.0000, Energy: -50.898476-0.005959j
[2025-04-17 04:57:15] Iteration: 826/1000, Temp: 0.0000, Energy: -50.969292+0.002868j
[2025-04-17 04:57:49] Iteration: 827/1000, Temp: 0.0000, Energy: -50.901730-0.000200j
[2025-04-17 04:58:23] Iteration: 828/1000, Temp: 0.0000, Energy: -50.882890-0.002158j
[2025-04-17 04:58:57] Iteration: 829/1000, Temp: 0.0000, Energy: -51.044926-0.002489j
[2025-04-17 04:59:31] Iteration: 830/1000, Temp: 0.0000, Energy: -51.020121-0.003312j
[2025-04-17 05:00:05] Iteration: 831/1000, Temp: 0.0000, Energy: -50.990971+0.001450j
[2025-04-17 05:00:39] Iteration: 832/1000, Temp: 0.0000, Energy: -50.950663+0.001397j
[2025-04-17 05:01:13] Iteration: 833/1000, Temp: 0.0000, Energy: -50.903332-0.000466j
[2025-04-17 05:01:46] Iteration: 834/1000, Temp: 0.0000, Energy: -50.772730-0.007928j
[2025-04-17 05:02:20] Iteration: 835/1000, Temp: 0.0000, Energy: -50.713945-0.000886j
[2025-04-17 05:02:54] Iteration: 836/1000, Temp: 0.0000, Energy: -50.843217+0.005579j
[2025-04-17 05:03:28] Iteration: 837/1000, Temp: 0.0000, Energy: -50.862575+0.007529j
[2025-04-17 05:04:02] Iteration: 838/1000, Temp: 0.0000, Energy: -50.689873+0.004031j
[2025-04-17 05:04:36] Iteration: 839/1000, Temp: 0.0000, Energy: -50.860470-0.001470j
[2025-04-17 05:05:10] Iteration: 840/1000, Temp: 0.0000, Energy: -50.875626-0.003667j
[2025-04-17 05:05:44] Iteration: 841/1000, Temp: 0.0000, Energy: -50.830166-0.004762j
[2025-04-17 05:06:18] Iteration: 842/1000, Temp: 0.0000, Energy: -50.874708+0.000152j
[2025-04-17 05:06:52] Iteration: 843/1000, Temp: 0.0000, Energy: -50.755814-0.005541j
[2025-04-17 05:07:26] Iteration: 844/1000, Temp: 0.0000, Energy: -50.802014+0.000466j
[2025-04-17 05:08:00] Iteration: 845/1000, Temp: 0.0000, Energy: -50.895855-0.003627j
[2025-04-17 05:08:34] Iteration: 846/1000, Temp: 0.0000, Energy: -50.938252+0.000060j
[2025-04-17 05:09:08] Iteration: 847/1000, Temp: 0.0000, Energy: -50.910802+0.006292j
[2025-04-17 05:09:41] Iteration: 848/1000, Temp: 0.0000, Energy: -50.973492+0.002148j
[2025-04-17 05:10:15] Iteration: 849/1000, Temp: 0.0000, Energy: -50.836128+0.002235j
[2025-04-17 05:10:49] Iteration: 850/1000, Temp: 0.0000, Energy: -50.831331+0.005750j
[2025-04-17 05:11:23] Iteration: 851/1000, Temp: 0.0000, Energy: -50.748409-0.000811j
[2025-04-17 05:11:57] Iteration: 852/1000, Temp: 0.0000, Energy: -50.840016-0.005105j
[2025-04-17 05:12:31] Iteration: 853/1000, Temp: 0.0000, Energy: -50.838715+0.002939j
[2025-04-17 05:13:05] Iteration: 854/1000, Temp: 0.0000, Energy: -50.899989-0.002568j
[2025-04-17 05:13:38] Iteration: 855/1000, Temp: 0.0000, Energy: -50.906340-0.011564j
[2025-04-17 05:14:12] Iteration: 856/1000, Temp: 0.0000, Energy: -50.958752-0.003325j
[2025-04-17 05:14:46] Iteration: 857/1000, Temp: 0.0000, Energy: -51.006195-0.006218j
[2025-04-17 05:15:20] Iteration: 858/1000, Temp: 0.0000, Energy: -50.963307-0.004484j
[2025-04-17 05:15:54] Iteration: 859/1000, Temp: 0.0000, Energy: -50.901295+0.003357j
[2025-04-17 05:16:28] Iteration: 860/1000, Temp: 0.0000, Energy: -50.880741+0.001049j
[2025-04-17 05:17:02] Iteration: 861/1000, Temp: 0.0000, Energy: -50.807298+0.003264j
[2025-04-17 05:17:36] Iteration: 862/1000, Temp: 0.0000, Energy: -50.817163-0.002521j
[2025-04-17 05:18:10] Iteration: 863/1000, Temp: 0.0000, Energy: -50.852644+0.002663j
[2025-04-17 05:18:43] Iteration: 864/1000, Temp: 0.0000, Energy: -50.921975+0.002240j
[2025-04-17 05:19:17] Iteration: 865/1000, Temp: 0.0000, Energy: -50.991492+0.000527j
[2025-04-17 05:19:51] Iteration: 866/1000, Temp: 0.0000, Energy: -50.940215-0.005157j
[2025-04-17 05:20:25] Iteration: 867/1000, Temp: 0.0000, Energy: -50.963702-0.001585j
[2025-04-17 05:20:59] Iteration: 868/1000, Temp: 0.0000, Energy: -50.877920-0.005882j
[2025-04-17 05:21:33] Iteration: 869/1000, Temp: 0.0000, Energy: -50.899083-0.001857j
[2025-04-17 05:22:07] Iteration: 870/1000, Temp: 0.0000, Energy: -50.915878+0.001285j
[2025-04-17 05:22:41] Iteration: 871/1000, Temp: 0.0000, Energy: -50.767639-0.002426j
[2025-04-17 05:23:15] Iteration: 872/1000, Temp: 0.0000, Energy: -50.722429-0.002574j
[2025-04-17 05:23:49] Iteration: 873/1000, Temp: 0.0000, Energy: -50.816258-0.009156j
[2025-04-17 05:24:23] Iteration: 874/1000, Temp: 0.0000, Energy: -50.830525+0.002710j
[2025-04-17 05:24:56] Iteration: 875/1000, Temp: 0.0000, Energy: -50.834384+0.002787j
[2025-04-17 05:25:30] Iteration: 876/1000, Temp: 0.0000, Energy: -50.930380+0.001087j
[2025-04-17 05:26:04] Iteration: 877/1000, Temp: 0.0000, Energy: -50.793876-0.004635j
[2025-04-17 05:26:38] Iteration: 878/1000, Temp: 0.0000, Energy: -50.933946+0.003984j
[2025-04-17 05:27:12] Iteration: 879/1000, Temp: 0.0000, Energy: -50.917379-0.004251j
[2025-04-17 05:27:45] Iteration: 880/1000, Temp: 0.0000, Energy: -50.854294+0.005913j
[2025-04-17 05:28:19] Iteration: 881/1000, Temp: 0.0000, Energy: -50.837159+0.003507j
[2025-04-17 05:28:53] Iteration: 882/1000, Temp: 0.0000, Energy: -50.999725-0.004202j
[2025-04-17 05:29:27] Iteration: 883/1000, Temp: 0.0000, Energy: -51.038831+0.001838j
[2025-04-17 05:30:01] Iteration: 884/1000, Temp: 0.0000, Energy: -50.941052-0.006389j
[2025-04-17 05:30:35] Iteration: 885/1000, Temp: 0.0000, Energy: -50.916744+0.000264j
[2025-04-17 05:31:09] Iteration: 886/1000, Temp: 0.0000, Energy: -50.905873+0.001183j
[2025-04-17 05:31:43] Iteration: 887/1000, Temp: 0.0000, Energy: -50.970458-0.000445j
[2025-04-17 05:32:17] Iteration: 888/1000, Temp: 0.0000, Energy: -50.792195+0.005865j
[2025-04-17 05:32:51] Iteration: 889/1000, Temp: 0.0000, Energy: -50.931126-0.000631j
[2025-04-17 05:33:24] Iteration: 890/1000, Temp: 0.0000, Energy: -50.861993-0.006357j
[2025-04-17 05:33:58] Iteration: 891/1000, Temp: 0.0000, Energy: -50.896834-0.002256j
[2025-04-17 05:34:32] Iteration: 892/1000, Temp: 0.0000, Energy: -50.928086-0.007101j
[2025-04-17 05:35:06] Iteration: 893/1000, Temp: 0.0000, Energy: -50.819289+0.002850j
[2025-04-17 05:35:40] Iteration: 894/1000, Temp: 0.0000, Energy: -50.750633-0.000824j
[2025-04-17 05:36:13] Iteration: 895/1000, Temp: 0.0000, Energy: -50.807915+0.002878j
[2025-04-17 05:36:47] Iteration: 896/1000, Temp: 0.0000, Energy: -50.922268+0.005277j
[2025-04-17 05:37:21] Iteration: 897/1000, Temp: 0.0000, Energy: -50.973540+0.003876j
[2025-04-17 05:37:55] Iteration: 898/1000, Temp: 0.0000, Energy: -50.843755-0.000357j
[2025-04-17 05:38:29] Iteration: 899/1000, Temp: 0.0000, Energy: -50.870245-0.000957j
[2025-04-17 05:39:03] Iteration: 900/1000, Temp: 0.0000, Energy: -50.726424+0.001463j
[2025-04-17 05:39:37] Iteration: 901/1000, Temp: 0.0000, Energy: -50.840027-0.005133j
[2025-04-17 05:40:11] Iteration: 902/1000, Temp: 0.0000, Energy: -50.809223-0.000144j
[2025-04-17 05:40:45] Iteration: 903/1000, Temp: 0.0000, Energy: -50.735206-0.001390j
[2025-04-17 05:41:19] Iteration: 904/1000, Temp: 0.0000, Energy: -50.831606-0.002075j
[2025-04-17 05:41:52] Iteration: 905/1000, Temp: 0.0000, Energy: -50.847175+0.000809j
[2025-04-17 05:42:26] Iteration: 906/1000, Temp: 0.0000, Energy: -50.884030+0.006609j
[2025-04-17 05:43:00] Iteration: 907/1000, Temp: 0.0000, Energy: -50.851064+0.002205j
[2025-04-17 05:43:34] Iteration: 908/1000, Temp: 0.0000, Energy: -50.741037+0.004127j
[2025-04-17 05:44:08] Iteration: 909/1000, Temp: 0.0000, Energy: -50.714126+0.002307j
[2025-04-17 05:44:42] Iteration: 910/1000, Temp: 0.0000, Energy: -50.765186-0.001091j
[2025-04-17 05:45:15] Iteration: 911/1000, Temp: 0.0000, Energy: -50.883584-0.000200j
[2025-04-17 05:45:49] Iteration: 912/1000, Temp: 0.0000, Energy: -50.885352+0.007335j
[2025-04-17 05:46:23] Iteration: 913/1000, Temp: 0.0000, Energy: -50.873398+0.001545j
[2025-04-17 05:46:57] Iteration: 914/1000, Temp: 0.0000, Energy: -50.878395-0.002061j
[2025-04-17 05:47:31] Iteration: 915/1000, Temp: 0.0000, Energy: -50.848497+0.003930j
[2025-04-17 05:48:05] Iteration: 916/1000, Temp: 0.0000, Energy: -50.887423+0.002947j
[2025-04-17 05:48:39] Iteration: 917/1000, Temp: 0.0000, Energy: -51.014101-0.003832j
[2025-04-17 05:49:13] Iteration: 918/1000, Temp: 0.0000, Energy: -50.826418-0.001202j
[2025-04-17 05:49:47] Iteration: 919/1000, Temp: 0.0000, Energy: -50.838938+0.002825j
[2025-04-17 05:50:20] Iteration: 920/1000, Temp: 0.0000, Energy: -50.670037+0.000329j
[2025-04-17 05:50:54] Iteration: 921/1000, Temp: 0.0000, Energy: -50.759742+0.003614j
[2025-04-17 05:51:28] Iteration: 922/1000, Temp: 0.0000, Energy: -50.814574-0.003833j
[2025-04-17 05:52:02] Iteration: 923/1000, Temp: 0.0000, Energy: -50.775042-0.002401j
[2025-04-17 05:52:36] Iteration: 924/1000, Temp: 0.0000, Energy: -50.778782-0.008226j
[2025-04-17 05:53:10] Iteration: 925/1000, Temp: 0.0000, Energy: -50.790597+0.005261j
[2025-04-17 05:53:43] Iteration: 926/1000, Temp: 0.0000, Energy: -50.827625-0.001007j
[2025-04-17 05:54:17] Iteration: 927/1000, Temp: 0.0000, Energy: -50.857196-0.001856j
[2025-04-17 05:54:51] Iteration: 928/1000, Temp: 0.0000, Energy: -50.866130+0.000099j
[2025-04-17 05:55:25] Iteration: 929/1000, Temp: 0.0000, Energy: -50.851486+0.004336j
[2025-04-17 05:55:59] Iteration: 930/1000, Temp: 0.0000, Energy: -50.906448-0.000388j
[2025-04-17 05:56:33] Iteration: 931/1000, Temp: 0.0000, Energy: -50.829824-0.003261j
[2025-04-17 05:57:07] Iteration: 932/1000, Temp: 0.0000, Energy: -50.858732-0.005141j
[2025-04-17 05:57:41] Iteration: 933/1000, Temp: 0.0000, Energy: -50.845968-0.003593j
[2025-04-17 05:58:14] Iteration: 934/1000, Temp: 0.0000, Energy: -50.838754+0.004645j
[2025-04-17 05:58:48] Iteration: 935/1000, Temp: 0.0000, Energy: -50.834681+0.001710j
[2025-04-17 05:59:22] Iteration: 936/1000, Temp: 0.0000, Energy: -50.831913-0.001206j
[2025-04-17 05:59:56] Iteration: 937/1000, Temp: 0.0000, Energy: -50.752526+0.000634j
[2025-04-17 06:00:30] Iteration: 938/1000, Temp: 0.0000, Energy: -50.773937-0.000362j
[2025-04-17 06:01:04] Iteration: 939/1000, Temp: 0.0000, Energy: -50.848269+0.005724j
[2025-04-17 06:01:38] Iteration: 940/1000, Temp: 0.0000, Energy: -50.906645+0.010503j
[2025-04-17 06:02:12] Iteration: 941/1000, Temp: 0.0000, Energy: -50.825962+0.009446j
[2025-04-17 06:02:46] Iteration: 942/1000, Temp: 0.0000, Energy: -50.840561+0.002922j
[2025-04-17 06:03:20] Iteration: 943/1000, Temp: 0.0000, Energy: -50.820620+0.001785j
[2025-04-17 06:03:54] Iteration: 944/1000, Temp: 0.0000, Energy: -50.986175-0.006734j
[2025-04-17 06:04:28] Iteration: 945/1000, Temp: 0.0000, Energy: -50.931446+0.008759j
[2025-04-17 06:05:02] Iteration: 946/1000, Temp: 0.0000, Energy: -50.964522+0.002966j
[2025-04-17 06:05:36] Iteration: 947/1000, Temp: 0.0000, Energy: -50.780784+0.008091j
[2025-04-17 06:06:10] Iteration: 948/1000, Temp: 0.0000, Energy: -50.813914-0.005745j
[2025-04-17 06:06:44] Iteration: 949/1000, Temp: 0.0000, Energy: -50.809269-0.001416j
[2025-04-17 06:07:18] Iteration: 950/1000, Temp: 0.0000, Energy: -50.792868+0.003915j
[2025-04-17 06:07:52] Iteration: 951/1000, Temp: 0.0000, Energy: -50.798560-0.006997j
[2025-04-17 06:08:26] Iteration: 952/1000, Temp: 0.0000, Energy: -50.788402-0.004800j
[2025-04-17 06:09:00] Iteration: 953/1000, Temp: 0.0000, Energy: -50.834358-0.003540j
[2025-04-17 06:09:34] Iteration: 954/1000, Temp: 0.0000, Energy: -51.026706+0.001584j
[2025-04-17 06:10:08] Iteration: 955/1000, Temp: 0.0000, Energy: -50.987334-0.004744j
[2025-04-17 06:10:42] Iteration: 956/1000, Temp: 0.0000, Energy: -50.857385+0.002815j
[2025-04-17 06:11:16] Iteration: 957/1000, Temp: 0.0000, Energy: -50.795608-0.005764j
[2025-04-17 06:11:49] Iteration: 958/1000, Temp: 0.0000, Energy: -50.923706+0.001416j
[2025-04-17 06:12:23] Iteration: 959/1000, Temp: 0.0000, Energy: -50.764862+0.006567j
[2025-04-17 06:12:58] Iteration: 960/1000, Temp: 0.0000, Energy: -50.661465+0.002092j
[2025-04-17 06:13:31] Iteration: 961/1000, Temp: 0.0000, Energy: -50.717682-0.003471j
[2025-04-17 06:14:05] Iteration: 962/1000, Temp: 0.0000, Energy: -50.615099+0.004165j
[2025-04-17 06:14:39] Iteration: 963/1000, Temp: 0.0000, Energy: -50.706403+0.005684j
[2025-04-17 06:15:13] Iteration: 964/1000, Temp: 0.0000, Energy: -50.778618+0.002385j
[2025-04-17 06:15:47] Iteration: 965/1000, Temp: 0.0000, Energy: -50.864684+0.000803j
[2025-04-17 06:16:21] Iteration: 966/1000, Temp: 0.0000, Energy: -50.882775-0.003115j
[2025-04-17 06:16:55] Iteration: 967/1000, Temp: 0.0000, Energy: -50.845615+0.000013j
[2025-04-17 06:17:29] Iteration: 968/1000, Temp: 0.0000, Energy: -50.925709+0.003385j
[2025-04-17 06:18:03] Iteration: 969/1000, Temp: 0.0000, Energy: -50.899514-0.002875j
[2025-04-17 06:18:37] Iteration: 970/1000, Temp: 0.0000, Energy: -51.007013+0.001760j
[2025-04-17 06:19:11] Iteration: 971/1000, Temp: 0.0000, Energy: -51.048448-0.004361j
[2025-04-17 06:19:44] Iteration: 972/1000, Temp: 0.0000, Energy: -51.009186-0.001384j
[2025-04-17 06:20:18] Iteration: 973/1000, Temp: 0.0000, Energy: -51.039382-0.004652j
[2025-04-17 06:20:52] Iteration: 974/1000, Temp: 0.0000, Energy: -50.865345+0.002004j
[2025-04-17 06:21:26] Iteration: 975/1000, Temp: 0.0000, Energy: -50.802274+0.011702j
[2025-04-17 06:22:00] Iteration: 976/1000, Temp: 0.0000, Energy: -50.802190+0.006161j
[2025-04-17 06:22:34] Iteration: 977/1000, Temp: 0.0000, Energy: -50.887662+0.004159j
[2025-04-17 06:23:08] Iteration: 978/1000, Temp: 0.0000, Energy: -50.843228-0.001202j
[2025-04-17 06:23:42] Iteration: 979/1000, Temp: 0.0000, Energy: -50.796723+0.003012j
[2025-04-17 06:24:16] Iteration: 980/1000, Temp: 0.0000, Energy: -50.845178+0.006835j
[2025-04-17 06:24:50] Iteration: 981/1000, Temp: 0.0000, Energy: -50.830091-0.003549j
[2025-04-17 06:25:24] Iteration: 982/1000, Temp: 0.0000, Energy: -50.779010+0.001541j
[2025-04-17 06:25:57] Iteration: 983/1000, Temp: 0.0000, Energy: -50.730594+0.012861j
[2025-04-17 06:26:31] Iteration: 984/1000, Temp: 0.0000, Energy: -50.817063-0.004201j
[2025-04-17 06:27:05] Iteration: 985/1000, Temp: 0.0000, Energy: -50.818521-0.002887j
[2025-04-17 06:27:39] Iteration: 986/1000, Temp: 0.0000, Energy: -50.829646-0.005530j
[2025-04-17 06:28:12] Iteration: 987/1000, Temp: 0.0000, Energy: -50.867255-0.002312j
[2025-04-17 06:28:46] Iteration: 988/1000, Temp: 0.0000, Energy: -51.038989-0.002231j
[2025-04-17 06:29:20] Iteration: 989/1000, Temp: 0.0000, Energy: -50.918847-0.001036j
[2025-04-17 06:29:54] Iteration: 990/1000, Temp: 0.0000, Energy: -50.909373-0.003710j
[2025-04-17 06:30:27] Iteration: 991/1000, Temp: 0.0000, Energy: -50.759506-0.003306j
[2025-04-17 06:31:01] Iteration: 992/1000, Temp: 0.0000, Energy: -50.728232+0.003125j
[2025-04-17 06:31:35] Iteration: 993/1000, Temp: 0.0000, Energy: -50.848047-0.003106j
[2025-04-17 06:32:09] Iteration: 994/1000, Temp: 0.0000, Energy: -50.787489-0.000171j
[2025-04-17 06:32:42] Iteration: 995/1000, Temp: 0.0000, Energy: -51.037570+0.002658j
[2025-04-17 06:33:16] Iteration: 996/1000, Temp: 0.0000, Energy: -50.969013+0.003986j
[2025-04-17 06:33:50] Iteration: 997/1000, Temp: 0.0000, Energy: -50.820486+0.002511j
[2025-04-17 06:34:24] Iteration: 998/1000, Temp: 0.0000, Energy: -50.834507-0.004638j
[2025-04-17 06:34:58] Iteration: 999/1000, Temp: 0.0000, Energy: -50.894066+0.002403j
[2025-04-17 06:34:58] ==================================================
[2025-04-17 06:34:58] Training finished, total runtime = 33882.43 seconds
[2025-04-17 06:35:02] Trained quantum state parameters saved to: results/L=4/J2=0.05/J1=0.02/GCNN_L=4_J2=0.05_J1=0.02.pkl
[2025-04-17 06:35:02] ==================================================
