[2025-05-09 06:20:51] ================================================================================
[2025-05-09 06:20:51] 开始分析量子态: L=5, J2=0.05, J1=0.07
[2025-05-09 06:20:51] --------------------------------------------------------------------------------
[2025-05-09 06:20:51] 加载量子态: L=5, J2=0.05, J1=0.07
[2025-05-09 06:21:03] 增加采样数量到 2^20...
[2025-05-09 06:21:03] ================================================================================
[2025-05-09 06:21:03] 开始计算自旋结构因子...
[2025-05-09 06:21:03] 预计算自旋操作符...
[2025-05-09 06:21:03] 计算位移向量...
[2025-05-09 06:21:03] 使用自旋0作为参考点, 计算自旋相关函数...
[2025-05-09 06:33:19] 计算相关函数进度: 1/100
[2025-05-09 06:36:48] 计算相关函数进度: 11/100
[2025-05-09 06:40:21] 计算相关函数进度: 21/100
[2025-05-09 06:43:55] 计算相关函数进度: 31/100
[2025-05-09 06:47:28] 计算相关函数进度: 41/100
[2025-05-09 06:51:02] 计算相关函数进度: 51/100
[2025-05-09 06:54:35] 计算相关函数进度: 61/100
[2025-05-09 06:58:09] 计算相关函数进度: 71/100
[2025-05-09 07:01:42] 计算相关函数进度: 81/100
[2025-05-09 07:05:15] 计算相关函数进度: 91/100
[2025-05-09 07:08:26] 计算相关函数进度: 100/100
[2025-05-09 07:08:26] 计算傅里叶变换...
[2025-05-09 07:08:26] 自旋结构因子计算完成
[2025-05-09 07:08:27] ================================================================================
[2025-05-09 07:08:27] 开始计算二聚体结构因子...
[2025-05-09 07:08:27] 识别x和y方向的二聚体...
[2025-05-09 07:08:27] 预计算二聚体操作符...
[2025-05-09 07:08:27] 计算位移向量...
[2025-05-09 07:08:27] 使用二聚体 (0, 1) 作为参考点，计算二聚体相关函数...
[2025-05-09 07:08:44] 计算x方向相关函数进度: 1/100
[2025-05-09 07:14:40] 计算x方向相关函数进度: 11/100
[2025-05-09 07:20:40] 计算x方向相关函数进度: 21/100
[2025-05-09 07:26:39] 计算x方向相关函数进度: 31/100
[2025-05-09 07:32:39] 计算x方向相关函数进度: 41/100
[2025-05-09 07:38:39] 计算x方向相关函数进度: 51/100
[2025-05-09 07:44:39] 计算x方向相关函数进度: 61/100
[2025-05-09 07:50:39] 计算x方向相关函数进度: 71/100
[2025-05-09 07:56:39] 计算x方向相关函数进度: 81/100
[2025-05-09 08:02:39] 计算x方向相关函数进度: 91/100
[2025-05-09 08:08:01] 计算x方向相关函数进度: 100/100
[2025-05-09 08:08:01] 使用二聚体 (0, 3) 作为参考点，计算二聚体相关函数...
[2025-05-09 08:08:24] 计算y方向相关函数进度: 1/100
[2025-05-09 08:14:13] 计算y方向相关函数进度: 11/100
[2025-05-09 08:20:14] 计算y方向相关函数进度: 21/100
[2025-05-09 08:26:15] 计算y方向相关函数进度: 31/100
[2025-05-09 08:32:17] 计算y方向相关函数进度: 41/100
[2025-05-09 08:38:18] 计算y方向相关函数进度: 51/100
[2025-05-09 08:44:20] 计算y方向相关函数进度: 61/100
[2025-05-09 08:50:21] 计算y方向相关函数进度: 71/100
[2025-05-09 08:56:22] 计算y方向相关函数进度: 81/100
[2025-05-09 09:02:24] 计算y方向相关函数进度: 91/100
[2025-05-09 09:07:03] 计算y方向相关函数进度: 100/100
[2025-05-09 09:07:03] 计算傅里叶变换...
[2025-05-09 09:07:03] 二聚体结构因子计算完成
[2025-05-09 09:07:04] ================================================================================
[2025-05-09 09:07:04] 开始计算简盘结构因子...
[2025-05-09 09:07:04] 识别所有简盘...
[2025-05-09 09:07:04] 预计算简盘操作符...
[2025-05-09 09:07:07] 计算位移向量...
[2025-05-09 09:07:07] 使用简盘 0 作为参考点，计算简盘相关函数...
[2025-05-09 09:09:14] 计算相关函数进度: 1/25
