[2025-05-08 08:27:28] ================================================================================
[2025-05-08 08:27:28] 开始分析量子态: L=4, J2=0.05, J1=0.09
[2025-05-08 08:27:28] --------------------------------------------------------------------------------
[2025-05-08 08:27:28] 加载量子态: L=4, J2=0.05, J1=0.09
[2025-05-08 08:27:38] 增加采样数量到 2^20...
[2025-05-08 08:27:38] ================================================================================
[2025-05-08 08:27:38] 开始计算自旋结构因子...
[2025-05-08 08:27:38] 预计算自旋操作符...
[2025-05-08 08:27:38] 计算位移向量...
[2025-05-08 08:27:39] 使用自旋0作为参考点, 计算自旋相关函数...
[2025-05-08 08:31:22] 计算相关函数进度: 1/64
[2025-05-08 08:33:08] 计算相关函数进度: 11/64
[2025-05-08 08:34:49] 计算相关函数进度: 21/64
[2025-05-08 08:36:30] 计算相关函数进度: 31/64
[2025-05-08 08:38:11] 计算相关函数进度: 41/64
[2025-05-08 08:39:52] 计算相关函数进度: 51/64
[2025-05-08 08:41:33] 计算相关函数进度: 61/64
[2025-05-08 08:42:00] 计算相关函数进度: 64/64
[2025-05-08 08:42:00] 计算傅里叶变换...
[2025-05-08 08:42:01] 自旋结构因子计算完成
[2025-05-08 08:42:02] ================================================================================
[2025-05-08 08:42:02] 开始计算二聚体结构因子...
[2025-05-08 08:42:02] 识别x和y方向的二聚体...
[2025-05-08 08:42:02] 预计算二聚体操作符...
[2025-05-08 08:42:02] 计算位移向量...
[2025-05-08 08:42:02] 使用二聚体 (0, 1) 作为参考点，计算二聚体相关函数...
[2025-05-08 08:42:10] 计算x方向相关函数进度: 1/64
[2025-05-08 08:45:03] 计算x方向相关函数进度: 11/64
[2025-05-08 08:47:52] 计算x方向相关函数进度: 21/64
[2025-05-08 08:50:41] 计算x方向相关函数进度: 31/64
[2025-05-08 08:53:30] 计算x方向相关函数进度: 41/64
[2025-05-08 08:56:19] 计算x方向相关函数进度: 51/64
[2025-05-08 08:59:08] 计算x方向相关函数进度: 61/64
[2025-05-08 08:59:58] 计算x方向相关函数进度: 64/64
[2025-05-08 08:59:58] 使用二聚体 (0, 3) 作为参考点，计算二聚体相关函数...
[2025-05-08 09:00:09] 计算y方向相关函数进度: 1/64
[2025-05-08 09:02:50] 计算y方向相关函数进度: 11/64
[2025-05-08 09:05:39] 计算y方向相关函数进度: 21/64
[2025-05-08 09:08:28] 计算y方向相关函数进度: 31/64
[2025-05-08 09:11:16] 计算y方向相关函数进度: 41/64
[2025-05-08 09:14:05] 计算y方向相关函数进度: 51/64
[2025-05-08 09:16:54] 计算y方向相关函数进度: 61/64
[2025-05-08 09:17:27] 计算y方向相关函数进度: 64/64
[2025-05-08 09:17:27] 计算傅里叶变换...
[2025-05-08 09:17:28] 二聚体结构因子计算完成
[2025-05-08 09:17:29] ================================================================================
[2025-05-08 09:17:29] 开始计算简盘结构因子...
[2025-05-08 09:17:29] 识别所有简盘...
[2025-05-08 09:17:29] 预计算简盘操作符...
[2025-05-08 09:17:32] 计算位移向量...
[2025-05-08 09:17:32] 使用简盘 0 作为参考点，计算简盘相关函数...
[2025-05-08 09:18:35] 计算相关函数进度: 1/16
[2025-05-08 13:34:25] 计算相关函数进度: 11/16
[2025-05-08 15:39:52] 计算相关函数进度: 16/16
[2025-05-08 15:39:56] 计算傅里叶变换...
[2025-05-08 15:39:57] 简盘结构因子计算完成
[2025-05-08 15:39:57] ================================================================================
[2025-05-08 15:39:57] 结构因子计算完成!
[2025-05-08 15:39:57] ================================================================================
