[2025-04-21 20:50:37] ==================================================
[2025-04-21 20:50:37] GCNN for Shastry-Sutherland lattice
[2025-04-21 20:50:37] ==================================================
[2025-04-21 20:50:37] System parameters:
[2025-04-21 20:50:37]   - System size: L=5, N=100
[2025-04-21 20:50:37]   - System parameters: J1=0.0, J2=0.05, Q=0.95
[2025-04-21 20:50:44] --------------------------------------------------
[2025-04-21 20:50:44] Model parameters:
[2025-04-21 20:50:44]   - Number of layers = 4
[2025-04-21 20:50:44]   - Number of features = 4
[2025-04-21 20:50:44]   - Symmetries used: 200
[2025-04-21 20:50:44]   - Total parameters = 19628
[2025-04-21 20:50:44] --------------------------------------------------
[2025-04-21 20:50:44] Training parameters:
[2025-04-21 20:50:44]   - Learning rate: 0.02
[2025-04-21 20:50:44]   - Total annealing steps: 1000
[2025-04-21 20:50:44]   - Samples: 4096
[2025-04-21 20:50:44]   - Discarded samples: 0
[2025-04-21 20:50:44]   - Chunk size: 1024
[2025-04-21 20:50:44] --------------------------------------------------
[2025-04-21 20:50:44] Device status:
[2025-04-21 20:50:44]   - Number of devices: 4
[2025-04-21 20:50:44]   - Sharding: False
[2025-04-21 20:50:51] --------------------------------------------------
[2025-04-21 20:50:51] Start training...
[2025-04-21 20:51:27] Iteration: 0/1000, Temp: 0.5000, Energy: 0.624536+0.000621j
[2025-04-21 20:51:42] Iteration: 1/1000, Temp: 0.4901, Energy: 0.625123-0.000076j
[2025-04-21 20:52:00] Iteration: 2/1000, Temp: 0.4804, Energy: 0.624696-0.000136j
[2025-04-21 20:52:17] Iteration: 3/1000, Temp: 0.4709, Energy: 0.624762+0.000001j
[2025-04-21 20:52:34] Iteration: 4/1000, Temp: 0.4616, Energy: 0.625261-0.000168j
[2025-04-21 20:52:52] Iteration: 5/1000, Temp: 0.4524, Energy: 0.625418-0.000042j
[2025-04-21 20:53:09] Iteration: 6/1000, Temp: 0.4435, Energy: 0.624489-0.000267j
[2025-04-21 20:53:26] Iteration: 7/1000, Temp: 0.4347, Energy: 0.624981-0.000116j
[2025-04-21 20:53:44] Iteration: 8/1000, Temp: 0.4261, Energy: 0.624587+0.000041j
[2025-04-21 20:54:01] Iteration: 9/1000, Temp: 0.4176, Energy: 0.624759-0.000173j
[2025-04-21 20:54:18] Iteration: 10/1000, Temp: 0.4094, Energy: 0.624385+0.000092j
[2025-04-21 20:54:36] Iteration: 11/1000, Temp: 0.4013, Energy: 0.625028-0.000162j
[2025-04-21 20:54:53] Iteration: 12/1000, Temp: 0.3933, Energy: 0.624664-0.000036j
[2025-04-21 20:55:10] Iteration: 13/1000, Temp: 0.3855, Energy: 0.624558+0.000562j
[2025-04-21 20:55:28] Iteration: 14/1000, Temp: 0.3779, Energy: 0.624776-0.000434j
[2025-04-21 20:55:45] Iteration: 15/1000, Temp: 0.3704, Energy: 0.624589-0.000150j
[2025-04-21 20:56:02] Iteration: 16/1000, Temp: 0.3631, Energy: 0.623640+0.000991j
[2025-04-21 20:56:20] Iteration: 17/1000, Temp: 0.3559, Energy: 0.624149+0.000042j
[2025-04-21 20:56:37] Iteration: 18/1000, Temp: 0.3488, Energy: 0.624551+0.000298j
[2025-04-21 20:56:54] Iteration: 19/1000, Temp: 0.3419, Energy: 0.625160-0.000849j
[2025-04-21 20:57:12] Iteration: 20/1000, Temp: 0.3352, Energy: 0.624727+0.000207j
[2025-04-21 20:57:29] Iteration: 21/1000, Temp: 0.3285, Energy: 0.624138+0.000422j
[2025-04-21 20:57:47] Iteration: 22/1000, Temp: 0.3220, Energy: 0.624247+0.000512j
[2025-04-21 20:58:04] Iteration: 23/1000, Temp: 0.3156, Energy: 0.624593-0.000044j
[2025-04-21 20:58:22] Iteration: 24/1000, Temp: 0.3094, Energy: 0.625330-0.000269j
[2025-04-21 20:58:39] Iteration: 25/1000, Temp: 0.3033, Energy: 0.623602+0.000475j
[2025-04-21 20:58:56] Iteration: 26/1000, Temp: 0.2973, Energy: 0.624303+0.000199j
[2025-04-21 20:59:14] Iteration: 27/1000, Temp: 0.2914, Energy: 0.623814+0.000468j
[2025-04-21 20:59:31] Iteration: 28/1000, Temp: 0.2856, Energy: 0.624730-0.000198j
[2025-04-21 20:59:48] Iteration: 29/1000, Temp: 0.2799, Energy: 0.623369+0.000868j
[2025-04-21 21:00:06] Iteration: 30/1000, Temp: 0.2744, Energy: 0.624139-0.000546j
[2025-04-21 21:00:23] Iteration: 31/1000, Temp: 0.2690, Energy: 0.623518+0.000059j
[2025-04-21 21:00:40] Iteration: 32/1000, Temp: 0.2636, Energy: 0.623659+0.000575j
[2025-04-21 21:00:58] Iteration: 33/1000, Temp: 0.2584, Energy: 0.623616+0.000580j
[2025-04-21 21:01:15] Iteration: 34/1000, Temp: 0.2533, Energy: 0.624356-0.000757j
[2025-04-21 21:01:32] Iteration: 35/1000, Temp: 0.2483, Energy: 0.624580-0.000837j
[2025-04-21 21:01:50] Iteration: 36/1000, Temp: 0.2434, Energy: 0.623476+0.000067j
[2025-04-21 21:02:07] Iteration: 37/1000, Temp: 0.2386, Energy: 0.623160+0.000712j
[2025-04-21 21:02:25] Iteration: 38/1000, Temp: 0.2338, Energy: 0.622856+0.000031j
[2025-04-21 21:02:42] Iteration: 39/1000, Temp: 0.2292, Energy: 0.624201-0.000355j
[2025-04-21 21:02:59] Iteration: 40/1000, Temp: 0.2247, Energy: 0.624178-0.001544j
[2025-04-21 21:03:17] Iteration: 41/1000, Temp: 0.2202, Energy: 0.622068+0.000999j
[2025-04-21 21:03:34] Iteration: 42/1000, Temp: 0.2159, Energy: 0.624604-0.001923j
[2025-04-21 21:03:51] Iteration: 43/1000, Temp: 0.2116, Energy: 0.622102+0.000606j
[2025-04-21 21:04:09] Iteration: 44/1000, Temp: 0.2074, Energy: 0.622740+0.000156j
[2025-04-21 21:04:26] Iteration: 45/1000, Temp: 0.2033, Energy: 0.621014+0.001380j
[2025-04-21 21:04:44] Iteration: 46/1000, Temp: 0.1993, Energy: 0.621580+0.000963j
[2025-04-21 21:05:01] Iteration: 47/1000, Temp: 0.1953, Energy: 0.622297-0.000946j
[2025-04-21 21:05:18] Iteration: 48/1000, Temp: 0.1914, Energy: 0.623491-0.002175j
[2025-04-21 21:05:36] Iteration: 49/1000, Temp: 0.1877, Energy: 0.622025-0.000933j
[2025-04-21 21:05:53] Iteration: 50/1000, Temp: 0.1839, Energy: 0.620107-0.000120j
[2025-04-21 21:06:10] Iteration: 51/1000, Temp: 0.1803, Energy: 0.619748+0.000672j
[2025-04-21 21:06:28] Iteration: 52/1000, Temp: 0.1767, Energy: 0.620942-0.002340j
[2025-04-21 21:06:45] Iteration: 53/1000, Temp: 0.1732, Energy: 0.624072-0.006741j
[2025-04-21 21:07:03] Iteration: 54/1000, Temp: 0.1698, Energy: 0.617529+0.001503j
[2025-04-21 21:07:20] Iteration: 55/1000, Temp: 0.1664, Energy: 0.614534+0.003116j
[2025-04-21 21:07:37] Iteration: 56/1000, Temp: 0.1631, Energy: 0.617546-0.000741j
[2025-04-21 21:07:55] Iteration: 57/1000, Temp: 0.1599, Energy: 0.615517-0.000574j
[2025-04-21 21:08:12] Iteration: 58/1000, Temp: 0.1567, Energy: 0.613145+0.000408j
[2025-04-21 21:08:29] Iteration: 59/1000, Temp: 0.1536, Energy: 0.614777-0.001370j
[2025-04-21 21:08:47] Iteration: 60/1000, Temp: 0.1506, Energy: 0.610887-0.000306j
[2025-04-21 21:09:04] Iteration: 61/1000, Temp: 0.1476, Energy: 0.608520+0.002213j
[2025-04-21 21:09:21] Iteration: 62/1000, Temp: 0.1447, Energy: 0.607507+0.001628j
[2025-04-21 21:09:39] Iteration: 63/1000, Temp: 0.1418, Energy: 0.602554+0.002824j
[2025-04-21 21:09:56] Iteration: 64/1000, Temp: 0.1390, Energy: 0.605332-0.004980j
[2025-04-21 21:10:14] Iteration: 65/1000, Temp: 0.1363, Energy: 0.602166-0.002465j
[2025-04-21 21:10:31] Iteration: 66/1000, Temp: 0.1336, Energy: 0.597528-0.000784j
[2025-04-21 21:10:48] Iteration: 67/1000, Temp: 0.1309, Energy: 0.592239+0.002761j
[2025-04-21 21:11:06] Iteration: 68/1000, Temp: 0.1283, Energy: 0.591971-0.003211j
[2025-04-21 21:11:23] Iteration: 69/1000, Temp: 0.1258, Energy: 0.585451-0.003198j
[2025-04-21 21:11:40] Iteration: 70/1000, Temp: 0.1233, Energy: 0.579024-0.001787j
[2025-04-21 21:11:58] Iteration: 71/1000, Temp: 0.1209, Energy: 0.569876+0.000277j
[2025-04-21 21:12:15] Iteration: 72/1000, Temp: 0.1185, Energy: 0.564649-0.001134j
[2025-04-21 21:12:33] Iteration: 73/1000, Temp: 0.1161, Energy: 0.555934-0.000192j
[2025-04-21 21:12:50] Iteration: 74/1000, Temp: 0.1138, Energy: 0.546728-0.001688j
[2025-04-21 21:13:07] Iteration: 75/1000, Temp: 0.1116, Energy: 0.542122-0.009347j
[2025-04-21 21:13:25] Iteration: 76/1000, Temp: 0.1094, Energy: 0.521890-0.003762j
[2025-04-21 21:13:42] Iteration: 77/1000, Temp: 0.1072, Energy: 0.510040-0.005741j
[2025-04-21 21:13:59] Iteration: 78/1000, Temp: 0.1051, Energy: 0.485325+0.003012j
[2025-04-21 21:14:17] Iteration: 79/1000, Temp: 0.1030, Energy: 0.474140-0.007572j
[2025-04-21 21:14:34] Iteration: 80/1000, Temp: 0.1009, Energy: 0.445559-0.006703j
[2025-04-21 21:14:52] Iteration: 81/1000, Temp: 0.0989, Energy: 0.419287-0.000712j
[2025-04-21 21:15:09] Iteration: 82/1000, Temp: 0.0970, Energy: 0.390514-0.005412j
[2025-04-21 21:15:26] Iteration: 83/1000, Temp: 0.0951, Energy: 0.340110+0.011463j
[2025-04-21 21:15:44] Iteration: 84/1000, Temp: 0.0932, Energy: 0.322468-0.013510j
[2025-04-21 21:16:01] Iteration: 85/1000, Temp: 0.0913, Energy: 0.295109-0.033957j
[2025-04-21 21:16:18] Iteration: 86/1000, Temp: 0.0895, Energy: 0.207390+0.002363j
[2025-04-21 21:16:36] Iteration: 87/1000, Temp: 0.0878, Energy: 0.127707+0.023062j
[2025-04-21 21:16:53] Iteration: 88/1000, Temp: 0.0860, Energy: 0.085606-0.009723j
[2025-04-21 21:17:10] Iteration: 89/1000, Temp: 0.0843, Energy: -0.013144+0.012582j
[2025-04-21 21:17:28] Iteration: 90/1000, Temp: 0.0826, Energy: -0.112799+0.009304j
[2025-04-21 21:17:45] Iteration: 91/1000, Temp: 0.0810, Energy: -0.200558-0.002427j
[2025-04-21 21:18:03] Iteration: 92/1000, Temp: 0.0794, Energy: -0.365638+0.032501j
[2025-04-21 21:18:20] Iteration: 93/1000, Temp: 0.0778, Energy: -0.477208-0.005594j
[2025-04-21 21:18:37] Iteration: 94/1000, Temp: 0.0763, Energy: -0.623521-0.009918j
[2025-04-21 21:18:55] Iteration: 95/1000, Temp: 0.0748, Energy: -0.783679-0.033193j
[2025-04-21 21:19:12] Iteration: 96/1000, Temp: 0.0733, Energy: -1.032403-0.014062j
[2025-04-21 21:19:30] Iteration: 97/1000, Temp: 0.0719, Energy: -1.243659+0.015432j
[2025-04-21 21:19:47] Iteration: 98/1000, Temp: 0.0704, Energy: -1.542650+0.001544j
[2025-04-21 21:20:04] Iteration: 99/1000, Temp: 0.0690, Energy: -1.837448+0.002443j
[2025-04-21 21:20:22] Iteration: 100/1000, Temp: 0.0677, Energy: -2.163239-0.020005j
[2025-04-21 21:20:39] Iteration: 101/1000, Temp: 0.0663, Energy: -2.586380+0.024446j
[2025-04-21 21:20:56] Iteration: 102/1000, Temp: 0.0650, Energy: -3.036868+0.016686j
[2025-04-21 21:21:14] Iteration: 103/1000, Temp: 0.0637, Energy: -3.495957+0.004274j
[2025-04-21 21:21:31] Iteration: 104/1000, Temp: 0.0625, Energy: -4.082741+0.052374j
[2025-04-21 21:21:49] Iteration: 105/1000, Temp: 0.0612, Energy: -4.646004+0.019106j
[2025-04-21 21:22:06] Iteration: 106/1000, Temp: 0.0600, Energy: -5.352448-0.032203j
[2025-04-21 21:22:23] Iteration: 107/1000, Temp: 0.0588, Energy: -6.082155-0.054796j
[2025-04-21 21:22:41] Iteration: 108/1000, Temp: 0.0577, Energy: -6.942509-0.036873j
[2025-04-21 21:22:58] Iteration: 109/1000, Temp: 0.0565, Energy: -7.889746-0.091567j
[2025-04-21 21:23:15] Iteration: 110/1000, Temp: 0.0554, Energy: -8.879040-0.196021j
[2025-04-21 21:23:33] Iteration: 111/1000, Temp: 0.0543, Energy: -10.194961+0.001561j
[2025-04-21 21:23:50] Iteration: 112/1000, Temp: 0.0532, Energy: -11.319660-0.222585j
[2025-04-21 21:24:08] Iteration: 113/1000, Temp: 0.0522, Energy: -12.815594-0.189506j
[2025-04-21 21:24:25] Iteration: 114/1000, Temp: 0.0511, Energy: -14.324158-0.233569j
[2025-04-21 21:24:42] Iteration: 115/1000, Temp: 0.0501, Energy: -15.899113-0.300357j
[2025-04-21 21:25:00] Iteration: 116/1000, Temp: 0.0491, Energy: -17.566413-0.449537j
[2025-04-21 21:25:17] Iteration: 117/1000, Temp: 0.0482, Energy: -19.414397-0.516466j
[2025-04-21 21:25:34] Iteration: 118/1000, Temp: 0.0472, Energy: -21.410182-0.675573j
[2025-04-21 21:25:52] Iteration: 119/1000, Temp: 0.0463, Energy: -23.663337-0.739126j
[2025-04-21 21:26:09] Iteration: 120/1000, Temp: 0.0454, Energy: -26.033940-0.984089j
[2025-04-21 21:26:26] Iteration: 121/1000, Temp: 0.0445, Energy: -29.059383-1.023065j
[2025-04-21 21:26:44] Iteration: 122/1000, Temp: 0.0436, Energy: -32.436587-1.450750j
[2025-04-21 21:27:01] Iteration: 123/1000, Temp: 0.0427, Energy: -35.687400-1.505562j
[2025-04-21 21:27:19] Iteration: 124/1000, Temp: 0.0419, Energy: -39.644239-1.747306j
[2025-04-21 21:27:36] Iteration: 125/1000, Temp: 0.0410, Energy: -43.666613-1.847613j
[2025-04-21 21:27:53] Iteration: 126/1000, Temp: 0.0402, Energy: -47.148032-2.216326j
[2025-04-21 21:28:11] Iteration: 127/1000, Temp: 0.0394, Energy: -50.237932-1.922531j
[2025-04-21 21:28:28] Iteration: 128/1000, Temp: 0.0387, Energy: -52.738707-1.883926j
[2025-04-21 21:28:45] Iteration: 129/1000, Temp: 0.0379, Energy: -54.924796-1.293011j
[2025-04-21 21:29:03] Iteration: 130/1000, Temp: 0.0371, Energy: -57.025734-1.472212j
[2025-04-21 21:29:20] Iteration: 131/1000, Temp: 0.0364, Energy: -59.448616-1.519910j
[2025-04-21 21:29:38] Iteration: 132/1000, Temp: 0.0357, Energy: -61.004340-1.378150j
[2025-04-21 21:29:55] Iteration: 133/1000, Temp: 0.0350, Energy: -62.550044-1.225074j
[2025-04-21 21:30:12] Iteration: 134/1000, Temp: 0.0343, Energy: -64.217647-0.542792j
[2025-04-21 21:30:30] Iteration: 135/1000, Temp: 0.0336, Energy: -65.653310-0.315147j
[2025-04-21 21:30:47] Iteration: 136/1000, Temp: 0.0329, Energy: -66.542586-0.583513j
[2025-04-21 21:31:04] Iteration: 137/1000, Temp: 0.0323, Energy: -67.244749-0.556837j
[2025-04-21 21:31:22] Iteration: 138/1000, Temp: 0.0316, Energy: -67.523147-0.508085j
[2025-04-21 21:31:39] Iteration: 139/1000, Temp: 0.0310, Energy: -67.963229-0.490720j
[2025-04-21 21:31:56] Iteration: 140/1000, Temp: 0.0304, Energy: -68.336621-0.399674j
[2025-04-21 21:32:14] Iteration: 141/1000, Temp: 0.0298, Energy: -68.228088-0.278193j
[2025-04-21 21:32:31] Iteration: 142/1000, Temp: 0.0292, Energy: -68.654327-0.080826j
[2025-04-21 21:32:49] Iteration: 143/1000, Temp: 0.0286, Energy: -68.911142+0.035133j
[2025-04-21 21:33:06] Iteration: 144/1000, Temp: 0.0281, Energy: -69.026670+0.064821j
[2025-04-21 21:33:23] Iteration: 145/1000, Temp: 0.0275, Energy: -69.223061+0.045930j
[2025-04-21 21:33:41] Iteration: 146/1000, Temp: 0.0270, Energy: -69.133513+0.035223j
[2025-04-21 21:33:58] Iteration: 147/1000, Temp: 0.0264, Energy: -69.336252+0.043512j
[2025-04-21 21:34:16] Iteration: 148/1000, Temp: 0.0259, Energy: -69.621906+0.115913j
[2025-04-21 21:34:33] Iteration: 149/1000, Temp: 0.0254, Energy: -69.597258-0.006957j
[2025-04-21 21:34:50] Iteration: 150/1000, Temp: 0.0249, Energy: -69.917801+0.114717j
[2025-04-21 21:35:08] Iteration: 151/1000, Temp: 0.0244, Energy: -70.110798+0.065415j
[2025-04-21 21:35:25] Iteration: 152/1000, Temp: 0.0239, Energy: -70.306642+0.014385j
[2025-04-21 21:35:42] Iteration: 153/1000, Temp: 0.0234, Energy: -70.430711+0.042667j
[2025-04-21 21:36:00] Iteration: 154/1000, Temp: 0.0230, Energy: -70.764264-0.087335j
[2025-04-21 21:36:17] Iteration: 155/1000, Temp: 0.0225, Energy: -70.749187+0.053533j
[2025-04-21 21:36:35] Iteration: 156/1000, Temp: 0.0221, Energy: -70.878632-0.003492j
[2025-04-21 21:36:52] Iteration: 157/1000, Temp: 0.0216, Energy: -70.931780+0.058563j
[2025-04-21 21:37:09] Iteration: 158/1000, Temp: 0.0212, Energy: -70.869814-0.014389j
[2025-04-21 21:37:27] Iteration: 159/1000, Temp: 0.0208, Energy: -71.063956+0.012100j
[2025-04-21 21:37:44] Iteration: 160/1000, Temp: 0.0204, Energy: -71.323583-0.003459j
[2025-04-21 21:38:02] Iteration: 161/1000, Temp: 0.0200, Energy: -71.386378+0.041090j
[2025-04-21 21:38:19] Iteration: 162/1000, Temp: 0.0196, Energy: -71.469629+0.041265j
[2025-04-21 21:38:36] Iteration: 163/1000, Temp: 0.0192, Energy: -71.531533+0.014361j
[2025-04-21 21:38:54] Iteration: 164/1000, Temp: 0.0188, Energy: -71.410072+0.031829j
[2025-04-21 21:39:11] Iteration: 165/1000, Temp: 0.0184, Energy: -71.543342+0.125551j
[2025-04-21 21:39:28] Iteration: 166/1000, Temp: 0.0181, Energy: -71.459250-0.025547j
[2025-04-21 21:39:46] Iteration: 167/1000, Temp: 0.0177, Energy: -71.752452+0.027647j
[2025-04-21 21:40:03] Iteration: 168/1000, Temp: 0.0174, Energy: -71.850908+0.028353j
[2025-04-21 21:40:21] Iteration: 169/1000, Temp: 0.0170, Energy: -72.042343-0.035771j
[2025-04-21 21:40:38] Iteration: 170/1000, Temp: 0.0167, Energy: -72.062439-0.041387j
[2025-04-21 21:40:55] Iteration: 171/1000, Temp: 0.0164, Energy: -72.158861+0.107661j
[2025-04-21 21:41:13] Iteration: 172/1000, Temp: 0.0160, Energy: -72.235621+0.025873j
[2025-04-21 21:41:30] Iteration: 173/1000, Temp: 0.0157, Energy: -72.312569+0.063387j
[2025-04-21 21:41:47] Iteration: 174/1000, Temp: 0.0154, Energy: -72.210104+0.129896j
[2025-04-21 21:42:05] Iteration: 175/1000, Temp: 0.0151, Energy: -72.316860+0.024349j
[2025-04-21 21:42:22] Iteration: 176/1000, Temp: 0.0148, Energy: -72.353972+0.065603j
[2025-04-21 21:42:39] Iteration: 177/1000, Temp: 0.0145, Energy: -72.487746+0.055470j
[2025-04-21 21:42:57] Iteration: 178/1000, Temp: 0.0142, Energy: -72.531645+0.003305j
[2025-04-21 21:43:14] Iteration: 179/1000, Temp: 0.0139, Energy: -72.622945+0.067034j
[2025-04-21 21:43:32] Iteration: 180/1000, Temp: 0.0137, Energy: -72.700269+0.092142j
[2025-04-21 21:43:49] Iteration: 181/1000, Temp: 0.0134, Energy: -72.752700-0.014894j
[2025-04-21 21:44:06] Iteration: 182/1000, Temp: 0.0131, Energy: -72.764304+0.038296j
[2025-04-21 21:44:24] Iteration: 183/1000, Temp: 0.0129, Energy: -72.907840+0.042993j
[2025-04-21 21:44:41] Iteration: 184/1000, Temp: 0.0126, Energy: -72.734136+0.057432j
[2025-04-21 21:44:58] Iteration: 185/1000, Temp: 0.0124, Energy: -72.778667-0.028157j
[2025-04-21 21:45:16] Iteration: 186/1000, Temp: 0.0121, Energy: -72.820093-0.047804j
[2025-04-21 21:45:33] Iteration: 187/1000, Temp: 0.0119, Energy: -72.874508-0.035589j
[2025-04-21 21:45:51] Iteration: 188/1000, Temp: 0.0116, Energy: -72.806739-0.040371j
[2025-04-21 21:46:08] Iteration: 189/1000, Temp: 0.0114, Energy: -72.739530+0.022109j
[2025-04-21 21:46:25] Iteration: 190/1000, Temp: 0.0112, Energy: -72.972768-0.033031j
[2025-04-21 21:46:43] Iteration: 191/1000, Temp: 0.0110, Energy: -72.723049+0.006452j
[2025-04-21 21:47:00] Iteration: 192/1000, Temp: 0.0107, Energy: -72.565534-0.033414j
[2025-04-21 21:47:17] Iteration: 193/1000, Temp: 0.0105, Energy: -72.697426-0.003785j
[2025-04-21 21:47:35] Iteration: 194/1000, Temp: 0.0103, Energy: -72.513392+0.046034j
[2025-04-21 21:47:52] Iteration: 195/1000, Temp: 0.0101, Energy: -72.837588-0.016983j
[2025-04-21 21:48:09] Iteration: 196/1000, Temp: 0.0099, Energy: -72.832135-0.040573j
[2025-04-21 21:48:27] Iteration: 197/1000, Temp: 0.0097, Energy: -72.820141-0.031101j
[2025-04-21 21:48:44] Iteration: 198/1000, Temp: 0.0095, Energy: -72.965322+0.030724j
[2025-04-21 21:49:02] Iteration: 199/1000, Temp: 0.0093, Energy: -73.069617+0.004824j
[2025-04-21 21:49:19] Iteration: 200/1000, Temp: 0.0092, Energy: -73.014189+0.027361j
[2025-04-21 21:49:36] Iteration: 201/1000, Temp: 0.0090, Energy: -72.999221+0.063471j
[2025-04-21 21:49:54] Iteration: 202/1000, Temp: 0.0088, Energy: -72.974479+0.000041j
[2025-04-21 21:50:11] Iteration: 203/1000, Temp: 0.0086, Energy: -73.038889-0.046956j
[2025-04-21 21:50:28] Iteration: 204/1000, Temp: 0.0085, Energy: -73.111578+0.025086j
[2025-04-21 21:50:46] Iteration: 205/1000, Temp: 0.0083, Energy: -73.019650+0.004445j
[2025-04-21 21:51:03] Iteration: 206/1000, Temp: 0.0081, Energy: -72.956193+0.043538j
[2025-04-21 21:51:21] Iteration: 207/1000, Temp: 0.0080, Energy: -73.022587-0.075298j
[2025-04-21 21:51:38] Iteration: 208/1000, Temp: 0.0078, Energy: -72.948255-0.015060j
[2025-04-21 21:51:55] Iteration: 209/1000, Temp: 0.0076, Energy: -72.976691-0.016175j
[2025-04-21 21:52:13] Iteration: 210/1000, Temp: 0.0075, Energy: -72.935901+0.007723j
[2025-04-21 21:52:30] Iteration: 211/1000, Temp: 0.0073, Energy: -72.910123-0.018703j
[2025-04-21 21:52:47] Iteration: 212/1000, Temp: 0.0072, Energy: -72.928275-0.011445j
[2025-04-21 21:53:05] Iteration: 213/1000, Temp: 0.0071, Energy: -72.919596-0.050610j
[2025-04-21 21:53:22] Iteration: 214/1000, Temp: 0.0069, Energy: -72.785888-0.065401j
[2025-04-21 21:53:40] Iteration: 215/1000, Temp: 0.0068, Energy: -72.808338-0.023553j
[2025-04-21 21:53:57] Iteration: 216/1000, Temp: 0.0066, Energy: -72.683770-0.039767j
[2025-04-21 21:54:14] Iteration: 217/1000, Temp: 0.0065, Energy: -72.640072-0.003406j
[2025-04-21 21:54:32] Iteration: 218/1000, Temp: 0.0064, Energy: -72.520073-0.087426j
[2025-04-21 21:54:49] Iteration: 219/1000, Temp: 0.0063, Energy: -72.414586+0.055757j
[2025-04-21 21:55:07] Iteration: 220/1000, Temp: 0.0061, Energy: -72.345444-0.045112j
[2025-04-21 21:55:24] Iteration: 221/1000, Temp: 0.0060, Energy: -72.451115-0.020202j
[2025-04-21 21:55:41] Iteration: 222/1000, Temp: 0.0059, Energy: -72.584157+0.015304j
[2025-04-21 21:55:59] Iteration: 223/1000, Temp: 0.0058, Energy: -72.400999-0.005681j
[2025-04-21 21:56:16] Iteration: 224/1000, Temp: 0.0057, Energy: -72.374450-0.037746j
[2025-04-21 21:56:33] Iteration: 225/1000, Temp: 0.0056, Energy: -72.329085-0.027368j
[2025-04-21 21:56:51] Iteration: 226/1000, Temp: 0.0054, Energy: -72.293444-0.003385j
[2025-04-21 21:57:08] Iteration: 227/1000, Temp: 0.0053, Energy: -72.216381+0.002427j
[2025-04-21 21:57:26] Iteration: 228/1000, Temp: 0.0052, Energy: -72.097538+0.030871j
[2025-04-21 21:57:43] Iteration: 229/1000, Temp: 0.0051, Energy: -72.133524-0.014641j
[2025-04-21 21:58:00] Iteration: 230/1000, Temp: 0.0050, Energy: -72.226652-0.009992j
[2025-04-21 21:58:18] Iteration: 231/1000, Temp: 0.0049, Energy: -72.073721+0.057469j
[2025-04-21 21:58:35] Iteration: 232/1000, Temp: 0.0048, Energy: -72.074885-0.045674j
[2025-04-21 21:58:53] Iteration: 233/1000, Temp: 0.0047, Energy: -72.276314+0.036307j
[2025-04-21 21:59:10] Iteration: 234/1000, Temp: 0.0046, Energy: -72.264812+0.047791j
[2025-04-21 21:59:27] Iteration: 235/1000, Temp: 0.0045, Energy: -72.208089-0.025675j
[2025-04-21 21:59:45] Iteration: 236/1000, Temp: 0.0045, Energy: -72.314262-0.006902j
[2025-04-21 22:00:02] Iteration: 237/1000, Temp: 0.0044, Energy: -72.244191-0.008812j
[2025-04-21 22:00:19] Iteration: 238/1000, Temp: 0.0043, Energy: -72.323917-0.046134j
[2025-04-21 22:00:37] Iteration: 239/1000, Temp: 0.0042, Energy: -72.187312+0.028641j
[2025-04-21 22:00:54] Iteration: 240/1000, Temp: 0.0041, Energy: -72.527744+0.003675j
[2025-04-21 22:01:12] Iteration: 241/1000, Temp: 0.0040, Energy: -72.428558-0.018895j
[2025-04-21 22:01:29] Iteration: 242/1000, Temp: 0.0040, Energy: -72.648937-0.008381j
[2025-04-21 22:01:46] Iteration: 243/1000, Temp: 0.0039, Energy: -72.946667+0.020983j
[2025-04-21 22:02:04] Iteration: 244/1000, Temp: 0.0038, Energy: -73.066486+0.022291j
[2025-04-21 22:02:21] Iteration: 245/1000, Temp: 0.0037, Energy: -73.200526+0.076255j
[2025-04-21 22:02:39] Iteration: 246/1000, Temp: 0.0036, Energy: -73.188129+0.047487j
[2025-04-21 22:02:56] Iteration: 247/1000, Temp: 0.0036, Energy: -73.184933+0.021958j
[2025-04-21 22:03:13] Iteration: 248/1000, Temp: 0.0035, Energy: -73.293976+0.022795j
[2025-04-21 22:03:31] Iteration: 249/1000, Temp: 0.0034, Energy: -73.486964+0.041122j
[2025-04-21 22:03:48] Iteration: 250/1000, Temp: 0.0034, Energy: -73.400914-0.035537j
[2025-04-21 22:04:05] Iteration: 251/1000, Temp: 0.0033, Energy: -73.221976-0.081344j
[2025-04-21 22:04:23] Iteration: 252/1000, Temp: 0.0032, Energy: -73.586128-0.029076j
[2025-04-21 22:04:40] Iteration: 253/1000, Temp: 0.0032, Energy: -73.494213+0.017950j
[2025-04-21 22:04:57] Iteration: 254/1000, Temp: 0.0031, Energy: -73.524824-0.030209j
[2025-04-21 22:05:15] Iteration: 255/1000, Temp: 0.0030, Energy: -73.493499-0.042611j
[2025-04-21 22:05:32] Iteration: 256/1000, Temp: 0.0030, Energy: -73.548668-0.023704j
[2025-04-21 22:05:50] Iteration: 257/1000, Temp: 0.0029, Energy: -73.419309-0.017696j
[2025-04-21 22:06:07] Iteration: 258/1000, Temp: 0.0029, Energy: -73.401686-0.038372j
[2025-04-21 22:06:24] Iteration: 259/1000, Temp: 0.0028, Energy: -73.519869-0.002496j
[2025-04-21 22:06:42] Iteration: 260/1000, Temp: 0.0028, Energy: -73.447890-0.022930j
[2025-04-21 22:06:59] Iteration: 261/1000, Temp: 0.0027, Energy: -73.271620-0.011317j
[2025-04-21 22:07:16] Iteration: 262/1000, Temp: 0.0027, Energy: -73.234911-0.122309j
[2025-04-21 22:07:34] Iteration: 263/1000, Temp: 0.0026, Energy: -73.032350-0.068444j
[2025-04-21 22:07:51] Iteration: 264/1000, Temp: 0.0025, Energy: -72.903161-0.012198j
[2025-04-21 22:08:09] Iteration: 265/1000, Temp: 0.0025, Energy: -72.889789-0.070423j
[2025-04-21 22:08:26] Iteration: 266/1000, Temp: 0.0024, Energy: -72.827328-0.082942j
[2025-04-21 22:08:43] Iteration: 267/1000, Temp: 0.0024, Energy: -72.651521-0.020847j
[2025-04-21 22:09:01] Iteration: 268/1000, Temp: 0.0024, Energy: -72.666424-0.002214j
[2025-04-21 22:09:18] Iteration: 269/1000, Temp: 0.0023, Energy: -72.780974-0.025427j
[2025-04-21 22:09:35] Iteration: 270/1000, Temp: 0.0023, Energy: -72.787608+0.063674j
[2025-04-21 22:09:53] Iteration: 271/1000, Temp: 0.0022, Energy: -72.814335+0.049895j
[2025-04-21 22:10:10] Iteration: 272/1000, Temp: 0.0022, Energy: -72.770928+0.008210j
[2025-04-21 22:10:28] Iteration: 273/1000, Temp: 0.0021, Energy: -72.760470-0.049523j
[2025-04-21 22:10:45] Iteration: 274/1000, Temp: 0.0021, Energy: -72.779294-0.009176j
[2025-04-21 22:11:02] Iteration: 275/1000, Temp: 0.0020, Energy: -72.829245-0.048944j
[2025-04-21 22:11:20] Iteration: 276/1000, Temp: 0.0020, Energy: -72.737433-0.023435j
[2025-04-21 22:11:37] Iteration: 277/1000, Temp: 0.0020, Energy: -72.685003-0.009184j
[2025-04-21 22:11:54] Iteration: 278/1000, Temp: 0.0019, Energy: -72.631227-0.027364j
[2025-04-21 22:12:12] Iteration: 279/1000, Temp: 0.0019, Energy: -72.739298-0.027581j
[2025-04-21 22:12:29] Iteration: 280/1000, Temp: 0.0018, Energy: -72.689507+0.048411j
[2025-04-21 22:12:46] Iteration: 281/1000, Temp: 0.0018, Energy: -72.729927+0.024385j
[2025-04-21 22:13:04] Iteration: 282/1000, Temp: 0.0018, Energy: -72.634355-0.005680j
[2025-04-21 22:13:21] Iteration: 283/1000, Temp: 0.0017, Energy: -72.609763-0.017002j
[2025-04-21 22:13:38] Iteration: 284/1000, Temp: 0.0017, Energy: -72.459273-0.072181j
[2025-04-21 22:13:56] Iteration: 285/1000, Temp: 0.0017, Energy: -72.387441-0.073539j
[2025-04-21 22:14:13] Iteration: 286/1000, Temp: 0.0016, Energy: -72.362012-0.016704j
[2025-04-21 22:14:30] Iteration: 287/1000, Temp: 0.0016, Energy: -72.390590-0.001446j
[2025-04-21 22:14:48] Iteration: 288/1000, Temp: 0.0016, Energy: -72.244776+0.015119j
[2025-04-21 22:15:05] Iteration: 289/1000, Temp: 0.0015, Energy: -72.278665+0.001277j
[2025-04-21 22:15:23] Iteration: 290/1000, Temp: 0.0015, Energy: -72.274707-0.020438j
[2025-04-21 22:15:40] Iteration: 291/1000, Temp: 0.0015, Energy: -72.283357+0.007796j
[2025-04-21 22:15:57] Iteration: 292/1000, Temp: 0.0015, Energy: -72.258501-0.006712j
[2025-04-21 22:16:15] Iteration: 293/1000, Temp: 0.0014, Energy: -72.145065+0.010795j
[2025-04-21 22:16:32] Iteration: 294/1000, Temp: 0.0014, Energy: -72.162934+0.006049j
[2025-04-21 22:16:49] Iteration: 295/1000, Temp: 0.0014, Energy: -72.104832-0.038346j
[2025-04-21 22:17:07] Iteration: 296/1000, Temp: 0.0013, Energy: -72.129819+0.004865j
[2025-04-21 22:17:24] Iteration: 297/1000, Temp: 0.0013, Energy: -72.099851-0.023802j
[2025-04-21 22:17:42] Iteration: 298/1000, Temp: 0.0013, Energy: -72.122339+0.043834j
[2025-04-21 22:17:59] Iteration: 299/1000, Temp: 0.0013, Energy: -72.231118+0.071968j
[2025-04-21 22:18:16] Iteration: 300/1000, Temp: 0.0012, Energy: -72.095691+0.002953j
[2025-04-21 22:18:34] Iteration: 301/1000, Temp: 0.0012, Energy: -72.144374-0.014740j
[2025-04-21 22:18:51] Iteration: 302/1000, Temp: 0.0012, Energy: -72.186605-0.007777j
[2025-04-21 22:19:08] Iteration: 303/1000, Temp: 0.0012, Energy: -72.120250-0.014829j
[2025-04-21 22:19:26] Iteration: 304/1000, Temp: 0.0011, Energy: -72.070393-0.006263j
[2025-04-21 22:19:43] Iteration: 305/1000, Temp: 0.0011, Energy: -72.076514+0.039395j
[2025-04-21 22:20:00] Iteration: 306/1000, Temp: 0.0011, Energy: -72.085387-0.058107j
[2025-04-21 22:20:18] Iteration: 307/1000, Temp: 0.0011, Energy: -72.182924-0.050911j
[2025-04-21 22:20:35] Iteration: 308/1000, Temp: 0.0011, Energy: -72.269554-0.003862j
[2025-04-21 22:20:53] Iteration: 309/1000, Temp: 0.0010, Energy: -72.181953-0.037668j
[2025-04-21 22:21:10] Iteration: 310/1000, Temp: 0.0010, Energy: -71.917919-0.012281j
[2025-04-21 22:21:27] Iteration: 311/1000, Temp: 0.0010, Energy: -71.751334-0.009900j
[2025-04-21 22:21:45] Iteration: 312/1000, Temp: 0.0010, Energy: -71.666757-0.004245j
[2025-04-21 22:22:02] Iteration: 313/1000, Temp: 0.0010, Energy: -71.353173-0.062427j
[2025-04-21 22:22:19] Iteration: 314/1000, Temp: 0.0009, Energy: -71.164397-0.014437j
[2025-04-21 22:22:37] Iteration: 315/1000, Temp: 0.0009, Energy: -70.901253-0.032892j
[2025-04-21 22:22:54] Iteration: 316/1000, Temp: 0.0009, Energy: -70.833868-0.024114j
[2025-04-21 22:23:12] Iteration: 317/1000, Temp: 0.0009, Energy: -70.846321-0.016571j
[2025-04-21 22:23:29] Iteration: 318/1000, Temp: 0.0009, Energy: -70.855984-0.002995j
[2025-04-21 22:23:46] Iteration: 319/1000, Temp: 0.0008, Energy: -71.036205+0.029303j
[2025-04-21 22:24:04] Iteration: 320/1000, Temp: 0.0008, Energy: -71.193678+0.037588j
[2025-04-21 22:24:21] Iteration: 321/1000, Temp: 0.0008, Energy: -71.188383-0.007663j
[2025-04-21 22:24:38] Iteration: 322/1000, Temp: 0.0008, Energy: -71.225436-0.011737j
[2025-04-21 22:24:56] Iteration: 323/1000, Temp: 0.0008, Energy: -71.291233+0.019626j
[2025-04-21 22:25:13] Iteration: 324/1000, Temp: 0.0008, Energy: -71.257469+0.031008j
[2025-04-21 22:25:30] Iteration: 325/1000, Temp: 0.0008, Energy: -71.471388-0.013315j
[2025-04-21 22:25:48] Iteration: 326/1000, Temp: 0.0007, Energy: -71.455402+0.019137j
[2025-04-21 22:26:05] Iteration: 327/1000, Temp: 0.0007, Energy: -71.724318-0.005426j
[2025-04-21 22:26:23] Iteration: 328/1000, Temp: 0.0007, Energy: -71.704366+0.002663j
[2025-04-21 22:26:40] Iteration: 329/1000, Temp: 0.0007, Energy: -71.605029+0.002176j
[2025-04-21 22:26:57] Iteration: 330/1000, Temp: 0.0007, Energy: -71.858198+0.019098j
[2025-04-21 22:27:15] Iteration: 331/1000, Temp: 0.0007, Energy: -71.796604+0.035210j
[2025-04-21 22:27:32] Iteration: 332/1000, Temp: 0.0007, Energy: -71.880014+0.028390j
[2025-04-21 22:27:49] Iteration: 333/1000, Temp: 0.0006, Energy: -71.865474+0.032272j
[2025-04-21 22:28:07] Iteration: 334/1000, Temp: 0.0006, Energy: -71.987254+0.039840j
[2025-04-21 22:28:24] Iteration: 335/1000, Temp: 0.0006, Energy: -71.983716-0.018671j
[2025-04-21 22:28:41] Iteration: 336/1000, Temp: 0.0006, Energy: -72.124172+0.031056j
[2025-04-21 22:28:59] Iteration: 337/1000, Temp: 0.0006, Energy: -72.157922-0.011134j
[2025-04-21 22:29:16] Iteration: 338/1000, Temp: 0.0006, Energy: -72.214349+0.013111j
[2025-04-21 22:29:34] Iteration: 339/1000, Temp: 0.0006, Energy: -72.326587+0.101576j
[2025-04-21 22:29:51] Iteration: 340/1000, Temp: 0.0006, Energy: -72.542273-0.004083j
[2025-04-21 22:30:08] Iteration: 341/1000, Temp: 0.0005, Energy: -72.435024-0.011652j
[2025-04-21 22:30:26] Iteration: 342/1000, Temp: 0.0005, Energy: -72.370601+0.011377j
[2025-04-21 22:30:43] Iteration: 343/1000, Temp: 0.0005, Energy: -72.297520-0.002261j
[2025-04-21 22:31:00] Iteration: 344/1000, Temp: 0.0005, Energy: -72.552478+0.015759j
[2025-04-21 22:31:18] Iteration: 345/1000, Temp: 0.0005, Energy: -72.449903+0.036765j
[2025-04-21 22:31:35] Iteration: 346/1000, Temp: 0.0005, Energy: -72.386769+0.020548j
[2025-04-21 22:31:53] Iteration: 347/1000, Temp: 0.0005, Energy: -72.501853-0.028899j
[2025-04-21 22:32:10] Iteration: 348/1000, Temp: 0.0005, Energy: -72.333391+0.019228j
[2025-04-21 22:32:27] Iteration: 349/1000, Temp: 0.0005, Energy: -72.218347+0.005171j
[2025-04-21 22:32:45] Iteration: 350/1000, Temp: 0.0005, Energy: -72.263319-0.011944j
[2025-04-21 22:33:02] Iteration: 351/1000, Temp: 0.0004, Energy: -72.189185+0.021262j
[2025-04-21 22:33:19] Iteration: 352/1000, Temp: 0.0004, Energy: -72.323630-0.008884j
[2025-04-21 22:33:37] Iteration: 353/1000, Temp: 0.0004, Energy: -72.323571+0.009617j
[2025-04-21 22:33:54] Iteration: 354/1000, Temp: 0.0004, Energy: -72.207243-0.004178j
[2025-04-21 22:34:11] Iteration: 355/1000, Temp: 0.0004, Energy: -72.042712-0.022878j
[2025-04-21 22:34:29] Iteration: 356/1000, Temp: 0.0004, Energy: -71.938936+0.006580j
[2025-04-21 22:34:46] Iteration: 357/1000, Temp: 0.0004, Energy: -71.855631-0.003837j
[2025-04-21 22:35:04] Iteration: 358/1000, Temp: 0.0004, Energy: -71.902857-0.015260j
[2025-04-21 22:35:21] Iteration: 359/1000, Temp: 0.0004, Energy: -72.062701-0.000073j
[2025-04-21 22:35:38] Iteration: 360/1000, Temp: 0.0004, Energy: -72.001345+0.022604j
[2025-04-21 22:35:56] Iteration: 361/1000, Temp: 0.0004, Energy: -71.893341+0.019819j
[2025-04-21 22:36:13] Iteration: 362/1000, Temp: 0.0004, Energy: -71.825419-0.008521j
[2025-04-21 22:36:30] Iteration: 363/1000, Temp: 0.0004, Energy: -71.856921-0.008544j
[2025-04-21 22:36:48] Iteration: 364/1000, Temp: 0.0003, Energy: -71.746370+0.030669j
[2025-04-21 22:37:05] Iteration: 365/1000, Temp: 0.0003, Energy: -71.655680+0.082099j
[2025-04-21 22:37:22] Iteration: 366/1000, Temp: 0.0003, Energy: -71.707969+0.030323j
[2025-04-21 22:37:40] Iteration: 367/1000, Temp: 0.0003, Energy: -71.549153+0.058588j
[2025-04-21 22:37:57] Iteration: 368/1000, Temp: 0.0003, Energy: -71.465610+0.028792j
[2025-04-21 22:38:15] Iteration: 369/1000, Temp: 0.0003, Energy: -71.418918+0.009310j
[2025-04-21 22:38:32] Iteration: 370/1000, Temp: 0.0003, Energy: -71.456773-0.004390j
[2025-04-21 22:38:49] Iteration: 371/1000, Temp: 0.0003, Energy: -71.497658+0.009033j
[2025-04-21 22:39:07] Iteration: 372/1000, Temp: 0.0003, Energy: -71.540278+0.012872j
[2025-04-21 22:39:24] Iteration: 373/1000, Temp: 0.0003, Energy: -71.546677-0.035704j
[2025-04-21 22:39:41] Iteration: 374/1000, Temp: 0.0003, Energy: -71.749679-0.004123j
[2025-04-21 22:39:59] Iteration: 375/1000, Temp: 0.0003, Energy: -71.661078+0.027265j
[2025-04-21 22:40:16] Iteration: 376/1000, Temp: 0.0003, Energy: -71.655950+0.018644j
[2025-04-21 22:40:34] Iteration: 377/1000, Temp: 0.0003, Energy: -71.607965-0.000517j
[2025-04-21 22:40:51] Iteration: 378/1000, Temp: 0.0003, Energy: -71.649954-0.007981j
[2025-04-21 22:41:08] Iteration: 379/1000, Temp: 0.0003, Energy: -71.488972-0.008818j
[2025-04-21 22:41:26] Iteration: 380/1000, Temp: 0.0003, Energy: -71.510154-0.019457j
[2025-04-21 22:41:43] Iteration: 381/1000, Temp: 0.0002, Energy: -71.510463-0.018913j
[2025-04-21 22:42:00] Iteration: 382/1000, Temp: 0.0002, Energy: -71.657090-0.015660j
[2025-04-21 22:42:18] Iteration: 383/1000, Temp: 0.0002, Energy: -71.576165-0.008851j
[2025-04-21 22:42:35] Iteration: 384/1000, Temp: 0.0002, Energy: -71.731165+0.007435j
[2025-04-21 22:42:52] Iteration: 385/1000, Temp: 0.0002, Energy: -71.632859+0.000084j
[2025-04-21 22:43:10] Iteration: 386/1000, Temp: 0.0002, Energy: -71.785727+0.021438j
[2025-04-21 22:43:27] Iteration: 387/1000, Temp: 0.0002, Energy: -71.801882-0.031426j
[2025-04-21 22:43:44] Iteration: 388/1000, Temp: 0.0002, Energy: -71.892070-0.034124j
[2025-04-21 22:44:02] Iteration: 389/1000, Temp: 0.0002, Energy: -71.823571+0.037606j
[2025-04-21 22:44:19] Iteration: 390/1000, Temp: 0.0002, Energy: -72.123378+0.027495j
[2025-04-21 22:44:37] Iteration: 391/1000, Temp: 0.0002, Energy: -72.131992+0.017232j
[2025-04-21 22:44:54] Iteration: 392/1000, Temp: 0.0002, Energy: -72.269329-0.006710j
[2025-04-21 22:45:11] Iteration: 393/1000, Temp: 0.0002, Energy: -72.303370+0.018854j
[2025-04-21 22:45:29] Iteration: 394/1000, Temp: 0.0002, Energy: -72.196237-0.022007j
[2025-04-21 22:45:46] Iteration: 395/1000, Temp: 0.0002, Energy: -72.296050+0.002047j
[2025-04-21 22:46:04] Iteration: 396/1000, Temp: 0.0002, Energy: -72.421204-0.038904j
[2025-04-21 22:46:21] Iteration: 397/1000, Temp: 0.0002, Energy: -72.269146+0.020389j
[2025-04-21 22:46:38] Iteration: 398/1000, Temp: 0.0002, Energy: -72.393669-0.005879j
[2025-04-21 22:46:56] Iteration: 399/1000, Temp: 0.0002, Energy: -72.360013-0.018237j
[2025-04-21 22:47:13] Iteration: 400/1000, Temp: 0.0002, Energy: -72.374203-0.037721j
[2025-04-21 22:47:30] Iteration: 401/1000, Temp: 0.0002, Energy: -72.528630+0.018729j
[2025-04-21 22:47:48] Iteration: 402/1000, Temp: 0.0002, Energy: -72.633901+0.000910j
[2025-04-21 22:48:05] Iteration: 403/1000, Temp: 0.0002, Energy: -72.636925+0.021538j
[2025-04-21 22:48:22] Iteration: 404/1000, Temp: 0.0002, Energy: -72.598303-0.005615j
[2025-04-21 22:48:40] Iteration: 405/1000, Temp: 0.0002, Energy: -72.739327+0.041944j
[2025-04-21 22:48:57] Iteration: 406/1000, Temp: 0.0001, Energy: -72.764603+0.011036j
[2025-04-21 22:49:14] Iteration: 407/1000, Temp: 0.0001, Energy: -72.782724-0.009705j
[2025-04-21 22:49:32] Iteration: 408/1000, Temp: 0.0001, Energy: -72.887354-0.061829j
[2025-04-21 22:49:49] Iteration: 409/1000, Temp: 0.0001, Energy: -73.053923+0.018128j
[2025-04-21 22:50:06] Iteration: 410/1000, Temp: 0.0001, Energy: -72.971610-0.035719j
[2025-04-21 22:50:24] Iteration: 411/1000, Temp: 0.0001, Energy: -72.985976-0.035133j
[2025-04-21 22:50:41] Iteration: 412/1000, Temp: 0.0001, Energy: -72.886502-0.003702j
[2025-04-21 22:50:58] Iteration: 413/1000, Temp: 0.0001, Energy: -72.815189+0.054458j
[2025-04-21 22:51:16] Iteration: 414/1000, Temp: 0.0001, Energy: -72.617599+0.098800j
[2025-04-21 22:51:33] Iteration: 415/1000, Temp: 0.0001, Energy: -72.598602+0.022223j
[2025-04-21 22:51:50] Iteration: 416/1000, Temp: 0.0001, Energy: -72.450804+0.075508j
[2025-04-21 22:52:08] Iteration: 417/1000, Temp: 0.0001, Energy: -72.443754+0.010362j
[2025-04-21 22:52:25] Iteration: 418/1000, Temp: 0.0001, Energy: -72.336764+0.017344j
[2025-04-21 22:52:42] Iteration: 419/1000, Temp: 0.0001, Energy: -72.232322+0.050337j
[2025-04-21 22:53:00] Iteration: 420/1000, Temp: 0.0001, Energy: -72.228454-0.022399j
[2025-04-21 22:53:17] Iteration: 421/1000, Temp: 0.0001, Energy: -72.280525+0.025766j
[2025-04-21 22:53:35] Iteration: 422/1000, Temp: 0.0001, Energy: -72.252351+0.007829j
[2025-04-21 22:53:52] Iteration: 423/1000, Temp: 0.0001, Energy: -72.208487+0.042323j
[2025-04-21 22:54:09] Iteration: 424/1000, Temp: 0.0001, Energy: -72.336341-0.080958j
[2025-04-21 22:54:27] Iteration: 425/1000, Temp: 0.0001, Energy: -72.526550-0.050966j
[2025-04-21 22:54:44] Iteration: 426/1000, Temp: 0.0001, Energy: -72.701572-0.004943j
[2025-04-21 22:55:01] Iteration: 427/1000, Temp: 0.0001, Energy: -72.729606+0.010164j
[2025-04-21 22:55:19] Iteration: 428/1000, Temp: 0.0001, Energy: -72.770365-0.021454j
[2025-04-21 22:55:36] Iteration: 429/1000, Temp: 0.0001, Energy: -72.876582-0.009202j
[2025-04-21 22:55:53] Iteration: 430/1000, Temp: 0.0001, Energy: -72.979228+0.021876j
[2025-04-21 22:56:11] Iteration: 431/1000, Temp: 0.0001, Energy: -72.940894-0.054243j
[2025-04-21 22:56:28] Iteration: 432/1000, Temp: 0.0001, Energy: -73.056112+0.022295j
[2025-04-21 22:56:45] Iteration: 433/1000, Temp: 0.0001, Energy: -73.107263-0.043093j
[2025-04-21 22:57:03] Iteration: 434/1000, Temp: 0.0001, Energy: -73.203691-0.027477j
[2025-04-21 22:57:20] Iteration: 435/1000, Temp: 0.0001, Energy: -73.294737+0.007570j
[2025-04-21 22:57:37] Iteration: 436/1000, Temp: 0.0001, Energy: -73.306525+0.003557j
[2025-04-21 22:57:55] Iteration: 437/1000, Temp: 0.0001, Energy: -73.439826+0.061128j
[2025-04-21 22:58:12] Iteration: 438/1000, Temp: 0.0001, Energy: -73.481861-0.020739j
[2025-04-21 22:58:29] Iteration: 439/1000, Temp: 0.0001, Energy: -73.471452-0.001525j
[2025-04-21 22:58:47] Iteration: 440/1000, Temp: 0.0001, Energy: -73.488285-0.015780j
[2025-04-21 22:59:04] Iteration: 441/1000, Temp: 0.0001, Energy: -73.461090-0.018651j
[2025-04-21 22:59:22] Iteration: 442/1000, Temp: 0.0001, Energy: -73.433216+0.000242j
[2025-04-21 22:59:39] Iteration: 443/1000, Temp: 0.0001, Energy: -73.526493-0.069455j
[2025-04-21 22:59:56] Iteration: 444/1000, Temp: 0.0001, Energy: -73.725178-0.032608j
[2025-04-21 23:00:14] Iteration: 445/1000, Temp: 0.0001, Energy: -73.776998-0.006137j
[2025-04-21 23:00:31] Iteration: 446/1000, Temp: 0.0001, Energy: -73.834761-0.080002j
[2025-04-21 23:00:48] Iteration: 447/1000, Temp: 0.0001, Energy: -73.828363-0.018565j
[2025-04-21 23:01:05] Iteration: 448/1000, Temp: 0.0001, Energy: -73.840125-0.037710j
[2025-04-21 23:01:23] Iteration: 449/1000, Temp: 0.0001, Energy: -73.878816+0.014009j
[2025-04-21 23:01:40] Iteration: 450/1000, Temp: 0.0001, Energy: -73.817374+0.008486j
[2025-04-21 23:01:57] Iteration: 451/1000, Temp: 0.0001, Energy: -73.691113-0.003910j
[2025-04-21 23:02:15] Iteration: 452/1000, Temp: 0.0001, Energy: -73.853119-0.000271j
[2025-04-21 23:02:32] Iteration: 453/1000, Temp: 0.0001, Energy: -73.821319+0.012421j
[2025-04-21 23:02:50] Iteration: 454/1000, Temp: 0.0001, Energy: -73.905345+0.020101j
[2025-04-21 23:03:07] Iteration: 455/1000, Temp: 0.0001, Energy: -74.003292+0.031328j
[2025-04-21 23:03:24] Iteration: 456/1000, Temp: 0.0001, Energy: -74.072194+0.012878j
[2025-04-21 23:03:42] Iteration: 457/1000, Temp: 0.0001, Energy: -74.069706-0.010152j
[2025-04-21 23:03:59] Iteration: 458/1000, Temp: 0.0001, Energy: -73.852605+0.019062j
[2025-04-21 23:04:16] Iteration: 459/1000, Temp: 0.0001, Energy: -73.927965+0.080437j
[2025-04-21 23:04:34] Iteration: 460/1000, Temp: 0.0001, Energy: -73.854453+0.020476j
[2025-04-21 23:04:51] Iteration: 461/1000, Temp: 0.0000, Energy: -73.586512+0.053048j
[2025-04-21 23:05:09] Iteration: 462/1000, Temp: 0.0000, Energy: -73.691858+0.048617j
[2025-04-21 23:05:26] Iteration: 463/1000, Temp: 0.0000, Energy: -73.500628+0.053486j
[2025-04-21 23:05:43] Iteration: 464/1000, Temp: 0.0000, Energy: -73.517534-0.019996j
[2025-04-21 23:06:01] Iteration: 465/1000, Temp: 0.0000, Energy: -73.457429-0.005418j
[2025-04-21 23:06:18] Iteration: 466/1000, Temp: 0.0000, Energy: -73.349132-0.010513j
[2025-04-21 23:06:35] Iteration: 467/1000, Temp: 0.0000, Energy: -73.426478-0.002287j
[2025-04-21 23:06:53] Iteration: 468/1000, Temp: 0.0000, Energy: -73.442374-0.028535j
[2025-04-21 23:07:10] Iteration: 469/1000, Temp: 0.0000, Energy: -73.272744+0.015181j
[2025-04-21 23:07:28] Iteration: 470/1000, Temp: 0.0000, Energy: -73.311286-0.031108j
[2025-04-21 23:07:45] Iteration: 471/1000, Temp: 0.0000, Energy: -73.326575-0.018641j
[2025-04-21 23:08:02] Iteration: 472/1000, Temp: 0.0000, Energy: -73.350661-0.030609j
[2025-04-21 23:08:20] Iteration: 473/1000, Temp: 0.0000, Energy: -73.557346-0.032266j
[2025-04-21 23:08:37] Iteration: 474/1000, Temp: 0.0000, Energy: -73.481024-0.010387j
[2025-04-21 23:08:54] Iteration: 475/1000, Temp: 0.0000, Energy: -73.542500+0.002058j
[2025-04-21 23:09:12] Iteration: 476/1000, Temp: 0.0000, Energy: -73.815761+0.029617j
[2025-04-21 23:09:29] Iteration: 477/1000, Temp: 0.0000, Energy: -73.951809+0.042879j
[2025-04-21 23:09:46] Iteration: 478/1000, Temp: 0.0000, Energy: -73.928166+0.010277j
[2025-04-21 23:10:04] Iteration: 479/1000, Temp: 0.0000, Energy: -74.128366-0.022879j
[2025-04-21 23:10:21] Iteration: 480/1000, Temp: 0.0000, Energy: -74.047911+0.021373j
[2025-04-21 23:10:38] Iteration: 481/1000, Temp: 0.0000, Energy: -73.970612-0.018845j
[2025-04-21 23:10:56] Iteration: 482/1000, Temp: 0.0000, Energy: -73.784149-0.036614j
[2025-04-21 23:11:13] Iteration: 483/1000, Temp: 0.0000, Energy: -73.791978+0.008498j
[2025-04-21 23:11:30] Iteration: 484/1000, Temp: 0.0000, Energy: -73.877849+0.018546j
[2025-04-21 23:11:48] Iteration: 485/1000, Temp: 0.0000, Energy: -73.623688-0.012503j
[2025-04-21 23:12:05] Iteration: 486/1000, Temp: 0.0000, Energy: -73.793532+0.010970j
[2025-04-21 23:12:23] Iteration: 487/1000, Temp: 0.0000, Energy: -73.716052-0.051425j
[2025-04-21 23:12:40] Iteration: 488/1000, Temp: 0.0000, Energy: -73.788559-0.035704j
[2025-04-21 23:12:57] Iteration: 489/1000, Temp: 0.0000, Energy: -73.861235-0.029065j
[2025-04-21 23:13:15] Iteration: 490/1000, Temp: 0.0000, Energy: -73.730360+0.002963j
[2025-04-21 23:13:32] Iteration: 491/1000, Temp: 0.0000, Energy: -73.914497-0.004125j
[2025-04-21 23:13:49] Iteration: 492/1000, Temp: 0.0000, Energy: -73.854223-0.003809j
[2025-04-21 23:14:07] Iteration: 493/1000, Temp: 0.0000, Energy: -73.827396-0.007951j
[2025-04-21 23:14:24] Iteration: 494/1000, Temp: 0.0000, Energy: -73.944319+0.032234j
[2025-04-21 23:14:42] Iteration: 495/1000, Temp: 0.0000, Energy: -73.931496+0.006775j
[2025-04-21 23:14:59] Iteration: 496/1000, Temp: 0.0000, Energy: -73.733963+0.046786j
[2025-04-21 23:15:16] Iteration: 497/1000, Temp: 0.0000, Energy: -73.716467-0.005665j
[2025-04-21 23:15:34] Iteration: 498/1000, Temp: 0.0000, Energy: -73.791618+0.033939j
[2025-04-21 23:15:51] Iteration: 499/1000, Temp: 0.0000, Energy: -73.749146-0.017001j
[2025-04-21 23:16:08] Iteration: 500/1000, Temp: 0.0000, Energy: -73.694998+0.013574j
[2025-04-21 23:16:26] Iteration: 501/1000, Temp: 0.0000, Energy: -73.823497-0.007665j
[2025-04-21 23:16:43] Iteration: 502/1000, Temp: 0.0000, Energy: -73.783359-0.039992j
[2025-04-21 23:17:00] Iteration: 503/1000, Temp: 0.0000, Energy: -73.720613-0.015071j
[2025-04-21 23:17:18] Iteration: 504/1000, Temp: 0.0000, Energy: -73.778404+0.002331j
[2025-04-21 23:17:35] Iteration: 505/1000, Temp: 0.0000, Energy: -73.680282+0.033220j
[2025-04-21 23:17:53] Iteration: 506/1000, Temp: 0.0000, Energy: -73.559647-0.023055j
[2025-04-21 23:18:10] Iteration: 507/1000, Temp: 0.0000, Energy: -73.716269-0.037941j
[2025-04-21 23:18:27] Iteration: 508/1000, Temp: 0.0000, Energy: -73.811448-0.052261j
[2025-04-21 23:18:45] Iteration: 509/1000, Temp: 0.0000, Energy: -73.882742-0.016702j
[2025-04-21 23:19:02] Iteration: 510/1000, Temp: 0.0000, Energy: -73.790548-0.011535j
[2025-04-21 23:19:19] Iteration: 511/1000, Temp: 0.0000, Energy: -73.889037-0.040009j
[2025-04-21 23:19:37] Iteration: 512/1000, Temp: 0.0000, Energy: -74.054471-0.015715j
[2025-04-21 23:19:54] Iteration: 513/1000, Temp: 0.0000, Energy: -74.218400+0.010726j
[2025-04-21 23:20:11] Iteration: 514/1000, Temp: 0.0000, Energy: -74.134299-0.006215j
[2025-04-21 23:20:29] Iteration: 515/1000, Temp: 0.0000, Energy: -74.257163+0.005909j
[2025-04-21 23:20:46] Iteration: 516/1000, Temp: 0.0000, Energy: -74.325429+0.045214j
[2025-04-21 23:21:04] Iteration: 517/1000, Temp: 0.0000, Energy: -74.308935-0.024776j
[2025-04-21 23:21:21] Iteration: 518/1000, Temp: 0.0000, Energy: -74.388216-0.004909j
[2025-04-21 23:21:38] Iteration: 519/1000, Temp: 0.0000, Energy: -74.349849+0.010578j
[2025-04-21 23:21:56] Iteration: 520/1000, Temp: 0.0000, Energy: -74.400590-0.027528j
[2025-04-21 23:22:13] Iteration: 521/1000, Temp: 0.0000, Energy: -74.413867-0.022569j
[2025-04-21 23:22:30] Iteration: 522/1000, Temp: 0.0000, Energy: -74.327605+0.019488j
[2025-04-21 23:22:48] Iteration: 523/1000, Temp: 0.0000, Energy: -74.253549+0.031904j
[2025-04-21 23:23:05] Iteration: 524/1000, Temp: 0.0000, Energy: -74.425947-0.029751j
[2025-04-21 23:23:23] Iteration: 525/1000, Temp: 0.0000, Energy: -74.403139-0.032010j
[2025-04-21 23:23:40] Iteration: 526/1000, Temp: 0.0000, Energy: -74.214018+0.025957j
[2025-04-21 23:23:57] Iteration: 527/1000, Temp: 0.0000, Energy: -74.340784+0.010881j
[2025-04-21 23:24:15] Iteration: 528/1000, Temp: 0.0000, Energy: -74.232976+0.031184j
[2025-04-21 23:24:32] Iteration: 529/1000, Temp: 0.0000, Energy: -74.118739+0.000958j
[2025-04-21 23:24:49] Iteration: 530/1000, Temp: 0.0000, Energy: -74.291468-0.039434j
[2025-04-21 23:25:07] Iteration: 531/1000, Temp: 0.0000, Energy: -74.466160-0.036202j
[2025-04-21 23:25:24] Iteration: 532/1000, Temp: 0.0000, Energy: -74.484863-0.056883j
[2025-04-21 23:25:42] Iteration: 533/1000, Temp: 0.0000, Energy: -74.741755-0.036554j
[2025-04-21 23:25:59] Iteration: 534/1000, Temp: 0.0000, Energy: -74.711901-0.018167j
[2025-04-21 23:26:16] Iteration: 535/1000, Temp: 0.0000, Energy: -74.908150-0.091092j
[2025-04-21 23:26:34] Iteration: 536/1000, Temp: 0.0000, Energy: -74.783360+0.004791j
[2025-04-21 23:26:51] Iteration: 537/1000, Temp: 0.0000, Energy: -74.890644-0.000656j
[2025-04-21 23:27:08] Iteration: 538/1000, Temp: 0.0000, Energy: -75.032227+0.012126j
[2025-04-21 23:27:26] Iteration: 539/1000, Temp: 0.0000, Energy: -75.090207-0.001432j
[2025-04-21 23:27:43] Iteration: 540/1000, Temp: 0.0000, Energy: -75.113611+0.055480j
[2025-04-21 23:28:00] Iteration: 541/1000, Temp: 0.0000, Energy: -75.056660+0.041060j
[2025-04-21 23:28:18] Iteration: 542/1000, Temp: 0.0000, Energy: -75.170271+0.039020j
[2025-04-21 23:28:35] Iteration: 543/1000, Temp: 0.0000, Energy: -75.144333-0.041536j
[2025-04-21 23:28:53] Iteration: 544/1000, Temp: 0.0000, Energy: -75.224901-0.005258j
[2025-04-21 23:29:10] Iteration: 545/1000, Temp: 0.0000, Energy: -75.226410-0.019489j
[2025-04-21 23:29:27] Iteration: 546/1000, Temp: 0.0000, Energy: -75.169702+0.004694j
[2025-04-21 23:29:45] Iteration: 547/1000, Temp: 0.0000, Energy: -75.271946+0.059756j
[2025-04-21 23:30:02] Iteration: 548/1000, Temp: 0.0000, Energy: -75.195528+0.035876j
[2025-04-21 23:30:19] Iteration: 549/1000, Temp: 0.0000, Energy: -75.266034-0.011882j
[2025-04-21 23:30:37] Iteration: 550/1000, Temp: 0.0000, Energy: -75.284689-0.034028j
[2025-04-21 23:30:54] Iteration: 551/1000, Temp: 0.0000, Energy: -75.196591-0.002477j
[2025-04-21 23:31:12] Iteration: 552/1000, Temp: 0.0000, Energy: -75.326805+0.053704j
[2025-04-21 23:31:29] Iteration: 553/1000, Temp: 0.0000, Energy: -75.175490+0.047351j
[2025-04-21 23:31:46] Iteration: 554/1000, Temp: 0.0000, Energy: -75.351302+0.054888j
[2025-04-21 23:32:04] Iteration: 555/1000, Temp: 0.0000, Energy: -75.156002-0.027066j
[2025-04-21 23:32:21] Iteration: 556/1000, Temp: 0.0000, Energy: -75.276092-0.002442j
[2025-04-21 23:32:38] Iteration: 557/1000, Temp: 0.0000, Energy: -75.072349+0.016044j
[2025-04-21 23:32:56] Iteration: 558/1000, Temp: 0.0000, Energy: -75.155623+0.019791j
[2025-04-21 23:33:13] Iteration: 559/1000, Temp: 0.0000, Energy: -75.142863+0.039140j
[2025-04-21 23:33:31] Iteration: 560/1000, Temp: 0.0000, Energy: -75.366119+0.029737j
[2025-04-21 23:33:48] Iteration: 561/1000, Temp: 0.0000, Energy: -75.306338+0.015888j
[2025-04-21 23:34:05] Iteration: 562/1000, Temp: 0.0000, Energy: -75.226528-0.025201j
[2025-04-21 23:34:23] Iteration: 563/1000, Temp: 0.0000, Energy: -75.318668-0.047358j
[2025-04-21 23:34:40] Iteration: 564/1000, Temp: 0.0000, Energy: -75.287122+0.003656j
[2025-04-21 23:34:58] Iteration: 565/1000, Temp: 0.0000, Energy: -75.160780-0.055704j
[2025-04-21 23:35:15] Iteration: 566/1000, Temp: 0.0000, Energy: -75.091668-0.071619j
[2025-04-21 23:35:32] Iteration: 567/1000, Temp: 0.0000, Energy: -75.018759-0.080465j
[2025-04-21 23:35:50] Iteration: 568/1000, Temp: 0.0000, Energy: -74.959040-0.017248j
[2025-04-21 23:36:07] Iteration: 569/1000, Temp: 0.0000, Energy: -74.997186+0.052492j
[2025-04-21 23:36:24] Iteration: 570/1000, Temp: 0.0000, Energy: -75.016030-0.057648j
[2025-04-21 23:36:42] Iteration: 571/1000, Temp: 0.0000, Energy: -74.932988-0.015474j
[2025-04-21 23:36:59] Iteration: 572/1000, Temp: 0.0000, Energy: -74.948965-0.017575j
[2025-04-21 23:37:17] Iteration: 573/1000, Temp: 0.0000, Energy: -74.881709-0.070878j
[2025-04-21 23:37:34] Iteration: 574/1000, Temp: 0.0000, Energy: -74.773157-0.043631j
[2025-04-21 23:37:51] Iteration: 575/1000, Temp: 0.0000, Energy: -74.750970+0.019664j
[2025-04-21 23:38:09] Iteration: 576/1000, Temp: 0.0000, Energy: -74.840055+0.012614j
[2025-04-21 23:38:26] Iteration: 577/1000, Temp: 0.0000, Energy: -74.974371+0.004102j
[2025-04-21 23:38:43] Iteration: 578/1000, Temp: 0.0000, Energy: -74.970684+0.009622j
[2025-04-21 23:39:01] Iteration: 579/1000, Temp: 0.0000, Energy: -75.075682-0.059139j
[2025-04-21 23:39:18] Iteration: 580/1000, Temp: 0.0000, Energy: -75.113857-0.019338j
[2025-04-21 23:39:36] Iteration: 581/1000, Temp: 0.0000, Energy: -75.175212-0.034333j
[2025-04-21 23:39:53] Iteration: 582/1000, Temp: 0.0000, Energy: -75.162871-0.058373j
[2025-04-21 23:40:10] Iteration: 583/1000, Temp: 0.0000, Energy: -75.069022+0.013682j
[2025-04-21 23:40:28] Iteration: 584/1000, Temp: 0.0000, Energy: -75.155008-0.004300j
[2025-04-21 23:40:45] Iteration: 585/1000, Temp: 0.0000, Energy: -75.225016-0.039520j
[2025-04-21 23:41:02] Iteration: 586/1000, Temp: 0.0000, Energy: -75.069522+0.033449j
[2025-04-21 23:41:20] Iteration: 587/1000, Temp: 0.0000, Energy: -75.154136-0.046495j
[2025-04-21 23:41:37] Iteration: 588/1000, Temp: 0.0000, Energy: -75.204121-0.025660j
[2025-04-21 23:41:55] Iteration: 589/1000, Temp: 0.0000, Energy: -75.100863+0.042311j
[2025-04-21 23:42:12] Iteration: 590/1000, Temp: 0.0000, Energy: -75.057343+0.088813j
[2025-04-21 23:42:29] Iteration: 591/1000, Temp: 0.0000, Energy: -75.103494-0.035218j
[2025-04-21 23:42:47] Iteration: 592/1000, Temp: 0.0000, Energy: -75.075801-0.007472j
[2025-04-21 23:43:04] Iteration: 593/1000, Temp: 0.0000, Energy: -75.203179+0.022117j
[2025-04-21 23:43:21] Iteration: 594/1000, Temp: 0.0000, Energy: -74.938757+0.054684j
[2025-04-21 23:43:39] Iteration: 595/1000, Temp: 0.0000, Energy: -75.016136-0.023270j
[2025-04-21 23:43:56] Iteration: 596/1000, Temp: 0.0000, Energy: -75.126179-0.028917j
[2025-04-21 23:44:13] Iteration: 597/1000, Temp: 0.0000, Energy: -75.123706+0.008109j
[2025-04-21 23:44:31] Iteration: 598/1000, Temp: 0.0000, Energy: -75.156621-0.009829j
[2025-04-21 23:44:48] Iteration: 599/1000, Temp: 0.0000, Energy: -74.945933-0.055012j
[2025-04-21 23:45:06] Iteration: 600/1000, Temp: 0.0000, Energy: -75.046779+0.030691j
[2025-04-21 23:45:23] Iteration: 601/1000, Temp: 0.0000, Energy: -75.198417+0.020828j
[2025-04-21 23:45:40] Iteration: 602/1000, Temp: 0.0000, Energy: -75.149006-0.025469j
[2025-04-21 23:45:58] Iteration: 603/1000, Temp: 0.0000, Energy: -75.025754+0.001223j
[2025-04-21 23:46:15] Iteration: 604/1000, Temp: 0.0000, Energy: -75.152674-0.034299j
[2025-04-21 23:46:32] Iteration: 605/1000, Temp: 0.0000, Energy: -75.181299+0.015965j
[2025-04-21 23:46:50] Iteration: 606/1000, Temp: 0.0000, Energy: -75.187069+0.036362j
[2025-04-21 23:47:07] Iteration: 607/1000, Temp: 0.0000, Energy: -75.163020+0.027895j
[2025-04-21 23:47:24] Iteration: 608/1000, Temp: 0.0000, Energy: -75.285683-0.001363j
[2025-04-21 23:47:42] Iteration: 609/1000, Temp: 0.0000, Energy: -75.195015-0.021409j
[2025-04-21 23:47:59] Iteration: 610/1000, Temp: 0.0000, Energy: -75.208137-0.003785j
[2025-04-21 23:48:17] Iteration: 611/1000, Temp: 0.0000, Energy: -75.204443+0.063839j
[2025-04-21 23:48:34] Iteration: 612/1000, Temp: 0.0000, Energy: -75.230597+0.009858j
[2025-04-21 23:48:51] Iteration: 613/1000, Temp: 0.0000, Energy: -75.384736+0.002483j
[2025-04-21 23:49:09] Iteration: 614/1000, Temp: 0.0000, Energy: -75.337631+0.005329j
[2025-04-21 23:49:26] Iteration: 615/1000, Temp: 0.0000, Energy: -75.367255-0.018710j
[2025-04-21 23:49:43] Iteration: 616/1000, Temp: 0.0000, Energy: -75.377908-0.031957j
[2025-04-21 23:50:01] Iteration: 617/1000, Temp: 0.0000, Energy: -75.359226-0.020681j
[2025-04-21 23:50:18] Iteration: 618/1000, Temp: 0.0000, Energy: -75.288150+0.020088j
[2025-04-21 23:50:35] Iteration: 619/1000, Temp: 0.0000, Energy: -75.369435-0.008152j
[2025-04-21 23:50:53] Iteration: 620/1000, Temp: 0.0000, Energy: -75.448932-0.023415j
[2025-04-21 23:51:10] Iteration: 621/1000, Temp: 0.0000, Energy: -75.283729-0.014844j
[2025-04-21 23:51:27] Iteration: 622/1000, Temp: 0.0000, Energy: -75.242745+0.013944j
[2025-04-21 23:51:45] Iteration: 623/1000, Temp: 0.0000, Energy: -75.299534-0.040013j
[2025-04-21 23:52:02] Iteration: 624/1000, Temp: 0.0000, Energy: -75.316691-0.015717j
[2025-04-21 23:52:20] Iteration: 625/1000, Temp: 0.0000, Energy: -75.305107-0.032495j
[2025-04-21 23:52:37] Iteration: 626/1000, Temp: 0.0000, Energy: -75.476254-0.042952j
[2025-04-21 23:52:54] Iteration: 627/1000, Temp: 0.0000, Energy: -75.406487-0.073908j
[2025-04-21 23:53:12] Iteration: 628/1000, Temp: 0.0000, Energy: -75.299256-0.052520j
[2025-04-21 23:53:29] Iteration: 629/1000, Temp: 0.0000, Energy: -75.166174-0.107289j
[2025-04-21 23:53:46] Iteration: 630/1000, Temp: 0.0000, Energy: -75.263967-0.000440j
[2025-04-21 23:54:04] Iteration: 631/1000, Temp: 0.0000, Energy: -75.319312-0.041125j
[2025-04-21 23:54:21] Iteration: 632/1000, Temp: 0.0000, Energy: -75.322750-0.004647j
[2025-04-21 23:54:39] Iteration: 633/1000, Temp: 0.0000, Energy: -75.409698+0.005055j
[2025-04-21 23:54:56] Iteration: 634/1000, Temp: 0.0000, Energy: -75.450721-0.007377j
[2025-04-21 23:55:13] Iteration: 635/1000, Temp: 0.0000, Energy: -75.375533+0.048531j
[2025-04-21 23:55:31] Iteration: 636/1000, Temp: 0.0000, Energy: -75.342926+0.124483j
[2025-04-21 23:55:48] Iteration: 637/1000, Temp: 0.0000, Energy: -75.182125+0.019223j
[2025-04-21 23:56:06] Iteration: 638/1000, Temp: 0.0000, Energy: -75.182184+0.064354j
[2025-04-21 23:56:23] Iteration: 639/1000, Temp: 0.0000, Energy: -75.069017+0.039591j
[2025-04-21 23:56:40] Iteration: 640/1000, Temp: 0.0000, Energy: -75.203436-0.030534j
[2025-04-21 23:56:58] Iteration: 641/1000, Temp: 0.0000, Energy: -74.966505+0.049039j
[2025-04-21 23:57:15] Iteration: 642/1000, Temp: 0.0000, Energy: -74.953117+0.007468j
[2025-04-21 23:57:32] Iteration: 643/1000, Temp: 0.0000, Energy: -75.271819-0.023365j
[2025-04-21 23:57:50] Iteration: 644/1000, Temp: 0.0000, Energy: -75.178302-0.044317j
[2025-04-21 23:58:07] Iteration: 645/1000, Temp: 0.0000, Energy: -75.318069-0.104368j
[2025-04-21 23:58:24] Iteration: 646/1000, Temp: 0.0000, Energy: -75.429134-0.037371j
[2025-04-21 23:58:42] Iteration: 647/1000, Temp: 0.0000, Energy: -75.465366-0.033481j
[2025-04-21 23:58:59] Iteration: 648/1000, Temp: 0.0000, Energy: -75.378089-0.050482j
[2025-04-21 23:59:17] Iteration: 649/1000, Temp: 0.0000, Energy: -75.443514+0.052894j
[2025-04-21 23:59:34] Iteration: 650/1000, Temp: 0.0000, Energy: -75.310085+0.058446j
[2025-04-21 23:59:51] Iteration: 651/1000, Temp: 0.0000, Energy: -75.341668+0.069038j
[2025-04-22 00:00:09] Iteration: 652/1000, Temp: 0.0000, Energy: -75.293266-0.005900j
[2025-04-22 00:00:26] Iteration: 653/1000, Temp: 0.0000, Energy: -75.166553-0.026724j
[2025-04-22 00:00:43] Iteration: 654/1000, Temp: 0.0000, Energy: -75.131326+0.096928j
[2025-04-22 00:01:01] Iteration: 655/1000, Temp: 0.0000, Energy: -75.146191-0.001025j
[2025-04-22 00:01:18] Iteration: 656/1000, Temp: 0.0000, Energy: -75.020357-0.009254j
[2025-04-22 00:01:36] Iteration: 657/1000, Temp: 0.0000, Energy: -75.015333-0.003976j
[2025-04-22 00:01:53] Iteration: 658/1000, Temp: 0.0000, Energy: -75.089098-0.014498j
[2025-04-22 00:02:10] Iteration: 659/1000, Temp: 0.0000, Energy: -75.108472-0.030069j
[2025-04-22 00:02:28] Iteration: 660/1000, Temp: 0.0000, Energy: -75.075963-0.023456j
[2025-04-22 00:02:45] Iteration: 661/1000, Temp: 0.0000, Energy: -75.182192-0.004986j
[2025-04-22 00:03:02] Iteration: 662/1000, Temp: 0.0000, Energy: -75.083053+0.027241j
[2025-04-22 00:03:20] Iteration: 663/1000, Temp: 0.0000, Energy: -75.161090-0.007146j
[2025-04-22 00:03:37] Iteration: 664/1000, Temp: 0.0000, Energy: -75.308370-0.040055j
[2025-04-22 00:03:55] Iteration: 665/1000, Temp: 0.0000, Energy: -75.269505-0.045658j
[2025-04-22 00:04:12] Iteration: 666/1000, Temp: 0.0000, Energy: -75.171526-0.038203j
[2025-04-22 00:04:29] Iteration: 667/1000, Temp: 0.0000, Energy: -75.221666-0.076377j
[2025-04-22 00:04:47] Iteration: 668/1000, Temp: 0.0000, Energy: -75.245717-0.001988j
[2025-04-22 00:05:04] Iteration: 669/1000, Temp: 0.0000, Energy: -75.319688-0.061655j
[2025-04-22 00:05:22] Iteration: 670/1000, Temp: 0.0000, Energy: -75.260944+0.016435j
[2025-04-22 00:05:39] Iteration: 671/1000, Temp: 0.0000, Energy: -75.375273-0.022102j
[2025-04-22 00:05:56] Iteration: 672/1000, Temp: 0.0000, Energy: -75.244078+0.011966j
[2025-04-22 00:06:14] Iteration: 673/1000, Temp: 0.0000, Energy: -75.375762+0.011882j
[2025-04-22 00:06:31] Iteration: 674/1000, Temp: 0.0000, Energy: -75.402041+0.032396j
[2025-04-22 00:06:48] Iteration: 675/1000, Temp: 0.0000, Energy: -75.423548+0.005884j
[2025-04-22 00:07:06] Iteration: 676/1000, Temp: 0.0000, Energy: -75.379645-0.023650j
[2025-04-22 00:07:23] Iteration: 677/1000, Temp: 0.0000, Energy: -75.318808+0.000531j
[2025-04-22 00:07:40] Iteration: 678/1000, Temp: 0.0000, Energy: -75.461968-0.004482j
[2025-04-22 00:07:58] Iteration: 679/1000, Temp: 0.0000, Energy: -75.521191-0.023319j
[2025-04-22 00:08:15] Iteration: 680/1000, Temp: 0.0000, Energy: -75.464674+0.017983j
[2025-04-22 00:08:33] Iteration: 681/1000, Temp: 0.0000, Energy: -75.211602+0.001676j
[2025-04-22 00:08:50] Iteration: 682/1000, Temp: 0.0000, Energy: -75.406698-0.027128j
[2025-04-22 00:09:07] Iteration: 683/1000, Temp: 0.0000, Energy: -75.435328+0.001993j
[2025-04-22 00:09:25] Iteration: 684/1000, Temp: 0.0000, Energy: -75.294845-0.009812j
[2025-04-22 00:09:42] Iteration: 685/1000, Temp: 0.0000, Energy: -75.288753-0.041722j
[2025-04-22 00:09:59] Iteration: 686/1000, Temp: 0.0000, Energy: -75.531178+0.002746j
[2025-04-22 00:10:17] Iteration: 687/1000, Temp: 0.0000, Energy: -75.399826-0.012784j
[2025-04-22 00:10:34] Iteration: 688/1000, Temp: 0.0000, Energy: -75.396764+0.052295j
[2025-04-22 00:10:52] Iteration: 689/1000, Temp: 0.0000, Energy: -75.396851+0.014205j
[2025-04-22 00:11:09] Iteration: 690/1000, Temp: 0.0000, Energy: -75.472325+0.002547j
[2025-04-22 00:11:26] Iteration: 691/1000, Temp: 0.0000, Energy: -75.517892-0.003546j
[2025-04-22 00:11:44] Iteration: 692/1000, Temp: 0.0000, Energy: -75.410503-0.026166j
[2025-04-22 00:12:01] Iteration: 693/1000, Temp: 0.0000, Energy: -75.353686-0.051020j
[2025-04-22 00:12:18] Iteration: 694/1000, Temp: 0.0000, Energy: -75.368355-0.000179j
[2025-04-22 00:12:36] Iteration: 695/1000, Temp: 0.0000, Energy: -75.542002-0.061892j
[2025-04-22 00:12:53] Iteration: 696/1000, Temp: 0.0000, Energy: -75.548163-0.004293j
[2025-04-22 00:13:10] Iteration: 697/1000, Temp: 0.0000, Energy: -75.532953-0.025761j
[2025-04-22 00:13:28] Iteration: 698/1000, Temp: 0.0000, Energy: -75.396679+0.042002j
[2025-04-22 00:13:45] Iteration: 699/1000, Temp: 0.0000, Energy: -75.623279-0.027495j
[2025-04-22 00:14:03] Iteration: 700/1000, Temp: 0.0000, Energy: -75.609238-0.032302j
[2025-04-22 00:14:20] Iteration: 701/1000, Temp: 0.0000, Energy: -75.788116-0.067743j
[2025-04-22 00:14:37] Iteration: 702/1000, Temp: 0.0000, Energy: -75.676104+0.018399j
[2025-04-22 00:14:55] Iteration: 703/1000, Temp: 0.0000, Energy: -75.650845-0.016277j
[2025-04-22 00:15:12] Iteration: 704/1000, Temp: 0.0000, Energy: -75.678635-0.025955j
[2025-04-22 00:15:29] Iteration: 705/1000, Temp: 0.0000, Energy: -75.761898-0.013210j
[2025-04-22 00:15:47] Iteration: 706/1000, Temp: 0.0000, Energy: -75.725924+0.024369j
[2025-04-22 00:16:04] Iteration: 707/1000, Temp: 0.0000, Energy: -75.748247+0.010366j
[2025-04-22 00:16:22] Iteration: 708/1000, Temp: 0.0000, Energy: -75.672330+0.084123j
[2025-04-22 00:16:39] Iteration: 709/1000, Temp: 0.0000, Energy: -75.556444+0.060651j
[2025-04-22 00:16:56] Iteration: 710/1000, Temp: 0.0000, Energy: -75.494864-0.021735j
[2025-04-22 00:17:14] Iteration: 711/1000, Temp: 0.0000, Energy: -75.439214+0.017290j
[2025-04-22 00:17:31] Iteration: 712/1000, Temp: 0.0000, Energy: -75.633209+0.019974j
[2025-04-22 00:17:48] Iteration: 713/1000, Temp: 0.0000, Energy: -75.663301-0.019867j
[2025-04-22 00:18:06] Iteration: 714/1000, Temp: 0.0000, Energy: -75.567956+0.050456j
[2025-04-22 00:18:23] Iteration: 715/1000, Temp: 0.0000, Energy: -75.341378+0.097304j
[2025-04-22 00:18:40] Iteration: 716/1000, Temp: 0.0000, Energy: -75.298228+0.079391j
[2025-04-22 00:18:58] Iteration: 717/1000, Temp: 0.0000, Energy: -75.257728+0.017432j
[2025-04-22 00:19:15] Iteration: 718/1000, Temp: 0.0000, Energy: -75.226578+0.023122j
[2025-04-22 00:19:33] Iteration: 719/1000, Temp: 0.0000, Energy: -75.231186+0.075996j
[2025-04-22 00:19:50] Iteration: 720/1000, Temp: 0.0000, Energy: -75.147797-0.017955j
[2025-04-22 00:20:07] Iteration: 721/1000, Temp: 0.0000, Energy: -75.255430-0.106372j
[2025-04-22 00:20:25] Iteration: 722/1000, Temp: 0.0000, Energy: -75.285950-0.012281j
[2025-04-22 00:20:42] Iteration: 723/1000, Temp: 0.0000, Energy: -75.181913-0.062442j
[2025-04-22 00:21:00] Iteration: 724/1000, Temp: 0.0000, Energy: -75.394552-0.069893j
[2025-04-22 00:21:17] Iteration: 725/1000, Temp: 0.0000, Energy: -75.622887-0.084050j
[2025-04-22 00:21:34] Iteration: 726/1000, Temp: 0.0000, Energy: -75.466507-0.006545j
[2025-04-22 00:21:52] Iteration: 727/1000, Temp: 0.0000, Energy: -75.268519-0.000962j
[2025-04-22 00:22:09] Iteration: 728/1000, Temp: 0.0000, Energy: -75.527534+0.038879j
[2025-04-22 00:22:26] Iteration: 729/1000, Temp: 0.0000, Energy: -75.616215-0.009311j
[2025-04-22 00:22:44] Iteration: 730/1000, Temp: 0.0000, Energy: -75.468179-0.005465j
[2025-04-22 00:23:01] Iteration: 731/1000, Temp: 0.0000, Energy: -75.501386+0.102408j
[2025-04-22 00:23:19] Iteration: 732/1000, Temp: 0.0000, Energy: -75.455682+0.054741j
[2025-04-22 00:23:36] Iteration: 733/1000, Temp: 0.0000, Energy: -75.394695-0.013755j
[2025-04-22 00:23:53] Iteration: 734/1000, Temp: 0.0000, Energy: -75.473896+0.031948j
[2025-04-22 00:24:11] Iteration: 735/1000, Temp: 0.0000, Energy: -75.461319+0.004167j
[2025-04-22 00:24:28] Iteration: 736/1000, Temp: 0.0000, Energy: -75.364223+0.004261j
[2025-04-22 00:24:45] Iteration: 737/1000, Temp: 0.0000, Energy: -75.322676+0.019295j
[2025-04-22 00:25:03] Iteration: 738/1000, Temp: 0.0000, Energy: -75.370387+0.020509j
[2025-04-22 00:25:20] Iteration: 739/1000, Temp: 0.0000, Energy: -75.614057+0.005133j
[2025-04-22 00:25:38] Iteration: 740/1000, Temp: 0.0000, Energy: -75.290268+0.028877j
[2025-04-22 00:25:55] Iteration: 741/1000, Temp: 0.0000, Energy: -75.335681+0.056175j
[2025-04-22 00:26:12] Iteration: 742/1000, Temp: 0.0000, Energy: -75.303626-0.024059j
[2025-04-22 00:26:30] Iteration: 743/1000, Temp: 0.0000, Energy: -75.208787+0.018645j
[2025-04-22 00:26:47] Iteration: 744/1000, Temp: 0.0000, Energy: -75.196626+0.012239j
[2025-04-22 00:27:04] Iteration: 745/1000, Temp: 0.0000, Energy: -75.364177-0.003995j
[2025-04-22 00:27:22] Iteration: 746/1000, Temp: 0.0000, Energy: -75.369888-0.016885j
[2025-04-22 00:27:39] Iteration: 747/1000, Temp: 0.0000, Energy: -75.540725+0.001824j
[2025-04-22 00:27:57] Iteration: 748/1000, Temp: 0.0000, Energy: -75.481079-0.011263j
[2025-04-22 00:28:14] Iteration: 749/1000, Temp: 0.0000, Energy: -75.626118+0.043541j
[2025-04-22 00:28:31] Iteration: 750/1000, Temp: 0.0000, Energy: -75.512468+0.014076j
[2025-04-22 00:28:49] Iteration: 751/1000, Temp: 0.0000, Energy: -75.483020+0.049505j
[2025-04-22 00:29:06] Iteration: 752/1000, Temp: 0.0000, Energy: -75.366609+0.033052j
[2025-04-22 00:29:23] Iteration: 753/1000, Temp: 0.0000, Energy: -75.406056+0.028906j
[2025-04-22 00:29:41] Iteration: 754/1000, Temp: 0.0000, Energy: -75.397104-0.006075j
[2025-04-22 00:29:58] Iteration: 755/1000, Temp: 0.0000, Energy: -75.466647+0.033927j
[2025-04-22 00:30:16] Iteration: 756/1000, Temp: 0.0000, Energy: -75.498219+0.022181j
[2025-04-22 00:30:33] Iteration: 757/1000, Temp: 0.0000, Energy: -75.457124+0.008218j
[2025-04-22 00:30:50] Iteration: 758/1000, Temp: 0.0000, Energy: -75.482374-0.008118j
[2025-04-22 00:31:08] Iteration: 759/1000, Temp: 0.0000, Energy: -75.531489+0.069762j
[2025-04-22 00:31:25] Iteration: 760/1000, Temp: 0.0000, Energy: -75.525263+0.003213j
[2025-04-22 00:31:42] Iteration: 761/1000, Temp: 0.0000, Energy: -75.441037-0.040380j
[2025-04-22 00:32:00] Iteration: 762/1000, Temp: 0.0000, Energy: -75.447529-0.007212j
[2025-04-22 00:32:17] Iteration: 763/1000, Temp: 0.0000, Energy: -75.502519-0.013448j
[2025-04-22 00:32:35] Iteration: 764/1000, Temp: 0.0000, Energy: -75.461236+0.002757j
[2025-04-22 00:32:52] Iteration: 765/1000, Temp: 0.0000, Energy: -75.538601-0.052990j
[2025-04-22 00:33:09] Iteration: 766/1000, Temp: 0.0000, Energy: -75.548810+0.044620j
[2025-04-22 00:33:27] Iteration: 767/1000, Temp: 0.0000, Energy: -75.476869-0.013910j
[2025-04-22 00:33:44] Iteration: 768/1000, Temp: 0.0000, Energy: -75.506489-0.049177j
[2025-04-22 00:34:02] Iteration: 769/1000, Temp: 0.0000, Energy: -75.388760+0.034429j
[2025-04-22 00:34:19] Iteration: 770/1000, Temp: 0.0000, Energy: -75.513358+0.067673j
[2025-04-22 00:34:36] Iteration: 771/1000, Temp: 0.0000, Energy: -75.531827+0.026949j
[2025-04-22 00:34:54] Iteration: 772/1000, Temp: 0.0000, Energy: -75.603266+0.033356j
[2025-04-22 00:35:11] Iteration: 773/1000, Temp: 0.0000, Energy: -75.524158+0.019210j
[2025-04-22 00:35:28] Iteration: 774/1000, Temp: 0.0000, Energy: -75.642674+0.022062j
[2025-04-22 00:35:46] Iteration: 775/1000, Temp: 0.0000, Energy: -75.672542+0.070999j
[2025-04-22 00:36:03] Iteration: 776/1000, Temp: 0.0000, Energy: -75.653168+0.052060j
[2025-04-22 00:36:21] Iteration: 777/1000, Temp: 0.0000, Energy: -75.454148+0.081104j
[2025-04-22 00:36:38] Iteration: 778/1000, Temp: 0.0000, Energy: -75.313588+0.084678j
[2025-04-22 00:36:55] Iteration: 779/1000, Temp: 0.0000, Energy: -75.438536+0.058465j
[2025-04-22 00:37:13] Iteration: 780/1000, Temp: 0.0000, Energy: -75.453052-0.041974j
[2025-04-22 00:37:30] Iteration: 781/1000, Temp: 0.0000, Energy: -75.536783-0.054323j
[2025-04-22 00:37:48] Iteration: 782/1000, Temp: 0.0000, Energy: -75.561743-0.012911j
[2025-04-22 00:38:05] Iteration: 783/1000, Temp: 0.0000, Energy: -75.465763-0.032772j
[2025-04-22 00:38:22] Iteration: 784/1000, Temp: 0.0000, Energy: -75.409743+0.043170j
[2025-04-22 00:38:40] Iteration: 785/1000, Temp: 0.0000, Energy: -75.334800+0.009268j
[2025-04-22 00:38:57] Iteration: 786/1000, Temp: 0.0000, Energy: -75.404212-0.014571j
[2025-04-22 00:39:14] Iteration: 787/1000, Temp: 0.0000, Energy: -75.310089-0.032290j
[2025-04-22 00:39:32] Iteration: 788/1000, Temp: 0.0000, Energy: -75.404623-0.045820j
[2025-04-22 00:39:49] Iteration: 789/1000, Temp: 0.0000, Energy: -75.199071+0.024094j
[2025-04-22 00:40:06] Iteration: 790/1000, Temp: 0.0000, Energy: -75.204569-0.005001j
[2025-04-22 00:40:24] Iteration: 791/1000, Temp: 0.0000, Energy: -75.405270+0.016573j
[2025-04-22 00:40:41] Iteration: 792/1000, Temp: 0.0000, Energy: -75.374234+0.005355j
[2025-04-22 00:40:59] Iteration: 793/1000, Temp: 0.0000, Energy: -75.387717-0.006051j
[2025-04-22 00:41:16] Iteration: 794/1000, Temp: 0.0000, Energy: -75.286680-0.022475j
[2025-04-22 00:41:33] Iteration: 795/1000, Temp: 0.0000, Energy: -75.294829-0.079046j
[2025-04-22 00:41:51] Iteration: 796/1000, Temp: 0.0000, Energy: -75.397934+0.004732j
[2025-04-22 00:42:08] Iteration: 797/1000, Temp: 0.0000, Energy: -75.551407-0.010682j
[2025-04-22 00:42:25] Iteration: 798/1000, Temp: 0.0000, Energy: -75.513331-0.027272j
[2025-04-22 00:42:43] Iteration: 799/1000, Temp: 0.0000, Energy: -75.500432+0.014887j
[2025-04-22 00:43:00] Iteration: 800/1000, Temp: 0.0000, Energy: -75.619242-0.003272j
[2025-04-22 00:43:17] Iteration: 801/1000, Temp: 0.0000, Energy: -75.534609+0.021945j
[2025-04-22 00:43:35] Iteration: 802/1000, Temp: 0.0000, Energy: -75.520496+0.021174j
[2025-04-22 00:43:52] Iteration: 803/1000, Temp: 0.0000, Energy: -75.447991+0.018379j
[2025-04-22 00:44:10] Iteration: 804/1000, Temp: 0.0000, Energy: -75.587534-0.019040j
[2025-04-22 00:44:27] Iteration: 805/1000, Temp: 0.0000, Energy: -75.629681-0.012903j
[2025-04-22 00:44:44] Iteration: 806/1000, Temp: 0.0000, Energy: -75.576143-0.005013j
[2025-04-22 00:45:02] Iteration: 807/1000, Temp: 0.0000, Energy: -75.576969-0.010406j
[2025-04-22 00:45:19] Iteration: 808/1000, Temp: 0.0000, Energy: -75.474464-0.008062j
[2025-04-22 00:45:36] Iteration: 809/1000, Temp: 0.0000, Energy: -75.553426+0.007356j
[2025-04-22 00:45:54] Iteration: 810/1000, Temp: 0.0000, Energy: -75.583737+0.022042j
[2025-04-22 00:46:11] Iteration: 811/1000, Temp: 0.0000, Energy: -75.421360+0.017127j
[2025-04-22 00:46:28] Iteration: 812/1000, Temp: 0.0000, Energy: -75.536167-0.026626j
[2025-04-22 00:46:46] Iteration: 813/1000, Temp: 0.0000, Energy: -75.493414-0.012148j
[2025-04-22 00:47:03] Iteration: 814/1000, Temp: 0.0000, Energy: -75.476977+0.002891j
[2025-04-22 00:47:21] Iteration: 815/1000, Temp: 0.0000, Energy: -75.720439-0.011391j
[2025-04-22 00:47:38] Iteration: 816/1000, Temp: 0.0000, Energy: -75.673367+0.030240j
[2025-04-22 00:47:55] Iteration: 817/1000, Temp: 0.0000, Energy: -75.608280+0.011537j
[2025-04-22 00:48:13] Iteration: 818/1000, Temp: 0.0000, Energy: -75.617269+0.002369j
[2025-04-22 00:48:30] Iteration: 819/1000, Temp: 0.0000, Energy: -75.511810-0.044462j
[2025-04-22 00:48:47] Iteration: 820/1000, Temp: 0.0000, Energy: -75.525266-0.008778j
[2025-04-22 00:49:05] Iteration: 821/1000, Temp: 0.0000, Energy: -75.540522+0.045064j
[2025-04-22 00:49:22] Iteration: 822/1000, Temp: 0.0000, Energy: -75.647749-0.007788j
[2025-04-22 00:49:40] Iteration: 823/1000, Temp: 0.0000, Energy: -75.614238-0.024229j
[2025-04-22 00:49:57] Iteration: 824/1000, Temp: 0.0000, Energy: -75.702122+0.027891j
[2025-04-22 00:50:14] Iteration: 825/1000, Temp: 0.0000, Energy: -75.669585-0.012106j
[2025-04-22 00:50:32] Iteration: 826/1000, Temp: 0.0000, Energy: -75.542486-0.008856j
[2025-04-22 00:50:49] Iteration: 827/1000, Temp: 0.0000, Energy: -75.581710-0.006039j
[2025-04-22 00:51:06] Iteration: 828/1000, Temp: 0.0000, Energy: -75.503256-0.027594j
[2025-04-22 00:51:24] Iteration: 829/1000, Temp: 0.0000, Energy: -75.647729+0.024597j
[2025-04-22 00:51:41] Iteration: 830/1000, Temp: 0.0000, Energy: -75.633331-0.011426j
[2025-04-22 00:51:58] Iteration: 831/1000, Temp: 0.0000, Energy: -75.648963+0.014573j
[2025-04-22 00:52:16] Iteration: 832/1000, Temp: 0.0000, Energy: -75.703042+0.029265j
[2025-04-22 00:52:33] Iteration: 833/1000, Temp: 0.0000, Energy: -75.815019-0.001004j
[2025-04-22 00:52:51] Iteration: 834/1000, Temp: 0.0000, Energy: -75.790760+0.045275j
[2025-04-22 00:53:08] Iteration: 835/1000, Temp: 0.0000, Energy: -75.754866-0.015029j
[2025-04-22 00:53:25] Iteration: 836/1000, Temp: 0.0000, Energy: -75.703317+0.048198j
[2025-04-22 00:53:43] Iteration: 837/1000, Temp: 0.0000, Energy: -75.622332-0.032840j
[2025-04-22 00:54:00] Iteration: 838/1000, Temp: 0.0000, Energy: -75.727306-0.049620j
[2025-04-22 00:54:18] Iteration: 839/1000, Temp: 0.0000, Energy: -75.761246+0.026076j
[2025-04-22 00:54:35] Iteration: 840/1000, Temp: 0.0000, Energy: -75.653894-0.084650j
[2025-04-22 00:54:52] Iteration: 841/1000, Temp: 0.0000, Energy: -75.671394-0.031598j
[2025-04-22 00:55:10] Iteration: 842/1000, Temp: 0.0000, Energy: -75.630597+0.003024j
[2025-04-22 00:55:27] Iteration: 843/1000, Temp: 0.0000, Energy: -75.715718+0.046038j
[2025-04-22 00:55:44] Iteration: 844/1000, Temp: 0.0000, Energy: -75.562826+0.006415j
[2025-04-22 00:56:02] Iteration: 845/1000, Temp: 0.0000, Energy: -75.784217+0.024502j
[2025-04-22 00:56:19] Iteration: 846/1000, Temp: 0.0000, Energy: -75.689350+0.007848j
[2025-04-22 00:56:37] Iteration: 847/1000, Temp: 0.0000, Energy: -75.718257+0.000545j
[2025-04-22 00:56:54] Iteration: 848/1000, Temp: 0.0000, Energy: -75.619887-0.030377j
[2025-04-22 00:57:11] Iteration: 849/1000, Temp: 0.0000, Energy: -75.636437-0.018929j
[2025-04-22 00:57:29] Iteration: 850/1000, Temp: 0.0000, Energy: -75.687539-0.012175j
[2025-04-22 00:57:46] Iteration: 851/1000, Temp: 0.0000, Energy: -75.672956-0.061704j
[2025-04-22 00:58:03] Iteration: 852/1000, Temp: 0.0000, Energy: -75.681349-0.046390j
[2025-04-22 00:58:21] Iteration: 853/1000, Temp: 0.0000, Energy: -75.698178+0.044216j
[2025-04-22 00:58:38] Iteration: 854/1000, Temp: 0.0000, Energy: -75.743807-0.009350j
[2025-04-22 00:58:56] Iteration: 855/1000, Temp: 0.0000, Energy: -75.696006+0.021849j
[2025-04-22 00:59:13] Iteration: 856/1000, Temp: 0.0000, Energy: -75.537138+0.009270j
[2025-04-22 00:59:30] Iteration: 857/1000, Temp: 0.0000, Energy: -75.608702+0.009890j
[2025-04-22 00:59:48] Iteration: 858/1000, Temp: 0.0000, Energy: -75.574869+0.009123j
[2025-04-22 01:00:05] Iteration: 859/1000, Temp: 0.0000, Energy: -75.709354+0.037548j
[2025-04-22 01:00:22] Iteration: 860/1000, Temp: 0.0000, Energy: -75.613320-0.024267j
[2025-04-22 01:00:40] Iteration: 861/1000, Temp: 0.0000, Energy: -75.601038-0.023623j
[2025-04-22 01:00:57] Iteration: 862/1000, Temp: 0.0000, Energy: -75.745488+0.035495j
[2025-04-22 01:01:15] Iteration: 863/1000, Temp: 0.0000, Energy: -75.847170-0.032346j
[2025-04-22 01:01:32] Iteration: 864/1000, Temp: 0.0000, Energy: -75.909624-0.012856j
[2025-04-22 01:01:49] Iteration: 865/1000, Temp: 0.0000, Energy: -75.715871-0.001959j
[2025-04-22 01:02:07] Iteration: 866/1000, Temp: 0.0000, Energy: -75.695684-0.006531j
[2025-04-22 01:02:24] Iteration: 867/1000, Temp: 0.0000, Energy: -75.754468-0.013579j
[2025-04-22 01:02:41] Iteration: 868/1000, Temp: 0.0000, Energy: -75.752636+0.000548j
[2025-04-22 01:02:59] Iteration: 869/1000, Temp: 0.0000, Energy: -75.802134+0.013029j
[2025-04-22 01:03:16] Iteration: 870/1000, Temp: 0.0000, Energy: -75.953314+0.062907j
[2025-04-22 01:03:34] Iteration: 871/1000, Temp: 0.0000, Energy: -75.685348+0.103331j
[2025-04-22 01:03:51] Iteration: 872/1000, Temp: 0.0000, Energy: -75.759807-0.043613j
[2025-04-22 01:04:08] Iteration: 873/1000, Temp: 0.0000, Energy: -75.707699-0.019705j
[2025-04-22 01:04:26] Iteration: 874/1000, Temp: 0.0000, Energy: -75.694827-0.013300j
[2025-04-22 01:04:43] Iteration: 875/1000, Temp: 0.0000, Energy: -75.506057-0.037587j
[2025-04-22 01:05:00] Iteration: 876/1000, Temp: 0.0000, Energy: -75.600821-0.034562j
[2025-04-22 01:05:18] Iteration: 877/1000, Temp: 0.0000, Energy: -75.685475-0.013890j
[2025-04-22 01:05:35] Iteration: 878/1000, Temp: 0.0000, Energy: -75.751314-0.008773j
[2025-04-22 01:05:53] Iteration: 879/1000, Temp: 0.0000, Energy: -75.545267+0.018261j
[2025-04-22 01:06:10] Iteration: 880/1000, Temp: 0.0000, Energy: -75.577164-0.009830j
[2025-04-22 01:06:27] Iteration: 881/1000, Temp: 0.0000, Energy: -75.551877+0.031336j
[2025-04-22 01:06:45] Iteration: 882/1000, Temp: 0.0000, Energy: -75.599450-0.002591j
[2025-04-22 01:07:02] Iteration: 883/1000, Temp: 0.0000, Energy: -75.588720-0.015295j
[2025-04-22 01:07:19] Iteration: 884/1000, Temp: 0.0000, Energy: -75.532514-0.006342j
[2025-04-22 01:07:37] Iteration: 885/1000, Temp: 0.0000, Energy: -75.692652+0.042039j
[2025-04-22 01:07:54] Iteration: 886/1000, Temp: 0.0000, Energy: -75.561291-0.000727j
[2025-04-22 01:08:12] Iteration: 887/1000, Temp: 0.0000, Energy: -75.635433-0.031855j
[2025-04-22 01:08:29] Iteration: 888/1000, Temp: 0.0000, Energy: -75.471026+0.016612j
[2025-04-22 01:08:46] Iteration: 889/1000, Temp: 0.0000, Energy: -75.628310+0.023134j
[2025-04-22 01:09:04] Iteration: 890/1000, Temp: 0.0000, Energy: -75.584692-0.052564j
[2025-04-22 01:09:21] Iteration: 891/1000, Temp: 0.0000, Energy: -75.693487-0.019656j
[2025-04-22 01:09:39] Iteration: 892/1000, Temp: 0.0000, Energy: -75.679355+0.046241j
[2025-04-22 01:09:56] Iteration: 893/1000, Temp: 0.0000, Energy: -75.652631+0.047916j
[2025-04-22 01:10:13] Iteration: 894/1000, Temp: 0.0000, Energy: -75.704907+0.014366j
[2025-04-22 01:10:31] Iteration: 895/1000, Temp: 0.0000, Energy: -75.516044+0.017756j
[2025-04-22 01:10:48] Iteration: 896/1000, Temp: 0.0000, Energy: -75.540996+0.005786j
[2025-04-22 01:11:05] Iteration: 897/1000, Temp: 0.0000, Energy: -75.603070-0.006217j
[2025-04-22 01:11:23] Iteration: 898/1000, Temp: 0.0000, Energy: -75.676425-0.068319j
[2025-04-22 01:11:40] Iteration: 899/1000, Temp: 0.0000, Energy: -75.493674-0.045847j
[2025-04-22 01:11:57] Iteration: 900/1000, Temp: 0.0000, Energy: -75.443674-0.013357j
[2025-04-22 01:12:15] Iteration: 901/1000, Temp: 0.0000, Energy: -75.465146-0.023611j
[2025-04-22 01:12:32] Iteration: 902/1000, Temp: 0.0000, Energy: -75.564746-0.026646j
[2025-04-22 01:12:49] Iteration: 903/1000, Temp: 0.0000, Energy: -75.591450-0.016133j
[2025-04-22 01:13:07] Iteration: 904/1000, Temp: 0.0000, Energy: -75.673898-0.006790j
[2025-04-22 01:13:24] Iteration: 905/1000, Temp: 0.0000, Energy: -75.677783-0.027133j
[2025-04-22 01:13:42] Iteration: 906/1000, Temp: 0.0000, Energy: -75.610314-0.017996j
[2025-04-22 01:13:59] Iteration: 907/1000, Temp: 0.0000, Energy: -75.709480+0.014336j
[2025-04-22 01:14:16] Iteration: 908/1000, Temp: 0.0000, Energy: -75.593867+0.004480j
[2025-04-22 01:14:34] Iteration: 909/1000, Temp: 0.0000, Energy: -75.549047-0.000198j
[2025-04-22 01:14:51] Iteration: 910/1000, Temp: 0.0000, Energy: -75.660771-0.012541j
[2025-04-22 01:15:08] Iteration: 911/1000, Temp: 0.0000, Energy: -75.693480+0.019115j
[2025-04-22 01:15:26] Iteration: 912/1000, Temp: 0.0000, Energy: -75.713742-0.009897j
[2025-04-22 01:15:43] Iteration: 913/1000, Temp: 0.0000, Energy: -75.843388-0.051563j
[2025-04-22 01:16:00] Iteration: 914/1000, Temp: 0.0000, Energy: -75.737002-0.012116j
[2025-04-22 01:16:18] Iteration: 915/1000, Temp: 0.0000, Energy: -75.702896-0.008954j
[2025-04-22 01:16:35] Iteration: 916/1000, Temp: 0.0000, Energy: -75.555590-0.004780j
[2025-04-22 01:16:52] Iteration: 917/1000, Temp: 0.0000, Energy: -75.445811+0.018676j
[2025-04-22 01:17:10] Iteration: 918/1000, Temp: 0.0000, Energy: -75.423535+0.089567j
[2025-04-22 01:17:27] Iteration: 919/1000, Temp: 0.0000, Energy: -75.683001+0.042121j
[2025-04-22 01:17:44] Iteration: 920/1000, Temp: 0.0000, Energy: -75.717809+0.013639j
[2025-04-22 01:18:02] Iteration: 921/1000, Temp: 0.0000, Energy: -75.607457+0.013962j
[2025-04-22 01:18:19] Iteration: 922/1000, Temp: 0.0000, Energy: -75.528080+0.011705j
[2025-04-22 01:18:36] Iteration: 923/1000, Temp: 0.0000, Energy: -75.789003-0.026170j
[2025-04-22 01:18:54] Iteration: 924/1000, Temp: 0.0000, Energy: -75.486469-0.002172j
[2025-04-22 01:19:11] Iteration: 925/1000, Temp: 0.0000, Energy: -75.691073+0.008685j
[2025-04-22 01:19:28] Iteration: 926/1000, Temp: 0.0000, Energy: -75.591037-0.012994j
[2025-04-22 01:19:46] Iteration: 927/1000, Temp: 0.0000, Energy: -75.725515-0.014620j
[2025-04-22 01:20:03] Iteration: 928/1000, Temp: 0.0000, Energy: -75.736146+0.041993j
[2025-04-22 01:20:21] Iteration: 929/1000, Temp: 0.0000, Energy: -75.815174-0.011386j
[2025-04-22 01:20:38] Iteration: 930/1000, Temp: 0.0000, Energy: -75.630796-0.012482j
[2025-04-22 01:20:55] Iteration: 931/1000, Temp: 0.0000, Energy: -75.683700+0.024645j
[2025-04-22 01:21:13] Iteration: 932/1000, Temp: 0.0000, Energy: -75.731107+0.033784j
[2025-04-22 01:21:30] Iteration: 933/1000, Temp: 0.0000, Energy: -75.734028-0.025333j
[2025-04-22 01:21:47] Iteration: 934/1000, Temp: 0.0000, Energy: -75.696236+0.018695j
[2025-04-22 01:22:05] Iteration: 935/1000, Temp: 0.0000, Energy: -75.763439+0.013258j
[2025-04-22 01:22:22] Iteration: 936/1000, Temp: 0.0000, Energy: -75.769152+0.021594j
[2025-04-22 01:22:40] Iteration: 937/1000, Temp: 0.0000, Energy: -75.729412-0.053013j
[2025-04-22 01:22:57] Iteration: 938/1000, Temp: 0.0000, Energy: -75.684316-0.004469j
[2025-04-22 01:23:14] Iteration: 939/1000, Temp: 0.0000, Energy: -75.815359-0.003692j
[2025-04-22 01:23:32] Iteration: 940/1000, Temp: 0.0000, Energy: -75.734450+0.019018j
[2025-04-22 01:23:49] Iteration: 941/1000, Temp: 0.0000, Energy: -75.767972-0.018460j
[2025-04-22 01:24:06] Iteration: 942/1000, Temp: 0.0000, Energy: -75.773049-0.021687j
[2025-04-22 01:24:24] Iteration: 943/1000, Temp: 0.0000, Energy: -75.730585+0.024744j
[2025-04-22 01:24:41] Iteration: 944/1000, Temp: 0.0000, Energy: -75.646816+0.034772j
[2025-04-22 01:24:58] Iteration: 945/1000, Temp: 0.0000, Energy: -75.624170-0.011628j
[2025-04-22 01:25:16] Iteration: 946/1000, Temp: 0.0000, Energy: -75.592086+0.004833j
[2025-04-22 01:25:33] Iteration: 947/1000, Temp: 0.0000, Energy: -75.549099+0.027971j
[2025-04-22 01:25:51] Iteration: 948/1000, Temp: 0.0000, Energy: -75.851879-0.047998j
[2025-04-22 01:26:08] Iteration: 949/1000, Temp: 0.0000, Energy: -75.767569-0.035714j
[2025-04-22 01:26:25] Iteration: 950/1000, Temp: 0.0000, Energy: -75.810636-0.062289j
[2025-04-22 01:26:43] Iteration: 951/1000, Temp: 0.0000, Energy: -75.879397-0.018129j
[2025-04-22 01:27:00] Iteration: 952/1000, Temp: 0.0000, Energy: -75.888412-0.013056j
[2025-04-22 01:27:17] Iteration: 953/1000, Temp: 0.0000, Energy: -75.791687+0.017079j
[2025-04-22 01:27:35] Iteration: 954/1000, Temp: 0.0000, Energy: -75.578043+0.031857j
[2025-04-22 01:27:52] Iteration: 955/1000, Temp: 0.0000, Energy: -75.647867+0.002014j
[2025-04-22 01:28:09] Iteration: 956/1000, Temp: 0.0000, Energy: -75.809668+0.003662j
[2025-04-22 01:28:27] Iteration: 957/1000, Temp: 0.0000, Energy: -75.783895+0.000551j
[2025-04-22 01:28:44] Iteration: 958/1000, Temp: 0.0000, Energy: -75.747050-0.036843j
[2025-04-22 01:29:02] Iteration: 959/1000, Temp: 0.0000, Energy: -75.798117-0.004803j
[2025-04-22 01:29:19] Iteration: 960/1000, Temp: 0.0000, Energy: -75.794698-0.030586j
[2025-04-22 01:29:36] Iteration: 961/1000, Temp: 0.0000, Energy: -75.949600+0.016441j
[2025-04-22 01:29:54] Iteration: 962/1000, Temp: 0.0000, Energy: -75.750837+0.032673j
[2025-04-22 01:30:11] Iteration: 963/1000, Temp: 0.0000, Energy: -75.820954-0.011169j
[2025-04-22 01:30:28] Iteration: 964/1000, Temp: 0.0000, Energy: -75.720221-0.018144j
[2025-04-22 01:30:46] Iteration: 965/1000, Temp: 0.0000, Energy: -75.650030+0.032904j
[2025-04-22 01:31:03] Iteration: 966/1000, Temp: 0.0000, Energy: -75.550657+0.000555j
[2025-04-22 01:31:20] Iteration: 967/1000, Temp: 0.0000, Energy: -75.615428-0.007268j
[2025-04-22 01:31:38] Iteration: 968/1000, Temp: 0.0000, Energy: -75.750572+0.006387j
[2025-04-22 01:31:55] Iteration: 969/1000, Temp: 0.0000, Energy: -75.706545-0.024532j
[2025-04-22 01:32:12] Iteration: 970/1000, Temp: 0.0000, Energy: -75.691663+0.054685j
[2025-04-22 01:32:30] Iteration: 971/1000, Temp: 0.0000, Energy: -75.827993+0.037127j
[2025-04-22 01:32:47] Iteration: 972/1000, Temp: 0.0000, Energy: -75.763012-0.020680j
[2025-04-22 01:33:05] Iteration: 973/1000, Temp: 0.0000, Energy: -75.604401-0.038763j
[2025-04-22 01:33:22] Iteration: 974/1000, Temp: 0.0000, Energy: -75.815086-0.039971j
[2025-04-22 01:33:39] Iteration: 975/1000, Temp: 0.0000, Energy: -75.916461+0.012152j
[2025-04-22 01:33:57] Iteration: 976/1000, Temp: 0.0000, Energy: -75.938946+0.070066j
[2025-04-22 01:34:14] Iteration: 977/1000, Temp: 0.0000, Energy: -75.803516+0.052071j
[2025-04-22 01:34:31] Iteration: 978/1000, Temp: 0.0000, Energy: -75.908088+0.018739j
[2025-04-22 01:34:49] Iteration: 979/1000, Temp: 0.0000, Energy: -75.937130+0.024364j
[2025-04-22 01:35:06] Iteration: 980/1000, Temp: 0.0000, Energy: -75.829492-0.022816j
[2025-04-22 01:35:23] Iteration: 981/1000, Temp: 0.0000, Energy: -75.825784-0.047450j
[2025-04-22 01:35:41] Iteration: 982/1000, Temp: 0.0000, Energy: -75.735265-0.064940j
[2025-04-22 01:35:58] Iteration: 983/1000, Temp: 0.0000, Energy: -75.901215+0.005489j
[2025-04-22 01:36:16] Iteration: 984/1000, Temp: 0.0000, Energy: -76.073551+0.005457j
[2025-04-22 01:36:33] Iteration: 985/1000, Temp: 0.0000, Energy: -75.859396+0.031866j
[2025-04-22 01:36:50] Iteration: 986/1000, Temp: 0.0000, Energy: -76.011507+0.007745j
[2025-04-22 01:37:08] Iteration: 987/1000, Temp: 0.0000, Energy: -75.947428+0.056271j
[2025-04-22 01:37:25] Iteration: 988/1000, Temp: 0.0000, Energy: -75.844508+0.048333j
[2025-04-22 01:37:42] Iteration: 989/1000, Temp: 0.0000, Energy: -75.764834-0.000286j
[2025-04-22 01:38:00] Iteration: 990/1000, Temp: 0.0000, Energy: -75.915367+0.008522j
[2025-04-22 01:38:17] Iteration: 991/1000, Temp: 0.0000, Energy: -75.891533+0.050877j
[2025-04-22 01:38:35] Iteration: 992/1000, Temp: 0.0000, Energy: -75.795545+0.011125j
[2025-04-22 01:38:52] Iteration: 993/1000, Temp: 0.0000, Energy: -75.800308+0.001510j
[2025-04-22 01:39:09] Iteration: 994/1000, Temp: 0.0000, Energy: -75.718278-0.034803j
[2025-04-22 01:39:27] Iteration: 995/1000, Temp: 0.0000, Energy: -75.657141-0.027341j
[2025-04-22 01:39:44] Iteration: 996/1000, Temp: 0.0000, Energy: -75.581469-0.016349j
[2025-04-22 01:40:01] Iteration: 997/1000, Temp: 0.0000, Energy: -75.616779+0.045393j
[2025-04-22 01:40:19] Iteration: 998/1000, Temp: 0.0000, Energy: -75.528490+0.013103j
[2025-04-22 01:40:36] Iteration: 999/1000, Temp: 0.0000, Energy: -75.613989-0.011259j
[2025-04-22 01:40:36] ==================================================
[2025-04-22 01:40:36] Training finished, total runtime = 17384.83 seconds
[2025-04-22 01:40:36] Trained quantum state parameters saved to: results/L=5/J2=0.05/J1=0.00/GCNN_L=5_J2=0.05_J1=0.00.pkl
[2025-04-22 01:40:36] ==================================================
