[2025-05-02 02:06:59] ================================================================================
[2025-05-02 02:06:59] 开始分析量子态: L=5, J2=0.05, J1=0.01
[2025-05-02 02:06:59] --------------------------------------------------------------------------------
[2025-05-02 02:06:59] 加载量子态: L=5, J2=0.05, J1=0.01
[2025-05-02 02:07:12] ================================================================================
[2025-05-02 02:07:12] 开始计算自旋结构因子...
[2025-05-02 02:07:12] 预计算自旋操作符...
[2025-05-02 02:07:12] 计算位移向量...
[2025-05-02 02:07:12] 计算自旋相关函数...
[2025-05-02 02:07:12] 处理位点 0-49/100...
[2025-05-02 03:44:58] 处理位点 50-99/100...
[2025-05-02 05:11:17] 计算傅里叶变换...
[2025-05-02 05:11:18] 使用JAX向量化计算傅里叶变换...
[2025-05-02 05:11:18] 自旋结构因子计算完成
[2025-05-02 05:11:21] --------------------------------------------------------------------------------
[2025-05-02 05:11:21] 计算反铁磁序参数...
[2025-05-02 05:11:21] 反铁磁序参数 m^2(L) = 0.278959
[2025-05-02 05:11:21] S(π, π) = 6.973969
[2025-05-02 05:11:21] --------------------------------------------------------------------------------
[2025-05-02 05:11:21] Neel 相关比率: 0.4387, 峰值位置: (-3.14, -3.14)
[2025-05-02 05:11:21] ================================================================================
[2025-05-02 05:11:21] 开始计算简盘结构因子...
[2025-05-02 05:11:21] 识别所有简盘...
[2025-05-02 05:11:21] 预计算简盘操作符...
[2025-05-02 05:11:21] 预计算简盘操作符 0/25...
[2025-05-02 05:11:38] 预计算简盘操作符 10/25...
[2025-05-02 05:11:46] 预计算简盘操作符 20/25...
[2025-05-02 05:11:50] 计算位移向量...
[2025-05-02 05:11:50] 计算简盘相关函数...
[2025-05-02 05:11:50] 处理简盘 0-11/25...
