[2025-03-05 19:44:05] 
==================================================
[2025-03-05 19:44:05] 开始计算: L=3, J1=0.8 (固定 J2=1.0)
[2025-03-05 19:44:05] ==================================================
[2025-03-05 19:44:05] 系统大小: L=3, N=36
[2025-03-05 19:44:05] 参数: J1=0.8, J2=1.0, h=0.0
[2025-03-05 19:44:05] 优化参数:
[2025-03-05 19:44:05]   - 学习率: 0.05
[2025-03-05 19:44:05]   - 退火迭代次数: 2000
[2025-03-05 19:44:05]   - 每次退火训练步数: 1
[2025-03-05 19:44:05]   - 样本数: 4096
[2025-03-05 19:44:05]   - 丢弃样本数: 0
[2025-03-05 19:44:05]   - Chunk大小: 1024
[2025-03-05 19:44:05] --------------------------------------------------
[2025-03-05 19:44:07] 使用对称性数目: 16
[2025-03-05 19:44:20] 设备数量: 1
[2025-03-05 19:44:20] Sharding状态: True
[2025-03-05 19:44:20] 采样器配置: 样本总数=4096
[2025-03-05 19:44:20] Chunk大小: 1024
[2025-03-05 19:44:20] 参数数量 = 83472
[2025-03-05 19:44:20] 开始优化...
[2025-03-05 19:44:20] 开始温度退火优化，总迭代次数: 2000, 学习率: 0.05
[2025-03-05 19:45:00] Iter 0/2000, T=0.5000, Energy = 4.586918 ± 0.081771, Variance = 28.671001
[2025-03-05 19:52:34] Iter 10/2000, T=0.4094, Energy = -10.975219 ± 0.036836, Variance = 7.378930
[2025-03-05 19:59:25] Iter 20/2000, T=0.3352, Energy = -15.368649 ± 0.018093, Variance = 1.352830
[2025-03-05 20:06:13] Iter 30/2000, T=0.2744, Energy = -15.697297 ± 0.015483, Variance = 0.745738
[2025-03-05 20:13:11] Iter 40/2000, T=0.2247, Energy = -15.805862 ± 0.009843, Variance = 0.602026
[2025-03-05 20:20:13] Iter 50/2000, T=0.1839, Energy = -15.899703 ± 0.011457, Variance = 0.491690
[2025-03-05 20:27:23] Iter 60/2000, T=0.1506, Energy = -15.954657 ± 0.009964, Variance = 0.419985
[2025-03-05 20:34:32] Iter 70/2000, T=0.1233, Energy = -16.003268 ± 0.008735, Variance = 0.386517
[2025-03-05 20:41:45] Iter 80/2000, T=0.1009, Energy = -16.040037 ± 0.007765, Variance = 0.331561
[2025-03-05 20:49:01] Iter 90/2000, T=0.0826, Energy = -16.059357 ± 0.010894, Variance = 0.333104
[2025-03-05 20:56:17] Iter 100/2000, T=0.0677, Energy = -16.094566 ± 0.007460, Variance = 0.348618
[2025-03-05 21:03:37] Iter 110/2000, T=0.0554, Energy = -16.113866 ± 0.007088, Variance = 0.290332
[2025-03-05 21:10:55] Iter 120/2000, T=0.0454, Energy = -16.134770 ± 0.009195, Variance = 0.375151
[2025-03-05 21:18:08] Iter 130/2000, T=0.0371, Energy = -16.150931 ± 0.009145, Variance = 0.270543
[2025-03-05 21:25:18] Iter 140/2000, T=0.0304, Energy = -16.134602 ± 0.006964, Variance = 0.267903
[2025-03-05 21:32:22] Iter 150/2000, T=0.0249, Energy = -16.161837 ± 0.008566, Variance = 0.301159
[2025-03-05 21:39:36] Iter 160/2000, T=0.0204, Energy = -16.156156 ± 0.008313, Variance = 0.295554
[2025-03-05 21:46:49] Iter 170/2000, T=0.0167, Energy = -16.150938 ± 0.008679, Variance = 0.371704
[2025-03-05 21:53:59] Iter 180/2000, T=0.0137, Energy = -16.180865 ± 0.007468, Variance = 0.225480
[2025-03-05 22:01:10] Iter 190/2000, T=0.0112, Energy = -16.179053 ± 0.008075, Variance = 0.225773
[2025-03-05 22:08:23] Iter 200/2000, T=0.0092, Energy = -16.175578 ± 0.007543, Variance = 0.219368
[2025-03-05 22:15:39] Iter 210/2000, T=0.0075, Energy = -16.179658 ± 0.006514, Variance = 0.253428
[2025-03-05 22:22:47] Iter 220/2000, T=0.0061, Energy = -16.174029 ± 0.007327, Variance = 0.281359
[2025-03-05 22:29:51] Iter 230/2000, T=0.0050, Energy = -16.181521 ± 0.007843, Variance = 0.232199
[2025-03-05 22:36:59] Iter 240/2000, T=0.0041, Energy = -16.178209 ± 0.006646, Variance = 0.218457
[2025-03-05 22:44:04] Iter 250/2000, T=0.0034, Energy = -16.192133 ± 0.006264, Variance = 0.249329
[2025-03-05 22:51:08] Iter 260/2000, T=0.0028, Energy = -16.191082 ± 0.007328, Variance = 0.193238
[2025-03-05 22:58:05] Iter 270/2000, T=0.0023, Energy = -16.196607 ± 0.007450, Variance = 0.232373
[2025-03-05 23:05:01] Iter 280/2000, T=0.0018, Energy = -16.196430 ± 0.006627, Variance = 0.191695
[2025-03-05 23:12:08] Iter 290/2000, T=0.0015, Energy = -16.198932 ± 0.007633, Variance = 0.224149
[2025-03-05 23:19:13] Iter 300/2000, T=0.0012, Energy = -16.220917 ± 0.007610, Variance = 0.236855
[2025-03-05 23:26:18] Iter 310/2000, T=0.0010, Energy = -16.199418 ± 0.007543, Variance = 0.181618
[2025-03-05 23:33:19] Iter 320/2000, T=0.0008, Energy = -16.200538 ± 0.006795, Variance = 0.280485
[2025-03-05 23:40:21] Iter 330/2000, T=0.0007, Energy = -16.186650 ± 0.006430, Variance = 0.180730
[2025-03-05 23:47:20] Iter 340/2000, T=0.0006, Energy = -16.194725 ± 0.008481, Variance = 0.249320
[2025-03-05 23:54:24] Iter 350/2000, T=0.0005, Energy = -16.210404 ± 0.005741, Variance = 0.195840
[2025-03-06 00:01:29] Iter 360/2000, T=0.0004, Energy = -16.204592 ± 0.009341, Variance = 0.233984
[2025-03-06 00:08:32] Iter 370/2000, T=0.0003, Energy = -16.200716 ± 0.007954, Variance = 0.217786
[2025-03-06 00:15:34] Iter 380/2000, T=0.0003, Energy = -16.196341 ± 0.007077, Variance = 0.228060
[2025-03-06 00:22:34] Iter 390/2000, T=0.0002, Energy = -16.208380 ± 0.007865, Variance = 0.217545
[2025-03-06 00:29:31] Iter 400/2000, T=0.0002, Energy = -16.209110 ± 0.006301, Variance = 0.213010
[2025-03-06 00:36:34] Iter 410/2000, T=0.0001, Energy = -16.197832 ± 0.008120, Variance = 0.216313
[2025-03-06 00:43:36] Iter 420/2000, T=0.0001, Energy = -16.211084 ± 0.005908, Variance = 0.173123
[2025-03-06 00:50:38] Iter 430/2000, T=0.0001, Energy = -16.200590 ± 0.008815, Variance = 0.305363
[2025-03-06 00:57:35] Iter 440/2000, T=0.0001, Energy = -16.197506 ± 0.006816, Variance = 0.216936
[2025-03-06 01:04:39] Iter 450/2000, T=0.0001, Energy = -16.203122 ± 0.007653, Variance = 0.166077
[2025-03-06 01:11:35] Iter 460/2000, T=0.0001, Energy = -16.211755 ± 0.011015, Variance = 0.449103
[2025-03-06 01:18:35] Iter 470/2000, T=0.0000, Energy = -16.205256 ± 0.006243, Variance = 0.171744
[2025-03-06 01:25:35] Iter 480/2000, T=0.0000, Energy = -16.202756 ± 0.007340, Variance = 0.232190
[2025-03-06 01:32:31] Iter 490/2000, T=0.0000, Energy = -16.206060 ± 0.007572, Variance = 0.240004
[2025-03-06 01:39:29] Iter 500/2000, T=0.0000, Energy = -16.213218 ± 0.006557, Variance = 0.201295
[2025-03-06 01:46:25] Iter 510/2000, T=0.0000, Energy = -16.194343 ± 0.006661, Variance = 0.215566
[2025-03-06 01:53:24] Iter 520/2000, T=0.0000, Energy = -16.214155 ± 0.006177, Variance = 0.192478
[2025-03-06 02:00:22] Iter 530/2000, T=0.0000, Energy = -16.203851 ± 0.006973, Variance = 0.226220
[2025-03-06 02:07:12] Iter 540/2000, T=0.0000, Energy = -16.217579 ± 0.005227, Variance = 0.158390
[2025-03-06 02:14:12] Iter 550/2000, T=0.0000, Energy = -16.220029 ± 0.007276, Variance = 0.180378
[2025-03-06 02:21:10] Iter 560/2000, T=0.0000, Energy = -16.202497 ± 0.007195, Variance = 0.203626
[2025-03-06 02:28:09] Iter 570/2000, T=0.0000, Energy = -16.211184 ± 0.006711, Variance = 0.188939
[2025-03-06 02:35:11] Iter 580/2000, T=0.0000, Energy = -16.217131 ± 0.005877, Variance = 0.145002
[2025-03-06 02:42:09] Iter 590/2000, T=0.0000, Energy = -16.209498 ± 0.005694, Variance = 0.195659
[2025-03-06 02:49:01] Iter 600/2000, T=0.0000, Energy = -16.212518 ± 0.005077, Variance = 0.130368
[2025-03-06 02:55:53] Iter 610/2000, T=0.0000, Energy = -16.202622 ± 0.007607, Variance = 0.232376
[2025-03-06 03:02:54] Iter 620/2000, T=0.0000, Energy = -16.216671 ± 0.006758, Variance = 0.149409
[2025-03-06 03:09:49] Iter 630/2000, T=0.0000, Energy = -16.221733 ± 0.007113, Variance = 0.173440
[2025-03-06 03:16:48] Iter 640/2000, T=0.0000, Energy = -16.220482 ± 0.006259, Variance = 0.176386
[2025-03-06 03:23:48] Iter 650/2000, T=0.0000, Energy = -16.222901 ± 0.006304, Variance = 0.166137
[2025-03-06 03:30:35] Iter 660/2000, T=0.0000, Energy = -16.210283 ± 0.004396, Variance = 0.145501
[2025-03-06 03:37:28] Iter 670/2000, T=0.0000, Energy = -16.220743 ± 0.005259, Variance = 0.138485
[2025-03-06 03:44:20] Iter 680/2000, T=0.0000, Energy = -16.207061 ± 0.005925, Variance = 0.183850
[2025-03-06 03:51:21] Iter 690/2000, T=0.0000, Energy = -16.226993 ± 0.006942, Variance = 0.201983
[2025-03-06 03:58:15] Iter 700/2000, T=0.0000, Energy = -16.202473 ± 0.005379, Variance = 0.190711
[2025-03-06 04:05:07] Iter 710/2000, T=0.0000, Energy = -16.213030 ± 0.006694, Variance = 0.143227
[2025-03-06 04:11:59] Iter 720/2000, T=0.0000, Energy = -16.211082 ± 0.006749, Variance = 0.251523
[2025-03-06 04:18:47] Iter 730/2000, T=0.0000, Energy = -16.214725 ± 0.006667, Variance = 0.136785
[2025-03-06 04:25:39] Iter 740/2000, T=0.0000, Energy = -16.200203 ± 0.005341, Variance = 0.139423
[2025-03-06 04:32:30] Iter 750/2000, T=0.0000, Energy = -16.214954 ± 0.006780, Variance = 0.181172
[2025-03-06 04:39:21] Iter 760/2000, T=0.0000, Energy = -16.222251 ± 0.005804, Variance = 0.128187
[2025-03-06 04:46:09] Iter 770/2000, T=0.0000, Energy = -16.225154 ± 0.008741, Variance = 0.292984
[2025-03-06 04:53:03] Iter 780/2000, T=0.0000, Energy = -16.222546 ± 0.007013, Variance = 0.146267
[2025-03-06 04:59:52] Iter 790/2000, T=0.0000, Energy = -16.223165 ± 0.005122, Variance = 0.127282
[2025-03-06 05:06:38] Iter 800/2000, T=0.0000, Energy = -16.223208 ± 0.004750, Variance = 0.142558
[2025-03-06 05:13:25] Iter 810/2000, T=0.0000, Energy = -16.230774 ± 0.006150, Variance = 0.221436
[2025-03-06 05:20:19] Iter 820/2000, T=0.0000, Energy = -16.216546 ± 0.005768, Variance = 0.171935
[2025-03-06 05:27:10] Iter 830/2000, T=0.0000, Energy = -16.223646 ± 0.004989, Variance = 0.156533
[2025-03-06 05:33:59] Iter 840/2000, T=0.0000, Energy = -16.202610 ± 0.005561, Variance = 0.178613
[2025-03-06 05:40:48] Iter 850/2000, T=0.0000, Energy = -16.226965 ± 0.007363, Variance = 0.252387
[2025-03-06 05:47:36] Iter 860/2000, T=0.0000, Energy = -16.218949 ± 0.006240, Variance = 0.158068
[2025-03-06 05:54:28] Iter 870/2000, T=0.0000, Energy = -16.227871 ± 0.005904, Variance = 0.124267
[2025-03-06 06:01:19] Iter 880/2000, T=0.0000, Energy = -16.211295 ± 0.005928, Variance = 0.132719
[2025-03-06 06:08:06] Iter 890/2000, T=0.0000, Energy = -16.220241 ± 0.005513, Variance = 0.172971
[2025-03-06 06:14:59] Iter 900/2000, T=0.0000, Energy = -16.211485 ± 0.005802, Variance = 0.170570
[2025-03-06 06:21:50] Iter 910/2000, T=0.0000, Energy = -16.220384 ± 0.004445, Variance = 0.112077
[2025-03-06 06:28:37] Iter 920/2000, T=0.0000, Energy = -16.225190 ± 0.010752, Variance = 0.511634
[2025-03-06 06:35:20] Iter 930/2000, T=0.0000, Energy = -16.212576 ± 0.008888, Variance = 0.235744
[2025-03-06 06:42:03] Iter 940/2000, T=0.0000, Energy = -16.221078 ± 0.005506, Variance = 0.140460
[2025-03-06 06:48:55] Iter 950/2000, T=0.0000, Energy = -16.228306 ± 0.006130, Variance = 0.131725
[2025-03-06 06:55:44] Iter 960/2000, T=0.0000, Energy = -16.212151 ± 0.006367, Variance = 0.172032
[2025-03-06 07:02:28] Iter 970/2000, T=0.0000, Energy = -16.231715 ± 0.005854, Variance = 0.104103
[2025-03-06 07:09:20] Iter 980/2000, T=0.0000, Energy = -16.232307 ± 0.009132, Variance = 0.408851
[2025-03-06 07:16:07] Iter 990/2000, T=0.0000, Energy = -16.225723 ± 0.005250, Variance = 0.232429
[2025-03-06 07:22:58] Iter 1000/2000, T=0.0000, Energy = -16.218291 ± 0.006735, Variance = 0.173076
[2025-03-06 07:29:46] Iter 1010/2000, T=0.0000, Energy = -16.234714 ± 0.005550, Variance = 0.123910
[2025-03-06 07:36:34] Iter 1020/2000, T=0.0000, Energy = -16.227646 ± 0.005924, Variance = 0.138067
[2025-03-06 07:43:23] Iter 1030/2000, T=0.0000, Energy = -16.224295 ± 0.006225, Variance = 0.148282
[2025-03-06 07:50:16] Iter 1040/2000, T=0.0000, Energy = -16.225459 ± 0.004700, Variance = 0.119113
[2025-03-06 07:57:02] Iter 1050/2000, T=0.0000, Energy = -16.219600 ± 0.004810, Variance = 0.145773
[2025-03-06 08:03:48] Iter 1060/2000, T=0.0000, Energy = -16.225294 ± 0.006502, Variance = 0.143814
[2025-03-06 08:10:30] Iter 1070/2000, T=0.0000, Energy = -16.228263 ± 0.004794, Variance = 0.096747
[2025-03-06 08:17:19] Iter 1080/2000, T=0.0000, Energy = -16.215660 ± 0.006695, Variance = 0.154957
[2025-03-06 08:24:04] Iter 1090/2000, T=0.0000, Energy = -16.234132 ± 0.006494, Variance = 0.122004
[2025-03-06 08:30:53] Iter 1100/2000, T=0.0000, Energy = -16.235435 ± 0.005133, Variance = 0.124487
[2025-03-06 08:37:39] Iter 1110/2000, T=0.0000, Energy = -16.224205 ± 0.005200, Variance = 0.120057
[2025-03-06 08:44:20] Iter 1120/2000, T=0.0000, Energy = -16.221058 ± 0.005738, Variance = 0.147613
[2025-03-06 08:51:05] Iter 1130/2000, T=0.0000, Energy = -16.225380 ± 0.006633, Variance = 0.132146
[2025-03-06 08:57:53] Iter 1140/2000, T=0.0000, Energy = -16.225028 ± 0.005734, Variance = 0.144611
[2025-03-06 09:04:42] Iter 1150/2000, T=0.0000, Energy = -16.218259 ± 0.005252, Variance = 0.106771
[2025-03-06 09:11:27] Iter 1160/2000, T=0.0000, Energy = -16.227421 ± 0.006999, Variance = 0.149561
[2025-03-06 09:18:10] Iter 1170/2000, T=0.0000, Energy = -16.220882 ± 0.004465, Variance = 0.115789
[2025-03-06 09:24:56] Iter 1180/2000, T=0.0000, Energy = -16.223457 ± 0.005755, Variance = 0.124785
[2025-03-06 09:31:44] Iter 1190/2000, T=0.0000, Energy = -16.216455 ± 0.006884, Variance = 0.183226
[2025-03-06 09:38:31] Iter 1200/2000, T=0.0000, Energy = -16.232130 ± 0.004431, Variance = 0.128488
[2025-03-06 09:45:10] Iter 1210/2000, T=0.0000, Energy = -16.226108 ± 0.004551, Variance = 0.092050
[2025-03-06 09:51:55] Iter 1220/2000, T=0.0000, Energy = -16.227349 ± 0.005334, Variance = 0.108333
[2025-03-06 09:58:42] Iter 1230/2000, T=0.0000, Energy = -16.222388 ± 0.007177, Variance = 0.200675
[2025-03-06 10:05:26] Iter 1240/2000, T=0.0000, Energy = -16.229763 ± 0.005323, Variance = 0.124616
[2025-03-06 10:12:12] Iter 1250/2000, T=0.0000, Energy = -16.227809 ± 0.005991, Variance = 0.146335
[2025-03-06 10:18:53] Iter 1260/2000, T=0.0000, Energy = -16.227914 ± 0.006159, Variance = 0.156171
[2025-03-06 10:25:42] Iter 1270/2000, T=0.0000, Energy = -16.215439 ± 0.007615, Variance = 0.199343
[2025-03-06 10:32:24] Iter 1280/2000, T=0.0000, Energy = -16.228364 ± 0.004807, Variance = 0.101138
[2025-03-06 10:39:05] Iter 1290/2000, T=0.0000, Energy = -16.223650 ± 0.005543, Variance = 0.116420
[2025-03-06 10:45:51] Iter 1300/2000, T=0.0000, Energy = -16.229404 ± 0.005213, Variance = 0.105183
[2025-03-06 10:52:41] Iter 1310/2000, T=0.0000, Energy = -16.232724 ± 0.006480, Variance = 0.110197
[2025-03-06 10:59:30] Iter 1320/2000, T=0.0000, Energy = -16.225634 ± 0.006045, Variance = 0.130498
[2025-03-06 11:06:13] Iter 1330/2000, T=0.0000, Energy = -16.224809 ± 0.005435, Variance = 0.174981
[2025-03-06 11:12:57] Iter 1340/2000, T=0.0000, Energy = -16.226057 ± 0.006329, Variance = 0.132918
[2025-03-06 11:19:43] Iter 1350/2000, T=0.0000, Energy = -16.230165 ± 0.005795, Variance = 0.126409
