[2025-04-30 11:10:27] ==================================================
[2025-04-30 11:10:27] GCNN for Shastry-Sutherland lattice
[2025-04-30 11:10:27] ==================================================
[2025-04-30 11:10:27] System parameters:
[2025-04-30 11:10:27]   - System size: L=5, N=100
[2025-04-30 11:10:27]   - System parameters: J1=0.09, J2=0.05, Q=0.95
[2025-04-30 11:10:27] --------------------------------------------------
[2025-04-30 11:10:27] Model parameters:
[2025-04-30 11:10:27]   - Number of layers = 4
[2025-04-30 11:10:27]   - Number of features = 4
[2025-04-30 11:10:27]   - Total parameters = 19628
[2025-04-30 11:10:27] --------------------------------------------------
[2025-04-30 11:10:27] Training parameters:
[2025-04-30 11:10:27]   - Learning rate: 0.018
[2025-04-30 11:10:27]   - Total annealing steps: 1000
[2025-04-30 11:10:27]   - Samples: 4096
[2025-04-30 11:10:27]   - Discarded samples: 0
[2025-04-30 11:10:27]   - Chunk size: 1024
[2025-04-30 11:10:27] --------------------------------------------------
[2025-04-30 11:10:27] Device status:
[2025-04-30 11:10:27]   - Number of devices: 4
[2025-04-30 11:10:27]   - Sharding: True
[2025-04-30 11:10:34] --------------------------------------------------
[2025-04-30 11:10:34] Start training...
[2025-04-30 11:11:02] Iteration: 0/1000, Temp: 0.5000, Energy: 5.123791+0.000291j
[2025-04-30 11:11:15] Iteration: 1/1000, Temp: 0.4901, Energy: 5.124365+0.000020j
[2025-04-30 11:11:28] Iteration: 2/1000, Temp: 0.4804, Energy: 5.124222-0.000262j
[2025-04-30 11:11:41] Iteration: 3/1000, Temp: 0.4709, Energy: 5.124157-0.000394j
[2025-04-30 11:11:54] Iteration: 4/1000, Temp: 0.4616, Energy: 5.123946-0.000690j
[2025-04-30 11:12:07] Iteration: 5/1000, Temp: 0.4524, Energy: 5.124080-0.000661j
[2025-04-30 11:12:20] Iteration: 6/1000, Temp: 0.4435, Energy: 5.123493+0.000336j
[2025-04-30 11:12:33] Iteration: 7/1000, Temp: 0.4347, Energy: 5.123569-0.000298j
[2025-04-30 11:12:46] Iteration: 8/1000, Temp: 0.4261, Energy: 5.124243+0.000183j
[2025-04-30 11:12:59] Iteration: 9/1000, Temp: 0.4176, Energy: 5.123954+0.000528j
[2025-04-30 11:13:12] Iteration: 10/1000, Temp: 0.4094, Energy: 5.124543+0.000774j
[2025-04-30 11:13:25] Iteration: 11/1000, Temp: 0.4013, Energy: 5.124370-0.000571j
[2025-04-30 11:13:38] Iteration: 12/1000, Temp: 0.3933, Energy: 5.123744+0.000901j
[2025-04-30 11:13:51] Iteration: 13/1000, Temp: 0.3855, Energy: 5.124109-0.000230j
[2025-04-30 11:14:04] Iteration: 14/1000, Temp: 0.3779, Energy: 5.123535-0.001369j
[2025-04-30 11:14:17] Iteration: 15/1000, Temp: 0.3704, Energy: 5.123707-0.000805j
[2025-04-30 11:14:30] Iteration: 16/1000, Temp: 0.3631, Energy: 5.123804+0.001002j
[2025-04-30 11:14:43] Iteration: 17/1000, Temp: 0.3559, Energy: 5.123351-0.001003j
[2025-04-30 11:14:56] Iteration: 18/1000, Temp: 0.3488, Energy: 5.123107+0.000369j
[2025-04-30 11:15:09] Iteration: 19/1000, Temp: 0.3419, Energy: 5.123487-0.000008j
[2025-04-30 11:15:22] Iteration: 20/1000, Temp: 0.3352, Energy: 5.123162+0.000561j
[2025-04-30 11:15:35] Iteration: 21/1000, Temp: 0.3285, Energy: 5.122819+0.000091j
[2025-04-30 11:15:48] Iteration: 22/1000, Temp: 0.3220, Energy: 5.123526+0.000068j
[2025-04-30 11:16:01] Iteration: 23/1000, Temp: 0.3156, Energy: 5.122472+0.000475j
[2025-04-30 11:16:14] Iteration: 24/1000, Temp: 0.3094, Energy: 5.122574-0.001425j
[2025-04-30 11:16:27] Iteration: 25/1000, Temp: 0.3033, Energy: 5.122794+0.001121j
[2025-04-30 11:16:40] Iteration: 26/1000, Temp: 0.2973, Energy: 5.122278+0.000736j
[2025-04-30 11:16:53] Iteration: 27/1000, Temp: 0.2914, Energy: 5.121635+0.000182j
[2025-04-30 11:17:06] Iteration: 28/1000, Temp: 0.2856, Energy: 5.121287+0.002203j
[2025-04-30 11:17:19] Iteration: 29/1000, Temp: 0.2799, Energy: 5.122334-0.002091j
[2025-04-30 11:17:32] Iteration: 30/1000, Temp: 0.2744, Energy: 5.120496+0.001908j
[2025-04-30 11:17:45] Iteration: 31/1000, Temp: 0.2690, Energy: 5.120823+0.001285j
[2025-04-30 11:17:58] Iteration: 32/1000, Temp: 0.2636, Energy: 5.120133+0.001064j
[2025-04-30 11:18:11] Iteration: 33/1000, Temp: 0.2584, Energy: 5.119795+0.002037j
[2025-04-30 11:18:24] Iteration: 34/1000, Temp: 0.2533, Energy: 5.120021-0.000165j
[2025-04-30 11:18:37] Iteration: 35/1000, Temp: 0.2483, Energy: 5.119259+0.001113j
[2025-04-30 11:18:50] Iteration: 36/1000, Temp: 0.2434, Energy: 5.117666+0.000113j
[2025-04-30 11:19:03] Iteration: 37/1000, Temp: 0.2386, Energy: 5.117360-0.001896j
[2025-04-30 11:19:16] Iteration: 38/1000, Temp: 0.2338, Energy: 5.116724+0.002729j
[2025-04-30 11:19:28] Iteration: 39/1000, Temp: 0.2292, Energy: 5.116015-0.003773j
[2025-04-30 11:19:41] Iteration: 40/1000, Temp: 0.2247, Energy: 5.114920-0.001936j
[2025-04-30 11:19:54] Iteration: 41/1000, Temp: 0.2202, Energy: 5.114330-0.005053j
[2025-04-30 11:20:07] Iteration: 42/1000, Temp: 0.2159, Energy: 5.112188-0.001428j
[2025-04-30 11:20:20] Iteration: 43/1000, Temp: 0.2116, Energy: 5.112292-0.000022j
[2025-04-30 11:20:33] Iteration: 44/1000, Temp: 0.2074, Energy: 5.110877-0.004577j
[2025-04-30 11:20:46] Iteration: 45/1000, Temp: 0.2033, Energy: 5.107861-0.000136j
[2025-04-30 11:20:58] Iteration: 46/1000, Temp: 0.1993, Energy: 5.104677-0.000796j
[2025-04-30 11:21:11] Iteration: 47/1000, Temp: 0.1953, Energy: 5.103203-0.003635j
[2025-04-30 11:21:24] Iteration: 48/1000, Temp: 0.1914, Energy: 5.102032-0.003047j
[2025-04-30 11:21:37] Iteration: 49/1000, Temp: 0.1877, Energy: 5.098629+0.001521j
[2025-04-30 11:21:50] Iteration: 50/1000, Temp: 0.1839, Energy: 5.093908+0.004429j
[2025-04-30 11:22:03] Iteration: 51/1000, Temp: 0.1803, Energy: 5.090795+0.006928j
[2025-04-30 11:22:16] Iteration: 52/1000, Temp: 0.1767, Energy: 5.084765+0.005004j
[2025-04-30 11:22:29] Iteration: 53/1000, Temp: 0.1732, Energy: 5.080148+0.007543j
[2025-04-30 11:22:41] Iteration: 54/1000, Temp: 0.1698, Energy: 5.073684+0.002745j
[2025-04-30 11:22:54] Iteration: 55/1000, Temp: 0.1664, Energy: 5.067156+0.000757j
[2025-04-30 11:23:07] Iteration: 56/1000, Temp: 0.1631, Energy: 5.059891-0.005551j
[2025-04-30 11:23:20] Iteration: 57/1000, Temp: 0.1599, Energy: 5.051254-0.008478j
[2025-04-30 11:23:33] Iteration: 58/1000, Temp: 0.1567, Energy: 5.038570-0.012652j
[2025-04-30 11:23:46] Iteration: 59/1000, Temp: 0.1536, Energy: 5.025580-0.001056j
[2025-04-30 11:23:59] Iteration: 60/1000, Temp: 0.1506, Energy: 5.010966+0.009671j
[2025-04-30 11:24:12] Iteration: 61/1000, Temp: 0.1476, Energy: 4.991167+0.010340j
[2025-04-30 11:24:24] Iteration: 62/1000, Temp: 0.1447, Energy: 4.976561-0.005392j
[2025-04-30 11:24:37] Iteration: 63/1000, Temp: 0.1418, Energy: 4.950051+0.011714j
[2025-04-30 11:24:50] Iteration: 64/1000, Temp: 0.1390, Energy: 4.926505-0.008028j
[2025-04-30 11:25:02] Iteration: 65/1000, Temp: 0.1363, Energy: 4.900527+0.005897j
[2025-04-30 11:25:15] Iteration: 66/1000, Temp: 0.1336, Energy: 4.857929+0.004246j
[2025-04-30 11:25:28] Iteration: 67/1000, Temp: 0.1309, Energy: 4.823845+0.004368j
[2025-04-30 11:25:41] Iteration: 68/1000, Temp: 0.1283, Energy: 4.781727+0.010078j
[2025-04-30 11:25:54] Iteration: 69/1000, Temp: 0.1258, Energy: 4.711882-0.005849j
[2025-04-30 11:26:07] Iteration: 70/1000, Temp: 0.1233, Energy: 4.660683+0.019814j
[2025-04-30 11:26:20] Iteration: 71/1000, Temp: 0.1209, Energy: 4.578308+0.001994j
[2025-04-30 11:26:33] Iteration: 72/1000, Temp: 0.1185, Energy: 4.472916+0.020199j
[2025-04-30 11:26:45] Iteration: 73/1000, Temp: 0.1161, Energy: 4.360879+0.020683j
[2025-04-30 11:26:58] Iteration: 74/1000, Temp: 0.1138, Energy: 4.228117+0.012833j
[2025-04-30 11:27:11] Iteration: 75/1000, Temp: 0.1116, Energy: 4.080655+0.001658j
[2025-04-30 11:27:24] Iteration: 76/1000, Temp: 0.1094, Energy: 3.903952-0.001148j
[2025-04-30 11:27:37] Iteration: 77/1000, Temp: 0.1072, Energy: 3.694535-0.016662j
[2025-04-30 11:27:49] Iteration: 78/1000, Temp: 0.1051, Energy: 3.436343+0.020214j
[2025-04-30 11:28:02] Iteration: 79/1000, Temp: 0.1030, Energy: 3.140325+0.025610j
[2025-04-30 11:28:15] Iteration: 80/1000, Temp: 0.1009, Energy: 2.766991-0.013728j
[2025-04-30 11:28:28] Iteration: 81/1000, Temp: 0.0989, Energy: 2.421996+0.059006j
[2025-04-30 11:28:40] Iteration: 82/1000, Temp: 0.0970, Energy: 1.898102-0.050461j
[2025-04-30 11:28:53] Iteration: 83/1000, Temp: 0.0951, Energy: 1.435486+0.038540j
[2025-04-30 11:29:06] Iteration: 84/1000, Temp: 0.0932, Energy: 0.801022+0.066340j
[2025-04-30 11:29:19] Iteration: 85/1000, Temp: 0.0913, Energy: 0.098371+0.037293j
[2025-04-30 11:29:32] Iteration: 86/1000, Temp: 0.0895, Energy: -0.635203-0.021838j
[2025-04-30 11:29:45] Iteration: 87/1000, Temp: 0.0878, Energy: -1.408748+0.029156j
[2025-04-30 11:29:58] Iteration: 88/1000, Temp: 0.0860, Energy: -2.243316-0.017731j
[2025-04-30 11:30:10] Iteration: 89/1000, Temp: 0.0843, Energy: -3.232325+0.085609j
[2025-04-30 11:30:23] Iteration: 90/1000, Temp: 0.0826, Energy: -4.041404-0.106034j
[2025-04-30 11:30:36] Iteration: 91/1000, Temp: 0.0810, Energy: -4.997414+0.035204j
[2025-04-30 11:30:48] Iteration: 92/1000, Temp: 0.0794, Energy: -5.955600+0.147378j
[2025-04-30 11:31:01] Iteration: 93/1000, Temp: 0.0778, Energy: -7.186934-0.099690j
[2025-04-30 11:31:14] Iteration: 94/1000, Temp: 0.0763, Energy: -8.152910-0.002411j
[2025-04-30 11:31:27] Iteration: 95/1000, Temp: 0.0748, Energy: -9.268626-0.027083j
[2025-04-30 11:31:40] Iteration: 96/1000, Temp: 0.0733, Energy: -10.263381-0.042287j
[2025-04-30 11:31:52] Iteration: 97/1000, Temp: 0.0719, Energy: -11.412722-0.007022j
[2025-04-30 11:32:05] Iteration: 98/1000, Temp: 0.0704, Energy: -12.672208+0.169473j
[2025-04-30 11:32:18] Iteration: 99/1000, Temp: 0.0690, Energy: -13.913719-0.023575j
[2025-04-30 11:32:31] Iteration: 100/1000, Temp: 0.0677, Energy: -15.357574+0.021872j
[2025-04-30 11:32:44] Iteration: 101/1000, Temp: 0.0663, Energy: -16.650325+0.161785j
[2025-04-30 11:32:57] Iteration: 102/1000, Temp: 0.0650, Energy: -18.077225+0.194059j
[2025-04-30 11:33:09] Iteration: 103/1000, Temp: 0.0637, Energy: -19.514214+0.098366j
[2025-04-30 11:33:22] Iteration: 104/1000, Temp: 0.0625, Energy: -21.052832-0.124456j
[2025-04-30 11:33:35] Iteration: 105/1000, Temp: 0.0612, Energy: -22.937081+0.196734j
[2025-04-30 11:33:48] Iteration: 106/1000, Temp: 0.0600, Energy: -24.613409+0.063029j
[2025-04-30 11:34:00] Iteration: 107/1000, Temp: 0.0588, Energy: -26.861174+0.089765j
[2025-04-30 11:34:13] Iteration: 108/1000, Temp: 0.0577, Energy: -29.502077+0.203094j
[2025-04-30 11:34:26] Iteration: 109/1000, Temp: 0.0565, Energy: -33.862151+0.277666j
[2025-04-30 11:34:39] Iteration: 110/1000, Temp: 0.0554, Energy: -39.969709+0.614189j
[2025-04-30 11:34:51] Iteration: 111/1000, Temp: 0.0543, Energy: -47.834855+0.840398j
[2025-04-30 11:35:04] Iteration: 112/1000, Temp: 0.0532, Energy: -54.896797+0.893587j
[2025-04-30 11:35:17] Iteration: 113/1000, Temp: 0.0522, Energy: -60.166480+0.486992j
[2025-04-30 11:35:30] Iteration: 114/1000, Temp: 0.0511, Energy: -63.597056+0.282929j
[2025-04-30 11:35:43] Iteration: 115/1000, Temp: 0.0501, Energy: -65.823431+0.082541j
[2025-04-30 11:35:55] Iteration: 116/1000, Temp: 0.0491, Energy: -67.528464+0.040651j
[2025-04-30 11:36:08] Iteration: 117/1000, Temp: 0.0482, Energy: -69.291288+0.091740j
[2025-04-30 11:36:21] Iteration: 118/1000, Temp: 0.0472, Energy: -70.267460+0.008025j
[2025-04-30 11:36:34] Iteration: 119/1000, Temp: 0.0463, Energy: -71.531758-0.003463j
[2025-04-30 11:36:46] Iteration: 120/1000, Temp: 0.0454, Energy: -72.303427-0.040688j
[2025-04-30 11:36:59] Iteration: 121/1000, Temp: 0.0445, Energy: -72.832654+0.061792j
[2025-04-30 11:37:12] Iteration: 122/1000, Temp: 0.0436, Energy: -73.480403+0.034792j
[2025-04-30 11:37:25] Iteration: 123/1000, Temp: 0.0427, Energy: -73.946493+0.027100j
[2025-04-30 11:37:38] Iteration: 124/1000, Temp: 0.0419, Energy: -74.419976+0.018949j
[2025-04-30 11:37:50] Iteration: 125/1000, Temp: 0.0410, Energy: -74.793182-0.032019j
[2025-04-30 11:38:03] Iteration: 126/1000, Temp: 0.0402, Energy: -75.039091-0.000282j
[2025-04-30 11:38:16] Iteration: 127/1000, Temp: 0.0394, Energy: -75.278085-0.009875j
[2025-04-30 11:38:29] Iteration: 128/1000, Temp: 0.0387, Energy: -75.340881-0.028672j
[2025-04-30 11:38:41] Iteration: 129/1000, Temp: 0.0379, Energy: -75.589434+0.009524j
[2025-04-30 11:38:54] Iteration: 130/1000, Temp: 0.0371, Energy: -75.693823-0.021951j
[2025-04-30 11:39:07] Iteration: 131/1000, Temp: 0.0364, Energy: -75.875644-0.031769j
[2025-04-30 11:39:20] Iteration: 132/1000, Temp: 0.0357, Energy: -75.920970+0.009691j
[2025-04-30 11:39:33] Iteration: 133/1000, Temp: 0.0350, Energy: -76.261488+0.012001j
[2025-04-30 11:39:46] Iteration: 134/1000, Temp: 0.0343, Energy: -76.495943-0.037223j
[2025-04-30 11:39:59] Iteration: 135/1000, Temp: 0.0336, Energy: -77.138193-0.051034j
[2025-04-30 11:40:11] Iteration: 136/1000, Temp: 0.0329, Energy: -77.527986+0.026243j
[2025-04-30 11:40:24] Iteration: 137/1000, Temp: 0.0323, Energy: -78.317298+0.000315j
[2025-04-30 11:40:37] Iteration: 138/1000, Temp: 0.0316, Energy: -78.771316-0.007297j
[2025-04-30 11:40:50] Iteration: 139/1000, Temp: 0.0310, Energy: -79.307587+0.029911j
[2025-04-30 11:41:03] Iteration: 140/1000, Temp: 0.0304, Energy: -79.794281+0.060474j
[2025-04-30 11:41:16] Iteration: 141/1000, Temp: 0.0298, Energy: -80.151345-0.024196j
[2025-04-30 11:41:28] Iteration: 142/1000, Temp: 0.0292, Energy: -80.244961+0.009350j
[2025-04-30 11:41:41] Iteration: 143/1000, Temp: 0.0286, Energy: -80.528688-0.039469j
[2025-04-30 11:41:54] Iteration: 144/1000, Temp: 0.0281, Energy: -80.928344+0.028721j
[2025-04-30 11:42:07] Iteration: 145/1000, Temp: 0.0275, Energy: -81.041175-0.009723j
[2025-04-30 11:42:20] Iteration: 146/1000, Temp: 0.0270, Energy: -81.303689-0.021741j
[2025-04-30 11:42:32] Iteration: 147/1000, Temp: 0.0264, Energy: -81.398526+0.023705j
[2025-04-30 11:42:45] Iteration: 148/1000, Temp: 0.0259, Energy: -81.503996-0.059294j
[2025-04-30 11:42:58] Iteration: 149/1000, Temp: 0.0254, Energy: -81.740008+0.036710j
[2025-04-30 11:43:11] Iteration: 150/1000, Temp: 0.0249, Energy: -81.225097+0.080406j
[2025-04-30 11:43:24] Iteration: 151/1000, Temp: 0.0244, Energy: -81.617424-0.005191j
[2025-04-30 11:43:37] Iteration: 152/1000, Temp: 0.0239, Energy: -81.724331-0.003338j
[2025-04-30 11:43:50] Iteration: 153/1000, Temp: 0.0234, Energy: -81.477061+0.055067j
[2025-04-30 11:44:03] Iteration: 154/1000, Temp: 0.0230, Energy: -81.838012-0.093530j
[2025-04-30 11:44:16] Iteration: 155/1000, Temp: 0.0225, Energy: -81.737746-0.011312j
[2025-04-30 11:44:29] Iteration: 156/1000, Temp: 0.0221, Energy: -81.913708-0.034182j
[2025-04-30 11:44:42] Iteration: 157/1000, Temp: 0.0216, Energy: -81.878616-0.034050j
[2025-04-30 11:44:55] Iteration: 158/1000, Temp: 0.0212, Energy: -82.167069-0.026579j
[2025-04-30 11:45:07] Iteration: 159/1000, Temp: 0.0208, Energy: -82.345911+0.009158j
[2025-04-30 11:45:20] Iteration: 160/1000, Temp: 0.0204, Energy: -81.827621-0.098725j
[2025-04-30 11:45:33] Iteration: 161/1000, Temp: 0.0200, Energy: -81.734735-0.020423j
[2025-04-30 11:45:46] Iteration: 162/1000, Temp: 0.0196, Energy: -81.558652+0.020200j
[2025-04-30 11:45:59] Iteration: 163/1000, Temp: 0.0192, Energy: -80.733615-0.056192j
[2025-04-30 11:46:12] Iteration: 164/1000, Temp: 0.0188, Energy: -80.989556-0.045938j
[2025-04-30 11:46:25] Iteration: 165/1000, Temp: 0.0184, Energy: -71.565986+0.262506j
[2025-04-30 11:46:38] Iteration: 166/1000, Temp: 0.0181, Energy: -76.241121+0.365253j
[2025-04-30 11:46:51] Iteration: 167/1000, Temp: 0.0177, Energy: -77.036740-0.117360j
[2025-04-30 11:47:04] Iteration: 168/1000, Temp: 0.0174, Energy: -80.830217+0.075830j
[2025-04-30 11:47:17] Iteration: 169/1000, Temp: 0.0170, Energy: -81.622731+0.029465j
[2025-04-30 11:47:30] Iteration: 170/1000, Temp: 0.0167, Energy: -82.209280+0.030341j
[2025-04-30 11:47:43] Iteration: 171/1000, Temp: 0.0164, Energy: -82.188211+0.043013j
[2025-04-30 11:47:56] Iteration: 172/1000, Temp: 0.0160, Energy: -82.378337+0.006998j
[2025-04-30 11:48:09] Iteration: 173/1000, Temp: 0.0157, Energy: -82.364027+0.019646j
[2025-04-30 11:48:22] Iteration: 174/1000, Temp: 0.0154, Energy: -82.342875+0.002670j
[2025-04-30 11:48:35] Iteration: 175/1000, Temp: 0.0151, Energy: -82.459713+0.020508j
[2025-04-30 11:48:47] Iteration: 176/1000, Temp: 0.0148, Energy: -82.551828-0.013037j
[2025-04-30 11:49:00] Iteration: 177/1000, Temp: 0.0145, Energy: -82.561231+0.013111j
[2025-04-30 11:49:14] Iteration: 178/1000, Temp: 0.0142, Energy: -82.717863+0.011263j
[2025-04-30 11:49:27] Iteration: 179/1000, Temp: 0.0139, Energy: -82.612000+0.013655j
[2025-04-30 11:49:40] Iteration: 180/1000, Temp: 0.0137, Energy: -82.643920-0.003387j
[2025-04-30 11:49:52] Iteration: 181/1000, Temp: 0.0134, Energy: -82.816122+0.003663j
[2025-04-30 11:50:05] Iteration: 182/1000, Temp: 0.0131, Energy: -82.882235-0.022893j
[2025-04-30 11:50:18] Iteration: 183/1000, Temp: 0.0129, Energy: -82.828874-0.007085j
[2025-04-30 11:50:31] Iteration: 184/1000, Temp: 0.0126, Energy: -82.836453+0.014030j
[2025-04-30 11:50:44] Iteration: 185/1000, Temp: 0.0124, Energy: -82.800159+0.006107j
[2025-04-30 11:50:57] Iteration: 186/1000, Temp: 0.0121, Energy: -82.935857+0.012779j
[2025-04-30 11:51:10] Iteration: 187/1000, Temp: 0.0119, Energy: -82.643256-0.014457j
[2025-04-30 11:51:23] Iteration: 188/1000, Temp: 0.0116, Energy: -82.914253-0.022733j
[2025-04-30 11:51:36] Iteration: 189/1000, Temp: 0.0114, Energy: -82.799610-0.008988j
[2025-04-30 11:51:49] Iteration: 190/1000, Temp: 0.0112, Energy: -82.936729-0.021581j
[2025-04-30 11:52:02] Iteration: 191/1000, Temp: 0.0110, Energy: -83.035808-0.019735j
[2025-04-30 11:52:15] Iteration: 192/1000, Temp: 0.0107, Energy: -82.913150-0.033949j
[2025-04-30 11:52:28] Iteration: 193/1000, Temp: 0.0105, Energy: -82.778615-0.003757j
[2025-04-30 11:52:41] Iteration: 194/1000, Temp: 0.0103, Energy: -82.843561+0.001405j
[2025-04-30 11:52:54] Iteration: 195/1000, Temp: 0.0101, Energy: -82.860669-0.002260j
[2025-04-30 11:53:07] Iteration: 196/1000, Temp: 0.0099, Energy: -82.679691+0.002051j
[2025-04-30 11:53:20] Iteration: 197/1000, Temp: 0.0097, Energy: -82.767912+0.003264j
[2025-04-30 11:53:33] Iteration: 198/1000, Temp: 0.0095, Energy: -82.874669+0.002444j
[2025-04-30 11:53:46] Iteration: 199/1000, Temp: 0.0093, Energy: -82.975354-0.007889j
[2025-04-30 11:53:59] Iteration: 200/1000, Temp: 0.0092, Energy: -82.963894+0.016825j
[2025-04-30 11:54:12] Iteration: 201/1000, Temp: 0.0090, Energy: -82.963238-0.003204j
[2025-04-30 11:54:25] Iteration: 202/1000, Temp: 0.0088, Energy: -82.900910+0.002326j
[2025-04-30 11:54:38] Iteration: 203/1000, Temp: 0.0086, Energy: -82.783738-0.003128j
[2025-04-30 11:54:51] Iteration: 204/1000, Temp: 0.0085, Energy: -82.961568-0.060819j
[2025-04-30 11:55:04] Iteration: 205/1000, Temp: 0.0083, Energy: -82.936634-0.018504j
[2025-04-30 11:55:17] Iteration: 206/1000, Temp: 0.0081, Energy: -82.938801-0.006190j
[2025-04-30 11:55:30] Iteration: 207/1000, Temp: 0.0080, Energy: -83.191559-0.020807j
[2025-04-30 11:55:43] Iteration: 208/1000, Temp: 0.0078, Energy: -83.172751-0.015466j
[2025-04-30 11:55:56] Iteration: 209/1000, Temp: 0.0076, Energy: -83.012054+0.006199j
[2025-04-30 11:56:09] Iteration: 210/1000, Temp: 0.0075, Energy: -83.132080-0.002872j
[2025-04-30 11:56:22] Iteration: 211/1000, Temp: 0.0073, Energy: -82.996852+0.008431j
[2025-04-30 11:56:34] Iteration: 212/1000, Temp: 0.0072, Energy: -83.184356+0.002614j
[2025-04-30 11:56:47] Iteration: 213/1000, Temp: 0.0071, Energy: -83.207573-0.004765j
[2025-04-30 11:57:00] Iteration: 214/1000, Temp: 0.0069, Energy: -83.064907-0.025790j
[2025-04-30 11:57:13] Iteration: 215/1000, Temp: 0.0068, Energy: -83.034274-0.012859j
[2025-04-30 11:57:26] Iteration: 216/1000, Temp: 0.0066, Energy: -83.090945-0.011733j
[2025-04-30 11:57:39] Iteration: 217/1000, Temp: 0.0065, Energy: -83.104112-0.000034j
[2025-04-30 11:57:52] Iteration: 218/1000, Temp: 0.0064, Energy: -83.055752+0.001351j
[2025-04-30 11:58:05] Iteration: 219/1000, Temp: 0.0063, Energy: -82.995407-0.001026j
[2025-04-30 11:58:18] Iteration: 220/1000, Temp: 0.0061, Energy: -83.216208+0.008516j
[2025-04-30 11:58:31] Iteration: 221/1000, Temp: 0.0060, Energy: -83.176574-0.000906j
[2025-04-30 11:58:43] Iteration: 222/1000, Temp: 0.0059, Energy: -83.119792+0.002323j
[2025-04-30 11:58:56] Iteration: 223/1000, Temp: 0.0058, Energy: -83.213139-0.020173j
[2025-04-30 11:59:09] Iteration: 224/1000, Temp: 0.0057, Energy: -83.283423-0.003195j
[2025-04-30 11:59:22] Iteration: 225/1000, Temp: 0.0056, Energy: -82.989290+0.003093j
[2025-04-30 11:59:34] Iteration: 226/1000, Temp: 0.0054, Energy: -83.080187-0.008445j
[2025-04-30 11:59:47] Iteration: 227/1000, Temp: 0.0053, Energy: -83.203067-0.007312j
[2025-04-30 12:00:00] Iteration: 228/1000, Temp: 0.0052, Energy: -83.249958-0.000591j
[2025-04-30 12:00:13] Iteration: 229/1000, Temp: 0.0051, Energy: -83.154188-0.010706j
[2025-04-30 12:00:26] Iteration: 230/1000, Temp: 0.0050, Energy: -83.122368+0.035084j
[2025-04-30 12:00:39] Iteration: 231/1000, Temp: 0.0049, Energy: -83.100690-0.003535j
[2025-04-30 12:00:51] Iteration: 232/1000, Temp: 0.0048, Energy: -83.185451-0.021384j
[2025-04-30 12:01:04] Iteration: 233/1000, Temp: 0.0047, Energy: -83.247376-0.039317j
[2025-04-30 12:01:17] Iteration: 234/1000, Temp: 0.0046, Energy: -83.067701+0.005447j
[2025-04-30 12:01:29] Iteration: 235/1000, Temp: 0.0045, Energy: -83.112603+0.011801j
[2025-04-30 12:01:42] Iteration: 236/1000, Temp: 0.0045, Energy: -83.063043+0.004696j
[2025-04-30 12:01:55] Iteration: 237/1000, Temp: 0.0044, Energy: -83.118932-0.002289j
[2025-04-30 12:02:08] Iteration: 238/1000, Temp: 0.0043, Energy: -83.097818+0.004779j
[2025-04-30 12:02:21] Iteration: 239/1000, Temp: 0.0042, Energy: -83.118649+0.008383j
[2025-04-30 12:02:33] Iteration: 240/1000, Temp: 0.0041, Energy: -83.013845+0.000242j
[2025-04-30 12:02:46] Iteration: 241/1000, Temp: 0.0040, Energy: -83.177601-0.027336j
[2025-04-30 12:02:59] Iteration: 242/1000, Temp: 0.0040, Energy: -83.140434-0.010660j
[2025-04-30 12:03:12] Iteration: 243/1000, Temp: 0.0039, Energy: -83.219278+0.001097j
[2025-04-30 12:03:25] Iteration: 244/1000, Temp: 0.0038, Energy: -83.266728+0.013781j
[2025-04-30 12:03:37] Iteration: 245/1000, Temp: 0.0037, Energy: -83.349841-0.014053j
[2025-04-30 12:03:50] Iteration: 246/1000, Temp: 0.0036, Energy: -83.340666-0.010040j
[2025-04-30 12:04:03] Iteration: 247/1000, Temp: 0.0036, Energy: -83.467897+0.005145j
[2025-04-30 12:04:16] Iteration: 248/1000, Temp: 0.0035, Energy: -83.367605+0.014719j
[2025-04-30 12:04:29] Iteration: 249/1000, Temp: 0.0034, Energy: -83.196362+0.007785j
[2025-04-30 12:04:41] Iteration: 250/1000, Temp: 0.0034, Energy: -83.243624-0.017939j
[2025-04-30 12:04:54] Iteration: 251/1000, Temp: 0.0033, Energy: -83.316093-0.002771j
[2025-04-30 12:05:07] Iteration: 252/1000, Temp: 0.0032, Energy: -83.278029-0.001177j
[2025-04-30 12:05:20] Iteration: 253/1000, Temp: 0.0032, Energy: -83.290139+0.008104j
[2025-04-30 12:05:33] Iteration: 254/1000, Temp: 0.0031, Energy: -83.347287+0.011682j
[2025-04-30 12:05:46] Iteration: 255/1000, Temp: 0.0030, Energy: -83.401380+0.012213j
[2025-04-30 12:05:58] Iteration: 256/1000, Temp: 0.0030, Energy: -83.252099-0.004501j
[2025-04-30 12:06:11] Iteration: 257/1000, Temp: 0.0029, Energy: -83.331305+0.006833j
[2025-04-30 12:06:24] Iteration: 258/1000, Temp: 0.0029, Energy: -83.230877+0.009170j
[2025-04-30 12:06:37] Iteration: 259/1000, Temp: 0.0028, Energy: -83.325164+0.009878j
[2025-04-30 12:06:50] Iteration: 260/1000, Temp: 0.0028, Energy: -83.457305-0.003156j
[2025-04-30 12:07:03] Iteration: 261/1000, Temp: 0.0027, Energy: -83.275212-0.012173j
[2025-04-30 12:07:15] Iteration: 262/1000, Temp: 0.0027, Energy: -83.451349-0.009292j
[2025-04-30 12:07:28] Iteration: 263/1000, Temp: 0.0026, Energy: -83.323481-0.029631j
[2025-04-30 12:07:41] Iteration: 264/1000, Temp: 0.0025, Energy: -83.384695+0.005507j
[2025-04-30 12:07:54] Iteration: 265/1000, Temp: 0.0025, Energy: -83.362624-0.016695j
[2025-04-30 12:08:07] Iteration: 266/1000, Temp: 0.0024, Energy: -83.181852-0.003992j
[2025-04-30 12:08:20] Iteration: 267/1000, Temp: 0.0024, Energy: -83.279321-0.014016j
[2025-04-30 12:08:33] Iteration: 268/1000, Temp: 0.0024, Energy: -83.353777-0.000754j
[2025-04-30 12:08:46] Iteration: 269/1000, Temp: 0.0023, Energy: -83.250997-0.000312j
[2025-04-30 12:08:58] Iteration: 270/1000, Temp: 0.0023, Energy: -83.383102+0.026454j
[2025-04-30 12:09:11] Iteration: 271/1000, Temp: 0.0022, Energy: -83.332516-0.006184j
[2025-04-30 12:09:24] Iteration: 272/1000, Temp: 0.0022, Energy: -83.392142+0.011742j
[2025-04-30 12:09:37] Iteration: 273/1000, Temp: 0.0021, Energy: -83.457146+0.017229j
[2025-04-30 12:09:49] Iteration: 274/1000, Temp: 0.0021, Energy: -83.454970-0.001529j
[2025-04-30 12:10:02] Iteration: 275/1000, Temp: 0.0020, Energy: -83.338224-0.013288j
[2025-04-30 12:10:15] Iteration: 276/1000, Temp: 0.0020, Energy: -83.255453-0.013821j
[2025-04-30 12:10:28] Iteration: 277/1000, Temp: 0.0020, Energy: -83.280805-0.014676j
[2025-04-30 12:10:41] Iteration: 278/1000, Temp: 0.0019, Energy: -83.231488-0.004039j
[2025-04-30 12:10:54] Iteration: 279/1000, Temp: 0.0019, Energy: -83.466949+0.000814j
[2025-04-30 12:11:06] Iteration: 280/1000, Temp: 0.0018, Energy: -83.440650-0.001837j
[2025-04-30 12:11:19] Iteration: 281/1000, Temp: 0.0018, Energy: -83.321166+0.003939j
[2025-04-30 12:11:32] Iteration: 282/1000, Temp: 0.0018, Energy: -83.401598-0.023084j
[2025-04-30 12:11:44] Iteration: 283/1000, Temp: 0.0017, Energy: -83.319052-0.004388j
[2025-04-30 12:11:57] Iteration: 284/1000, Temp: 0.0017, Energy: -83.294257+0.014408j
[2025-04-30 12:12:10] Iteration: 285/1000, Temp: 0.0017, Energy: -83.340698+0.003849j
[2025-04-30 12:12:23] Iteration: 286/1000, Temp: 0.0016, Energy: -83.437866-0.009129j
[2025-04-30 12:12:35] Iteration: 287/1000, Temp: 0.0016, Energy: -83.369973+0.003710j
[2025-04-30 12:12:48] Iteration: 288/1000, Temp: 0.0016, Energy: -83.323871+0.011796j
[2025-04-30 12:13:01] Iteration: 289/1000, Temp: 0.0015, Energy: -83.362320+0.006920j
[2025-04-30 12:13:14] Iteration: 290/1000, Temp: 0.0015, Energy: -83.313865-0.027747j
[2025-04-30 12:13:27] Iteration: 291/1000, Temp: 0.0015, Energy: -83.208339+0.000187j
[2025-04-30 12:13:40] Iteration: 292/1000, Temp: 0.0015, Energy: -83.234144-0.001067j
[2025-04-30 12:13:52] Iteration: 293/1000, Temp: 0.0014, Energy: -83.250365+0.008846j
[2025-04-30 12:14:05] Iteration: 294/1000, Temp: 0.0014, Energy: -83.350061-0.008875j
[2025-04-30 12:14:18] Iteration: 295/1000, Temp: 0.0014, Energy: -83.333313-0.028263j
[2025-04-30 12:14:31] Iteration: 296/1000, Temp: 0.0013, Energy: -83.506173+0.006529j
[2025-04-30 12:14:44] Iteration: 297/1000, Temp: 0.0013, Energy: -83.409745-0.002322j
[2025-04-30 12:14:57] Iteration: 298/1000, Temp: 0.0013, Energy: -83.261040-0.012289j
[2025-04-30 12:15:09] Iteration: 299/1000, Temp: 0.0013, Energy: -83.267729+0.020054j
[2025-04-30 12:15:22] Iteration: 300/1000, Temp: 0.0012, Energy: -83.382091+0.003758j
[2025-04-30 12:15:35] Iteration: 301/1000, Temp: 0.0012, Energy: -83.263212+0.013303j
[2025-04-30 12:15:48] Iteration: 302/1000, Temp: 0.0012, Energy: -83.386816-0.009257j
[2025-04-30 12:16:00] Iteration: 303/1000, Temp: 0.0012, Energy: -83.329748-0.001485j
[2025-04-30 12:16:13] Iteration: 304/1000, Temp: 0.0011, Energy: -83.211836-0.003026j
[2025-04-30 12:16:26] Iteration: 305/1000, Temp: 0.0011, Energy: -83.159161-0.001902j
[2025-04-30 12:16:39] Iteration: 306/1000, Temp: 0.0011, Energy: -83.231001-0.024805j
[2025-04-30 12:16:52] Iteration: 307/1000, Temp: 0.0011, Energy: -83.341046+0.009514j
[2025-04-30 12:17:05] Iteration: 308/1000, Temp: 0.0011, Energy: -83.372208-0.019446j
[2025-04-30 12:17:18] Iteration: 309/1000, Temp: 0.0010, Energy: -83.253691+0.006753j
[2025-04-30 12:17:31] Iteration: 310/1000, Temp: 0.0010, Energy: -83.376029+0.001510j
[2025-04-30 12:17:44] Iteration: 311/1000, Temp: 0.0010, Energy: -83.289943+0.005447j
[2025-04-30 12:17:57] Iteration: 312/1000, Temp: 0.0010, Energy: -83.250670-0.008211j
[2025-04-30 12:18:09] Iteration: 313/1000, Temp: 0.0010, Energy: -83.294255-0.005282j
[2025-04-30 12:18:22] Iteration: 314/1000, Temp: 0.0009, Energy: -83.249960+0.005241j
[2025-04-30 12:18:35] Iteration: 315/1000, Temp: 0.0009, Energy: -83.393554-0.014083j
[2025-04-30 12:18:48] Iteration: 316/1000, Temp: 0.0009, Energy: -83.503122-0.001987j
[2025-04-30 12:19:01] Iteration: 317/1000, Temp: 0.0009, Energy: -83.407683-0.007089j
[2025-04-30 12:19:14] Iteration: 318/1000, Temp: 0.0009, Energy: -83.352503-0.003307j
[2025-04-30 12:19:27] Iteration: 319/1000, Temp: 0.0008, Energy: -83.502118-0.003727j
[2025-04-30 12:19:40] Iteration: 320/1000, Temp: 0.0008, Energy: -83.509105+0.004604j
[2025-04-30 12:19:53] Iteration: 321/1000, Temp: 0.0008, Energy: -83.306042+0.012311j
[2025-04-30 12:20:06] Iteration: 322/1000, Temp: 0.0008, Energy: -83.290077-0.014294j
[2025-04-30 12:20:19] Iteration: 323/1000, Temp: 0.0008, Energy: -83.431249+0.006152j
[2025-04-30 12:20:32] Iteration: 324/1000, Temp: 0.0008, Energy: -83.352718-0.013944j
[2025-04-30 12:20:45] Iteration: 325/1000, Temp: 0.0008, Energy: -83.418155-0.013962j
[2025-04-30 12:20:58] Iteration: 326/1000, Temp: 0.0007, Energy: -83.469697-0.001815j
[2025-04-30 12:21:11] Iteration: 327/1000, Temp: 0.0007, Energy: -83.316174-0.030793j
[2025-04-30 12:21:24] Iteration: 328/1000, Temp: 0.0007, Energy: -83.330697-0.018202j
[2025-04-30 12:21:37] Iteration: 329/1000, Temp: 0.0007, Energy: -83.304109-0.008020j
[2025-04-30 12:21:49] Iteration: 330/1000, Temp: 0.0007, Energy: -83.256558-0.013084j
[2025-04-30 12:22:02] Iteration: 331/1000, Temp: 0.0007, Energy: -83.243835-0.007536j
[2025-04-30 12:22:15] Iteration: 332/1000, Temp: 0.0007, Energy: -83.205411-0.007158j
[2025-04-30 12:22:28] Iteration: 333/1000, Temp: 0.0006, Energy: -83.142210-0.025781j
[2025-04-30 12:22:41] Iteration: 334/1000, Temp: 0.0006, Energy: -83.299745+0.006804j
[2025-04-30 12:22:54] Iteration: 335/1000, Temp: 0.0006, Energy: -83.456483-0.001606j
[2025-04-30 12:23:07] Iteration: 336/1000, Temp: 0.0006, Energy: -83.459049-0.013893j
[2025-04-30 12:23:20] Iteration: 337/1000, Temp: 0.0006, Energy: -83.379202-0.000824j
[2025-04-30 12:23:33] Iteration: 338/1000, Temp: 0.0006, Energy: -83.261149-0.011264j
[2025-04-30 12:23:46] Iteration: 339/1000, Temp: 0.0006, Energy: -83.411007-0.020394j
[2025-04-30 12:23:59] Iteration: 340/1000, Temp: 0.0006, Energy: -83.428395-0.002581j
[2025-04-30 12:24:12] Iteration: 341/1000, Temp: 0.0005, Energy: -83.502539-0.016724j
[2025-04-30 12:24:25] Iteration: 342/1000, Temp: 0.0005, Energy: -83.312105-0.003047j
[2025-04-30 12:24:38] Iteration: 343/1000, Temp: 0.0005, Energy: -83.350915-0.007074j
[2025-04-30 12:24:51] Iteration: 344/1000, Temp: 0.0005, Energy: -83.386406-0.003855j
[2025-04-30 12:25:03] Iteration: 345/1000, Temp: 0.0005, Energy: -83.421474-0.027043j
[2025-04-30 12:25:16] Iteration: 346/1000, Temp: 0.0005, Energy: -83.299034+0.028092j
[2025-04-30 12:25:29] Iteration: 347/1000, Temp: 0.0005, Energy: -83.344785+0.003353j
[2025-04-30 12:25:42] Iteration: 348/1000, Temp: 0.0005, Energy: -83.363938+0.019034j
[2025-04-30 12:25:55] Iteration: 349/1000, Temp: 0.0005, Energy: -83.450841+0.005930j
[2025-04-30 12:26:08] Iteration: 350/1000, Temp: 0.0005, Energy: -83.559855+0.009782j
[2025-04-30 12:26:21] Iteration: 351/1000, Temp: 0.0004, Energy: -83.394438+0.021599j
[2025-04-30 12:26:34] Iteration: 352/1000, Temp: 0.0004, Energy: -83.265994+0.021213j
[2025-04-30 12:26:47] Iteration: 353/1000, Temp: 0.0004, Energy: -83.446630-0.015022j
[2025-04-30 12:27:00] Iteration: 354/1000, Temp: 0.0004, Energy: -83.255409-0.011233j
[2025-04-30 12:27:13] Iteration: 355/1000, Temp: 0.0004, Energy: -83.299076-0.009269j
[2025-04-30 12:27:26] Iteration: 356/1000, Temp: 0.0004, Energy: -83.372185-0.010030j
[2025-04-30 12:27:38] Iteration: 357/1000, Temp: 0.0004, Energy: -83.333036+0.014313j
[2025-04-30 12:27:51] Iteration: 358/1000, Temp: 0.0004, Energy: -83.564440+0.014891j
[2025-04-30 12:28:04] Iteration: 359/1000, Temp: 0.0004, Energy: -83.532672+0.022197j
[2025-04-30 12:28:17] Iteration: 360/1000, Temp: 0.0004, Energy: -83.464240-0.004873j
[2025-04-30 12:28:30] Iteration: 361/1000, Temp: 0.0004, Energy: -83.401293+0.004003j
[2025-04-30 12:28:43] Iteration: 362/1000, Temp: 0.0004, Energy: -83.393082+0.000372j
[2025-04-30 12:28:55] Iteration: 363/1000, Temp: 0.0004, Energy: -83.292704-0.005993j
[2025-04-30 12:29:08] Iteration: 364/1000, Temp: 0.0003, Energy: -83.206308+0.000306j
[2025-04-30 12:29:21] Iteration: 365/1000, Temp: 0.0003, Energy: -83.313879-0.040020j
[2025-04-30 12:29:34] Iteration: 366/1000, Temp: 0.0003, Energy: -83.410331-0.021506j
[2025-04-30 12:29:47] Iteration: 367/1000, Temp: 0.0003, Energy: -83.387529+0.011866j
[2025-04-30 12:30:00] Iteration: 368/1000, Temp: 0.0003, Energy: -83.481713-0.015395j
[2025-04-30 12:30:13] Iteration: 369/1000, Temp: 0.0003, Energy: -83.199605-0.002401j
[2025-04-30 12:30:25] Iteration: 370/1000, Temp: 0.0003, Energy: -83.471040-0.016925j
[2025-04-30 12:30:38] Iteration: 371/1000, Temp: 0.0003, Energy: -83.245719+0.006657j
[2025-04-30 12:30:51] Iteration: 372/1000, Temp: 0.0003, Energy: -83.371655-0.006790j
[2025-04-30 12:31:04] Iteration: 373/1000, Temp: 0.0003, Energy: -83.281796-0.016003j
[2025-04-30 12:31:16] Iteration: 374/1000, Temp: 0.0003, Energy: -83.184154-0.006651j
[2025-04-30 12:31:29] Iteration: 375/1000, Temp: 0.0003, Energy: -83.401204+0.009788j
[2025-04-30 12:31:42] Iteration: 376/1000, Temp: 0.0003, Energy: -83.570890+0.000701j
[2025-04-30 12:31:55] Iteration: 377/1000, Temp: 0.0003, Energy: -83.562652-0.011640j
[2025-04-30 12:32:07] Iteration: 378/1000, Temp: 0.0003, Energy: -83.503032+0.002016j
[2025-04-30 12:32:20] Iteration: 379/1000, Temp: 0.0003, Energy: -83.425360+0.004039j
[2025-04-30 12:32:33] Iteration: 380/1000, Temp: 0.0003, Energy: -83.461762+0.002230j
[2025-04-30 12:32:46] Iteration: 381/1000, Temp: 0.0002, Energy: -83.209548-0.011437j
[2025-04-30 12:32:59] Iteration: 382/1000, Temp: 0.0002, Energy: -83.513887-0.015524j
[2025-04-30 12:33:11] Iteration: 383/1000, Temp: 0.0002, Energy: -83.595801-0.015811j
[2025-04-30 12:33:24] Iteration: 384/1000, Temp: 0.0002, Energy: -83.500481+0.013501j
[2025-04-30 12:33:37] Iteration: 385/1000, Temp: 0.0002, Energy: -83.307147-0.000978j
[2025-04-30 12:33:50] Iteration: 386/1000, Temp: 0.0002, Energy: -83.257212-0.012203j
[2025-04-30 12:34:02] Iteration: 387/1000, Temp: 0.0002, Energy: -83.269278-0.022070j
[2025-04-30 12:34:15] Iteration: 388/1000, Temp: 0.0002, Energy: -83.302154+0.011497j
[2025-04-30 12:34:28] Iteration: 389/1000, Temp: 0.0002, Energy: -83.265413+0.023905j
[2025-04-30 12:34:41] Iteration: 390/1000, Temp: 0.0002, Energy: -83.322900+0.045869j
[2025-04-30 12:34:53] Iteration: 391/1000, Temp: 0.0002, Energy: -83.374032+0.022030j
[2025-04-30 12:35:06] Iteration: 392/1000, Temp: 0.0002, Energy: -83.433308+0.016103j
[2025-04-30 12:35:19] Iteration: 393/1000, Temp: 0.0002, Energy: -83.239000-0.017285j
[2025-04-30 12:35:32] Iteration: 394/1000, Temp: 0.0002, Energy: -83.161867+0.025811j
[2025-04-30 12:35:44] Iteration: 395/1000, Temp: 0.0002, Energy: -83.229367+0.027825j
[2025-04-30 12:35:57] Iteration: 396/1000, Temp: 0.0002, Energy: -83.307838+0.004293j
[2025-04-30 12:36:10] Iteration: 397/1000, Temp: 0.0002, Energy: -83.437400+0.024100j
[2025-04-30 12:36:23] Iteration: 398/1000, Temp: 0.0002, Energy: -83.365113+0.006392j
[2025-04-30 12:36:35] Iteration: 399/1000, Temp: 0.0002, Energy: -83.261033+0.018301j
[2025-04-30 12:36:48] Iteration: 400/1000, Temp: 0.0002, Energy: -83.389599+0.018008j
[2025-04-30 12:37:01] Iteration: 401/1000, Temp: 0.0002, Energy: -83.242129+0.019651j
[2025-04-30 12:37:14] Iteration: 402/1000, Temp: 0.0002, Energy: -83.206334+0.000998j
[2025-04-30 12:37:26] Iteration: 403/1000, Temp: 0.0002, Energy: -83.241714+0.015509j
[2025-04-30 12:37:39] Iteration: 404/1000, Temp: 0.0002, Energy: -83.133013+0.007585j
[2025-04-30 12:37:52] Iteration: 405/1000, Temp: 0.0002, Energy: -83.301350+0.008410j
[2025-04-30 12:38:05] Iteration: 406/1000, Temp: 0.0001, Energy: -83.081537+0.006963j
[2025-04-30 12:38:18] Iteration: 407/1000, Temp: 0.0001, Energy: -83.339013+0.001540j
[2025-04-30 12:38:30] Iteration: 408/1000, Temp: 0.0001, Energy: -83.377449+0.006512j
[2025-04-30 12:38:43] Iteration: 409/1000, Temp: 0.0001, Energy: -83.227164+0.017736j
[2025-04-30 12:38:56] Iteration: 410/1000, Temp: 0.0001, Energy: -83.166324+0.014166j
[2025-04-30 12:39:09] Iteration: 411/1000, Temp: 0.0001, Energy: -83.295455+0.007084j
[2025-04-30 12:39:21] Iteration: 412/1000, Temp: 0.0001, Energy: -83.271765-0.004466j
[2025-04-30 12:39:34] Iteration: 413/1000, Temp: 0.0001, Energy: -83.382311-0.007645j
[2025-04-30 12:39:47] Iteration: 414/1000, Temp: 0.0001, Energy: -83.321779-0.001895j
[2025-04-30 12:40:00] Iteration: 415/1000, Temp: 0.0001, Energy: -83.304909-0.030540j
[2025-04-30 12:40:13] Iteration: 416/1000, Temp: 0.0001, Energy: -83.395984+0.000080j
[2025-04-30 12:40:25] Iteration: 417/1000, Temp: 0.0001, Energy: -83.416884+0.021055j
[2025-04-30 12:40:38] Iteration: 418/1000, Temp: 0.0001, Energy: -83.465617+0.003618j
[2025-04-30 12:40:51] Iteration: 419/1000, Temp: 0.0001, Energy: -83.327186-0.008463j
[2025-04-30 12:41:04] Iteration: 420/1000, Temp: 0.0001, Energy: -83.400112-0.005391j
[2025-04-30 12:41:17] Iteration: 421/1000, Temp: 0.0001, Energy: -83.442204-0.026558j
[2025-04-30 12:41:30] Iteration: 422/1000, Temp: 0.0001, Energy: -83.358310+0.000592j
[2025-04-30 12:41:43] Iteration: 423/1000, Temp: 0.0001, Energy: -83.371134+0.005879j
[2025-04-30 12:41:56] Iteration: 424/1000, Temp: 0.0001, Energy: -83.298075-0.011094j
[2025-04-30 12:42:08] Iteration: 425/1000, Temp: 0.0001, Energy: -83.497942+0.003964j
[2025-04-30 12:42:21] Iteration: 426/1000, Temp: 0.0001, Energy: -83.626904+0.001245j
[2025-04-30 12:42:34] Iteration: 427/1000, Temp: 0.0001, Energy: -83.419015+0.005873j
[2025-04-30 12:42:47] Iteration: 428/1000, Temp: 0.0001, Energy: -83.330848-0.005539j
[2025-04-30 12:43:00] Iteration: 429/1000, Temp: 0.0001, Energy: -83.394852-0.004877j
[2025-04-30 12:43:13] Iteration: 430/1000, Temp: 0.0001, Energy: -83.556622-0.011243j
[2025-04-30 12:43:26] Iteration: 431/1000, Temp: 0.0001, Energy: -83.504941+0.006406j
[2025-04-30 12:43:39] Iteration: 432/1000, Temp: 0.0001, Energy: -83.419301+0.014685j
[2025-04-30 12:43:52] Iteration: 433/1000, Temp: 0.0001, Energy: -83.470413-0.004960j
[2025-04-30 12:44:05] Iteration: 434/1000, Temp: 0.0001, Energy: -83.389258+0.003385j
[2025-04-30 12:44:17] Iteration: 435/1000, Temp: 0.0001, Energy: -83.356062+0.000464j
[2025-04-30 12:44:30] Iteration: 436/1000, Temp: 0.0001, Energy: -83.350248-0.002621j
[2025-04-30 12:44:43] Iteration: 437/1000, Temp: 0.0001, Energy: -83.394022+0.008901j
[2025-04-30 12:44:56] Iteration: 438/1000, Temp: 0.0001, Energy: -83.438629-0.001580j
[2025-04-30 12:45:09] Iteration: 439/1000, Temp: 0.0001, Energy: -83.480491+0.002997j
[2025-04-30 12:45:22] Iteration: 440/1000, Temp: 0.0001, Energy: -83.344655+0.006416j
[2025-04-30 12:45:35] Iteration: 441/1000, Temp: 0.0001, Energy: -83.263812-0.003880j
[2025-04-30 12:45:48] Iteration: 442/1000, Temp: 0.0001, Energy: -83.221761-0.003063j
[2025-04-30 12:46:01] Iteration: 443/1000, Temp: 0.0001, Energy: -83.521326+0.002531j
[2025-04-30 12:46:14] Iteration: 444/1000, Temp: 0.0001, Energy: -83.496117-0.001126j
[2025-04-30 12:46:27] Iteration: 445/1000, Temp: 0.0001, Energy: -83.477556-0.001419j
[2025-04-30 12:46:40] Iteration: 446/1000, Temp: 0.0001, Energy: -83.456836-0.005085j
[2025-04-30 12:46:53] Iteration: 447/1000, Temp: 0.0001, Energy: -83.488907-0.014227j
[2025-04-30 12:47:06] Iteration: 448/1000, Temp: 0.0001, Energy: -83.571016-0.008567j
[2025-04-30 12:47:19] Iteration: 449/1000, Temp: 0.0001, Energy: -83.550801-0.006815j
[2025-04-30 12:47:32] Iteration: 450/1000, Temp: 0.0001, Energy: -83.533250+0.004468j
[2025-04-30 12:47:44] Iteration: 451/1000, Temp: 0.0001, Energy: -83.503152+0.002779j
[2025-04-30 12:47:57] Iteration: 452/1000, Temp: 0.0001, Energy: -83.502035-0.005804j
[2025-04-30 12:48:10] Iteration: 453/1000, Temp: 0.0001, Energy: -83.623604+0.007398j
[2025-04-30 12:48:23] Iteration: 454/1000, Temp: 0.0001, Energy: -83.668005-0.001989j
[2025-04-30 12:48:36] Iteration: 455/1000, Temp: 0.0001, Energy: -83.435575+0.001806j
[2025-04-30 12:48:49] Iteration: 456/1000, Temp: 0.0001, Energy: -83.431084+0.003739j
[2025-04-30 12:49:02] Iteration: 457/1000, Temp: 0.0001, Energy: -83.568447-0.001391j
[2025-04-30 12:49:15] Iteration: 458/1000, Temp: 0.0001, Energy: -83.410156+0.001967j
[2025-04-30 12:49:28] Iteration: 459/1000, Temp: 0.0001, Energy: -83.343626+0.000854j
[2025-04-30 12:49:41] Iteration: 460/1000, Temp: 0.0001, Energy: -83.460983-0.013392j
[2025-04-30 12:49:54] Iteration: 461/1000, Temp: 0.0000, Energy: -83.424050-0.019538j
[2025-04-30 12:50:07] Iteration: 462/1000, Temp: 0.0000, Energy: -83.278688+0.011080j
[2025-04-30 12:50:20] Iteration: 463/1000, Temp: 0.0000, Energy: -83.446319-0.002513j
[2025-04-30 12:50:33] Iteration: 464/1000, Temp: 0.0000, Energy: -83.438815+0.009050j
[2025-04-30 12:50:46] Iteration: 465/1000, Temp: 0.0000, Energy: -83.393523+0.007884j
[2025-04-30 12:50:59] Iteration: 466/1000, Temp: 0.0000, Energy: -83.426978+0.012048j
[2025-04-30 12:51:12] Iteration: 467/1000, Temp: 0.0000, Energy: -83.357137+0.013630j
[2025-04-30 12:51:25] Iteration: 468/1000, Temp: 0.0000, Energy: -83.460685+0.021331j
[2025-04-30 12:51:38] Iteration: 469/1000, Temp: 0.0000, Energy: -83.554644+0.000505j
[2025-04-30 12:51:51] Iteration: 470/1000, Temp: 0.0000, Energy: -83.468010+0.006701j
[2025-04-30 12:52:03] Iteration: 471/1000, Temp: 0.0000, Energy: -83.460771-0.020298j
[2025-04-30 12:52:16] Iteration: 472/1000, Temp: 0.0000, Energy: -83.666493+0.009879j
[2025-04-30 12:52:29] Iteration: 473/1000, Temp: 0.0000, Energy: -83.434924+0.001768j
[2025-04-30 12:52:42] Iteration: 474/1000, Temp: 0.0000, Energy: -83.263850+0.016472j
[2025-04-30 12:52:55] Iteration: 475/1000, Temp: 0.0000, Energy: -83.520819-0.011096j
[2025-04-30 12:53:08] Iteration: 476/1000, Temp: 0.0000, Energy: -83.410931+0.013981j
[2025-04-30 12:53:21] Iteration: 477/1000, Temp: 0.0000, Energy: -83.412049+0.002899j
[2025-04-30 12:53:34] Iteration: 478/1000, Temp: 0.0000, Energy: -83.424875+0.002931j
[2025-04-30 12:53:47] Iteration: 479/1000, Temp: 0.0000, Energy: -83.408928+0.004254j
[2025-04-30 12:54:00] Iteration: 480/1000, Temp: 0.0000, Energy: -83.335989-0.003986j
[2025-04-30 12:54:13] Iteration: 481/1000, Temp: 0.0000, Energy: -83.293452-0.006106j
[2025-04-30 12:54:26] Iteration: 482/1000, Temp: 0.0000, Energy: -83.391655+0.001702j
[2025-04-30 12:54:39] Iteration: 483/1000, Temp: 0.0000, Energy: -83.341698+0.000133j
[2025-04-30 12:54:52] Iteration: 484/1000, Temp: 0.0000, Energy: -83.460507-0.005310j
[2025-04-30 12:55:04] Iteration: 485/1000, Temp: 0.0000, Energy: -83.294068+0.000865j
[2025-04-30 12:55:17] Iteration: 486/1000, Temp: 0.0000, Energy: -83.382651+0.012083j
[2025-04-30 12:55:30] Iteration: 487/1000, Temp: 0.0000, Energy: -83.530934+0.007857j
[2025-04-30 12:55:43] Iteration: 488/1000, Temp: 0.0000, Energy: -83.466370+0.020576j
[2025-04-30 12:55:56] Iteration: 489/1000, Temp: 0.0000, Energy: -83.404608+0.024022j
[2025-04-30 12:56:09] Iteration: 490/1000, Temp: 0.0000, Energy: -83.462287+0.005370j
[2025-04-30 12:56:22] Iteration: 491/1000, Temp: 0.0000, Energy: -83.384871+0.003824j
[2025-04-30 12:56:35] Iteration: 492/1000, Temp: 0.0000, Energy: -83.409468-0.010328j
[2025-04-30 12:56:47] Iteration: 493/1000, Temp: 0.0000, Energy: -83.307784-0.002130j
[2025-04-30 12:57:00] Iteration: 494/1000, Temp: 0.0000, Energy: -83.513349-0.007639j
[2025-04-30 12:57:13] Iteration: 495/1000, Temp: 0.0000, Energy: -83.402032-0.000874j
[2025-04-30 12:57:26] Iteration: 496/1000, Temp: 0.0000, Energy: -83.354401-0.003299j
[2025-04-30 12:57:39] Iteration: 497/1000, Temp: 0.0000, Energy: -83.247173+0.002449j
[2025-04-30 12:57:52] Iteration: 498/1000, Temp: 0.0000, Energy: -83.231298-0.010749j
[2025-04-30 12:58:04] Iteration: 499/1000, Temp: 0.0000, Energy: -83.428757+0.004663j
[2025-04-30 12:58:17] Iteration: 500/1000, Temp: 0.0000, Energy: -83.326566+0.007572j
[2025-04-30 12:58:30] Iteration: 501/1000, Temp: 0.0000, Energy: -83.372852+0.011955j
[2025-04-30 12:58:42] Iteration: 502/1000, Temp: 0.0000, Energy: -83.448866+0.013653j
[2025-04-30 12:58:55] Iteration: 503/1000, Temp: 0.0000, Energy: -83.510082+0.014340j
[2025-04-30 12:59:08] Iteration: 504/1000, Temp: 0.0000, Energy: -83.522371+0.017607j
[2025-04-30 12:59:21] Iteration: 505/1000, Temp: 0.0000, Energy: -83.509713+0.000907j
[2025-04-30 12:59:33] Iteration: 506/1000, Temp: 0.0000, Energy: -83.566051-0.004223j
[2025-04-30 12:59:46] Iteration: 507/1000, Temp: 0.0000, Energy: -83.603765-0.001066j
[2025-04-30 12:59:59] Iteration: 508/1000, Temp: 0.0000, Energy: -83.471105+0.018518j
[2025-04-30 13:00:12] Iteration: 509/1000, Temp: 0.0000, Energy: -83.549110-0.004722j
[2025-04-30 13:00:24] Iteration: 510/1000, Temp: 0.0000, Energy: -83.565812+0.009177j
[2025-04-30 13:00:37] Iteration: 511/1000, Temp: 0.0000, Energy: -83.443123+0.005334j
[2025-04-30 13:00:50] Iteration: 512/1000, Temp: 0.0000, Energy: -83.642370-0.002437j
[2025-04-30 13:01:03] Iteration: 513/1000, Temp: 0.0000, Energy: -83.474816+0.019931j
[2025-04-30 13:01:15] Iteration: 514/1000, Temp: 0.0000, Energy: -83.503873+0.008049j
[2025-04-30 13:01:28] Iteration: 515/1000, Temp: 0.0000, Energy: -83.442597+0.029275j
[2025-04-30 13:01:41] Iteration: 516/1000, Temp: 0.0000, Energy: -83.499459+0.013442j
[2025-04-30 13:01:54] Iteration: 517/1000, Temp: 0.0000, Energy: -83.459761+0.007564j
[2025-04-30 13:02:07] Iteration: 518/1000, Temp: 0.0000, Energy: -83.584434+0.007970j
[2025-04-30 13:02:20] Iteration: 519/1000, Temp: 0.0000, Energy: -83.546321-0.004041j
[2025-04-30 13:02:33] Iteration: 520/1000, Temp: 0.0000, Energy: -83.507114-0.010188j
[2025-04-30 13:02:45] Iteration: 521/1000, Temp: 0.0000, Energy: -83.489549-0.001451j
[2025-04-30 13:02:58] Iteration: 522/1000, Temp: 0.0000, Energy: -83.547412+0.006003j
[2025-04-30 13:03:11] Iteration: 523/1000, Temp: 0.0000, Energy: -83.483456-0.001228j
[2025-04-30 13:03:24] Iteration: 524/1000, Temp: 0.0000, Energy: -83.587374+0.000950j
[2025-04-30 13:03:36] Iteration: 525/1000, Temp: 0.0000, Energy: -83.550084+0.011765j
[2025-04-30 13:03:49] Iteration: 526/1000, Temp: 0.0000, Energy: -83.643004-0.007248j
[2025-04-30 13:04:02] Iteration: 527/1000, Temp: 0.0000, Energy: -83.476363-0.002641j
[2025-04-30 13:04:15] Iteration: 528/1000, Temp: 0.0000, Energy: -83.597931+0.005214j
[2025-04-30 13:04:27] Iteration: 529/1000, Temp: 0.0000, Energy: -83.530973-0.008343j
[2025-04-30 13:04:40] Iteration: 530/1000, Temp: 0.0000, Energy: -83.304612+0.000329j
[2025-04-30 13:04:53] Iteration: 531/1000, Temp: 0.0000, Energy: -83.472446-0.005979j
[2025-04-30 13:05:06] Iteration: 532/1000, Temp: 0.0000, Energy: -83.512207+0.016014j
[2025-04-30 13:05:19] Iteration: 533/1000, Temp: 0.0000, Energy: -83.434702+0.002195j
[2025-04-30 13:05:32] Iteration: 534/1000, Temp: 0.0000, Energy: -83.505305+0.001078j
[2025-04-30 13:05:44] Iteration: 535/1000, Temp: 0.0000, Energy: -83.443911+0.000248j
[2025-04-30 13:05:57] Iteration: 536/1000, Temp: 0.0000, Energy: -83.601708+0.010351j
[2025-04-30 13:06:10] Iteration: 537/1000, Temp: 0.0000, Energy: -83.534985-0.004547j
[2025-04-30 13:06:23] Iteration: 538/1000, Temp: 0.0000, Energy: -83.520083-0.013756j
[2025-04-30 13:06:36] Iteration: 539/1000, Temp: 0.0000, Energy: -83.733181-0.014404j
[2025-04-30 13:06:48] Iteration: 540/1000, Temp: 0.0000, Energy: -83.561897+0.005632j
[2025-04-30 13:07:01] Iteration: 541/1000, Temp: 0.0000, Energy: -83.517233-0.011034j
[2025-04-30 13:07:14] Iteration: 542/1000, Temp: 0.0000, Energy: -83.682915-0.003060j
[2025-04-30 13:07:27] Iteration: 543/1000, Temp: 0.0000, Energy: -83.726400-0.003463j
[2025-04-30 13:07:40] Iteration: 544/1000, Temp: 0.0000, Energy: -83.574498+0.004884j
[2025-04-30 13:07:53] Iteration: 545/1000, Temp: 0.0000, Energy: -83.564510+0.003471j
[2025-04-30 13:08:05] Iteration: 546/1000, Temp: 0.0000, Energy: -83.522913+0.003522j
[2025-04-30 13:08:18] Iteration: 547/1000, Temp: 0.0000, Energy: -83.490610+0.001149j
[2025-04-30 13:08:31] Iteration: 548/1000, Temp: 0.0000, Energy: -83.321575+0.004483j
[2025-04-30 13:08:44] Iteration: 549/1000, Temp: 0.0000, Energy: -83.378585-0.005979j
[2025-04-30 13:08:57] Iteration: 550/1000, Temp: 0.0000, Energy: -83.564598+0.004921j
[2025-04-30 13:09:10] Iteration: 551/1000, Temp: 0.0000, Energy: -83.422709-0.006792j
[2025-04-30 13:09:23] Iteration: 552/1000, Temp: 0.0000, Energy: -83.479935-0.006462j
[2025-04-30 13:09:36] Iteration: 553/1000, Temp: 0.0000, Energy: -83.566579+0.000180j
[2025-04-30 13:09:49] Iteration: 554/1000, Temp: 0.0000, Energy: -83.492972-0.001266j
[2025-04-30 13:10:02] Iteration: 555/1000, Temp: 0.0000, Energy: -83.466143+0.002384j
[2025-04-30 13:10:15] Iteration: 556/1000, Temp: 0.0000, Energy: -83.479477-0.006338j
[2025-04-30 13:10:28] Iteration: 557/1000, Temp: 0.0000, Energy: -83.320214+0.004429j
[2025-04-30 13:10:41] Iteration: 558/1000, Temp: 0.0000, Energy: -83.252681+0.001154j
[2025-04-30 13:10:54] Iteration: 559/1000, Temp: 0.0000, Energy: -83.258282+0.005177j
[2025-04-30 13:11:07] Iteration: 560/1000, Temp: 0.0000, Energy: -83.384698-0.003541j
[2025-04-30 13:11:19] Iteration: 561/1000, Temp: 0.0000, Energy: -83.398593-0.006472j
[2025-04-30 13:11:32] Iteration: 562/1000, Temp: 0.0000, Energy: -83.413331+0.012389j
[2025-04-30 13:11:45] Iteration: 563/1000, Temp: 0.0000, Energy: -83.404711+0.008210j
[2025-04-30 13:11:58] Iteration: 564/1000, Temp: 0.0000, Energy: -83.535746+0.007460j
[2025-04-30 13:12:11] Iteration: 565/1000, Temp: 0.0000, Energy: -83.526135-0.005415j
[2025-04-30 13:12:24] Iteration: 566/1000, Temp: 0.0000, Energy: -83.472362+0.009655j
[2025-04-30 13:12:37] Iteration: 567/1000, Temp: 0.0000, Energy: -83.325796+0.011073j
[2025-04-30 13:12:50] Iteration: 568/1000, Temp: 0.0000, Energy: -83.310775-0.006195j
[2025-04-30 13:13:03] Iteration: 569/1000, Temp: 0.0000, Energy: -83.399001+0.013639j
[2025-04-30 13:13:16] Iteration: 570/1000, Temp: 0.0000, Energy: -83.368595+0.007923j
[2025-04-30 13:13:29] Iteration: 571/1000, Temp: 0.0000, Energy: -83.662176+0.017537j
[2025-04-30 13:13:42] Iteration: 572/1000, Temp: 0.0000, Energy: -83.431584-0.003719j
[2025-04-30 13:13:55] Iteration: 573/1000, Temp: 0.0000, Energy: -83.262367+0.007727j
[2025-04-30 13:14:08] Iteration: 574/1000, Temp: 0.0000, Energy: -83.414100+0.001607j
[2025-04-30 13:14:21] Iteration: 575/1000, Temp: 0.0000, Energy: -83.477610+0.003888j
[2025-04-30 13:14:34] Iteration: 576/1000, Temp: 0.0000, Energy: -83.440380+0.000278j
[2025-04-30 13:14:47] Iteration: 577/1000, Temp: 0.0000, Energy: -83.456440+0.020008j
[2025-04-30 13:15:00] Iteration: 578/1000, Temp: 0.0000, Energy: -83.572082+0.010960j
[2025-04-30 13:15:13] Iteration: 579/1000, Temp: 0.0000, Energy: -83.418645-0.005250j
[2025-04-30 13:15:26] Iteration: 580/1000, Temp: 0.0000, Energy: -83.487963+0.005888j
[2025-04-30 13:15:39] Iteration: 581/1000, Temp: 0.0000, Energy: -83.469600-0.003951j
[2025-04-30 13:15:52] Iteration: 582/1000, Temp: 0.0000, Energy: -83.373796+0.001534j
[2025-04-30 13:16:05] Iteration: 583/1000, Temp: 0.0000, Energy: -83.355693+0.013741j
[2025-04-30 13:16:18] Iteration: 584/1000, Temp: 0.0000, Energy: -83.556622+0.007651j
[2025-04-30 13:16:31] Iteration: 585/1000, Temp: 0.0000, Energy: -83.400168+0.009945j
[2025-04-30 13:16:44] Iteration: 586/1000, Temp: 0.0000, Energy: -83.394575+0.018234j
[2025-04-30 13:16:57] Iteration: 587/1000, Temp: 0.0000, Energy: -83.461875+0.003026j
[2025-04-30 13:17:10] Iteration: 588/1000, Temp: 0.0000, Energy: -83.294297+0.012744j
[2025-04-30 13:17:23] Iteration: 589/1000, Temp: 0.0000, Energy: -83.341190+0.005033j
[2025-04-30 13:17:36] Iteration: 590/1000, Temp: 0.0000, Energy: -83.421756-0.005512j
[2025-04-30 13:17:48] Iteration: 591/1000, Temp: 0.0000, Energy: -83.319082+0.002409j
[2025-04-30 13:18:02] Iteration: 592/1000, Temp: 0.0000, Energy: -83.322523-0.002532j
[2025-04-30 13:18:14] Iteration: 593/1000, Temp: 0.0000, Energy: -83.377474-0.005511j
[2025-04-30 13:18:27] Iteration: 594/1000, Temp: 0.0000, Energy: -83.306748-0.004704j
[2025-04-30 13:18:40] Iteration: 595/1000, Temp: 0.0000, Energy: -83.306238-0.001585j
[2025-04-30 13:18:53] Iteration: 596/1000, Temp: 0.0000, Energy: -83.306813-0.002613j
[2025-04-30 13:19:06] Iteration: 597/1000, Temp: 0.0000, Energy: -83.266657-0.003984j
[2025-04-30 13:19:19] Iteration: 598/1000, Temp: 0.0000, Energy: -83.505792-0.007484j
[2025-04-30 13:19:32] Iteration: 599/1000, Temp: 0.0000, Energy: -83.391072+0.007439j
[2025-04-30 13:19:45] Iteration: 600/1000, Temp: 0.0000, Energy: -83.577736+0.010933j
[2025-04-30 13:19:58] Iteration: 601/1000, Temp: 0.0000, Energy: -83.458390-0.007621j
[2025-04-30 13:20:11] Iteration: 602/1000, Temp: 0.0000, Energy: -83.451437-0.004043j
[2025-04-30 13:20:24] Iteration: 603/1000, Temp: 0.0000, Energy: -83.422175+0.003175j
[2025-04-30 13:20:37] Iteration: 604/1000, Temp: 0.0000, Energy: -83.438043+0.003122j
[2025-04-30 13:20:49] Iteration: 605/1000, Temp: 0.0000, Energy: -83.562589+0.003875j
[2025-04-30 13:21:02] Iteration: 606/1000, Temp: 0.0000, Energy: -83.581336-0.002402j
[2025-04-30 13:21:15] Iteration: 607/1000, Temp: 0.0000, Energy: -83.465757-0.005472j
[2025-04-30 13:21:28] Iteration: 608/1000, Temp: 0.0000, Energy: -83.563635-0.001381j
[2025-04-30 13:21:41] Iteration: 609/1000, Temp: 0.0000, Energy: -83.483231-0.008341j
[2025-04-30 13:21:54] Iteration: 610/1000, Temp: 0.0000, Energy: -83.502362-0.020160j
[2025-04-30 13:22:06] Iteration: 611/1000, Temp: 0.0000, Energy: -83.433449+0.002608j
[2025-04-30 13:22:19] Iteration: 612/1000, Temp: 0.0000, Energy: -83.312234-0.006831j
[2025-04-30 13:22:32] Iteration: 613/1000, Temp: 0.0000, Energy: -83.518095-0.021148j
[2025-04-30 13:22:45] Iteration: 614/1000, Temp: 0.0000, Energy: -83.601032-0.020227j
[2025-04-30 13:22:57] Iteration: 615/1000, Temp: 0.0000, Energy: -83.511971-0.006833j
[2025-04-30 13:23:10] Iteration: 616/1000, Temp: 0.0000, Energy: -83.381580-0.006681j
[2025-04-30 13:23:23] Iteration: 617/1000, Temp: 0.0000, Energy: -83.464369+0.005359j
[2025-04-30 13:23:36] Iteration: 618/1000, Temp: 0.0000, Energy: -83.434803-0.001254j
[2025-04-30 13:23:48] Iteration: 619/1000, Temp: 0.0000, Energy: -83.610581-0.005389j
[2025-04-30 13:24:01] Iteration: 620/1000, Temp: 0.0000, Energy: -83.480631-0.003847j
[2025-04-30 13:24:14] Iteration: 621/1000, Temp: 0.0000, Energy: -83.278956-0.000568j
[2025-04-30 13:24:27] Iteration: 622/1000, Temp: 0.0000, Energy: -83.313656+0.013105j
[2025-04-30 13:24:40] Iteration: 623/1000, Temp: 0.0000, Energy: -83.311762+0.003847j
[2025-04-30 13:24:53] Iteration: 624/1000, Temp: 0.0000, Energy: -83.351195-0.000191j
[2025-04-30 13:25:05] Iteration: 625/1000, Temp: 0.0000, Energy: -83.244123-0.003263j
[2025-04-30 13:25:18] Iteration: 626/1000, Temp: 0.0000, Energy: -83.612916+0.005107j
[2025-04-30 13:25:31] Iteration: 627/1000, Temp: 0.0000, Energy: -83.420222+0.011589j
[2025-04-30 13:25:44] Iteration: 628/1000, Temp: 0.0000, Energy: -83.467618-0.004172j
[2025-04-30 13:25:57] Iteration: 629/1000, Temp: 0.0000, Energy: -83.623978+0.013919j
[2025-04-30 13:26:10] Iteration: 630/1000, Temp: 0.0000, Energy: -83.486889-0.001533j
[2025-04-30 13:26:23] Iteration: 631/1000, Temp: 0.0000, Energy: -83.480082-0.002462j
[2025-04-30 13:26:35] Iteration: 632/1000, Temp: 0.0000, Energy: -83.528298+0.005904j
[2025-04-30 13:26:48] Iteration: 633/1000, Temp: 0.0000, Energy: -83.738839-0.010338j
[2025-04-30 13:27:01] Iteration: 634/1000, Temp: 0.0000, Energy: -83.715484+0.015274j
[2025-04-30 13:27:14] Iteration: 635/1000, Temp: 0.0000, Energy: -83.762772-0.006380j
[2025-04-30 13:27:27] Iteration: 636/1000, Temp: 0.0000, Energy: -83.672516+0.001644j
[2025-04-30 13:27:39] Iteration: 637/1000, Temp: 0.0000, Energy: -83.592491+0.002067j
[2025-04-30 13:27:52] Iteration: 638/1000, Temp: 0.0000, Energy: -83.598735+0.001546j
[2025-04-30 13:28:05] Iteration: 639/1000, Temp: 0.0000, Energy: -83.593958+0.002435j
[2025-04-30 13:28:18] Iteration: 640/1000, Temp: 0.0000, Energy: -83.619628+0.001518j
[2025-04-30 13:28:31] Iteration: 641/1000, Temp: 0.0000, Energy: -83.336209+0.007915j
[2025-04-30 13:28:44] Iteration: 642/1000, Temp: 0.0000, Energy: -83.318937+0.006098j
[2025-04-30 13:28:56] Iteration: 643/1000, Temp: 0.0000, Energy: -83.480818+0.002522j
[2025-04-30 13:29:09] Iteration: 644/1000, Temp: 0.0000, Energy: -83.588371+0.004781j
[2025-04-30 13:29:22] Iteration: 645/1000, Temp: 0.0000, Energy: -83.546715+0.006077j
[2025-04-30 13:29:35] Iteration: 646/1000, Temp: 0.0000, Energy: -83.630318+0.004773j
[2025-04-30 13:29:48] Iteration: 647/1000, Temp: 0.0000, Energy: -83.557269+0.005563j
[2025-04-30 13:30:01] Iteration: 648/1000, Temp: 0.0000, Energy: -83.514504-0.015133j
[2025-04-30 13:30:14] Iteration: 649/1000, Temp: 0.0000, Energy: -83.610451-0.001709j
[2025-04-30 13:30:27] Iteration: 650/1000, Temp: 0.0000, Energy: -83.629163+0.001936j
[2025-04-30 13:30:40] Iteration: 651/1000, Temp: 0.0000, Energy: -83.409843-0.010925j
[2025-04-30 13:30:53] Iteration: 652/1000, Temp: 0.0000, Energy: -83.394040-0.006649j
[2025-04-30 13:31:06] Iteration: 653/1000, Temp: 0.0000, Energy: -83.505507+0.004560j
[2025-04-30 13:31:19] Iteration: 654/1000, Temp: 0.0000, Energy: -83.605121+0.004173j
[2025-04-30 13:31:32] Iteration: 655/1000, Temp: 0.0000, Energy: -83.544827+0.003935j
[2025-04-30 13:31:45] Iteration: 656/1000, Temp: 0.0000, Energy: -83.591625+0.009170j
[2025-04-30 13:31:58] Iteration: 657/1000, Temp: 0.0000, Energy: -83.629933-0.007469j
[2025-04-30 13:32:11] Iteration: 658/1000, Temp: 0.0000, Energy: -83.653376+0.004325j
[2025-04-30 13:32:24] Iteration: 659/1000, Temp: 0.0000, Energy: -83.538430-0.022283j
[2025-04-30 13:32:37] Iteration: 660/1000, Temp: 0.0000, Energy: -83.555475-0.003695j
[2025-04-30 13:32:50] Iteration: 661/1000, Temp: 0.0000, Energy: -83.556372+0.004039j
[2025-04-30 13:33:03] Iteration: 662/1000, Temp: 0.0000, Energy: -83.628600-0.003246j
[2025-04-30 13:33:15] Iteration: 663/1000, Temp: 0.0000, Energy: -83.635416+0.002770j
[2025-04-30 13:33:28] Iteration: 664/1000, Temp: 0.0000, Energy: -83.803027-0.005469j
[2025-04-30 13:33:41] Iteration: 665/1000, Temp: 0.0000, Energy: -83.582754+0.005817j
[2025-04-30 13:33:54] Iteration: 666/1000, Temp: 0.0000, Energy: -83.568088-0.001571j
[2025-04-30 13:34:07] Iteration: 667/1000, Temp: 0.0000, Energy: -83.451935+0.001171j
[2025-04-30 13:34:20] Iteration: 668/1000, Temp: 0.0000, Energy: -83.436437-0.008079j
[2025-04-30 13:34:33] Iteration: 669/1000, Temp: 0.0000, Energy: -83.435695-0.005009j
[2025-04-30 13:34:46] Iteration: 670/1000, Temp: 0.0000, Energy: -83.503002+0.000949j
[2025-04-30 13:34:59] Iteration: 671/1000, Temp: 0.0000, Energy: -83.454701+0.012838j
[2025-04-30 13:35:12] Iteration: 672/1000, Temp: 0.0000, Energy: -83.394448+0.001270j
[2025-04-30 13:35:25] Iteration: 673/1000, Temp: 0.0000, Energy: -83.522505-0.000098j
[2025-04-30 13:35:38] Iteration: 674/1000, Temp: 0.0000, Energy: -83.467395-0.000493j
[2025-04-30 13:35:51] Iteration: 675/1000, Temp: 0.0000, Energy: -83.627429-0.002996j
[2025-04-30 13:36:04] Iteration: 676/1000, Temp: 0.0000, Energy: -83.656056+0.000076j
[2025-04-30 13:36:17] Iteration: 677/1000, Temp: 0.0000, Energy: -83.482987+0.000169j
[2025-04-30 13:36:30] Iteration: 678/1000, Temp: 0.0000, Energy: -83.364794-0.007775j
[2025-04-30 13:36:43] Iteration: 679/1000, Temp: 0.0000, Energy: -83.382349+0.004309j
[2025-04-30 13:36:56] Iteration: 680/1000, Temp: 0.0000, Energy: -83.476787+0.001600j
[2025-04-30 13:37:09] Iteration: 681/1000, Temp: 0.0000, Energy: -83.285582+0.003572j
[2025-04-30 13:37:22] Iteration: 682/1000, Temp: 0.0000, Energy: -83.401317+0.004220j
[2025-04-30 13:37:35] Iteration: 683/1000, Temp: 0.0000, Energy: -83.527917+0.002038j
[2025-04-30 13:37:48] Iteration: 684/1000, Temp: 0.0000, Energy: -83.488259-0.008554j
[2025-04-30 13:38:01] Iteration: 685/1000, Temp: 0.0000, Energy: -83.512202-0.000230j
[2025-04-30 13:38:13] Iteration: 686/1000, Temp: 0.0000, Energy: -83.489465+0.000390j
[2025-04-30 13:38:26] Iteration: 687/1000, Temp: 0.0000, Energy: -83.568123-0.002161j
[2025-04-30 13:38:39] Iteration: 688/1000, Temp: 0.0000, Energy: -83.593520-0.000137j
[2025-04-30 13:38:52] Iteration: 689/1000, Temp: 0.0000, Energy: -83.643921+0.003501j
[2025-04-30 13:39:05] Iteration: 690/1000, Temp: 0.0000, Energy: -83.586999-0.000955j
[2025-04-30 13:39:18] Iteration: 691/1000, Temp: 0.0000, Energy: -83.532884+0.003848j
[2025-04-30 13:39:31] Iteration: 692/1000, Temp: 0.0000, Energy: -83.503501+0.003663j
[2025-04-30 13:39:44] Iteration: 693/1000, Temp: 0.0000, Energy: -83.632616+0.000101j
[2025-04-30 13:39:57] Iteration: 694/1000, Temp: 0.0000, Energy: -83.523749+0.001626j
[2025-04-30 13:40:10] Iteration: 695/1000, Temp: 0.0000, Energy: -83.451503-0.000772j
[2025-04-30 13:40:23] Iteration: 696/1000, Temp: 0.0000, Energy: -83.386389-0.006176j
[2025-04-30 13:40:36] Iteration: 697/1000, Temp: 0.0000, Energy: -83.486316+0.006554j
[2025-04-30 13:40:49] Iteration: 698/1000, Temp: 0.0000, Energy: -83.425722+0.002771j
[2025-04-30 13:41:01] Iteration: 699/1000, Temp: 0.0000, Energy: -83.469998+0.001658j
[2025-04-30 13:41:14] Iteration: 700/1000, Temp: 0.0000, Energy: -83.532019+0.015120j
[2025-04-30 13:41:27] Iteration: 701/1000, Temp: 0.0000, Energy: -83.363092+0.004809j
[2025-04-30 13:41:40] Iteration: 702/1000, Temp: 0.0000, Energy: -83.397490+0.004857j
[2025-04-30 13:41:53] Iteration: 703/1000, Temp: 0.0000, Energy: -83.432185-0.003556j
[2025-04-30 13:42:06] Iteration: 704/1000, Temp: 0.0000, Energy: -83.491928+0.007160j
[2025-04-30 13:42:19] Iteration: 705/1000, Temp: 0.0000, Energy: -83.460636-0.002102j
[2025-04-30 13:42:32] Iteration: 706/1000, Temp: 0.0000, Energy: -83.426904+0.003908j
[2025-04-30 13:42:45] Iteration: 707/1000, Temp: 0.0000, Energy: -83.395635-0.002697j
[2025-04-30 13:42:58] Iteration: 708/1000, Temp: 0.0000, Energy: -83.429138-0.008447j
[2025-04-30 13:43:11] Iteration: 709/1000, Temp: 0.0000, Energy: -83.413680-0.000884j
[2025-04-30 13:43:23] Iteration: 710/1000, Temp: 0.0000, Energy: -83.545467+0.000730j
[2025-04-30 13:43:36] Iteration: 711/1000, Temp: 0.0000, Energy: -83.502626-0.003259j
[2025-04-30 13:43:49] Iteration: 712/1000, Temp: 0.0000, Energy: -83.461277+0.003652j
[2025-04-30 13:44:02] Iteration: 713/1000, Temp: 0.0000, Energy: -83.593283-0.009647j
[2025-04-30 13:44:15] Iteration: 714/1000, Temp: 0.0000, Energy: -83.577456+0.005326j
[2025-04-30 13:44:28] Iteration: 715/1000, Temp: 0.0000, Energy: -83.561906+0.007681j
[2025-04-30 13:44:40] Iteration: 716/1000, Temp: 0.0000, Energy: -83.656737-0.007454j
[2025-04-30 13:44:53] Iteration: 717/1000, Temp: 0.0000, Energy: -83.584618-0.017744j
[2025-04-30 13:45:06] Iteration: 718/1000, Temp: 0.0000, Energy: -83.540794-0.012682j
[2025-04-30 13:45:19] Iteration: 719/1000, Temp: 0.0000, Energy: -83.625480-0.006154j
[2025-04-30 13:45:32] Iteration: 720/1000, Temp: 0.0000, Energy: -83.631908+0.002819j
[2025-04-30 13:45:44] Iteration: 721/1000, Temp: 0.0000, Energy: -83.600758+0.004696j
[2025-04-30 13:45:57] Iteration: 722/1000, Temp: 0.0000, Energy: -83.607200+0.007035j
[2025-04-30 13:46:10] Iteration: 723/1000, Temp: 0.0000, Energy: -83.487891-0.001249j
[2025-04-30 13:46:23] Iteration: 724/1000, Temp: 0.0000, Energy: -83.318019+0.008935j
[2025-04-30 13:46:35] Iteration: 725/1000, Temp: 0.0000, Energy: -83.543901+0.008025j
[2025-04-30 13:46:48] Iteration: 726/1000, Temp: 0.0000, Energy: -83.457691+0.004876j
[2025-04-30 13:47:01] Iteration: 727/1000, Temp: 0.0000, Energy: -83.412206+0.002066j
[2025-04-30 13:47:13] Iteration: 728/1000, Temp: 0.0000, Energy: -83.418585+0.005860j
[2025-04-30 13:47:26] Iteration: 729/1000, Temp: 0.0000, Energy: -83.573959+0.007691j
[2025-04-30 13:47:39] Iteration: 730/1000, Temp: 0.0000, Energy: -83.588518-0.001602j
[2025-04-30 13:47:51] Iteration: 731/1000, Temp: 0.0000, Energy: -83.674128-0.003202j
[2025-04-30 13:48:04] Iteration: 732/1000, Temp: 0.0000, Energy: -83.609282-0.011202j
[2025-04-30 13:48:17] Iteration: 733/1000, Temp: 0.0000, Energy: -83.566613+0.006639j
[2025-04-30 13:48:29] Iteration: 734/1000, Temp: 0.0000, Energy: -83.393102+0.000640j
[2025-04-30 13:48:42] Iteration: 735/1000, Temp: 0.0000, Energy: -83.505465+0.007710j
[2025-04-30 13:48:54] Iteration: 736/1000, Temp: 0.0000, Energy: -83.535392+0.006898j
[2025-04-30 13:49:07] Iteration: 737/1000, Temp: 0.0000, Energy: -83.455656+0.009790j
[2025-04-30 13:49:20] Iteration: 738/1000, Temp: 0.0000, Energy: -83.547389+0.018506j
[2025-04-30 13:49:33] Iteration: 739/1000, Temp: 0.0000, Energy: -83.569420+0.001431j
[2025-04-30 13:49:46] Iteration: 740/1000, Temp: 0.0000, Energy: -83.551827+0.001548j
[2025-04-30 13:49:58] Iteration: 741/1000, Temp: 0.0000, Energy: -83.444852+0.010757j
[2025-04-30 13:50:11] Iteration: 742/1000, Temp: 0.0000, Energy: -83.615534+0.017012j
[2025-04-30 13:50:24] Iteration: 743/1000, Temp: 0.0000, Energy: -83.391834+0.005633j
[2025-04-30 13:50:37] Iteration: 744/1000, Temp: 0.0000, Energy: -83.540397+0.009176j
[2025-04-30 13:50:50] Iteration: 745/1000, Temp: 0.0000, Energy: -83.619308+0.008439j
[2025-04-30 13:51:03] Iteration: 746/1000, Temp: 0.0000, Energy: -83.694433+0.001274j
[2025-04-30 13:51:16] Iteration: 747/1000, Temp: 0.0000, Energy: -83.587505-0.001979j
[2025-04-30 13:51:28] Iteration: 748/1000, Temp: 0.0000, Energy: -83.438323+0.002385j
[2025-04-30 13:51:41] Iteration: 749/1000, Temp: 0.0000, Energy: -83.460631+0.016967j
[2025-04-30 13:51:54] Iteration: 750/1000, Temp: 0.0000, Energy: -83.590234+0.002992j
[2025-04-30 13:52:07] Iteration: 751/1000, Temp: 0.0000, Energy: -83.522858+0.006691j
[2025-04-30 13:52:20] Iteration: 752/1000, Temp: 0.0000, Energy: -83.632712+0.007234j
[2025-04-30 13:52:33] Iteration: 753/1000, Temp: 0.0000, Energy: -83.509663+0.014162j
[2025-04-30 13:52:46] Iteration: 754/1000, Temp: 0.0000, Energy: -83.556354+0.013271j
[2025-04-30 13:52:58] Iteration: 755/1000, Temp: 0.0000, Energy: -83.573213+0.018796j
[2025-04-30 13:53:11] Iteration: 756/1000, Temp: 0.0000, Energy: -83.664782+0.000710j
[2025-04-30 13:53:24] Iteration: 757/1000, Temp: 0.0000, Energy: -83.519897+0.000580j
[2025-04-30 13:53:37] Iteration: 758/1000, Temp: 0.0000, Energy: -83.456069-0.007738j
[2025-04-30 13:53:50] Iteration: 759/1000, Temp: 0.0000, Energy: -83.461432-0.003602j
[2025-04-30 13:54:03] Iteration: 760/1000, Temp: 0.0000, Energy: -83.381258-0.000511j
[2025-04-30 13:54:16] Iteration: 761/1000, Temp: 0.0000, Energy: -83.396259-0.003156j
[2025-04-30 13:54:29] Iteration: 762/1000, Temp: 0.0000, Energy: -83.318793-0.011759j
[2025-04-30 13:54:41] Iteration: 763/1000, Temp: 0.0000, Energy: -83.541087-0.019433j
[2025-04-30 13:54:54] Iteration: 764/1000, Temp: 0.0000, Energy: -83.552749-0.001157j
[2025-04-30 13:55:07] Iteration: 765/1000, Temp: 0.0000, Energy: -83.381170+0.002234j
[2025-04-30 13:55:20] Iteration: 766/1000, Temp: 0.0000, Energy: -83.448193-0.005613j
[2025-04-30 13:55:33] Iteration: 767/1000, Temp: 0.0000, Energy: -83.405626+0.001012j
[2025-04-30 13:55:46] Iteration: 768/1000, Temp: 0.0000, Energy: -83.385906-0.004821j
[2025-04-30 13:55:58] Iteration: 769/1000, Temp: 0.0000, Energy: -83.404813-0.005229j
[2025-04-30 13:56:11] Iteration: 770/1000, Temp: 0.0000, Energy: -83.266563-0.005600j
[2025-04-30 13:56:24] Iteration: 771/1000, Temp: 0.0000, Energy: -83.377429-0.010129j
[2025-04-30 13:56:37] Iteration: 772/1000, Temp: 0.0000, Energy: -83.463578-0.001754j
[2025-04-30 13:56:50] Iteration: 773/1000, Temp: 0.0000, Energy: -83.378885-0.006840j
[2025-04-30 13:57:03] Iteration: 774/1000, Temp: 0.0000, Energy: -83.545727-0.014269j
[2025-04-30 13:57:16] Iteration: 775/1000, Temp: 0.0000, Energy: -83.614115-0.010150j
[2025-04-30 13:57:29] Iteration: 776/1000, Temp: 0.0000, Energy: -83.510702-0.000563j
[2025-04-30 13:57:42] Iteration: 777/1000, Temp: 0.0000, Energy: -83.596543-0.006452j
[2025-04-30 13:57:55] Iteration: 778/1000, Temp: 0.0000, Energy: -83.659510-0.009261j
[2025-04-30 13:58:08] Iteration: 779/1000, Temp: 0.0000, Energy: -83.679754-0.011127j
[2025-04-30 13:58:21] Iteration: 780/1000, Temp: 0.0000, Energy: -83.438174-0.009066j
[2025-04-30 13:58:34] Iteration: 781/1000, Temp: 0.0000, Energy: -83.492489-0.001507j
[2025-04-30 13:58:47] Iteration: 782/1000, Temp: 0.0000, Energy: -83.417485-0.009325j
[2025-04-30 13:59:00] Iteration: 783/1000, Temp: 0.0000, Energy: -83.614872-0.005871j
[2025-04-30 13:59:13] Iteration: 784/1000, Temp: 0.0000, Energy: -83.422845+0.002999j
[2025-04-30 13:59:26] Iteration: 785/1000, Temp: 0.0000, Energy: -83.412034+0.002264j
[2025-04-30 13:59:39] Iteration: 786/1000, Temp: 0.0000, Energy: -83.578180+0.009834j
[2025-04-30 13:59:52] Iteration: 787/1000, Temp: 0.0000, Energy: -83.382962+0.013722j
[2025-04-30 14:00:05] Iteration: 788/1000, Temp: 0.0000, Energy: -83.635048+0.015184j
[2025-04-30 14:00:18] Iteration: 789/1000, Temp: 0.0000, Energy: -83.571682+0.002120j
[2025-04-30 14:00:31] Iteration: 790/1000, Temp: 0.0000, Energy: -83.647839+0.009021j
[2025-04-30 14:00:44] Iteration: 791/1000, Temp: 0.0000, Energy: -83.617512+0.008860j
[2025-04-30 14:00:57] Iteration: 792/1000, Temp: 0.0000, Energy: -83.341417-0.002468j
[2025-04-30 14:01:10] Iteration: 793/1000, Temp: 0.0000, Energy: -83.386036-0.012338j
[2025-04-30 14:01:23] Iteration: 794/1000, Temp: 0.0000, Energy: -83.430965-0.008165j
[2025-04-30 14:01:36] Iteration: 795/1000, Temp: 0.0000, Energy: -83.306728-0.000058j
[2025-04-30 14:01:49] Iteration: 796/1000, Temp: 0.0000, Energy: -83.474210-0.002713j
[2025-04-30 14:02:02] Iteration: 797/1000, Temp: 0.0000, Energy: -83.331753+0.000540j
[2025-04-30 14:02:14] Iteration: 798/1000, Temp: 0.0000, Energy: -83.322649+0.024988j
[2025-04-30 14:02:27] Iteration: 799/1000, Temp: 0.0000, Energy: -83.460306+0.019528j
[2025-04-30 14:02:40] Iteration: 800/1000, Temp: 0.0000, Energy: -83.551877+0.018983j
[2025-04-30 14:02:53] Iteration: 801/1000, Temp: 0.0000, Energy: -83.375282+0.016820j
[2025-04-30 14:03:06] Iteration: 802/1000, Temp: 0.0000, Energy: -83.557039+0.010702j
[2025-04-30 14:03:19] Iteration: 803/1000, Temp: 0.0000, Energy: -83.402162+0.011913j
[2025-04-30 14:03:32] Iteration: 804/1000, Temp: 0.0000, Energy: -83.465643+0.004526j
[2025-04-30 14:03:45] Iteration: 805/1000, Temp: 0.0000, Energy: -83.495447-0.009500j
[2025-04-30 14:03:58] Iteration: 806/1000, Temp: 0.0000, Energy: -83.637805+0.011399j
[2025-04-30 14:04:11] Iteration: 807/1000, Temp: 0.0000, Energy: -83.617774+0.006351j
[2025-04-30 14:04:24] Iteration: 808/1000, Temp: 0.0000, Energy: -83.691381-0.003065j
[2025-04-30 14:04:37] Iteration: 809/1000, Temp: 0.0000, Energy: -83.622423-0.007939j
[2025-04-30 14:04:50] Iteration: 810/1000, Temp: 0.0000, Energy: -83.450159+0.009740j
[2025-04-30 14:05:03] Iteration: 811/1000, Temp: 0.0000, Energy: -83.505462-0.000426j
[2025-04-30 14:05:16] Iteration: 812/1000, Temp: 0.0000, Energy: -83.406105-0.021369j
[2025-04-30 14:05:29] Iteration: 813/1000, Temp: 0.0000, Energy: -83.377099-0.016895j
[2025-04-30 14:05:42] Iteration: 814/1000, Temp: 0.0000, Energy: -83.308585-0.010877j
[2025-04-30 14:05:55] Iteration: 815/1000, Temp: 0.0000, Energy: -83.486804+0.003184j
[2025-04-30 14:06:07] Iteration: 816/1000, Temp: 0.0000, Energy: -83.505484-0.002226j
[2025-04-30 14:06:20] Iteration: 817/1000, Temp: 0.0000, Energy: -83.459189+0.008129j
[2025-04-30 14:06:33] Iteration: 818/1000, Temp: 0.0000, Energy: -83.510177-0.010108j
[2025-04-30 14:06:46] Iteration: 819/1000, Temp: 0.0000, Energy: -83.569015-0.006708j
[2025-04-30 14:06:59] Iteration: 820/1000, Temp: 0.0000, Energy: -83.487404+0.004432j
[2025-04-30 14:07:12] Iteration: 821/1000, Temp: 0.0000, Energy: -83.382102-0.009707j
[2025-04-30 14:07:25] Iteration: 822/1000, Temp: 0.0000, Energy: -83.435632-0.022542j
[2025-04-30 14:07:38] Iteration: 823/1000, Temp: 0.0000, Energy: -83.398504-0.019161j
[2025-04-30 14:07:51] Iteration: 824/1000, Temp: 0.0000, Energy: -83.646185-0.017656j
[2025-04-30 14:08:04] Iteration: 825/1000, Temp: 0.0000, Energy: -83.506204-0.001769j
[2025-04-30 14:08:17] Iteration: 826/1000, Temp: 0.0000, Energy: -83.611383+0.002986j
[2025-04-30 14:08:29] Iteration: 827/1000, Temp: 0.0000, Energy: -83.583353-0.008247j
[2025-04-30 14:08:42] Iteration: 828/1000, Temp: 0.0000, Energy: -83.560685-0.003847j
[2025-04-30 14:08:55] Iteration: 829/1000, Temp: 0.0000, Energy: -83.502883-0.006237j
[2025-04-30 14:09:08] Iteration: 830/1000, Temp: 0.0000, Energy: -83.619428-0.016282j
[2025-04-30 14:09:21] Iteration: 831/1000, Temp: 0.0000, Energy: -83.603588-0.013129j
[2025-04-30 14:09:33] Iteration: 832/1000, Temp: 0.0000, Energy: -83.518821-0.018098j
[2025-04-30 14:09:46] Iteration: 833/1000, Temp: 0.0000, Energy: -83.524846-0.007329j
[2025-04-30 14:09:59] Iteration: 834/1000, Temp: 0.0000, Energy: -83.438684-0.008663j
[2025-04-30 14:10:12] Iteration: 835/1000, Temp: 0.0000, Energy: -83.492683-0.003653j
[2025-04-30 14:10:25] Iteration: 836/1000, Temp: 0.0000, Energy: -83.448859-0.001278j
[2025-04-30 14:10:37] Iteration: 837/1000, Temp: 0.0000, Energy: -83.547319+0.000590j
[2025-04-30 14:10:50] Iteration: 838/1000, Temp: 0.0000, Energy: -83.456165-0.000425j
[2025-04-30 14:11:03] Iteration: 839/1000, Temp: 0.0000, Energy: -83.682601+0.001740j
[2025-04-30 14:11:16] Iteration: 840/1000, Temp: 0.0000, Energy: -83.641809-0.003222j
[2025-04-30 14:11:28] Iteration: 841/1000, Temp: 0.0000, Energy: -83.242095+0.001711j
[2025-04-30 14:11:41] Iteration: 842/1000, Temp: 0.0000, Energy: -83.373411+0.005159j
[2025-04-30 14:11:54] Iteration: 843/1000, Temp: 0.0000, Energy: -83.458495+0.013932j
[2025-04-30 14:12:07] Iteration: 844/1000, Temp: 0.0000, Energy: -83.450735+0.012939j
[2025-04-30 14:12:19] Iteration: 845/1000, Temp: 0.0000, Energy: -83.505263-0.001921j
[2025-04-30 14:12:32] Iteration: 846/1000, Temp: 0.0000, Energy: -83.442382+0.007661j
[2025-04-30 14:12:45] Iteration: 847/1000, Temp: 0.0000, Energy: -83.567747+0.006061j
[2025-04-30 14:12:58] Iteration: 848/1000, Temp: 0.0000, Energy: -83.473427-0.003690j
[2025-04-30 14:13:10] Iteration: 849/1000, Temp: 0.0000, Energy: -83.344544+0.007640j
[2025-04-30 14:13:23] Iteration: 850/1000, Temp: 0.0000, Energy: -83.547970-0.000073j
[2025-04-30 14:13:36] Iteration: 851/1000, Temp: 0.0000, Energy: -83.577916+0.001527j
[2025-04-30 14:13:49] Iteration: 852/1000, Temp: 0.0000, Energy: -83.709646-0.005841j
[2025-04-30 14:14:01] Iteration: 853/1000, Temp: 0.0000, Energy: -83.627778+0.002969j
[2025-04-30 14:14:14] Iteration: 854/1000, Temp: 0.0000, Energy: -83.511465+0.007590j
[2025-04-30 14:14:27] Iteration: 855/1000, Temp: 0.0000, Energy: -83.502860+0.013590j
[2025-04-30 14:14:40] Iteration: 856/1000, Temp: 0.0000, Energy: -83.548582+0.013662j
[2025-04-30 14:14:53] Iteration: 857/1000, Temp: 0.0000, Energy: -83.461262+0.022453j
[2025-04-30 14:15:06] Iteration: 858/1000, Temp: 0.0000, Energy: -83.581996+0.011050j
[2025-04-30 14:15:19] Iteration: 859/1000, Temp: 0.0000, Energy: -83.630221+0.011306j
[2025-04-30 14:15:31] Iteration: 860/1000, Temp: 0.0000, Energy: -83.684284+0.018462j
[2025-04-30 14:15:44] Iteration: 861/1000, Temp: 0.0000, Energy: -83.599825+0.015447j
[2025-04-30 14:15:57] Iteration: 862/1000, Temp: 0.0000, Energy: -83.600529-0.000421j
[2025-04-30 14:16:10] Iteration: 863/1000, Temp: 0.0000, Energy: -83.535640+0.006483j
[2025-04-30 14:16:23] Iteration: 864/1000, Temp: 0.0000, Energy: -83.624837-0.001191j
[2025-04-30 14:16:36] Iteration: 865/1000, Temp: 0.0000, Energy: -83.620802-0.007776j
[2025-04-30 14:16:49] Iteration: 866/1000, Temp: 0.0000, Energy: -83.562538-0.011896j
[2025-04-30 14:17:01] Iteration: 867/1000, Temp: 0.0000, Energy: -83.610080-0.003421j
[2025-04-30 14:17:14] Iteration: 868/1000, Temp: 0.0000, Energy: -83.366202-0.014617j
[2025-04-30 14:17:27] Iteration: 869/1000, Temp: 0.0000, Energy: -83.531876-0.009647j
[2025-04-30 14:17:40] Iteration: 870/1000, Temp: 0.0000, Energy: -83.595601+0.017149j
[2025-04-30 14:17:53] Iteration: 871/1000, Temp: 0.0000, Energy: -83.561915+0.010202j
[2025-04-30 14:18:06] Iteration: 872/1000, Temp: 0.0000, Energy: -83.411678+0.001396j
[2025-04-30 14:18:19] Iteration: 873/1000, Temp: 0.0000, Energy: -83.504533+0.026312j
[2025-04-30 14:18:31] Iteration: 874/1000, Temp: 0.0000, Energy: -83.326163+0.012340j
[2025-04-30 14:18:44] Iteration: 875/1000, Temp: 0.0000, Energy: -83.533900+0.020688j
[2025-04-30 14:18:57] Iteration: 876/1000, Temp: 0.0000, Energy: -83.588029+0.001321j
[2025-04-30 14:19:10] Iteration: 877/1000, Temp: 0.0000, Energy: -83.406771+0.000918j
[2025-04-30 14:19:23] Iteration: 878/1000, Temp: 0.0000, Energy: -83.319059-0.004681j
[2025-04-30 14:19:35] Iteration: 879/1000, Temp: 0.0000, Energy: -83.490352+0.006446j
[2025-04-30 14:19:48] Iteration: 880/1000, Temp: 0.0000, Energy: -83.474583+0.010817j
[2025-04-30 14:20:01] Iteration: 881/1000, Temp: 0.0000, Energy: -83.560198+0.003922j
[2025-04-30 14:20:14] Iteration: 882/1000, Temp: 0.0000, Energy: -83.619923+0.006130j
[2025-04-30 14:20:27] Iteration: 883/1000, Temp: 0.0000, Energy: -83.555420+0.000826j
[2025-04-30 14:20:39] Iteration: 884/1000, Temp: 0.0000, Energy: -83.404428-0.000114j
[2025-04-30 14:20:52] Iteration: 885/1000, Temp: 0.0000, Energy: -83.278060+0.007861j
[2025-04-30 14:21:05] Iteration: 886/1000, Temp: 0.0000, Energy: -83.454539+0.014195j
[2025-04-30 14:21:18] Iteration: 887/1000, Temp: 0.0000, Energy: -83.333588+0.011221j
[2025-04-30 14:21:31] Iteration: 888/1000, Temp: 0.0000, Energy: -83.487991+0.007226j
[2025-04-30 14:21:43] Iteration: 889/1000, Temp: 0.0000, Energy: -83.501806-0.000062j
[2025-04-30 14:21:56] Iteration: 890/1000, Temp: 0.0000, Energy: -83.517374+0.009389j
[2025-04-30 14:22:09] Iteration: 891/1000, Temp: 0.0000, Energy: -83.371589+0.001510j
[2025-04-30 14:22:22] Iteration: 892/1000, Temp: 0.0000, Energy: -83.582093+0.016641j
[2025-04-30 14:22:34] Iteration: 893/1000, Temp: 0.0000, Energy: -83.650419+0.006602j
[2025-04-30 14:22:47] Iteration: 894/1000, Temp: 0.0000, Energy: -83.635383+0.007831j
[2025-04-30 14:23:00] Iteration: 895/1000, Temp: 0.0000, Energy: -83.560650+0.005719j
[2025-04-30 14:23:13] Iteration: 896/1000, Temp: 0.0000, Energy: -83.517332-0.000380j
[2025-04-30 14:23:25] Iteration: 897/1000, Temp: 0.0000, Energy: -83.397759-0.005375j
[2025-04-30 14:23:38] Iteration: 898/1000, Temp: 0.0000, Energy: -83.368829+0.000147j
[2025-04-30 14:23:51] Iteration: 899/1000, Temp: 0.0000, Energy: -83.434239-0.004761j
[2025-04-30 14:24:04] Iteration: 900/1000, Temp: 0.0000, Energy: -83.328510+0.002442j
[2025-04-30 14:24:17] Iteration: 901/1000, Temp: 0.0000, Energy: -83.469994+0.001875j
[2025-04-30 14:24:29] Iteration: 902/1000, Temp: 0.0000, Energy: -83.437194-0.003353j
[2025-04-30 14:24:42] Iteration: 903/1000, Temp: 0.0000, Energy: -83.423361-0.000565j
[2025-04-30 14:24:55] Iteration: 904/1000, Temp: 0.0000, Energy: -83.605802-0.002409j
[2025-04-30 14:25:08] Iteration: 905/1000, Temp: 0.0000, Energy: -83.554899-0.007264j
[2025-04-30 14:25:21] Iteration: 906/1000, Temp: 0.0000, Energy: -83.492798+0.000602j
[2025-04-30 14:25:33] Iteration: 907/1000, Temp: 0.0000, Energy: -83.285573+0.001875j
[2025-04-30 14:25:46] Iteration: 908/1000, Temp: 0.0000, Energy: -83.218777+0.003029j
[2025-04-30 14:25:59] Iteration: 909/1000, Temp: 0.0000, Energy: -83.212368+0.001165j
[2025-04-30 14:26:12] Iteration: 910/1000, Temp: 0.0000, Energy: -83.430254+0.002426j
[2025-04-30 14:26:24] Iteration: 911/1000, Temp: 0.0000, Energy: -83.357891+0.006518j
[2025-04-30 14:26:37] Iteration: 912/1000, Temp: 0.0000, Energy: -83.451095+0.005751j
[2025-04-30 14:26:50] Iteration: 913/1000, Temp: 0.0000, Energy: -83.284529+0.000039j
[2025-04-30 14:27:03] Iteration: 914/1000, Temp: 0.0000, Energy: -83.553917-0.005203j
[2025-04-30 14:27:16] Iteration: 915/1000, Temp: 0.0000, Energy: -83.606222+0.001809j
[2025-04-30 14:27:29] Iteration: 916/1000, Temp: 0.0000, Energy: -83.443416-0.006270j
[2025-04-30 14:27:42] Iteration: 917/1000, Temp: 0.0000, Energy: -83.412428-0.003497j
[2025-04-30 14:27:54] Iteration: 918/1000, Temp: 0.0000, Energy: -83.411749-0.000832j
[2025-04-30 14:28:07] Iteration: 919/1000, Temp: 0.0000, Energy: -83.389368-0.003901j
[2025-04-30 14:28:20] Iteration: 920/1000, Temp: 0.0000, Energy: -83.534350+0.008181j
[2025-04-30 14:28:32] Iteration: 921/1000, Temp: 0.0000, Energy: -83.628140+0.001305j
[2025-04-30 14:28:45] Iteration: 922/1000, Temp: 0.0000, Energy: -83.529532+0.000593j
[2025-04-30 14:28:58] Iteration: 923/1000, Temp: 0.0000, Energy: -83.483159+0.006831j
[2025-04-30 14:29:11] Iteration: 924/1000, Temp: 0.0000, Energy: -83.617788+0.002478j
[2025-04-30 14:29:24] Iteration: 925/1000, Temp: 0.0000, Energy: -83.606037-0.001052j
[2025-04-30 14:29:37] Iteration: 926/1000, Temp: 0.0000, Energy: -83.499219+0.008023j
[2025-04-30 14:29:49] Iteration: 927/1000, Temp: 0.0000, Energy: -83.443554+0.006172j
[2025-04-30 14:30:02] Iteration: 928/1000, Temp: 0.0000, Energy: -83.402932+0.005972j
[2025-04-30 14:30:15] Iteration: 929/1000, Temp: 0.0000, Energy: -83.548907+0.005623j
[2025-04-30 14:30:28] Iteration: 930/1000, Temp: 0.0000, Energy: -83.425411+0.007593j
[2025-04-30 14:30:41] Iteration: 931/1000, Temp: 0.0000, Energy: -83.421842+0.004282j
[2025-04-30 14:30:53] Iteration: 932/1000, Temp: 0.0000, Energy: -83.596928+0.005187j
[2025-04-30 14:31:06] Iteration: 933/1000, Temp: 0.0000, Energy: -83.507646-0.000831j
[2025-04-30 14:31:19] Iteration: 934/1000, Temp: 0.0000, Energy: -83.588790-0.007339j
[2025-04-30 14:31:31] Iteration: 935/1000, Temp: 0.0000, Energy: -83.418352-0.003881j
[2025-04-30 14:31:44] Iteration: 936/1000, Temp: 0.0000, Energy: -83.427496+0.004411j
[2025-04-30 14:31:57] Iteration: 937/1000, Temp: 0.0000, Energy: -83.479879+0.008124j
[2025-04-30 14:32:10] Iteration: 938/1000, Temp: 0.0000, Energy: -83.512513-0.002242j
[2025-04-30 14:32:23] Iteration: 939/1000, Temp: 0.0000, Energy: -83.612109-0.002192j
[2025-04-30 14:32:35] Iteration: 940/1000, Temp: 0.0000, Energy: -83.652934-0.006124j
[2025-04-30 14:32:48] Iteration: 941/1000, Temp: 0.0000, Energy: -83.701820+0.007734j
[2025-04-30 14:33:01] Iteration: 942/1000, Temp: 0.0000, Energy: -83.505631+0.003010j
[2025-04-30 14:33:14] Iteration: 943/1000, Temp: 0.0000, Energy: -83.628554+0.000095j
[2025-04-30 14:33:27] Iteration: 944/1000, Temp: 0.0000, Energy: -83.527720-0.007182j
[2025-04-30 14:33:40] Iteration: 945/1000, Temp: 0.0000, Energy: -83.610767-0.010344j
[2025-04-30 14:33:53] Iteration: 946/1000, Temp: 0.0000, Energy: -83.536417-0.015983j
[2025-04-30 14:34:06] Iteration: 947/1000, Temp: 0.0000, Energy: -83.568453-0.013598j
[2025-04-30 14:34:19] Iteration: 948/1000, Temp: 0.0000, Energy: -83.548324-0.006235j
[2025-04-30 14:34:31] Iteration: 949/1000, Temp: 0.0000, Energy: -83.515643-0.018366j
[2025-04-30 14:34:44] Iteration: 950/1000, Temp: 0.0000, Energy: -83.578639-0.007457j
[2025-04-30 14:34:57] Iteration: 951/1000, Temp: 0.0000, Energy: -83.550732-0.008068j
[2025-04-30 14:35:10] Iteration: 952/1000, Temp: 0.0000, Energy: -83.505188-0.008900j
[2025-04-30 14:35:23] Iteration: 953/1000, Temp: 0.0000, Energy: -83.624578-0.006099j
[2025-04-30 14:35:35] Iteration: 954/1000, Temp: 0.0000, Energy: -83.512077-0.004456j
[2025-04-30 14:35:48] Iteration: 955/1000, Temp: 0.0000, Energy: -83.610463-0.004090j
[2025-04-30 14:36:01] Iteration: 956/1000, Temp: 0.0000, Energy: -83.595551-0.013637j
[2025-04-30 14:36:14] Iteration: 957/1000, Temp: 0.0000, Energy: -83.606987-0.007813j
[2025-04-30 14:36:27] Iteration: 958/1000, Temp: 0.0000, Energy: -83.554401-0.003589j
[2025-04-30 14:36:40] Iteration: 959/1000, Temp: 0.0000, Energy: -83.605436+0.005237j
[2025-04-30 14:36:53] Iteration: 960/1000, Temp: 0.0000, Energy: -83.532149+0.014309j
[2025-04-30 14:37:05] Iteration: 961/1000, Temp: 0.0000, Energy: -83.710415+0.004953j
[2025-04-30 14:37:18] Iteration: 962/1000, Temp: 0.0000, Energy: -83.636616-0.009800j
[2025-04-30 14:37:31] Iteration: 963/1000, Temp: 0.0000, Energy: -83.592609+0.013720j
[2025-04-30 14:37:43] Iteration: 964/1000, Temp: 0.0000, Energy: -83.583873-0.006827j
[2025-04-30 14:37:56] Iteration: 965/1000, Temp: 0.0000, Energy: -83.487089+0.002371j
[2025-04-30 14:38:09] Iteration: 966/1000, Temp: 0.0000, Energy: -83.456845+0.001573j
[2025-04-30 14:38:22] Iteration: 967/1000, Temp: 0.0000, Energy: -83.532933-0.004459j
[2025-04-30 14:38:35] Iteration: 968/1000, Temp: 0.0000, Energy: -83.282595+0.000892j
[2025-04-30 14:38:47] Iteration: 969/1000, Temp: 0.0000, Energy: -83.517793-0.003844j
[2025-04-30 14:39:00] Iteration: 970/1000, Temp: 0.0000, Energy: -83.456849-0.004601j
[2025-04-30 14:39:13] Iteration: 971/1000, Temp: 0.0000, Energy: -83.462993+0.002865j
[2025-04-30 14:39:26] Iteration: 972/1000, Temp: 0.0000, Energy: -83.554555+0.004977j
[2025-04-30 14:39:39] Iteration: 973/1000, Temp: 0.0000, Energy: -83.473396+0.000112j
[2025-04-30 14:39:52] Iteration: 974/1000, Temp: 0.0000, Energy: -83.480147+0.001421j
[2025-04-30 14:40:04] Iteration: 975/1000, Temp: 0.0000, Energy: -83.442752+0.007800j
[2025-04-30 14:40:17] Iteration: 976/1000, Temp: 0.0000, Energy: -83.535709+0.007220j
[2025-04-30 14:40:30] Iteration: 977/1000, Temp: 0.0000, Energy: -83.412089+0.008833j
[2025-04-30 14:40:43] Iteration: 978/1000, Temp: 0.0000, Energy: -83.442798+0.002737j
[2025-04-30 14:40:56] Iteration: 979/1000, Temp: 0.0000, Energy: -83.547076+0.001139j
[2025-04-30 14:41:09] Iteration: 980/1000, Temp: 0.0000, Energy: -83.515817+0.013629j
[2025-04-30 14:41:22] Iteration: 981/1000, Temp: 0.0000, Energy: -83.419302-0.006483j
[2025-04-30 14:41:34] Iteration: 982/1000, Temp: 0.0000, Energy: -83.589445+0.003758j
[2025-04-30 14:41:47] Iteration: 983/1000, Temp: 0.0000, Energy: -83.639893+0.001980j
[2025-04-30 14:41:59] Iteration: 984/1000, Temp: 0.0000, Energy: -83.582957+0.004001j
[2025-04-30 14:42:07] Iteration: 985/1000, Temp: 0.0000, Energy: -83.723719+0.004364j
[2025-04-30 14:42:16] Iteration: 986/1000, Temp: 0.0000, Energy: -83.514554-0.004329j
[2025-04-30 14:42:24] Iteration: 987/1000, Temp: 0.0000, Energy: -83.580596-0.001466j
[2025-04-30 14:42:33] Iteration: 988/1000, Temp: 0.0000, Energy: -83.435153-0.008578j
[2025-04-30 14:42:41] Iteration: 989/1000, Temp: 0.0000, Energy: -83.553231-0.005911j
[2025-04-30 14:42:50] Iteration: 990/1000, Temp: 0.0000, Energy: -83.459664-0.005169j
[2025-04-30 14:42:59] Iteration: 991/1000, Temp: 0.0000, Energy: -83.382358-0.008094j
[2025-04-30 14:43:07] Iteration: 992/1000, Temp: 0.0000, Energy: -83.498135-0.001978j
[2025-04-30 14:43:11] Iteration: 993/1000, Temp: 0.0000, Energy: -83.222077+0.003038j
[2025-04-30 14:43:15] Iteration: 994/1000, Temp: 0.0000, Energy: -83.501544+0.002036j
[2025-04-30 14:43:19] Iteration: 995/1000, Temp: 0.0000, Energy: -83.645035-0.004564j
[2025-04-30 14:43:23] Iteration: 996/1000, Temp: 0.0000, Energy: -83.565591-0.006031j
[2025-04-30 14:43:27] Iteration: 997/1000, Temp: 0.0000, Energy: -83.398553+0.008176j
[2025-04-30 14:43:31] Iteration: 998/1000, Temp: 0.0000, Energy: -83.503199-0.000982j
[2025-04-30 14:43:35] Iteration: 999/1000, Temp: 0.0000, Energy: -83.529711-0.000187j
[2025-04-30 14:43:35] ==================================================
[2025-04-30 14:43:35] Training finished, total runtime = 12780.96 seconds
[2025-04-30 14:43:35] Trained quantum state parameters saved to: results/L=5/J2=0.05/J1=0.09/training/GCNN_L=5_J2=0.05_J1=0.09.pkl
[2025-04-30 14:43:35] ==================================================
