[2025-04-17 06:44:31] ==================================================
[2025-04-17 06:44:31] GCNN for Shastry-Sutherland lattice
[2025-04-17 06:44:31] ==================================================
[2025-04-17 06:44:31] System parameters:
[2025-04-17 06:44:31]   - System size: L=4, N=64
[2025-04-17 06:44:31]   - System parameters: J1=0.08, J2=0.05, Q=0.95
[2025-04-17 06:44:38] --------------------------------------------------
[2025-04-17 06:44:38] Model parameters:
[2025-04-17 06:44:38]   - Number of layers = 4
[2025-04-17 06:44:38]   - Number of features = 4
[2025-04-17 06:44:38]   - Symmetries used: 128
[2025-04-17 06:44:38]   - Total parameters = 12572
[2025-04-17 06:44:38] --------------------------------------------------
[2025-04-17 06:44:38] Training parameters:
[2025-04-17 06:44:38]   - Learning rate: 0.02
[2025-04-17 06:44:38]   - Total annealing steps: 1000
[2025-04-17 06:44:38]   - Samples: 4096
[2025-04-17 06:44:38]   - Discarded samples: 0
[2025-04-17 06:44:38]   - Chunk size: 1024
[2025-04-17 06:44:38] --------------------------------------------------
[2025-04-17 06:44:38] Device status:
[2025-04-17 06:44:38]   - Number of devices: 4
[2025-04-17 06:44:38]   - Sharding: False
[2025-04-17 06:44:45] --------------------------------------------------
[2025-04-17 06:44:45] Start training...
[2025-04-17 06:45:15] Iteration: 0/1000, Temp: 0.5000, Energy: 2.959185-0.000153j
[2025-04-17 06:45:32] Iteration: 1/1000, Temp: 0.4901, Energy: 2.958459-0.000006j
[2025-04-17 06:45:49] Iteration: 2/1000, Temp: 0.4804, Energy: 2.959546-0.000470j
[2025-04-17 06:46:07] Iteration: 3/1000, Temp: 0.4709, Energy: 2.958906+0.000060j
[2025-04-17 06:46:24] Iteration: 4/1000, Temp: 0.4616, Energy: 2.958976-0.000662j
[2025-04-17 06:46:41] Iteration: 5/1000, Temp: 0.4524, Energy: 2.959160+0.000122j
[2025-04-17 06:46:58] Iteration: 6/1000, Temp: 0.4435, Energy: 2.959765+0.000222j
[2025-04-17 06:47:15] Iteration: 7/1000, Temp: 0.4347, Energy: 2.958362-0.000262j
[2025-04-17 06:47:33] Iteration: 8/1000, Temp: 0.4261, Energy: 2.959137-0.000228j
[2025-04-17 06:47:50] Iteration: 9/1000, Temp: 0.4176, Energy: 2.958042-0.000249j
[2025-04-17 06:48:07] Iteration: 10/1000, Temp: 0.4094, Energy: 2.958292-0.000163j
[2025-04-17 06:48:24] Iteration: 11/1000, Temp: 0.4013, Energy: 2.958948+0.000420j
[2025-04-17 06:48:41] Iteration: 12/1000, Temp: 0.3933, Energy: 2.958646+0.000320j
[2025-04-17 06:48:59] Iteration: 13/1000, Temp: 0.3855, Energy: 2.958286-0.000248j
[2025-04-17 06:49:16] Iteration: 14/1000, Temp: 0.3779, Energy: 2.958089+0.000955j
[2025-04-17 06:49:33] Iteration: 15/1000, Temp: 0.3704, Energy: 2.958024+0.000041j
[2025-04-17 06:49:50] Iteration: 16/1000, Temp: 0.3631, Energy: 2.957828+0.000421j
[2025-04-17 06:50:07] Iteration: 17/1000, Temp: 0.3559, Energy: 2.958092-0.000188j
[2025-04-17 06:50:24] Iteration: 18/1000, Temp: 0.3488, Energy: 2.957073+0.000068j
[2025-04-17 06:50:42] Iteration: 19/1000, Temp: 0.3419, Energy: 2.955384+0.000188j
[2025-04-17 06:50:59] Iteration: 20/1000, Temp: 0.3352, Energy: 2.957386-0.000460j
[2025-04-17 06:51:16] Iteration: 21/1000, Temp: 0.3285, Energy: 2.957800-0.001052j
[2025-04-17 06:51:33] Iteration: 22/1000, Temp: 0.3220, Energy: 2.956897-0.000924j
[2025-04-17 06:51:50] Iteration: 23/1000, Temp: 0.3156, Energy: 2.955149-0.000067j
[2025-04-17 06:52:08] Iteration: 24/1000, Temp: 0.3094, Energy: 2.955216-0.001736j
[2025-04-17 06:52:25] Iteration: 25/1000, Temp: 0.3033, Energy: 2.953840-0.000761j
[2025-04-17 06:52:42] Iteration: 26/1000, Temp: 0.2973, Energy: 2.952906+0.000790j
[2025-04-17 06:52:59] Iteration: 27/1000, Temp: 0.2914, Energy: 2.953203-0.000507j
[2025-04-17 06:53:16] Iteration: 28/1000, Temp: 0.2856, Energy: 2.950587-0.001084j
[2025-04-17 06:53:33] Iteration: 29/1000, Temp: 0.2799, Energy: 2.951889-0.000960j
[2025-04-17 06:53:51] Iteration: 30/1000, Temp: 0.2744, Energy: 2.947746-0.001719j
[2025-04-17 06:54:08] Iteration: 31/1000, Temp: 0.2690, Energy: 2.945867-0.000494j
[2025-04-17 06:54:25] Iteration: 32/1000, Temp: 0.2636, Energy: 2.946419-0.000426j
[2025-04-17 06:54:42] Iteration: 33/1000, Temp: 0.2584, Energy: 2.941850+0.002709j
[2025-04-17 06:54:59] Iteration: 34/1000, Temp: 0.2533, Energy: 2.938688+0.000426j
[2025-04-17 06:55:17] Iteration: 35/1000, Temp: 0.2483, Energy: 2.935586-0.000036j
[2025-04-17 06:55:34] Iteration: 36/1000, Temp: 0.2434, Energy: 2.933123-0.000920j
[2025-04-17 06:55:51] Iteration: 37/1000, Temp: 0.2386, Energy: 2.927180+0.000539j
[2025-04-17 06:56:08] Iteration: 38/1000, Temp: 0.2338, Energy: 2.916106+0.008498j
[2025-04-17 06:56:25] Iteration: 39/1000, Temp: 0.2292, Energy: 2.919873-0.007200j
[2025-04-17 06:56:42] Iteration: 40/1000, Temp: 0.2247, Energy: 2.912003-0.005519j
[2025-04-17 06:57:00] Iteration: 41/1000, Temp: 0.2202, Energy: 2.896474+0.004755j
[2025-04-17 06:57:17] Iteration: 42/1000, Temp: 0.2159, Energy: 2.889887-0.004009j
[2025-04-17 06:57:34] Iteration: 43/1000, Temp: 0.2116, Energy: 2.877595-0.008149j
[2025-04-17 06:57:51] Iteration: 44/1000, Temp: 0.2074, Energy: 2.858033+0.001589j
[2025-04-17 06:58:08] Iteration: 45/1000, Temp: 0.2033, Energy: 2.841649-0.005637j
[2025-04-17 06:58:26] Iteration: 46/1000, Temp: 0.1993, Energy: 2.815945-0.000177j
[2025-04-17 06:58:43] Iteration: 47/1000, Temp: 0.1953, Energy: 2.796075-0.010128j
[2025-04-17 06:59:00] Iteration: 48/1000, Temp: 0.1914, Energy: 2.768803-0.018047j
[2025-04-17 06:59:17] Iteration: 49/1000, Temp: 0.1877, Energy: 2.722278-0.006990j
[2025-04-17 06:59:34] Iteration: 50/1000, Temp: 0.1839, Energy: 2.674974-0.011954j
[2025-04-17 06:59:51] Iteration: 51/1000, Temp: 0.1803, Energy: 2.592574+0.027268j
[2025-04-17 07:00:09] Iteration: 52/1000, Temp: 0.1767, Energy: 2.556857-0.029818j
[2025-04-17 07:00:26] Iteration: 53/1000, Temp: 0.1732, Energy: 2.451078+0.035232j
[2025-04-17 07:00:43] Iteration: 54/1000, Temp: 0.1698, Energy: 2.348238+0.011021j
[2025-04-17 07:01:00] Iteration: 55/1000, Temp: 0.1664, Energy: 2.251719-0.017465j
[2025-04-17 07:01:17] Iteration: 56/1000, Temp: 0.1631, Energy: 2.071511-0.011528j
[2025-04-17 07:01:35] Iteration: 57/1000, Temp: 0.1599, Energy: 1.886722-0.042343j
[2025-04-17 07:01:52] Iteration: 58/1000, Temp: 0.1567, Energy: 1.660896+0.046092j
[2025-04-17 07:02:09] Iteration: 59/1000, Temp: 0.1536, Energy: 1.393686+0.006161j
[2025-04-17 07:02:26] Iteration: 60/1000, Temp: 0.1506, Energy: 1.131411+0.015023j
[2025-04-17 07:02:43] Iteration: 61/1000, Temp: 0.1476, Energy: 0.764699-0.049535j
[2025-04-17 07:03:01] Iteration: 62/1000, Temp: 0.1447, Energy: 0.259443+0.021765j
[2025-04-17 07:03:18] Iteration: 63/1000, Temp: 0.1418, Energy: -0.257829-0.017872j
[2025-04-17 07:03:35] Iteration: 64/1000, Temp: 0.1390, Energy: -0.953028-0.019973j
[2025-04-17 07:03:52] Iteration: 65/1000, Temp: 0.1363, Energy: -1.705545+0.056257j
[2025-04-17 07:04:09] Iteration: 66/1000, Temp: 0.1336, Energy: -2.649153-0.094781j
[2025-04-17 07:04:27] Iteration: 67/1000, Temp: 0.1309, Energy: -3.508142-0.000782j
[2025-04-17 07:04:44] Iteration: 68/1000, Temp: 0.1283, Energy: -4.703594-0.025974j
[2025-04-17 07:05:01] Iteration: 69/1000, Temp: 0.1258, Energy: -5.870861+0.009610j
[2025-04-17 07:05:18] Iteration: 70/1000, Temp: 0.1233, Energy: -7.079110+0.099774j
[2025-04-17 07:05:35] Iteration: 71/1000, Temp: 0.1209, Energy: -8.337422-0.005874j
[2025-04-17 07:05:52] Iteration: 72/1000, Temp: 0.1185, Energy: -9.647254+0.059758j
[2025-04-17 07:06:10] Iteration: 73/1000, Temp: 0.1161, Energy: -10.876790-0.033713j
[2025-04-17 07:06:27] Iteration: 74/1000, Temp: 0.1138, Energy: -11.979119-0.071918j
[2025-04-17 07:06:44] Iteration: 75/1000, Temp: 0.1116, Energy: -13.223183+0.045707j
[2025-04-17 07:07:01] Iteration: 76/1000, Temp: 0.1094, Energy: -14.246938+0.052093j
[2025-04-17 07:07:18] Iteration: 77/1000, Temp: 0.1072, Energy: -15.579300+0.107960j
[2025-04-17 07:07:36] Iteration: 78/1000, Temp: 0.1051, Energy: -16.755994+0.023864j
[2025-04-17 07:07:53] Iteration: 79/1000, Temp: 0.1030, Energy: -18.204343-0.074860j
[2025-04-17 07:08:10] Iteration: 80/1000, Temp: 0.1009, Energy: -19.492003-0.032849j
[2025-04-17 07:08:27] Iteration: 81/1000, Temp: 0.0989, Energy: -21.131258-0.033021j
[2025-04-17 07:08:44] Iteration: 82/1000, Temp: 0.0970, Energy: -23.022598+0.083263j
[2025-04-17 07:09:01] Iteration: 83/1000, Temp: 0.0951, Energy: -24.817767-0.058009j
[2025-04-17 07:09:18] Iteration: 84/1000, Temp: 0.0932, Energy: -27.538606+0.067390j
[2025-04-17 07:09:36] Iteration: 85/1000, Temp: 0.0913, Energy: -30.720158-0.023105j
[2025-04-17 07:09:53] Iteration: 86/1000, Temp: 0.0895, Energy: -34.402293+0.086184j
[2025-04-17 07:10:10] Iteration: 87/1000, Temp: 0.0878, Energy: -37.450942+0.095730j
[2025-04-17 07:10:27] Iteration: 88/1000, Temp: 0.0860, Energy: -40.612385+0.005443j
[2025-04-17 07:10:44] Iteration: 89/1000, Temp: 0.0843, Energy: -42.855161-0.045544j
[2025-04-17 07:11:01] Iteration: 90/1000, Temp: 0.0826, Energy: -44.793508-0.000279j
[2025-04-17 07:11:18] Iteration: 91/1000, Temp: 0.0810, Energy: -46.221866-0.011979j
[2025-04-17 07:11:35] Iteration: 92/1000, Temp: 0.0794, Energy: -47.583667-0.051354j
[2025-04-17 07:11:53] Iteration: 93/1000, Temp: 0.0778, Energy: -48.204267-0.063526j
[2025-04-17 07:12:10] Iteration: 94/1000, Temp: 0.0763, Energy: -48.855146-0.031384j
[2025-04-17 07:12:27] Iteration: 95/1000, Temp: 0.0748, Energy: -49.460766-0.046242j
[2025-04-17 07:12:44] Iteration: 96/1000, Temp: 0.0733, Energy: -50.134570+0.040117j
[2025-04-17 07:13:01] Iteration: 97/1000, Temp: 0.0719, Energy: -50.586741+0.023474j
[2025-04-17 07:13:18] Iteration: 98/1000, Temp: 0.0704, Energy: -50.885704-0.048901j
[2025-04-17 07:13:36] Iteration: 99/1000, Temp: 0.0690, Energy: -51.113533+0.016985j
[2025-04-17 07:13:53] Iteration: 100/1000, Temp: 0.0677, Energy: -51.326185+0.027785j
[2025-04-17 07:14:10] Iteration: 101/1000, Temp: 0.0663, Energy: -51.377823-0.020562j
[2025-04-17 07:14:27] Iteration: 102/1000, Temp: 0.0650, Energy: -51.557972-0.004853j
[2025-04-17 07:14:44] Iteration: 103/1000, Temp: 0.0637, Energy: -51.722408+0.000800j
[2025-04-17 07:15:01] Iteration: 104/1000, Temp: 0.0625, Energy: -51.834232-0.015701j
[2025-04-17 07:15:18] Iteration: 105/1000, Temp: 0.0612, Energy: -51.933572+0.015664j
[2025-04-17 07:15:35] Iteration: 106/1000, Temp: 0.0600, Energy: -52.000861+0.015254j
[2025-04-17 07:15:53] Iteration: 107/1000, Temp: 0.0588, Energy: -52.103561+0.044745j
[2025-04-17 07:16:10] Iteration: 108/1000, Temp: 0.0577, Energy: -52.181980-0.012051j
[2025-04-17 07:16:27] Iteration: 109/1000, Temp: 0.0565, Energy: -52.254378+0.000658j
[2025-04-17 07:16:44] Iteration: 110/1000, Temp: 0.0554, Energy: -52.329420-0.007505j
[2025-04-17 07:17:01] Iteration: 111/1000, Temp: 0.0543, Energy: -52.459663-0.000572j
[2025-04-17 07:17:18] Iteration: 112/1000, Temp: 0.0532, Energy: -52.415001+0.017751j
[2025-04-17 07:17:35] Iteration: 113/1000, Temp: 0.0522, Energy: -52.472427-0.025042j
[2025-04-17 07:17:53] Iteration: 114/1000, Temp: 0.0511, Energy: -52.376393+0.012362j
[2025-04-17 07:18:10] Iteration: 115/1000, Temp: 0.0501, Energy: -52.449393-0.013705j
[2025-04-17 07:18:27] Iteration: 116/1000, Temp: 0.0491, Energy: -52.552980+0.014895j
[2025-04-17 07:18:44] Iteration: 117/1000, Temp: 0.0482, Energy: -52.461424+0.004928j
[2025-04-17 07:19:01] Iteration: 118/1000, Temp: 0.0472, Energy: -52.553598+0.011771j
[2025-04-17 07:19:18] Iteration: 119/1000, Temp: 0.0463, Energy: -52.613869-0.010081j
[2025-04-17 07:19:35] Iteration: 120/1000, Temp: 0.0454, Energy: -52.547722+0.024990j
[2025-04-17 07:19:52] Iteration: 121/1000, Temp: 0.0445, Energy: -52.470932-0.022063j
[2025-04-17 07:20:10] Iteration: 122/1000, Temp: 0.0436, Energy: -52.653867+0.001527j
[2025-04-17 07:20:27] Iteration: 123/1000, Temp: 0.0427, Energy: -52.661590-0.004489j
[2025-04-17 07:20:44] Iteration: 124/1000, Temp: 0.0419, Energy: -52.597669-0.022686j
[2025-04-17 07:21:01] Iteration: 125/1000, Temp: 0.0410, Energy: -52.456562-0.011417j
[2025-04-17 07:21:18] Iteration: 126/1000, Temp: 0.0402, Energy: -52.671575+0.000061j
[2025-04-17 07:21:35] Iteration: 127/1000, Temp: 0.0394, Energy: -52.531029-0.005951j
[2025-04-17 07:21:52] Iteration: 128/1000, Temp: 0.0387, Energy: -52.592069-0.005957j
[2025-04-17 07:22:10] Iteration: 129/1000, Temp: 0.0379, Energy: -52.663669-0.013013j
[2025-04-17 07:22:27] Iteration: 130/1000, Temp: 0.0371, Energy: -52.667565-0.010940j
[2025-04-17 07:22:44] Iteration: 131/1000, Temp: 0.0364, Energy: -52.715359+0.007843j
[2025-04-17 07:23:01] Iteration: 132/1000, Temp: 0.0357, Energy: -52.685331+0.031824j
[2025-04-17 07:23:18] Iteration: 133/1000, Temp: 0.0350, Energy: -52.815415+0.013408j
[2025-04-17 07:23:35] Iteration: 134/1000, Temp: 0.0343, Energy: -52.730660+0.010609j
[2025-04-17 07:23:52] Iteration: 135/1000, Temp: 0.0336, Energy: -52.924879-0.004308j
[2025-04-17 07:24:09] Iteration: 136/1000, Temp: 0.0329, Energy: -52.794408+0.011365j
[2025-04-17 07:24:27] Iteration: 137/1000, Temp: 0.0323, Energy: -52.846145-0.008749j
[2025-04-17 07:24:44] Iteration: 138/1000, Temp: 0.0316, Energy: -52.803917+0.013774j
[2025-04-17 07:25:01] Iteration: 139/1000, Temp: 0.0310, Energy: -52.844146-0.006912j
[2025-04-17 07:25:18] Iteration: 140/1000, Temp: 0.0304, Energy: -52.933866+0.006359j
[2025-04-17 07:25:35] Iteration: 141/1000, Temp: 0.0298, Energy: -52.890742-0.005985j
[2025-04-17 07:25:52] Iteration: 142/1000, Temp: 0.0292, Energy: -52.946206+0.006104j
[2025-04-17 07:26:09] Iteration: 143/1000, Temp: 0.0286, Energy: -52.943662+0.025990j
[2025-04-17 07:26:27] Iteration: 144/1000, Temp: 0.0281, Energy: -52.950917-0.001088j
[2025-04-17 07:26:44] Iteration: 145/1000, Temp: 0.0275, Energy: -53.176272-0.004914j
[2025-04-17 07:27:01] Iteration: 146/1000, Temp: 0.0270, Energy: -53.104935-0.001681j
[2025-04-17 07:27:18] Iteration: 147/1000, Temp: 0.0264, Energy: -53.152403+0.004878j
[2025-04-17 07:27:35] Iteration: 148/1000, Temp: 0.0259, Energy: -53.061903-0.009340j
[2025-04-17 07:27:52] Iteration: 149/1000, Temp: 0.0254, Energy: -53.080433+0.001728j
[2025-04-17 07:28:09] Iteration: 150/1000, Temp: 0.0249, Energy: -53.043319-0.004220j
[2025-04-17 07:28:26] Iteration: 151/1000, Temp: 0.0244, Energy: -52.978773-0.007717j
[2025-04-17 07:28:44] Iteration: 152/1000, Temp: 0.0239, Energy: -53.055689+0.010636j
[2025-04-17 07:29:01] Iteration: 153/1000, Temp: 0.0234, Energy: -52.920815-0.014520j
[2025-04-17 07:29:18] Iteration: 154/1000, Temp: 0.0230, Energy: -53.065502-0.001991j
[2025-04-17 07:29:35] Iteration: 155/1000, Temp: 0.0225, Energy: -53.034648-0.010205j
[2025-04-17 07:29:52] Iteration: 156/1000, Temp: 0.0221, Energy: -52.957161+0.006173j
[2025-04-17 07:30:09] Iteration: 157/1000, Temp: 0.0216, Energy: -52.984373-0.005644j
[2025-04-17 07:30:26] Iteration: 158/1000, Temp: 0.0212, Energy: -53.099773+0.002822j
[2025-04-17 07:30:44] Iteration: 159/1000, Temp: 0.0208, Energy: -52.998443-0.011782j
[2025-04-17 07:31:01] Iteration: 160/1000, Temp: 0.0204, Energy: -53.057110-0.015463j
[2025-04-17 07:31:18] Iteration: 161/1000, Temp: 0.0200, Energy: -53.021627-0.009908j
[2025-04-17 07:31:35] Iteration: 162/1000, Temp: 0.0196, Energy: -52.939277-0.009537j
[2025-04-17 07:31:52] Iteration: 163/1000, Temp: 0.0192, Energy: -53.075166+0.001462j
[2025-04-17 07:32:09] Iteration: 164/1000, Temp: 0.0188, Energy: -53.042003+0.002462j
[2025-04-17 07:32:26] Iteration: 165/1000, Temp: 0.0184, Energy: -53.039245-0.001601j
[2025-04-17 07:32:43] Iteration: 166/1000, Temp: 0.0181, Energy: -53.011243-0.004273j
[2025-04-17 07:33:00] Iteration: 167/1000, Temp: 0.0177, Energy: -53.083843+0.007657j
[2025-04-17 07:33:18] Iteration: 168/1000, Temp: 0.0174, Energy: -53.082756-0.001744j
[2025-04-17 07:33:35] Iteration: 169/1000, Temp: 0.0170, Energy: -53.108993-0.003261j
[2025-04-17 07:33:52] Iteration: 170/1000, Temp: 0.0167, Energy: -53.243231-0.001755j
[2025-04-17 07:34:09] Iteration: 171/1000, Temp: 0.0164, Energy: -53.178965+0.019705j
[2025-04-17 07:34:26] Iteration: 172/1000, Temp: 0.0160, Energy: -53.222209+0.003157j
[2025-04-17 07:34:43] Iteration: 173/1000, Temp: 0.0157, Energy: -53.300860+0.001621j
[2025-04-17 07:35:00] Iteration: 174/1000, Temp: 0.0154, Energy: -53.128852+0.005452j
[2025-04-17 07:35:17] Iteration: 175/1000, Temp: 0.0151, Energy: -53.105955-0.018685j
[2025-04-17 07:35:34] Iteration: 176/1000, Temp: 0.0148, Energy: -53.111611-0.009111j
[2025-04-17 07:35:52] Iteration: 177/1000, Temp: 0.0145, Energy: -53.081168+0.009963j
[2025-04-17 07:36:09] Iteration: 178/1000, Temp: 0.0142, Energy: -53.170213+0.005629j
[2025-04-17 07:36:26] Iteration: 179/1000, Temp: 0.0139, Energy: -53.248353+0.009993j
[2025-04-17 07:36:43] Iteration: 180/1000, Temp: 0.0137, Energy: -53.126462+0.006984j
[2025-04-17 07:37:00] Iteration: 181/1000, Temp: 0.0134, Energy: -53.137942+0.001284j
[2025-04-17 07:37:17] Iteration: 182/1000, Temp: 0.0131, Energy: -53.083450+0.002900j
[2025-04-17 07:37:34] Iteration: 183/1000, Temp: 0.0129, Energy: -53.268498-0.003536j
[2025-04-17 07:37:51] Iteration: 184/1000, Temp: 0.0126, Energy: -53.147974+0.000273j
[2025-04-17 07:38:09] Iteration: 185/1000, Temp: 0.0124, Energy: -53.258583+0.000854j
[2025-04-17 07:38:26] Iteration: 186/1000, Temp: 0.0121, Energy: -53.169499-0.018669j
[2025-04-17 07:38:43] Iteration: 187/1000, Temp: 0.0119, Energy: -53.127211+0.006705j
[2025-04-17 07:39:00] Iteration: 188/1000, Temp: 0.0116, Energy: -53.269226-0.016769j
[2025-04-17 07:39:17] Iteration: 189/1000, Temp: 0.0114, Energy: -53.077972-0.002265j
[2025-04-17 07:39:34] Iteration: 190/1000, Temp: 0.0112, Energy: -53.093919+0.002398j
[2025-04-17 07:39:51] Iteration: 191/1000, Temp: 0.0110, Energy: -52.903151+0.003686j
[2025-04-17 07:40:08] Iteration: 192/1000, Temp: 0.0107, Energy: -53.024551+0.019022j
[2025-04-17 07:40:26] Iteration: 193/1000, Temp: 0.0105, Energy: -52.940767+0.006548j
[2025-04-17 07:40:43] Iteration: 194/1000, Temp: 0.0103, Energy: -52.934144+0.005695j
[2025-04-17 07:41:00] Iteration: 195/1000, Temp: 0.0101, Energy: -53.060237-0.006468j
[2025-04-17 07:41:17] Iteration: 196/1000, Temp: 0.0099, Energy: -53.118392+0.006339j
[2025-04-17 07:41:34] Iteration: 197/1000, Temp: 0.0097, Energy: -53.152944-0.001987j
[2025-04-17 07:41:51] Iteration: 198/1000, Temp: 0.0095, Energy: -53.105330+0.003100j
[2025-04-17 07:42:08] Iteration: 199/1000, Temp: 0.0093, Energy: -53.170617-0.019393j
[2025-04-17 07:42:26] Iteration: 200/1000, Temp: 0.0092, Energy: -53.275255+0.004836j
[2025-04-17 07:42:43] Iteration: 201/1000, Temp: 0.0090, Energy: -53.178998-0.005984j
[2025-04-17 07:43:00] Iteration: 202/1000, Temp: 0.0088, Energy: -53.065840-0.011982j
[2025-04-17 07:43:17] Iteration: 203/1000, Temp: 0.0086, Energy: -53.193138+0.008992j
[2025-04-17 07:43:34] Iteration: 204/1000, Temp: 0.0085, Energy: -53.233710+0.004788j
[2025-04-17 07:43:51] Iteration: 205/1000, Temp: 0.0083, Energy: -53.150655+0.006262j
[2025-04-17 07:44:08] Iteration: 206/1000, Temp: 0.0081, Energy: -53.154861-0.000896j
[2025-04-17 07:44:25] Iteration: 207/1000, Temp: 0.0080, Energy: -53.209122+0.009864j
[2025-04-17 07:44:43] Iteration: 208/1000, Temp: 0.0078, Energy: -53.120298-0.005737j
[2025-04-17 07:45:00] Iteration: 209/1000, Temp: 0.0076, Energy: -53.080326-0.005158j
[2025-04-17 07:45:17] Iteration: 210/1000, Temp: 0.0075, Energy: -53.089821-0.000399j
[2025-04-17 07:45:34] Iteration: 211/1000, Temp: 0.0073, Energy: -53.118000-0.000572j
[2025-04-17 07:45:51] Iteration: 212/1000, Temp: 0.0072, Energy: -53.221021-0.002323j
[2025-04-17 07:46:08] Iteration: 213/1000, Temp: 0.0071, Energy: -53.249743-0.000526j
[2025-04-17 07:46:25] Iteration: 214/1000, Temp: 0.0069, Energy: -53.318096+0.008281j
[2025-04-17 07:46:43] Iteration: 215/1000, Temp: 0.0068, Energy: -53.291244+0.002417j
[2025-04-17 07:47:00] Iteration: 216/1000, Temp: 0.0066, Energy: -53.215039-0.004514j
[2025-04-17 07:47:17] Iteration: 217/1000, Temp: 0.0065, Energy: -53.292086+0.005839j
[2025-04-17 07:47:34] Iteration: 218/1000, Temp: 0.0064, Energy: -53.135820+0.001350j
[2025-04-17 07:47:51] Iteration: 219/1000, Temp: 0.0063, Energy: -53.142158+0.009081j
[2025-04-17 07:48:08] Iteration: 220/1000, Temp: 0.0061, Energy: -53.197395-0.005586j
[2025-04-17 07:48:25] Iteration: 221/1000, Temp: 0.0060, Energy: -53.187580-0.002577j
[2025-04-17 07:48:42] Iteration: 222/1000, Temp: 0.0059, Energy: -53.148544-0.005671j
[2025-04-17 07:49:00] Iteration: 223/1000, Temp: 0.0058, Energy: -53.106977+0.007254j
[2025-04-17 07:49:17] Iteration: 224/1000, Temp: 0.0057, Energy: -53.034911+0.016028j
[2025-04-17 07:49:34] Iteration: 225/1000, Temp: 0.0056, Energy: -53.156906+0.008676j
[2025-04-17 07:49:51] Iteration: 226/1000, Temp: 0.0054, Energy: -53.156095-0.005048j
[2025-04-17 07:50:08] Iteration: 227/1000, Temp: 0.0053, Energy: -53.235768+0.001766j
[2025-04-17 07:50:25] Iteration: 228/1000, Temp: 0.0052, Energy: -53.364122-0.005535j
[2025-04-17 07:50:42] Iteration: 229/1000, Temp: 0.0051, Energy: -53.159459+0.002515j
[2025-04-17 07:51:00] Iteration: 230/1000, Temp: 0.0050, Energy: -53.204311+0.002069j
[2025-04-17 07:51:17] Iteration: 231/1000, Temp: 0.0049, Energy: -53.191358-0.003334j
[2025-04-17 07:51:34] Iteration: 232/1000, Temp: 0.0048, Energy: -53.187943-0.006888j
[2025-04-17 07:51:51] Iteration: 233/1000, Temp: 0.0047, Energy: -53.075154-0.000426j
[2025-04-17 07:52:08] Iteration: 234/1000, Temp: 0.0046, Energy: -53.097940-0.008544j
[2025-04-17 07:52:25] Iteration: 235/1000, Temp: 0.0045, Energy: -53.212766+0.009951j
[2025-04-17 07:52:42] Iteration: 236/1000, Temp: 0.0045, Energy: -53.119181+0.005364j
[2025-04-17 07:52:59] Iteration: 237/1000, Temp: 0.0044, Energy: -53.231666+0.009001j
[2025-04-17 07:53:17] Iteration: 238/1000, Temp: 0.0043, Energy: -53.214716-0.005974j
[2025-04-17 07:53:34] Iteration: 239/1000, Temp: 0.0042, Energy: -53.243450-0.009746j
[2025-04-17 07:53:51] Iteration: 240/1000, Temp: 0.0041, Energy: -53.287394-0.004193j
[2025-04-17 07:54:08] Iteration: 241/1000, Temp: 0.0040, Energy: -53.244124-0.012826j
[2025-04-17 07:54:25] Iteration: 242/1000, Temp: 0.0040, Energy: -53.252307-0.001715j
[2025-04-17 07:54:42] Iteration: 243/1000, Temp: 0.0039, Energy: -53.205507-0.001950j
[2025-04-17 07:54:59] Iteration: 244/1000, Temp: 0.0038, Energy: -53.176559+0.002265j
[2025-04-17 07:55:16] Iteration: 245/1000, Temp: 0.0037, Energy: -53.207816+0.001501j
[2025-04-17 07:55:33] Iteration: 246/1000, Temp: 0.0036, Energy: -53.196524+0.001549j
[2025-04-17 07:55:50] Iteration: 247/1000, Temp: 0.0036, Energy: -53.318870+0.006742j
[2025-04-17 07:56:07] Iteration: 248/1000, Temp: 0.0035, Energy: -53.170962-0.008879j
[2025-04-17 07:56:25] Iteration: 249/1000, Temp: 0.0034, Energy: -53.128819-0.004220j
[2025-04-17 07:56:42] Iteration: 250/1000, Temp: 0.0034, Energy: -53.158374+0.001095j
[2025-04-17 07:56:59] Iteration: 251/1000, Temp: 0.0033, Energy: -53.154576+0.008759j
[2025-04-17 07:57:16] Iteration: 252/1000, Temp: 0.0032, Energy: -53.181346-0.001685j
[2025-04-17 07:57:33] Iteration: 253/1000, Temp: 0.0032, Energy: -53.206851+0.008919j
[2025-04-17 07:57:50] Iteration: 254/1000, Temp: 0.0031, Energy: -53.170451+0.000865j
[2025-04-17 07:58:07] Iteration: 255/1000, Temp: 0.0030, Energy: -53.232792-0.007705j
[2025-04-17 07:58:25] Iteration: 256/1000, Temp: 0.0030, Energy: -53.287810+0.002635j
[2025-04-17 07:58:42] Iteration: 257/1000, Temp: 0.0029, Energy: -53.226066-0.006086j
[2025-04-17 07:58:59] Iteration: 258/1000, Temp: 0.0029, Energy: -53.157743-0.002115j
[2025-04-17 07:59:16] Iteration: 259/1000, Temp: 0.0028, Energy: -53.161238+0.007543j
[2025-04-17 07:59:33] Iteration: 260/1000, Temp: 0.0028, Energy: -53.104260+0.004445j
[2025-04-17 07:59:50] Iteration: 261/1000, Temp: 0.0027, Energy: -53.286215-0.000520j
[2025-04-17 08:00:07] Iteration: 262/1000, Temp: 0.0027, Energy: -53.258064-0.004873j
[2025-04-17 08:00:24] Iteration: 263/1000, Temp: 0.0026, Energy: -53.241681-0.001282j
[2025-04-17 08:00:42] Iteration: 264/1000, Temp: 0.0025, Energy: -53.297759-0.001368j
[2025-04-17 08:00:59] Iteration: 265/1000, Temp: 0.0025, Energy: -53.198918-0.001360j
[2025-04-17 08:01:16] Iteration: 266/1000, Temp: 0.0024, Energy: -53.220264+0.009436j
[2025-04-17 08:01:33] Iteration: 267/1000, Temp: 0.0024, Energy: -53.217487+0.004338j
[2025-04-17 08:01:50] Iteration: 268/1000, Temp: 0.0024, Energy: -53.205997+0.004183j
[2025-04-17 08:02:07] Iteration: 269/1000, Temp: 0.0023, Energy: -53.342533+0.005487j
[2025-04-17 08:02:24] Iteration: 270/1000, Temp: 0.0023, Energy: -53.205738-0.001941j
[2025-04-17 08:02:41] Iteration: 271/1000, Temp: 0.0022, Energy: -53.226629+0.006654j
[2025-04-17 08:02:59] Iteration: 272/1000, Temp: 0.0022, Energy: -53.279846-0.003658j
[2025-04-17 08:03:16] Iteration: 273/1000, Temp: 0.0021, Energy: -53.213909-0.002825j
[2025-04-17 08:03:33] Iteration: 274/1000, Temp: 0.0021, Energy: -53.219823+0.003888j
[2025-04-17 08:03:50] Iteration: 275/1000, Temp: 0.0020, Energy: -53.289008+0.002569j
[2025-04-17 08:04:07] Iteration: 276/1000, Temp: 0.0020, Energy: -53.174000-0.006268j
[2025-04-17 08:04:24] Iteration: 277/1000, Temp: 0.0020, Energy: -53.147880-0.003276j
[2025-04-17 08:04:41] Iteration: 278/1000, Temp: 0.0019, Energy: -53.233795-0.008704j
[2025-04-17 08:04:59] Iteration: 279/1000, Temp: 0.0019, Energy: -53.284530-0.013390j
[2025-04-17 08:05:16] Iteration: 280/1000, Temp: 0.0018, Energy: -53.183626+0.002385j
[2025-04-17 08:05:33] Iteration: 281/1000, Temp: 0.0018, Energy: -53.281435+0.001465j
[2025-04-17 08:05:50] Iteration: 282/1000, Temp: 0.0018, Energy: -53.205789-0.006791j
[2025-04-17 08:06:07] Iteration: 283/1000, Temp: 0.0017, Energy: -53.033355+0.007439j
[2025-04-17 08:06:24] Iteration: 284/1000, Temp: 0.0017, Energy: -53.251470+0.004004j
[2025-04-17 08:06:41] Iteration: 285/1000, Temp: 0.0017, Energy: -53.144157-0.001029j
[2025-04-17 08:06:59] Iteration: 286/1000, Temp: 0.0016, Energy: -53.122504+0.001698j
[2025-04-17 08:07:16] Iteration: 287/1000, Temp: 0.0016, Energy: -53.136973-0.008113j
[2025-04-17 08:07:33] Iteration: 288/1000, Temp: 0.0016, Energy: -53.206488-0.008873j
[2025-04-17 08:07:50] Iteration: 289/1000, Temp: 0.0015, Energy: -53.359314+0.003654j
[2025-04-17 08:08:07] Iteration: 290/1000, Temp: 0.0015, Energy: -53.382612-0.002904j
[2025-04-17 08:08:24] Iteration: 291/1000, Temp: 0.0015, Energy: -53.444503+0.001846j
[2025-04-17 08:08:41] Iteration: 292/1000, Temp: 0.0015, Energy: -53.352445+0.001548j
[2025-04-17 08:08:59] Iteration: 293/1000, Temp: 0.0014, Energy: -53.323326-0.004927j
[2025-04-17 08:09:16] Iteration: 294/1000, Temp: 0.0014, Energy: -53.285070+0.012973j
[2025-04-17 08:09:33] Iteration: 295/1000, Temp: 0.0014, Energy: -53.307682-0.002547j
[2025-04-17 08:09:50] Iteration: 296/1000, Temp: 0.0013, Energy: -53.382017+0.010561j
[2025-04-17 08:10:07] Iteration: 297/1000, Temp: 0.0013, Energy: -53.231048-0.001846j
[2025-04-17 08:10:24] Iteration: 298/1000, Temp: 0.0013, Energy: -53.172707-0.001675j
[2025-04-17 08:10:41] Iteration: 299/1000, Temp: 0.0013, Energy: -53.260916-0.003403j
[2025-04-17 08:10:59] Iteration: 300/1000, Temp: 0.0012, Energy: -53.202485-0.000910j
[2025-04-17 08:11:16] Iteration: 301/1000, Temp: 0.0012, Energy: -53.214935-0.006759j
[2025-04-17 08:11:33] Iteration: 302/1000, Temp: 0.0012, Energy: -53.191354-0.005743j
[2025-04-17 08:11:50] Iteration: 303/1000, Temp: 0.0012, Energy: -53.322633-0.000458j
[2025-04-17 08:12:07] Iteration: 304/1000, Temp: 0.0011, Energy: -53.224661+0.000723j
[2025-04-17 08:12:24] Iteration: 305/1000, Temp: 0.0011, Energy: -53.394816+0.001026j
[2025-04-17 08:12:41] Iteration: 306/1000, Temp: 0.0011, Energy: -53.138051+0.002874j
[2025-04-17 08:12:59] Iteration: 307/1000, Temp: 0.0011, Energy: -53.270694+0.003487j
[2025-04-17 08:13:16] Iteration: 308/1000, Temp: 0.0011, Energy: -53.195640-0.010041j
[2025-04-17 08:13:33] Iteration: 309/1000, Temp: 0.0010, Energy: -53.228129+0.000581j
[2025-04-17 08:13:50] Iteration: 310/1000, Temp: 0.0010, Energy: -53.230155+0.010907j
[2025-04-17 08:14:07] Iteration: 311/1000, Temp: 0.0010, Energy: -53.171285-0.018824j
[2025-04-17 08:14:24] Iteration: 312/1000, Temp: 0.0010, Energy: -53.221519+0.003327j
[2025-04-17 08:14:41] Iteration: 313/1000, Temp: 0.0010, Energy: -53.312494+0.008534j
[2025-04-17 08:14:59] Iteration: 314/1000, Temp: 0.0009, Energy: -53.243984+0.002571j
[2025-04-17 08:15:16] Iteration: 315/1000, Temp: 0.0009, Energy: -53.197782+0.003468j
[2025-04-17 08:15:33] Iteration: 316/1000, Temp: 0.0009, Energy: -53.174805-0.004895j
[2025-04-17 08:15:50] Iteration: 317/1000, Temp: 0.0009, Energy: -53.162707-0.001484j
[2025-04-17 08:16:07] Iteration: 318/1000, Temp: 0.0009, Energy: -53.228502-0.022352j
[2025-04-17 08:16:24] Iteration: 319/1000, Temp: 0.0008, Energy: -53.285261-0.000910j
[2025-04-17 08:16:41] Iteration: 320/1000, Temp: 0.0008, Energy: -53.260480-0.005407j
[2025-04-17 08:16:59] Iteration: 321/1000, Temp: 0.0008, Energy: -53.173912-0.009629j
[2025-04-17 08:17:16] Iteration: 322/1000, Temp: 0.0008, Energy: -53.268443+0.002657j
[2025-04-17 08:17:33] Iteration: 323/1000, Temp: 0.0008, Energy: -53.305884+0.000716j
[2025-04-17 08:17:50] Iteration: 324/1000, Temp: 0.0008, Energy: -53.304215-0.007323j
[2025-04-17 08:18:07] Iteration: 325/1000, Temp: 0.0008, Energy: -53.321464-0.004281j
[2025-04-17 08:18:24] Iteration: 326/1000, Temp: 0.0007, Energy: -53.378181-0.007779j
[2025-04-17 08:18:41] Iteration: 327/1000, Temp: 0.0007, Energy: -53.168295-0.000940j
[2025-04-17 08:18:58] Iteration: 328/1000, Temp: 0.0007, Energy: -53.049221+0.002951j
[2025-04-17 08:19:15] Iteration: 329/1000, Temp: 0.0007, Energy: -53.175395-0.000920j
[2025-04-17 08:19:32] Iteration: 330/1000, Temp: 0.0007, Energy: -53.213348+0.002195j
[2025-04-17 08:19:49] Iteration: 331/1000, Temp: 0.0007, Energy: -53.160730+0.003121j
[2025-04-17 08:20:07] Iteration: 332/1000, Temp: 0.0007, Energy: -53.011967-0.004991j
[2025-04-17 08:20:24] Iteration: 333/1000, Temp: 0.0006, Energy: -53.036044+0.001024j
[2025-04-17 08:20:41] Iteration: 334/1000, Temp: 0.0006, Energy: -53.022507+0.008577j
[2025-04-17 08:20:58] Iteration: 335/1000, Temp: 0.0006, Energy: -52.989712-0.008132j
[2025-04-17 08:21:15] Iteration: 336/1000, Temp: 0.0006, Energy: -53.109115-0.006320j
[2025-04-17 08:21:32] Iteration: 337/1000, Temp: 0.0006, Energy: -53.116311-0.004412j
[2025-04-17 08:21:49] Iteration: 338/1000, Temp: 0.0006, Energy: -53.246744-0.004150j
[2025-04-17 08:22:06] Iteration: 339/1000, Temp: 0.0006, Energy: -53.353961-0.000780j
[2025-04-17 08:22:24] Iteration: 340/1000, Temp: 0.0006, Energy: -53.339811+0.009574j
[2025-04-17 08:22:41] Iteration: 341/1000, Temp: 0.0005, Energy: -53.268769-0.005828j
[2025-04-17 08:22:58] Iteration: 342/1000, Temp: 0.0005, Energy: -53.242324-0.003159j
[2025-04-17 08:23:15] Iteration: 343/1000, Temp: 0.0005, Energy: -53.302368+0.001147j
[2025-04-17 08:23:32] Iteration: 344/1000, Temp: 0.0005, Energy: -53.277262+0.007261j
[2025-04-17 08:23:49] Iteration: 345/1000, Temp: 0.0005, Energy: -53.239314+0.005143j
[2025-04-17 08:24:06] Iteration: 346/1000, Temp: 0.0005, Energy: -53.226223+0.005688j
[2025-04-17 08:24:24] Iteration: 347/1000, Temp: 0.0005, Energy: -53.333562+0.002295j
[2025-04-17 08:24:41] Iteration: 348/1000, Temp: 0.0005, Energy: -53.225884+0.010107j
[2025-04-17 08:24:58] Iteration: 349/1000, Temp: 0.0005, Energy: -53.226507-0.000738j
[2025-04-17 08:25:15] Iteration: 350/1000, Temp: 0.0005, Energy: -53.272548-0.000442j
[2025-04-17 08:25:32] Iteration: 351/1000, Temp: 0.0004, Energy: -53.242786-0.001424j
[2025-04-17 08:25:49] Iteration: 352/1000, Temp: 0.0004, Energy: -53.267200+0.003905j
[2025-04-17 08:26:06] Iteration: 353/1000, Temp: 0.0004, Energy: -53.264531-0.014878j
[2025-04-17 08:26:24] Iteration: 354/1000, Temp: 0.0004, Energy: -53.188219-0.008599j
[2025-04-17 08:26:41] Iteration: 355/1000, Temp: 0.0004, Energy: -53.253607-0.001208j
[2025-04-17 08:26:58] Iteration: 356/1000, Temp: 0.0004, Energy: -53.188333+0.000048j
[2025-04-17 08:27:15] Iteration: 357/1000, Temp: 0.0004, Energy: -53.140085+0.001020j
[2025-04-17 08:27:32] Iteration: 358/1000, Temp: 0.0004, Energy: -53.142510+0.000982j
[2025-04-17 08:27:49] Iteration: 359/1000, Temp: 0.0004, Energy: -53.222954+0.004458j
[2025-04-17 08:28:06] Iteration: 360/1000, Temp: 0.0004, Energy: -53.206467-0.001466j
[2025-04-17 08:28:24] Iteration: 361/1000, Temp: 0.0004, Energy: -53.188035-0.002327j
[2025-04-17 08:28:41] Iteration: 362/1000, Temp: 0.0004, Energy: -53.256511+0.010980j
[2025-04-17 08:28:58] Iteration: 363/1000, Temp: 0.0004, Energy: -53.243570-0.002205j
[2025-04-17 08:29:15] Iteration: 364/1000, Temp: 0.0003, Energy: -53.312611-0.009787j
[2025-04-17 08:29:32] Iteration: 365/1000, Temp: 0.0003, Energy: -53.209560+0.009751j
[2025-04-17 08:29:49] Iteration: 366/1000, Temp: 0.0003, Energy: -53.296231+0.007091j
[2025-04-17 08:30:06] Iteration: 367/1000, Temp: 0.0003, Energy: -53.275622-0.009666j
[2025-04-17 08:30:24] Iteration: 368/1000, Temp: 0.0003, Energy: -53.383673+0.002011j
[2025-04-17 08:30:41] Iteration: 369/1000, Temp: 0.0003, Energy: -53.378020+0.006014j
[2025-04-17 08:30:58] Iteration: 370/1000, Temp: 0.0003, Energy: -53.240256+0.007423j
[2025-04-17 08:31:15] Iteration: 371/1000, Temp: 0.0003, Energy: -53.324718-0.003551j
[2025-04-17 08:31:32] Iteration: 372/1000, Temp: 0.0003, Energy: -53.443613-0.013061j
[2025-04-17 08:31:49] Iteration: 373/1000, Temp: 0.0003, Energy: -53.329158-0.003511j
[2025-04-17 08:32:06] Iteration: 374/1000, Temp: 0.0003, Energy: -53.297547+0.006435j
[2025-04-17 08:32:24] Iteration: 375/1000, Temp: 0.0003, Energy: -53.279296-0.003539j
[2025-04-17 08:32:41] Iteration: 376/1000, Temp: 0.0003, Energy: -53.323402-0.003108j
[2025-04-17 08:32:58] Iteration: 377/1000, Temp: 0.0003, Energy: -53.178707+0.003847j
[2025-04-17 08:33:15] Iteration: 378/1000, Temp: 0.0003, Energy: -53.258304+0.006106j
[2025-04-17 08:33:32] Iteration: 379/1000, Temp: 0.0003, Energy: -53.428123+0.005087j
[2025-04-17 08:33:49] Iteration: 380/1000, Temp: 0.0003, Energy: -53.287333+0.003727j
[2025-04-17 08:34:06] Iteration: 381/1000, Temp: 0.0002, Energy: -53.257983+0.006824j
[2025-04-17 08:34:24] Iteration: 382/1000, Temp: 0.0002, Energy: -53.417843-0.000872j
[2025-04-17 08:34:41] Iteration: 383/1000, Temp: 0.0002, Energy: -53.355351+0.005380j
[2025-04-17 08:34:58] Iteration: 384/1000, Temp: 0.0002, Energy: -53.385448-0.004706j
[2025-04-17 08:35:15] Iteration: 385/1000, Temp: 0.0002, Energy: -53.386976+0.007094j
[2025-04-17 08:35:32] Iteration: 386/1000, Temp: 0.0002, Energy: -53.297819-0.002054j
[2025-04-17 08:35:49] Iteration: 387/1000, Temp: 0.0002, Energy: -53.369536-0.002333j
[2025-04-17 08:36:06] Iteration: 388/1000, Temp: 0.0002, Energy: -53.258202-0.003298j
[2025-04-17 08:36:24] Iteration: 389/1000, Temp: 0.0002, Energy: -53.300590+0.007147j
[2025-04-17 08:36:41] Iteration: 390/1000, Temp: 0.0002, Energy: -53.264215+0.004620j
[2025-04-17 08:36:58] Iteration: 391/1000, Temp: 0.0002, Energy: -53.472080-0.006374j
[2025-04-17 08:37:15] Iteration: 392/1000, Temp: 0.0002, Energy: -53.283130+0.002075j
[2025-04-17 08:37:32] Iteration: 393/1000, Temp: 0.0002, Energy: -53.289446+0.001348j
[2025-04-17 08:37:49] Iteration: 394/1000, Temp: 0.0002, Energy: -53.254141+0.013961j
[2025-04-17 08:38:06] Iteration: 395/1000, Temp: 0.0002, Energy: -53.368522+0.004525j
[2025-04-17 08:38:24] Iteration: 396/1000, Temp: 0.0002, Energy: -53.319684-0.002781j
[2025-04-17 08:38:41] Iteration: 397/1000, Temp: 0.0002, Energy: -53.252572+0.007668j
[2025-04-17 08:38:58] Iteration: 398/1000, Temp: 0.0002, Energy: -53.265062+0.001183j
[2025-04-17 08:39:15] Iteration: 399/1000, Temp: 0.0002, Energy: -53.370450-0.002729j
[2025-04-17 08:39:32] Iteration: 400/1000, Temp: 0.0002, Energy: -53.277564-0.001147j
[2025-04-17 08:39:49] Iteration: 401/1000, Temp: 0.0002, Energy: -53.354963+0.007301j
[2025-04-17 08:40:06] Iteration: 402/1000, Temp: 0.0002, Energy: -53.303767+0.000797j
[2025-04-17 08:40:24] Iteration: 403/1000, Temp: 0.0002, Energy: -53.260445-0.007209j
[2025-04-17 08:40:41] Iteration: 404/1000, Temp: 0.0002, Energy: -53.298893-0.005070j
[2025-04-17 08:40:58] Iteration: 405/1000, Temp: 0.0002, Energy: -53.240914-0.008258j
[2025-04-17 08:41:15] Iteration: 406/1000, Temp: 0.0001, Energy: -53.198801+0.002687j
[2025-04-17 08:41:32] Iteration: 407/1000, Temp: 0.0001, Energy: -53.231410-0.004857j
[2025-04-17 08:41:49] Iteration: 408/1000, Temp: 0.0001, Energy: -53.154384-0.010501j
[2025-04-17 08:42:06] Iteration: 409/1000, Temp: 0.0001, Energy: -53.168752+0.001520j
[2025-04-17 08:42:24] Iteration: 410/1000, Temp: 0.0001, Energy: -53.185157+0.001212j
[2025-04-17 08:42:41] Iteration: 411/1000, Temp: 0.0001, Energy: -53.217479+0.002242j
[2025-04-17 08:42:58] Iteration: 412/1000, Temp: 0.0001, Energy: -53.239902-0.008658j
[2025-04-17 08:43:15] Iteration: 413/1000, Temp: 0.0001, Energy: -53.266669+0.002739j
[2025-04-17 08:43:32] Iteration: 414/1000, Temp: 0.0001, Energy: -53.258459-0.001808j
[2025-04-17 08:43:49] Iteration: 415/1000, Temp: 0.0001, Energy: -53.334360+0.004830j
[2025-04-17 08:44:06] Iteration: 416/1000, Temp: 0.0001, Energy: -53.322208+0.002312j
[2025-04-17 08:44:23] Iteration: 417/1000, Temp: 0.0001, Energy: -53.302539-0.006494j
[2025-04-17 08:44:40] Iteration: 418/1000, Temp: 0.0001, Energy: -53.236674-0.008120j
[2025-04-17 08:44:57] Iteration: 419/1000, Temp: 0.0001, Energy: -53.267638-0.001504j
[2025-04-17 08:45:15] Iteration: 420/1000, Temp: 0.0001, Energy: -53.188915+0.001529j
[2025-04-17 08:45:32] Iteration: 421/1000, Temp: 0.0001, Energy: -53.208189+0.001357j
[2025-04-17 08:45:49] Iteration: 422/1000, Temp: 0.0001, Energy: -53.317597+0.004522j
[2025-04-17 08:46:06] Iteration: 423/1000, Temp: 0.0001, Energy: -53.164291-0.008807j
[2025-04-17 08:46:23] Iteration: 424/1000, Temp: 0.0001, Energy: -53.248630+0.000908j
[2025-04-17 08:46:40] Iteration: 425/1000, Temp: 0.0001, Energy: -53.291373+0.003987j
[2025-04-17 08:46:57] Iteration: 426/1000, Temp: 0.0001, Energy: -53.248307-0.001053j
[2025-04-17 08:47:14] Iteration: 427/1000, Temp: 0.0001, Energy: -53.188857+0.005404j
[2025-04-17 08:47:32] Iteration: 428/1000, Temp: 0.0001, Energy: -53.336516+0.002559j
[2025-04-17 08:47:49] Iteration: 429/1000, Temp: 0.0001, Energy: -53.253203+0.005568j
[2025-04-17 08:48:06] Iteration: 430/1000, Temp: 0.0001, Energy: -53.271815+0.012309j
[2025-04-17 08:48:23] Iteration: 431/1000, Temp: 0.0001, Energy: -53.289721+0.000632j
[2025-04-17 08:48:40] Iteration: 432/1000, Temp: 0.0001, Energy: -53.298713-0.006794j
[2025-04-17 08:48:57] Iteration: 433/1000, Temp: 0.0001, Energy: -53.180598+0.005865j
[2025-04-17 08:49:14] Iteration: 434/1000, Temp: 0.0001, Energy: -53.273930+0.005469j
[2025-04-17 08:49:31] Iteration: 435/1000, Temp: 0.0001, Energy: -53.198478-0.000823j
[2025-04-17 08:49:49] Iteration: 436/1000, Temp: 0.0001, Energy: -53.282304-0.006122j
[2025-04-17 08:50:06] Iteration: 437/1000, Temp: 0.0001, Energy: -53.271736+0.000390j
[2025-04-17 08:50:23] Iteration: 438/1000, Temp: 0.0001, Energy: -53.269178+0.012236j
[2025-04-17 08:50:40] Iteration: 439/1000, Temp: 0.0001, Energy: -53.226174+0.006128j
[2025-04-17 08:50:57] Iteration: 440/1000, Temp: 0.0001, Energy: -53.276326-0.004501j
[2025-04-17 08:51:14] Iteration: 441/1000, Temp: 0.0001, Energy: -53.376321-0.005062j
[2025-04-17 08:51:31] Iteration: 442/1000, Temp: 0.0001, Energy: -53.374230-0.002895j
[2025-04-17 08:51:49] Iteration: 443/1000, Temp: 0.0001, Energy: -53.368628+0.002518j
[2025-04-17 08:52:06] Iteration: 444/1000, Temp: 0.0001, Energy: -53.284418-0.003303j
[2025-04-17 08:52:23] Iteration: 445/1000, Temp: 0.0001, Energy: -53.340714+0.000935j
[2025-04-17 08:52:40] Iteration: 446/1000, Temp: 0.0001, Energy: -53.221417-0.008385j
[2025-04-17 08:52:57] Iteration: 447/1000, Temp: 0.0001, Energy: -53.350281-0.001795j
[2025-04-17 08:53:14] Iteration: 448/1000, Temp: 0.0001, Energy: -53.239744+0.004637j
[2025-04-17 08:53:31] Iteration: 449/1000, Temp: 0.0001, Energy: -53.274502+0.000294j
[2025-04-17 08:53:49] Iteration: 450/1000, Temp: 0.0001, Energy: -53.312209-0.002083j
[2025-04-17 08:54:06] Iteration: 451/1000, Temp: 0.0001, Energy: -53.319507+0.002492j
[2025-04-17 08:54:23] Iteration: 452/1000, Temp: 0.0001, Energy: -53.351382-0.011238j
[2025-04-17 08:54:40] Iteration: 453/1000, Temp: 0.0001, Energy: -53.274314+0.004982j
[2025-04-17 08:54:57] Iteration: 454/1000, Temp: 0.0001, Energy: -53.339562-0.008030j
[2025-04-17 08:55:14] Iteration: 455/1000, Temp: 0.0001, Energy: -53.364870+0.008154j
[2025-04-17 08:55:31] Iteration: 456/1000, Temp: 0.0001, Energy: -53.292614+0.003586j
[2025-04-17 08:55:49] Iteration: 457/1000, Temp: 0.0001, Energy: -53.299550-0.000439j
[2025-04-17 08:56:06] Iteration: 458/1000, Temp: 0.0001, Energy: -53.150315+0.001554j
[2025-04-17 08:56:23] Iteration: 459/1000, Temp: 0.0001, Energy: -53.233628-0.004838j
[2025-04-17 08:56:40] Iteration: 460/1000, Temp: 0.0001, Energy: -53.152189+0.004687j
[2025-04-17 08:56:57] Iteration: 461/1000, Temp: 0.0000, Energy: -53.224198+0.008937j
[2025-04-17 08:57:14] Iteration: 462/1000, Temp: 0.0000, Energy: -53.145907-0.003979j
[2025-04-17 08:57:31] Iteration: 463/1000, Temp: 0.0000, Energy: -53.233641+0.000073j
[2025-04-17 08:57:49] Iteration: 464/1000, Temp: 0.0000, Energy: -53.283883+0.002226j
[2025-04-17 08:58:06] Iteration: 465/1000, Temp: 0.0000, Energy: -53.224880+0.002138j
[2025-04-17 08:58:23] Iteration: 466/1000, Temp: 0.0000, Energy: -53.229111+0.002661j
[2025-04-17 08:58:40] Iteration: 467/1000, Temp: 0.0000, Energy: -53.225587-0.000856j
[2025-04-17 08:58:57] Iteration: 468/1000, Temp: 0.0000, Energy: -53.267350+0.006390j
[2025-04-17 08:59:14] Iteration: 469/1000, Temp: 0.0000, Energy: -53.172238-0.000306j
[2025-04-17 08:59:31] Iteration: 470/1000, Temp: 0.0000, Energy: -53.312867-0.001957j
[2025-04-17 08:59:49] Iteration: 471/1000, Temp: 0.0000, Energy: -53.203908+0.000248j
[2025-04-17 09:00:06] Iteration: 472/1000, Temp: 0.0000, Energy: -53.184235+0.000872j
[2025-04-17 09:00:23] Iteration: 473/1000, Temp: 0.0000, Energy: -53.346481-0.006575j
[2025-04-17 09:00:40] Iteration: 474/1000, Temp: 0.0000, Energy: -53.315381+0.003813j
[2025-04-17 09:00:57] Iteration: 475/1000, Temp: 0.0000, Energy: -53.390767-0.000868j
[2025-04-17 09:01:14] Iteration: 476/1000, Temp: 0.0000, Energy: -53.318753+0.006490j
[2025-04-17 09:01:31] Iteration: 477/1000, Temp: 0.0000, Energy: -53.302818+0.003609j
[2025-04-17 09:01:49] Iteration: 478/1000, Temp: 0.0000, Energy: -53.291246+0.007000j
[2025-04-17 09:02:06] Iteration: 479/1000, Temp: 0.0000, Energy: -53.279818-0.000801j
[2025-04-17 09:02:23] Iteration: 480/1000, Temp: 0.0000, Energy: -53.177329+0.007144j
[2025-04-17 09:02:40] Iteration: 481/1000, Temp: 0.0000, Energy: -53.237640-0.002578j
[2025-04-17 09:02:57] Iteration: 482/1000, Temp: 0.0000, Energy: -53.334359-0.005115j
[2025-04-17 09:03:14] Iteration: 483/1000, Temp: 0.0000, Energy: -53.188605+0.001331j
[2025-04-17 09:03:31] Iteration: 484/1000, Temp: 0.0000, Energy: -53.316608-0.001875j
[2025-04-17 09:03:49] Iteration: 485/1000, Temp: 0.0000, Energy: -53.197135+0.001482j
[2025-04-17 09:04:06] Iteration: 486/1000, Temp: 0.0000, Energy: -53.321518+0.005870j
[2025-04-17 09:04:23] Iteration: 487/1000, Temp: 0.0000, Energy: -53.297458+0.006682j
[2025-04-17 09:04:40] Iteration: 488/1000, Temp: 0.0000, Energy: -53.403553+0.006998j
[2025-04-17 09:04:57] Iteration: 489/1000, Temp: 0.0000, Energy: -53.265896+0.001387j
[2025-04-17 09:05:14] Iteration: 490/1000, Temp: 0.0000, Energy: -53.337414+0.000860j
[2025-04-17 09:05:31] Iteration: 491/1000, Temp: 0.0000, Energy: -53.454242-0.002545j
[2025-04-17 09:05:49] Iteration: 492/1000, Temp: 0.0000, Energy: -53.441190-0.010559j
[2025-04-17 09:06:06] Iteration: 493/1000, Temp: 0.0000, Energy: -53.351037+0.002129j
[2025-04-17 09:06:23] Iteration: 494/1000, Temp: 0.0000, Energy: -53.267441+0.001310j
[2025-04-17 09:06:40] Iteration: 495/1000, Temp: 0.0000, Energy: -53.378933-0.000699j
[2025-04-17 09:06:57] Iteration: 496/1000, Temp: 0.0000, Energy: -53.276387-0.001294j
[2025-04-17 09:07:14] Iteration: 497/1000, Temp: 0.0000, Energy: -53.300668-0.004956j
[2025-04-17 09:07:31] Iteration: 498/1000, Temp: 0.0000, Energy: -53.365008+0.002617j
[2025-04-17 09:07:48] Iteration: 499/1000, Temp: 0.0000, Energy: -53.395524+0.002367j
[2025-04-17 09:08:05] Iteration: 500/1000, Temp: 0.0000, Energy: -53.533393+0.002769j
[2025-04-17 09:08:22] Iteration: 501/1000, Temp: 0.0000, Energy: -53.372918+0.005362j
[2025-04-17 09:08:40] Iteration: 502/1000, Temp: 0.0000, Energy: -53.234960+0.000164j
[2025-04-17 09:08:57] Iteration: 503/1000, Temp: 0.0000, Energy: -53.240791+0.001077j
[2025-04-17 09:09:14] Iteration: 504/1000, Temp: 0.0000, Energy: -53.209763-0.008272j
[2025-04-17 09:09:31] Iteration: 505/1000, Temp: 0.0000, Energy: -53.391175-0.004403j
[2025-04-17 09:09:48] Iteration: 506/1000, Temp: 0.0000, Energy: -53.231326-0.000652j
[2025-04-17 09:10:05] Iteration: 507/1000, Temp: 0.0000, Energy: -53.195633-0.005165j
[2025-04-17 09:10:22] Iteration: 508/1000, Temp: 0.0000, Energy: -53.211110+0.002427j
[2025-04-17 09:10:39] Iteration: 509/1000, Temp: 0.0000, Energy: -53.220660+0.005114j
[2025-04-17 09:10:57] Iteration: 510/1000, Temp: 0.0000, Energy: -53.335565+0.010071j
[2025-04-17 09:11:14] Iteration: 511/1000, Temp: 0.0000, Energy: -53.271903+0.003043j
[2025-04-17 09:11:31] Iteration: 512/1000, Temp: 0.0000, Energy: -53.346273+0.008936j
[2025-04-17 09:11:48] Iteration: 513/1000, Temp: 0.0000, Energy: -53.273697+0.003979j
[2025-04-17 09:12:05] Iteration: 514/1000, Temp: 0.0000, Energy: -53.194594-0.002642j
[2025-04-17 09:12:22] Iteration: 515/1000, Temp: 0.0000, Energy: -53.429832+0.001576j
[2025-04-17 09:12:39] Iteration: 516/1000, Temp: 0.0000, Energy: -53.368771+0.004196j
[2025-04-17 09:12:56] Iteration: 517/1000, Temp: 0.0000, Energy: -53.268771+0.012027j
[2025-04-17 09:13:14] Iteration: 518/1000, Temp: 0.0000, Energy: -53.259073+0.006220j
[2025-04-17 09:13:31] Iteration: 519/1000, Temp: 0.0000, Energy: -53.284553+0.008941j
[2025-04-17 09:13:48] Iteration: 520/1000, Temp: 0.0000, Energy: -53.268624-0.000667j
[2025-04-17 09:14:05] Iteration: 521/1000, Temp: 0.0000, Energy: -53.250320+0.003303j
[2025-04-17 09:14:22] Iteration: 522/1000, Temp: 0.0000, Energy: -53.382146-0.007315j
[2025-04-17 09:14:39] Iteration: 523/1000, Temp: 0.0000, Energy: -53.255734-0.000776j
[2025-04-17 09:14:56] Iteration: 524/1000, Temp: 0.0000, Energy: -53.210875-0.006541j
[2025-04-17 09:15:14] Iteration: 525/1000, Temp: 0.0000, Energy: -53.218491-0.002286j
[2025-04-17 09:15:31] Iteration: 526/1000, Temp: 0.0000, Energy: -53.370689-0.000755j
[2025-04-17 09:15:48] Iteration: 527/1000, Temp: 0.0000, Energy: -53.350425+0.001400j
[2025-04-17 09:16:05] Iteration: 528/1000, Temp: 0.0000, Energy: -53.246357+0.005828j
[2025-04-17 09:16:22] Iteration: 529/1000, Temp: 0.0000, Energy: -53.225182+0.005361j
[2025-04-17 09:16:39] Iteration: 530/1000, Temp: 0.0000, Energy: -53.307075-0.002035j
[2025-04-17 09:16:56] Iteration: 531/1000, Temp: 0.0000, Energy: -53.337008-0.000046j
[2025-04-17 09:17:13] Iteration: 532/1000, Temp: 0.0000, Energy: -53.250855-0.001865j
[2025-04-17 09:17:31] Iteration: 533/1000, Temp: 0.0000, Energy: -53.173924-0.006566j
[2025-04-17 09:17:48] Iteration: 534/1000, Temp: 0.0000, Energy: -53.296212+0.006303j
[2025-04-17 09:18:05] Iteration: 535/1000, Temp: 0.0000, Energy: -53.525427+0.000375j
[2025-04-17 09:18:22] Iteration: 536/1000, Temp: 0.0000, Energy: -53.299261+0.005560j
[2025-04-17 09:18:39] Iteration: 537/1000, Temp: 0.0000, Energy: -53.315255+0.007927j
[2025-04-17 09:18:56] Iteration: 538/1000, Temp: 0.0000, Energy: -53.297077-0.001985j
[2025-04-17 09:19:13] Iteration: 539/1000, Temp: 0.0000, Energy: -53.341502-0.005131j
[2025-04-17 09:19:31] Iteration: 540/1000, Temp: 0.0000, Energy: -53.445239-0.001043j
[2025-04-17 09:19:48] Iteration: 541/1000, Temp: 0.0000, Energy: -53.415365+0.004626j
[2025-04-17 09:20:05] Iteration: 542/1000, Temp: 0.0000, Energy: -53.315895+0.000491j
[2025-04-17 09:20:22] Iteration: 543/1000, Temp: 0.0000, Energy: -53.132554-0.000090j
[2025-04-17 09:20:39] Iteration: 544/1000, Temp: 0.0000, Energy: -53.297062+0.000872j
[2025-04-17 09:20:56] Iteration: 545/1000, Temp: 0.0000, Energy: -53.192303-0.004840j
[2025-04-17 09:21:13] Iteration: 546/1000, Temp: 0.0000, Energy: -53.236408-0.003060j
[2025-04-17 09:21:30] Iteration: 547/1000, Temp: 0.0000, Energy: -53.147219-0.004045j
[2025-04-17 09:21:48] Iteration: 548/1000, Temp: 0.0000, Energy: -53.197809-0.003583j
[2025-04-17 09:22:05] Iteration: 549/1000, Temp: 0.0000, Energy: -53.332342+0.004322j
[2025-04-17 09:22:22] Iteration: 550/1000, Temp: 0.0000, Energy: -53.279748-0.000800j
[2025-04-17 09:22:39] Iteration: 551/1000, Temp: 0.0000, Energy: -53.297549-0.005086j
[2025-04-17 09:22:56] Iteration: 552/1000, Temp: 0.0000, Energy: -53.249411-0.003161j
[2025-04-17 09:23:13] Iteration: 553/1000, Temp: 0.0000, Energy: -53.240583+0.005855j
[2025-04-17 09:23:30] Iteration: 554/1000, Temp: 0.0000, Energy: -53.307555-0.011873j
[2025-04-17 09:23:47] Iteration: 555/1000, Temp: 0.0000, Energy: -53.338145-0.007384j
[2025-04-17 09:24:05] Iteration: 556/1000, Temp: 0.0000, Energy: -53.438813-0.003888j
[2025-04-17 09:24:22] Iteration: 557/1000, Temp: 0.0000, Energy: -53.300502+0.002157j
[2025-04-17 09:24:39] Iteration: 558/1000, Temp: 0.0000, Energy: -53.236551-0.005845j
[2025-04-17 09:24:56] Iteration: 559/1000, Temp: 0.0000, Energy: -53.340619-0.005783j
[2025-04-17 09:25:13] Iteration: 560/1000, Temp: 0.0000, Energy: -53.231343+0.003605j
[2025-04-17 09:25:30] Iteration: 561/1000, Temp: 0.0000, Energy: -53.172298+0.002224j
[2025-04-17 09:25:47] Iteration: 562/1000, Temp: 0.0000, Energy: -53.391824-0.003100j
[2025-04-17 09:26:05] Iteration: 563/1000, Temp: 0.0000, Energy: -53.296031-0.001376j
[2025-04-17 09:26:22] Iteration: 564/1000, Temp: 0.0000, Energy: -53.399787-0.001816j
[2025-04-17 09:26:39] Iteration: 565/1000, Temp: 0.0000, Energy: -53.285749-0.000183j
[2025-04-17 09:26:56] Iteration: 566/1000, Temp: 0.0000, Energy: -53.366849+0.000518j
[2025-04-17 09:27:13] Iteration: 567/1000, Temp: 0.0000, Energy: -53.332456-0.005430j
[2025-04-17 09:27:30] Iteration: 568/1000, Temp: 0.0000, Energy: -53.195531-0.002486j
[2025-04-17 09:27:47] Iteration: 569/1000, Temp: 0.0000, Energy: -53.287398-0.002521j
[2025-04-17 09:28:04] Iteration: 570/1000, Temp: 0.0000, Energy: -53.332969-0.002446j
[2025-04-17 09:28:22] Iteration: 571/1000, Temp: 0.0000, Energy: -53.366705-0.004394j
[2025-04-17 09:28:39] Iteration: 572/1000, Temp: 0.0000, Energy: -53.473603-0.001369j
[2025-04-17 09:28:56] Iteration: 573/1000, Temp: 0.0000, Energy: -53.382361+0.002052j
[2025-04-17 09:29:13] Iteration: 574/1000, Temp: 0.0000, Energy: -53.297359-0.003633j
[2025-04-17 09:29:30] Iteration: 575/1000, Temp: 0.0000, Energy: -53.296046+0.005572j
[2025-04-17 09:29:47] Iteration: 576/1000, Temp: 0.0000, Energy: -53.226191-0.005535j
[2025-04-17 09:30:04] Iteration: 577/1000, Temp: 0.0000, Energy: -53.222667+0.004604j
[2025-04-17 09:30:21] Iteration: 578/1000, Temp: 0.0000, Energy: -53.235050+0.000627j
[2025-04-17 09:30:38] Iteration: 579/1000, Temp: 0.0000, Energy: -53.219955+0.011706j
[2025-04-17 09:30:55] Iteration: 580/1000, Temp: 0.0000, Energy: -53.348248+0.005422j
[2025-04-17 09:31:13] Iteration: 581/1000, Temp: 0.0000, Energy: -53.178349-0.002949j
[2025-04-17 09:31:30] Iteration: 582/1000, Temp: 0.0000, Energy: -53.225071-0.000818j
[2025-04-17 09:31:47] Iteration: 583/1000, Temp: 0.0000, Energy: -53.258249+0.000387j
[2025-04-17 09:32:04] Iteration: 584/1000, Temp: 0.0000, Energy: -53.274195-0.002424j
[2025-04-17 09:32:21] Iteration: 585/1000, Temp: 0.0000, Energy: -53.359037+0.004763j
[2025-04-17 09:32:38] Iteration: 586/1000, Temp: 0.0000, Energy: -53.274405+0.001549j
[2025-04-17 09:32:55] Iteration: 587/1000, Temp: 0.0000, Energy: -53.338292-0.007400j
[2025-04-17 09:33:13] Iteration: 588/1000, Temp: 0.0000, Energy: -53.322384-0.006748j
[2025-04-17 09:33:30] Iteration: 589/1000, Temp: 0.0000, Energy: -53.408891+0.006023j
[2025-04-17 09:33:47] Iteration: 590/1000, Temp: 0.0000, Energy: -53.248693-0.009778j
[2025-04-17 09:34:04] Iteration: 591/1000, Temp: 0.0000, Energy: -53.276396-0.001655j
[2025-04-17 09:34:21] Iteration: 592/1000, Temp: 0.0000, Energy: -53.176285+0.001668j
[2025-04-17 09:34:38] Iteration: 593/1000, Temp: 0.0000, Energy: -53.202949+0.006308j
[2025-04-17 09:34:55] Iteration: 594/1000, Temp: 0.0000, Energy: -53.267445-0.006388j
[2025-04-17 09:35:12] Iteration: 595/1000, Temp: 0.0000, Energy: -53.179783+0.006140j
[2025-04-17 09:35:30] Iteration: 596/1000, Temp: 0.0000, Energy: -53.318979+0.000893j
[2025-04-17 09:35:47] Iteration: 597/1000, Temp: 0.0000, Energy: -53.345864+0.000728j
[2025-04-17 09:36:04] Iteration: 598/1000, Temp: 0.0000, Energy: -53.291556-0.002645j
[2025-04-17 09:36:21] Iteration: 599/1000, Temp: 0.0000, Energy: -53.410748-0.000860j
[2025-04-17 09:36:38] Iteration: 600/1000, Temp: 0.0000, Energy: -53.307390-0.002378j
[2025-04-17 09:36:55] Iteration: 601/1000, Temp: 0.0000, Energy: -53.304573-0.005583j
[2025-04-17 09:37:12] Iteration: 602/1000, Temp: 0.0000, Energy: -53.343209+0.000427j
[2025-04-17 09:37:29] Iteration: 603/1000, Temp: 0.0000, Energy: -53.291192-0.003779j
[2025-04-17 09:37:47] Iteration: 604/1000, Temp: 0.0000, Energy: -53.305357+0.004379j
[2025-04-17 09:38:04] Iteration: 605/1000, Temp: 0.0000, Energy: -53.358093-0.003036j
[2025-04-17 09:38:21] Iteration: 606/1000, Temp: 0.0000, Energy: -53.429503-0.004135j
[2025-04-17 09:38:38] Iteration: 607/1000, Temp: 0.0000, Energy: -53.322496+0.001397j
[2025-04-17 09:38:55] Iteration: 608/1000, Temp: 0.0000, Energy: -53.318969-0.009039j
[2025-04-17 09:39:12] Iteration: 609/1000, Temp: 0.0000, Energy: -53.359292-0.003497j
[2025-04-17 09:39:29] Iteration: 610/1000, Temp: 0.0000, Energy: -53.248047-0.003955j
[2025-04-17 09:39:47] Iteration: 611/1000, Temp: 0.0000, Energy: -53.385958+0.009904j
[2025-04-17 09:40:04] Iteration: 612/1000, Temp: 0.0000, Energy: -53.335191-0.009025j
[2025-04-17 09:40:21] Iteration: 613/1000, Temp: 0.0000, Energy: -53.251061+0.001426j
[2025-04-17 09:40:38] Iteration: 614/1000, Temp: 0.0000, Energy: -53.294120-0.002303j
[2025-04-17 09:40:55] Iteration: 615/1000, Temp: 0.0000, Energy: -53.365818-0.006073j
[2025-04-17 09:41:12] Iteration: 616/1000, Temp: 0.0000, Energy: -53.323449+0.003605j
[2025-04-17 09:41:29] Iteration: 617/1000, Temp: 0.0000, Energy: -53.266836-0.001040j
[2025-04-17 09:41:46] Iteration: 618/1000, Temp: 0.0000, Energy: -53.203905+0.002573j
[2025-04-17 09:42:04] Iteration: 619/1000, Temp: 0.0000, Energy: -53.135584+0.000302j
[2025-04-17 09:42:21] Iteration: 620/1000, Temp: 0.0000, Energy: -53.281856+0.012949j
[2025-04-17 09:42:38] Iteration: 621/1000, Temp: 0.0000, Energy: -53.176407-0.009629j
[2025-04-17 09:42:55] Iteration: 622/1000, Temp: 0.0000, Energy: -53.385195+0.000890j
[2025-04-17 09:43:12] Iteration: 623/1000, Temp: 0.0000, Energy: -53.360006+0.001307j
[2025-04-17 09:43:29] Iteration: 624/1000, Temp: 0.0000, Energy: -53.391205+0.004349j
[2025-04-17 09:43:46] Iteration: 625/1000, Temp: 0.0000, Energy: -53.319065+0.001990j
[2025-04-17 09:44:04] Iteration: 626/1000, Temp: 0.0000, Energy: -53.401262+0.000141j
[2025-04-17 09:44:21] Iteration: 627/1000, Temp: 0.0000, Energy: -53.482456-0.001918j
[2025-04-17 09:44:38] Iteration: 628/1000, Temp: 0.0000, Energy: -53.336636-0.007021j
[2025-04-17 09:44:55] Iteration: 629/1000, Temp: 0.0000, Energy: -53.178339-0.003732j
[2025-04-17 09:45:12] Iteration: 630/1000, Temp: 0.0000, Energy: -53.260534+0.002080j
[2025-04-17 09:45:29] Iteration: 631/1000, Temp: 0.0000, Energy: -53.227745+0.006823j
[2025-04-17 09:45:46] Iteration: 632/1000, Temp: 0.0000, Energy: -53.231565+0.008105j
[2025-04-17 09:46:04] Iteration: 633/1000, Temp: 0.0000, Energy: -53.346116+0.000308j
[2025-04-17 09:46:21] Iteration: 634/1000, Temp: 0.0000, Energy: -53.151129+0.002760j
[2025-04-17 09:46:38] Iteration: 635/1000, Temp: 0.0000, Energy: -53.217284-0.004433j
[2025-04-17 09:46:55] Iteration: 636/1000, Temp: 0.0000, Energy: -53.266021-0.003027j
[2025-04-17 09:47:12] Iteration: 637/1000, Temp: 0.0000, Energy: -53.168633-0.006266j
[2025-04-17 09:47:29] Iteration: 638/1000, Temp: 0.0000, Energy: -53.281578-0.001123j
[2025-04-17 09:47:46] Iteration: 639/1000, Temp: 0.0000, Energy: -53.289369+0.005421j
[2025-04-17 09:48:04] Iteration: 640/1000, Temp: 0.0000, Energy: -53.237490+0.003813j
[2025-04-17 09:48:21] Iteration: 641/1000, Temp: 0.0000, Energy: -53.281754-0.000116j
[2025-04-17 09:48:38] Iteration: 642/1000, Temp: 0.0000, Energy: -53.244027+0.004197j
[2025-04-17 09:48:55] Iteration: 643/1000, Temp: 0.0000, Energy: -53.198122+0.004731j
[2025-04-17 09:49:12] Iteration: 644/1000, Temp: 0.0000, Energy: -53.151253-0.001627j
[2025-04-17 09:49:29] Iteration: 645/1000, Temp: 0.0000, Energy: -53.240716+0.003468j
[2025-04-17 09:49:46] Iteration: 646/1000, Temp: 0.0000, Energy: -53.263023+0.000653j
[2025-04-17 09:50:04] Iteration: 647/1000, Temp: 0.0000, Energy: -53.317560+0.002238j
[2025-04-17 09:50:21] Iteration: 648/1000, Temp: 0.0000, Energy: -53.202985+0.002640j
[2025-04-17 09:50:38] Iteration: 649/1000, Temp: 0.0000, Energy: -53.168544+0.005788j
[2025-04-17 09:50:55] Iteration: 650/1000, Temp: 0.0000, Energy: -53.149944+0.001809j
[2025-04-17 09:51:12] Iteration: 651/1000, Temp: 0.0000, Energy: -53.232328+0.001593j
[2025-04-17 09:51:29] Iteration: 652/1000, Temp: 0.0000, Energy: -53.259279-0.005235j
[2025-04-17 09:51:46] Iteration: 653/1000, Temp: 0.0000, Energy: -53.187159-0.000546j
[2025-04-17 09:52:03] Iteration: 654/1000, Temp: 0.0000, Energy: -53.281568+0.004386j
[2025-04-17 09:52:20] Iteration: 655/1000, Temp: 0.0000, Energy: -53.293458-0.003596j
[2025-04-17 09:52:38] Iteration: 656/1000, Temp: 0.0000, Energy: -53.264470+0.002808j
[2025-04-17 09:52:55] Iteration: 657/1000, Temp: 0.0000, Energy: -53.215625+0.002265j
[2025-04-17 09:53:12] Iteration: 658/1000, Temp: 0.0000, Energy: -53.330137+0.000405j
[2025-04-17 09:53:29] Iteration: 659/1000, Temp: 0.0000, Energy: -53.379608+0.003082j
[2025-04-17 09:53:46] Iteration: 660/1000, Temp: 0.0000, Energy: -53.390929+0.001660j
[2025-04-17 09:54:03] Iteration: 661/1000, Temp: 0.0000, Energy: -53.477528+0.001094j
[2025-04-17 09:54:20] Iteration: 662/1000, Temp: 0.0000, Energy: -53.434398-0.003638j
[2025-04-17 09:54:37] Iteration: 663/1000, Temp: 0.0000, Energy: -53.413689-0.002550j
[2025-04-17 09:54:54] Iteration: 664/1000, Temp: 0.0000, Energy: -53.343957+0.005117j
[2025-04-17 09:55:12] Iteration: 665/1000, Temp: 0.0000, Energy: -53.389686+0.002384j
[2025-04-17 09:55:29] Iteration: 666/1000, Temp: 0.0000, Energy: -53.222084-0.002405j
[2025-04-17 09:55:46] Iteration: 667/1000, Temp: 0.0000, Energy: -53.290486-0.006363j
[2025-04-17 09:56:03] Iteration: 668/1000, Temp: 0.0000, Energy: -53.331017-0.003153j
[2025-04-17 09:56:20] Iteration: 669/1000, Temp: 0.0000, Energy: -53.391867-0.002578j
[2025-04-17 09:56:37] Iteration: 670/1000, Temp: 0.0000, Energy: -53.261159+0.004348j
[2025-04-17 09:56:54] Iteration: 671/1000, Temp: 0.0000, Energy: -53.349884+0.007610j
[2025-04-17 09:57:11] Iteration: 672/1000, Temp: 0.0000, Energy: -53.331339-0.000595j
[2025-04-17 09:57:29] Iteration: 673/1000, Temp: 0.0000, Energy: -53.374475-0.005878j
[2025-04-17 09:57:46] Iteration: 674/1000, Temp: 0.0000, Energy: -53.271553-0.004383j
[2025-04-17 09:58:03] Iteration: 675/1000, Temp: 0.0000, Energy: -53.177244-0.002743j
[2025-04-17 09:58:20] Iteration: 676/1000, Temp: 0.0000, Energy: -53.235548-0.006392j
[2025-04-17 09:58:37] Iteration: 677/1000, Temp: 0.0000, Energy: -53.316700-0.004071j
[2025-04-17 09:58:54] Iteration: 678/1000, Temp: 0.0000, Energy: -53.317077-0.000012j
[2025-04-17 09:59:11] Iteration: 679/1000, Temp: 0.0000, Energy: -53.377199+0.002645j
[2025-04-17 09:59:29] Iteration: 680/1000, Temp: 0.0000, Energy: -53.346550-0.001522j
[2025-04-17 09:59:46] Iteration: 681/1000, Temp: 0.0000, Energy: -53.286132+0.000999j
[2025-04-17 10:00:03] Iteration: 682/1000, Temp: 0.0000, Energy: -53.368708-0.001397j
[2025-04-17 10:00:20] Iteration: 683/1000, Temp: 0.0000, Energy: -53.193604-0.000839j
[2025-04-17 10:00:37] Iteration: 684/1000, Temp: 0.0000, Energy: -53.171573-0.005123j
[2025-04-17 10:00:54] Iteration: 685/1000, Temp: 0.0000, Energy: -53.309543-0.005101j
[2025-04-17 10:01:11] Iteration: 686/1000, Temp: 0.0000, Energy: -53.271286+0.001902j
[2025-04-17 10:01:29] Iteration: 687/1000, Temp: 0.0000, Energy: -53.327721+0.002452j
[2025-04-17 10:01:46] Iteration: 688/1000, Temp: 0.0000, Energy: -53.414729+0.001628j
[2025-04-17 10:02:03] Iteration: 689/1000, Temp: 0.0000, Energy: -53.301038+0.000931j
[2025-04-17 10:02:20] Iteration: 690/1000, Temp: 0.0000, Energy: -53.290130-0.000566j
[2025-04-17 10:02:37] Iteration: 691/1000, Temp: 0.0000, Energy: -53.365205-0.007336j
[2025-04-17 10:02:54] Iteration: 692/1000, Temp: 0.0000, Energy: -53.258202-0.000617j
[2025-04-17 10:03:11] Iteration: 693/1000, Temp: 0.0000, Energy: -53.286317-0.002562j
[2025-04-17 10:03:29] Iteration: 694/1000, Temp: 0.0000, Energy: -53.360549-0.003138j
[2025-04-17 10:03:46] Iteration: 695/1000, Temp: 0.0000, Energy: -53.254043+0.006565j
[2025-04-17 10:04:03] Iteration: 696/1000, Temp: 0.0000, Energy: -53.337831+0.000472j
[2025-04-17 10:04:20] Iteration: 697/1000, Temp: 0.0000, Energy: -53.377941-0.000208j
[2025-04-17 10:04:37] Iteration: 698/1000, Temp: 0.0000, Energy: -53.369436-0.005800j
[2025-04-17 10:04:54] Iteration: 699/1000, Temp: 0.0000, Energy: -53.220444+0.001286j
[2025-04-17 10:05:11] Iteration: 700/1000, Temp: 0.0000, Energy: -53.157962+0.000483j
[2025-04-17 10:05:29] Iteration: 701/1000, Temp: 0.0000, Energy: -53.243894-0.000437j
[2025-04-17 10:05:46] Iteration: 702/1000, Temp: 0.0000, Energy: -53.166720-0.001918j
[2025-04-17 10:06:03] Iteration: 703/1000, Temp: 0.0000, Energy: -53.307962+0.000927j
[2025-04-17 10:06:20] Iteration: 704/1000, Temp: 0.0000, Energy: -53.304820-0.001029j
[2025-04-17 10:06:37] Iteration: 705/1000, Temp: 0.0000, Energy: -53.192403+0.000257j
[2025-04-17 10:06:54] Iteration: 706/1000, Temp: 0.0000, Energy: -53.338566-0.000780j
[2025-04-17 10:07:11] Iteration: 707/1000, Temp: 0.0000, Energy: -53.302250-0.001975j
[2025-04-17 10:07:29] Iteration: 708/1000, Temp: 0.0000, Energy: -53.347409+0.005593j
[2025-04-17 10:07:46] Iteration: 709/1000, Temp: 0.0000, Energy: -53.362150+0.002801j
[2025-04-17 10:08:03] Iteration: 710/1000, Temp: 0.0000, Energy: -53.580489-0.000790j
[2025-04-17 10:08:20] Iteration: 711/1000, Temp: 0.0000, Energy: -53.430758-0.003339j
[2025-04-17 10:08:37] Iteration: 712/1000, Temp: 0.0000, Energy: -53.325954-0.000068j
[2025-04-17 10:08:54] Iteration: 713/1000, Temp: 0.0000, Energy: -53.483108-0.002371j
[2025-04-17 10:09:11] Iteration: 714/1000, Temp: 0.0000, Energy: -53.433440-0.000537j
[2025-04-17 10:09:29] Iteration: 715/1000, Temp: 0.0000, Energy: -53.371940+0.002364j
[2025-04-17 10:09:46] Iteration: 716/1000, Temp: 0.0000, Energy: -53.250630+0.003000j
[2025-04-17 10:10:03] Iteration: 717/1000, Temp: 0.0000, Energy: -53.178436+0.000713j
[2025-04-17 10:10:20] Iteration: 718/1000, Temp: 0.0000, Energy: -53.226610+0.002329j
[2025-04-17 10:10:37] Iteration: 719/1000, Temp: 0.0000, Energy: -53.212812+0.005226j
[2025-04-17 10:10:54] Iteration: 720/1000, Temp: 0.0000, Energy: -53.320684+0.002409j
[2025-04-17 10:11:11] Iteration: 721/1000, Temp: 0.0000, Energy: -53.271027+0.004349j
[2025-04-17 10:11:29] Iteration: 722/1000, Temp: 0.0000, Energy: -53.263997+0.003571j
[2025-04-17 10:11:46] Iteration: 723/1000, Temp: 0.0000, Energy: -53.368515+0.000762j
[2025-04-17 10:12:03] Iteration: 724/1000, Temp: 0.0000, Energy: -53.407635-0.004704j
[2025-04-17 10:12:20] Iteration: 725/1000, Temp: 0.0000, Energy: -53.311092-0.001520j
[2025-04-17 10:12:37] Iteration: 726/1000, Temp: 0.0000, Energy: -53.408160+0.008207j
[2025-04-17 10:12:54] Iteration: 727/1000, Temp: 0.0000, Energy: -53.293327+0.003074j
[2025-04-17 10:13:11] Iteration: 728/1000, Temp: 0.0000, Energy: -53.306756+0.000590j
[2025-04-17 10:13:29] Iteration: 729/1000, Temp: 0.0000, Energy: -53.198104+0.006380j
[2025-04-17 10:13:46] Iteration: 730/1000, Temp: 0.0000, Energy: -53.181453+0.002022j
[2025-04-17 10:14:03] Iteration: 731/1000, Temp: 0.0000, Energy: -53.173230+0.008399j
[2025-04-17 10:14:20] Iteration: 732/1000, Temp: 0.0000, Energy: -53.338836+0.001459j
[2025-04-17 10:14:37] Iteration: 733/1000, Temp: 0.0000, Energy: -53.355017-0.000776j
[2025-04-17 10:14:54] Iteration: 734/1000, Temp: 0.0000, Energy: -53.302265+0.001449j
[2025-04-17 10:15:11] Iteration: 735/1000, Temp: 0.0000, Energy: -53.361490+0.000001j
[2025-04-17 10:15:29] Iteration: 736/1000, Temp: 0.0000, Energy: -53.242408+0.000286j
[2025-04-17 10:15:46] Iteration: 737/1000, Temp: 0.0000, Energy: -53.296312-0.006693j
[2025-04-17 10:16:03] Iteration: 738/1000, Temp: 0.0000, Energy: -53.283549-0.000868j
[2025-04-17 10:16:20] Iteration: 739/1000, Temp: 0.0000, Energy: -53.167183+0.005544j
[2025-04-17 10:16:37] Iteration: 740/1000, Temp: 0.0000, Energy: -53.174104-0.001452j
[2025-04-17 10:16:54] Iteration: 741/1000, Temp: 0.0000, Energy: -53.110608-0.001353j
[2025-04-17 10:17:11] Iteration: 742/1000, Temp: 0.0000, Energy: -53.349903+0.002650j
[2025-04-17 10:17:28] Iteration: 743/1000, Temp: 0.0000, Energy: -53.320758+0.000150j
[2025-04-17 10:17:45] Iteration: 744/1000, Temp: 0.0000, Energy: -53.183967+0.006202j
[2025-04-17 10:18:03] Iteration: 745/1000, Temp: 0.0000, Energy: -53.268948-0.004990j
[2025-04-17 10:18:20] Iteration: 746/1000, Temp: 0.0000, Energy: -53.299537-0.003508j
[2025-04-17 10:18:37] Iteration: 747/1000, Temp: 0.0000, Energy: -53.349707+0.001956j
[2025-04-17 10:18:54] Iteration: 748/1000, Temp: 0.0000, Energy: -53.238607-0.002563j
[2025-04-17 10:19:11] Iteration: 749/1000, Temp: 0.0000, Energy: -53.224770-0.006832j
[2025-04-17 10:19:28] Iteration: 750/1000, Temp: 0.0000, Energy: -53.336177+0.000118j
[2025-04-17 10:19:45] Iteration: 751/1000, Temp: 0.0000, Energy: -53.387232-0.005939j
[2025-04-17 10:20:02] Iteration: 752/1000, Temp: 0.0000, Energy: -53.276613-0.005801j
[2025-04-17 10:20:19] Iteration: 753/1000, Temp: 0.0000, Energy: -53.321476+0.000373j
[2025-04-17 10:20:37] Iteration: 754/1000, Temp: 0.0000, Energy: -53.259953+0.002687j
[2025-04-17 10:20:54] Iteration: 755/1000, Temp: 0.0000, Energy: -53.209025-0.002496j
[2025-04-17 10:21:11] Iteration: 756/1000, Temp: 0.0000, Energy: -53.220547+0.000991j
[2025-04-17 10:21:28] Iteration: 757/1000, Temp: 0.0000, Energy: -53.197368+0.005405j
[2025-04-17 10:21:45] Iteration: 758/1000, Temp: 0.0000, Energy: -53.115502-0.000545j
[2025-04-17 10:22:02] Iteration: 759/1000, Temp: 0.0000, Energy: -53.182176+0.003337j
[2025-04-17 10:22:19] Iteration: 760/1000, Temp: 0.0000, Energy: -53.290393-0.003055j
[2025-04-17 10:22:36] Iteration: 761/1000, Temp: 0.0000, Energy: -53.271099+0.002591j
[2025-04-17 10:22:54] Iteration: 762/1000, Temp: 0.0000, Energy: -53.245478+0.005194j
[2025-04-17 10:23:11] Iteration: 763/1000, Temp: 0.0000, Energy: -53.272227-0.002236j
[2025-04-17 10:23:28] Iteration: 764/1000, Temp: 0.0000, Energy: -53.174769+0.004361j
[2025-04-17 10:23:45] Iteration: 765/1000, Temp: 0.0000, Energy: -53.236621-0.003704j
[2025-04-17 10:24:02] Iteration: 766/1000, Temp: 0.0000, Energy: -53.245570+0.005258j
[2025-04-17 10:24:19] Iteration: 767/1000, Temp: 0.0000, Energy: -53.244579-0.003609j
[2025-04-17 10:24:36] Iteration: 768/1000, Temp: 0.0000, Energy: -53.215892+0.002295j
[2025-04-17 10:24:54] Iteration: 769/1000, Temp: 0.0000, Energy: -53.309059+0.000871j
[2025-04-17 10:25:11] Iteration: 770/1000, Temp: 0.0000, Energy: -53.258658-0.000049j
[2025-04-17 10:25:28] Iteration: 771/1000, Temp: 0.0000, Energy: -53.173157-0.004497j
[2025-04-17 10:25:45] Iteration: 772/1000, Temp: 0.0000, Energy: -53.158229+0.005123j
[2025-04-17 10:26:02] Iteration: 773/1000, Temp: 0.0000, Energy: -53.103785+0.006557j
[2025-04-17 10:26:19] Iteration: 774/1000, Temp: 0.0000, Energy: -53.045422-0.015189j
[2025-04-17 10:26:36] Iteration: 775/1000, Temp: 0.0000, Energy: -53.265040-0.007620j
[2025-04-17 10:26:54] Iteration: 776/1000, Temp: 0.0000, Energy: -53.347357-0.001605j
[2025-04-17 10:27:11] Iteration: 777/1000, Temp: 0.0000, Energy: -53.301719-0.008698j
[2025-04-17 10:27:28] Iteration: 778/1000, Temp: 0.0000, Energy: -53.204225-0.002988j
[2025-04-17 10:27:45] Iteration: 779/1000, Temp: 0.0000, Energy: -53.269126+0.002771j
[2025-04-17 10:28:02] Iteration: 780/1000, Temp: 0.0000, Energy: -53.380300+0.001047j
[2025-04-17 10:28:19] Iteration: 781/1000, Temp: 0.0000, Energy: -53.367069-0.002540j
[2025-04-17 10:28:36] Iteration: 782/1000, Temp: 0.0000, Energy: -53.290916+0.004130j
[2025-04-17 10:28:54] Iteration: 783/1000, Temp: 0.0000, Energy: -53.218456+0.005764j
[2025-04-17 10:29:11] Iteration: 784/1000, Temp: 0.0000, Energy: -53.145127+0.011902j
[2025-04-17 10:29:28] Iteration: 785/1000, Temp: 0.0000, Energy: -53.466924-0.001699j
[2025-04-17 10:29:45] Iteration: 786/1000, Temp: 0.0000, Energy: -53.425581+0.001582j
[2025-04-17 10:30:02] Iteration: 787/1000, Temp: 0.0000, Energy: -53.198400-0.000688j
[2025-04-17 10:30:19] Iteration: 788/1000, Temp: 0.0000, Energy: -53.351751+0.003832j
[2025-04-17 10:30:36] Iteration: 789/1000, Temp: 0.0000, Energy: -53.444773+0.004018j
[2025-04-17 10:30:54] Iteration: 790/1000, Temp: 0.0000, Energy: -53.299637+0.006653j
[2025-04-17 10:31:11] Iteration: 791/1000, Temp: 0.0000, Energy: -53.283891+0.001927j
[2025-04-17 10:31:28] Iteration: 792/1000, Temp: 0.0000, Energy: -53.260196+0.000597j
[2025-04-17 10:31:45] Iteration: 793/1000, Temp: 0.0000, Energy: -53.300195-0.002693j
[2025-04-17 10:32:02] Iteration: 794/1000, Temp: 0.0000, Energy: -53.208722+0.004183j
[2025-04-17 10:32:19] Iteration: 795/1000, Temp: 0.0000, Energy: -53.260702-0.005281j
[2025-04-17 10:32:36] Iteration: 796/1000, Temp: 0.0000, Energy: -53.287346+0.002325j
[2025-04-17 10:32:54] Iteration: 797/1000, Temp: 0.0000, Energy: -53.112235-0.003833j
[2025-04-17 10:33:11] Iteration: 798/1000, Temp: 0.0000, Energy: -53.297203-0.005115j
[2025-04-17 10:33:28] Iteration: 799/1000, Temp: 0.0000, Energy: -53.382156-0.008555j
[2025-04-17 10:33:45] Iteration: 800/1000, Temp: 0.0000, Energy: -53.414048-0.004986j
[2025-04-17 10:34:02] Iteration: 801/1000, Temp: 0.0000, Energy: -53.276988-0.001460j
[2025-04-17 10:34:19] Iteration: 802/1000, Temp: 0.0000, Energy: -53.255914+0.001787j
[2025-04-17 10:34:36] Iteration: 803/1000, Temp: 0.0000, Energy: -53.198312-0.001917j
[2025-04-17 10:34:54] Iteration: 804/1000, Temp: 0.0000, Energy: -53.303000-0.004488j
[2025-04-17 10:35:11] Iteration: 805/1000, Temp: 0.0000, Energy: -53.353799+0.003670j
[2025-04-17 10:35:28] Iteration: 806/1000, Temp: 0.0000, Energy: -53.199287-0.000850j
[2025-04-17 10:35:45] Iteration: 807/1000, Temp: 0.0000, Energy: -53.428903+0.002357j
[2025-04-17 10:36:02] Iteration: 808/1000, Temp: 0.0000, Energy: -53.271799+0.006025j
[2025-04-17 10:36:19] Iteration: 809/1000, Temp: 0.0000, Energy: -53.437938+0.000851j
[2025-04-17 10:36:36] Iteration: 810/1000, Temp: 0.0000, Energy: -53.286442-0.001063j
[2025-04-17 10:36:54] Iteration: 811/1000, Temp: 0.0000, Energy: -53.305264-0.004498j
[2025-04-17 10:37:11] Iteration: 812/1000, Temp: 0.0000, Energy: -53.325310-0.003810j
[2025-04-17 10:37:28] Iteration: 813/1000, Temp: 0.0000, Energy: -53.211538-0.002627j
[2025-04-17 10:37:45] Iteration: 814/1000, Temp: 0.0000, Energy: -53.143676+0.002526j
[2025-04-17 10:38:02] Iteration: 815/1000, Temp: 0.0000, Energy: -53.046595-0.002396j
[2025-04-17 10:38:19] Iteration: 816/1000, Temp: 0.0000, Energy: -53.253753+0.004286j
[2025-04-17 10:38:36] Iteration: 817/1000, Temp: 0.0000, Energy: -53.212795+0.001177j
[2025-04-17 10:38:54] Iteration: 818/1000, Temp: 0.0000, Energy: -53.224169+0.000393j
[2025-04-17 10:39:11] Iteration: 819/1000, Temp: 0.0000, Energy: -53.238072-0.000713j
[2025-04-17 10:39:28] Iteration: 820/1000, Temp: 0.0000, Energy: -53.278420-0.007152j
[2025-04-17 10:39:45] Iteration: 821/1000, Temp: 0.0000, Energy: -53.264014-0.001721j
[2025-04-17 10:40:02] Iteration: 822/1000, Temp: 0.0000, Energy: -53.203101-0.002384j
[2025-04-17 10:40:19] Iteration: 823/1000, Temp: 0.0000, Energy: -53.277851+0.000223j
[2025-04-17 10:40:36] Iteration: 824/1000, Temp: 0.0000, Energy: -53.335206-0.001773j
[2025-04-17 10:40:53] Iteration: 825/1000, Temp: 0.0000, Energy: -53.277220-0.006101j
[2025-04-17 10:41:11] Iteration: 826/1000, Temp: 0.0000, Energy: -53.367860-0.007126j
[2025-04-17 10:41:28] Iteration: 827/1000, Temp: 0.0000, Energy: -53.334298+0.001747j
[2025-04-17 10:41:45] Iteration: 828/1000, Temp: 0.0000, Energy: -53.242981+0.004657j
[2025-04-17 10:42:02] Iteration: 829/1000, Temp: 0.0000, Energy: -53.289638-0.003179j
[2025-04-17 10:42:19] Iteration: 830/1000, Temp: 0.0000, Energy: -53.266176-0.003951j
[2025-04-17 10:42:36] Iteration: 831/1000, Temp: 0.0000, Energy: -53.234852-0.002787j
[2025-04-17 10:42:53] Iteration: 832/1000, Temp: 0.0000, Energy: -53.315113-0.003830j
[2025-04-17 10:43:10] Iteration: 833/1000, Temp: 0.0000, Energy: -53.172927+0.004473j
[2025-04-17 10:43:27] Iteration: 834/1000, Temp: 0.0000, Energy: -53.400178-0.000062j
[2025-04-17 10:43:44] Iteration: 835/1000, Temp: 0.0000, Energy: -53.428231+0.005571j
[2025-04-17 10:44:01] Iteration: 836/1000, Temp: 0.0000, Energy: -53.316089-0.002471j
[2025-04-17 10:44:19] Iteration: 837/1000, Temp: 0.0000, Energy: -53.228697+0.000042j
[2025-04-17 10:44:36] Iteration: 838/1000, Temp: 0.0000, Energy: -53.221984+0.001271j
[2025-04-17 10:44:53] Iteration: 839/1000, Temp: 0.0000, Energy: -53.343987+0.008818j
[2025-04-17 10:45:10] Iteration: 840/1000, Temp: 0.0000, Energy: -53.332017-0.000840j
[2025-04-17 10:45:27] Iteration: 841/1000, Temp: 0.0000, Energy: -53.292158+0.004589j
[2025-04-17 10:45:44] Iteration: 842/1000, Temp: 0.0000, Energy: -53.299441-0.004986j
[2025-04-17 10:46:01] Iteration: 843/1000, Temp: 0.0000, Energy: -53.239416+0.000799j
[2025-04-17 10:46:19] Iteration: 844/1000, Temp: 0.0000, Energy: -53.356381-0.004340j
[2025-04-17 10:46:36] Iteration: 845/1000, Temp: 0.0000, Energy: -53.248041-0.005533j
[2025-04-17 10:46:53] Iteration: 846/1000, Temp: 0.0000, Energy: -53.317417-0.000031j
[2025-04-17 10:47:10] Iteration: 847/1000, Temp: 0.0000, Energy: -53.250173+0.002657j
[2025-04-17 10:47:27] Iteration: 848/1000, Temp: 0.0000, Energy: -53.305318-0.001347j
[2025-04-17 10:47:44] Iteration: 849/1000, Temp: 0.0000, Energy: -53.242879-0.004276j
[2025-04-17 10:48:01] Iteration: 850/1000, Temp: 0.0000, Energy: -53.270855-0.008246j
[2025-04-17 10:48:19] Iteration: 851/1000, Temp: 0.0000, Energy: -53.373844-0.001414j
[2025-04-17 10:48:36] Iteration: 852/1000, Temp: 0.0000, Energy: -53.379393-0.001788j
[2025-04-17 10:48:53] Iteration: 853/1000, Temp: 0.0000, Energy: -53.289165+0.002098j
[2025-04-17 10:49:10] Iteration: 854/1000, Temp: 0.0000, Energy: -53.206421+0.001114j
[2025-04-17 10:49:27] Iteration: 855/1000, Temp: 0.0000, Energy: -53.097319+0.001762j
[2025-04-17 10:49:44] Iteration: 856/1000, Temp: 0.0000, Energy: -53.209714-0.001841j
[2025-04-17 10:50:01] Iteration: 857/1000, Temp: 0.0000, Energy: -53.274392-0.004827j
[2025-04-17 10:50:19] Iteration: 858/1000, Temp: 0.0000, Energy: -53.259079-0.000849j
[2025-04-17 10:50:36] Iteration: 859/1000, Temp: 0.0000, Energy: -53.265925-0.000200j
[2025-04-17 10:50:53] Iteration: 860/1000, Temp: 0.0000, Energy: -53.285798-0.002116j
[2025-04-17 10:51:10] Iteration: 861/1000, Temp: 0.0000, Energy: -53.250764-0.000853j
[2025-04-17 10:51:27] Iteration: 862/1000, Temp: 0.0000, Energy: -53.423702+0.006175j
[2025-04-17 10:51:44] Iteration: 863/1000, Temp: 0.0000, Energy: -53.224212-0.001770j
[2025-04-17 10:52:01] Iteration: 864/1000, Temp: 0.0000, Energy: -53.300400-0.003542j
[2025-04-17 10:52:19] Iteration: 865/1000, Temp: 0.0000, Energy: -53.281964+0.002425j
[2025-04-17 10:52:36] Iteration: 866/1000, Temp: 0.0000, Energy: -53.287054+0.003821j
[2025-04-17 10:52:53] Iteration: 867/1000, Temp: 0.0000, Energy: -53.321902+0.003709j
[2025-04-17 10:53:10] Iteration: 868/1000, Temp: 0.0000, Energy: -53.196145+0.003517j
[2025-04-17 10:53:27] Iteration: 869/1000, Temp: 0.0000, Energy: -53.240036+0.004938j
[2025-04-17 10:53:44] Iteration: 870/1000, Temp: 0.0000, Energy: -53.388042-0.000346j
[2025-04-17 10:54:01] Iteration: 871/1000, Temp: 0.0000, Energy: -53.408392-0.000299j
[2025-04-17 10:54:19] Iteration: 872/1000, Temp: 0.0000, Energy: -53.475323+0.011512j
[2025-04-17 10:54:36] Iteration: 873/1000, Temp: 0.0000, Energy: -53.340982+0.003531j
[2025-04-17 10:54:53] Iteration: 874/1000, Temp: 0.0000, Energy: -53.252167+0.004496j
[2025-04-17 10:55:10] Iteration: 875/1000, Temp: 0.0000, Energy: -53.284501-0.000119j
[2025-04-17 10:55:27] Iteration: 876/1000, Temp: 0.0000, Energy: -53.156421+0.000317j
[2025-04-17 10:55:44] Iteration: 877/1000, Temp: 0.0000, Energy: -53.346392+0.002802j
[2025-04-17 10:56:01] Iteration: 878/1000, Temp: 0.0000, Energy: -53.387380+0.002756j
[2025-04-17 10:56:18] Iteration: 879/1000, Temp: 0.0000, Energy: -53.235364+0.002514j
[2025-04-17 10:56:36] Iteration: 880/1000, Temp: 0.0000, Energy: -53.343164-0.009478j
[2025-04-17 10:56:53] Iteration: 881/1000, Temp: 0.0000, Energy: -53.411725-0.000962j
[2025-04-17 10:57:10] Iteration: 882/1000, Temp: 0.0000, Energy: -53.406645+0.009199j
[2025-04-17 10:57:27] Iteration: 883/1000, Temp: 0.0000, Energy: -53.376734+0.006829j
[2025-04-17 10:57:44] Iteration: 884/1000, Temp: 0.0000, Energy: -53.351339+0.000436j
[2025-04-17 10:58:01] Iteration: 885/1000, Temp: 0.0000, Energy: -53.360807-0.000227j
[2025-04-17 10:58:18] Iteration: 886/1000, Temp: 0.0000, Energy: -53.238901+0.001873j
[2025-04-17 10:58:36] Iteration: 887/1000, Temp: 0.0000, Energy: -53.287952+0.000580j
[2025-04-17 10:58:53] Iteration: 888/1000, Temp: 0.0000, Energy: -53.301947-0.003218j
[2025-04-17 10:59:10] Iteration: 889/1000, Temp: 0.0000, Energy: -53.339636-0.001727j
[2025-04-17 10:59:27] Iteration: 890/1000, Temp: 0.0000, Energy: -53.365651+0.002857j
[2025-04-17 10:59:44] Iteration: 891/1000, Temp: 0.0000, Energy: -53.301298-0.004363j
[2025-04-17 11:00:01] Iteration: 892/1000, Temp: 0.0000, Energy: -53.170112-0.004811j
[2025-04-17 11:00:18] Iteration: 893/1000, Temp: 0.0000, Energy: -53.317882-0.003217j
[2025-04-17 11:00:35] Iteration: 894/1000, Temp: 0.0000, Energy: -53.281456+0.004256j
[2025-04-17 11:00:53] Iteration: 895/1000, Temp: 0.0000, Energy: -53.254439-0.002433j
[2025-04-17 11:01:10] Iteration: 896/1000, Temp: 0.0000, Energy: -53.234960-0.006046j
[2025-04-17 11:01:27] Iteration: 897/1000, Temp: 0.0000, Energy: -53.371612-0.005216j
[2025-04-17 11:01:44] Iteration: 898/1000, Temp: 0.0000, Energy: -53.350283+0.004256j
[2025-04-17 11:02:01] Iteration: 899/1000, Temp: 0.0000, Energy: -53.449674-0.003148j
[2025-04-17 11:02:18] Iteration: 900/1000, Temp: 0.0000, Energy: -53.380702-0.002485j
[2025-04-17 11:02:35] Iteration: 901/1000, Temp: 0.0000, Energy: -53.365874-0.000198j
[2025-04-17 11:02:53] Iteration: 902/1000, Temp: 0.0000, Energy: -53.390218+0.003555j
[2025-04-17 11:03:10] Iteration: 903/1000, Temp: 0.0000, Energy: -53.331198-0.000523j
[2025-04-17 11:03:27] Iteration: 904/1000, Temp: 0.0000, Energy: -53.199824+0.005061j
[2025-04-17 11:03:44] Iteration: 905/1000, Temp: 0.0000, Energy: -53.182119+0.002436j
[2025-04-17 11:04:01] Iteration: 906/1000, Temp: 0.0000, Energy: -53.166292-0.001780j
[2025-04-17 11:04:18] Iteration: 907/1000, Temp: 0.0000, Energy: -53.352839-0.000790j
[2025-04-17 11:04:35] Iteration: 908/1000, Temp: 0.0000, Energy: -53.310723+0.003116j
[2025-04-17 11:04:52] Iteration: 909/1000, Temp: 0.0000, Energy: -53.398348+0.000810j
[2025-04-17 11:05:09] Iteration: 910/1000, Temp: 0.0000, Energy: -53.349754+0.000493j
[2025-04-17 11:05:26] Iteration: 911/1000, Temp: 0.0000, Energy: -53.259271-0.004724j
[2025-04-17 11:05:44] Iteration: 912/1000, Temp: 0.0000, Energy: -53.230831+0.003724j
[2025-04-17 11:06:01] Iteration: 913/1000, Temp: 0.0000, Energy: -53.166346+0.003588j
[2025-04-17 11:06:18] Iteration: 914/1000, Temp: 0.0000, Energy: -53.127023-0.000188j
[2025-04-17 11:06:35] Iteration: 915/1000, Temp: 0.0000, Energy: -53.277383+0.001466j
[2025-04-17 11:06:52] Iteration: 916/1000, Temp: 0.0000, Energy: -53.097996+0.000538j
[2025-04-17 11:07:09] Iteration: 917/1000, Temp: 0.0000, Energy: -53.113699-0.008121j
[2025-04-17 11:07:26] Iteration: 918/1000, Temp: 0.0000, Energy: -53.149273-0.000975j
[2025-04-17 11:07:43] Iteration: 919/1000, Temp: 0.0000, Energy: -53.197430-0.006138j
[2025-04-17 11:08:00] Iteration: 920/1000, Temp: 0.0000, Energy: -53.166393-0.008182j
[2025-04-17 11:08:18] Iteration: 921/1000, Temp: 0.0000, Energy: -53.199575+0.003645j
[2025-04-17 11:08:35] Iteration: 922/1000, Temp: 0.0000, Energy: -53.238616-0.001818j
[2025-04-17 11:08:52] Iteration: 923/1000, Temp: 0.0000, Energy: -53.273119-0.000548j
[2025-04-17 11:09:09] Iteration: 924/1000, Temp: 0.0000, Energy: -53.190713-0.008065j
[2025-04-17 11:09:26] Iteration: 925/1000, Temp: 0.0000, Energy: -53.327115-0.004616j
[2025-04-17 11:09:43] Iteration: 926/1000, Temp: 0.0000, Energy: -53.282684-0.009254j
[2025-04-17 11:10:00] Iteration: 927/1000, Temp: 0.0000, Energy: -53.345485-0.001047j
[2025-04-17 11:10:17] Iteration: 928/1000, Temp: 0.0000, Energy: -53.386648+0.002383j
[2025-04-17 11:10:35] Iteration: 929/1000, Temp: 0.0000, Energy: -53.336799+0.005699j
[2025-04-17 11:10:52] Iteration: 930/1000, Temp: 0.0000, Energy: -53.351288+0.001317j
[2025-04-17 11:11:09] Iteration: 931/1000, Temp: 0.0000, Energy: -53.231638-0.003554j
[2025-04-17 11:11:26] Iteration: 932/1000, Temp: 0.0000, Energy: -53.133517+0.004283j
[2025-04-17 11:11:43] Iteration: 933/1000, Temp: 0.0000, Energy: -53.292417-0.005739j
[2025-04-17 11:12:00] Iteration: 934/1000, Temp: 0.0000, Energy: -53.251893+0.000609j
[2025-04-17 11:12:17] Iteration: 935/1000, Temp: 0.0000, Energy: -53.254743-0.003372j
[2025-04-17 11:12:35] Iteration: 936/1000, Temp: 0.0000, Energy: -53.272211+0.000086j
[2025-04-17 11:12:52] Iteration: 937/1000, Temp: 0.0000, Energy: -53.381609+0.004660j
[2025-04-17 11:13:09] Iteration: 938/1000, Temp: 0.0000, Energy: -53.416049-0.003290j
[2025-04-17 11:13:26] Iteration: 939/1000, Temp: 0.0000, Energy: -53.260043+0.003771j
[2025-04-17 11:13:43] Iteration: 940/1000, Temp: 0.0000, Energy: -53.256196+0.002833j
[2025-04-17 11:14:00] Iteration: 941/1000, Temp: 0.0000, Energy: -53.268893-0.002203j
[2025-04-17 11:14:17] Iteration: 942/1000, Temp: 0.0000, Energy: -53.177607+0.003655j
[2025-04-17 11:14:34] Iteration: 943/1000, Temp: 0.0000, Energy: -53.345731+0.001518j
[2025-04-17 11:14:52] Iteration: 944/1000, Temp: 0.0000, Energy: -53.254719-0.000110j
[2025-04-17 11:15:09] Iteration: 945/1000, Temp: 0.0000, Energy: -53.448641+0.005674j
[2025-04-17 11:15:26] Iteration: 946/1000, Temp: 0.0000, Energy: -53.336147+0.002092j
[2025-04-17 11:15:43] Iteration: 947/1000, Temp: 0.0000, Energy: -53.444945+0.012497j
[2025-04-17 11:16:00] Iteration: 948/1000, Temp: 0.0000, Energy: -53.415897+0.000691j
[2025-04-17 11:16:17] Iteration: 949/1000, Temp: 0.0000, Energy: -53.443293+0.004151j
[2025-04-17 11:16:34] Iteration: 950/1000, Temp: 0.0000, Energy: -53.375120-0.003072j
[2025-04-17 11:16:52] Iteration: 951/1000, Temp: 0.0000, Energy: -53.166157-0.000751j
[2025-04-17 11:17:09] Iteration: 952/1000, Temp: 0.0000, Energy: -53.298093-0.003572j
[2025-04-17 11:17:26] Iteration: 953/1000, Temp: 0.0000, Energy: -53.293239-0.006040j
[2025-04-17 11:17:43] Iteration: 954/1000, Temp: 0.0000, Energy: -53.305997+0.001690j
[2025-04-17 11:18:00] Iteration: 955/1000, Temp: 0.0000, Energy: -53.399149+0.000248j
[2025-04-17 11:18:17] Iteration: 956/1000, Temp: 0.0000, Energy: -53.351796+0.000446j
[2025-04-17 11:18:34] Iteration: 957/1000, Temp: 0.0000, Energy: -53.212627-0.002440j
[2025-04-17 11:18:51] Iteration: 958/1000, Temp: 0.0000, Energy: -53.335188+0.000086j
[2025-04-17 11:19:09] Iteration: 959/1000, Temp: 0.0000, Energy: -53.238603+0.008956j
[2025-04-17 11:19:26] Iteration: 960/1000, Temp: 0.0000, Energy: -53.326394+0.005052j
[2025-04-17 11:19:43] Iteration: 961/1000, Temp: 0.0000, Energy: -53.284015-0.004519j
[2025-04-17 11:20:00] Iteration: 962/1000, Temp: 0.0000, Energy: -53.414969-0.000053j
[2025-04-17 11:20:17] Iteration: 963/1000, Temp: 0.0000, Energy: -53.509354-0.006416j
[2025-04-17 11:20:34] Iteration: 964/1000, Temp: 0.0000, Energy: -53.448282-0.000313j
[2025-04-17 11:20:51] Iteration: 965/1000, Temp: 0.0000, Energy: -53.379426+0.004748j
[2025-04-17 11:21:08] Iteration: 966/1000, Temp: 0.0000, Energy: -53.304111+0.000978j
[2025-04-17 11:21:26] Iteration: 967/1000, Temp: 0.0000, Energy: -53.359146+0.003171j
[2025-04-17 11:21:43] Iteration: 968/1000, Temp: 0.0000, Energy: -53.227249+0.010340j
[2025-04-17 11:22:00] Iteration: 969/1000, Temp: 0.0000, Energy: -53.131225+0.000497j
[2025-04-17 11:22:17] Iteration: 970/1000, Temp: 0.0000, Energy: -53.338311-0.008913j
[2025-04-17 11:22:34] Iteration: 971/1000, Temp: 0.0000, Energy: -53.265681+0.002688j
[2025-04-17 11:22:51] Iteration: 972/1000, Temp: 0.0000, Energy: -53.320674+0.000945j
[2025-04-17 11:23:08] Iteration: 973/1000, Temp: 0.0000, Energy: -53.297679-0.006482j
[2025-04-17 11:23:26] Iteration: 974/1000, Temp: 0.0000, Energy: -53.305071-0.006838j
[2025-04-17 11:23:43] Iteration: 975/1000, Temp: 0.0000, Energy: -53.221290-0.003333j
[2025-04-17 11:24:00] Iteration: 976/1000, Temp: 0.0000, Energy: -53.277959+0.000178j
[2025-04-17 11:24:17] Iteration: 977/1000, Temp: 0.0000, Energy: -53.237070-0.005030j
[2025-04-17 11:24:34] Iteration: 978/1000, Temp: 0.0000, Energy: -53.179460-0.001102j
[2025-04-17 11:24:51] Iteration: 979/1000, Temp: 0.0000, Energy: -53.187946-0.001412j
[2025-04-17 11:25:08] Iteration: 980/1000, Temp: 0.0000, Energy: -53.181964-0.003141j
[2025-04-17 11:25:25] Iteration: 981/1000, Temp: 0.0000, Energy: -53.195960-0.001025j
[2025-04-17 11:25:42] Iteration: 982/1000, Temp: 0.0000, Energy: -53.191007-0.006474j
[2025-04-17 11:25:59] Iteration: 983/1000, Temp: 0.0000, Energy: -53.192257+0.002187j
[2025-04-17 11:26:17] Iteration: 984/1000, Temp: 0.0000, Energy: -53.329813-0.006560j
[2025-04-17 11:26:34] Iteration: 985/1000, Temp: 0.0000, Energy: -53.274170-0.000770j
[2025-04-17 11:26:51] Iteration: 986/1000, Temp: 0.0000, Energy: -53.348257+0.000407j
[2025-04-17 11:27:08] Iteration: 987/1000, Temp: 0.0000, Energy: -53.393356+0.002602j
[2025-04-17 11:27:25] Iteration: 988/1000, Temp: 0.0000, Energy: -53.408692+0.001385j
[2025-04-17 11:27:42] Iteration: 989/1000, Temp: 0.0000, Energy: -53.316486-0.001782j
[2025-04-17 11:27:59] Iteration: 990/1000, Temp: 0.0000, Energy: -53.372002-0.005501j
[2025-04-17 11:28:16] Iteration: 991/1000, Temp: 0.0000, Energy: -53.204136-0.005277j
[2025-04-17 11:28:34] Iteration: 992/1000, Temp: 0.0000, Energy: -53.303892-0.003609j
[2025-04-17 11:28:51] Iteration: 993/1000, Temp: 0.0000, Energy: -53.265954-0.003875j
[2025-04-17 11:29:08] Iteration: 994/1000, Temp: 0.0000, Energy: -53.249652-0.001150j
[2025-04-17 11:29:25] Iteration: 995/1000, Temp: 0.0000, Energy: -53.134736+0.009806j
[2025-04-17 11:29:42] Iteration: 996/1000, Temp: 0.0000, Energy: -53.246442+0.004653j
[2025-04-17 11:29:59] Iteration: 997/1000, Temp: 0.0000, Energy: -53.269017-0.008672j
[2025-04-17 11:30:16] Iteration: 998/1000, Temp: 0.0000, Energy: -53.323463-0.002620j
[2025-04-17 11:30:28] Iteration: 999/1000, Temp: 0.0000, Energy: -53.220170+0.000098j
[2025-04-17 11:30:28] ==================================================
[2025-04-17 11:30:28] Training finished, total runtime = 17143.12 seconds
[2025-04-17 11:30:33] Trained quantum state parameters saved to: results/L=4/J2=0.05/J1=0.08/GCNN_L=4_J2=0.05_J1=0.08.pkl
[2025-04-17 11:30:33] ==================================================
