[2025-04-16 21:10:02] ==================================================
[2025-04-16 21:10:02] GCNN for Shastry-Sutherland lattice
[2025-04-16 21:10:02] ==================================================
[2025-04-16 21:10:02] System parameters:
[2025-04-16 21:10:02]   - System size: L=4, N=64
[2025-04-16 21:10:02]   - System parameters: J1=0.06, J2=0.05, Q=0.95
[2025-04-16 21:10:09] --------------------------------------------------
[2025-04-16 21:10:09] Model parameters:
[2025-04-16 21:10:09]   - Number of layers = 4
[2025-04-16 21:10:09]   - Number of features = 4
[2025-04-16 21:10:09]   - Symmetries used: 128
[2025-04-16 21:10:09]   - Total parameters = 12572
[2025-04-16 21:10:09] --------------------------------------------------
[2025-04-16 21:10:09] Training parameters:
[2025-04-16 21:10:09]   - Learning rate: 0.02
[2025-04-16 21:10:09]   - Total annealing steps: 1000
[2025-04-16 21:10:09]   - Samples: 4096
[2025-04-16 21:10:09]   - Discarded samples: 0
[2025-04-16 21:10:09]   - Chunk size: 1024
[2025-04-16 21:10:09] --------------------------------------------------
[2025-04-16 21:10:09] Device status:
[2025-04-16 21:10:09]   - Number of devices: 4
[2025-04-16 21:10:09]   - Sharding: False
[2025-04-16 21:10:17] --------------------------------------------------
[2025-04-16 21:10:17] Start training...
[2025-04-16 21:11:02] Iteration: 0/1000, Temp: 0.5000, Energy: 2.318591-0.000196j
[2025-04-16 21:11:37] Iteration: 1/1000, Temp: 0.4901, Energy: 2.317761+0.000169j
[2025-04-16 21:12:12] Iteration: 2/1000, Temp: 0.4804, Energy: 2.318541-0.000038j
[2025-04-16 21:12:47] Iteration: 3/1000, Temp: 0.4709, Energy: 2.318632-0.000142j
[2025-04-16 21:13:21] Iteration: 4/1000, Temp: 0.4616, Energy: 2.319211-0.000430j
[2025-04-16 21:13:56] Iteration: 5/1000, Temp: 0.4524, Energy: 2.318643-0.000947j
[2025-04-16 21:14:31] Iteration: 6/1000, Temp: 0.4435, Energy: 2.318518-0.000013j
[2025-04-16 21:15:06] Iteration: 7/1000, Temp: 0.4347, Energy: 2.318096+0.000151j
[2025-04-16 21:15:40] Iteration: 8/1000, Temp: 0.4261, Energy: 2.317012+0.000516j
[2025-04-16 21:16:15] Iteration: 9/1000, Temp: 0.4176, Energy: 2.317681+0.000352j
[2025-04-16 21:16:50] Iteration: 10/1000, Temp: 0.4094, Energy: 2.318105-0.000014j
[2025-04-16 21:17:25] Iteration: 11/1000, Temp: 0.4013, Energy: 2.318070-0.000208j
[2025-04-16 21:17:59] Iteration: 12/1000, Temp: 0.3933, Energy: 2.316752-0.000103j
[2025-04-16 21:18:34] Iteration: 13/1000, Temp: 0.3855, Energy: 2.317597-0.000492j
[2025-04-16 21:19:09] Iteration: 14/1000, Temp: 0.3779, Energy: 2.317750-0.001235j
[2025-04-16 21:19:44] Iteration: 15/1000, Temp: 0.3704, Energy: 2.317942-0.001146j
[2025-04-16 21:20:19] Iteration: 16/1000, Temp: 0.3631, Energy: 2.316219+0.000570j
[2025-04-16 21:20:53] Iteration: 17/1000, Temp: 0.3559, Energy: 2.316642-0.000686j
[2025-04-16 21:21:28] Iteration: 18/1000, Temp: 0.3488, Energy: 2.317082-0.000481j
[2025-04-16 21:22:03] Iteration: 19/1000, Temp: 0.3419, Energy: 2.318033-0.002022j
[2025-04-16 21:22:38] Iteration: 20/1000, Temp: 0.3352, Energy: 2.315621-0.000252j
[2025-04-16 21:23:12] Iteration: 21/1000, Temp: 0.3285, Energy: 2.314570+0.001049j
[2025-04-16 21:23:47] Iteration: 22/1000, Temp: 0.3220, Energy: 2.315189-0.000927j
[2025-04-16 21:24:22] Iteration: 23/1000, Temp: 0.3156, Energy: 2.315277-0.000668j
[2025-04-16 21:24:57] Iteration: 24/1000, Temp: 0.3094, Energy: 2.313941-0.000135j
[2025-04-16 21:25:31] Iteration: 25/1000, Temp: 0.3033, Energy: 2.316829-0.002201j
[2025-04-16 21:26:06] Iteration: 26/1000, Temp: 0.2973, Energy: 2.314481-0.001573j
[2025-04-16 21:26:41] Iteration: 27/1000, Temp: 0.2914, Energy: 2.310585+0.001872j
[2025-04-16 21:27:15] Iteration: 28/1000, Temp: 0.2856, Energy: 2.311533+0.001651j
[2025-04-16 21:27:50] Iteration: 29/1000, Temp: 0.2799, Energy: 2.313345-0.002583j
[2025-04-16 21:28:25] Iteration: 30/1000, Temp: 0.2744, Energy: 2.310278+0.000795j
[2025-04-16 21:29:00] Iteration: 31/1000, Temp: 0.2690, Energy: 2.311427-0.001712j
[2025-04-16 21:29:35] Iteration: 32/1000, Temp: 0.2636, Energy: 2.305876+0.000763j
[2025-04-16 21:30:09] Iteration: 33/1000, Temp: 0.2584, Energy: 2.306831-0.000842j
[2025-04-16 21:30:44] Iteration: 34/1000, Temp: 0.2533, Energy: 2.306224-0.001491j
[2025-04-16 21:31:19] Iteration: 35/1000, Temp: 0.2483, Energy: 2.301114-0.000493j
[2025-04-16 21:31:54] Iteration: 36/1000, Temp: 0.2434, Energy: 2.297208+0.001335j
[2025-04-16 21:32:28] Iteration: 37/1000, Temp: 0.2386, Energy: 2.288876+0.003707j
[2025-04-16 21:33:03] Iteration: 38/1000, Temp: 0.2338, Energy: 2.286949+0.004206j
[2025-04-16 21:33:38] Iteration: 39/1000, Temp: 0.2292, Energy: 2.286974+0.000682j
[2025-04-16 21:34:13] Iteration: 40/1000, Temp: 0.2247, Energy: 2.283469-0.001265j
[2025-04-16 21:34:47] Iteration: 41/1000, Temp: 0.2202, Energy: 2.275090+0.002320j
[2025-04-16 21:35:22] Iteration: 42/1000, Temp: 0.2159, Energy: 2.270332+0.001086j
[2025-04-16 21:35:57] Iteration: 43/1000, Temp: 0.2116, Energy: 2.261309-0.000020j
[2025-04-16 21:36:32] Iteration: 44/1000, Temp: 0.2074, Energy: 2.252823+0.002105j
[2025-04-16 21:37:07] Iteration: 45/1000, Temp: 0.2033, Energy: 2.248706-0.005061j
[2025-04-16 21:37:41] Iteration: 46/1000, Temp: 0.1993, Energy: 2.230601-0.000727j
[2025-04-16 21:38:16] Iteration: 47/1000, Temp: 0.1953, Energy: 2.204832+0.007776j
[2025-04-16 21:38:51] Iteration: 48/1000, Temp: 0.1914, Energy: 2.179029+0.004388j
[2025-04-16 21:39:26] Iteration: 49/1000, Temp: 0.1877, Energy: 2.178144-0.008417j
[2025-04-16 21:40:00] Iteration: 50/1000, Temp: 0.1839, Energy: 2.148463-0.004550j
[2025-04-16 21:40:35] Iteration: 51/1000, Temp: 0.1803, Energy: 2.122740-0.001344j
[2025-04-16 21:41:10] Iteration: 52/1000, Temp: 0.1767, Energy: 2.065468+0.018614j
[2025-04-16 21:41:45] Iteration: 53/1000, Temp: 0.1732, Energy: 2.033114+0.000846j
[2025-04-16 21:42:19] Iteration: 54/1000, Temp: 0.1698, Energy: 2.001046-0.010801j
[2025-04-16 21:42:54] Iteration: 55/1000, Temp: 0.1664, Energy: 1.928002+0.004071j
[2025-04-16 21:43:29] Iteration: 56/1000, Temp: 0.1631, Energy: 1.854944+0.004302j
[2025-04-16 21:44:04] Iteration: 57/1000, Temp: 0.1599, Energy: 1.764581+0.003760j
[2025-04-16 21:44:38] Iteration: 58/1000, Temp: 0.1567, Energy: 1.685969-0.001444j
[2025-04-16 21:45:13] Iteration: 59/1000, Temp: 0.1536, Energy: 1.563765+0.009007j
[2025-04-16 21:45:48] Iteration: 60/1000, Temp: 0.1506, Energy: 1.456119-0.021828j
[2025-04-16 21:46:23] Iteration: 61/1000, Temp: 0.1476, Energy: 1.317358-0.014404j
[2025-04-16 21:46:58] Iteration: 62/1000, Temp: 0.1447, Energy: 1.126936-0.017196j
[2025-04-16 21:47:32] Iteration: 63/1000, Temp: 0.1418, Energy: 0.919134+0.001800j
[2025-04-16 21:48:07] Iteration: 64/1000, Temp: 0.1390, Energy: 0.734627+0.041544j
[2025-04-16 21:48:42] Iteration: 65/1000, Temp: 0.1363, Energy: 0.446796+0.000615j
[2025-04-16 21:49:17] Iteration: 66/1000, Temp: 0.1336, Energy: 0.155132+0.023276j
[2025-04-16 21:49:51] Iteration: 67/1000, Temp: 0.1309, Energy: -0.116765+0.056832j
[2025-04-16 21:50:26] Iteration: 68/1000, Temp: 0.1283, Energy: -0.498692+0.038190j
[2025-04-16 21:51:01] Iteration: 69/1000, Temp: 0.1258, Energy: -0.829589-0.026143j
[2025-04-16 21:51:36] Iteration: 70/1000, Temp: 0.1233, Energy: -1.274092+0.042620j
[2025-04-16 21:52:10] Iteration: 71/1000, Temp: 0.1209, Energy: -1.704534-0.084086j
[2025-04-16 21:52:45] Iteration: 72/1000, Temp: 0.1185, Energy: -2.203296-0.046415j
[2025-04-16 21:53:20] Iteration: 73/1000, Temp: 0.1161, Energy: -2.751117-0.037485j
[2025-04-16 21:53:55] Iteration: 74/1000, Temp: 0.1138, Energy: -3.284696-0.050371j
[2025-04-16 21:54:29] Iteration: 75/1000, Temp: 0.1116, Energy: -3.886533-0.073134j
[2025-04-16 21:55:04] Iteration: 76/1000, Temp: 0.1094, Energy: -4.509968-0.107344j
[2025-04-16 21:55:39] Iteration: 77/1000, Temp: 0.1072, Energy: -5.146223-0.061293j
[2025-04-16 21:56:14] Iteration: 78/1000, Temp: 0.1051, Energy: -5.858909+0.024328j
[2025-04-16 21:56:48] Iteration: 79/1000, Temp: 0.1030, Energy: -6.493722-0.018497j
[2025-04-16 21:57:23] Iteration: 80/1000, Temp: 0.1009, Energy: -7.177687-0.024014j
[2025-04-16 21:57:58] Iteration: 81/1000, Temp: 0.0989, Energy: -8.074730+0.010491j
[2025-04-16 21:58:33] Iteration: 82/1000, Temp: 0.0970, Energy: -8.837932+0.076310j
[2025-04-16 21:59:07] Iteration: 83/1000, Temp: 0.0951, Energy: -9.533030-0.021361j
[2025-04-16 21:59:42] Iteration: 84/1000, Temp: 0.0932, Energy: -10.232341+0.055458j
[2025-04-16 22:00:17] Iteration: 85/1000, Temp: 0.0913, Energy: -10.961517-0.028164j
[2025-04-16 22:00:52] Iteration: 86/1000, Temp: 0.0895, Energy: -11.658779-0.036937j
[2025-04-16 22:01:26] Iteration: 87/1000, Temp: 0.0878, Energy: -12.303675-0.005215j
[2025-04-16 22:02:01] Iteration: 88/1000, Temp: 0.0860, Energy: -12.972854+0.056295j
[2025-04-16 22:02:36] Iteration: 89/1000, Temp: 0.0843, Energy: -13.639595+0.056877j
[2025-04-16 22:03:11] Iteration: 90/1000, Temp: 0.0826, Energy: -14.328481+0.072378j
[2025-04-16 22:03:45] Iteration: 91/1000, Temp: 0.0810, Energy: -15.012826-0.003004j
[2025-04-16 22:04:20] Iteration: 92/1000, Temp: 0.0794, Energy: -15.898051-0.012288j
[2025-04-16 22:04:55] Iteration: 93/1000, Temp: 0.0778, Energy: -16.591420-0.000380j
[2025-04-16 22:05:30] Iteration: 94/1000, Temp: 0.0763, Energy: -17.388556-0.020410j
[2025-04-16 22:06:05] Iteration: 95/1000, Temp: 0.0748, Energy: -18.598456-0.010966j
[2025-04-16 22:06:39] Iteration: 96/1000, Temp: 0.0733, Energy: -19.695398+0.131080j
[2025-04-16 22:07:14] Iteration: 97/1000, Temp: 0.0719, Energy: -21.425158+0.158423j
[2025-04-16 22:07:49] Iteration: 98/1000, Temp: 0.0704, Energy: -23.607663+0.079510j
[2025-04-16 22:08:24] Iteration: 99/1000, Temp: 0.0690, Energy: -26.535179+0.220728j
[2025-04-16 22:08:58] Iteration: 100/1000, Temp: 0.0677, Energy: -30.243086+0.424836j
[2025-04-16 22:09:33] Iteration: 101/1000, Temp: 0.0663, Energy: -34.082742+0.361084j
[2025-04-16 22:10:08] Iteration: 102/1000, Temp: 0.0650, Energy: -37.417178+0.401283j
[2025-04-16 22:10:43] Iteration: 103/1000, Temp: 0.0637, Energy: -40.084563+0.239340j
[2025-04-16 22:11:17] Iteration: 104/1000, Temp: 0.0625, Energy: -42.023777+0.162609j
[2025-04-16 22:11:52] Iteration: 105/1000, Temp: 0.0612, Energy: -43.622252+0.207438j
[2025-04-16 22:12:27] Iteration: 106/1000, Temp: 0.0600, Energy: -44.929947+0.156389j
[2025-04-16 22:13:02] Iteration: 107/1000, Temp: 0.0588, Energy: -45.903260+0.107641j
[2025-04-16 22:13:36] Iteration: 108/1000, Temp: 0.0577, Energy: -46.743269+0.024930j
[2025-04-16 22:14:11] Iteration: 109/1000, Temp: 0.0565, Energy: -47.534710+0.026987j
[2025-04-16 22:14:46] Iteration: 110/1000, Temp: 0.0554, Energy: -48.265112+0.109578j
[2025-04-16 22:15:21] Iteration: 111/1000, Temp: 0.0543, Energy: -48.831197+0.091508j
[2025-04-16 22:15:55] Iteration: 112/1000, Temp: 0.0532, Energy: -49.268691+0.046844j
[2025-04-16 22:16:30] Iteration: 113/1000, Temp: 0.0522, Energy: -49.656458+0.025003j
[2025-04-16 22:17:05] Iteration: 114/1000, Temp: 0.0511, Energy: -49.824233-0.028679j
[2025-04-16 22:17:40] Iteration: 115/1000, Temp: 0.0501, Energy: -50.130621-0.002912j
[2025-04-16 22:18:15] Iteration: 116/1000, Temp: 0.0491, Energy: -50.390418-0.014106j
[2025-04-16 22:18:49] Iteration: 117/1000, Temp: 0.0482, Energy: -50.581310-0.088369j
[2025-04-16 22:19:24] Iteration: 118/1000, Temp: 0.0472, Energy: -50.625851-0.033265j
[2025-04-16 22:19:59] Iteration: 119/1000, Temp: 0.0463, Energy: -50.881796-0.030714j
[2025-04-16 22:20:34] Iteration: 120/1000, Temp: 0.0454, Energy: -50.980012+0.009802j
[2025-04-16 22:21:09] Iteration: 121/1000, Temp: 0.0445, Energy: -51.043383-0.012649j
[2025-04-16 22:21:43] Iteration: 122/1000, Temp: 0.0436, Energy: -51.213222-0.103429j
[2025-04-16 22:22:18] Iteration: 123/1000, Temp: 0.0427, Energy: -51.527730-0.020195j
[2025-04-16 22:22:53] Iteration: 124/1000, Temp: 0.0419, Energy: -51.534800-0.068175j
[2025-04-16 22:23:28] Iteration: 125/1000, Temp: 0.0410, Energy: -51.585338-0.031349j
[2025-04-16 22:24:02] Iteration: 126/1000, Temp: 0.0402, Energy: -51.631792-0.042955j
[2025-04-16 22:24:37] Iteration: 127/1000, Temp: 0.0394, Energy: -51.816651-0.049160j
[2025-04-16 22:25:12] Iteration: 128/1000, Temp: 0.0387, Energy: -51.788452-0.046821j
[2025-04-16 22:25:47] Iteration: 129/1000, Temp: 0.0379, Energy: -51.862289-0.051258j
[2025-04-16 22:26:21] Iteration: 130/1000, Temp: 0.0371, Energy: -52.052250-0.004607j
[2025-04-16 22:26:56] Iteration: 131/1000, Temp: 0.0364, Energy: -52.041321-0.027797j
[2025-04-16 22:27:31] Iteration: 132/1000, Temp: 0.0357, Energy: -51.976917-0.030530j
[2025-04-16 22:28:06] Iteration: 133/1000, Temp: 0.0350, Energy: -51.838629-0.006338j
[2025-04-16 22:28:40] Iteration: 134/1000, Temp: 0.0343, Energy: -51.793074-0.022306j
[2025-04-16 22:29:15] Iteration: 135/1000, Temp: 0.0336, Energy: -51.821723-0.023901j
[2025-04-16 22:29:50] Iteration: 136/1000, Temp: 0.0329, Energy: -51.779044+0.010598j
[2025-04-16 22:30:25] Iteration: 137/1000, Temp: 0.0323, Energy: -52.047274-0.012466j
[2025-04-16 22:30:59] Iteration: 138/1000, Temp: 0.0316, Energy: -52.124721-0.022432j
[2025-04-16 22:31:34] Iteration: 139/1000, Temp: 0.0310, Energy: -52.091977-0.037430j
[2025-04-16 22:32:09] Iteration: 140/1000, Temp: 0.0304, Energy: -52.123088-0.021452j
[2025-04-16 22:32:44] Iteration: 141/1000, Temp: 0.0298, Energy: -52.220922-0.006657j
[2025-04-16 22:33:18] Iteration: 142/1000, Temp: 0.0292, Energy: -52.101248+0.024133j
[2025-04-16 22:33:53] Iteration: 143/1000, Temp: 0.0286, Energy: -52.195651-0.037590j
[2025-04-16 22:34:28] Iteration: 144/1000, Temp: 0.0281, Energy: -52.098773-0.012460j
[2025-04-16 22:35:03] Iteration: 145/1000, Temp: 0.0275, Energy: -52.199755-0.008244j
[2025-04-16 22:35:37] Iteration: 146/1000, Temp: 0.0270, Energy: -52.091353-0.002330j
[2025-04-16 22:36:12] Iteration: 147/1000, Temp: 0.0264, Energy: -52.267813-0.004282j
[2025-04-16 22:36:47] Iteration: 148/1000, Temp: 0.0259, Energy: -52.259159-0.027151j
[2025-04-16 22:37:22] Iteration: 149/1000, Temp: 0.0254, Energy: -52.354234-0.023163j
[2025-04-16 22:37:56] Iteration: 150/1000, Temp: 0.0249, Energy: -52.284627-0.000424j
[2025-04-16 22:38:31] Iteration: 151/1000, Temp: 0.0244, Energy: -52.276359+0.016979j
[2025-04-16 22:39:06] Iteration: 152/1000, Temp: 0.0239, Energy: -52.256147-0.007526j
[2025-04-16 22:39:40] Iteration: 153/1000, Temp: 0.0234, Energy: -52.375857-0.010047j
[2025-04-16 22:40:15] Iteration: 154/1000, Temp: 0.0230, Energy: -52.298735-0.006848j
[2025-04-16 22:40:50] Iteration: 155/1000, Temp: 0.0225, Energy: -52.318815-0.012892j
[2025-04-16 22:41:25] Iteration: 156/1000, Temp: 0.0221, Energy: -52.263686-0.001259j
[2025-04-16 22:41:59] Iteration: 157/1000, Temp: 0.0216, Energy: -52.373109+0.010896j
[2025-04-16 22:42:34] Iteration: 158/1000, Temp: 0.0212, Energy: -52.273367-0.007472j
[2025-04-16 22:43:09] Iteration: 159/1000, Temp: 0.0208, Energy: -52.374204+0.005200j
[2025-04-16 22:43:44] Iteration: 160/1000, Temp: 0.0204, Energy: -52.361952+0.013700j
[2025-04-16 22:44:18] Iteration: 161/1000, Temp: 0.0200, Energy: -52.414715-0.009205j
[2025-04-16 22:44:53] Iteration: 162/1000, Temp: 0.0196, Energy: -52.320283+0.000616j
[2025-04-16 22:45:28] Iteration: 163/1000, Temp: 0.0192, Energy: -52.313524-0.016442j
[2025-04-16 22:46:03] Iteration: 164/1000, Temp: 0.0188, Energy: -52.239494+0.005049j
[2025-04-16 22:46:37] Iteration: 165/1000, Temp: 0.0184, Energy: -52.113845+0.018619j
[2025-04-16 22:47:12] Iteration: 166/1000, Temp: 0.0181, Energy: -52.215942+0.001831j
[2025-04-16 22:47:47] Iteration: 167/1000, Temp: 0.0177, Energy: -52.297099-0.006272j
[2025-04-16 22:48:22] Iteration: 168/1000, Temp: 0.0174, Energy: -52.409700-0.000548j
[2025-04-16 22:48:56] Iteration: 169/1000, Temp: 0.0170, Energy: -52.418517+0.004324j
[2025-04-16 22:49:31] Iteration: 170/1000, Temp: 0.0167, Energy: -52.367808-0.000088j
[2025-04-16 22:50:06] Iteration: 171/1000, Temp: 0.0164, Energy: -52.435927+0.021789j
[2025-04-16 22:50:41] Iteration: 172/1000, Temp: 0.0160, Energy: -52.306917+0.007507j
[2025-04-16 22:51:15] Iteration: 173/1000, Temp: 0.0157, Energy: -52.236890-0.016832j
[2025-04-16 22:51:50] Iteration: 174/1000, Temp: 0.0154, Energy: -52.357914+0.012803j
[2025-04-16 22:52:25] Iteration: 175/1000, Temp: 0.0151, Energy: -52.402546+0.002307j
[2025-04-16 22:53:00] Iteration: 176/1000, Temp: 0.0148, Energy: -52.317003-0.013852j
[2025-04-16 22:53:34] Iteration: 177/1000, Temp: 0.0145, Energy: -52.300429-0.016797j
[2025-04-16 22:54:09] Iteration: 178/1000, Temp: 0.0142, Energy: -52.302865+0.003902j
[2025-04-16 22:54:44] Iteration: 179/1000, Temp: 0.0139, Energy: -52.375671+0.002937j
[2025-04-16 22:55:19] Iteration: 180/1000, Temp: 0.0137, Energy: -52.508780+0.025489j
[2025-04-16 22:55:53] Iteration: 181/1000, Temp: 0.0134, Energy: -52.379497+0.013003j
[2025-04-16 22:56:28] Iteration: 182/1000, Temp: 0.0131, Energy: -52.319122-0.002210j
[2025-04-16 22:57:03] Iteration: 183/1000, Temp: 0.0129, Energy: -52.365518+0.002177j
[2025-04-16 22:57:37] Iteration: 184/1000, Temp: 0.0126, Energy: -52.287678-0.010964j
[2025-04-16 22:58:12] Iteration: 185/1000, Temp: 0.0124, Energy: -52.441189+0.001315j
[2025-04-16 22:58:47] Iteration: 186/1000, Temp: 0.0121, Energy: -52.449698-0.001896j
[2025-04-16 22:59:22] Iteration: 187/1000, Temp: 0.0119, Energy: -52.363676+0.013292j
[2025-04-16 22:59:56] Iteration: 188/1000, Temp: 0.0116, Energy: -52.372078-0.008104j
[2025-04-16 23:00:31] Iteration: 189/1000, Temp: 0.0114, Energy: -52.257258-0.008132j
[2025-04-16 23:01:06] Iteration: 190/1000, Temp: 0.0112, Energy: -52.356958+0.004489j
[2025-04-16 23:01:41] Iteration: 191/1000, Temp: 0.0110, Energy: -52.422618-0.012586j
[2025-04-16 23:02:15] Iteration: 192/1000, Temp: 0.0107, Energy: -52.383685+0.004096j
[2025-04-16 23:02:50] Iteration: 193/1000, Temp: 0.0105, Energy: -52.282276+0.000257j
[2025-04-16 23:03:25] Iteration: 194/1000, Temp: 0.0103, Energy: -52.365191-0.001288j
[2025-04-16 23:03:59] Iteration: 195/1000, Temp: 0.0101, Energy: -52.505945+0.003422j
[2025-04-16 23:04:34] Iteration: 196/1000, Temp: 0.0099, Energy: -52.512769+0.001893j
[2025-04-16 23:05:09] Iteration: 197/1000, Temp: 0.0097, Energy: -52.369071+0.006604j
[2025-04-16 23:05:44] Iteration: 198/1000, Temp: 0.0095, Energy: -52.290483-0.010920j
[2025-04-16 23:06:18] Iteration: 199/1000, Temp: 0.0093, Energy: -52.424699+0.006264j
[2025-04-16 23:06:53] Iteration: 200/1000, Temp: 0.0092, Energy: -52.487583-0.007971j
[2025-04-16 23:07:28] Iteration: 201/1000, Temp: 0.0090, Energy: -52.364133-0.003127j
[2025-04-16 23:08:03] Iteration: 202/1000, Temp: 0.0088, Energy: -52.333179-0.003531j
[2025-04-16 23:08:37] Iteration: 203/1000, Temp: 0.0086, Energy: -52.332446+0.010253j
[2025-04-16 23:09:12] Iteration: 204/1000, Temp: 0.0085, Energy: -52.393776+0.002141j
[2025-04-16 23:09:47] Iteration: 205/1000, Temp: 0.0083, Energy: -52.313779-0.025515j
[2025-04-16 23:10:22] Iteration: 206/1000, Temp: 0.0081, Energy: -52.324200-0.015982j
[2025-04-16 23:10:56] Iteration: 207/1000, Temp: 0.0080, Energy: -52.394992-0.005358j
[2025-04-16 23:11:31] Iteration: 208/1000, Temp: 0.0078, Energy: -52.324624+0.000729j
[2025-04-16 23:12:06] Iteration: 209/1000, Temp: 0.0076, Energy: -52.276643-0.002159j
[2025-04-16 23:12:41] Iteration: 210/1000, Temp: 0.0075, Energy: -52.246238+0.014023j
[2025-04-16 23:13:15] Iteration: 211/1000, Temp: 0.0073, Energy: -52.363104-0.005214j
[2025-04-16 23:13:50] Iteration: 212/1000, Temp: 0.0072, Energy: -52.314986-0.005230j
[2025-04-16 23:14:25] Iteration: 213/1000, Temp: 0.0071, Energy: -52.435353+0.006450j
[2025-04-16 23:15:00] Iteration: 214/1000, Temp: 0.0069, Energy: -52.347476-0.003027j
[2025-04-16 23:15:34] Iteration: 215/1000, Temp: 0.0068, Energy: -52.279566-0.001758j
[2025-04-16 23:16:09] Iteration: 216/1000, Temp: 0.0066, Energy: -52.380216+0.009892j
[2025-04-16 23:16:44] Iteration: 217/1000, Temp: 0.0065, Energy: -52.428590-0.008412j
[2025-04-16 23:17:19] Iteration: 218/1000, Temp: 0.0064, Energy: -52.202681+0.006727j
[2025-04-16 23:17:53] Iteration: 219/1000, Temp: 0.0063, Energy: -52.320851-0.005976j
[2025-04-16 23:18:28] Iteration: 220/1000, Temp: 0.0061, Energy: -52.395604+0.012088j
[2025-04-16 23:19:03] Iteration: 221/1000, Temp: 0.0060, Energy: -52.431873+0.009779j
[2025-04-16 23:19:38] Iteration: 222/1000, Temp: 0.0059, Energy: -52.326083+0.001033j
[2025-04-16 23:20:13] Iteration: 223/1000, Temp: 0.0058, Energy: -52.437950+0.009643j
[2025-04-16 23:20:47] Iteration: 224/1000, Temp: 0.0057, Energy: -52.373383-0.004194j
[2025-04-16 23:21:22] Iteration: 225/1000, Temp: 0.0056, Energy: -52.360311-0.002899j
[2025-04-16 23:21:57] Iteration: 226/1000, Temp: 0.0054, Energy: -52.361031+0.000420j
[2025-04-16 23:22:32] Iteration: 227/1000, Temp: 0.0053, Energy: -52.507013+0.006391j
[2025-04-16 23:23:07] Iteration: 228/1000, Temp: 0.0052, Energy: -52.395119-0.018837j
[2025-04-16 23:23:41] Iteration: 229/1000, Temp: 0.0051, Energy: -52.485516-0.013346j
[2025-04-16 23:24:16] Iteration: 230/1000, Temp: 0.0050, Energy: -52.427830-0.003358j
[2025-04-16 23:24:51] Iteration: 231/1000, Temp: 0.0049, Energy: -52.348637-0.011263j
[2025-04-16 23:25:26] Iteration: 232/1000, Temp: 0.0048, Energy: -52.431049+0.007172j
[2025-04-16 23:26:00] Iteration: 233/1000, Temp: 0.0047, Energy: -52.352187+0.003821j
[2025-04-16 23:26:35] Iteration: 234/1000, Temp: 0.0046, Energy: -52.339633+0.005832j
[2025-04-16 23:27:10] Iteration: 235/1000, Temp: 0.0045, Energy: -52.340458-0.005800j
[2025-04-16 23:27:45] Iteration: 236/1000, Temp: 0.0045, Energy: -52.386086+0.003560j
[2025-04-16 23:28:19] Iteration: 237/1000, Temp: 0.0044, Energy: -52.358436+0.005112j
[2025-04-16 23:28:54] Iteration: 238/1000, Temp: 0.0043, Energy: -52.368260-0.011923j
[2025-04-16 23:29:29] Iteration: 239/1000, Temp: 0.0042, Energy: -52.369039-0.008265j
[2025-04-16 23:30:03] Iteration: 240/1000, Temp: 0.0041, Energy: -52.292165-0.004816j
[2025-04-16 23:30:38] Iteration: 241/1000, Temp: 0.0040, Energy: -52.473996+0.008447j
[2025-04-16 23:31:13] Iteration: 242/1000, Temp: 0.0040, Energy: -52.424888-0.002200j
[2025-04-16 23:31:48] Iteration: 243/1000, Temp: 0.0039, Energy: -52.435218+0.002470j
[2025-04-16 23:32:23] Iteration: 244/1000, Temp: 0.0038, Energy: -52.346973-0.001550j
[2025-04-16 23:32:57] Iteration: 245/1000, Temp: 0.0037, Energy: -52.279444-0.004826j
[2025-04-16 23:33:32] Iteration: 246/1000, Temp: 0.0036, Energy: -52.344011-0.008428j
[2025-04-16 23:34:07] Iteration: 247/1000, Temp: 0.0036, Energy: -52.361630+0.012095j
[2025-04-16 23:34:42] Iteration: 248/1000, Temp: 0.0035, Energy: -52.361656+0.008970j
[2025-04-16 23:35:16] Iteration: 249/1000, Temp: 0.0034, Energy: -52.430562-0.016004j
[2025-04-16 23:35:51] Iteration: 250/1000, Temp: 0.0034, Energy: -52.443965-0.012871j
[2025-04-16 23:36:26] Iteration: 251/1000, Temp: 0.0033, Energy: -52.396019-0.019021j
[2025-04-16 23:37:01] Iteration: 252/1000, Temp: 0.0032, Energy: -52.387428-0.011290j
[2025-04-16 23:37:35] Iteration: 253/1000, Temp: 0.0032, Energy: -52.302108-0.011468j
[2025-04-16 23:38:10] Iteration: 254/1000, Temp: 0.0031, Energy: -52.312415+0.006696j
[2025-04-16 23:38:45] Iteration: 255/1000, Temp: 0.0030, Energy: -52.408210-0.006257j
[2025-04-16 23:39:20] Iteration: 256/1000, Temp: 0.0030, Energy: -52.332845+0.002678j
[2025-04-16 23:39:55] Iteration: 257/1000, Temp: 0.0029, Energy: -52.336696+0.005222j
[2025-04-16 23:40:29] Iteration: 258/1000, Temp: 0.0029, Energy: -52.334406+0.015531j
[2025-04-16 23:41:04] Iteration: 259/1000, Temp: 0.0028, Energy: -52.354910+0.004096j
[2025-04-16 23:41:39] Iteration: 260/1000, Temp: 0.0028, Energy: -52.434012-0.008341j
[2025-04-16 23:42:14] Iteration: 261/1000, Temp: 0.0027, Energy: -52.326737+0.001869j
[2025-04-16 23:42:48] Iteration: 262/1000, Temp: 0.0027, Energy: -52.345564+0.012960j
[2025-04-16 23:43:23] Iteration: 263/1000, Temp: 0.0026, Energy: -52.292063+0.007163j
[2025-04-16 23:43:58] Iteration: 264/1000, Temp: 0.0025, Energy: -52.309027+0.001874j
[2025-04-16 23:44:33] Iteration: 265/1000, Temp: 0.0025, Energy: -52.387677+0.008313j
[2025-04-16 23:45:07] Iteration: 266/1000, Temp: 0.0024, Energy: -52.428742+0.005660j
[2025-04-16 23:45:42] Iteration: 267/1000, Temp: 0.0024, Energy: -52.463188-0.003751j
[2025-04-16 23:46:17] Iteration: 268/1000, Temp: 0.0024, Energy: -52.569825-0.001984j
[2025-04-16 23:46:52] Iteration: 269/1000, Temp: 0.0023, Energy: -52.424037-0.001142j
[2025-04-16 23:47:26] Iteration: 270/1000, Temp: 0.0023, Energy: -52.335084-0.000999j
[2025-04-16 23:48:01] Iteration: 271/1000, Temp: 0.0022, Energy: -52.378752+0.015447j
[2025-04-16 23:48:36] Iteration: 272/1000, Temp: 0.0022, Energy: -52.427672-0.005510j
[2025-04-16 23:49:11] Iteration: 273/1000, Temp: 0.0021, Energy: -52.549501+0.015700j
[2025-04-16 23:49:45] Iteration: 274/1000, Temp: 0.0021, Energy: -52.477655+0.000109j
[2025-04-16 23:50:20] Iteration: 275/1000, Temp: 0.0020, Energy: -52.583111+0.003492j
[2025-04-16 23:50:55] Iteration: 276/1000, Temp: 0.0020, Energy: -52.517935-0.000384j
[2025-04-16 23:51:30] Iteration: 277/1000, Temp: 0.0020, Energy: -52.384211+0.012787j
[2025-04-16 23:52:04] Iteration: 278/1000, Temp: 0.0019, Energy: -52.309766+0.007780j
[2025-04-16 23:52:39] Iteration: 279/1000, Temp: 0.0019, Energy: -52.335196+0.006695j
[2025-04-16 23:53:14] Iteration: 280/1000, Temp: 0.0018, Energy: -52.318282+0.003746j
[2025-04-16 23:53:49] Iteration: 281/1000, Temp: 0.0018, Energy: -52.457669+0.005480j
[2025-04-16 23:54:23] Iteration: 282/1000, Temp: 0.0018, Energy: -52.386728-0.013421j
[2025-04-16 23:54:58] Iteration: 283/1000, Temp: 0.0017, Energy: -52.376864+0.012144j
[2025-04-16 23:55:33] Iteration: 284/1000, Temp: 0.0017, Energy: -52.327603+0.003088j
[2025-04-16 23:56:08] Iteration: 285/1000, Temp: 0.0017, Energy: -52.286080-0.000187j
[2025-04-16 23:56:43] Iteration: 286/1000, Temp: 0.0016, Energy: -52.365659-0.006331j
[2025-04-16 23:57:17] Iteration: 287/1000, Temp: 0.0016, Energy: -52.442405+0.000531j
[2025-04-16 23:57:52] Iteration: 288/1000, Temp: 0.0016, Energy: -52.437751-0.005604j
[2025-04-16 23:58:27] Iteration: 289/1000, Temp: 0.0015, Energy: -52.339061+0.003820j
[2025-04-16 23:59:02] Iteration: 290/1000, Temp: 0.0015, Energy: -52.442697-0.011864j
[2025-04-16 23:59:36] Iteration: 291/1000, Temp: 0.0015, Energy: -52.422015-0.014824j
[2025-04-17 00:00:11] Iteration: 292/1000, Temp: 0.0015, Energy: -52.364799+0.001248j
[2025-04-17 00:00:46] Iteration: 293/1000, Temp: 0.0014, Energy: -52.381880+0.007574j
[2025-04-17 00:01:21] Iteration: 294/1000, Temp: 0.0014, Energy: -52.405892+0.011666j
[2025-04-17 00:01:55] Iteration: 295/1000, Temp: 0.0014, Energy: -52.291930-0.004910j
[2025-04-17 00:02:30] Iteration: 296/1000, Temp: 0.0013, Energy: -52.488391+0.010688j
[2025-04-17 00:03:05] Iteration: 297/1000, Temp: 0.0013, Energy: -52.476035-0.003551j
[2025-04-17 00:03:40] Iteration: 298/1000, Temp: 0.0013, Energy: -52.351992+0.002087j
[2025-04-17 00:04:15] Iteration: 299/1000, Temp: 0.0013, Energy: -52.390298+0.005202j
[2025-04-17 00:04:49] Iteration: 300/1000, Temp: 0.0012, Energy: -52.415393+0.000542j
[2025-04-17 00:05:24] Iteration: 301/1000, Temp: 0.0012, Energy: -52.372325-0.009837j
[2025-04-17 00:05:59] Iteration: 302/1000, Temp: 0.0012, Energy: -52.460894-0.002876j
[2025-04-17 00:06:34] Iteration: 303/1000, Temp: 0.0012, Energy: -52.407863-0.001892j
[2025-04-17 00:07:08] Iteration: 304/1000, Temp: 0.0011, Energy: -52.285475+0.000471j
[2025-04-17 00:07:43] Iteration: 305/1000, Temp: 0.0011, Energy: -52.273656+0.005280j
[2025-04-17 00:08:18] Iteration: 306/1000, Temp: 0.0011, Energy: -52.246541+0.005632j
[2025-04-17 00:08:53] Iteration: 307/1000, Temp: 0.0011, Energy: -52.400162+0.004538j
[2025-04-17 00:09:27] Iteration: 308/1000, Temp: 0.0011, Energy: -52.422729+0.003276j
[2025-04-17 00:10:02] Iteration: 309/1000, Temp: 0.0010, Energy: -52.346671+0.007747j
[2025-04-17 00:10:37] Iteration: 310/1000, Temp: 0.0010, Energy: -52.310890-0.002327j
[2025-04-17 00:11:12] Iteration: 311/1000, Temp: 0.0010, Energy: -52.390270+0.012755j
[2025-04-17 00:11:46] Iteration: 312/1000, Temp: 0.0010, Energy: -52.392283+0.001989j
[2025-04-17 00:12:21] Iteration: 313/1000, Temp: 0.0010, Energy: -52.370258+0.004625j
[2025-04-17 00:12:56] Iteration: 314/1000, Temp: 0.0009, Energy: -52.317049+0.005033j
[2025-04-17 00:13:31] Iteration: 315/1000, Temp: 0.0009, Energy: -52.486705-0.012666j
[2025-04-17 00:14:05] Iteration: 316/1000, Temp: 0.0009, Energy: -52.437088-0.002832j
[2025-04-17 00:14:40] Iteration: 317/1000, Temp: 0.0009, Energy: -52.508285+0.003407j
[2025-04-17 00:15:15] Iteration: 318/1000, Temp: 0.0009, Energy: -52.444080+0.000271j
[2025-04-17 00:15:49] Iteration: 319/1000, Temp: 0.0008, Energy: -52.259020-0.006281j
[2025-04-17 00:16:24] Iteration: 320/1000, Temp: 0.0008, Energy: -52.420088-0.009783j
[2025-04-17 00:16:59] Iteration: 321/1000, Temp: 0.0008, Energy: -52.498826-0.004652j
[2025-04-17 00:17:34] Iteration: 322/1000, Temp: 0.0008, Energy: -52.473422-0.011196j
[2025-04-17 00:18:09] Iteration: 323/1000, Temp: 0.0008, Energy: -52.452361+0.002746j
[2025-04-17 00:18:43] Iteration: 324/1000, Temp: 0.0008, Energy: -52.439471+0.006185j
[2025-04-17 00:19:18] Iteration: 325/1000, Temp: 0.0008, Energy: -52.627746-0.014122j
[2025-04-17 00:19:53] Iteration: 326/1000, Temp: 0.0007, Energy: -52.394058+0.004943j
[2025-04-17 00:20:28] Iteration: 327/1000, Temp: 0.0007, Energy: -52.410665-0.009248j
[2025-04-17 00:21:02] Iteration: 328/1000, Temp: 0.0007, Energy: -52.328956+0.013123j
[2025-04-17 00:21:37] Iteration: 329/1000, Temp: 0.0007, Energy: -52.365248-0.002278j
[2025-04-17 00:22:12] Iteration: 330/1000, Temp: 0.0007, Energy: -52.439340+0.007081j
[2025-04-17 00:22:47] Iteration: 331/1000, Temp: 0.0007, Energy: -52.413674-0.014137j
[2025-04-17 00:23:21] Iteration: 332/1000, Temp: 0.0007, Energy: -52.374314-0.006973j
[2025-04-17 00:23:56] Iteration: 333/1000, Temp: 0.0006, Energy: -52.358606-0.005263j
[2025-04-17 00:24:31] Iteration: 334/1000, Temp: 0.0006, Energy: -52.436503-0.005850j
[2025-04-17 00:25:06] Iteration: 335/1000, Temp: 0.0006, Energy: -52.433900-0.002447j
[2025-04-17 00:25:40] Iteration: 336/1000, Temp: 0.0006, Energy: -52.453382+0.002263j
[2025-04-17 00:26:15] Iteration: 337/1000, Temp: 0.0006, Energy: -52.432178-0.014809j
[2025-04-17 00:26:50] Iteration: 338/1000, Temp: 0.0006, Energy: -52.326785+0.001237j
[2025-04-17 00:27:25] Iteration: 339/1000, Temp: 0.0006, Energy: -52.289554+0.005131j
[2025-04-17 00:27:59] Iteration: 340/1000, Temp: 0.0006, Energy: -52.355178+0.021671j
[2025-04-17 00:28:34] Iteration: 341/1000, Temp: 0.0005, Energy: -52.418400+0.000738j
[2025-04-17 00:29:09] Iteration: 342/1000, Temp: 0.0005, Energy: -52.420753-0.007633j
[2025-04-17 00:29:44] Iteration: 343/1000, Temp: 0.0005, Energy: -52.329305-0.006453j
[2025-04-17 00:30:18] Iteration: 344/1000, Temp: 0.0005, Energy: -52.361860-0.005981j
[2025-04-17 00:30:53] Iteration: 345/1000, Temp: 0.0005, Energy: -52.388031-0.004043j
[2025-04-17 00:31:28] Iteration: 346/1000, Temp: 0.0005, Energy: -52.375050+0.001617j
[2025-04-17 00:32:03] Iteration: 347/1000, Temp: 0.0005, Energy: -52.329378+0.006020j
[2025-04-17 00:32:37] Iteration: 348/1000, Temp: 0.0005, Energy: -52.377826+0.000053j
[2025-04-17 00:33:12] Iteration: 349/1000, Temp: 0.0005, Energy: -52.337990+0.011520j
[2025-04-17 00:33:47] Iteration: 350/1000, Temp: 0.0005, Energy: -52.272319-0.011078j
[2025-04-17 00:34:22] Iteration: 351/1000, Temp: 0.0004, Energy: -52.413966-0.001357j
[2025-04-17 00:34:56] Iteration: 352/1000, Temp: 0.0004, Energy: -52.461611-0.003686j
[2025-04-17 00:35:31] Iteration: 353/1000, Temp: 0.0004, Energy: -52.388381-0.014164j
[2025-04-17 00:36:06] Iteration: 354/1000, Temp: 0.0004, Energy: -52.433549+0.002389j
[2025-04-17 00:36:41] Iteration: 355/1000, Temp: 0.0004, Energy: -52.353648-0.004714j
[2025-04-17 00:37:15] Iteration: 356/1000, Temp: 0.0004, Energy: -52.323025-0.010931j
[2025-04-17 00:37:50] Iteration: 357/1000, Temp: 0.0004, Energy: -52.497808+0.004571j
[2025-04-17 00:38:25] Iteration: 358/1000, Temp: 0.0004, Energy: -52.497825+0.008901j
[2025-04-17 00:39:00] Iteration: 359/1000, Temp: 0.0004, Energy: -52.561177-0.001655j
[2025-04-17 00:39:35] Iteration: 360/1000, Temp: 0.0004, Energy: -52.364702+0.002769j
[2025-04-17 00:40:09] Iteration: 361/1000, Temp: 0.0004, Energy: -52.286924+0.008239j
[2025-04-17 00:40:44] Iteration: 362/1000, Temp: 0.0004, Energy: -52.339740-0.007822j
[2025-04-17 00:41:19] Iteration: 363/1000, Temp: 0.0004, Energy: -52.244798+0.010962j
[2025-04-17 00:41:53] Iteration: 364/1000, Temp: 0.0003, Energy: -52.407175+0.012765j
[2025-04-17 00:42:28] Iteration: 365/1000, Temp: 0.0003, Energy: -52.448225-0.001784j
[2025-04-17 00:43:03] Iteration: 366/1000, Temp: 0.0003, Energy: -52.514108+0.005435j
[2025-04-17 00:43:38] Iteration: 367/1000, Temp: 0.0003, Energy: -52.394814-0.006683j
[2025-04-17 00:44:12] Iteration: 368/1000, Temp: 0.0003, Energy: -52.463907-0.004866j
[2025-04-17 00:44:47] Iteration: 369/1000, Temp: 0.0003, Energy: -52.536107-0.011631j
[2025-04-17 00:45:22] Iteration: 370/1000, Temp: 0.0003, Energy: -52.528116+0.008760j
[2025-04-17 00:45:57] Iteration: 371/1000, Temp: 0.0003, Energy: -52.555188-0.002665j
[2025-04-17 00:46:31] Iteration: 372/1000, Temp: 0.0003, Energy: -52.555787+0.014537j
[2025-04-17 00:47:06] Iteration: 373/1000, Temp: 0.0003, Energy: -52.455528-0.006335j
[2025-04-17 00:47:41] Iteration: 374/1000, Temp: 0.0003, Energy: -52.493523+0.013693j
[2025-04-17 00:48:15] Iteration: 375/1000, Temp: 0.0003, Energy: -52.555114-0.002483j
[2025-04-17 00:48:50] Iteration: 376/1000, Temp: 0.0003, Energy: -52.532823-0.002800j
[2025-04-17 00:49:25] Iteration: 377/1000, Temp: 0.0003, Energy: -52.607877+0.000552j
[2025-04-17 00:50:00] Iteration: 378/1000, Temp: 0.0003, Energy: -52.594213+0.007442j
[2025-04-17 00:50:34] Iteration: 379/1000, Temp: 0.0003, Energy: -52.405727+0.001156j
[2025-04-17 00:51:09] Iteration: 380/1000, Temp: 0.0003, Energy: -52.446719-0.000444j
[2025-04-17 00:51:44] Iteration: 381/1000, Temp: 0.0002, Energy: -52.462214-0.002107j
[2025-04-17 00:52:19] Iteration: 382/1000, Temp: 0.0002, Energy: -52.355294+0.000823j
[2025-04-17 00:52:53] Iteration: 383/1000, Temp: 0.0002, Energy: -52.583164-0.002357j
[2025-04-17 00:53:28] Iteration: 384/1000, Temp: 0.0002, Energy: -52.550221+0.001479j
[2025-04-17 00:54:03] Iteration: 385/1000, Temp: 0.0002, Energy: -52.523666-0.007931j
[2025-04-17 00:54:38] Iteration: 386/1000, Temp: 0.0002, Energy: -52.413121-0.002602j
[2025-04-17 00:55:12] Iteration: 387/1000, Temp: 0.0002, Energy: -52.452332+0.009984j
[2025-04-17 00:55:47] Iteration: 388/1000, Temp: 0.0002, Energy: -52.325588+0.003692j
[2025-04-17 00:56:22] Iteration: 389/1000, Temp: 0.0002, Energy: -52.318988+0.001594j
[2025-04-17 00:56:57] Iteration: 390/1000, Temp: 0.0002, Energy: -52.470033+0.008685j
[2025-04-17 00:57:31] Iteration: 391/1000, Temp: 0.0002, Energy: -52.342510-0.016181j
[2025-04-17 00:58:06] Iteration: 392/1000, Temp: 0.0002, Energy: -52.392893-0.003082j
[2025-04-17 00:58:41] Iteration: 393/1000, Temp: 0.0002, Energy: -52.340008-0.000559j
[2025-04-17 00:59:16] Iteration: 394/1000, Temp: 0.0002, Energy: -52.420067-0.002811j
[2025-04-17 00:59:50] Iteration: 395/1000, Temp: 0.0002, Energy: -52.278516+0.016029j
[2025-04-17 01:00:25] Iteration: 396/1000, Temp: 0.0002, Energy: -52.390770+0.014878j
[2025-04-17 01:01:00] Iteration: 397/1000, Temp: 0.0002, Energy: -52.406307-0.000410j
[2025-04-17 01:01:35] Iteration: 398/1000, Temp: 0.0002, Energy: -52.449161-0.003114j
[2025-04-17 01:02:09] Iteration: 399/1000, Temp: 0.0002, Energy: -52.344154+0.011911j
[2025-04-17 01:02:44] Iteration: 400/1000, Temp: 0.0002, Energy: -52.459681-0.002646j
[2025-04-17 01:03:19] Iteration: 401/1000, Temp: 0.0002, Energy: -52.518992+0.005969j
[2025-04-17 01:03:54] Iteration: 402/1000, Temp: 0.0002, Energy: -52.460494+0.008950j
[2025-04-17 01:04:28] Iteration: 403/1000, Temp: 0.0002, Energy: -52.428519-0.001804j
[2025-04-17 01:05:03] Iteration: 404/1000, Temp: 0.0002, Energy: -52.506061-0.002853j
[2025-04-17 01:05:38] Iteration: 405/1000, Temp: 0.0002, Energy: -52.496661-0.004122j
[2025-04-17 01:06:13] Iteration: 406/1000, Temp: 0.0001, Energy: -52.415791-0.000191j
[2025-04-17 01:06:47] Iteration: 407/1000, Temp: 0.0001, Energy: -52.346933-0.003670j
[2025-04-17 01:07:22] Iteration: 408/1000, Temp: 0.0001, Energy: -52.424879-0.009168j
[2025-04-17 01:07:57] Iteration: 409/1000, Temp: 0.0001, Energy: -52.529136+0.003377j
[2025-04-17 01:08:32] Iteration: 410/1000, Temp: 0.0001, Energy: -52.481599-0.003701j
[2025-04-17 01:09:06] Iteration: 411/1000, Temp: 0.0001, Energy: -52.416013+0.004849j
[2025-04-17 01:09:41] Iteration: 412/1000, Temp: 0.0001, Energy: -52.372718+0.002864j
[2025-04-17 01:10:16] Iteration: 413/1000, Temp: 0.0001, Energy: -52.385284-0.005615j
[2025-04-17 01:10:51] Iteration: 414/1000, Temp: 0.0001, Energy: -52.569741-0.009563j
[2025-04-17 01:11:25] Iteration: 415/1000, Temp: 0.0001, Energy: -52.557762+0.004882j
[2025-04-17 01:12:00] Iteration: 416/1000, Temp: 0.0001, Energy: -52.681587-0.003923j
[2025-04-17 01:12:35] Iteration: 417/1000, Temp: 0.0001, Energy: -52.477023-0.010902j
[2025-04-17 01:13:10] Iteration: 418/1000, Temp: 0.0001, Energy: -52.482917+0.002317j
[2025-04-17 01:13:44] Iteration: 419/1000, Temp: 0.0001, Energy: -52.417993+0.001988j
[2025-04-17 01:14:19] Iteration: 420/1000, Temp: 0.0001, Energy: -52.465916-0.002337j
[2025-04-17 01:14:54] Iteration: 421/1000, Temp: 0.0001, Energy: -52.503168+0.006844j
[2025-04-17 01:15:29] Iteration: 422/1000, Temp: 0.0001, Energy: -52.490197-0.009105j
[2025-04-17 01:16:03] Iteration: 423/1000, Temp: 0.0001, Energy: -52.392424+0.006618j
[2025-04-17 01:16:38] Iteration: 424/1000, Temp: 0.0001, Energy: -52.458569-0.000465j
[2025-04-17 01:17:13] Iteration: 425/1000, Temp: 0.0001, Energy: -52.320192+0.001803j
[2025-04-17 01:17:48] Iteration: 426/1000, Temp: 0.0001, Energy: -52.507051-0.002428j
[2025-04-17 01:18:22] Iteration: 427/1000, Temp: 0.0001, Energy: -52.419919-0.004163j
[2025-04-17 01:18:57] Iteration: 428/1000, Temp: 0.0001, Energy: -52.405832+0.010566j
[2025-04-17 01:19:32] Iteration: 429/1000, Temp: 0.0001, Energy: -52.356898+0.002971j
[2025-04-17 01:20:07] Iteration: 430/1000, Temp: 0.0001, Energy: -52.409334-0.001520j
[2025-04-17 01:20:42] Iteration: 431/1000, Temp: 0.0001, Energy: -52.394243-0.008406j
[2025-04-17 01:21:16] Iteration: 432/1000, Temp: 0.0001, Energy: -52.542584-0.003371j
[2025-04-17 01:21:51] Iteration: 433/1000, Temp: 0.0001, Energy: -52.423403-0.003658j
[2025-04-17 01:22:26] Iteration: 434/1000, Temp: 0.0001, Energy: -52.578036-0.001293j
[2025-04-17 01:23:00] Iteration: 435/1000, Temp: 0.0001, Energy: -52.515997+0.004235j
[2025-04-17 01:23:35] Iteration: 436/1000, Temp: 0.0001, Energy: -52.456500-0.004924j
[2025-04-17 01:24:10] Iteration: 437/1000, Temp: 0.0001, Energy: -52.462918+0.000917j
[2025-04-17 01:24:45] Iteration: 438/1000, Temp: 0.0001, Energy: -52.519606+0.010378j
[2025-04-17 01:25:19] Iteration: 439/1000, Temp: 0.0001, Energy: -52.452169+0.000497j
[2025-04-17 01:25:54] Iteration: 440/1000, Temp: 0.0001, Energy: -52.479564+0.018748j
[2025-04-17 01:26:29] Iteration: 441/1000, Temp: 0.0001, Energy: -52.401484-0.009671j
[2025-04-17 01:27:04] Iteration: 442/1000, Temp: 0.0001, Energy: -52.402944+0.004677j
[2025-04-17 01:27:38] Iteration: 443/1000, Temp: 0.0001, Energy: -52.436976+0.006652j
[2025-04-17 01:28:13] Iteration: 444/1000, Temp: 0.0001, Energy: -52.368838-0.004014j
[2025-04-17 01:28:48] Iteration: 445/1000, Temp: 0.0001, Energy: -52.432209+0.004584j
[2025-04-17 01:29:23] Iteration: 446/1000, Temp: 0.0001, Energy: -52.396547+0.008556j
[2025-04-17 01:29:57] Iteration: 447/1000, Temp: 0.0001, Energy: -52.481014-0.004636j
[2025-04-17 01:30:32] Iteration: 448/1000, Temp: 0.0001, Energy: -52.425271-0.006537j
[2025-04-17 01:31:07] Iteration: 449/1000, Temp: 0.0001, Energy: -52.504185-0.011001j
[2025-04-17 01:31:42] Iteration: 450/1000, Temp: 0.0001, Energy: -52.513290-0.000129j
[2025-04-17 01:32:16] Iteration: 451/1000, Temp: 0.0001, Energy: -52.370875-0.007386j
[2025-04-17 01:32:51] Iteration: 452/1000, Temp: 0.0001, Energy: -52.470479+0.010055j
[2025-04-17 01:33:26] Iteration: 453/1000, Temp: 0.0001, Energy: -52.280720+0.002995j
[2025-04-17 01:34:01] Iteration: 454/1000, Temp: 0.0001, Energy: -52.383134+0.004981j
[2025-04-17 01:34:35] Iteration: 455/1000, Temp: 0.0001, Energy: -52.298005+0.006082j
[2025-04-17 01:35:10] Iteration: 456/1000, Temp: 0.0001, Energy: -52.364118-0.008320j
[2025-04-17 01:35:45] Iteration: 457/1000, Temp: 0.0001, Energy: -52.549826+0.008000j
[2025-04-17 01:36:20] Iteration: 458/1000, Temp: 0.0001, Energy: -52.476576-0.009221j
[2025-04-17 01:36:55] Iteration: 459/1000, Temp: 0.0001, Energy: -52.459197-0.006641j
[2025-04-17 01:37:29] Iteration: 460/1000, Temp: 0.0001, Energy: -52.475067+0.004964j
[2025-04-17 01:38:04] Iteration: 461/1000, Temp: 0.0000, Energy: -52.549825-0.000603j
[2025-04-17 01:38:39] Iteration: 462/1000, Temp: 0.0000, Energy: -52.451886+0.006657j
[2025-04-17 01:39:14] Iteration: 463/1000, Temp: 0.0000, Energy: -52.473223+0.004231j
[2025-04-17 01:39:49] Iteration: 464/1000, Temp: 0.0000, Energy: -52.580097-0.001943j
[2025-04-17 01:40:23] Iteration: 465/1000, Temp: 0.0000, Energy: -52.482357-0.001496j
[2025-04-17 01:40:58] Iteration: 466/1000, Temp: 0.0000, Energy: -52.689335+0.000725j
[2025-04-17 01:41:33] Iteration: 467/1000, Temp: 0.0000, Energy: -52.451278+0.002848j
[2025-04-17 01:42:08] Iteration: 468/1000, Temp: 0.0000, Energy: -52.404000-0.004454j
[2025-04-17 01:42:43] Iteration: 469/1000, Temp: 0.0000, Energy: -52.345724-0.002626j
[2025-04-17 01:43:17] Iteration: 470/1000, Temp: 0.0000, Energy: -52.452269-0.001036j
[2025-04-17 01:43:52] Iteration: 471/1000, Temp: 0.0000, Energy: -52.416598-0.002750j
[2025-04-17 01:44:27] Iteration: 472/1000, Temp: 0.0000, Energy: -52.430920-0.001476j
[2025-04-17 01:45:02] Iteration: 473/1000, Temp: 0.0000, Energy: -52.424343+0.000728j
[2025-04-17 01:45:36] Iteration: 474/1000, Temp: 0.0000, Energy: -52.466566-0.011608j
[2025-04-17 01:46:11] Iteration: 475/1000, Temp: 0.0000, Energy: -52.432756+0.002350j
[2025-04-17 01:46:46] Iteration: 476/1000, Temp: 0.0000, Energy: -52.465690-0.001660j
[2025-04-17 01:47:20] Iteration: 477/1000, Temp: 0.0000, Energy: -52.312366+0.014838j
[2025-04-17 01:47:55] Iteration: 478/1000, Temp: 0.0000, Energy: -52.490847-0.005880j
[2025-04-17 01:48:30] Iteration: 479/1000, Temp: 0.0000, Energy: -52.498627-0.013418j
[2025-04-17 01:49:05] Iteration: 480/1000, Temp: 0.0000, Energy: -52.433445-0.008647j
[2025-04-17 01:49:39] Iteration: 481/1000, Temp: 0.0000, Energy: -52.237264+0.009725j
[2025-04-17 01:50:14] Iteration: 482/1000, Temp: 0.0000, Energy: -52.360840+0.002487j
[2025-04-17 01:50:49] Iteration: 483/1000, Temp: 0.0000, Energy: -52.337452-0.015528j
[2025-04-17 01:51:24] Iteration: 484/1000, Temp: 0.0000, Energy: -52.312296-0.001643j
[2025-04-17 01:51:58] Iteration: 485/1000, Temp: 0.0000, Energy: -52.410366-0.010704j
[2025-04-17 01:52:33] Iteration: 486/1000, Temp: 0.0000, Energy: -52.376397-0.003858j
[2025-04-17 01:53:08] Iteration: 487/1000, Temp: 0.0000, Energy: -52.412171-0.016380j
[2025-04-17 01:53:43] Iteration: 488/1000, Temp: 0.0000, Energy: -52.562868-0.002821j
[2025-04-17 01:54:18] Iteration: 489/1000, Temp: 0.0000, Energy: -52.443060-0.002753j
[2025-04-17 01:54:52] Iteration: 490/1000, Temp: 0.0000, Energy: -52.405394-0.000202j
[2025-04-17 01:55:27] Iteration: 491/1000, Temp: 0.0000, Energy: -52.339232-0.007493j
[2025-04-17 01:56:02] Iteration: 492/1000, Temp: 0.0000, Energy: -52.334399-0.004238j
[2025-04-17 01:56:37] Iteration: 493/1000, Temp: 0.0000, Energy: -52.228067-0.006652j
[2025-04-17 01:57:11] Iteration: 494/1000, Temp: 0.0000, Energy: -52.526824-0.011396j
[2025-04-17 01:57:46] Iteration: 495/1000, Temp: 0.0000, Energy: -52.341698+0.004950j
[2025-04-17 01:58:21] Iteration: 496/1000, Temp: 0.0000, Energy: -52.360442+0.008789j
[2025-04-17 01:58:56] Iteration: 497/1000, Temp: 0.0000, Energy: -52.378669+0.007801j
[2025-04-17 01:59:30] Iteration: 498/1000, Temp: 0.0000, Energy: -52.335602+0.007113j
[2025-04-17 02:00:05] Iteration: 499/1000, Temp: 0.0000, Energy: -52.410086-0.002761j
[2025-04-17 02:00:40] Iteration: 500/1000, Temp: 0.0000, Energy: -52.467553+0.004227j
[2025-04-17 02:01:15] Iteration: 501/1000, Temp: 0.0000, Energy: -52.397031-0.001740j
[2025-04-17 02:01:49] Iteration: 502/1000, Temp: 0.0000, Energy: -52.501262+0.003761j
[2025-04-17 02:02:24] Iteration: 503/1000, Temp: 0.0000, Energy: -52.447098+0.004048j
[2025-04-17 02:02:59] Iteration: 504/1000, Temp: 0.0000, Energy: -52.438837+0.004826j
[2025-04-17 02:03:34] Iteration: 505/1000, Temp: 0.0000, Energy: -52.411741-0.008720j
[2025-04-17 02:04:08] Iteration: 506/1000, Temp: 0.0000, Energy: -52.461409+0.003555j
[2025-04-17 02:04:43] Iteration: 507/1000, Temp: 0.0000, Energy: -52.334957+0.003178j
[2025-04-17 02:05:18] Iteration: 508/1000, Temp: 0.0000, Energy: -52.359270+0.005766j
[2025-04-17 02:05:53] Iteration: 509/1000, Temp: 0.0000, Energy: -52.397963-0.002059j
[2025-04-17 02:06:28] Iteration: 510/1000, Temp: 0.0000, Energy: -52.272423-0.003689j
[2025-04-17 02:07:02] Iteration: 511/1000, Temp: 0.0000, Energy: -52.360463+0.004400j
[2025-04-17 02:07:37] Iteration: 512/1000, Temp: 0.0000, Energy: -52.330966+0.000394j
[2025-04-17 02:08:12] Iteration: 513/1000, Temp: 0.0000, Energy: -52.357025-0.000313j
[2025-04-17 02:08:47] Iteration: 514/1000, Temp: 0.0000, Energy: -52.331051+0.002184j
[2025-04-17 02:09:21] Iteration: 515/1000, Temp: 0.0000, Energy: -52.407063-0.012246j
[2025-04-17 02:09:56] Iteration: 516/1000, Temp: 0.0000, Energy: -52.515942+0.008328j
[2025-04-17 02:10:31] Iteration: 517/1000, Temp: 0.0000, Energy: -52.456431+0.009969j
[2025-04-17 02:11:06] Iteration: 518/1000, Temp: 0.0000, Energy: -52.376243+0.002062j
[2025-04-17 02:11:40] Iteration: 519/1000, Temp: 0.0000, Energy: -52.477133-0.004514j
[2025-04-17 02:12:15] Iteration: 520/1000, Temp: 0.0000, Energy: -52.539060+0.004023j
[2025-04-17 02:12:50] Iteration: 521/1000, Temp: 0.0000, Energy: -52.382186+0.001635j
[2025-04-17 02:13:25] Iteration: 522/1000, Temp: 0.0000, Energy: -52.519121-0.000210j
[2025-04-17 02:13:59] Iteration: 523/1000, Temp: 0.0000, Energy: -52.469083-0.006135j
[2025-04-17 02:14:34] Iteration: 524/1000, Temp: 0.0000, Energy: -52.336128+0.007261j
[2025-04-17 02:15:09] Iteration: 525/1000, Temp: 0.0000, Energy: -52.449760+0.006796j
[2025-04-17 02:15:44] Iteration: 526/1000, Temp: 0.0000, Energy: -52.364557-0.013672j
[2025-04-17 02:16:18] Iteration: 527/1000, Temp: 0.0000, Energy: -52.546384+0.007934j
[2025-04-17 02:16:53] Iteration: 528/1000, Temp: 0.0000, Energy: -52.506612-0.008474j
[2025-04-17 02:17:28] Iteration: 529/1000, Temp: 0.0000, Energy: -52.505670-0.006744j
[2025-04-17 02:18:03] Iteration: 530/1000, Temp: 0.0000, Energy: -52.378526+0.006560j
[2025-04-17 02:18:37] Iteration: 531/1000, Temp: 0.0000, Energy: -52.332027-0.003717j
[2025-04-17 02:19:12] Iteration: 532/1000, Temp: 0.0000, Energy: -52.448120-0.003644j
[2025-04-17 02:19:47] Iteration: 533/1000, Temp: 0.0000, Energy: -52.392547+0.007633j
[2025-04-17 02:20:22] Iteration: 534/1000, Temp: 0.0000, Energy: -52.465261+0.000245j
[2025-04-17 02:20:56] Iteration: 535/1000, Temp: 0.0000, Energy: -52.441617+0.004597j
[2025-04-17 02:21:31] Iteration: 536/1000, Temp: 0.0000, Energy: -52.386786-0.000749j
[2025-04-17 02:22:06] Iteration: 537/1000, Temp: 0.0000, Energy: -52.369263-0.000056j
[2025-04-17 02:22:41] Iteration: 538/1000, Temp: 0.0000, Energy: -52.407183+0.005948j
[2025-04-17 02:23:15] Iteration: 539/1000, Temp: 0.0000, Energy: -52.413690+0.004357j
[2025-04-17 02:23:50] Iteration: 540/1000, Temp: 0.0000, Energy: -52.485468-0.008993j
[2025-04-17 02:24:25] Iteration: 541/1000, Temp: 0.0000, Energy: -52.454652+0.000580j
[2025-04-17 02:25:00] Iteration: 542/1000, Temp: 0.0000, Energy: -52.333158-0.000406j
[2025-04-17 02:25:34] Iteration: 543/1000, Temp: 0.0000, Energy: -52.336048-0.009714j
[2025-04-17 02:26:09] Iteration: 544/1000, Temp: 0.0000, Energy: -52.407520+0.003853j
[2025-04-17 02:26:44] Iteration: 545/1000, Temp: 0.0000, Energy: -52.420035+0.004904j
[2025-04-17 02:27:19] Iteration: 546/1000, Temp: 0.0000, Energy: -52.389515+0.004920j
[2025-04-17 02:27:53] Iteration: 547/1000, Temp: 0.0000, Energy: -52.428594+0.008328j
[2025-04-17 02:28:28] Iteration: 548/1000, Temp: 0.0000, Energy: -52.520515+0.010511j
[2025-04-17 02:29:03] Iteration: 549/1000, Temp: 0.0000, Energy: -52.386784+0.011358j
[2025-04-17 02:29:38] Iteration: 550/1000, Temp: 0.0000, Energy: -52.473775+0.005027j
[2025-04-17 02:30:13] Iteration: 551/1000, Temp: 0.0000, Energy: -52.562621+0.000206j
[2025-04-17 02:30:48] Iteration: 552/1000, Temp: 0.0000, Energy: -52.469156-0.002553j
[2025-04-17 02:31:22] Iteration: 553/1000, Temp: 0.0000, Energy: -52.475337+0.002088j
[2025-04-17 02:31:57] Iteration: 554/1000, Temp: 0.0000, Energy: -52.480728+0.000250j
[2025-04-17 02:32:32] Iteration: 555/1000, Temp: 0.0000, Energy: -52.587677-0.007241j
[2025-04-17 02:33:07] Iteration: 556/1000, Temp: 0.0000, Energy: -52.536903-0.004792j
[2025-04-17 02:33:41] Iteration: 557/1000, Temp: 0.0000, Energy: -52.288796-0.014667j
[2025-04-17 02:34:16] Iteration: 558/1000, Temp: 0.0000, Energy: -52.339155+0.007447j
[2025-04-17 02:34:51] Iteration: 559/1000, Temp: 0.0000, Energy: -52.479901+0.010782j
[2025-04-17 02:35:25] Iteration: 560/1000, Temp: 0.0000, Energy: -52.491731+0.009385j
[2025-04-17 02:36:00] Iteration: 561/1000, Temp: 0.0000, Energy: -52.426143-0.006849j
[2025-04-17 02:36:35] Iteration: 562/1000, Temp: 0.0000, Energy: -52.358447-0.015960j
[2025-04-17 02:37:10] Iteration: 563/1000, Temp: 0.0000, Energy: -52.437331-0.007172j
[2025-04-17 02:37:44] Iteration: 564/1000, Temp: 0.0000, Energy: -52.313123-0.010354j
[2025-04-17 02:38:19] Iteration: 565/1000, Temp: 0.0000, Energy: -52.372018-0.006950j
[2025-04-17 02:38:54] Iteration: 566/1000, Temp: 0.0000, Energy: -52.389891-0.006869j
[2025-04-17 02:39:29] Iteration: 567/1000, Temp: 0.0000, Energy: -52.371797+0.005488j
[2025-04-17 02:40:03] Iteration: 568/1000, Temp: 0.0000, Energy: -52.391269+0.000215j
[2025-04-17 02:40:38] Iteration: 569/1000, Temp: 0.0000, Energy: -52.343431+0.008341j
[2025-04-17 02:41:13] Iteration: 570/1000, Temp: 0.0000, Energy: -52.392902-0.008873j
[2025-04-17 02:41:48] Iteration: 571/1000, Temp: 0.0000, Energy: -52.491532+0.002318j
[2025-04-17 02:42:22] Iteration: 572/1000, Temp: 0.0000, Energy: -52.591369+0.008614j
[2025-04-17 02:42:57] Iteration: 573/1000, Temp: 0.0000, Energy: -52.676341+0.005075j
[2025-04-17 02:43:32] Iteration: 574/1000, Temp: 0.0000, Energy: -52.374081+0.007384j
[2025-04-17 02:44:07] Iteration: 575/1000, Temp: 0.0000, Energy: -52.598039-0.005356j
[2025-04-17 02:44:41] Iteration: 576/1000, Temp: 0.0000, Energy: -52.353598+0.024189j
[2025-04-17 02:45:16] Iteration: 577/1000, Temp: 0.0000, Energy: -52.362963+0.003464j
[2025-04-17 02:45:51] Iteration: 578/1000, Temp: 0.0000, Energy: -52.369587-0.003075j
[2025-04-17 02:46:26] Iteration: 579/1000, Temp: 0.0000, Energy: -52.450124+0.008848j
[2025-04-17 02:47:00] Iteration: 580/1000, Temp: 0.0000, Energy: -52.577578+0.019384j
[2025-04-17 02:47:35] Iteration: 581/1000, Temp: 0.0000, Energy: -52.581846+0.013852j
[2025-04-17 02:48:10] Iteration: 582/1000, Temp: 0.0000, Energy: -52.481865+0.005164j
[2025-04-17 02:48:45] Iteration: 583/1000, Temp: 0.0000, Energy: -52.505998+0.007259j
[2025-04-17 02:49:19] Iteration: 584/1000, Temp: 0.0000, Energy: -52.558893-0.008327j
[2025-04-17 02:49:54] Iteration: 585/1000, Temp: 0.0000, Energy: -52.496981-0.000996j
[2025-04-17 02:50:29] Iteration: 586/1000, Temp: 0.0000, Energy: -52.456425+0.002699j
[2025-04-17 02:51:03] Iteration: 587/1000, Temp: 0.0000, Energy: -52.397770-0.007817j
[2025-04-17 02:51:38] Iteration: 588/1000, Temp: 0.0000, Energy: -52.435403+0.001193j
[2025-04-17 02:52:13] Iteration: 589/1000, Temp: 0.0000, Energy: -52.398649+0.013129j
[2025-04-17 02:52:48] Iteration: 590/1000, Temp: 0.0000, Energy: -52.493584-0.000566j
[2025-04-17 02:53:22] Iteration: 591/1000, Temp: 0.0000, Energy: -52.495024+0.004757j
[2025-04-17 02:53:57] Iteration: 592/1000, Temp: 0.0000, Energy: -52.387740+0.006128j
[2025-04-17 02:54:32] Iteration: 593/1000, Temp: 0.0000, Energy: -52.375710-0.007989j
[2025-04-17 02:55:07] Iteration: 594/1000, Temp: 0.0000, Energy: -52.323689+0.008218j
[2025-04-17 02:55:41] Iteration: 595/1000, Temp: 0.0000, Energy: -52.318977-0.002920j
[2025-04-17 02:56:16] Iteration: 596/1000, Temp: 0.0000, Energy: -52.259869+0.000774j
[2025-04-17 02:56:51] Iteration: 597/1000, Temp: 0.0000, Energy: -52.391581+0.004860j
[2025-04-17 02:57:25] Iteration: 598/1000, Temp: 0.0000, Energy: -52.389007-0.009011j
[2025-04-17 02:58:00] Iteration: 599/1000, Temp: 0.0000, Energy: -52.474024+0.007687j
[2025-04-17 02:58:35] Iteration: 600/1000, Temp: 0.0000, Energy: -52.457287+0.006147j
[2025-04-17 02:59:10] Iteration: 601/1000, Temp: 0.0000, Energy: -52.395005-0.011815j
[2025-04-17 02:59:45] Iteration: 602/1000, Temp: 0.0000, Energy: -52.426158-0.004202j
[2025-04-17 03:00:19] Iteration: 603/1000, Temp: 0.0000, Energy: -52.523088+0.008559j
[2025-04-17 03:00:54] Iteration: 604/1000, Temp: 0.0000, Energy: -52.493521+0.006405j
[2025-04-17 03:01:29] Iteration: 605/1000, Temp: 0.0000, Energy: -52.470723-0.004035j
[2025-04-17 03:02:03] Iteration: 606/1000, Temp: 0.0000, Energy: -52.437385+0.003870j
[2025-04-17 03:02:38] Iteration: 607/1000, Temp: 0.0000, Energy: -52.495129-0.000618j
[2025-04-17 03:03:13] Iteration: 608/1000, Temp: 0.0000, Energy: -52.450833-0.003058j
[2025-04-17 03:03:47] Iteration: 609/1000, Temp: 0.0000, Energy: -52.558122+0.002105j
[2025-04-17 03:04:22] Iteration: 610/1000, Temp: 0.0000, Energy: -52.469471+0.006486j
[2025-04-17 03:04:57] Iteration: 611/1000, Temp: 0.0000, Energy: -52.400691+0.003366j
[2025-04-17 03:05:32] Iteration: 612/1000, Temp: 0.0000, Energy: -52.412797-0.001347j
[2025-04-17 03:06:06] Iteration: 613/1000, Temp: 0.0000, Energy: -52.448680-0.004642j
[2025-04-17 03:06:41] Iteration: 614/1000, Temp: 0.0000, Energy: -52.504142-0.001518j
[2025-04-17 03:07:16] Iteration: 615/1000, Temp: 0.0000, Energy: -52.525638+0.001344j
[2025-04-17 03:07:51] Iteration: 616/1000, Temp: 0.0000, Energy: -52.392555-0.008137j
[2025-04-17 03:08:25] Iteration: 617/1000, Temp: 0.0000, Energy: -52.462318-0.005328j
[2025-04-17 03:09:00] Iteration: 618/1000, Temp: 0.0000, Energy: -52.497102+0.002283j
[2025-04-17 03:09:35] Iteration: 619/1000, Temp: 0.0000, Energy: -52.336491+0.009111j
[2025-04-17 03:10:10] Iteration: 620/1000, Temp: 0.0000, Energy: -52.358009-0.001967j
[2025-04-17 03:10:45] Iteration: 621/1000, Temp: 0.0000, Energy: -52.282444-0.004485j
[2025-04-17 03:11:19] Iteration: 622/1000, Temp: 0.0000, Energy: -52.379772+0.007587j
[2025-04-17 03:11:54] Iteration: 623/1000, Temp: 0.0000, Energy: -52.431898-0.001477j
[2025-04-17 03:12:29] Iteration: 624/1000, Temp: 0.0000, Energy: -52.351641-0.002299j
[2025-04-17 03:13:03] Iteration: 625/1000, Temp: 0.0000, Energy: -52.438054-0.004246j
[2025-04-17 03:13:38] Iteration: 626/1000, Temp: 0.0000, Energy: -52.527029+0.006267j
[2025-04-17 03:14:13] Iteration: 627/1000, Temp: 0.0000, Energy: -52.503176-0.001315j
[2025-04-17 03:14:48] Iteration: 628/1000, Temp: 0.0000, Energy: -52.537724-0.008383j
[2025-04-17 03:15:22] Iteration: 629/1000, Temp: 0.0000, Energy: -52.518950-0.008020j
[2025-04-17 03:15:57] Iteration: 630/1000, Temp: 0.0000, Energy: -52.473816+0.002635j
[2025-04-17 03:16:32] Iteration: 631/1000, Temp: 0.0000, Energy: -52.493177-0.001969j
[2025-04-17 03:17:07] Iteration: 632/1000, Temp: 0.0000, Energy: -52.399957-0.004289j
[2025-04-17 03:17:41] Iteration: 633/1000, Temp: 0.0000, Energy: -52.325895+0.003527j
[2025-04-17 03:18:16] Iteration: 634/1000, Temp: 0.0000, Energy: -52.373609-0.006150j
[2025-04-17 03:18:51] Iteration: 635/1000, Temp: 0.0000, Energy: -52.395067+0.005702j
[2025-04-17 03:19:26] Iteration: 636/1000, Temp: 0.0000, Energy: -52.597916-0.007756j
[2025-04-17 03:20:00] Iteration: 637/1000, Temp: 0.0000, Energy: -52.551350-0.011002j
[2025-04-17 03:20:35] Iteration: 638/1000, Temp: 0.0000, Energy: -52.422717+0.005857j
[2025-04-17 03:21:10] Iteration: 639/1000, Temp: 0.0000, Energy: -52.459916+0.002680j
[2025-04-17 03:21:45] Iteration: 640/1000, Temp: 0.0000, Energy: -52.443238-0.010956j
[2025-04-17 03:22:19] Iteration: 641/1000, Temp: 0.0000, Energy: -52.316230-0.001796j
[2025-04-17 03:22:54] Iteration: 642/1000, Temp: 0.0000, Energy: -52.488309+0.009780j
[2025-04-17 03:23:29] Iteration: 643/1000, Temp: 0.0000, Energy: -52.381073+0.005594j
[2025-04-17 03:24:04] Iteration: 644/1000, Temp: 0.0000, Energy: -52.493469+0.002518j
[2025-04-17 03:24:39] Iteration: 645/1000, Temp: 0.0000, Energy: -52.500433+0.002172j
[2025-04-17 03:25:13] Iteration: 646/1000, Temp: 0.0000, Energy: -52.436083+0.005463j
[2025-04-17 03:25:48] Iteration: 647/1000, Temp: 0.0000, Energy: -52.324109+0.002277j
[2025-04-17 03:26:23] Iteration: 648/1000, Temp: 0.0000, Energy: -52.447903+0.007884j
[2025-04-17 03:26:58] Iteration: 649/1000, Temp: 0.0000, Energy: -52.503589-0.001341j
[2025-04-17 03:27:32] Iteration: 650/1000, Temp: 0.0000, Energy: -52.542268+0.013668j
[2025-04-17 03:28:07] Iteration: 651/1000, Temp: 0.0000, Energy: -52.499743-0.000688j
[2025-04-17 03:28:42] Iteration: 652/1000, Temp: 0.0000, Energy: -52.519957+0.007719j
[2025-04-17 03:29:17] Iteration: 653/1000, Temp: 0.0000, Energy: -52.472617+0.002039j
[2025-04-17 03:29:51] Iteration: 654/1000, Temp: 0.0000, Energy: -52.425594-0.000661j
[2025-04-17 03:30:26] Iteration: 655/1000, Temp: 0.0000, Energy: -52.509786+0.001675j
[2025-04-17 03:31:01] Iteration: 656/1000, Temp: 0.0000, Energy: -52.322690+0.004413j
[2025-04-17 03:31:36] Iteration: 657/1000, Temp: 0.0000, Energy: -52.575181+0.003401j
[2025-04-17 03:32:10] Iteration: 658/1000, Temp: 0.0000, Energy: -52.348839+0.002325j
[2025-04-17 03:32:45] Iteration: 659/1000, Temp: 0.0000, Energy: -52.198916-0.009542j
[2025-04-17 03:33:20] Iteration: 660/1000, Temp: 0.0000, Energy: -52.409427-0.000107j
[2025-04-17 03:33:55] Iteration: 661/1000, Temp: 0.0000, Energy: -52.381071-0.009859j
[2025-04-17 03:34:29] Iteration: 662/1000, Temp: 0.0000, Energy: -52.471208-0.000103j
[2025-04-17 03:35:04] Iteration: 663/1000, Temp: 0.0000, Energy: -52.449438+0.000992j
[2025-04-17 03:35:39] Iteration: 664/1000, Temp: 0.0000, Energy: -52.574618+0.004833j
[2025-04-17 03:36:14] Iteration: 665/1000, Temp: 0.0000, Energy: -52.534043-0.003186j
[2025-04-17 03:36:48] Iteration: 666/1000, Temp: 0.0000, Energy: -52.542135+0.004441j
[2025-04-17 03:37:23] Iteration: 667/1000, Temp: 0.0000, Energy: -52.488731+0.002926j
[2025-04-17 03:37:58] Iteration: 668/1000, Temp: 0.0000, Energy: -52.411673+0.009371j
[2025-04-17 03:38:33] Iteration: 669/1000, Temp: 0.0000, Energy: -52.318393+0.003859j
[2025-04-17 03:39:07] Iteration: 670/1000, Temp: 0.0000, Energy: -52.385551+0.000882j
[2025-04-17 03:39:42] Iteration: 671/1000, Temp: 0.0000, Energy: -52.428185-0.001417j
[2025-04-17 03:40:17] Iteration: 672/1000, Temp: 0.0000, Energy: -52.382386+0.010675j
[2025-04-17 03:40:52] Iteration: 673/1000, Temp: 0.0000, Energy: -52.440271+0.005277j
[2025-04-17 03:41:26] Iteration: 674/1000, Temp: 0.0000, Energy: -52.504016+0.002469j
[2025-04-17 03:42:01] Iteration: 675/1000, Temp: 0.0000, Energy: -52.629736-0.003868j
[2025-04-17 03:42:36] Iteration: 676/1000, Temp: 0.0000, Energy: -52.524407+0.013272j
[2025-04-17 03:43:11] Iteration: 677/1000, Temp: 0.0000, Energy: -52.501322+0.005058j
[2025-04-17 03:43:45] Iteration: 678/1000, Temp: 0.0000, Energy: -52.532966+0.007775j
[2025-04-17 03:44:20] Iteration: 679/1000, Temp: 0.0000, Energy: -52.423061+0.003856j
[2025-04-17 03:44:55] Iteration: 680/1000, Temp: 0.0000, Energy: -52.413028-0.002737j
[2025-04-17 03:45:30] Iteration: 681/1000, Temp: 0.0000, Energy: -52.384499-0.012064j
[2025-04-17 03:46:04] Iteration: 682/1000, Temp: 0.0000, Energy: -52.469728-0.007824j
[2025-04-17 03:46:39] Iteration: 683/1000, Temp: 0.0000, Energy: -52.485403+0.001002j
[2025-04-17 03:47:14] Iteration: 684/1000, Temp: 0.0000, Energy: -52.434244-0.005221j
[2025-04-17 03:47:48] Iteration: 685/1000, Temp: 0.0000, Energy: -52.552184-0.011516j
[2025-04-17 03:48:23] Iteration: 686/1000, Temp: 0.0000, Energy: -52.440912-0.007322j
[2025-04-17 03:48:58] Iteration: 687/1000, Temp: 0.0000, Energy: -52.462690+0.003035j
[2025-04-17 03:49:33] Iteration: 688/1000, Temp: 0.0000, Energy: -52.541286+0.002851j
[2025-04-17 03:50:07] Iteration: 689/1000, Temp: 0.0000, Energy: -52.449074-0.001254j
[2025-04-17 03:50:42] Iteration: 690/1000, Temp: 0.0000, Energy: -52.491184+0.010001j
[2025-04-17 03:51:17] Iteration: 691/1000, Temp: 0.0000, Energy: -52.455489-0.003239j
[2025-04-17 03:51:52] Iteration: 692/1000, Temp: 0.0000, Energy: -52.392595-0.001965j
[2025-04-17 03:52:26] Iteration: 693/1000, Temp: 0.0000, Energy: -52.438098+0.001512j
[2025-04-17 03:53:01] Iteration: 694/1000, Temp: 0.0000, Energy: -52.462855+0.008601j
[2025-04-17 03:53:36] Iteration: 695/1000, Temp: 0.0000, Energy: -52.661945+0.002210j
[2025-04-17 03:54:11] Iteration: 696/1000, Temp: 0.0000, Energy: -52.573862+0.002351j
[2025-04-17 03:54:45] Iteration: 697/1000, Temp: 0.0000, Energy: -52.582328+0.005714j
[2025-04-17 03:55:20] Iteration: 698/1000, Temp: 0.0000, Energy: -52.497900+0.007472j
[2025-04-17 03:55:55] Iteration: 699/1000, Temp: 0.0000, Energy: -52.540694-0.001167j
[2025-04-17 03:56:30] Iteration: 700/1000, Temp: 0.0000, Energy: -52.535501-0.007328j
[2025-04-17 03:57:04] Iteration: 701/1000, Temp: 0.0000, Energy: -52.602553+0.012537j
[2025-04-17 03:57:39] Iteration: 702/1000, Temp: 0.0000, Energy: -52.550682+0.000937j
[2025-04-17 03:58:14] Iteration: 703/1000, Temp: 0.0000, Energy: -52.475021-0.000247j
[2025-04-17 03:58:49] Iteration: 704/1000, Temp: 0.0000, Energy: -52.439739-0.001567j
[2025-04-17 03:59:23] Iteration: 705/1000, Temp: 0.0000, Energy: -52.564571+0.005370j
[2025-04-17 03:59:58] Iteration: 706/1000, Temp: 0.0000, Energy: -52.488518-0.001643j
[2025-04-17 04:00:33] Iteration: 707/1000, Temp: 0.0000, Energy: -52.415629-0.004398j
[2025-04-17 04:01:08] Iteration: 708/1000, Temp: 0.0000, Energy: -52.478144+0.005762j
[2025-04-17 04:01:43] Iteration: 709/1000, Temp: 0.0000, Energy: -52.567119+0.005143j
[2025-04-17 04:02:17] Iteration: 710/1000, Temp: 0.0000, Energy: -52.506452-0.000563j
[2025-04-17 04:02:52] Iteration: 711/1000, Temp: 0.0000, Energy: -52.388975-0.002869j
[2025-04-17 04:03:27] Iteration: 712/1000, Temp: 0.0000, Energy: -52.328368-0.006456j
[2025-04-17 04:04:02] Iteration: 713/1000, Temp: 0.0000, Energy: -52.446868+0.009126j
[2025-04-17 04:04:37] Iteration: 714/1000, Temp: 0.0000, Energy: -52.486107-0.000172j
[2025-04-17 04:05:11] Iteration: 715/1000, Temp: 0.0000, Energy: -52.446403-0.005744j
[2025-04-17 04:05:46] Iteration: 716/1000, Temp: 0.0000, Energy: -52.343775-0.007861j
[2025-04-17 04:06:21] Iteration: 717/1000, Temp: 0.0000, Energy: -52.484145-0.004918j
[2025-04-17 04:06:56] Iteration: 718/1000, Temp: 0.0000, Energy: -52.429023+0.003906j
[2025-04-17 04:07:30] Iteration: 719/1000, Temp: 0.0000, Energy: -52.437496-0.000914j
[2025-04-17 04:08:05] Iteration: 720/1000, Temp: 0.0000, Energy: -52.276808-0.006145j
[2025-04-17 04:08:40] Iteration: 721/1000, Temp: 0.0000, Energy: -52.332168-0.000761j
[2025-04-17 04:09:15] Iteration: 722/1000, Temp: 0.0000, Energy: -52.444792+0.001510j
[2025-04-17 04:09:50] Iteration: 723/1000, Temp: 0.0000, Energy: -52.542449-0.002242j
[2025-04-17 04:10:24] Iteration: 724/1000, Temp: 0.0000, Energy: -52.392122-0.000926j
[2025-04-17 04:10:59] Iteration: 725/1000, Temp: 0.0000, Energy: -52.416012-0.003440j
[2025-04-17 04:11:34] Iteration: 726/1000, Temp: 0.0000, Energy: -52.442703+0.004241j
[2025-04-17 04:12:09] Iteration: 727/1000, Temp: 0.0000, Energy: -52.335307+0.001363j
[2025-04-17 04:12:43] Iteration: 728/1000, Temp: 0.0000, Energy: -52.380066+0.009833j
[2025-04-17 04:13:18] Iteration: 729/1000, Temp: 0.0000, Energy: -52.300454+0.005856j
[2025-04-17 04:13:53] Iteration: 730/1000, Temp: 0.0000, Energy: -52.430722+0.000252j
[2025-04-17 04:14:28] Iteration: 731/1000, Temp: 0.0000, Energy: -52.428572-0.013809j
[2025-04-17 04:15:02] Iteration: 732/1000, Temp: 0.0000, Energy: -52.432690+0.006219j
[2025-04-17 04:15:37] Iteration: 733/1000, Temp: 0.0000, Energy: -52.453705-0.000257j
[2025-04-17 04:16:12] Iteration: 734/1000, Temp: 0.0000, Energy: -52.417365-0.002043j
[2025-04-17 04:16:47] Iteration: 735/1000, Temp: 0.0000, Energy: -52.475085+0.006665j
[2025-04-17 04:17:21] Iteration: 736/1000, Temp: 0.0000, Energy: -52.453980-0.005370j
[2025-04-17 04:17:56] Iteration: 737/1000, Temp: 0.0000, Energy: -52.396203+0.005393j
[2025-04-17 04:18:31] Iteration: 738/1000, Temp: 0.0000, Energy: -52.466328+0.001094j
[2025-04-17 04:19:05] Iteration: 739/1000, Temp: 0.0000, Energy: -52.458759-0.001729j
[2025-04-17 04:19:40] Iteration: 740/1000, Temp: 0.0000, Energy: -52.513270+0.005626j
[2025-04-17 04:20:15] Iteration: 741/1000, Temp: 0.0000, Energy: -52.501913-0.007375j
[2025-04-17 04:20:50] Iteration: 742/1000, Temp: 0.0000, Energy: -52.333089+0.006657j
[2025-04-17 04:21:24] Iteration: 743/1000, Temp: 0.0000, Energy: -52.344111-0.000526j
[2025-04-17 04:21:59] Iteration: 744/1000, Temp: 0.0000, Energy: -52.477588-0.011780j
[2025-04-17 04:22:34] Iteration: 745/1000, Temp: 0.0000, Energy: -52.417840-0.001361j
[2025-04-17 04:23:09] Iteration: 746/1000, Temp: 0.0000, Energy: -52.464165+0.000323j
[2025-04-17 04:23:44] Iteration: 747/1000, Temp: 0.0000, Energy: -52.575545-0.000288j
[2025-04-17 04:24:18] Iteration: 748/1000, Temp: 0.0000, Energy: -52.433239-0.006704j
[2025-04-17 04:24:53] Iteration: 749/1000, Temp: 0.0000, Energy: -52.535095-0.000619j
[2025-04-17 04:25:28] Iteration: 750/1000, Temp: 0.0000, Energy: -52.547952+0.011204j
[2025-04-17 04:26:03] Iteration: 751/1000, Temp: 0.0000, Energy: -52.537544-0.009682j
[2025-04-17 04:26:37] Iteration: 752/1000, Temp: 0.0000, Energy: -52.502527+0.002192j
[2025-04-17 04:27:12] Iteration: 753/1000, Temp: 0.0000, Energy: -52.365557+0.000694j
[2025-04-17 04:27:47] Iteration: 754/1000, Temp: 0.0000, Energy: -52.441005-0.003208j
[2025-04-17 04:28:22] Iteration: 755/1000, Temp: 0.0000, Energy: -52.447075-0.000320j
[2025-04-17 04:28:56] Iteration: 756/1000, Temp: 0.0000, Energy: -52.429360+0.007620j
[2025-04-17 04:29:31] Iteration: 757/1000, Temp: 0.0000, Energy: -52.395685+0.001605j
[2025-04-17 04:30:06] Iteration: 758/1000, Temp: 0.0000, Energy: -52.425814-0.006072j
[2025-04-17 04:30:41] Iteration: 759/1000, Temp: 0.0000, Energy: -52.402518+0.008973j
[2025-04-17 04:31:15] Iteration: 760/1000, Temp: 0.0000, Energy: -52.436792+0.001292j
[2025-04-17 04:31:50] Iteration: 761/1000, Temp: 0.0000, Energy: -52.490174-0.005500j
[2025-04-17 04:32:25] Iteration: 762/1000, Temp: 0.0000, Energy: -52.418172+0.005358j
[2025-04-17 04:33:00] Iteration: 763/1000, Temp: 0.0000, Energy: -52.452184+0.002708j
[2025-04-17 04:33:34] Iteration: 764/1000, Temp: 0.0000, Energy: -52.418157-0.003656j
[2025-04-17 04:34:09] Iteration: 765/1000, Temp: 0.0000, Energy: -52.529703-0.010321j
[2025-04-17 04:34:44] Iteration: 766/1000, Temp: 0.0000, Energy: -52.420568-0.003022j
[2025-04-17 04:35:19] Iteration: 767/1000, Temp: 0.0000, Energy: -52.424893+0.010719j
[2025-04-17 04:35:53] Iteration: 768/1000, Temp: 0.0000, Energy: -52.431725+0.009823j
[2025-04-17 04:36:28] Iteration: 769/1000, Temp: 0.0000, Energy: -52.425292-0.003836j
[2025-04-17 04:37:03] Iteration: 770/1000, Temp: 0.0000, Energy: -52.429452+0.001585j
[2025-04-17 04:37:38] Iteration: 771/1000, Temp: 0.0000, Energy: -52.451043+0.001348j
[2025-04-17 04:38:13] Iteration: 772/1000, Temp: 0.0000, Energy: -52.477091-0.005372j
[2025-04-17 04:38:47] Iteration: 773/1000, Temp: 0.0000, Energy: -52.391561-0.001596j
[2025-04-17 04:39:22] Iteration: 774/1000, Temp: 0.0000, Energy: -52.332849-0.002651j
[2025-04-17 04:39:57] Iteration: 775/1000, Temp: 0.0000, Energy: -52.400801-0.004184j
[2025-04-17 04:40:32] Iteration: 776/1000, Temp: 0.0000, Energy: -52.420504-0.002825j
[2025-04-17 04:41:06] Iteration: 777/1000, Temp: 0.0000, Energy: -52.394547-0.002091j
[2025-04-17 04:41:41] Iteration: 778/1000, Temp: 0.0000, Energy: -52.346767-0.000368j
[2025-04-17 04:42:16] Iteration: 779/1000, Temp: 0.0000, Energy: -52.443119+0.010405j
[2025-04-17 04:42:51] Iteration: 780/1000, Temp: 0.0000, Energy: -52.418594+0.009545j
[2025-04-17 04:43:25] Iteration: 781/1000, Temp: 0.0000, Energy: -52.426244+0.007491j
[2025-04-17 04:44:00] Iteration: 782/1000, Temp: 0.0000, Energy: -52.338306-0.002588j
[2025-04-17 04:44:35] Iteration: 783/1000, Temp: 0.0000, Energy: -52.451048+0.002953j
[2025-04-17 04:45:10] Iteration: 784/1000, Temp: 0.0000, Energy: -52.455794+0.016372j
[2025-04-17 04:45:44] Iteration: 785/1000, Temp: 0.0000, Energy: -52.292036+0.001082j
[2025-04-17 04:46:19] Iteration: 786/1000, Temp: 0.0000, Energy: -52.444256-0.003952j
[2025-04-17 04:46:54] Iteration: 787/1000, Temp: 0.0000, Energy: -52.409144-0.004429j
[2025-04-17 04:47:28] Iteration: 788/1000, Temp: 0.0000, Energy: -52.306520-0.000765j
[2025-04-17 04:48:03] Iteration: 789/1000, Temp: 0.0000, Energy: -52.500264+0.010491j
[2025-04-17 04:48:38] Iteration: 790/1000, Temp: 0.0000, Energy: -52.461469+0.003249j
[2025-04-17 04:49:13] Iteration: 791/1000, Temp: 0.0000, Energy: -52.418631-0.006685j
[2025-04-17 04:49:48] Iteration: 792/1000, Temp: 0.0000, Energy: -52.462241+0.003364j
[2025-04-17 04:50:22] Iteration: 793/1000, Temp: 0.0000, Energy: -52.454740+0.004229j
[2025-04-17 04:50:57] Iteration: 794/1000, Temp: 0.0000, Energy: -52.510258+0.001944j
[2025-04-17 04:51:32] Iteration: 795/1000, Temp: 0.0000, Energy: -52.443002-0.003639j
[2025-04-17 04:52:07] Iteration: 796/1000, Temp: 0.0000, Energy: -52.299620+0.010113j
[2025-04-17 04:52:41] Iteration: 797/1000, Temp: 0.0000, Energy: -52.445510+0.001238j
[2025-04-17 04:53:16] Iteration: 798/1000, Temp: 0.0000, Energy: -52.490750+0.005161j
[2025-04-17 04:53:51] Iteration: 799/1000, Temp: 0.0000, Energy: -52.392670-0.000462j
[2025-04-17 04:54:26] Iteration: 800/1000, Temp: 0.0000, Energy: -52.370256+0.001337j
[2025-04-17 04:55:00] Iteration: 801/1000, Temp: 0.0000, Energy: -52.421655+0.001045j
[2025-04-17 04:55:35] Iteration: 802/1000, Temp: 0.0000, Energy: -52.483933+0.006373j
[2025-04-17 04:56:10] Iteration: 803/1000, Temp: 0.0000, Energy: -52.473026+0.001960j
[2025-04-17 04:56:45] Iteration: 804/1000, Temp: 0.0000, Energy: -52.437922+0.000968j
[2025-04-17 04:57:19] Iteration: 805/1000, Temp: 0.0000, Energy: -52.409614-0.000198j
[2025-04-17 04:57:54] Iteration: 806/1000, Temp: 0.0000, Energy: -52.350797-0.010003j
[2025-04-17 04:58:29] Iteration: 807/1000, Temp: 0.0000, Energy: -52.359677-0.000147j
[2025-04-17 04:59:04] Iteration: 808/1000, Temp: 0.0000, Energy: -52.410371+0.001691j
[2025-04-17 04:59:38] Iteration: 809/1000, Temp: 0.0000, Energy: -52.416199-0.000161j
[2025-04-17 05:00:13] Iteration: 810/1000, Temp: 0.0000, Energy: -52.375645-0.009816j
[2025-04-17 05:00:48] Iteration: 811/1000, Temp: 0.0000, Energy: -52.413426-0.008195j
[2025-04-17 05:01:23] Iteration: 812/1000, Temp: 0.0000, Energy: -52.484272-0.003550j
[2025-04-17 05:01:57] Iteration: 813/1000, Temp: 0.0000, Energy: -52.530744+0.000555j
[2025-04-17 05:02:32] Iteration: 814/1000, Temp: 0.0000, Energy: -52.414491+0.005405j
[2025-04-17 05:03:07] Iteration: 815/1000, Temp: 0.0000, Energy: -52.563265+0.000379j
[2025-04-17 05:03:42] Iteration: 816/1000, Temp: 0.0000, Energy: -52.449508-0.001838j
[2025-04-17 05:04:16] Iteration: 817/1000, Temp: 0.0000, Energy: -52.400615-0.005379j
[2025-04-17 05:04:51] Iteration: 818/1000, Temp: 0.0000, Energy: -52.482476-0.003581j
[2025-04-17 05:05:26] Iteration: 819/1000, Temp: 0.0000, Energy: -52.508090-0.006052j
[2025-04-17 05:06:01] Iteration: 820/1000, Temp: 0.0000, Energy: -52.484900-0.000795j
[2025-04-17 05:06:35] Iteration: 821/1000, Temp: 0.0000, Energy: -52.478953-0.001072j
[2025-04-17 05:07:10] Iteration: 822/1000, Temp: 0.0000, Energy: -52.349402+0.003116j
[2025-04-17 05:07:45] Iteration: 823/1000, Temp: 0.0000, Energy: -52.517082-0.000073j
[2025-04-17 05:08:20] Iteration: 824/1000, Temp: 0.0000, Energy: -52.442373-0.007697j
[2025-04-17 05:08:54] Iteration: 825/1000, Temp: 0.0000, Energy: -52.471446-0.002170j
[2025-04-17 05:09:29] Iteration: 826/1000, Temp: 0.0000, Energy: -52.530767+0.003372j
[2025-04-17 05:10:04] Iteration: 827/1000, Temp: 0.0000, Energy: -52.443199-0.003818j
[2025-04-17 05:10:39] Iteration: 828/1000, Temp: 0.0000, Energy: -52.486561+0.001714j
[2025-04-17 05:11:14] Iteration: 829/1000, Temp: 0.0000, Energy: -52.408095+0.002641j
[2025-04-17 05:11:48] Iteration: 830/1000, Temp: 0.0000, Energy: -52.416987-0.003042j
[2025-04-17 05:12:23] Iteration: 831/1000, Temp: 0.0000, Energy: -52.489733-0.010234j
[2025-04-17 05:12:58] Iteration: 832/1000, Temp: 0.0000, Energy: -52.394058+0.007725j
[2025-04-17 05:13:33] Iteration: 833/1000, Temp: 0.0000, Energy: -52.415828-0.004447j
[2025-04-17 05:14:07] Iteration: 834/1000, Temp: 0.0000, Energy: -52.384590-0.007168j
[2025-04-17 05:14:42] Iteration: 835/1000, Temp: 0.0000, Energy: -52.436589-0.004338j
[2025-04-17 05:15:17] Iteration: 836/1000, Temp: 0.0000, Energy: -52.431123-0.000662j
[2025-04-17 05:15:52] Iteration: 837/1000, Temp: 0.0000, Energy: -52.470092+0.002756j
[2025-04-17 05:16:26] Iteration: 838/1000, Temp: 0.0000, Energy: -52.408974-0.010926j
[2025-04-17 05:17:01] Iteration: 839/1000, Temp: 0.0000, Energy: -52.519049-0.003500j
[2025-04-17 05:17:36] Iteration: 840/1000, Temp: 0.0000, Energy: -52.511101-0.003529j
[2025-04-17 05:18:11] Iteration: 841/1000, Temp: 0.0000, Energy: -52.559153+0.009154j
[2025-04-17 05:18:45] Iteration: 842/1000, Temp: 0.0000, Energy: -52.510034-0.000351j
[2025-04-17 05:19:20] Iteration: 843/1000, Temp: 0.0000, Energy: -52.549640+0.003354j
[2025-04-17 05:19:55] Iteration: 844/1000, Temp: 0.0000, Energy: -52.435406+0.003182j
[2025-04-17 05:20:30] Iteration: 845/1000, Temp: 0.0000, Energy: -52.449728+0.007269j
[2025-04-17 05:21:05] Iteration: 846/1000, Temp: 0.0000, Energy: -52.427037+0.001797j
[2025-04-17 05:21:39] Iteration: 847/1000, Temp: 0.0000, Energy: -52.435094+0.000887j
[2025-04-17 05:22:14] Iteration: 848/1000, Temp: 0.0000, Energy: -52.394248+0.008811j
[2025-04-17 05:22:49] Iteration: 849/1000, Temp: 0.0000, Energy: -52.415550-0.002450j
[2025-04-17 05:23:24] Iteration: 850/1000, Temp: 0.0000, Energy: -52.542857+0.005752j
[2025-04-17 05:23:58] Iteration: 851/1000, Temp: 0.0000, Energy: -52.484043-0.008305j
[2025-04-17 05:24:33] Iteration: 852/1000, Temp: 0.0000, Energy: -52.543040-0.003300j
[2025-04-17 05:25:08] Iteration: 853/1000, Temp: 0.0000, Energy: -52.407859+0.005152j
[2025-04-17 05:25:43] Iteration: 854/1000, Temp: 0.0000, Energy: -52.465767+0.000481j
[2025-04-17 05:26:17] Iteration: 855/1000, Temp: 0.0000, Energy: -52.360726+0.000959j
[2025-04-17 05:26:52] Iteration: 856/1000, Temp: 0.0000, Energy: -52.418388-0.003766j
[2025-04-17 05:27:27] Iteration: 857/1000, Temp: 0.0000, Energy: -52.462639-0.006101j
[2025-04-17 05:28:02] Iteration: 858/1000, Temp: 0.0000, Energy: -52.467314+0.001167j
[2025-04-17 05:28:36] Iteration: 859/1000, Temp: 0.0000, Energy: -52.447848-0.006784j
[2025-04-17 05:29:11] Iteration: 860/1000, Temp: 0.0000, Energy: -52.477997-0.002291j
[2025-04-17 05:29:46] Iteration: 861/1000, Temp: 0.0000, Energy: -52.524189+0.007812j
[2025-04-17 05:30:20] Iteration: 862/1000, Temp: 0.0000, Energy: -52.499863-0.009649j
[2025-04-17 05:30:55] Iteration: 863/1000, Temp: 0.0000, Energy: -52.416538-0.000309j
[2025-04-17 05:31:30] Iteration: 864/1000, Temp: 0.0000, Energy: -52.506399-0.007900j
[2025-04-17 05:32:05] Iteration: 865/1000, Temp: 0.0000, Energy: -52.433998+0.002598j
[2025-04-17 05:32:39] Iteration: 866/1000, Temp: 0.0000, Energy: -52.353110+0.002026j
[2025-04-17 05:33:14] Iteration: 867/1000, Temp: 0.0000, Energy: -52.487912+0.010602j
[2025-04-17 05:33:49] Iteration: 868/1000, Temp: 0.0000, Energy: -52.498620-0.008530j
[2025-04-17 05:34:24] Iteration: 869/1000, Temp: 0.0000, Energy: -52.623535+0.009527j
[2025-04-17 05:34:58] Iteration: 870/1000, Temp: 0.0000, Energy: -52.478269-0.009163j
[2025-04-17 05:35:33] Iteration: 871/1000, Temp: 0.0000, Energy: -52.661165-0.006849j
[2025-04-17 05:36:08] Iteration: 872/1000, Temp: 0.0000, Energy: -52.562250-0.006914j
[2025-04-17 05:36:43] Iteration: 873/1000, Temp: 0.0000, Energy: -52.523306-0.003012j
[2025-04-17 05:37:18] Iteration: 874/1000, Temp: 0.0000, Energy: -52.365486-0.002285j
[2025-04-17 05:37:52] Iteration: 875/1000, Temp: 0.0000, Energy: -52.301018-0.001049j
[2025-04-17 05:38:27] Iteration: 876/1000, Temp: 0.0000, Energy: -52.351708-0.012478j
[2025-04-17 05:39:02] Iteration: 877/1000, Temp: 0.0000, Energy: -52.484896+0.002987j
[2025-04-17 05:39:37] Iteration: 878/1000, Temp: 0.0000, Energy: -52.558138-0.001966j
[2025-04-17 05:40:11] Iteration: 879/1000, Temp: 0.0000, Energy: -52.512058+0.005197j
[2025-04-17 05:40:46] Iteration: 880/1000, Temp: 0.0000, Energy: -52.602080+0.003801j
[2025-04-17 05:41:21] Iteration: 881/1000, Temp: 0.0000, Energy: -52.627896+0.001187j
[2025-04-17 05:41:56] Iteration: 882/1000, Temp: 0.0000, Energy: -52.628783+0.002121j
[2025-04-17 05:42:31] Iteration: 883/1000, Temp: 0.0000, Energy: -52.607455+0.000988j
[2025-04-17 05:43:05] Iteration: 884/1000, Temp: 0.0000, Energy: -52.407249+0.002494j
[2025-04-17 05:43:40] Iteration: 885/1000, Temp: 0.0000, Energy: -52.479975+0.003336j
[2025-04-17 05:44:15] Iteration: 886/1000, Temp: 0.0000, Energy: -52.482184-0.006392j
[2025-04-17 05:44:50] Iteration: 887/1000, Temp: 0.0000, Energy: -52.395705+0.001911j
[2025-04-17 05:45:24] Iteration: 888/1000, Temp: 0.0000, Energy: -52.412095+0.003063j
[2025-04-17 05:45:59] Iteration: 889/1000, Temp: 0.0000, Energy: -52.472988+0.000362j
[2025-04-17 05:46:34] Iteration: 890/1000, Temp: 0.0000, Energy: -52.444977+0.003294j
[2025-04-17 05:47:09] Iteration: 891/1000, Temp: 0.0000, Energy: -52.436168+0.002522j
[2025-04-17 05:47:43] Iteration: 892/1000, Temp: 0.0000, Energy: -52.431569+0.002974j
[2025-04-17 05:48:18] Iteration: 893/1000, Temp: 0.0000, Energy: -52.580996+0.002844j
[2025-04-17 05:48:53] Iteration: 894/1000, Temp: 0.0000, Energy: -52.537661-0.014520j
[2025-04-17 05:49:28] Iteration: 895/1000, Temp: 0.0000, Energy: -52.439294-0.005105j
[2025-04-17 05:50:03] Iteration: 896/1000, Temp: 0.0000, Energy: -52.414717+0.000089j
[2025-04-17 05:50:37] Iteration: 897/1000, Temp: 0.0000, Energy: -52.456186-0.001646j
[2025-04-17 05:51:12] Iteration: 898/1000, Temp: 0.0000, Energy: -52.439484-0.001112j
[2025-04-17 05:51:47] Iteration: 899/1000, Temp: 0.0000, Energy: -52.413469-0.008076j
[2025-04-17 05:52:22] Iteration: 900/1000, Temp: 0.0000, Energy: -52.487971+0.004520j
[2025-04-17 05:52:56] Iteration: 901/1000, Temp: 0.0000, Energy: -52.470147+0.001291j
[2025-04-17 05:53:31] Iteration: 902/1000, Temp: 0.0000, Energy: -52.507267-0.002323j
[2025-04-17 05:54:06] Iteration: 903/1000, Temp: 0.0000, Energy: -52.536935+0.001530j
[2025-04-17 05:54:41] Iteration: 904/1000, Temp: 0.0000, Energy: -52.432833+0.013196j
[2025-04-17 05:55:15] Iteration: 905/1000, Temp: 0.0000, Energy: -52.572817+0.012349j
[2025-04-17 05:55:50] Iteration: 906/1000, Temp: 0.0000, Energy: -52.458678+0.001664j
[2025-04-17 05:56:25] Iteration: 907/1000, Temp: 0.0000, Energy: -52.391787-0.001701j
[2025-04-17 05:57:00] Iteration: 908/1000, Temp: 0.0000, Energy: -52.348988-0.000811j
[2025-04-17 05:57:34] Iteration: 909/1000, Temp: 0.0000, Energy: -52.420683+0.004766j
[2025-04-17 05:58:09] Iteration: 910/1000, Temp: 0.0000, Energy: -52.455564-0.006900j
[2025-04-17 05:58:44] Iteration: 911/1000, Temp: 0.0000, Energy: -52.422527+0.003716j
[2025-04-17 05:59:19] Iteration: 912/1000, Temp: 0.0000, Energy: -52.580723-0.006345j
[2025-04-17 05:59:53] Iteration: 913/1000, Temp: 0.0000, Energy: -52.424730-0.005035j
[2025-04-17 06:00:28] Iteration: 914/1000, Temp: 0.0000, Energy: -52.550362+0.004291j
[2025-04-17 06:01:03] Iteration: 915/1000, Temp: 0.0000, Energy: -52.559886+0.009687j
[2025-04-17 06:01:38] Iteration: 916/1000, Temp: 0.0000, Energy: -52.434860+0.010999j
[2025-04-17 06:02:12] Iteration: 917/1000, Temp: 0.0000, Energy: -52.445979-0.004231j
[2025-04-17 06:02:47] Iteration: 918/1000, Temp: 0.0000, Energy: -52.516758-0.000715j
[2025-04-17 06:03:22] Iteration: 919/1000, Temp: 0.0000, Energy: -52.602615+0.000375j
[2025-04-17 06:03:57] Iteration: 920/1000, Temp: 0.0000, Energy: -52.592841+0.004328j
[2025-04-17 06:04:31] Iteration: 921/1000, Temp: 0.0000, Energy: -52.527084+0.004658j
[2025-04-17 06:05:06] Iteration: 922/1000, Temp: 0.0000, Energy: -52.588200-0.000700j
[2025-04-17 06:05:41] Iteration: 923/1000, Temp: 0.0000, Energy: -52.458608-0.006497j
[2025-04-17 06:06:16] Iteration: 924/1000, Temp: 0.0000, Energy: -52.576503+0.005447j
[2025-04-17 06:06:51] Iteration: 925/1000, Temp: 0.0000, Energy: -52.478610-0.001170j
[2025-04-17 06:07:25] Iteration: 926/1000, Temp: 0.0000, Energy: -52.456473+0.000685j
[2025-04-17 06:08:00] Iteration: 927/1000, Temp: 0.0000, Energy: -52.384581+0.002758j
[2025-04-17 06:08:35] Iteration: 928/1000, Temp: 0.0000, Energy: -52.446757+0.002620j
[2025-04-17 06:09:09] Iteration: 929/1000, Temp: 0.0000, Energy: -52.321501-0.000992j
[2025-04-17 06:09:44] Iteration: 930/1000, Temp: 0.0000, Energy: -52.401651-0.001329j
[2025-04-17 06:10:19] Iteration: 931/1000, Temp: 0.0000, Energy: -52.333883+0.000784j
[2025-04-17 06:10:54] Iteration: 932/1000, Temp: 0.0000, Energy: -52.301889+0.006271j
[2025-04-17 06:11:29] Iteration: 933/1000, Temp: 0.0000, Energy: -52.409347-0.004879j
[2025-04-17 06:12:03] Iteration: 934/1000, Temp: 0.0000, Energy: -52.295782-0.011381j
[2025-04-17 06:12:38] Iteration: 935/1000, Temp: 0.0000, Energy: -52.342545-0.008577j
[2025-04-17 06:13:13] Iteration: 936/1000, Temp: 0.0000, Energy: -52.452550-0.007953j
[2025-04-17 06:13:47] Iteration: 937/1000, Temp: 0.0000, Energy: -52.463120+0.003541j
[2025-04-17 06:14:22] Iteration: 938/1000, Temp: 0.0000, Energy: -52.520286+0.006811j
[2025-04-17 06:14:57] Iteration: 939/1000, Temp: 0.0000, Energy: -52.553069+0.005990j
[2025-04-17 06:15:32] Iteration: 940/1000, Temp: 0.0000, Energy: -52.644555-0.006764j
[2025-04-17 06:16:07] Iteration: 941/1000, Temp: 0.0000, Energy: -52.417921-0.009342j
[2025-04-17 06:16:41] Iteration: 942/1000, Temp: 0.0000, Energy: -52.491370+0.001508j
[2025-04-17 06:17:16] Iteration: 943/1000, Temp: 0.0000, Energy: -52.508127+0.000015j
[2025-04-17 06:17:51] Iteration: 944/1000, Temp: 0.0000, Energy: -52.434071-0.003607j
[2025-04-17 06:18:26] Iteration: 945/1000, Temp: 0.0000, Energy: -52.444629-0.000844j
[2025-04-17 06:19:00] Iteration: 946/1000, Temp: 0.0000, Energy: -52.457613+0.004535j
[2025-04-17 06:19:35] Iteration: 947/1000, Temp: 0.0000, Energy: -52.404494+0.003969j
[2025-04-17 06:20:10] Iteration: 948/1000, Temp: 0.0000, Energy: -52.420892-0.001460j
[2025-04-17 06:20:45] Iteration: 949/1000, Temp: 0.0000, Energy: -52.489424+0.001020j
[2025-04-17 06:21:19] Iteration: 950/1000, Temp: 0.0000, Energy: -52.411838-0.000147j
[2025-04-17 06:21:54] Iteration: 951/1000, Temp: 0.0000, Energy: -52.520748+0.001845j
[2025-04-17 06:22:29] Iteration: 952/1000, Temp: 0.0000, Energy: -52.510513+0.001831j
[2025-04-17 06:23:04] Iteration: 953/1000, Temp: 0.0000, Energy: -52.457062+0.004256j
[2025-04-17 06:23:38] Iteration: 954/1000, Temp: 0.0000, Energy: -52.505089-0.003310j
[2025-04-17 06:24:13] Iteration: 955/1000, Temp: 0.0000, Energy: -52.409028+0.000040j
[2025-04-17 06:24:48] Iteration: 956/1000, Temp: 0.0000, Energy: -52.454410-0.008468j
[2025-04-17 06:25:23] Iteration: 957/1000, Temp: 0.0000, Energy: -52.466149+0.001627j
[2025-04-17 06:25:57] Iteration: 958/1000, Temp: 0.0000, Energy: -52.391192-0.001426j
[2025-04-17 06:26:32] Iteration: 959/1000, Temp: 0.0000, Energy: -52.473003+0.005964j
[2025-04-17 06:27:07] Iteration: 960/1000, Temp: 0.0000, Energy: -52.387214-0.003297j
[2025-04-17 06:27:42] Iteration: 961/1000, Temp: 0.0000, Energy: -52.374940+0.011190j
[2025-04-17 06:28:16] Iteration: 962/1000, Temp: 0.0000, Energy: -52.419031+0.010040j
[2025-04-17 06:28:51] Iteration: 963/1000, Temp: 0.0000, Energy: -52.432866-0.009836j
[2025-04-17 06:29:26] Iteration: 964/1000, Temp: 0.0000, Energy: -52.476176-0.003393j
[2025-04-17 06:30:01] Iteration: 965/1000, Temp: 0.0000, Energy: -52.416610+0.009468j
[2025-04-17 06:30:35] Iteration: 966/1000, Temp: 0.0000, Energy: -52.314465-0.001990j
[2025-04-17 06:31:10] Iteration: 967/1000, Temp: 0.0000, Energy: -52.563984-0.000059j
[2025-04-17 06:31:45] Iteration: 968/1000, Temp: 0.0000, Energy: -52.590001-0.003528j
[2025-04-17 06:32:20] Iteration: 969/1000, Temp: 0.0000, Energy: -52.520780+0.014143j
[2025-04-17 06:32:54] Iteration: 970/1000, Temp: 0.0000, Energy: -52.486066+0.001255j
[2025-04-17 06:33:29] Iteration: 971/1000, Temp: 0.0000, Energy: -52.543664-0.004872j
[2025-04-17 06:34:04] Iteration: 972/1000, Temp: 0.0000, Energy: -52.534082+0.005273j
[2025-04-17 06:34:39] Iteration: 973/1000, Temp: 0.0000, Energy: -52.543180+0.009288j
[2025-04-17 06:35:11] Iteration: 974/1000, Temp: 0.0000, Energy: -52.506529-0.003537j
[2025-04-17 06:35:40] Iteration: 975/1000, Temp: 0.0000, Energy: -52.455799+0.003561j
[2025-04-17 06:36:09] Iteration: 976/1000, Temp: 0.0000, Energy: -52.452128+0.007073j
[2025-04-17 06:36:38] Iteration: 977/1000, Temp: 0.0000, Energy: -52.444346-0.001776j
[2025-04-17 06:37:07] Iteration: 978/1000, Temp: 0.0000, Energy: -52.504303-0.004486j
[2025-04-17 06:37:36] Iteration: 979/1000, Temp: 0.0000, Energy: -52.422050+0.001892j
[2025-04-17 06:38:05] Iteration: 980/1000, Temp: 0.0000, Energy: -52.511053-0.004175j
[2025-04-17 06:38:34] Iteration: 981/1000, Temp: 0.0000, Energy: -52.408983+0.004617j
[2025-04-17 06:39:03] Iteration: 982/1000, Temp: 0.0000, Energy: -52.399625+0.006851j
[2025-04-17 06:39:32] Iteration: 983/1000, Temp: 0.0000, Energy: -52.466910+0.010561j
[2025-04-17 06:40:00] Iteration: 984/1000, Temp: 0.0000, Energy: -52.555461+0.003725j
[2025-04-17 06:40:29] Iteration: 985/1000, Temp: 0.0000, Energy: -52.511564-0.006329j
[2025-04-17 06:40:58] Iteration: 986/1000, Temp: 0.0000, Energy: -52.492576-0.007556j
[2025-04-17 06:41:21] Iteration: 987/1000, Temp: 0.0000, Energy: -52.393933-0.003799j
[2025-04-17 06:41:38] Iteration: 988/1000, Temp: 0.0000, Energy: -52.407017+0.007949j
[2025-04-17 06:41:55] Iteration: 989/1000, Temp: 0.0000, Energy: -52.291816-0.000184j
[2025-04-17 06:42:13] Iteration: 990/1000, Temp: 0.0000, Energy: -52.486151-0.006444j
[2025-04-17 06:42:30] Iteration: 991/1000, Temp: 0.0000, Energy: -52.393587+0.001267j
[2025-04-17 06:42:48] Iteration: 992/1000, Temp: 0.0000, Energy: -52.465795-0.011742j
[2025-04-17 06:43:05] Iteration: 993/1000, Temp: 0.0000, Energy: -52.435950-0.007218j
[2025-04-17 06:43:22] Iteration: 994/1000, Temp: 0.0000, Energy: -52.487396-0.006231j
[2025-04-17 06:43:40] Iteration: 995/1000, Temp: 0.0000, Energy: -52.395433+0.001483j
[2025-04-17 06:43:52] Iteration: 996/1000, Temp: 0.0000, Energy: -52.330508+0.005055j
[2025-04-17 06:44:04] Iteration: 997/1000, Temp: 0.0000, Energy: -52.328310+0.001084j
[2025-04-17 06:44:16] Iteration: 998/1000, Temp: 0.0000, Energy: -52.326544+0.016107j
[2025-04-17 06:44:23] Iteration: 999/1000, Temp: 0.0000, Energy: -52.316570-0.002897j
[2025-04-17 06:44:23] ==================================================
[2025-04-17 06:44:23] Training finished, total runtime = 34445.67 seconds
[2025-04-17 06:44:23] Trained quantum state parameters saved to: results/L=4/J2=0.05/J1=0.06/GCNN_L=4_J2=0.05_J1=0.06.pkl
[2025-04-17 06:44:23] ==================================================
