[2025-05-01 20:29:44] ================================================================================
[2025-05-01 20:29:44] 开始分析量子态: L=4, J2=0.05, J1=0.07
[2025-05-01 20:29:44] --------------------------------------------------------------------------------
[2025-05-01 20:29:44] 加载量子态: L=4, J2=0.05, J1=0.07
[2025-05-01 20:29:55] ================================================================================
[2025-05-01 20:29:55] 开始计算自旋结构因子...
[2025-05-01 20:29:55] 预计算自旋操作符...
[2025-05-01 20:29:55] 计算位移向量...
[2025-05-01 20:29:55] 计算自旋相关函数...
[2025-05-01 20:29:55] 处理位点 0-31/64...
[2025-05-01 20:54:12] 处理位点 32-63/64...
[2025-05-01 21:11:38] 计算傅里叶变换...
[2025-05-01 21:11:39] 使用JAX向量化计算傅里叶变换...
[2025-05-01 21:11:39] 自旋结构因子计算完成
[2025-05-01 21:11:41] --------------------------------------------------------------------------------
[2025-05-01 21:11:41] 计算反铁磁序参数...
[2025-05-01 21:11:41] 反铁磁序参数 m^2(L) = 0.345756
[2025-05-01 21:11:41] S(π, π) = 5.532088
[2025-05-01 21:11:41] --------------------------------------------------------------------------------
[2025-05-01 21:11:41] Neel 相关比率: 0.3076, 峰值位置: (-3.14, -3.14)
[2025-05-01 21:11:41] ================================================================================
[2025-05-01 21:11:41] 开始计算简盘结构因子...
[2025-05-01 21:11:41] 识别所有简盘...
[2025-05-01 21:11:41] 预计算简盘操作符...
[2025-05-01 21:11:41] 预计算简盘操作符 0/16...
[2025-05-01 21:11:50] 预计算简盘操作符 10/16...
[2025-05-01 21:11:55] 计算位移向量...
[2025-05-01 21:11:55] 计算简盘相关函数...
[2025-05-01 21:11:55] 处理简盘 0-7/16...
[2025-05-01 23:12:12] 处理简盘 8-15/16...
[2025-05-02 01:13:31] 计算傅里叶变换...
[2025-05-02 01:13:31] 使用JAX向量化计算傅里叶变换...
[2025-05-02 01:13:31] 简盘结构因子计算完成
[2025-05-02 01:13:32] --------------------------------------------------------------------------------
[2025-05-02 01:13:32] 计算简盘序参量...
[2025-05-02 01:13:32] 简盘序参量 m_p(L) = 0.679423
[2025-05-02 01:13:32] C(L/2, L/2) = 0.164813, C(L/2-1, L/2-1) = 0.844237
[2025-05-02 01:13:32] --------------------------------------------------------------------------------
[2025-05-02 01:13:32] Plaquette 相关比率: 0.3378, 峰值位置: (-3.14, -3.14)
[2025-05-02 01:13:32] ================================================================================
[2025-05-02 01:13:32] 开始计算二聚体结构因子...
[2025-05-02 01:13:32] 识别水平方向的二聚体...
[2025-05-02 01:13:32] 找到 64 个水平方向的二聚体
[2025-05-02 01:13:32] 预计算二聚体操作符...
[2025-05-02 01:13:32] 预计算位点自旋操作符...
[2025-05-02 01:13:32] 预计算二聚体操作符 0/64...
[2025-05-02 01:13:32] 预计算二聚体操作符 10/64...
[2025-05-02 01:13:32] 预计算二聚体操作符 20/64...
[2025-05-02 01:13:32] 预计算二聚体操作符 30/64...
[2025-05-02 01:13:32] 预计算二聚体操作符 40/64...
[2025-05-02 01:13:32] 预计算二聚体操作符 50/64...
[2025-05-02 01:13:32] 预计算二聚体操作符 60/64...
[2025-05-02 01:13:32] 计算位移向量...
[2025-05-02 01:13:32] 计算二聚体相关函数...
[2025-05-02 01:13:32] 处理二聚体 0-31/64...
[2025-05-02 01:40:08] 处理二聚体 32-63/64...
[2025-05-02 02:06:40] 计算傅里叶变换...
[2025-05-02 02:06:40] 使用JAX向量化计算傅里叶变换...
[2025-05-02 02:06:40] 二聚体结构因子计算完成
[2025-05-02 02:06:42] --------------------------------------------------------------------------------
[2025-05-02 02:06:42] 计算二聚体序参量...
[2025-05-02 02:06:47] 二聚体序参量 D^2 = 0.023115
[2025-05-02 02:06:47] --------------------------------------------------------------------------------
[2025-05-02 02:06:47] Dimer 相关比率: 0.2649, 峰值位置: (0.17, -0.17)
[2025-05-02 02:06:47] ================================================================================
[2025-05-02 02:06:47] 分析完成! 相关比率: Neel=0.3076, Plaquette=0.3378, Dimer=0.2649
[2025-05-02 02:06:47] 序参量: AF Order=0.345756, Plaquette Order=0.679423, Dimer Order=0.023115
[2025-05-02 02:06:47] ================================================================================
