[2025-05-08 08:27:28] ================================================================================
[2025-05-08 08:27:28] 开始分析量子态: L=4, J2=0.05, J1=0.08
[2025-05-08 08:27:28] --------------------------------------------------------------------------------
[2025-05-08 08:27:28] 加载量子态: L=4, J2=0.05, J1=0.08
[2025-05-08 08:27:38] 增加采样数量到 2^20...
[2025-05-08 08:27:38] ================================================================================
[2025-05-08 08:27:38] 开始计算自旋结构因子...
[2025-05-08 08:27:38] 预计算自旋操作符...
[2025-05-08 08:27:38] 计算位移向量...
[2025-05-08 08:27:38] 使用自旋0作为参考点, 计算自旋相关函数...
[2025-05-08 08:31:16] 计算相关函数进度: 1/64
[2025-05-08 08:32:50] 计算相关函数进度: 11/64
[2025-05-08 08:34:30] 计算相关函数进度: 21/64
[2025-05-08 08:36:11] 计算相关函数进度: 31/64
[2025-05-08 08:37:51] 计算相关函数进度: 41/64
[2025-05-08 08:39:31] 计算相关函数进度: 51/64
[2025-05-08 08:41:12] 计算相关函数进度: 61/64
[2025-05-08 08:41:42] 计算相关函数进度: 64/64
[2025-05-08 08:41:42] 计算傅里叶变换...
[2025-05-08 08:41:42] 自旋结构因子计算完成
[2025-05-08 08:41:43] ================================================================================
[2025-05-08 08:41:43] 开始计算二聚体结构因子...
[2025-05-08 08:41:43] 识别x和y方向的二聚体...
[2025-05-08 08:41:43] 预计算二聚体操作符...
[2025-05-08 08:41:43] 计算位移向量...
[2025-05-08 08:41:43] 使用二聚体 (0, 1) 作为参考点，计算二聚体相关函数...
[2025-05-08 08:41:54] 计算x方向相关函数进度: 1/64
[2025-05-08 08:44:29] 计算x方向相关函数进度: 11/64
[2025-05-08 08:47:17] 计算x方向相关函数进度: 21/64
[2025-05-08 08:50:05] 计算x方向相关函数进度: 31/64
[2025-05-08 08:52:52] 计算x方向相关函数进度: 41/64
[2025-05-08 08:55:39] 计算x方向相关函数进度: 51/64
[2025-05-08 08:58:26] 计算x方向相关函数进度: 61/64
[2025-05-08 08:59:17] 计算x方向相关函数进度: 64/64
[2025-05-08 08:59:17] 使用二聚体 (0, 3) 作为参考点，计算二聚体相关函数...
[2025-05-08 08:59:28] 计算y方向相关函数进度: 1/64
[2025-05-08 09:02:07] 计算y方向相关函数进度: 11/64
[2025-05-08 09:04:55] 计算y方向相关函数进度: 21/64
[2025-05-08 09:07:43] 计算y方向相关函数进度: 31/64
[2025-05-08 09:10:31] 计算y方向相关函数进度: 41/64
[2025-05-08 09:13:19] 计算y方向相关函数进度: 51/64
[2025-05-08 09:16:07] 计算y方向相关函数进度: 61/64
[2025-05-08 09:16:57] 计算y方向相关函数进度: 64/64
[2025-05-08 09:16:57] 计算傅里叶变换...
[2025-05-08 09:16:58] 二聚体结构因子计算完成
[2025-05-08 09:16:58] ================================================================================
[2025-05-08 09:16:58] 开始计算简盘结构因子...
[2025-05-08 09:16:58] 识别所有简盘...
[2025-05-08 09:16:58] 预计算简盘操作符...
[2025-05-08 09:17:30] 计算位移向量...
[2025-05-08 09:17:30] 使用简盘 0 作为参考点，计算简盘相关函数...
[2025-05-08 09:18:32] 计算相关函数进度: 1/16
[2025-05-08 13:28:35] 计算相关函数进度: 11/16
[2025-05-08 15:33:45] 计算相关函数进度: 16/16
[2025-05-08 15:33:45] 计算傅里叶变换...
[2025-05-08 15:33:45] 简盘结构因子计算完成
[2025-05-08 15:33:46] ================================================================================
[2025-05-08 15:33:46] 结构因子计算完成!
[2025-05-08 15:33:46] ================================================================================
