[2025-05-08 16:13:27] ================================================================================
[2025-05-08 16:13:27] 开始分析量子态: L=5, J2=0.05, J1=0.04
[2025-05-08 16:13:27] --------------------------------------------------------------------------------
[2025-05-08 16:13:27] 加载量子态: L=5, J2=0.05, J1=0.04
[2025-05-08 16:13:45] 增加采样数量到 2^20...
[2025-05-08 16:13:45] ================================================================================
[2025-05-08 16:13:45] 开始计算自旋结构因子...
[2025-05-08 16:13:45] 预计算自旋操作符...
[2025-05-08 16:13:45] 计算位移向量...
[2025-05-08 16:13:46] 使用自旋0作为参考点, 计算自旋相关函数...
[2025-05-08 16:26:08] 计算相关函数进度: 1/100
[2025-05-08 16:29:40] 计算相关函数进度: 11/100
[2025-05-08 16:33:08] 计算相关函数进度: 21/100
[2025-05-08 16:36:40] 计算相关函数进度: 31/100
[2025-05-08 16:40:11] 计算相关函数进度: 41/100
[2025-05-08 16:43:42] 计算相关函数进度: 51/100
[2025-05-08 16:47:14] 计算相关函数进度: 61/100
[2025-05-08 16:50:45] 计算相关函数进度: 71/100
[2025-05-08 16:54:16] 计算相关函数进度: 81/100
[2025-05-08 16:57:48] 计算相关函数进度: 91/100
[2025-05-08 17:00:58] 计算相关函数进度: 100/100
[2025-05-08 17:00:58] 计算傅里叶变换...
[2025-05-08 17:00:58] 自旋结构因子计算完成
[2025-05-08 17:00:59] ================================================================================
[2025-05-08 17:00:59] 开始计算二聚体结构因子...
[2025-05-08 17:00:59] 识别x和y方向的二聚体...
[2025-05-08 17:00:59] 预计算二聚体操作符...
[2025-05-08 17:01:00] 计算位移向量...
[2025-05-08 17:01:00] 使用二聚体 (0, 1) 作为参考点，计算二聚体相关函数...
[2025-05-08 17:01:20] 计算x方向相关函数进度: 1/100
[2025-05-08 17:07:08] 计算x方向相关函数进度: 11/100
[2025-05-08 17:13:05] 计算x方向相关函数进度: 21/100
[2025-05-08 17:18:47] 计算x方向相关函数进度: 31/100
[2025-05-08 17:24:44] 计算x方向相关函数进度: 41/100
[2025-05-08 17:30:42] 计算x方向相关函数进度: 51/100
[2025-05-08 17:36:39] 计算x方向相关函数进度: 61/100
[2025-05-08 17:42:37] 计算x方向相关函数进度: 71/100
[2025-05-08 17:48:16] 计算x方向相关函数进度: 81/100
[2025-05-08 17:53:14] 计算x方向相关函数进度: 91/100
[2025-05-08 17:57:41] 计算x方向相关函数进度: 100/100
[2025-05-08 17:57:41] 使用二聚体 (0, 3) 作为参考点，计算二聚体相关函数...
[2025-05-08 17:58:00] 计算y方向相关函数进度: 1/100
[2025-05-08 18:02:47] 计算y方向相关函数进度: 11/100
[2025-05-08 18:07:45] 计算y方向相关函数进度: 21/100
[2025-05-08 18:12:43] 计算y方向相关函数进度: 31/100
[2025-05-08 18:17:42] 计算y方向相关函数进度: 41/100
[2025-05-08 18:22:40] 计算y方向相关函数进度: 51/100
[2025-05-08 18:27:38] 计算y方向相关函数进度: 61/100
[2025-05-08 18:32:36] 计算y方向相关函数进度: 71/100
[2025-05-08 18:37:34] 计算y方向相关函数进度: 81/100
[2025-05-08 18:42:32] 计算y方向相关函数进度: 91/100
[2025-05-08 18:46:47] 计算y方向相关函数进度: 100/100
[2025-05-08 18:46:47] 计算傅里叶变换...
[2025-05-08 18:46:47] 二聚体结构因子计算完成
[2025-05-08 18:46:48] ================================================================================
[2025-05-08 18:46:48] 开始计算简盘结构因子...
[2025-05-08 18:46:48] 识别所有简盘...
[2025-05-08 18:46:48] 预计算简盘操作符...
[2025-05-08 18:47:38] 计算位移向量...
[2025-05-08 18:47:38] 使用简盘 0 作为参考点，计算简盘相关函数...
[2025-05-08 18:48:54] 计算相关函数进度: 1/25
[2025-05-08 23:48:43] 计算相关函数进度: 11/25
[2025-05-09 04:29:14] 计算相关函数进度: 21/25
[2025-05-09 06:18:55] 计算相关函数进度: 25/25
[2025-05-09 06:18:55] 计算傅里叶变换...
[2025-05-09 06:18:55] 简盘结构因子计算完成
[2025-05-09 06:18:56] ================================================================================
[2025-05-09 06:18:56] 结构因子计算完成!
[2025-05-09 06:18:56] ================================================================================
