[2025-05-09 06:20:51] ================================================================================
[2025-05-09 06:20:51] 开始分析量子态: L=5, J2=0.05, J1=0.08
[2025-05-09 06:20:51] --------------------------------------------------------------------------------
[2025-05-09 06:20:51] 加载量子态: L=5, J2=0.05, J1=0.08
[2025-05-09 06:21:03] 增加采样数量到 2^20...
[2025-05-09 06:21:03] ================================================================================
[2025-05-09 06:21:03] 开始计算自旋结构因子...
[2025-05-09 06:21:03] 预计算自旋操作符...
[2025-05-09 06:21:03] 计算位移向量...
[2025-05-09 06:21:03] 使用自旋0作为参考点, 计算自旋相关函数...
[2025-05-09 06:33:28] 计算相关函数进度: 1/100
[2025-05-09 06:37:02] 计算相关函数进度: 11/100
[2025-05-09 06:40:33] 计算相关函数进度: 21/100
[2025-05-09 06:44:05] 计算相关函数进度: 31/100
[2025-05-09 06:47:36] 计算相关函数进度: 41/100
[2025-05-09 06:51:07] 计算相关函数进度: 51/100
[2025-05-09 06:54:38] 计算相关函数进度: 61/100
[2025-05-09 06:58:09] 计算相关函数进度: 71/100
[2025-05-09 07:01:40] 计算相关函数进度: 81/100
[2025-05-09 07:05:11] 计算相关函数进度: 91/100
[2025-05-09 07:08:20] 计算相关函数进度: 100/100
[2025-05-09 07:08:20] 计算傅里叶变换...
[2025-05-09 07:08:21] 自旋结构因子计算完成
[2025-05-09 07:08:22] ================================================================================
[2025-05-09 07:08:22] 开始计算二聚体结构因子...
[2025-05-09 07:08:22] 识别x和y方向的二聚体...
[2025-05-09 07:08:22] 预计算二聚体操作符...
[2025-05-09 07:08:22] 计算位移向量...
[2025-05-09 07:08:22] 使用二聚体 (0, 1) 作为参考点，计算二聚体相关函数...
[2025-05-09 07:08:42] 计算x方向相关函数进度: 1/100
[2025-05-09 07:14:34] 计算x方向相关函数进度: 11/100
[2025-05-09 07:20:31] 计算x方向相关函数进度: 21/100
[2025-05-09 07:26:29] 计算x方向相关函数进度: 31/100
[2025-05-09 07:32:27] 计算x方向相关函数进度: 41/100
[2025-05-09 07:38:25] 计算x方向相关函数进度: 51/100
[2025-05-09 07:44:24] 计算x方向相关函数进度: 61/100
[2025-05-09 07:50:21] 计算x方向相关函数进度: 71/100
[2025-05-09 07:56:19] 计算x方向相关函数进度: 81/100
[2025-05-09 08:02:16] 计算x方向相关函数进度: 91/100
[2025-05-09 08:07:37] 计算x方向相关函数进度: 100/100
[2025-05-09 08:07:37] 使用二聚体 (0, 3) 作为参考点，计算二聚体相关函数...
[2025-05-09 08:08:00] 计算y方向相关函数进度: 1/100
[2025-05-09 08:13:45] 计算y方向相关函数进度: 11/100
[2025-05-09 08:19:44] 计算y方向相关函数进度: 21/100
[2025-05-09 08:25:43] 计算y方向相关函数进度: 31/100
[2025-05-09 08:31:41] 计算y方向相关函数进度: 41/100
[2025-05-09 08:37:40] 计算y方向相关函数进度: 51/100
[2025-05-09 08:43:39] 计算y方向相关函数进度: 61/100
[2025-05-09 08:49:37] 计算y方向相关函数进度: 71/100
[2025-05-09 08:55:36] 计算y方向相关函数进度: 81/100
[2025-05-09 09:01:34] 计算y方向相关函数进度: 91/100
[2025-05-09 09:06:42] 计算y方向相关函数进度: 100/100
[2025-05-09 09:06:42] 计算傅里叶变换...
[2025-05-09 09:06:42] 二聚体结构因子计算完成
[2025-05-09 09:06:43] ================================================================================
[2025-05-09 09:06:43] 开始计算简盘结构因子...
[2025-05-09 09:06:43] 识别所有简盘...
[2025-05-09 09:06:43] 预计算简盘操作符...
[2025-05-09 09:07:05] 计算位移向量...
[2025-05-09 09:07:05] 使用简盘 0 作为参考点，计算简盘相关函数...
[2025-05-09 09:09:12] 计算相关函数进度: 1/25
