[2025-05-08 01:17:04] ================================================================================
[2025-05-08 01:17:04] 开始分析量子态: L=4, J2=0.05, J1=0.02
[2025-05-08 01:17:04] --------------------------------------------------------------------------------
[2025-05-08 01:17:04] 加载量子态: L=4, J2=0.05, J1=0.02
[2025-05-08 01:17:16] 增加采样数量到 2^20...
[2025-05-08 01:17:16] ================================================================================
[2025-05-08 01:17:16] 开始计算自旋结构因子...
[2025-05-08 01:17:16] 预计算自旋操作符...
[2025-05-08 01:17:16] 计算位移向量...
[2025-05-08 01:17:16] 使用自旋0作为参考点, 计算自旋相关函数...
[2025-05-08 01:20:55] 计算相关函数进度: 1/64
[2025-05-08 01:22:34] 计算相关函数进度: 11/64
[2025-05-08 01:24:14] 计算相关函数进度: 21/64
[2025-05-08 01:25:54] 计算相关函数进度: 31/64
[2025-05-08 01:27:34] 计算相关函数进度: 41/64
[2025-05-08 01:29:14] 计算相关函数进度: 51/64
[2025-05-08 01:30:54] 计算相关函数进度: 61/64
[2025-05-08 01:31:24] 计算相关函数进度: 64/64
[2025-05-08 01:31:24] 计算傅里叶变换...
[2025-05-08 01:31:24] 自旋结构因子计算完成
[2025-05-08 01:31:25] ================================================================================
[2025-05-08 01:31:25] 开始计算二聚体结构因子...
[2025-05-08 01:31:25] 识别x和y方向的二聚体...
[2025-05-08 01:31:25] 预计算二聚体操作符...
[2025-05-08 01:31:25] 计算位移向量...
[2025-05-08 01:31:25] 使用二聚体 (0, 1) 作为参考点，计算二聚体相关函数...
[2025-05-08 01:31:34] 计算x方向相关函数进度: 1/64
[2025-05-08 01:34:04] 计算x方向相关函数进度: 11/64
[2025-05-08 01:36:51] 计算x方向相关函数进度: 21/64
[2025-05-08 01:39:38] 计算x方向相关函数进度: 31/64
[2025-05-08 01:42:25] 计算x方向相关函数进度: 41/64
[2025-05-08 01:45:12] 计算x方向相关函数进度: 51/64
[2025-05-08 01:47:58] 计算x方向相关函数进度: 61/64
[2025-05-08 01:48:48] 计算x方向相关函数进度: 64/64
[2025-05-08 01:48:48] 使用二聚体 (0, 3) 作为参考点，计算二聚体相关函数...
[2025-05-08 01:49:00] 计算y方向相关函数进度: 1/64
[2025-05-08 01:51:39] 计算y方向相关函数进度: 11/64
[2025-05-08 01:54:26] 计算y方向相关函数进度: 21/64
[2025-05-08 01:57:14] 计算y方向相关函数进度: 31/64
[2025-05-08 02:00:01] 计算y方向相关函数进度: 41/64
[2025-05-08 02:02:49] 计算y方向相关函数进度: 51/64
[2025-05-08 02:05:36] 计算y方向相关函数进度: 61/64
[2025-05-08 02:06:19] 计算y方向相关函数进度: 64/64
[2025-05-08 02:06:19] 计算傅里叶变换...
[2025-05-08 02:06:20] 二聚体结构因子计算完成
[2025-05-08 02:06:21] ================================================================================
[2025-05-08 02:06:21] 开始计算简盘结构因子...
[2025-05-08 02:06:21] 识别所有简盘...
[2025-05-08 02:06:21] 预计算简盘操作符...
[2025-05-08 02:06:55] 计算位移向量...
[2025-05-08 02:06:55] 使用简盘 0 作为参考点，计算简盘相关函数...
[2025-05-08 02:07:29] 计算相关函数进度: 1/16
[2025-05-08 06:17:44] 计算相关函数进度: 11/16
[2025-05-08 08:22:02] 计算相关函数进度: 16/16
[2025-05-08 08:22:02] 计算傅里叶变换...
[2025-05-08 08:22:03] 简盘结构因子计算完成
[2025-05-08 08:22:04] ================================================================================
[2025-05-08 08:22:04] 结构因子计算完成!
[2025-05-08 08:22:04] ================================================================================
