[2025-04-22 12:26:36] ==================================================
[2025-04-22 12:26:36] GCNN for Shastry-Sutherland lattice
[2025-04-22 12:26:36] ==================================================
[2025-04-22 12:26:36] System parameters:
[2025-04-22 12:26:36]   - System size: L=5, N=100
[2025-04-22 12:26:36]   - System parameters: J1=0.04, J2=0.05, Q=0.95
[2025-04-22 12:26:43] --------------------------------------------------
[2025-04-22 12:26:43] Model parameters:
[2025-04-22 12:26:43]   - Number of layers = 4
[2025-04-22 12:26:43]   - Number of features = 4
[2025-04-22 12:26:43]   - Symmetries used: 200
[2025-04-22 12:26:43]   - Total parameters = 19628
[2025-04-22 12:26:43] --------------------------------------------------
[2025-04-22 12:26:43] Training parameters:
[2025-04-22 12:26:43]   - Learning rate: 0.02
[2025-04-22 12:26:43]   - Total annealing steps: 1000
[2025-04-22 12:26:43]   - Samples: 4096
[2025-04-22 12:26:43]   - Discarded samples: 0
[2025-04-22 12:26:43]   - Chunk size: 1024
[2025-04-22 12:26:43] --------------------------------------------------
[2025-04-22 12:26:43] Device status:
[2025-04-22 12:26:43]   - Number of devices: 4
[2025-04-22 12:26:43]   - Sharding: False
[2025-04-22 12:26:51] --------------------------------------------------
[2025-04-22 12:26:51] Start training...
[2025-04-22 12:27:37] Iteration: 0/1000, Temp: 0.5000, Energy: 2.623994+0.000039j
[2025-04-22 12:28:10] Iteration: 1/1000, Temp: 0.4901, Energy: 2.624126+0.000169j
[2025-04-22 12:28:42] Iteration: 2/1000, Temp: 0.4804, Energy: 2.624854-0.000294j
[2025-04-22 12:29:14] Iteration: 3/1000, Temp: 0.4709, Energy: 2.624794+0.000318j
[2025-04-22 12:29:46] Iteration: 4/1000, Temp: 0.4616, Energy: 2.624850-0.000229j
[2025-04-22 12:30:19] Iteration: 5/1000, Temp: 0.4524, Energy: 2.624654-0.000150j
[2025-04-22 12:30:51] Iteration: 6/1000, Temp: 0.4435, Energy: 2.624521+0.000117j
[2025-04-22 12:31:23] Iteration: 7/1000, Temp: 0.4347, Energy: 2.624308+0.000159j
[2025-04-22 12:31:55] Iteration: 8/1000, Temp: 0.4261, Energy: 2.624777+0.000062j
[2025-04-22 12:32:27] Iteration: 9/1000, Temp: 0.4176, Energy: 2.624597+0.000330j
[2025-04-22 12:33:00] Iteration: 10/1000, Temp: 0.4094, Energy: 2.624838+0.000564j
[2025-04-22 12:33:32] Iteration: 11/1000, Temp: 0.4013, Energy: 2.624947-0.000009j
[2025-04-22 12:34:04] Iteration: 12/1000, Temp: 0.3933, Energy: 2.624362-0.000150j
[2025-04-22 12:34:36] Iteration: 13/1000, Temp: 0.3855, Energy: 2.624121-0.000050j
[2025-04-22 12:35:08] Iteration: 14/1000, Temp: 0.3779, Energy: 2.624269-0.000170j
[2025-04-22 12:35:41] Iteration: 15/1000, Temp: 0.3704, Energy: 2.624333+0.000403j
[2025-04-22 12:36:13] Iteration: 16/1000, Temp: 0.3631, Energy: 2.624727-0.000195j
[2025-04-22 12:36:45] Iteration: 17/1000, Temp: 0.3559, Energy: 2.624585+0.000232j
[2025-04-22 12:37:17] Iteration: 18/1000, Temp: 0.3488, Energy: 2.624390+0.000338j
[2025-04-22 12:37:49] Iteration: 19/1000, Temp: 0.3419, Energy: 2.624199+0.000594j
[2025-04-22 12:38:21] Iteration: 20/1000, Temp: 0.3352, Energy: 2.624221-0.000116j
[2025-04-22 12:38:54] Iteration: 21/1000, Temp: 0.3285, Energy: 2.624079-0.000991j
[2025-04-22 12:39:26] Iteration: 22/1000, Temp: 0.3220, Energy: 2.624359+0.000282j
[2025-04-22 12:39:58] Iteration: 23/1000, Temp: 0.3156, Energy: 2.624174-0.000425j
[2025-04-22 12:40:30] Iteration: 24/1000, Temp: 0.3094, Energy: 2.624129-0.000025j
[2025-04-22 12:41:02] Iteration: 25/1000, Temp: 0.3033, Energy: 2.624143+0.000024j
[2025-04-22 12:41:35] Iteration: 26/1000, Temp: 0.2973, Energy: 2.624722+0.000516j
[2025-04-22 12:42:07] Iteration: 27/1000, Temp: 0.2914, Energy: 2.624526+0.000764j
[2025-04-22 12:42:39] Iteration: 28/1000, Temp: 0.2856, Energy: 2.624643-0.000734j
[2025-04-22 12:43:11] Iteration: 29/1000, Temp: 0.2799, Energy: 2.624447-0.000028j
[2025-04-22 12:43:43] Iteration: 30/1000, Temp: 0.2744, Energy: 2.623886-0.000536j
[2025-04-22 12:44:16] Iteration: 31/1000, Temp: 0.2690, Energy: 2.623857-0.000882j
[2025-04-22 12:44:48] Iteration: 32/1000, Temp: 0.2636, Energy: 2.624347+0.000560j
[2025-04-22 12:45:20] Iteration: 33/1000, Temp: 0.2584, Energy: 2.623671+0.000510j
[2025-04-22 12:45:52] Iteration: 34/1000, Temp: 0.2533, Energy: 2.623632+0.000308j
[2025-04-22 12:46:24] Iteration: 35/1000, Temp: 0.2483, Energy: 2.623328-0.001213j
[2025-04-22 12:46:57] Iteration: 36/1000, Temp: 0.2434, Energy: 2.623672-0.000236j
[2025-04-22 12:47:29] Iteration: 37/1000, Temp: 0.2386, Energy: 2.623634+0.000238j
[2025-04-22 12:48:02] Iteration: 38/1000, Temp: 0.2338, Energy: 2.623309-0.000041j
[2025-04-22 12:48:34] Iteration: 39/1000, Temp: 0.2292, Energy: 2.623210-0.000585j
[2025-04-22 12:49:06] Iteration: 40/1000, Temp: 0.2247, Energy: 2.622916-0.000192j
[2025-04-22 12:49:39] Iteration: 41/1000, Temp: 0.2202, Energy: 2.622823-0.000330j
[2025-04-22 12:50:11] Iteration: 42/1000, Temp: 0.2159, Energy: 2.622897-0.001437j
[2025-04-22 12:50:43] Iteration: 43/1000, Temp: 0.2116, Energy: 2.623527-0.000215j
[2025-04-22 12:51:15] Iteration: 44/1000, Temp: 0.2074, Energy: 2.623131+0.001323j
[2025-04-22 12:51:48] Iteration: 45/1000, Temp: 0.2033, Energy: 2.622183-0.000489j
[2025-04-22 12:52:20] Iteration: 46/1000, Temp: 0.1993, Energy: 2.621848-0.001326j
[2025-04-22 12:52:52] Iteration: 47/1000, Temp: 0.1953, Energy: 2.622129-0.000120j
[2025-04-22 12:53:24] Iteration: 48/1000, Temp: 0.1914, Energy: 2.621614+0.001702j
[2025-04-22 12:53:56] Iteration: 49/1000, Temp: 0.1877, Energy: 2.620534+0.000863j
[2025-04-22 12:54:29] Iteration: 50/1000, Temp: 0.1839, Energy: 2.621571+0.001788j
[2025-04-22 12:55:01] Iteration: 51/1000, Temp: 0.1803, Energy: 2.619818+0.002631j
[2025-04-22 12:55:33] Iteration: 52/1000, Temp: 0.1767, Energy: 2.619979+0.003103j
[2025-04-22 12:56:06] Iteration: 53/1000, Temp: 0.1732, Energy: 2.618451-0.000863j
[2025-04-22 12:56:38] Iteration: 54/1000, Temp: 0.1698, Energy: 2.618211+0.000368j
[2025-04-22 12:57:10] Iteration: 55/1000, Temp: 0.1664, Energy: 2.617307+0.003050j
[2025-04-22 12:57:43] Iteration: 56/1000, Temp: 0.1631, Energy: 2.616783+0.001866j
[2025-04-22 12:58:15] Iteration: 57/1000, Temp: 0.1599, Energy: 2.615433-0.000467j
[2025-04-22 12:58:48] Iteration: 58/1000, Temp: 0.1567, Energy: 2.614382+0.002384j
[2025-04-22 12:59:20] Iteration: 59/1000, Temp: 0.1536, Energy: 2.613754+0.005184j
[2025-04-22 12:59:52] Iteration: 60/1000, Temp: 0.1506, Energy: 2.609092-0.003412j
[2025-04-22 13:00:24] Iteration: 61/1000, Temp: 0.1476, Energy: 2.607798-0.002452j
[2025-04-22 13:00:57] Iteration: 62/1000, Temp: 0.1447, Energy: 2.606635+0.001809j
[2025-04-22 13:01:29] Iteration: 63/1000, Temp: 0.1418, Energy: 2.605449+0.004958j
[2025-04-22 13:02:01] Iteration: 64/1000, Temp: 0.1390, Energy: 2.599699-0.003265j
[2025-04-22 13:02:33] Iteration: 65/1000, Temp: 0.1363, Energy: 2.595255-0.003891j
[2025-04-22 13:03:05] Iteration: 66/1000, Temp: 0.1336, Energy: 2.594479-0.000038j
[2025-04-22 13:03:38] Iteration: 67/1000, Temp: 0.1309, Energy: 2.589200-0.000092j
[2025-04-22 13:04:10] Iteration: 68/1000, Temp: 0.1283, Energy: 2.581980-0.006943j
[2025-04-22 13:04:43] Iteration: 69/1000, Temp: 0.1258, Energy: 2.578028+0.000406j
[2025-04-22 13:05:15] Iteration: 70/1000, Temp: 0.1233, Energy: 2.571915+0.004255j
[2025-04-22 13:05:48] Iteration: 71/1000, Temp: 0.1209, Energy: 2.562535-0.006452j
[2025-04-22 13:06:20] Iteration: 72/1000, Temp: 0.1185, Energy: 2.552251+0.001951j
[2025-04-22 13:06:52] Iteration: 73/1000, Temp: 0.1161, Energy: 2.538346-0.013966j
[2025-04-22 13:07:25] Iteration: 74/1000, Temp: 0.1138, Energy: 2.522741-0.017525j
[2025-04-22 13:07:57] Iteration: 75/1000, Temp: 0.1116, Energy: 2.511287-0.011367j
[2025-04-22 13:08:30] Iteration: 76/1000, Temp: 0.1094, Energy: 2.491142+0.004282j
[2025-04-22 13:09:02] Iteration: 77/1000, Temp: 0.1072, Energy: 2.473985+0.004773j
[2025-04-22 13:09:34] Iteration: 78/1000, Temp: 0.1051, Energy: 2.445170-0.015613j
[2025-04-22 13:10:06] Iteration: 79/1000, Temp: 0.1030, Energy: 2.421910-0.009138j
[2025-04-22 13:10:38] Iteration: 80/1000, Temp: 0.1009, Energy: 2.396013+0.023686j
[2025-04-22 13:11:11] Iteration: 81/1000, Temp: 0.0989, Energy: 2.356539+0.000930j
[2025-04-22 13:11:43] Iteration: 82/1000, Temp: 0.0970, Energy: 2.309231+0.009948j
[2025-04-22 13:12:15] Iteration: 83/1000, Temp: 0.0951, Energy: 2.262919+0.006790j
[2025-04-22 13:12:47] Iteration: 84/1000, Temp: 0.0932, Energy: 2.192273+0.006564j
[2025-04-22 13:13:19] Iteration: 85/1000, Temp: 0.0913, Energy: 2.135849+0.010684j
[2025-04-22 13:13:52] Iteration: 86/1000, Temp: 0.0895, Energy: 2.047516-0.008528j
[2025-04-22 13:14:24] Iteration: 87/1000, Temp: 0.0878, Energy: 1.952587+0.004442j
[2025-04-22 13:14:57] Iteration: 88/1000, Temp: 0.0860, Energy: 1.834136+0.013374j
[2025-04-22 13:15:29] Iteration: 89/1000, Temp: 0.0843, Energy: 1.681599+0.050509j
[2025-04-22 13:16:02] Iteration: 90/1000, Temp: 0.0826, Energy: 1.539303-0.007186j
[2025-04-22 13:16:34] Iteration: 91/1000, Temp: 0.0810, Energy: 1.333011-0.022817j
[2025-04-22 13:17:06] Iteration: 92/1000, Temp: 0.0794, Energy: 1.134294+0.042008j
[2025-04-22 13:17:38] Iteration: 93/1000, Temp: 0.0778, Energy: 0.902838+0.027393j
[2025-04-22 13:18:11] Iteration: 94/1000, Temp: 0.0763, Energy: 0.594278-0.023639j
[2025-04-22 13:18:43] Iteration: 95/1000, Temp: 0.0748, Energy: 0.252092-0.076721j
[2025-04-22 13:19:15] Iteration: 96/1000, Temp: 0.0733, Energy: -0.129944-0.041687j
[2025-04-22 13:19:47] Iteration: 97/1000, Temp: 0.0719, Energy: -0.490783-0.012065j
[2025-04-22 13:20:19] Iteration: 98/1000, Temp: 0.0704, Energy: -1.097716-0.007517j
[2025-04-22 13:20:52] Iteration: 99/1000, Temp: 0.0690, Energy: -1.652729-0.021945j
[2025-04-22 13:21:24] Iteration: 100/1000, Temp: 0.0677, Energy: -2.310089+0.091533j
[2025-04-22 13:21:56] Iteration: 101/1000, Temp: 0.0663, Energy: -3.011512+0.058083j
[2025-04-22 13:22:29] Iteration: 102/1000, Temp: 0.0650, Energy: -3.788594-0.031592j
[2025-04-22 13:23:01] Iteration: 103/1000, Temp: 0.0637, Energy: -4.745902+0.042812j
[2025-04-22 13:23:34] Iteration: 104/1000, Temp: 0.0625, Energy: -5.809876+0.062746j
[2025-04-22 13:24:06] Iteration: 105/1000, Temp: 0.0612, Energy: -6.862950+0.001887j
[2025-04-22 13:24:38] Iteration: 106/1000, Temp: 0.0600, Energy: -8.240012+0.037099j
[2025-04-22 13:25:11] Iteration: 107/1000, Temp: 0.0588, Energy: -9.707531-0.108383j
[2025-04-22 13:25:43] Iteration: 108/1000, Temp: 0.0577, Energy: -11.260693+0.045251j
[2025-04-22 13:26:15] Iteration: 109/1000, Temp: 0.0565, Energy: -13.250492-0.069145j
[2025-04-22 13:26:47] Iteration: 110/1000, Temp: 0.0554, Energy: -15.286795-0.132556j
[2025-04-22 13:27:20] Iteration: 111/1000, Temp: 0.0543, Energy: -17.562261-0.069934j
[2025-04-22 13:27:52] Iteration: 112/1000, Temp: 0.0532, Energy: -20.052268-0.254904j
[2025-04-22 13:28:24] Iteration: 113/1000, Temp: 0.0522, Energy: -22.892304-0.158155j
[2025-04-22 13:28:56] Iteration: 114/1000, Temp: 0.0511, Energy: -25.829888-0.123173j
[2025-04-22 13:29:28] Iteration: 115/1000, Temp: 0.0501, Energy: -28.744212-0.125019j
[2025-04-22 13:30:01] Iteration: 116/1000, Temp: 0.0491, Energy: -32.266519-0.111191j
[2025-04-22 13:30:33] Iteration: 117/1000, Temp: 0.0482, Energy: -35.809092-0.112926j
[2025-04-22 13:31:06] Iteration: 118/1000, Temp: 0.0472, Energy: -39.484506-0.286877j
[2025-04-22 13:31:38] Iteration: 119/1000, Temp: 0.0463, Energy: -43.200934-0.325612j
[2025-04-22 13:32:10] Iteration: 120/1000, Temp: 0.0454, Energy: -47.161997-0.250360j
[2025-04-22 13:32:43] Iteration: 121/1000, Temp: 0.0445, Energy: -51.010986-0.306578j
[2025-04-22 13:33:15] Iteration: 122/1000, Temp: 0.0436, Energy: -54.786580-0.197800j
[2025-04-22 13:33:47] Iteration: 123/1000, Temp: 0.0427, Energy: -57.874967-0.189093j
[2025-04-22 13:34:20] Iteration: 124/1000, Temp: 0.0419, Energy: -60.551194-0.210181j
[2025-04-22 13:34:52] Iteration: 125/1000, Temp: 0.0410, Energy: -63.222080-0.100681j
[2025-04-22 13:35:24] Iteration: 126/1000, Temp: 0.0402, Energy: -65.089254-0.098411j
[2025-04-22 13:35:56] Iteration: 127/1000, Temp: 0.0394, Energy: -66.971502-0.169271j
[2025-04-22 13:36:28] Iteration: 128/1000, Temp: 0.0387, Energy: -68.305596-0.086025j
[2025-04-22 13:37:01] Iteration: 129/1000, Temp: 0.0379, Energy: -69.683388-0.107332j
[2025-04-22 13:37:33] Iteration: 130/1000, Temp: 0.0371, Energy: -70.623788-0.115696j
[2025-04-22 13:38:05] Iteration: 131/1000, Temp: 0.0364, Energy: -71.304178-0.001715j
[2025-04-22 13:38:37] Iteration: 132/1000, Temp: 0.0357, Energy: -72.161576+0.004525j
[2025-04-22 13:39:10] Iteration: 133/1000, Temp: 0.0350, Energy: -73.295535+0.000643j
[2025-04-22 13:39:42] Iteration: 134/1000, Temp: 0.0343, Energy: -73.526332+0.038582j
[2025-04-22 13:40:15] Iteration: 135/1000, Temp: 0.0336, Energy: -74.074871-0.081030j
[2025-04-22 13:40:47] Iteration: 136/1000, Temp: 0.0329, Energy: -74.451035-0.055077j
[2025-04-22 13:41:20] Iteration: 137/1000, Temp: 0.0323, Energy: -74.880500-0.005118j
[2025-04-22 13:41:52] Iteration: 138/1000, Temp: 0.0316, Energy: -74.060660-0.160088j
[2025-04-22 13:42:24] Iteration: 139/1000, Temp: 0.0310, Energy: -74.711481-0.090032j
[2025-04-22 13:42:56] Iteration: 140/1000, Temp: 0.0304, Energy: -75.345363+0.169408j
[2025-04-22 13:43:28] Iteration: 141/1000, Temp: 0.0298, Energy: -75.749882+0.136745j
[2025-04-22 13:44:00] Iteration: 142/1000, Temp: 0.0292, Energy: -76.001363+0.030948j
[2025-04-22 13:44:33] Iteration: 143/1000, Temp: 0.0286, Energy: -76.420746-0.017818j
[2025-04-22 13:45:05] Iteration: 144/1000, Temp: 0.0281, Energy: -76.418941-0.188889j
[2025-04-22 13:45:37] Iteration: 145/1000, Temp: 0.0275, Energy: -76.560464-0.135365j
[2025-04-22 13:46:09] Iteration: 146/1000, Temp: 0.0270, Energy: -77.279210-0.203474j
[2025-04-22 13:46:42] Iteration: 147/1000, Temp: 0.0264, Energy: -77.119824-0.170959j
[2025-04-22 13:47:14] Iteration: 148/1000, Temp: 0.0259, Energy: -77.634005-0.039211j
[2025-04-22 13:47:47] Iteration: 149/1000, Temp: 0.0254, Energy: -77.786685-0.056514j
[2025-04-22 13:48:19] Iteration: 150/1000, Temp: 0.0249, Energy: -77.861785-0.084794j
[2025-04-22 13:48:52] Iteration: 151/1000, Temp: 0.0244, Energy: -78.055492+0.001392j
[2025-04-22 13:49:24] Iteration: 152/1000, Temp: 0.0239, Energy: -78.191952-0.024626j
[2025-04-22 13:49:56] Iteration: 153/1000, Temp: 0.0234, Energy: -78.262390+0.051218j
[2025-04-22 13:50:28] Iteration: 154/1000, Temp: 0.0230, Energy: -78.409722-0.047785j
[2025-04-22 13:51:01] Iteration: 155/1000, Temp: 0.0225, Energy: -78.465684+0.026355j
[2025-04-22 13:51:33] Iteration: 156/1000, Temp: 0.0221, Energy: -78.465586+0.036573j
[2025-04-22 13:52:05] Iteration: 157/1000, Temp: 0.0216, Energy: -78.632906-0.001868j
[2025-04-22 13:52:37] Iteration: 158/1000, Temp: 0.0212, Energy: -78.626854+0.034559j
[2025-04-22 13:53:09] Iteration: 159/1000, Temp: 0.0208, Energy: -78.554277-0.043089j
[2025-04-22 13:53:42] Iteration: 160/1000, Temp: 0.0204, Energy: -78.569291-0.046105j
[2025-04-22 13:54:14] Iteration: 161/1000, Temp: 0.0200, Energy: -78.542577-0.007261j
[2025-04-22 13:54:47] Iteration: 162/1000, Temp: 0.0196, Energy: -78.408926+0.044906j
[2025-04-22 13:55:19] Iteration: 163/1000, Temp: 0.0192, Energy: -78.887457+0.048322j
[2025-04-22 13:55:51] Iteration: 164/1000, Temp: 0.0188, Energy: -78.795473+0.030537j
[2025-04-22 13:56:24] Iteration: 165/1000, Temp: 0.0184, Energy: -78.885252+0.007654j
[2025-04-22 13:56:56] Iteration: 166/1000, Temp: 0.0181, Energy: -78.913917+0.007421j
[2025-04-22 13:57:28] Iteration: 167/1000, Temp: 0.0177, Energy: -78.794742+0.031886j
[2025-04-22 13:58:00] Iteration: 168/1000, Temp: 0.0174, Energy: -78.904532+0.017324j
[2025-04-22 13:58:32] Iteration: 169/1000, Temp: 0.0170, Energy: -78.876091-0.005035j
[2025-04-22 13:59:05] Iteration: 170/1000, Temp: 0.0167, Energy: -79.063491-0.013547j
[2025-04-22 13:59:37] Iteration: 171/1000, Temp: 0.0164, Energy: -78.986583-0.065661j
[2025-04-22 14:00:10] Iteration: 172/1000, Temp: 0.0160, Energy: -79.066976-0.019390j
[2025-04-22 14:00:42] Iteration: 173/1000, Temp: 0.0157, Energy: -78.834066+0.040246j
[2025-04-22 14:01:15] Iteration: 174/1000, Temp: 0.0154, Energy: -79.009573-0.045040j
[2025-04-22 14:01:47] Iteration: 175/1000, Temp: 0.0151, Energy: -78.989148+0.013407j
[2025-04-22 14:02:19] Iteration: 176/1000, Temp: 0.0148, Energy: -78.945910+0.060887j
[2025-04-22 14:02:52] Iteration: 177/1000, Temp: 0.0145, Energy: -79.097245+0.073519j
[2025-04-22 14:03:24] Iteration: 178/1000, Temp: 0.0142, Energy: -78.552126-0.051467j
[2025-04-22 14:03:57] Iteration: 179/1000, Temp: 0.0139, Energy: -79.247389-0.043843j
[2025-04-22 14:04:29] Iteration: 180/1000, Temp: 0.0137, Energy: -79.232085-0.007970j
[2025-04-22 14:05:02] Iteration: 181/1000, Temp: 0.0134, Energy: -79.221777-0.022843j
[2025-04-22 14:05:34] Iteration: 182/1000, Temp: 0.0131, Energy: -79.412759-0.050607j
[2025-04-22 14:06:07] Iteration: 183/1000, Temp: 0.0129, Energy: -79.199766+0.020487j
[2025-04-22 14:06:39] Iteration: 184/1000, Temp: 0.0126, Energy: -79.017200-0.052966j
[2025-04-22 14:07:11] Iteration: 185/1000, Temp: 0.0124, Energy: -79.221057+0.032933j
[2025-04-22 14:07:44] Iteration: 186/1000, Temp: 0.0121, Energy: -79.337393-0.023331j
[2025-04-22 14:08:16] Iteration: 187/1000, Temp: 0.0119, Energy: -79.531645+0.032299j
[2025-04-22 14:08:49] Iteration: 188/1000, Temp: 0.0116, Energy: -79.362983-0.030265j
[2025-04-22 14:09:21] Iteration: 189/1000, Temp: 0.0114, Energy: -79.446639-0.042134j
[2025-04-22 14:09:53] Iteration: 190/1000, Temp: 0.0112, Energy: -79.635885-0.033277j
[2025-04-22 14:10:25] Iteration: 191/1000, Temp: 0.0110, Energy: -79.480631-0.076051j
[2025-04-22 14:10:58] Iteration: 192/1000, Temp: 0.0107, Energy: -79.158020-0.098045j
[2025-04-22 14:11:30] Iteration: 193/1000, Temp: 0.0105, Energy: -79.463805+0.031244j
[2025-04-22 14:12:03] Iteration: 194/1000, Temp: 0.0103, Energy: -79.627223+0.003671j
[2025-04-22 14:12:35] Iteration: 195/1000, Temp: 0.0101, Energy: -79.362933+0.049329j
[2025-04-22 14:13:07] Iteration: 196/1000, Temp: 0.0099, Energy: -79.491583+0.039639j
[2025-04-22 14:13:39] Iteration: 197/1000, Temp: 0.0097, Energy: -79.100898+0.020290j
[2025-04-22 14:14:12] Iteration: 198/1000, Temp: 0.0095, Energy: -79.121438+0.009810j
[2025-04-22 14:14:44] Iteration: 199/1000, Temp: 0.0093, Energy: -79.239068+0.105549j
[2025-04-22 14:15:16] Iteration: 200/1000, Temp: 0.0092, Energy: -79.409753+0.061176j
[2025-04-22 14:15:48] Iteration: 201/1000, Temp: 0.0090, Energy: -79.339905+0.016286j
[2025-04-22 14:16:20] Iteration: 202/1000, Temp: 0.0088, Energy: -79.248035+0.026537j
[2025-04-22 14:16:53] Iteration: 203/1000, Temp: 0.0086, Energy: -79.283676-0.057645j
[2025-04-22 14:17:25] Iteration: 204/1000, Temp: 0.0085, Energy: -79.297710-0.048317j
[2025-04-22 14:17:57] Iteration: 205/1000, Temp: 0.0083, Energy: -79.490383-0.022902j
[2025-04-22 14:18:29] Iteration: 206/1000, Temp: 0.0081, Energy: -79.365647-0.050496j
[2025-04-22 14:19:01] Iteration: 207/1000, Temp: 0.0080, Energy: -75.061788-0.031019j
[2025-04-22 14:19:34] Iteration: 208/1000, Temp: 0.0078, Energy: -78.941343-0.013747j
[2025-04-22 14:20:06] Iteration: 209/1000, Temp: 0.0076, Energy: -79.511567-0.006417j
[2025-04-22 14:20:39] Iteration: 210/1000, Temp: 0.0075, Energy: -79.358467-0.009344j
[2025-04-22 14:21:11] Iteration: 211/1000, Temp: 0.0073, Energy: -79.321080-0.022816j
[2025-04-22 14:21:44] Iteration: 212/1000, Temp: 0.0072, Energy: -78.983279+0.004604j
[2025-04-22 14:22:16] Iteration: 213/1000, Temp: 0.0071, Energy: -79.056978-0.012258j
[2025-04-22 14:22:49] Iteration: 214/1000, Temp: 0.0069, Energy: -79.018029+0.002937j
[2025-04-22 14:23:21] Iteration: 215/1000, Temp: 0.0068, Energy: -79.000862-0.011066j
[2025-04-22 14:23:53] Iteration: 216/1000, Temp: 0.0066, Energy: -79.194020-0.025909j
[2025-04-22 14:24:25] Iteration: 217/1000, Temp: 0.0065, Energy: -79.202049-0.024611j
[2025-04-22 14:24:57] Iteration: 218/1000, Temp: 0.0064, Energy: -79.196399-0.018686j
[2025-04-22 14:25:30] Iteration: 219/1000, Temp: 0.0063, Energy: -79.171929-0.002903j
[2025-04-22 14:26:02] Iteration: 220/1000, Temp: 0.0061, Energy: -79.164416-0.002812j
[2025-04-22 14:26:34] Iteration: 221/1000, Temp: 0.0060, Energy: -79.054736-0.013263j
[2025-04-22 14:27:07] Iteration: 222/1000, Temp: 0.0059, Energy: -78.983665-0.038361j
[2025-04-22 14:27:39] Iteration: 223/1000, Temp: 0.0058, Energy: -79.060787+0.002571j
[2025-04-22 14:28:11] Iteration: 224/1000, Temp: 0.0057, Energy: -79.229543-0.007259j
[2025-04-22 14:28:43] Iteration: 225/1000, Temp: 0.0056, Energy: -79.266539-0.056222j
[2025-04-22 14:29:16] Iteration: 226/1000, Temp: 0.0054, Energy: -79.420074-0.114056j
[2025-04-22 14:29:48] Iteration: 227/1000, Temp: 0.0053, Energy: -79.436048-0.052128j
[2025-04-22 14:30:19] Iteration: 228/1000, Temp: 0.0052, Energy: -79.421087+0.022770j
[2025-04-22 14:30:52] Iteration: 229/1000, Temp: 0.0051, Energy: -79.413349-0.026144j
[2025-04-22 14:31:24] Iteration: 230/1000, Temp: 0.0050, Energy: -79.343466-0.050268j
[2025-04-22 14:31:57] Iteration: 231/1000, Temp: 0.0049, Energy: -79.175982-0.042486j
[2025-04-22 14:32:29] Iteration: 232/1000, Temp: 0.0048, Energy: -79.410406-0.044048j
[2025-04-22 14:33:01] Iteration: 233/1000, Temp: 0.0047, Energy: -79.598462+0.014041j
[2025-04-22 14:33:34] Iteration: 234/1000, Temp: 0.0046, Energy: -79.668771+0.003804j
[2025-04-22 14:34:06] Iteration: 235/1000, Temp: 0.0045, Energy: -79.711057-0.023269j
[2025-04-22 14:34:38] Iteration: 236/1000, Temp: 0.0045, Energy: -79.618506-0.005986j
[2025-04-22 14:35:11] Iteration: 237/1000, Temp: 0.0044, Energy: -79.675315-0.007390j
[2025-04-22 14:35:43] Iteration: 238/1000, Temp: 0.0043, Energy: -79.710727+0.005651j
[2025-04-22 14:36:15] Iteration: 239/1000, Temp: 0.0042, Energy: -79.666004-0.028297j
[2025-04-22 14:36:47] Iteration: 240/1000, Temp: 0.0041, Energy: -79.711501-0.018304j
[2025-04-22 14:37:19] Iteration: 241/1000, Temp: 0.0040, Energy: -79.795222-0.023434j
[2025-04-22 14:37:52] Iteration: 242/1000, Temp: 0.0040, Energy: -79.503935+0.011481j
[2025-04-22 14:38:24] Iteration: 243/1000, Temp: 0.0039, Energy: -79.318232+0.093252j
[2025-04-22 14:38:56] Iteration: 244/1000, Temp: 0.0038, Energy: -79.547167-0.016069j
[2025-04-22 14:39:28] Iteration: 245/1000, Temp: 0.0037, Energy: -79.651481-0.093540j
[2025-04-22 14:40:01] Iteration: 246/1000, Temp: 0.0036, Energy: -79.735055-0.049752j
[2025-04-22 14:40:33] Iteration: 247/1000, Temp: 0.0036, Energy: -79.882328-0.017325j
[2025-04-22 14:41:06] Iteration: 248/1000, Temp: 0.0035, Energy: -79.871881+0.024211j
[2025-04-22 14:41:38] Iteration: 249/1000, Temp: 0.0034, Energy: -79.848460-0.002134j
[2025-04-22 14:42:11] Iteration: 250/1000, Temp: 0.0034, Energy: -79.852270-0.047264j
[2025-04-22 14:42:43] Iteration: 251/1000, Temp: 0.0033, Energy: -79.885856-0.006942j
[2025-04-22 14:43:15] Iteration: 252/1000, Temp: 0.0032, Energy: -79.753379-0.009898j
[2025-04-22 14:43:47] Iteration: 253/1000, Temp: 0.0032, Energy: -79.836351+0.002143j
[2025-04-22 14:44:20] Iteration: 254/1000, Temp: 0.0031, Energy: -79.810469-0.021621j
[2025-04-22 14:44:52] Iteration: 255/1000, Temp: 0.0030, Energy: -79.754514-0.014084j
[2025-04-22 14:45:24] Iteration: 256/1000, Temp: 0.0030, Energy: -79.855668-0.028136j
[2025-04-22 14:45:56] Iteration: 257/1000, Temp: 0.0029, Energy: -79.893644-0.039546j
[2025-04-22 14:46:28] Iteration: 258/1000, Temp: 0.0029, Energy: -79.684364-0.034237j
[2025-04-22 14:47:00] Iteration: 259/1000, Temp: 0.0028, Energy: -79.878932+0.005060j
[2025-04-22 14:47:33] Iteration: 260/1000, Temp: 0.0028, Energy: -79.856250-0.031422j
[2025-04-22 14:48:05] Iteration: 261/1000, Temp: 0.0027, Energy: -79.905555-0.015739j
[2025-04-22 14:48:38] Iteration: 262/1000, Temp: 0.0027, Energy: -80.055075+0.010094j
[2025-04-22 14:49:10] Iteration: 263/1000, Temp: 0.0026, Energy: -79.917378+0.009664j
[2025-04-22 14:49:43] Iteration: 264/1000, Temp: 0.0025, Energy: -79.847719+0.013090j
[2025-04-22 14:50:15] Iteration: 265/1000, Temp: 0.0025, Energy: -79.943387+0.013665j
[2025-04-22 14:50:47] Iteration: 266/1000, Temp: 0.0024, Energy: -79.951088-0.010868j
[2025-04-22 14:51:20] Iteration: 267/1000, Temp: 0.0024, Energy: -79.858972+0.001726j
[2025-04-22 14:51:52] Iteration: 268/1000, Temp: 0.0024, Energy: -79.824253+0.033391j
[2025-04-22 14:52:25] Iteration: 269/1000, Temp: 0.0023, Energy: -79.736535+0.008591j
[2025-04-22 14:52:57] Iteration: 270/1000, Temp: 0.0023, Energy: -79.727015+0.029986j
[2025-04-22 14:53:29] Iteration: 271/1000, Temp: 0.0022, Energy: -79.800564+0.005054j
[2025-04-22 14:54:01] Iteration: 272/1000, Temp: 0.0022, Energy: -79.745708+0.002934j
[2025-04-22 14:54:34] Iteration: 273/1000, Temp: 0.0021, Energy: -79.900456+0.052135j
[2025-04-22 14:55:06] Iteration: 274/1000, Temp: 0.0021, Energy: -79.896689+0.032336j
[2025-04-22 14:55:38] Iteration: 275/1000, Temp: 0.0020, Energy: -79.739617+0.031870j
[2025-04-22 14:56:11] Iteration: 276/1000, Temp: 0.0020, Energy: -79.768996+0.029731j
[2025-04-22 14:56:43] Iteration: 277/1000, Temp: 0.0020, Energy: -79.738793+0.020144j
[2025-04-22 14:57:16] Iteration: 278/1000, Temp: 0.0019, Energy: -79.703859+0.027808j
[2025-04-22 14:57:48] Iteration: 279/1000, Temp: 0.0019, Energy: -79.564955+0.027263j
[2025-04-22 14:58:20] Iteration: 280/1000, Temp: 0.0018, Energy: -79.598710-0.019847j
[2025-04-22 14:58:53] Iteration: 281/1000, Temp: 0.0018, Energy: -79.652327-0.018721j
[2025-04-22 14:59:25] Iteration: 282/1000, Temp: 0.0018, Energy: -79.438583-0.006130j
[2025-04-22 14:59:57] Iteration: 283/1000, Temp: 0.0017, Energy: -79.432245-0.001486j
[2025-04-22 15:00:29] Iteration: 284/1000, Temp: 0.0017, Energy: -79.570458-0.009046j
[2025-04-22 15:01:02] Iteration: 285/1000, Temp: 0.0017, Energy: -79.559267-0.021465j
[2025-04-22 15:01:34] Iteration: 286/1000, Temp: 0.0016, Energy: -79.629181-0.014975j
[2025-04-22 15:02:06] Iteration: 287/1000, Temp: 0.0016, Energy: -79.642090-0.004945j
[2025-04-22 15:02:38] Iteration: 288/1000, Temp: 0.0016, Energy: -79.592692-0.016678j
[2025-04-22 15:03:10] Iteration: 289/1000, Temp: 0.0015, Energy: -79.582643-0.007365j
[2025-04-22 15:03:43] Iteration: 290/1000, Temp: 0.0015, Energy: -79.732112-0.003737j
[2025-04-22 15:04:15] Iteration: 291/1000, Temp: 0.0015, Energy: -79.637140-0.003892j
[2025-04-22 15:04:48] Iteration: 292/1000, Temp: 0.0015, Energy: -79.694318-0.021407j
[2025-04-22 15:05:20] Iteration: 293/1000, Temp: 0.0014, Energy: -79.636970+0.001950j
[2025-04-22 15:05:53] Iteration: 294/1000, Temp: 0.0014, Energy: -79.846242+0.027394j
[2025-04-22 15:06:25] Iteration: 295/1000, Temp: 0.0014, Energy: -79.881166+0.004876j
[2025-04-22 15:06:58] Iteration: 296/1000, Temp: 0.0013, Energy: -79.841187+0.009706j
[2025-04-22 15:07:30] Iteration: 297/1000, Temp: 0.0013, Energy: -79.881302+0.006838j
[2025-04-22 15:08:02] Iteration: 298/1000, Temp: 0.0013, Energy: -80.065703-0.022152j
[2025-04-22 15:08:34] Iteration: 299/1000, Temp: 0.0013, Energy: -80.110384+0.004068j
[2025-04-22 15:09:06] Iteration: 300/1000, Temp: 0.0012, Energy: -80.122925-0.005645j
[2025-04-22 15:09:38] Iteration: 301/1000, Temp: 0.0012, Energy: -80.047089+0.002163j
[2025-04-22 15:10:11] Iteration: 302/1000, Temp: 0.0012, Energy: -79.881250+0.019877j
[2025-04-22 15:10:43] Iteration: 303/1000, Temp: 0.0012, Energy: -79.705904+0.020197j
[2025-04-22 15:11:16] Iteration: 304/1000, Temp: 0.0011, Energy: -80.121725-0.008593j
[2025-04-22 15:11:49] Iteration: 305/1000, Temp: 0.0011, Energy: -79.935073-0.013143j
[2025-04-22 15:12:21] Iteration: 306/1000, Temp: 0.0011, Energy: -79.880907+0.015400j
[2025-04-22 15:12:53] Iteration: 307/1000, Temp: 0.0011, Energy: -80.111880+0.000671j
[2025-04-22 15:13:26] Iteration: 308/1000, Temp: 0.0011, Energy: -79.922577-0.007509j
[2025-04-22 15:13:58] Iteration: 309/1000, Temp: 0.0010, Energy: -80.138364+0.011391j
[2025-04-22 15:14:30] Iteration: 310/1000, Temp: 0.0010, Energy: -80.102714-0.018518j
[2025-04-22 15:15:02] Iteration: 311/1000, Temp: 0.0010, Energy: -80.147894-0.016051j
[2025-04-22 15:15:34] Iteration: 312/1000, Temp: 0.0010, Energy: -80.038637+0.009196j
[2025-04-22 15:16:06] Iteration: 313/1000, Temp: 0.0010, Energy: -80.030313-0.001829j
[2025-04-22 15:16:39] Iteration: 314/1000, Temp: 0.0009, Energy: -79.940154-0.006134j
[2025-04-22 15:17:11] Iteration: 315/1000, Temp: 0.0009, Energy: -80.073611-0.015777j
[2025-04-22 15:17:44] Iteration: 316/1000, Temp: 0.0009, Energy: -80.067442-0.004044j
[2025-04-22 15:18:16] Iteration: 317/1000, Temp: 0.0009, Energy: -79.814038-0.007057j
[2025-04-22 15:18:49] Iteration: 318/1000, Temp: 0.0009, Energy: -79.818426-0.000391j
[2025-04-22 15:19:21] Iteration: 319/1000, Temp: 0.0008, Energy: -79.992423-0.001821j
[2025-04-22 15:19:53] Iteration: 320/1000, Temp: 0.0008, Energy: -80.127636+0.008015j
[2025-04-22 15:20:25] Iteration: 321/1000, Temp: 0.0008, Energy: -79.981620+0.003926j
[2025-04-22 15:20:58] Iteration: 322/1000, Temp: 0.0008, Energy: -79.789586-0.010993j
[2025-04-22 15:21:30] Iteration: 323/1000, Temp: 0.0008, Energy: -79.889395+0.002688j
[2025-04-22 15:22:02] Iteration: 324/1000, Temp: 0.0008, Energy: -79.936849+0.009633j
[2025-04-22 15:22:34] Iteration: 325/1000, Temp: 0.0008, Energy: -79.875672-0.008217j
[2025-04-22 15:23:06] Iteration: 326/1000, Temp: 0.0007, Energy: -79.988091-0.000300j
[2025-04-22 15:23:39] Iteration: 327/1000, Temp: 0.0007, Energy: -80.133865-0.004010j
[2025-04-22 15:24:11] Iteration: 328/1000, Temp: 0.0007, Energy: -80.114663+0.002367j
[2025-04-22 15:24:43] Iteration: 329/1000, Temp: 0.0007, Energy: -80.161909+0.006499j
[2025-04-22 15:25:16] Iteration: 330/1000, Temp: 0.0007, Energy: -79.950963+0.008153j
[2025-04-22 15:25:48] Iteration: 331/1000, Temp: 0.0007, Energy: -80.187205-0.001233j
[2025-04-22 15:26:21] Iteration: 332/1000, Temp: 0.0007, Energy: -80.127552-0.012813j
[2025-04-22 15:26:53] Iteration: 333/1000, Temp: 0.0006, Energy: -80.074619+0.002901j
[2025-04-22 15:27:25] Iteration: 334/1000, Temp: 0.0006, Energy: -80.258704-0.008356j
[2025-04-22 15:27:58] Iteration: 335/1000, Temp: 0.0006, Energy: -80.167830-0.027271j
[2025-04-22 15:28:30] Iteration: 336/1000, Temp: 0.0006, Energy: -80.152588-0.023155j
[2025-04-22 15:29:02] Iteration: 337/1000, Temp: 0.0006, Energy: -80.102820-0.021946j
[2025-04-22 15:29:34] Iteration: 338/1000, Temp: 0.0006, Energy: -80.134566-0.029369j
[2025-04-22 15:30:07] Iteration: 339/1000, Temp: 0.0006, Energy: -80.161279-0.010130j
[2025-04-22 15:30:39] Iteration: 340/1000, Temp: 0.0006, Energy: -80.299815+0.005352j
[2025-04-22 15:31:12] Iteration: 341/1000, Temp: 0.0005, Energy: -80.042025+0.014951j
[2025-04-22 15:31:44] Iteration: 342/1000, Temp: 0.0005, Energy: -80.127490-0.018100j
[2025-04-22 15:32:17] Iteration: 343/1000, Temp: 0.0005, Energy: -80.033660+0.009987j
[2025-04-22 15:32:49] Iteration: 344/1000, Temp: 0.0005, Energy: -80.105251+0.014191j
[2025-04-22 15:33:22] Iteration: 345/1000, Temp: 0.0005, Energy: -80.143833+0.013366j
[2025-04-22 15:33:54] Iteration: 346/1000, Temp: 0.0005, Energy: -80.089756+0.014949j
[2025-04-22 15:34:27] Iteration: 347/1000, Temp: 0.0005, Energy: -79.982144+0.017070j
[2025-04-22 15:34:59] Iteration: 348/1000, Temp: 0.0005, Energy: -79.865295+0.005413j
[2025-04-22 15:35:32] Iteration: 349/1000, Temp: 0.0005, Energy: -79.947982-0.011300j
[2025-04-22 15:36:04] Iteration: 350/1000, Temp: 0.0005, Energy: -80.162127+0.012515j
[2025-04-22 15:36:36] Iteration: 351/1000, Temp: 0.0004, Energy: -80.103995-0.011000j
[2025-04-22 15:37:09] Iteration: 352/1000, Temp: 0.0004, Energy: -80.189358-0.001537j
[2025-04-22 15:37:41] Iteration: 353/1000, Temp: 0.0004, Energy: -80.106316+0.003903j
[2025-04-22 15:38:14] Iteration: 354/1000, Temp: 0.0004, Energy: -80.209917+0.012942j
[2025-04-22 15:38:46] Iteration: 355/1000, Temp: 0.0004, Energy: -80.211428-0.023167j
[2025-04-22 15:39:19] Iteration: 356/1000, Temp: 0.0004, Energy: -79.995931+0.008237j
[2025-04-22 15:39:51] Iteration: 357/1000, Temp: 0.0004, Energy: -80.304456+0.012382j
[2025-04-22 15:40:23] Iteration: 358/1000, Temp: 0.0004, Energy: -80.226388+0.015159j
[2025-04-22 15:40:55] Iteration: 359/1000, Temp: 0.0004, Energy: -80.299975-0.004251j
[2025-04-22 15:41:28] Iteration: 360/1000, Temp: 0.0004, Energy: -80.150425+0.016728j
[2025-04-22 15:42:00] Iteration: 361/1000, Temp: 0.0004, Energy: -80.166590+0.023297j
[2025-04-22 15:42:32] Iteration: 362/1000, Temp: 0.0004, Energy: -80.044423-0.005000j
[2025-04-22 15:43:04] Iteration: 363/1000, Temp: 0.0004, Energy: -80.161141-0.003232j
[2025-04-22 15:43:36] Iteration: 364/1000, Temp: 0.0003, Energy: -80.211081-0.021184j
[2025-04-22 15:44:09] Iteration: 365/1000, Temp: 0.0003, Energy: -80.090283-0.004175j
[2025-04-22 15:44:41] Iteration: 366/1000, Temp: 0.0003, Energy: -80.137433+0.024413j
[2025-04-22 15:45:13] Iteration: 367/1000, Temp: 0.0003, Energy: -80.154850+0.004219j
[2025-04-22 15:45:45] Iteration: 368/1000, Temp: 0.0003, Energy: -80.049025+0.022225j
[2025-04-22 15:46:17] Iteration: 369/1000, Temp: 0.0003, Energy: -79.991841-0.013180j
[2025-04-22 15:46:49] Iteration: 370/1000, Temp: 0.0003, Energy: -79.876407-0.003735j
[2025-04-22 15:47:22] Iteration: 371/1000, Temp: 0.0003, Energy: -80.029283+0.024226j
[2025-04-22 15:47:54] Iteration: 372/1000, Temp: 0.0003, Energy: -80.149784+0.003974j
[2025-04-22 15:48:26] Iteration: 373/1000, Temp: 0.0003, Energy: -80.159620+0.018649j
[2025-04-22 15:48:58] Iteration: 374/1000, Temp: 0.0003, Energy: -80.268003-0.006340j
[2025-04-22 15:49:30] Iteration: 375/1000, Temp: 0.0003, Energy: -80.326384+0.003843j
[2025-04-22 15:50:03] Iteration: 376/1000, Temp: 0.0003, Energy: -80.272108+0.002118j
[2025-04-22 15:50:35] Iteration: 377/1000, Temp: 0.0003, Energy: -80.184810+0.000267j
[2025-04-22 15:51:07] Iteration: 378/1000, Temp: 0.0003, Energy: -80.164144+0.015538j
[2025-04-22 15:51:39] Iteration: 379/1000, Temp: 0.0003, Energy: -80.101625+0.010477j
[2025-04-22 15:52:11] Iteration: 380/1000, Temp: 0.0003, Energy: -80.325086+0.009940j
[2025-04-22 15:52:44] Iteration: 381/1000, Temp: 0.0002, Energy: -80.155088-0.004174j
[2025-04-22 15:53:16] Iteration: 382/1000, Temp: 0.0002, Energy: -80.184766+0.007176j
[2025-04-22 15:53:48] Iteration: 383/1000, Temp: 0.0002, Energy: -80.154447+0.000257j
[2025-04-22 15:54:20] Iteration: 384/1000, Temp: 0.0002, Energy: -80.214567+0.000660j
[2025-04-22 15:54:52] Iteration: 385/1000, Temp: 0.0002, Energy: -80.087604-0.003645j
[2025-04-22 15:55:24] Iteration: 386/1000, Temp: 0.0002, Energy: -80.119295-0.002334j
[2025-04-22 15:55:57] Iteration: 387/1000, Temp: 0.0002, Energy: -80.129464-0.007046j
[2025-04-22 15:56:29] Iteration: 388/1000, Temp: 0.0002, Energy: -80.216028-0.008819j
[2025-04-22 15:57:01] Iteration: 389/1000, Temp: 0.0002, Energy: -80.153051+0.002589j
[2025-04-22 15:57:34] Iteration: 390/1000, Temp: 0.0002, Energy: -80.182458+0.002085j
[2025-04-22 15:58:06] Iteration: 391/1000, Temp: 0.0002, Energy: -80.203335+0.004317j
[2025-04-22 15:58:38] Iteration: 392/1000, Temp: 0.0002, Energy: -80.138285+0.009503j
[2025-04-22 15:59:11] Iteration: 393/1000, Temp: 0.0002, Energy: -80.145202-0.002929j
[2025-04-22 15:59:43] Iteration: 394/1000, Temp: 0.0002, Energy: -80.024951-0.006867j
[2025-04-22 16:00:15] Iteration: 395/1000, Temp: 0.0002, Energy: -80.128372-0.007718j
[2025-04-22 16:00:47] Iteration: 396/1000, Temp: 0.0002, Energy: -80.220511-0.003147j
[2025-04-22 16:01:19] Iteration: 397/1000, Temp: 0.0002, Energy: -80.300204+0.008630j
[2025-04-22 16:01:51] Iteration: 398/1000, Temp: 0.0002, Energy: -80.379920-0.001772j
[2025-04-22 16:02:24] Iteration: 399/1000, Temp: 0.0002, Energy: -80.283566-0.004289j
[2025-04-22 16:02:56] Iteration: 400/1000, Temp: 0.0002, Energy: -80.186558-0.002931j
[2025-04-22 16:03:29] Iteration: 401/1000, Temp: 0.0002, Energy: -80.238086+0.015302j
[2025-04-22 16:04:01] Iteration: 402/1000, Temp: 0.0002, Energy: -80.220360+0.004915j
[2025-04-22 16:04:34] Iteration: 403/1000, Temp: 0.0002, Energy: -80.114463+0.004458j
[2025-04-22 16:05:06] Iteration: 404/1000, Temp: 0.0002, Energy: -80.357778-0.014072j
[2025-04-22 16:05:39] Iteration: 405/1000, Temp: 0.0002, Energy: -80.329936+0.006712j
[2025-04-22 16:06:11] Iteration: 406/1000, Temp: 0.0001, Energy: -80.308876-0.008959j
[2025-04-22 16:06:43] Iteration: 407/1000, Temp: 0.0001, Energy: -80.318869+0.002244j
[2025-04-22 16:07:15] Iteration: 408/1000, Temp: 0.0001, Energy: -80.270881-0.001504j
[2025-04-22 16:07:48] Iteration: 409/1000, Temp: 0.0001, Energy: -80.238175-0.000664j
[2025-04-22 16:08:20] Iteration: 410/1000, Temp: 0.0001, Energy: -80.261414-0.020454j
[2025-04-22 16:08:53] Iteration: 411/1000, Temp: 0.0001, Energy: -80.159702-0.001857j
[2025-04-22 16:09:25] Iteration: 412/1000, Temp: 0.0001, Energy: -80.277314-0.005904j
[2025-04-22 16:09:58] Iteration: 413/1000, Temp: 0.0001, Energy: -80.155031-0.009215j
[2025-04-22 16:10:30] Iteration: 414/1000, Temp: 0.0001, Energy: -80.262682-0.002577j
[2025-04-22 16:11:03] Iteration: 415/1000, Temp: 0.0001, Energy: -80.361210-0.004164j
[2025-04-22 16:11:35] Iteration: 416/1000, Temp: 0.0001, Energy: -80.233900-0.018217j
[2025-04-22 16:12:07] Iteration: 417/1000, Temp: 0.0001, Energy: -80.265578+0.003488j
[2025-04-22 16:12:40] Iteration: 418/1000, Temp: 0.0001, Energy: -80.174030-0.001669j
[2025-04-22 16:13:12] Iteration: 419/1000, Temp: 0.0001, Energy: -80.197486-0.010810j
[2025-04-22 16:13:45] Iteration: 420/1000, Temp: 0.0001, Energy: -80.136625-0.005300j
[2025-04-22 16:14:17] Iteration: 421/1000, Temp: 0.0001, Energy: -80.381587-0.009641j
[2025-04-22 16:14:49] Iteration: 422/1000, Temp: 0.0001, Energy: -80.248616+0.004712j
[2025-04-22 16:15:22] Iteration: 423/1000, Temp: 0.0001, Energy: -80.176537+0.002062j
[2025-04-22 16:15:54] Iteration: 424/1000, Temp: 0.0001, Energy: -80.191518-0.010595j
[2025-04-22 16:16:27] Iteration: 425/1000, Temp: 0.0001, Energy: -80.265396+0.001605j
[2025-04-22 16:16:59] Iteration: 426/1000, Temp: 0.0001, Energy: -80.348420-0.001777j
[2025-04-22 16:17:31] Iteration: 427/1000, Temp: 0.0001, Energy: -80.320183-0.005525j
[2025-04-22 16:18:04] Iteration: 428/1000, Temp: 0.0001, Energy: -80.376280-0.006985j
[2025-04-22 16:18:36] Iteration: 429/1000, Temp: 0.0001, Energy: -80.278630+0.007615j
[2025-04-22 16:19:08] Iteration: 430/1000, Temp: 0.0001, Energy: -80.339807+0.008962j
[2025-04-22 16:19:40] Iteration: 431/1000, Temp: 0.0001, Energy: -80.243219+0.008119j
[2025-04-22 16:20:12] Iteration: 432/1000, Temp: 0.0001, Energy: -80.326450+0.004670j
[2025-04-22 16:20:44] Iteration: 433/1000, Temp: 0.0001, Energy: -80.214265+0.001288j
[2025-04-22 16:21:17] Iteration: 434/1000, Temp: 0.0001, Energy: -80.345897-0.005979j
[2025-04-22 16:21:50] Iteration: 435/1000, Temp: 0.0001, Energy: -80.275859-0.003522j
[2025-04-22 16:22:22] Iteration: 436/1000, Temp: 0.0001, Energy: -80.341380+0.003225j
[2025-04-22 16:22:55] Iteration: 437/1000, Temp: 0.0001, Energy: -80.177517-0.002903j
[2025-04-22 16:23:27] Iteration: 438/1000, Temp: 0.0001, Energy: -80.290455-0.021237j
[2025-04-22 16:23:59] Iteration: 439/1000, Temp: 0.0001, Energy: -80.303303-0.014703j
[2025-04-22 16:24:31] Iteration: 440/1000, Temp: 0.0001, Energy: -80.292938+0.010897j
[2025-04-22 16:25:03] Iteration: 441/1000, Temp: 0.0001, Energy: -80.416704-0.003032j
[2025-04-22 16:25:35] Iteration: 442/1000, Temp: 0.0001, Energy: -80.331360-0.011439j
[2025-04-22 16:26:08] Iteration: 443/1000, Temp: 0.0001, Energy: -80.420386-0.004055j
[2025-04-22 16:26:40] Iteration: 444/1000, Temp: 0.0001, Energy: -80.341533-0.002752j
[2025-04-22 16:27:13] Iteration: 445/1000, Temp: 0.0001, Energy: -80.347148+0.006507j
[2025-04-22 16:27:45] Iteration: 446/1000, Temp: 0.0001, Energy: -80.346020+0.004137j
[2025-04-22 16:28:17] Iteration: 447/1000, Temp: 0.0001, Energy: -80.429275-0.004508j
[2025-04-22 16:28:49] Iteration: 448/1000, Temp: 0.0001, Energy: -80.345499+0.002269j
[2025-04-22 16:29:21] Iteration: 449/1000, Temp: 0.0001, Energy: -80.213795+0.005332j
[2025-04-22 16:29:54] Iteration: 450/1000, Temp: 0.0001, Energy: -80.192094+0.000710j
[2025-04-22 16:30:26] Iteration: 451/1000, Temp: 0.0001, Energy: -80.278522-0.009111j
[2025-04-22 16:30:59] Iteration: 452/1000, Temp: 0.0001, Energy: -80.210267-0.008870j
[2025-04-22 16:31:31] Iteration: 453/1000, Temp: 0.0001, Energy: -80.111422-0.000500j
[2025-04-22 16:32:03] Iteration: 454/1000, Temp: 0.0001, Energy: -80.201509-0.010091j
[2025-04-22 16:32:35] Iteration: 455/1000, Temp: 0.0001, Energy: -80.169590+0.005837j
[2025-04-22 16:33:07] Iteration: 456/1000, Temp: 0.0001, Energy: -80.362613-0.010906j
[2025-04-22 16:33:40] Iteration: 457/1000, Temp: 0.0001, Energy: -80.417625-0.002396j
[2025-04-22 16:34:12] Iteration: 458/1000, Temp: 0.0001, Energy: -80.410605+0.002141j
[2025-04-22 16:34:44] Iteration: 459/1000, Temp: 0.0001, Energy: -80.570831+0.003044j
[2025-04-22 16:35:16] Iteration: 460/1000, Temp: 0.0001, Energy: -80.537723+0.007154j
[2025-04-22 16:35:49] Iteration: 461/1000, Temp: 0.0000, Energy: -80.440828+0.009255j
[2025-04-22 16:36:21] Iteration: 462/1000, Temp: 0.0000, Energy: -80.321487-0.004729j
[2025-04-22 16:36:53] Iteration: 463/1000, Temp: 0.0000, Energy: -80.279542+0.004427j
[2025-04-22 16:37:26] Iteration: 464/1000, Temp: 0.0000, Energy: -80.378742+0.003952j
[2025-04-22 16:37:58] Iteration: 465/1000, Temp: 0.0000, Energy: -80.266370-0.002105j
[2025-04-22 16:38:31] Iteration: 466/1000, Temp: 0.0000, Energy: -80.411163+0.003812j
[2025-04-22 16:39:03] Iteration: 467/1000, Temp: 0.0000, Energy: -80.236854+0.002208j
[2025-04-22 16:39:35] Iteration: 468/1000, Temp: 0.0000, Energy: -80.192364-0.000709j
[2025-04-22 16:40:08] Iteration: 469/1000, Temp: 0.0000, Energy: -80.375313+0.002172j
[2025-04-22 16:40:40] Iteration: 470/1000, Temp: 0.0000, Energy: -80.359965-0.007056j
[2025-04-22 16:41:12] Iteration: 471/1000, Temp: 0.0000, Energy: -80.397138+0.005871j
[2025-04-22 16:41:45] Iteration: 472/1000, Temp: 0.0000, Energy: -80.168081+0.026065j
[2025-04-22 16:42:17] Iteration: 473/1000, Temp: 0.0000, Energy: -80.366157-0.003131j
[2025-04-22 16:42:50] Iteration: 474/1000, Temp: 0.0000, Energy: -80.229221-0.009656j
[2025-04-22 16:43:22] Iteration: 475/1000, Temp: 0.0000, Energy: -80.231065-0.001113j
[2025-04-22 16:43:55] Iteration: 476/1000, Temp: 0.0000, Energy: -80.123030+0.002059j
[2025-04-22 16:44:27] Iteration: 477/1000, Temp: 0.0000, Energy: -80.284488+0.017034j
[2025-04-22 16:44:59] Iteration: 478/1000, Temp: 0.0000, Energy: -80.295580+0.003985j
[2025-04-22 16:45:31] Iteration: 479/1000, Temp: 0.0000, Energy: -80.327483+0.000942j
[2025-04-22 16:46:04] Iteration: 480/1000, Temp: 0.0000, Energy: -80.467817+0.003775j
[2025-04-22 16:46:36] Iteration: 481/1000, Temp: 0.0000, Energy: -80.588807-0.002850j
[2025-04-22 16:47:08] Iteration: 482/1000, Temp: 0.0000, Energy: -80.511110-0.007017j
[2025-04-22 16:47:40] Iteration: 483/1000, Temp: 0.0000, Energy: -80.416054+0.006998j
[2025-04-22 16:48:12] Iteration: 484/1000, Temp: 0.0000, Energy: -80.300684+0.007198j
[2025-04-22 16:48:45] Iteration: 485/1000, Temp: 0.0000, Energy: -80.329269+0.005500j
[2025-04-22 16:49:17] Iteration: 486/1000, Temp: 0.0000, Energy: -80.254022+0.011700j
[2025-04-22 16:49:49] Iteration: 487/1000, Temp: 0.0000, Energy: -80.176452+0.006242j
[2025-04-22 16:50:22] Iteration: 488/1000, Temp: 0.0000, Energy: -80.192007+0.003386j
[2025-04-22 16:50:54] Iteration: 489/1000, Temp: 0.0000, Energy: -80.167859+0.005668j
[2025-04-22 16:51:27] Iteration: 490/1000, Temp: 0.0000, Energy: -80.118037+0.010521j
[2025-04-22 16:51:59] Iteration: 491/1000, Temp: 0.0000, Energy: -80.095090+0.014755j
[2025-04-22 16:52:32] Iteration: 492/1000, Temp: 0.0000, Energy: -80.388249+0.004025j
[2025-04-22 16:53:04] Iteration: 493/1000, Temp: 0.0000, Energy: -80.341186+0.013156j
[2025-04-22 16:53:36] Iteration: 494/1000, Temp: 0.0000, Energy: -80.156447+0.011419j
[2025-04-22 16:54:08] Iteration: 495/1000, Temp: 0.0000, Energy: -80.075007+0.008444j
[2025-04-22 16:54:40] Iteration: 496/1000, Temp: 0.0000, Energy: -80.194132-0.000111j
[2025-04-22 16:55:12] Iteration: 497/1000, Temp: 0.0000, Energy: -80.159401+0.008890j
[2025-04-22 16:55:45] Iteration: 498/1000, Temp: 0.0000, Energy: -80.280889-0.011391j
[2025-04-22 16:56:17] Iteration: 499/1000, Temp: 0.0000, Energy: -80.288191-0.012370j
[2025-04-22 16:56:49] Iteration: 500/1000, Temp: 0.0000, Energy: -80.242472-0.017593j
[2025-04-22 16:57:21] Iteration: 501/1000, Temp: 0.0000, Energy: -80.197206-0.004437j
[2025-04-22 16:57:54] Iteration: 502/1000, Temp: 0.0000, Energy: -80.093793-0.012658j
[2025-04-22 16:58:26] Iteration: 503/1000, Temp: 0.0000, Energy: -80.136729+0.002432j
[2025-04-22 16:58:59] Iteration: 504/1000, Temp: 0.0000, Energy: -80.232137-0.006767j
[2025-04-22 16:59:31] Iteration: 505/1000, Temp: 0.0000, Energy: -80.384425-0.012344j
[2025-04-22 17:00:04] Iteration: 506/1000, Temp: 0.0000, Energy: -80.391659-0.012480j
[2025-04-22 17:00:36] Iteration: 507/1000, Temp: 0.0000, Energy: -80.408930-0.008429j
[2025-04-22 17:01:08] Iteration: 508/1000, Temp: 0.0000, Energy: -80.494779-0.003844j
[2025-04-22 17:01:40] Iteration: 509/1000, Temp: 0.0000, Energy: -80.365920-0.010994j
[2025-04-22 17:02:12] Iteration: 510/1000, Temp: 0.0000, Energy: -80.341225-0.022950j
[2025-04-22 17:02:45] Iteration: 511/1000, Temp: 0.0000, Energy: -80.145962-0.020948j
[2025-04-22 17:03:17] Iteration: 512/1000, Temp: 0.0000, Energy: -80.158094-0.007636j
[2025-04-22 17:03:49] Iteration: 513/1000, Temp: 0.0000, Energy: -80.386952+0.009766j
[2025-04-22 17:04:21] Iteration: 514/1000, Temp: 0.0000, Energy: -80.551753-0.015884j
[2025-04-22 17:04:53] Iteration: 515/1000, Temp: 0.0000, Energy: -80.384859-0.003847j
[2025-04-22 17:05:26] Iteration: 516/1000, Temp: 0.0000, Energy: -80.186960+0.009140j
[2025-04-22 17:05:58] Iteration: 517/1000, Temp: 0.0000, Energy: -80.308993+0.009808j
[2025-04-22 17:06:31] Iteration: 518/1000, Temp: 0.0000, Energy: -80.279805+0.001969j
[2025-04-22 17:07:03] Iteration: 519/1000, Temp: 0.0000, Energy: -80.433243-0.006168j
[2025-04-22 17:07:35] Iteration: 520/1000, Temp: 0.0000, Energy: -80.439717+0.001023j
[2025-04-22 17:08:08] Iteration: 521/1000, Temp: 0.0000, Energy: -80.279112-0.003527j
[2025-04-22 17:08:40] Iteration: 522/1000, Temp: 0.0000, Energy: -80.316682-0.000517j
[2025-04-22 17:09:13] Iteration: 523/1000, Temp: 0.0000, Energy: -80.379261+0.006644j
[2025-04-22 17:09:45] Iteration: 524/1000, Temp: 0.0000, Energy: -80.272133-0.004155j
[2025-04-22 17:10:18] Iteration: 525/1000, Temp: 0.0000, Energy: -80.368691-0.003388j
[2025-04-22 17:10:50] Iteration: 526/1000, Temp: 0.0000, Energy: -80.243332+0.003530j
[2025-04-22 17:11:22] Iteration: 527/1000, Temp: 0.0000, Energy: -80.224450+0.007662j
[2025-04-22 17:11:55] Iteration: 528/1000, Temp: 0.0000, Energy: -80.277285+0.003556j
[2025-04-22 17:12:27] Iteration: 529/1000, Temp: 0.0000, Energy: -80.318173+0.014469j
[2025-04-22 17:13:00] Iteration: 530/1000, Temp: 0.0000, Energy: -80.307232+0.011010j
[2025-04-22 17:13:32] Iteration: 531/1000, Temp: 0.0000, Energy: -80.351377+0.010920j
[2025-04-22 17:14:05] Iteration: 532/1000, Temp: 0.0000, Energy: -80.465305+0.004027j
[2025-04-22 17:14:37] Iteration: 533/1000, Temp: 0.0000, Energy: -80.395908+0.002490j
[2025-04-22 17:15:09] Iteration: 534/1000, Temp: 0.0000, Energy: -80.488479-0.004358j
[2025-04-22 17:15:42] Iteration: 535/1000, Temp: 0.0000, Energy: -80.469238+0.003419j
[2025-04-22 17:16:15] Iteration: 536/1000, Temp: 0.0000, Energy: -80.264160+0.009543j
[2025-04-22 17:16:47] Iteration: 537/1000, Temp: 0.0000, Energy: -80.417407+0.010752j
[2025-04-22 17:17:19] Iteration: 538/1000, Temp: 0.0000, Energy: -80.315759-0.009115j
[2025-04-22 17:17:51] Iteration: 539/1000, Temp: 0.0000, Energy: -80.333556+0.007121j
[2025-04-22 17:18:24] Iteration: 540/1000, Temp: 0.0000, Energy: -80.264474+0.010619j
[2025-04-22 17:18:56] Iteration: 541/1000, Temp: 0.0000, Energy: -80.268135-0.010037j
[2025-04-22 17:19:28] Iteration: 542/1000, Temp: 0.0000, Energy: -80.316445-0.011671j
[2025-04-22 17:20:01] Iteration: 543/1000, Temp: 0.0000, Energy: -80.320830+0.002201j
[2025-04-22 17:20:33] Iteration: 544/1000, Temp: 0.0000, Energy: -80.177366-0.000149j
[2025-04-22 17:21:06] Iteration: 545/1000, Temp: 0.0000, Energy: -80.293253+0.015970j
[2025-04-22 17:21:38] Iteration: 546/1000, Temp: 0.0000, Energy: -80.245262+0.004085j
[2025-04-22 17:22:10] Iteration: 547/1000, Temp: 0.0000, Energy: -80.248085-0.000643j
[2025-04-22 17:22:42] Iteration: 548/1000, Temp: 0.0000, Energy: -80.131779+0.006602j
[2025-04-22 17:23:14] Iteration: 549/1000, Temp: 0.0000, Energy: -80.115605-0.005222j
[2025-04-22 17:23:46] Iteration: 550/1000, Temp: 0.0000, Energy: -80.286544+0.021251j
[2025-04-22 17:24:19] Iteration: 551/1000, Temp: 0.0000, Energy: -80.369982+0.005083j
[2025-04-22 17:24:51] Iteration: 552/1000, Temp: 0.0000, Energy: -80.199525-0.012836j
[2025-04-22 17:25:23] Iteration: 553/1000, Temp: 0.0000, Energy: -80.237061+0.017094j
[2025-04-22 17:25:55] Iteration: 554/1000, Temp: 0.0000, Energy: -80.424117-0.001437j
[2025-04-22 17:26:28] Iteration: 555/1000, Temp: 0.0000, Energy: -80.256894+0.000265j
[2025-04-22 17:27:00] Iteration: 556/1000, Temp: 0.0000, Energy: -80.263107-0.005088j
[2025-04-22 17:27:32] Iteration: 557/1000, Temp: 0.0000, Energy: -80.203876-0.004621j
[2025-04-22 17:28:05] Iteration: 558/1000, Temp: 0.0000, Energy: -80.247664-0.012199j
[2025-04-22 17:28:37] Iteration: 559/1000, Temp: 0.0000, Energy: -80.120102-0.005417j
[2025-04-22 17:29:09] Iteration: 560/1000, Temp: 0.0000, Energy: -80.253470-0.004717j
[2025-04-22 17:29:42] Iteration: 561/1000, Temp: 0.0000, Energy: -80.120528-0.003938j
[2025-04-22 17:30:14] Iteration: 562/1000, Temp: 0.0000, Energy: -80.226339-0.016871j
[2025-04-22 17:30:46] Iteration: 563/1000, Temp: 0.0000, Energy: -80.139928+0.002833j
[2025-04-22 17:31:18] Iteration: 564/1000, Temp: 0.0000, Energy: -80.296991-0.000871j
[2025-04-22 17:31:50] Iteration: 565/1000, Temp: 0.0000, Energy: -80.304201-0.001987j
[2025-04-22 17:32:23] Iteration: 566/1000, Temp: 0.0000, Energy: -80.393121-0.004139j
[2025-04-22 17:32:55] Iteration: 567/1000, Temp: 0.0000, Energy: -80.482941-0.010129j
[2025-04-22 17:33:27] Iteration: 568/1000, Temp: 0.0000, Energy: -80.158907-0.007064j
[2025-04-22 17:34:00] Iteration: 569/1000, Temp: 0.0000, Energy: -80.127937-0.003544j
[2025-04-22 17:34:32] Iteration: 570/1000, Temp: 0.0000, Energy: -80.350337+0.003158j
[2025-04-22 17:35:05] Iteration: 571/1000, Temp: 0.0000, Energy: -80.311795-0.011177j
[2025-04-22 17:35:37] Iteration: 572/1000, Temp: 0.0000, Energy: -80.278505-0.006771j
[2025-04-22 17:36:09] Iteration: 573/1000, Temp: 0.0000, Energy: -80.320684-0.000464j
[2025-04-22 17:36:42] Iteration: 574/1000, Temp: 0.0000, Energy: -80.147790-0.001075j
[2025-04-22 17:37:14] Iteration: 575/1000, Temp: 0.0000, Energy: -80.434833+0.003251j
[2025-04-22 17:37:46] Iteration: 576/1000, Temp: 0.0000, Energy: -80.566921+0.006009j
[2025-04-22 17:38:18] Iteration: 577/1000, Temp: 0.0000, Energy: -80.400935-0.003136j
[2025-04-22 17:38:50] Iteration: 578/1000, Temp: 0.0000, Energy: -80.394718+0.000375j
[2025-04-22 17:39:23] Iteration: 579/1000, Temp: 0.0000, Energy: -80.448018+0.007838j
[2025-04-22 17:39:55] Iteration: 580/1000, Temp: 0.0000, Energy: -80.384197+0.006967j
[2025-04-22 17:40:27] Iteration: 581/1000, Temp: 0.0000, Energy: -80.249503+0.010002j
[2025-04-22 17:40:59] Iteration: 582/1000, Temp: 0.0000, Energy: -80.244669-0.000094j
[2025-04-22 17:41:32] Iteration: 583/1000, Temp: 0.0000, Energy: -80.350247-0.001721j
[2025-04-22 17:42:04] Iteration: 584/1000, Temp: 0.0000, Energy: -80.292809-0.000042j
[2025-04-22 17:42:36] Iteration: 585/1000, Temp: 0.0000, Energy: -80.383701+0.006771j
[2025-04-22 17:43:09] Iteration: 586/1000, Temp: 0.0000, Energy: -80.372218+0.011129j
[2025-04-22 17:43:41] Iteration: 587/1000, Temp: 0.0000, Energy: -80.132086-0.012164j
[2025-04-22 17:44:14] Iteration: 588/1000, Temp: 0.0000, Energy: -80.241499+0.009003j
[2025-04-22 17:44:46] Iteration: 589/1000, Temp: 0.0000, Energy: -80.298281-0.023812j
[2025-04-22 17:45:18] Iteration: 590/1000, Temp: 0.0000, Energy: -80.380893-0.002278j
[2025-04-22 17:45:50] Iteration: 591/1000, Temp: 0.0000, Energy: -80.357318-0.009440j
[2025-04-22 17:46:23] Iteration: 592/1000, Temp: 0.0000, Energy: -80.323319+0.003942j
[2025-04-22 17:46:55] Iteration: 593/1000, Temp: 0.0000, Energy: -80.188832+0.003758j
[2025-04-22 17:47:28] Iteration: 594/1000, Temp: 0.0000, Energy: -80.028169+0.010230j
[2025-04-22 17:48:00] Iteration: 595/1000, Temp: 0.0000, Energy: -80.176293+0.005651j
[2025-04-22 17:48:32] Iteration: 596/1000, Temp: 0.0000, Energy: -80.234906+0.004044j
[2025-04-22 17:49:05] Iteration: 597/1000, Temp: 0.0000, Energy: -80.310097-0.008012j
[2025-04-22 17:49:37] Iteration: 598/1000, Temp: 0.0000, Energy: -80.377226-0.006867j
[2025-04-22 17:50:09] Iteration: 599/1000, Temp: 0.0000, Energy: -80.291304-0.013904j
[2025-04-22 17:50:42] Iteration: 600/1000, Temp: 0.0000, Energy: -80.248338-0.003737j
[2025-04-22 17:51:14] Iteration: 601/1000, Temp: 0.0000, Energy: -80.365710-0.011154j
[2025-04-22 17:51:46] Iteration: 602/1000, Temp: 0.0000, Energy: -80.338505+0.002399j
[2025-04-22 17:52:18] Iteration: 603/1000, Temp: 0.0000, Energy: -80.157030-0.012910j
[2025-04-22 17:52:51] Iteration: 604/1000, Temp: 0.0000, Energy: -80.341751-0.006250j
[2025-04-22 17:53:23] Iteration: 605/1000, Temp: 0.0000, Energy: -80.403580+0.006529j
[2025-04-22 17:53:55] Iteration: 606/1000, Temp: 0.0000, Energy: -80.653045+0.000694j
[2025-04-22 17:54:28] Iteration: 607/1000, Temp: 0.0000, Energy: -80.402467-0.002270j
[2025-04-22 17:55:00] Iteration: 608/1000, Temp: 0.0000, Energy: -80.460687-0.000773j
[2025-04-22 17:55:33] Iteration: 609/1000, Temp: 0.0000, Energy: -80.347589-0.038422j
[2025-04-22 17:56:05] Iteration: 610/1000, Temp: 0.0000, Energy: -80.273910+0.001563j
[2025-04-22 17:56:37] Iteration: 611/1000, Temp: 0.0000, Energy: -80.267680-0.002441j
[2025-04-22 17:57:09] Iteration: 612/1000, Temp: 0.0000, Energy: -80.278114+0.012297j
[2025-04-22 17:57:42] Iteration: 613/1000, Temp: 0.0000, Energy: -80.439162+0.000331j
[2025-04-22 17:58:14] Iteration: 614/1000, Temp: 0.0000, Energy: -80.529338+0.000530j
[2025-04-22 17:58:46] Iteration: 615/1000, Temp: 0.0000, Energy: -80.572103-0.006696j
[2025-04-22 17:59:18] Iteration: 616/1000, Temp: 0.0000, Energy: -80.604167+0.003588j
[2025-04-22 17:59:50] Iteration: 617/1000, Temp: 0.0000, Energy: -80.424307-0.002742j
[2025-04-22 18:00:23] Iteration: 618/1000, Temp: 0.0000, Energy: -80.321560-0.003330j
[2025-04-22 18:00:55] Iteration: 619/1000, Temp: 0.0000, Energy: -80.394427-0.002577j
[2025-04-22 18:01:27] Iteration: 620/1000, Temp: 0.0000, Energy: -80.311128+0.003577j
[2025-04-22 18:02:00] Iteration: 621/1000, Temp: 0.0000, Energy: -80.462598+0.003126j
[2025-04-22 18:02:32] Iteration: 622/1000, Temp: 0.0000, Energy: -80.314578+0.001236j
[2025-04-22 18:03:05] Iteration: 623/1000, Temp: 0.0000, Energy: -80.211897-0.011512j
[2025-04-22 18:03:37] Iteration: 624/1000, Temp: 0.0000, Energy: -80.415537-0.003646j
[2025-04-22 18:04:09] Iteration: 625/1000, Temp: 0.0000, Energy: -80.320339-0.001987j
[2025-04-22 18:04:41] Iteration: 626/1000, Temp: 0.0000, Energy: -80.398960-0.000487j
[2025-04-22 18:05:13] Iteration: 627/1000, Temp: 0.0000, Energy: -80.344500-0.000961j
[2025-04-22 18:05:45] Iteration: 628/1000, Temp: 0.0000, Energy: -80.351660+0.000027j
[2025-04-22 18:06:18] Iteration: 629/1000, Temp: 0.0000, Energy: -80.232965+0.001685j
[2025-04-22 18:06:50] Iteration: 630/1000, Temp: 0.0000, Energy: -80.512609+0.003236j
[2025-04-22 18:07:22] Iteration: 631/1000, Temp: 0.0000, Energy: -80.336220+0.004426j
[2025-04-22 18:07:54] Iteration: 632/1000, Temp: 0.0000, Energy: -80.488177-0.000060j
[2025-04-22 18:08:26] Iteration: 633/1000, Temp: 0.0000, Energy: -80.270376-0.002642j
[2025-04-22 18:08:58] Iteration: 634/1000, Temp: 0.0000, Energy: -80.286179-0.002007j
[2025-04-22 18:09:31] Iteration: 635/1000, Temp: 0.0000, Energy: -80.231533-0.006168j
[2025-04-22 18:10:03] Iteration: 636/1000, Temp: 0.0000, Energy: -80.254102+0.001534j
[2025-04-22 18:10:36] Iteration: 637/1000, Temp: 0.0000, Energy: -80.245576-0.006813j
[2025-04-22 18:11:08] Iteration: 638/1000, Temp: 0.0000, Energy: -80.183753-0.009357j
[2025-04-22 18:11:41] Iteration: 639/1000, Temp: 0.0000, Energy: -80.278437+0.008184j
[2025-04-22 18:12:13] Iteration: 640/1000, Temp: 0.0000, Energy: -80.216118-0.000938j
[2025-04-22 18:12:45] Iteration: 641/1000, Temp: 0.0000, Energy: -80.346060-0.006092j
[2025-04-22 18:13:18] Iteration: 642/1000, Temp: 0.0000, Energy: -80.386641-0.004011j
[2025-04-22 18:13:50] Iteration: 643/1000, Temp: 0.0000, Energy: -80.329690+0.007546j
[2025-04-22 18:14:22] Iteration: 644/1000, Temp: 0.0000, Energy: -80.375411-0.001892j
[2025-04-22 18:14:54] Iteration: 645/1000, Temp: 0.0000, Energy: -80.392831+0.003628j
[2025-04-22 18:15:26] Iteration: 646/1000, Temp: 0.0000, Energy: -80.344963+0.006367j
[2025-04-22 18:15:58] Iteration: 647/1000, Temp: 0.0000, Energy: -80.276448-0.000000j
[2025-04-22 18:16:31] Iteration: 648/1000, Temp: 0.0000, Energy: -80.300452-0.006880j
[2025-04-22 18:17:03] Iteration: 649/1000, Temp: 0.0000, Energy: -80.458278-0.004239j
[2025-04-22 18:17:36] Iteration: 650/1000, Temp: 0.0000, Energy: -80.369004-0.002224j
[2025-04-22 18:18:08] Iteration: 651/1000, Temp: 0.0000, Energy: -80.365244-0.003511j
[2025-04-22 18:18:40] Iteration: 652/1000, Temp: 0.0000, Energy: -80.358736-0.030484j
[2025-04-22 18:19:13] Iteration: 653/1000, Temp: 0.0000, Energy: -80.192713+0.004168j
[2025-04-22 18:19:45] Iteration: 654/1000, Temp: 0.0000, Energy: -80.044599-0.002040j
[2025-04-22 18:20:17] Iteration: 655/1000, Temp: 0.0000, Energy: -80.432059+0.003443j
[2025-04-22 18:20:49] Iteration: 656/1000, Temp: 0.0000, Energy: -80.337020+0.008918j
[2025-04-22 18:21:22] Iteration: 657/1000, Temp: 0.0000, Energy: -80.180142-0.003585j
[2025-04-22 18:21:54] Iteration: 658/1000, Temp: 0.0000, Energy: -80.379085-0.004781j
[2025-04-22 18:22:26] Iteration: 659/1000, Temp: 0.0000, Energy: -80.230541-0.007119j
[2025-04-22 18:22:59] Iteration: 660/1000, Temp: 0.0000, Energy: -80.159362-0.000735j
[2025-04-22 18:23:31] Iteration: 661/1000, Temp: 0.0000, Energy: -80.217010-0.004446j
[2025-04-22 18:24:03] Iteration: 662/1000, Temp: 0.0000, Energy: -80.363421-0.006174j
[2025-04-22 18:24:35] Iteration: 663/1000, Temp: 0.0000, Energy: -80.259669+0.002431j
[2025-04-22 18:25:08] Iteration: 664/1000, Temp: 0.0000, Energy: -80.167239+0.003595j
[2025-04-22 18:25:40] Iteration: 665/1000, Temp: 0.0000, Energy: -80.281128+0.001680j
[2025-04-22 18:26:12] Iteration: 666/1000, Temp: 0.0000, Energy: -80.493383-0.009182j
[2025-04-22 18:26:44] Iteration: 667/1000, Temp: 0.0000, Energy: -80.379844-0.004490j
[2025-04-22 18:27:16] Iteration: 668/1000, Temp: 0.0000, Energy: -80.158090-0.001139j
[2025-04-22 18:27:48] Iteration: 669/1000, Temp: 0.0000, Energy: -80.160908+0.016233j
[2025-04-22 18:28:21] Iteration: 670/1000, Temp: 0.0000, Energy: -80.455328-0.002490j
[2025-04-22 18:28:53] Iteration: 671/1000, Temp: 0.0000, Energy: -80.228855+0.003520j
[2025-04-22 18:29:26] Iteration: 672/1000, Temp: 0.0000, Energy: -80.135536-0.000506j
[2025-04-22 18:29:58] Iteration: 673/1000, Temp: 0.0000, Energy: -80.164612+0.002034j
[2025-04-22 18:30:31] Iteration: 674/1000, Temp: 0.0000, Energy: -80.342488-0.003231j
[2025-04-22 18:31:03] Iteration: 675/1000, Temp: 0.0000, Energy: -80.457996-0.002208j
[2025-04-22 18:31:35] Iteration: 676/1000, Temp: 0.0000, Energy: -80.380893-0.006160j
[2025-04-22 18:32:08] Iteration: 677/1000, Temp: 0.0000, Energy: -80.258981-0.007402j
[2025-04-22 18:32:40] Iteration: 678/1000, Temp: 0.0000, Energy: -80.388162+0.000920j
[2025-04-22 18:33:12] Iteration: 679/1000, Temp: 0.0000, Energy: -80.373912+0.003749j
[2025-04-22 18:33:44] Iteration: 680/1000, Temp: 0.0000, Energy: -80.501583+0.003851j
[2025-04-22 18:34:16] Iteration: 681/1000, Temp: 0.0000, Energy: -80.362901-0.002831j
[2025-04-22 18:34:49] Iteration: 682/1000, Temp: 0.0000, Energy: -80.543999-0.007828j
[2025-04-22 18:35:21] Iteration: 683/1000, Temp: 0.0000, Energy: -80.198074+0.001682j
[2025-04-22 18:35:53] Iteration: 684/1000, Temp: 0.0000, Energy: -80.235481+0.003541j
[2025-04-22 18:36:25] Iteration: 685/1000, Temp: 0.0000, Energy: -80.258738-0.003329j
[2025-04-22 18:36:58] Iteration: 686/1000, Temp: 0.0000, Energy: -80.231105+0.008626j
[2025-04-22 18:37:30] Iteration: 687/1000, Temp: 0.0000, Energy: -80.223847-0.004154j
[2025-04-22 18:38:03] Iteration: 688/1000, Temp: 0.0000, Energy: -80.339148-0.003016j
[2025-04-22 18:38:35] Iteration: 689/1000, Temp: 0.0000, Energy: -80.334802+0.000177j
[2025-04-22 18:39:07] Iteration: 690/1000, Temp: 0.0000, Energy: -80.285822-0.004315j
[2025-04-22 18:39:40] Iteration: 691/1000, Temp: 0.0000, Energy: -80.361861+0.007358j
[2025-04-22 18:40:12] Iteration: 692/1000, Temp: 0.0000, Energy: -80.436954+0.009063j
[2025-04-22 18:40:44] Iteration: 693/1000, Temp: 0.0000, Energy: -80.344056+0.000830j
[2025-04-22 18:41:16] Iteration: 694/1000, Temp: 0.0000, Energy: -80.408396-0.003964j
[2025-04-22 18:41:48] Iteration: 695/1000, Temp: 0.0000, Energy: -80.449412+0.005295j
[2025-04-22 18:42:21] Iteration: 696/1000, Temp: 0.0000, Energy: -80.427782-0.014171j
[2025-04-22 18:42:53] Iteration: 697/1000, Temp: 0.0000, Energy: -80.666239-0.004823j
[2025-04-22 18:43:25] Iteration: 698/1000, Temp: 0.0000, Energy: -80.399090-0.000833j
[2025-04-22 18:43:57] Iteration: 699/1000, Temp: 0.0000, Energy: -80.255833-0.001663j
[2025-04-22 18:44:30] Iteration: 700/1000, Temp: 0.0000, Energy: -80.200091-0.003946j
[2025-04-22 18:45:02] Iteration: 701/1000, Temp: 0.0000, Energy: -80.152273+0.015014j
[2025-04-22 18:45:34] Iteration: 702/1000, Temp: 0.0000, Energy: -80.419853+0.003415j
[2025-04-22 18:46:07] Iteration: 703/1000, Temp: 0.0000, Energy: -80.406097-0.000615j
[2025-04-22 18:46:39] Iteration: 704/1000, Temp: 0.0000, Energy: -80.136837+0.001943j
[2025-04-22 18:47:12] Iteration: 705/1000, Temp: 0.0000, Energy: -80.245148+0.006654j
[2025-04-22 18:47:44] Iteration: 706/1000, Temp: 0.0000, Energy: -80.147864-0.005468j
[2025-04-22 18:48:16] Iteration: 707/1000, Temp: 0.0000, Energy: -80.168234+0.012514j
[2025-04-22 18:48:48] Iteration: 708/1000, Temp: 0.0000, Energy: -80.245110-0.012681j
[2025-04-22 18:49:20] Iteration: 709/1000, Temp: 0.0000, Energy: -80.369119+0.011910j
[2025-04-22 18:49:53] Iteration: 710/1000, Temp: 0.0000, Energy: -80.320722-0.001403j
[2025-04-22 18:50:25] Iteration: 711/1000, Temp: 0.0000, Energy: -80.222999-0.000050j
[2025-04-22 18:50:57] Iteration: 712/1000, Temp: 0.0000, Energy: -80.145523-0.001630j
[2025-04-22 18:51:30] Iteration: 713/1000, Temp: 0.0000, Energy: -80.252840+0.006888j
[2025-04-22 18:52:02] Iteration: 714/1000, Temp: 0.0000, Energy: -80.196850-0.001324j
[2025-04-22 18:52:35] Iteration: 715/1000, Temp: 0.0000, Energy: -80.259285+0.001816j
[2025-04-22 18:53:07] Iteration: 716/1000, Temp: 0.0000, Energy: -80.209168-0.002588j
[2025-04-22 18:53:39] Iteration: 717/1000, Temp: 0.0000, Energy: -80.308780+0.001866j
[2025-04-22 18:54:12] Iteration: 718/1000, Temp: 0.0000, Energy: -80.157736-0.008575j
[2025-04-22 18:54:44] Iteration: 719/1000, Temp: 0.0000, Energy: -80.305035-0.006450j
[2025-04-22 18:55:17] Iteration: 720/1000, Temp: 0.0000, Energy: -80.175381-0.002184j
[2025-04-22 18:55:49] Iteration: 721/1000, Temp: 0.0000, Energy: -80.179943-0.014636j
[2025-04-22 18:56:22] Iteration: 722/1000, Temp: 0.0000, Energy: -80.338970+0.005575j
[2025-04-22 18:56:54] Iteration: 723/1000, Temp: 0.0000, Energy: -80.409933+0.000538j
[2025-04-22 18:57:27] Iteration: 724/1000, Temp: 0.0000, Energy: -80.415880+0.008146j
[2025-04-22 18:57:59] Iteration: 725/1000, Temp: 0.0000, Energy: -80.303327+0.006177j
[2025-04-22 18:58:32] Iteration: 726/1000, Temp: 0.0000, Energy: -80.374490-0.006619j
[2025-04-22 18:59:04] Iteration: 727/1000, Temp: 0.0000, Energy: -80.336436+0.000980j
[2025-04-22 18:59:36] Iteration: 728/1000, Temp: 0.0000, Energy: -80.502421-0.006880j
[2025-04-22 19:00:08] Iteration: 729/1000, Temp: 0.0000, Energy: -80.305393-0.002735j
[2025-04-22 19:00:40] Iteration: 730/1000, Temp: 0.0000, Energy: -80.355702-0.001427j
[2025-04-22 19:01:13] Iteration: 731/1000, Temp: 0.0000, Energy: -80.377619+0.008255j
[2025-04-22 19:01:45] Iteration: 732/1000, Temp: 0.0000, Energy: -80.309410-0.003709j
[2025-04-22 19:02:17] Iteration: 733/1000, Temp: 0.0000, Energy: -80.404907-0.004170j
[2025-04-22 19:02:49] Iteration: 734/1000, Temp: 0.0000, Energy: -80.425324-0.004666j
[2025-04-22 19:03:21] Iteration: 735/1000, Temp: 0.0000, Energy: -80.337368+0.000002j
[2025-04-22 19:03:54] Iteration: 736/1000, Temp: 0.0000, Energy: -80.384029+0.000854j
[2025-04-22 19:04:26] Iteration: 737/1000, Temp: 0.0000, Energy: -80.369801+0.003952j
[2025-04-22 19:04:58] Iteration: 738/1000, Temp: 0.0000, Energy: -80.527147+0.001964j
[2025-04-22 19:05:30] Iteration: 739/1000, Temp: 0.0000, Energy: -80.355040-0.010429j
[2025-04-22 19:06:02] Iteration: 740/1000, Temp: 0.0000, Energy: -80.198988+0.003083j
[2025-04-22 19:06:34] Iteration: 741/1000, Temp: 0.0000, Energy: -80.193895-0.004590j
[2025-04-22 19:07:07] Iteration: 742/1000, Temp: 0.0000, Energy: -80.219700-0.001667j
[2025-04-22 19:07:39] Iteration: 743/1000, Temp: 0.0000, Energy: -80.181112+0.004142j
[2025-04-22 19:08:11] Iteration: 744/1000, Temp: 0.0000, Energy: -80.341193+0.009151j
[2025-04-22 19:08:44] Iteration: 745/1000, Temp: 0.0000, Energy: -80.426396-0.006973j
[2025-04-22 19:09:16] Iteration: 746/1000, Temp: 0.0000, Energy: -80.369266-0.009986j
[2025-04-22 19:09:48] Iteration: 747/1000, Temp: 0.0000, Energy: -80.302856+0.000360j
[2025-04-22 19:10:21] Iteration: 748/1000, Temp: 0.0000, Energy: -80.223800+0.006683j
[2025-04-22 19:10:53] Iteration: 749/1000, Temp: 0.0000, Energy: -80.288677+0.010963j
[2025-04-22 19:11:25] Iteration: 750/1000, Temp: 0.0000, Energy: -80.280336-0.002552j
[2025-04-22 19:11:57] Iteration: 751/1000, Temp: 0.0000, Energy: -80.276659+0.002857j
[2025-04-22 19:12:30] Iteration: 752/1000, Temp: 0.0000, Energy: -80.548469+0.005267j
[2025-04-22 19:13:02] Iteration: 753/1000, Temp: 0.0000, Energy: -80.487504-0.002578j
[2025-04-22 19:13:34] Iteration: 754/1000, Temp: 0.0000, Energy: -80.494127+0.004385j
[2025-04-22 19:14:07] Iteration: 755/1000, Temp: 0.0000, Energy: -80.241183-0.002934j
[2025-04-22 19:14:39] Iteration: 756/1000, Temp: 0.0000, Energy: -80.413684-0.001712j
[2025-04-22 19:15:11] Iteration: 757/1000, Temp: 0.0000, Energy: -80.248709-0.008224j
[2025-04-22 19:15:43] Iteration: 758/1000, Temp: 0.0000, Energy: -80.397114+0.003183j
[2025-04-22 19:16:15] Iteration: 759/1000, Temp: 0.0000, Energy: -80.438085+0.010181j
[2025-04-22 19:16:48] Iteration: 760/1000, Temp: 0.0000, Energy: -80.207169-0.003115j
[2025-04-22 19:17:20] Iteration: 761/1000, Temp: 0.0000, Energy: -80.222363+0.000998j
[2025-04-22 19:17:52] Iteration: 762/1000, Temp: 0.0000, Energy: -80.249565+0.001295j
[2025-04-22 19:18:24] Iteration: 763/1000, Temp: 0.0000, Energy: -80.168582-0.000797j
[2025-04-22 19:18:56] Iteration: 764/1000, Temp: 0.0000, Energy: -80.319814-0.001914j
[2025-04-22 19:19:29] Iteration: 765/1000, Temp: 0.0000, Energy: -80.357605-0.003242j
[2025-04-22 19:20:01] Iteration: 766/1000, Temp: 0.0000, Energy: -80.275604+0.006366j
[2025-04-22 19:20:34] Iteration: 767/1000, Temp: 0.0000, Energy: -80.190418-0.003950j
[2025-04-22 19:21:06] Iteration: 768/1000, Temp: 0.0000, Energy: -80.360602+0.001676j
[2025-04-22 19:21:38] Iteration: 769/1000, Temp: 0.0000, Energy: -80.355256-0.006185j
[2025-04-22 19:22:11] Iteration: 770/1000, Temp: 0.0000, Energy: -80.420268+0.004093j
[2025-04-22 19:22:43] Iteration: 771/1000, Temp: 0.0000, Energy: -80.312567+0.000111j
[2025-04-22 19:23:15] Iteration: 772/1000, Temp: 0.0000, Energy: -80.545372+0.003055j
[2025-04-22 19:23:47] Iteration: 773/1000, Temp: 0.0000, Energy: -80.565547+0.000515j
[2025-04-22 19:24:20] Iteration: 774/1000, Temp: 0.0000, Energy: -80.535713-0.003494j
[2025-04-22 19:24:52] Iteration: 775/1000, Temp: 0.0000, Energy: -80.479414-0.002621j
[2025-04-22 19:25:24] Iteration: 776/1000, Temp: 0.0000, Energy: -80.517823-0.002786j
[2025-04-22 19:25:56] Iteration: 777/1000, Temp: 0.0000, Energy: -80.322157-0.004204j
[2025-04-22 19:26:29] Iteration: 778/1000, Temp: 0.0000, Energy: -80.279099-0.001326j
[2025-04-22 19:27:01] Iteration: 779/1000, Temp: 0.0000, Energy: -80.265646+0.002839j
[2025-04-22 19:27:34] Iteration: 780/1000, Temp: 0.0000, Energy: -80.288055+0.005531j
[2025-04-22 19:28:06] Iteration: 781/1000, Temp: 0.0000, Energy: -80.260396+0.001378j
[2025-04-22 19:28:38] Iteration: 782/1000, Temp: 0.0000, Energy: -80.189577-0.004053j
[2025-04-22 19:29:10] Iteration: 783/1000, Temp: 0.0000, Energy: -80.155055-0.000629j
[2025-04-22 19:29:42] Iteration: 784/1000, Temp: 0.0000, Energy: -80.343320-0.000671j
[2025-04-22 19:30:15] Iteration: 785/1000, Temp: 0.0000, Energy: -80.325359-0.000639j
[2025-04-22 19:30:47] Iteration: 786/1000, Temp: 0.0000, Energy: -80.329680-0.009464j
[2025-04-22 19:31:19] Iteration: 787/1000, Temp: 0.0000, Energy: -80.281727+0.000798j
[2025-04-22 19:31:51] Iteration: 788/1000, Temp: 0.0000, Energy: -80.383674-0.005765j
[2025-04-22 19:32:24] Iteration: 789/1000, Temp: 0.0000, Energy: -80.256441+0.003876j
[2025-04-22 19:32:56] Iteration: 790/1000, Temp: 0.0000, Energy: -80.374778-0.006357j
[2025-04-22 19:33:28] Iteration: 791/1000, Temp: 0.0000, Energy: -80.347854-0.004368j
[2025-04-22 19:34:01] Iteration: 792/1000, Temp: 0.0000, Energy: -80.207315+0.008126j
[2025-04-22 19:34:33] Iteration: 793/1000, Temp: 0.0000, Energy: -80.411619-0.004116j
[2025-04-22 19:35:06] Iteration: 794/1000, Temp: 0.0000, Energy: -80.409067-0.001294j
[2025-04-22 19:35:38] Iteration: 795/1000, Temp: 0.0000, Energy: -80.371293+0.003285j
[2025-04-22 19:36:10] Iteration: 796/1000, Temp: 0.0000, Energy: -80.327644-0.008916j
[2025-04-22 19:36:42] Iteration: 797/1000, Temp: 0.0000, Energy: -80.307833+0.001556j
[2025-04-22 19:37:15] Iteration: 798/1000, Temp: 0.0000, Energy: -80.371090+0.012085j
[2025-04-22 19:37:47] Iteration: 799/1000, Temp: 0.0000, Energy: -80.381194-0.008422j
[2025-04-22 19:38:20] Iteration: 800/1000, Temp: 0.0000, Energy: -80.491538+0.006973j
[2025-04-22 19:38:52] Iteration: 801/1000, Temp: 0.0000, Energy: -80.614683-0.000326j
[2025-04-22 19:39:25] Iteration: 802/1000, Temp: 0.0000, Energy: -80.489798+0.000319j
[2025-04-22 19:39:57] Iteration: 803/1000, Temp: 0.0000, Energy: -80.444991-0.001872j
[2025-04-22 19:40:29] Iteration: 804/1000, Temp: 0.0000, Energy: -80.252218-0.016415j
[2025-04-22 19:41:02] Iteration: 805/1000, Temp: 0.0000, Energy: -80.193498+0.002437j
[2025-04-22 19:41:34] Iteration: 806/1000, Temp: 0.0000, Energy: -80.220692+0.006452j
[2025-04-22 19:42:06] Iteration: 807/1000, Temp: 0.0000, Energy: -80.191814+0.016481j
[2025-04-22 19:42:38] Iteration: 808/1000, Temp: 0.0000, Energy: -80.386048+0.000495j
[2025-04-22 19:43:11] Iteration: 809/1000, Temp: 0.0000, Energy: -80.275031+0.003818j
[2025-04-22 19:43:43] Iteration: 810/1000, Temp: 0.0000, Energy: -80.404529+0.001327j
[2025-04-22 19:44:16] Iteration: 811/1000, Temp: 0.0000, Energy: -80.354380+0.001440j
[2025-04-22 19:44:48] Iteration: 812/1000, Temp: 0.0000, Energy: -80.334530-0.006284j
[2025-04-22 19:45:21] Iteration: 813/1000, Temp: 0.0000, Energy: -80.246947-0.008849j
[2025-04-22 19:45:53] Iteration: 814/1000, Temp: 0.0000, Energy: -80.383981-0.010674j
[2025-04-22 19:46:25] Iteration: 815/1000, Temp: 0.0000, Energy: -80.275329-0.001277j
[2025-04-22 19:46:57] Iteration: 816/1000, Temp: 0.0000, Energy: -80.323365+0.005399j
[2025-04-22 19:47:30] Iteration: 817/1000, Temp: 0.0000, Energy: -80.392209-0.006221j
[2025-04-22 19:48:02] Iteration: 818/1000, Temp: 0.0000, Energy: -80.358353+0.002655j
[2025-04-22 19:48:34] Iteration: 819/1000, Temp: 0.0000, Energy: -80.387612+0.012605j
[2025-04-22 19:49:07] Iteration: 820/1000, Temp: 0.0000, Energy: -80.287877+0.004762j
[2025-04-22 19:49:39] Iteration: 821/1000, Temp: 0.0000, Energy: -80.277284+0.011855j
[2025-04-22 19:50:11] Iteration: 822/1000, Temp: 0.0000, Energy: -80.291141-0.006165j
[2025-04-22 19:50:43] Iteration: 823/1000, Temp: 0.0000, Energy: -80.305264+0.003656j
[2025-04-22 19:51:16] Iteration: 824/1000, Temp: 0.0000, Energy: -80.276120-0.001053j
[2025-04-22 19:51:48] Iteration: 825/1000, Temp: 0.0000, Energy: -80.439858-0.001866j
[2025-04-22 19:52:20] Iteration: 826/1000, Temp: 0.0000, Energy: -80.327254+0.006306j
[2025-04-22 19:52:53] Iteration: 827/1000, Temp: 0.0000, Energy: -80.336483+0.004903j
[2025-04-22 19:53:25] Iteration: 828/1000, Temp: 0.0000, Energy: -80.395681+0.007872j
[2025-04-22 19:53:57] Iteration: 829/1000, Temp: 0.0000, Energy: -80.467353-0.005188j
[2025-04-22 19:54:29] Iteration: 830/1000, Temp: 0.0000, Energy: -80.459861-0.001866j
[2025-04-22 19:55:01] Iteration: 831/1000, Temp: 0.0000, Energy: -80.323129+0.001618j
[2025-04-22 19:55:34] Iteration: 832/1000, Temp: 0.0000, Energy: -80.343811+0.006252j
[2025-04-22 19:56:06] Iteration: 833/1000, Temp: 0.0000, Energy: -80.331138+0.000867j
[2025-04-22 19:56:38] Iteration: 834/1000, Temp: 0.0000, Energy: -80.379931+0.002255j
[2025-04-22 19:57:11] Iteration: 835/1000, Temp: 0.0000, Energy: -80.493326-0.000659j
[2025-04-22 19:57:43] Iteration: 836/1000, Temp: 0.0000, Energy: -80.426996+0.005872j
[2025-04-22 19:58:16] Iteration: 837/1000, Temp: 0.0000, Energy: -80.286423-0.000597j
[2025-04-22 19:58:48] Iteration: 838/1000, Temp: 0.0000, Energy: -80.264912+0.002048j
[2025-04-22 19:59:20] Iteration: 839/1000, Temp: 0.0000, Energy: -80.325919+0.010017j
[2025-04-22 19:59:53] Iteration: 840/1000, Temp: 0.0000, Energy: -80.255239-0.009484j
[2025-04-22 20:00:25] Iteration: 841/1000, Temp: 0.0000, Energy: -80.265689+0.003054j
[2025-04-22 20:00:57] Iteration: 842/1000, Temp: 0.0000, Energy: -80.302502-0.003771j
[2025-04-22 20:01:29] Iteration: 843/1000, Temp: 0.0000, Energy: -80.437921-0.004231j
[2025-04-22 20:02:02] Iteration: 844/1000, Temp: 0.0000, Energy: -80.199281-0.000910j
[2025-04-22 20:02:34] Iteration: 845/1000, Temp: 0.0000, Energy: -80.301267-0.004526j
[2025-04-22 20:03:07] Iteration: 846/1000, Temp: 0.0000, Energy: -80.395459+0.002625j
[2025-04-22 20:03:39] Iteration: 847/1000, Temp: 0.0000, Energy: -80.545587+0.004025j
[2025-04-22 20:04:11] Iteration: 848/1000, Temp: 0.0000, Energy: -80.454327-0.005253j
[2025-04-22 20:04:43] Iteration: 849/1000, Temp: 0.0000, Energy: -80.335640-0.003180j
[2025-04-22 20:05:16] Iteration: 850/1000, Temp: 0.0000, Energy: -80.450855+0.007883j
[2025-04-22 20:05:48] Iteration: 851/1000, Temp: 0.0000, Energy: -80.346110+0.004348j
[2025-04-22 20:06:21] Iteration: 852/1000, Temp: 0.0000, Energy: -80.524553+0.013415j
[2025-04-22 20:06:53] Iteration: 853/1000, Temp: 0.0000, Energy: -80.394228-0.006121j
[2025-04-22 20:07:26] Iteration: 854/1000, Temp: 0.0000, Energy: -80.335636+0.001596j
[2025-04-22 20:07:58] Iteration: 855/1000, Temp: 0.0000, Energy: -80.304193+0.001470j
[2025-04-22 20:08:30] Iteration: 856/1000, Temp: 0.0000, Energy: -80.270836+0.003276j
[2025-04-22 20:09:03] Iteration: 857/1000, Temp: 0.0000, Energy: -80.292500+0.007942j
[2025-04-22 20:09:35] Iteration: 858/1000, Temp: 0.0000, Energy: -80.340186+0.004484j
[2025-04-22 20:10:07] Iteration: 859/1000, Temp: 0.0000, Energy: -80.438903+0.007177j
[2025-04-22 20:10:40] Iteration: 860/1000, Temp: 0.0000, Energy: -80.290034+0.002976j
[2025-04-22 20:11:12] Iteration: 861/1000, Temp: 0.0000, Energy: -80.389988-0.000212j
[2025-04-22 20:11:44] Iteration: 862/1000, Temp: 0.0000, Energy: -80.441449-0.005408j
[2025-04-22 20:12:16] Iteration: 863/1000, Temp: 0.0000, Energy: -80.216376-0.002502j
[2025-04-22 20:12:48] Iteration: 864/1000, Temp: 0.0000, Energy: -80.344078+0.003331j
[2025-04-22 20:13:21] Iteration: 865/1000, Temp: 0.0000, Energy: -80.370324-0.005118j
[2025-04-22 20:13:53] Iteration: 866/1000, Temp: 0.0000, Energy: -80.471512-0.003172j
[2025-04-22 20:14:25] Iteration: 867/1000, Temp: 0.0000, Energy: -80.554315+0.007651j
[2025-04-22 20:14:58] Iteration: 868/1000, Temp: 0.0000, Energy: -80.295153-0.003211j
[2025-04-22 20:15:30] Iteration: 869/1000, Temp: 0.0000, Energy: -80.341203-0.004184j
[2025-04-22 20:16:03] Iteration: 870/1000, Temp: 0.0000, Energy: -80.432272-0.008035j
[2025-04-22 20:16:35] Iteration: 871/1000, Temp: 0.0000, Energy: -80.333969+0.007206j
[2025-04-22 20:17:08] Iteration: 872/1000, Temp: 0.0000, Energy: -80.435431+0.006300j
[2025-04-22 20:17:40] Iteration: 873/1000, Temp: 0.0000, Energy: -80.394788-0.006669j
[2025-04-22 20:18:12] Iteration: 874/1000, Temp: 0.0000, Energy: -80.453358+0.000223j
[2025-04-22 20:18:45] Iteration: 875/1000, Temp: 0.0000, Energy: -80.514445+0.001915j
[2025-04-22 20:19:17] Iteration: 876/1000, Temp: 0.0000, Energy: -80.334520+0.005778j
[2025-04-22 20:19:49] Iteration: 877/1000, Temp: 0.0000, Energy: -80.256873+0.000452j
[2025-04-22 20:20:22] Iteration: 878/1000, Temp: 0.0000, Energy: -80.215594-0.003258j
[2025-04-22 20:20:54] Iteration: 879/1000, Temp: 0.0000, Energy: -80.348269+0.002211j
[2025-04-22 20:21:27] Iteration: 880/1000, Temp: 0.0000, Energy: -80.291533-0.003410j
[2025-04-22 20:21:59] Iteration: 881/1000, Temp: 0.0000, Energy: -80.355481-0.002229j
[2025-04-22 20:22:31] Iteration: 882/1000, Temp: 0.0000, Energy: -80.407447-0.000958j
[2025-04-22 20:23:04] Iteration: 883/1000, Temp: 0.0000, Energy: -80.403235+0.004853j
[2025-04-22 20:23:36] Iteration: 884/1000, Temp: 0.0000, Energy: -80.409930+0.010875j
[2025-04-22 20:24:09] Iteration: 885/1000, Temp: 0.0000, Energy: -80.394230+0.001415j
[2025-04-22 20:24:41] Iteration: 886/1000, Temp: 0.0000, Energy: -80.460265-0.000433j
[2025-04-22 20:25:14] Iteration: 887/1000, Temp: 0.0000, Energy: -80.393808-0.003190j
[2025-04-22 20:25:46] Iteration: 888/1000, Temp: 0.0000, Energy: -80.213298+0.006351j
[2025-04-22 20:26:19] Iteration: 889/1000, Temp: 0.0000, Energy: -80.212439+0.003779j
[2025-04-22 20:26:51] Iteration: 890/1000, Temp: 0.0000, Energy: -80.193107-0.000334j
[2025-04-22 20:27:24] Iteration: 891/1000, Temp: 0.0000, Energy: -80.336303-0.002641j
[2025-04-22 20:27:56] Iteration: 892/1000, Temp: 0.0000, Energy: -80.345671+0.000003j
[2025-04-22 20:28:28] Iteration: 893/1000, Temp: 0.0000, Energy: -80.417125+0.004704j
[2025-04-22 20:29:01] Iteration: 894/1000, Temp: 0.0000, Energy: -80.312451-0.002314j
[2025-04-22 20:29:33] Iteration: 895/1000, Temp: 0.0000, Energy: -80.248650+0.004928j
[2025-04-22 20:30:05] Iteration: 896/1000, Temp: 0.0000, Energy: -80.412268+0.002829j
[2025-04-22 20:30:37] Iteration: 897/1000, Temp: 0.0000, Energy: -80.465062-0.006017j
[2025-04-22 20:31:09] Iteration: 898/1000, Temp: 0.0000, Energy: -80.411614+0.002177j
[2025-04-22 20:31:42] Iteration: 899/1000, Temp: 0.0000, Energy: -80.240491-0.000768j
[2025-04-22 20:32:14] Iteration: 900/1000, Temp: 0.0000, Energy: -80.239834-0.019429j
[2025-04-22 20:32:46] Iteration: 901/1000, Temp: 0.0000, Energy: -80.439738+0.001059j
[2025-04-22 20:33:18] Iteration: 902/1000, Temp: 0.0000, Energy: -80.406261+0.000409j
[2025-04-22 20:33:50] Iteration: 903/1000, Temp: 0.0000, Energy: -80.525745-0.002145j
[2025-04-22 20:34:23] Iteration: 904/1000, Temp: 0.0000, Energy: -80.524544-0.001919j
[2025-04-22 20:34:55] Iteration: 905/1000, Temp: 0.0000, Energy: -80.443201+0.006861j
[2025-04-22 20:35:27] Iteration: 906/1000, Temp: 0.0000, Energy: -80.425453-0.001360j
[2025-04-22 20:35:59] Iteration: 907/1000, Temp: 0.0000, Energy: -80.420437+0.003873j
[2025-04-22 20:36:32] Iteration: 908/1000, Temp: 0.0000, Energy: -80.315457+0.008644j
[2025-04-22 20:37:04] Iteration: 909/1000, Temp: 0.0000, Energy: -80.453886+0.008672j
[2025-04-22 20:37:36] Iteration: 910/1000, Temp: 0.0000, Energy: -80.356136+0.005618j
[2025-04-22 20:38:08] Iteration: 911/1000, Temp: 0.0000, Energy: -80.409816+0.016547j
[2025-04-22 20:38:41] Iteration: 912/1000, Temp: 0.0000, Energy: -80.460336+0.008031j
[2025-04-22 20:39:13] Iteration: 913/1000, Temp: 0.0000, Energy: -80.463689-0.009188j
[2025-04-22 20:39:45] Iteration: 914/1000, Temp: 0.0000, Energy: -80.496013-0.001821j
[2025-04-22 20:40:17] Iteration: 915/1000, Temp: 0.0000, Energy: -80.279796+0.005660j
[2025-04-22 20:40:49] Iteration: 916/1000, Temp: 0.0000, Energy: -80.265396-0.001264j
[2025-04-22 20:41:22] Iteration: 917/1000, Temp: 0.0000, Energy: -80.424476-0.003346j
[2025-04-22 20:41:54] Iteration: 918/1000, Temp: 0.0000, Energy: -80.417418-0.000135j
[2025-04-22 20:42:26] Iteration: 919/1000, Temp: 0.0000, Energy: -80.312007-0.009215j
[2025-04-22 20:42:58] Iteration: 920/1000, Temp: 0.0000, Energy: -80.374309-0.009093j
[2025-04-22 20:43:30] Iteration: 921/1000, Temp: 0.0000, Energy: -80.330588-0.001086j
[2025-04-22 20:44:02] Iteration: 922/1000, Temp: 0.0000, Energy: -80.262276-0.012895j
[2025-04-22 20:44:35] Iteration: 923/1000, Temp: 0.0000, Energy: -80.313561-0.000573j
[2025-04-22 20:45:07] Iteration: 924/1000, Temp: 0.0000, Energy: -80.271529-0.000721j
[2025-04-22 20:45:39] Iteration: 925/1000, Temp: 0.0000, Energy: -80.248084+0.002389j
[2025-04-22 20:46:12] Iteration: 926/1000, Temp: 0.0000, Energy: -80.437903-0.003934j
[2025-04-22 20:46:44] Iteration: 927/1000, Temp: 0.0000, Energy: -80.397236+0.002182j
[2025-04-22 20:47:16] Iteration: 928/1000, Temp: 0.0000, Energy: -80.305122+0.000639j
[2025-04-22 20:47:49] Iteration: 929/1000, Temp: 0.0000, Energy: -80.225364+0.000796j
[2025-04-22 20:48:21] Iteration: 930/1000, Temp: 0.0000, Energy: -80.274770-0.009235j
[2025-04-22 20:48:53] Iteration: 931/1000, Temp: 0.0000, Energy: -80.265927-0.008212j
[2025-04-22 20:49:26] Iteration: 932/1000, Temp: 0.0000, Energy: -80.267790+0.001592j
[2025-04-22 20:49:58] Iteration: 933/1000, Temp: 0.0000, Energy: -80.395286+0.001403j
[2025-04-22 20:50:30] Iteration: 934/1000, Temp: 0.0000, Energy: -80.295617-0.004999j
[2025-04-22 20:51:02] Iteration: 935/1000, Temp: 0.0000, Energy: -80.218653+0.008785j
[2025-04-22 20:51:35] Iteration: 936/1000, Temp: 0.0000, Energy: -80.187969-0.011189j
[2025-04-22 20:52:08] Iteration: 937/1000, Temp: 0.0000, Energy: -80.414048+0.010720j
[2025-04-22 20:52:40] Iteration: 938/1000, Temp: 0.0000, Energy: -80.461550+0.005673j
[2025-04-22 20:53:12] Iteration: 939/1000, Temp: 0.0000, Energy: -80.237284-0.003543j
[2025-04-22 20:53:44] Iteration: 940/1000, Temp: 0.0000, Energy: -80.353827-0.003474j
[2025-04-22 20:54:17] Iteration: 941/1000, Temp: 0.0000, Energy: -80.355894+0.000339j
[2025-04-22 20:54:49] Iteration: 942/1000, Temp: 0.0000, Energy: -80.347643-0.000180j
[2025-04-22 20:55:21] Iteration: 943/1000, Temp: 0.0000, Energy: -80.326582-0.001165j
[2025-04-22 20:55:53] Iteration: 944/1000, Temp: 0.0000, Energy: -80.287750-0.000775j
[2025-04-22 20:56:26] Iteration: 945/1000, Temp: 0.0000, Energy: -80.271517+0.003298j
[2025-04-22 20:56:58] Iteration: 946/1000, Temp: 0.0000, Energy: -80.389827-0.003945j
[2025-04-22 20:57:30] Iteration: 947/1000, Temp: 0.0000, Energy: -80.387455+0.002612j
[2025-04-22 20:58:02] Iteration: 948/1000, Temp: 0.0000, Energy: -80.310525-0.003060j
[2025-04-22 20:58:34] Iteration: 949/1000, Temp: 0.0000, Energy: -80.451323+0.015275j
[2025-04-22 20:59:07] Iteration: 950/1000, Temp: 0.0000, Energy: -80.502298+0.007139j
[2025-04-22 20:59:39] Iteration: 951/1000, Temp: 0.0000, Energy: -80.466041-0.006426j
[2025-04-22 21:00:12] Iteration: 952/1000, Temp: 0.0000, Energy: -80.431934+0.000539j
[2025-04-22 21:00:44] Iteration: 953/1000, Temp: 0.0000, Energy: -80.596561+0.004421j
[2025-04-22 21:01:16] Iteration: 954/1000, Temp: 0.0000, Energy: -80.442448-0.008568j
[2025-04-22 21:01:49] Iteration: 955/1000, Temp: 0.0000, Energy: -80.273696-0.001898j
[2025-04-22 21:02:21] Iteration: 956/1000, Temp: 0.0000, Energy: -80.387295+0.000186j
[2025-04-22 21:02:54] Iteration: 957/1000, Temp: 0.0000, Energy: -80.388264-0.001319j
[2025-04-22 21:03:26] Iteration: 958/1000, Temp: 0.0000, Energy: -80.383512+0.012148j
[2025-04-22 21:03:58] Iteration: 959/1000, Temp: 0.0000, Energy: -80.482711+0.009134j
[2025-04-22 21:04:30] Iteration: 960/1000, Temp: 0.0000, Energy: -80.282981-0.012570j
[2025-04-22 21:05:03] Iteration: 961/1000, Temp: 0.0000, Energy: -80.253516-0.004398j
[2025-04-22 21:05:35] Iteration: 962/1000, Temp: 0.0000, Energy: -80.225776-0.004273j
[2025-04-22 21:06:08] Iteration: 963/1000, Temp: 0.0000, Energy: -80.290155-0.001822j
[2025-04-22 21:06:40] Iteration: 964/1000, Temp: 0.0000, Energy: -80.242010+0.001085j
[2025-04-22 21:07:12] Iteration: 965/1000, Temp: 0.0000, Energy: -80.327607+0.000454j
[2025-04-22 21:07:45] Iteration: 966/1000, Temp: 0.0000, Energy: -80.197157+0.009336j
[2025-04-22 21:08:17] Iteration: 967/1000, Temp: 0.0000, Energy: -80.391132-0.002356j
[2025-04-22 21:08:49] Iteration: 968/1000, Temp: 0.0000, Energy: -80.337960-0.002488j
[2025-04-22 21:09:21] Iteration: 969/1000, Temp: 0.0000, Energy: -80.330910+0.003393j
[2025-04-22 21:09:53] Iteration: 970/1000, Temp: 0.0000, Energy: -80.393918+0.001991j
[2025-04-22 21:10:26] Iteration: 971/1000, Temp: 0.0000, Energy: -80.300745-0.000340j
[2025-04-22 21:10:58] Iteration: 972/1000, Temp: 0.0000, Energy: -80.385194-0.009378j
[2025-04-22 21:11:30] Iteration: 973/1000, Temp: 0.0000, Energy: -80.399205-0.012885j
[2025-04-22 21:12:02] Iteration: 974/1000, Temp: 0.0000, Energy: -80.476603-0.002117j
[2025-04-22 21:12:35] Iteration: 975/1000, Temp: 0.0000, Energy: -80.313398-0.004172j
[2025-04-22 21:13:07] Iteration: 976/1000, Temp: 0.0000, Energy: -80.220840+0.001180j
[2025-04-22 21:13:40] Iteration: 977/1000, Temp: 0.0000, Energy: -80.084031+0.002795j
[2025-04-22 21:14:12] Iteration: 978/1000, Temp: 0.0000, Energy: -80.235011+0.002281j
[2025-04-22 21:14:45] Iteration: 979/1000, Temp: 0.0000, Energy: -80.364122+0.001174j
[2025-04-22 21:15:17] Iteration: 980/1000, Temp: 0.0000, Energy: -80.354565+0.004623j
[2025-04-22 21:15:49] Iteration: 981/1000, Temp: 0.0000, Energy: -80.263354+0.005297j
[2025-04-22 21:16:21] Iteration: 982/1000, Temp: 0.0000, Energy: -80.238567-0.004496j
[2025-04-22 21:16:54] Iteration: 983/1000, Temp: 0.0000, Energy: -80.358706+0.004033j
[2025-04-22 21:17:26] Iteration: 984/1000, Temp: 0.0000, Energy: -80.574581-0.004988j
[2025-04-22 21:17:58] Iteration: 985/1000, Temp: 0.0000, Energy: -80.455597-0.002930j
[2025-04-22 21:18:30] Iteration: 986/1000, Temp: 0.0000, Energy: -80.422476+0.001932j
[2025-04-22 21:19:02] Iteration: 987/1000, Temp: 0.0000, Energy: -80.525383-0.006035j
[2025-04-22 21:19:35] Iteration: 988/1000, Temp: 0.0000, Energy: -80.500724-0.000651j
[2025-04-22 21:20:07] Iteration: 989/1000, Temp: 0.0000, Energy: -80.474708+0.005742j
[2025-04-22 21:20:39] Iteration: 990/1000, Temp: 0.0000, Energy: -80.476135-0.002870j
[2025-04-22 21:21:12] Iteration: 991/1000, Temp: 0.0000, Energy: -80.460222-0.001277j
[2025-04-22 21:21:44] Iteration: 992/1000, Temp: 0.0000, Energy: -80.543699-0.004232j
[2025-04-22 21:22:17] Iteration: 993/1000, Temp: 0.0000, Energy: -80.386372+0.001988j
[2025-04-22 21:22:40] Iteration: 994/1000, Temp: 0.0000, Energy: -80.380065-0.003263j
[2025-04-22 21:22:55] Iteration: 995/1000, Temp: 0.0000, Energy: -80.328701+0.002741j
[2025-04-22 21:23:10] Iteration: 996/1000, Temp: 0.0000, Energy: -80.322865+0.000985j
[2025-04-22 21:23:24] Iteration: 997/1000, Temp: 0.0000, Energy: -80.416581+0.004013j
[2025-04-22 21:23:39] Iteration: 998/1000, Temp: 0.0000, Energy: -80.114003-0.002088j
[2025-04-22 21:23:54] Iteration: 999/1000, Temp: 0.0000, Energy: -80.277650+0.000796j
[2025-04-22 21:23:54] ==================================================
[2025-04-22 21:23:54] Training finished, total runtime = 32223.06 seconds
[2025-04-22 21:23:54] Trained quantum state parameters saved to: results/L=5/J2=0.05/J1=0.04/GCNN_L=5_J2=0.05_J1=0.04.pkl
[2025-04-22 21:23:54] ==================================================
