[2025-04-16 21:10:00] ==================================================
[2025-04-16 21:10:00] GCNN for Shastry-Sutherland lattice
[2025-04-16 21:10:00] ==================================================
[2025-04-16 21:10:00] System parameters:
[2025-04-16 21:10:00]   - System size: L=4, N=64
[2025-04-16 21:10:00]   - System parameters: J1=0.04, J2=0.05, Q=0.95
[2025-04-16 21:10:08] --------------------------------------------------
[2025-04-16 21:10:08] Model parameters:
[2025-04-16 21:10:08]   - Number of layers = 4
[2025-04-16 21:10:08]   - Number of features = 4
[2025-04-16 21:10:08]   - Symmetries used: 128
[2025-04-16 21:10:08]   - Total parameters = 12572
[2025-04-16 21:10:08] --------------------------------------------------
[2025-04-16 21:10:08] Training parameters:
[2025-04-16 21:10:08]   - Learning rate: 0.02
[2025-04-16 21:10:08]   - Total annealing steps: 1000
[2025-04-16 21:10:08]   - Samples: 4096
[2025-04-16 21:10:08]   - Discarded samples: 0
[2025-04-16 21:10:08]   - Chunk size: 1024
[2025-04-16 21:10:08] --------------------------------------------------
[2025-04-16 21:10:08] Device status:
[2025-04-16 21:10:08]   - Number of devices: 4
[2025-04-16 21:10:08]   - Sharding: False
[2025-04-16 21:10:13] --------------------------------------------------
[2025-04-16 21:10:13] Start training...
[2025-04-16 21:10:52] Iteration: 0/1000, Temp: 0.5000, Energy: 1.679108+0.000312j
[2025-04-16 21:11:07] Iteration: 1/1000, Temp: 0.4901, Energy: 1.678764+0.001449j
[2025-04-16 21:11:42] Iteration: 2/1000, Temp: 0.4804, Energy: 1.679043-0.000265j
[2025-04-16 21:12:17] Iteration: 3/1000, Temp: 0.4709, Energy: 1.678799+0.000886j
[2025-04-16 21:12:52] Iteration: 4/1000, Temp: 0.4616, Energy: 1.678660+0.000520j
[2025-04-16 21:13:26] Iteration: 5/1000, Temp: 0.4524, Energy: 1.678847+0.001348j
[2025-04-16 21:14:01] Iteration: 6/1000, Temp: 0.4435, Energy: 1.677465-0.000389j
[2025-04-16 21:14:36] Iteration: 7/1000, Temp: 0.4347, Energy: 1.677957+0.000503j
[2025-04-16 21:15:11] Iteration: 8/1000, Temp: 0.4261, Energy: 1.678464+0.000266j
[2025-04-16 21:15:45] Iteration: 9/1000, Temp: 0.4176, Energy: 1.678037-0.000221j
[2025-04-16 21:16:20] Iteration: 10/1000, Temp: 0.4094, Energy: 1.677942+0.001094j
[2025-04-16 21:16:55] Iteration: 11/1000, Temp: 0.4013, Energy: 1.676877-0.000198j
[2025-04-16 21:17:30] Iteration: 12/1000, Temp: 0.3933, Energy: 1.676539+0.000301j
[2025-04-16 21:18:05] Iteration: 13/1000, Temp: 0.3855, Energy: 1.676052-0.000202j
[2025-04-16 21:18:39] Iteration: 14/1000, Temp: 0.3779, Energy: 1.674066-0.002546j
[2025-04-16 21:19:14] Iteration: 15/1000, Temp: 0.3704, Energy: 1.674866-0.000627j
[2025-04-16 21:19:49] Iteration: 16/1000, Temp: 0.3631, Energy: 1.674108+0.000606j
[2025-04-16 21:20:23] Iteration: 17/1000, Temp: 0.3559, Energy: 1.671428-0.002725j
[2025-04-16 21:20:58] Iteration: 18/1000, Temp: 0.3488, Energy: 1.672867-0.000011j
[2025-04-16 21:21:33] Iteration: 19/1000, Temp: 0.3419, Energy: 1.669906-0.001797j
[2025-04-16 21:22:08] Iteration: 20/1000, Temp: 0.3352, Energy: 1.670752+0.001865j
[2025-04-16 21:22:43] Iteration: 21/1000, Temp: 0.3285, Energy: 1.669175+0.002547j
[2025-04-16 21:23:17] Iteration: 22/1000, Temp: 0.3220, Energy: 1.665394-0.001943j
[2025-04-16 21:23:52] Iteration: 23/1000, Temp: 0.3156, Energy: 1.665324-0.000038j
[2025-04-16 21:24:27] Iteration: 24/1000, Temp: 0.3094, Energy: 1.664546+0.002441j
[2025-04-16 21:25:02] Iteration: 25/1000, Temp: 0.3033, Energy: 1.657715-0.005642j
[2025-04-16 21:25:36] Iteration: 26/1000, Temp: 0.2973, Energy: 1.657115-0.002189j
[2025-04-16 21:26:11] Iteration: 27/1000, Temp: 0.2914, Energy: 1.650987-0.005448j
[2025-04-16 21:26:46] Iteration: 28/1000, Temp: 0.2856, Energy: 1.651830+0.004218j
[2025-04-16 21:27:21] Iteration: 29/1000, Temp: 0.2799, Energy: 1.643852-0.000482j
[2025-04-16 21:27:55] Iteration: 30/1000, Temp: 0.2744, Energy: 1.640601+0.004740j
[2025-04-16 21:28:30] Iteration: 31/1000, Temp: 0.2690, Energy: 1.637018+0.007262j
[2025-04-16 21:29:05] Iteration: 32/1000, Temp: 0.2636, Energy: 1.626253+0.000265j
[2025-04-16 21:29:40] Iteration: 33/1000, Temp: 0.2584, Energy: 1.622776+0.011740j
[2025-04-16 21:30:14] Iteration: 34/1000, Temp: 0.2533, Energy: 1.606759-0.000791j
[2025-04-16 21:30:49] Iteration: 35/1000, Temp: 0.2483, Energy: 1.591708-0.003543j
[2025-04-16 21:31:24] Iteration: 36/1000, Temp: 0.2434, Energy: 1.573913-0.006887j
[2025-04-16 21:31:59] Iteration: 37/1000, Temp: 0.2386, Energy: 1.559256-0.007410j
[2025-04-16 21:32:33] Iteration: 38/1000, Temp: 0.2338, Energy: 1.539881-0.007957j
[2025-04-16 21:33:08] Iteration: 39/1000, Temp: 0.2292, Energy: 1.521330+0.000162j
[2025-04-16 21:33:43] Iteration: 40/1000, Temp: 0.2247, Energy: 1.498583+0.003852j
[2025-04-16 21:34:18] Iteration: 41/1000, Temp: 0.2202, Energy: 1.470298+0.012946j
[2025-04-16 21:34:53] Iteration: 42/1000, Temp: 0.2159, Energy: 1.425572-0.006964j
[2025-04-16 21:35:27] Iteration: 43/1000, Temp: 0.2116, Energy: 1.393795+0.010000j
[2025-04-16 21:36:02] Iteration: 44/1000, Temp: 0.2074, Energy: 1.332459-0.007812j
[2025-04-16 21:36:37] Iteration: 45/1000, Temp: 0.2033, Energy: 1.289875+0.011094j
[2025-04-16 21:37:12] Iteration: 46/1000, Temp: 0.1993, Energy: 1.217843-0.013755j
[2025-04-16 21:37:46] Iteration: 47/1000, Temp: 0.1953, Energy: 1.145364-0.018908j
[2025-04-16 21:38:21] Iteration: 48/1000, Temp: 0.1914, Energy: 1.061815+0.000452j
[2025-04-16 21:38:56] Iteration: 49/1000, Temp: 0.1877, Energy: 0.988174+0.018103j
[2025-04-16 21:39:31] Iteration: 50/1000, Temp: 0.1839, Energy: 0.861718-0.021585j
[2025-04-16 21:40:05] Iteration: 51/1000, Temp: 0.1803, Energy: 0.753695+0.015227j
[2025-04-16 21:40:40] Iteration: 52/1000, Temp: 0.1767, Energy: 0.585858-0.009433j
[2025-04-16 21:41:15] Iteration: 53/1000, Temp: 0.1732, Energy: 0.422406+0.014027j
[2025-04-16 21:41:50] Iteration: 54/1000, Temp: 0.1698, Energy: 0.224317+0.005389j
[2025-04-16 21:42:24] Iteration: 55/1000, Temp: 0.1664, Energy: -0.005462-0.027870j
[2025-04-16 21:42:59] Iteration: 56/1000, Temp: 0.1631, Energy: -0.240086+0.042797j
[2025-04-16 21:43:34] Iteration: 57/1000, Temp: 0.1599, Energy: -0.511726-0.003269j
[2025-04-16 21:44:09] Iteration: 58/1000, Temp: 0.1567, Energy: -0.855029-0.039278j
[2025-04-16 21:44:44] Iteration: 59/1000, Temp: 0.1536, Energy: -1.188257+0.009707j
[2025-04-16 21:45:18] Iteration: 60/1000, Temp: 0.1506, Energy: -1.567869-0.040185j
[2025-04-16 21:45:53] Iteration: 61/1000, Temp: 0.1476, Energy: -1.966999+0.067486j
[2025-04-16 21:46:28] Iteration: 62/1000, Temp: 0.1447, Energy: -2.476989+0.063551j
[2025-04-16 21:47:03] Iteration: 63/1000, Temp: 0.1418, Energy: -2.997006+0.036422j
[2025-04-16 21:47:37] Iteration: 64/1000, Temp: 0.1390, Energy: -3.671435+0.114102j
[2025-04-16 21:48:12] Iteration: 65/1000, Temp: 0.1363, Energy: -4.271253+0.066299j
[2025-04-16 21:48:47] Iteration: 66/1000, Temp: 0.1336, Energy: -5.275232-0.043699j
[2025-04-16 21:49:22] Iteration: 67/1000, Temp: 0.1309, Energy: -6.073260+0.193268j
[2025-04-16 21:49:56] Iteration: 68/1000, Temp: 0.1283, Energy: -7.288480+0.121126j
[2025-04-16 21:50:31] Iteration: 69/1000, Temp: 0.1258, Energy: -8.710183+0.261045j
[2025-04-16 21:51:06] Iteration: 70/1000, Temp: 0.1233, Energy: -10.161363+0.348904j
[2025-04-16 21:51:41] Iteration: 71/1000, Temp: 0.1209, Energy: -12.183281+0.435617j
[2025-04-16 21:52:15] Iteration: 72/1000, Temp: 0.1185, Energy: -14.737901+0.472321j
[2025-04-16 21:52:50] Iteration: 73/1000, Temp: 0.1161, Energy: -17.682051+0.857478j
[2025-04-16 21:53:25] Iteration: 74/1000, Temp: 0.1138, Energy: -21.438737+0.953113j
[2025-04-16 21:54:00] Iteration: 75/1000, Temp: 0.1116, Energy: -26.038043+1.321233j
[2025-04-16 21:54:34] Iteration: 76/1000, Temp: 0.1094, Energy: -30.365073+1.036138j
[2025-04-16 21:55:09] Iteration: 77/1000, Temp: 0.1072, Energy: -33.586358+0.756550j
[2025-04-16 21:55:44] Iteration: 78/1000, Temp: 0.1051, Energy: -36.712904+0.619697j
[2025-04-16 21:56:19] Iteration: 79/1000, Temp: 0.1030, Energy: -39.008990+0.363676j
[2025-04-16 21:56:54] Iteration: 80/1000, Temp: 0.1009, Energy: -40.542138+0.150287j
[2025-04-16 21:57:28] Iteration: 81/1000, Temp: 0.0989, Energy: -42.071087+0.099823j
[2025-04-16 21:58:03] Iteration: 82/1000, Temp: 0.0970, Energy: -43.376937+0.090796j
[2025-04-16 21:58:38] Iteration: 83/1000, Temp: 0.0951, Energy: -44.524611+0.077380j
[2025-04-16 21:59:13] Iteration: 84/1000, Temp: 0.0932, Energy: -45.379981+0.018845j
[2025-04-16 21:59:48] Iteration: 85/1000, Temp: 0.0913, Energy: -46.038231-0.043032j
[2025-04-16 22:00:22] Iteration: 86/1000, Temp: 0.0895, Energy: -46.784263+0.010088j
[2025-04-16 22:00:57] Iteration: 87/1000, Temp: 0.0878, Energy: -47.458366+0.046310j
[2025-04-16 22:01:32] Iteration: 88/1000, Temp: 0.0860, Energy: -47.860200+0.027565j
[2025-04-16 22:02:07] Iteration: 89/1000, Temp: 0.0843, Energy: -48.299217+0.006710j
[2025-04-16 22:02:41] Iteration: 90/1000, Temp: 0.0826, Energy: -48.543603+0.031236j
[2025-04-16 22:03:16] Iteration: 91/1000, Temp: 0.0810, Energy: -48.752615-0.019893j
[2025-04-16 22:03:51] Iteration: 92/1000, Temp: 0.0794, Energy: -49.076647-0.043350j
[2025-04-16 22:04:26] Iteration: 93/1000, Temp: 0.0778, Energy: -49.336997-0.021493j
[2025-04-16 22:05:00] Iteration: 94/1000, Temp: 0.0763, Energy: -49.423592-0.042119j
[2025-04-16 22:05:35] Iteration: 95/1000, Temp: 0.0748, Energy: -49.522119-0.057857j
[2025-04-16 22:06:10] Iteration: 96/1000, Temp: 0.0733, Energy: -49.771841-0.025039j
[2025-04-16 22:06:45] Iteration: 97/1000, Temp: 0.0719, Energy: -49.795070-0.023777j
[2025-04-16 22:07:19] Iteration: 98/1000, Temp: 0.0704, Energy: -49.834141-0.003044j
[2025-04-16 22:07:54] Iteration: 99/1000, Temp: 0.0690, Energy: -49.829121-0.032416j
[2025-04-16 22:08:29] Iteration: 100/1000, Temp: 0.0677, Energy: -50.013446+0.014003j
[2025-04-16 22:09:04] Iteration: 101/1000, Temp: 0.0663, Energy: -50.215664-0.001883j
[2025-04-16 22:09:38] Iteration: 102/1000, Temp: 0.0650, Energy: -50.252919+0.004780j
[2025-04-16 22:10:13] Iteration: 103/1000, Temp: 0.0637, Energy: -50.277913-0.007884j
[2025-04-16 22:10:48] Iteration: 104/1000, Temp: 0.0625, Energy: -50.316189+0.010436j
[2025-04-16 22:11:23] Iteration: 105/1000, Temp: 0.0612, Energy: -50.383076-0.009037j
[2025-04-16 22:11:58] Iteration: 106/1000, Temp: 0.0600, Energy: -50.274058-0.036262j
[2025-04-16 22:12:32] Iteration: 107/1000, Temp: 0.0588, Energy: -50.406224-0.009271j
[2025-04-16 22:13:07] Iteration: 108/1000, Temp: 0.0577, Energy: -50.404355-0.015315j
[2025-04-16 22:13:42] Iteration: 109/1000, Temp: 0.0565, Energy: -50.446720-0.024502j
[2025-04-16 22:14:17] Iteration: 110/1000, Temp: 0.0554, Energy: -50.475250-0.009680j
[2025-04-16 22:14:51] Iteration: 111/1000, Temp: 0.0543, Energy: -50.553309+0.017161j
[2025-04-16 22:15:26] Iteration: 112/1000, Temp: 0.0532, Energy: -50.559236-0.017411j
[2025-04-16 22:16:01] Iteration: 113/1000, Temp: 0.0522, Energy: -50.550349-0.000011j
[2025-04-16 22:16:35] Iteration: 114/1000, Temp: 0.0511, Energy: -50.624006-0.012062j
[2025-04-16 22:17:10] Iteration: 115/1000, Temp: 0.0501, Energy: -50.680366+0.002539j
[2025-04-16 22:17:45] Iteration: 116/1000, Temp: 0.0491, Energy: -50.562566-0.030861j
[2025-04-16 22:18:20] Iteration: 117/1000, Temp: 0.0482, Energy: -50.578898+0.009505j
[2025-04-16 22:18:54] Iteration: 118/1000, Temp: 0.0472, Energy: -50.648696-0.010174j
[2025-04-16 22:19:29] Iteration: 119/1000, Temp: 0.0463, Energy: -50.685510-0.026177j
[2025-04-16 22:20:04] Iteration: 120/1000, Temp: 0.0454, Energy: -50.858108-0.032875j
[2025-04-16 22:20:39] Iteration: 121/1000, Temp: 0.0445, Energy: -50.815306-0.003145j
[2025-04-16 22:21:13] Iteration: 122/1000, Temp: 0.0436, Energy: -50.828512-0.031639j
[2025-04-16 22:21:48] Iteration: 123/1000, Temp: 0.0427, Energy: -50.784174-0.038606j
[2025-04-16 22:22:23] Iteration: 124/1000, Temp: 0.0419, Energy: -51.071471-0.021757j
[2025-04-16 22:22:58] Iteration: 125/1000, Temp: 0.0410, Energy: -50.961526-0.030427j
[2025-04-16 22:23:33] Iteration: 126/1000, Temp: 0.0402, Energy: -51.111006-0.026539j
[2025-04-16 22:24:07] Iteration: 127/1000, Temp: 0.0394, Energy: -51.093011-0.038383j
[2025-04-16 22:24:42] Iteration: 128/1000, Temp: 0.0387, Energy: -51.089149+0.003094j
[2025-04-16 22:25:17] Iteration: 129/1000, Temp: 0.0379, Energy: -51.087676-0.000031j
[2025-04-16 22:25:52] Iteration: 130/1000, Temp: 0.0371, Energy: -51.158045-0.013402j
[2025-04-16 22:26:26] Iteration: 131/1000, Temp: 0.0364, Energy: -51.061949-0.005185j
[2025-04-16 22:27:01] Iteration: 132/1000, Temp: 0.0357, Energy: -50.956446+0.013365j
[2025-04-16 22:27:36] Iteration: 133/1000, Temp: 0.0350, Energy: -51.133227-0.004269j
[2025-04-16 22:28:11] Iteration: 134/1000, Temp: 0.0343, Energy: -51.082403-0.014651j
[2025-04-16 22:28:46] Iteration: 135/1000, Temp: 0.0336, Energy: -51.152444-0.010446j
[2025-04-16 22:29:20] Iteration: 136/1000, Temp: 0.0329, Energy: -51.164338-0.004188j
[2025-04-16 22:29:55] Iteration: 137/1000, Temp: 0.0323, Energy: -51.327213-0.045827j
[2025-04-16 22:30:30] Iteration: 138/1000, Temp: 0.0316, Energy: -51.344341+0.013880j
[2025-04-16 22:31:05] Iteration: 139/1000, Temp: 0.0310, Energy: -51.350756-0.028049j
[2025-04-16 22:31:39] Iteration: 140/1000, Temp: 0.0304, Energy: -51.208192-0.010740j
[2025-04-16 22:32:14] Iteration: 141/1000, Temp: 0.0298, Energy: -51.126472-0.017601j
[2025-04-16 22:32:49] Iteration: 142/1000, Temp: 0.0292, Energy: -51.207591+0.022742j
[2025-04-16 22:33:24] Iteration: 143/1000, Temp: 0.0286, Energy: -51.307221-0.012452j
[2025-04-16 22:33:58] Iteration: 144/1000, Temp: 0.0281, Energy: -51.401476-0.017960j
[2025-04-16 22:34:33] Iteration: 145/1000, Temp: 0.0275, Energy: -51.289865-0.003840j
[2025-04-16 22:35:08] Iteration: 146/1000, Temp: 0.0270, Energy: -51.333694+0.014082j
[2025-04-16 22:35:43] Iteration: 147/1000, Temp: 0.0264, Energy: -51.392502-0.018575j
[2025-04-16 22:36:17] Iteration: 148/1000, Temp: 0.0259, Energy: -51.442337+0.017885j
[2025-04-16 22:36:52] Iteration: 149/1000, Temp: 0.0254, Energy: -51.364287-0.016811j
[2025-04-16 22:37:27] Iteration: 150/1000, Temp: 0.0249, Energy: -51.497144-0.005513j
[2025-04-16 22:38:02] Iteration: 151/1000, Temp: 0.0244, Energy: -51.420581+0.003337j
[2025-04-16 22:38:37] Iteration: 152/1000, Temp: 0.0239, Energy: -51.374063-0.015689j
[2025-04-16 22:39:11] Iteration: 153/1000, Temp: 0.0234, Energy: -51.463505-0.016907j
[2025-04-16 22:39:46] Iteration: 154/1000, Temp: 0.0230, Energy: -51.330314-0.011673j
[2025-04-16 22:40:21] Iteration: 155/1000, Temp: 0.0225, Energy: -51.458514-0.018518j
[2025-04-16 22:40:56] Iteration: 156/1000, Temp: 0.0221, Energy: -51.373648+0.007845j
[2025-04-16 22:41:30] Iteration: 157/1000, Temp: 0.0216, Energy: -51.427101-0.010066j
[2025-04-16 22:42:05] Iteration: 158/1000, Temp: 0.0212, Energy: -51.455188-0.015957j
[2025-04-16 22:42:40] Iteration: 159/1000, Temp: 0.0208, Energy: -51.347609+0.014227j
[2025-04-16 22:43:15] Iteration: 160/1000, Temp: 0.0204, Energy: -51.424046-0.003807j
[2025-04-16 22:43:49] Iteration: 161/1000, Temp: 0.0200, Energy: -51.507352-0.034510j
[2025-04-16 22:44:24] Iteration: 162/1000, Temp: 0.0196, Energy: -51.475007+0.012187j
[2025-04-16 22:44:59] Iteration: 163/1000, Temp: 0.0192, Energy: -51.550619+0.001306j
[2025-04-16 22:45:34] Iteration: 164/1000, Temp: 0.0188, Energy: -51.509282-0.012274j
[2025-04-16 22:46:08] Iteration: 165/1000, Temp: 0.0184, Energy: -51.483573+0.024629j
[2025-04-16 22:46:43] Iteration: 166/1000, Temp: 0.0181, Energy: -51.570686-0.007753j
[2025-04-16 22:47:18] Iteration: 167/1000, Temp: 0.0177, Energy: -51.476271+0.001483j
[2025-04-16 22:47:53] Iteration: 168/1000, Temp: 0.0174, Energy: -51.461974+0.019095j
[2025-04-16 22:48:28] Iteration: 169/1000, Temp: 0.0170, Energy: -51.450739-0.000280j
[2025-04-16 22:49:02] Iteration: 170/1000, Temp: 0.0167, Energy: -51.291209-0.026111j
[2025-04-16 22:49:37] Iteration: 171/1000, Temp: 0.0164, Energy: -51.237324-0.001459j
[2025-04-16 22:50:12] Iteration: 172/1000, Temp: 0.0160, Energy: -51.405873+0.002644j
[2025-04-16 22:50:47] Iteration: 173/1000, Temp: 0.0157, Energy: -51.319667+0.001441j
[2025-04-16 22:51:21] Iteration: 174/1000, Temp: 0.0154, Energy: -51.536558+0.003414j
[2025-04-16 22:51:56] Iteration: 175/1000, Temp: 0.0151, Energy: -51.394343-0.018053j
[2025-04-16 22:52:31] Iteration: 176/1000, Temp: 0.0148, Energy: -51.283352-0.017822j
[2025-04-16 22:53:06] Iteration: 177/1000, Temp: 0.0145, Energy: -51.356873-0.000168j
[2025-04-16 22:53:40] Iteration: 178/1000, Temp: 0.0142, Energy: -51.295062-0.001673j
[2025-04-16 22:54:15] Iteration: 179/1000, Temp: 0.0139, Energy: -51.382645-0.006418j
[2025-04-16 22:54:50] Iteration: 180/1000, Temp: 0.0137, Energy: -51.513692+0.008907j
[2025-04-16 22:55:25] Iteration: 181/1000, Temp: 0.0134, Energy: -51.558764+0.009968j
[2025-04-16 22:55:59] Iteration: 182/1000, Temp: 0.0131, Energy: -51.606432+0.002395j
[2025-04-16 22:56:34] Iteration: 183/1000, Temp: 0.0129, Energy: -51.623983-0.010753j
[2025-04-16 22:57:09] Iteration: 184/1000, Temp: 0.0126, Energy: -51.575179+0.001595j
[2025-04-16 22:57:44] Iteration: 185/1000, Temp: 0.0124, Energy: -51.441039+0.001312j
[2025-04-16 22:58:18] Iteration: 186/1000, Temp: 0.0121, Energy: -51.508825-0.004776j
[2025-04-16 22:58:53] Iteration: 187/1000, Temp: 0.0119, Energy: -51.559850+0.004623j
[2025-04-16 22:59:28] Iteration: 188/1000, Temp: 0.0116, Energy: -51.542231-0.008762j
[2025-04-16 23:00:03] Iteration: 189/1000, Temp: 0.0114, Energy: -51.520306+0.003225j
[2025-04-16 23:00:37] Iteration: 190/1000, Temp: 0.0112, Energy: -51.624397-0.006589j
[2025-04-16 23:01:12] Iteration: 191/1000, Temp: 0.0110, Energy: -51.590613+0.010301j
[2025-04-16 23:01:47] Iteration: 192/1000, Temp: 0.0107, Energy: -51.486738-0.006391j
[2025-04-16 23:02:22] Iteration: 193/1000, Temp: 0.0105, Energy: -51.481315-0.010394j
[2025-04-16 23:02:56] Iteration: 194/1000, Temp: 0.0103, Energy: -51.566785-0.011222j
[2025-04-16 23:03:31] Iteration: 195/1000, Temp: 0.0101, Energy: -51.536185+0.000150j
[2025-04-16 23:04:06] Iteration: 196/1000, Temp: 0.0099, Energy: -51.590295+0.004113j
[2025-04-16 23:04:41] Iteration: 197/1000, Temp: 0.0097, Energy: -51.664975-0.001707j
[2025-04-16 23:05:15] Iteration: 198/1000, Temp: 0.0095, Energy: -51.632285-0.001791j
[2025-04-16 23:05:50] Iteration: 199/1000, Temp: 0.0093, Energy: -51.676429+0.013613j
[2025-04-16 23:06:25] Iteration: 200/1000, Temp: 0.0092, Energy: -51.560531+0.007757j
[2025-04-16 23:07:00] Iteration: 201/1000, Temp: 0.0090, Energy: -51.466964+0.012888j
[2025-04-16 23:07:35] Iteration: 202/1000, Temp: 0.0088, Energy: -51.378331-0.000007j
[2025-04-16 23:08:09] Iteration: 203/1000, Temp: 0.0086, Energy: -51.478031+0.011320j
[2025-04-16 23:08:44] Iteration: 204/1000, Temp: 0.0085, Energy: -51.522016-0.005565j
[2025-04-16 23:09:19] Iteration: 205/1000, Temp: 0.0083, Energy: -51.505785+0.000554j
[2025-04-16 23:09:54] Iteration: 206/1000, Temp: 0.0081, Energy: -51.520868+0.001241j
[2025-04-16 23:10:28] Iteration: 207/1000, Temp: 0.0080, Energy: -51.469182+0.007301j
[2025-04-16 23:11:03] Iteration: 208/1000, Temp: 0.0078, Energy: -51.514209-0.007190j
[2025-04-16 23:11:38] Iteration: 209/1000, Temp: 0.0076, Energy: -51.535744+0.009351j
[2025-04-16 23:12:13] Iteration: 210/1000, Temp: 0.0075, Energy: -51.588981+0.006580j
[2025-04-16 23:12:47] Iteration: 211/1000, Temp: 0.0073, Energy: -51.566613-0.000611j
[2025-04-16 23:13:22] Iteration: 212/1000, Temp: 0.0072, Energy: -51.468920+0.021811j
[2025-04-16 23:13:57] Iteration: 213/1000, Temp: 0.0071, Energy: -51.536219+0.013776j
[2025-04-16 23:14:32] Iteration: 214/1000, Temp: 0.0069, Energy: -51.615065+0.008606j
[2025-04-16 23:15:07] Iteration: 215/1000, Temp: 0.0068, Energy: -51.524506+0.013780j
[2025-04-16 23:15:41] Iteration: 216/1000, Temp: 0.0066, Energy: -51.460398-0.008785j
[2025-04-16 23:16:16] Iteration: 217/1000, Temp: 0.0065, Energy: -51.443906+0.012936j
[2025-04-16 23:16:51] Iteration: 218/1000, Temp: 0.0064, Energy: -51.520040+0.009457j
[2025-04-16 23:17:26] Iteration: 219/1000, Temp: 0.0063, Energy: -51.492189-0.007361j
[2025-04-16 23:18:00] Iteration: 220/1000, Temp: 0.0061, Energy: -51.596707+0.012680j
[2025-04-16 23:18:35] Iteration: 221/1000, Temp: 0.0060, Energy: -51.590088+0.000574j
[2025-04-16 23:19:10] Iteration: 222/1000, Temp: 0.0059, Energy: -51.444047+0.016569j
[2025-04-16 23:19:45] Iteration: 223/1000, Temp: 0.0058, Energy: -51.421616-0.006175j
[2025-04-16 23:20:19] Iteration: 224/1000, Temp: 0.0057, Energy: -51.288129-0.013546j
[2025-04-16 23:20:54] Iteration: 225/1000, Temp: 0.0056, Energy: -51.403568+0.017506j
[2025-04-16 23:21:29] Iteration: 226/1000, Temp: 0.0054, Energy: -51.695372+0.013084j
[2025-04-16 23:22:04] Iteration: 227/1000, Temp: 0.0053, Energy: -51.664858+0.007963j
[2025-04-16 23:22:38] Iteration: 228/1000, Temp: 0.0052, Energy: -51.434141-0.009319j
[2025-04-16 23:23:13] Iteration: 229/1000, Temp: 0.0051, Energy: -51.452360-0.009606j
[2025-04-16 23:23:48] Iteration: 230/1000, Temp: 0.0050, Energy: -51.536527+0.000933j
[2025-04-16 23:24:23] Iteration: 231/1000, Temp: 0.0049, Energy: -51.461111-0.012214j
[2025-04-16 23:24:58] Iteration: 232/1000, Temp: 0.0048, Energy: -51.646711-0.020924j
[2025-04-16 23:25:32] Iteration: 233/1000, Temp: 0.0047, Energy: -51.518037-0.007765j
[2025-04-16 23:26:07] Iteration: 234/1000, Temp: 0.0046, Energy: -51.625400+0.010607j
[2025-04-16 23:26:42] Iteration: 235/1000, Temp: 0.0045, Energy: -51.634930+0.011940j
[2025-04-16 23:27:17] Iteration: 236/1000, Temp: 0.0045, Energy: -51.602582-0.007454j
[2025-04-16 23:27:51] Iteration: 237/1000, Temp: 0.0044, Energy: -51.508071+0.009629j
[2025-04-16 23:28:26] Iteration: 238/1000, Temp: 0.0043, Energy: -51.555779-0.000718j
[2025-04-16 23:29:01] Iteration: 239/1000, Temp: 0.0042, Energy: -51.524145-0.001797j
[2025-04-16 23:29:36] Iteration: 240/1000, Temp: 0.0041, Energy: -51.554166+0.001373j
[2025-04-16 23:30:10] Iteration: 241/1000, Temp: 0.0040, Energy: -51.554207+0.008905j
[2025-04-16 23:30:45] Iteration: 242/1000, Temp: 0.0040, Energy: -51.622559+0.011845j
[2025-04-16 23:31:20] Iteration: 243/1000, Temp: 0.0039, Energy: -51.531405-0.001099j
[2025-04-16 23:31:55] Iteration: 244/1000, Temp: 0.0038, Energy: -51.633429+0.007571j
[2025-04-16 23:32:30] Iteration: 245/1000, Temp: 0.0037, Energy: -51.550259-0.005411j
[2025-04-16 23:33:04] Iteration: 246/1000, Temp: 0.0036, Energy: -51.511300+0.000609j
[2025-04-16 23:33:39] Iteration: 247/1000, Temp: 0.0036, Energy: -51.669111+0.000199j
[2025-04-16 23:34:14] Iteration: 248/1000, Temp: 0.0035, Energy: -51.693881+0.006087j
[2025-04-16 23:34:49] Iteration: 249/1000, Temp: 0.0034, Energy: -51.709095-0.002345j
[2025-04-16 23:35:23] Iteration: 250/1000, Temp: 0.0034, Energy: -51.778802+0.015338j
[2025-04-16 23:35:58] Iteration: 251/1000, Temp: 0.0033, Energy: -51.821816+0.009533j
[2025-04-16 23:36:33] Iteration: 252/1000, Temp: 0.0032, Energy: -51.800908+0.007049j
[2025-04-16 23:37:08] Iteration: 253/1000, Temp: 0.0032, Energy: -51.672156-0.007677j
[2025-04-16 23:37:42] Iteration: 254/1000, Temp: 0.0031, Energy: -51.646595-0.004103j
[2025-04-16 23:38:17] Iteration: 255/1000, Temp: 0.0030, Energy: -51.600741+0.000868j
[2025-04-16 23:38:52] Iteration: 256/1000, Temp: 0.0030, Energy: -51.522009-0.011761j
[2025-04-16 23:39:27] Iteration: 257/1000, Temp: 0.0029, Energy: -51.649552-0.011434j
[2025-04-16 23:40:01] Iteration: 258/1000, Temp: 0.0029, Energy: -51.571298-0.021338j
[2025-04-16 23:40:36] Iteration: 259/1000, Temp: 0.0028, Energy: -51.558750-0.015038j
[2025-04-16 23:41:11] Iteration: 260/1000, Temp: 0.0028, Energy: -51.528540-0.006970j
[2025-04-16 23:41:46] Iteration: 261/1000, Temp: 0.0027, Energy: -51.726090-0.014191j
[2025-04-16 23:42:20] Iteration: 262/1000, Temp: 0.0027, Energy: -51.565796-0.024569j
[2025-04-16 23:42:55] Iteration: 263/1000, Temp: 0.0026, Energy: -51.554700-0.004254j
[2025-04-16 23:43:30] Iteration: 264/1000, Temp: 0.0025, Energy: -51.610040+0.022827j
[2025-04-16 23:44:05] Iteration: 265/1000, Temp: 0.0025, Energy: -51.632311+0.002126j
[2025-04-16 23:44:39] Iteration: 266/1000, Temp: 0.0024, Energy: -51.716499+0.003430j
[2025-04-16 23:45:14] Iteration: 267/1000, Temp: 0.0024, Energy: -51.681384+0.013614j
[2025-04-16 23:45:49] Iteration: 268/1000, Temp: 0.0024, Energy: -51.671212-0.009656j
[2025-04-16 23:46:23] Iteration: 269/1000, Temp: 0.0023, Energy: -51.598642+0.010521j
[2025-04-16 23:46:58] Iteration: 270/1000, Temp: 0.0023, Energy: -51.510395-0.001845j
[2025-04-16 23:47:33] Iteration: 271/1000, Temp: 0.0022, Energy: -51.477700+0.007374j
[2025-04-16 23:48:08] Iteration: 272/1000, Temp: 0.0022, Energy: -51.504342-0.006534j
[2025-04-16 23:48:43] Iteration: 273/1000, Temp: 0.0021, Energy: -51.454476-0.002171j
[2025-04-16 23:49:17] Iteration: 274/1000, Temp: 0.0021, Energy: -51.559738-0.007822j
[2025-04-16 23:49:52] Iteration: 275/1000, Temp: 0.0020, Energy: -51.647706+0.007130j
[2025-04-16 23:50:27] Iteration: 276/1000, Temp: 0.0020, Energy: -51.577745+0.007452j
[2025-04-16 23:51:02] Iteration: 277/1000, Temp: 0.0020, Energy: -51.409672-0.010968j
[2025-04-16 23:51:37] Iteration: 278/1000, Temp: 0.0019, Energy: -51.485925-0.004475j
[2025-04-16 23:52:11] Iteration: 279/1000, Temp: 0.0019, Energy: -51.551819+0.010936j
[2025-04-16 23:52:46] Iteration: 280/1000, Temp: 0.0018, Energy: -51.576800-0.000099j
[2025-04-16 23:53:21] Iteration: 281/1000, Temp: 0.0018, Energy: -51.601545+0.006474j
[2025-04-16 23:53:56] Iteration: 282/1000, Temp: 0.0018, Energy: -51.431810+0.001677j
[2025-04-16 23:54:30] Iteration: 283/1000, Temp: 0.0017, Energy: -51.570785-0.003112j
[2025-04-16 23:55:05] Iteration: 284/1000, Temp: 0.0017, Energy: -51.632606+0.010974j
[2025-04-16 23:55:40] Iteration: 285/1000, Temp: 0.0017, Energy: -51.678528+0.019302j
[2025-04-16 23:56:15] Iteration: 286/1000, Temp: 0.0016, Energy: -51.578468+0.015474j
[2025-04-16 23:56:50] Iteration: 287/1000, Temp: 0.0016, Energy: -51.511845-0.001647j
[2025-04-16 23:57:24] Iteration: 288/1000, Temp: 0.0016, Energy: -51.426051+0.009644j
[2025-04-16 23:57:59] Iteration: 289/1000, Temp: 0.0015, Energy: -51.423584+0.018408j
[2025-04-16 23:58:34] Iteration: 290/1000, Temp: 0.0015, Energy: -51.529133+0.000064j
[2025-04-16 23:59:08] Iteration: 291/1000, Temp: 0.0015, Energy: -51.547782-0.001938j
[2025-04-16 23:59:43] Iteration: 292/1000, Temp: 0.0015, Energy: -51.415120-0.020832j
[2025-04-17 00:00:18] Iteration: 293/1000, Temp: 0.0014, Energy: -51.552832-0.006024j
[2025-04-17 00:00:53] Iteration: 294/1000, Temp: 0.0014, Energy: -51.587114-0.008387j
[2025-04-17 00:01:28] Iteration: 295/1000, Temp: 0.0014, Energy: -51.570019-0.010258j
[2025-04-17 00:02:02] Iteration: 296/1000, Temp: 0.0013, Energy: -51.570481-0.009061j
[2025-04-17 00:02:37] Iteration: 297/1000, Temp: 0.0013, Energy: -51.564478-0.014674j
[2025-04-17 00:03:12] Iteration: 298/1000, Temp: 0.0013, Energy: -51.540191-0.011075j
[2025-04-17 00:03:46] Iteration: 299/1000, Temp: 0.0013, Energy: -51.460183-0.000199j
[2025-04-17 00:04:21] Iteration: 300/1000, Temp: 0.0012, Energy: -51.591163-0.009855j
[2025-04-17 00:04:56] Iteration: 301/1000, Temp: 0.0012, Energy: -51.564118-0.023771j
[2025-04-17 00:05:31] Iteration: 302/1000, Temp: 0.0012, Energy: -51.590944-0.006729j
[2025-04-17 00:06:05] Iteration: 303/1000, Temp: 0.0012, Energy: -51.614546-0.018280j
[2025-04-17 00:06:40] Iteration: 304/1000, Temp: 0.0011, Energy: -51.653372+0.008944j
[2025-04-17 00:07:15] Iteration: 305/1000, Temp: 0.0011, Energy: -51.442376+0.004526j
[2025-04-17 00:07:50] Iteration: 306/1000, Temp: 0.0011, Energy: -51.528122-0.002089j
[2025-04-17 00:08:24] Iteration: 307/1000, Temp: 0.0011, Energy: -51.513178+0.002585j
[2025-04-17 00:08:59] Iteration: 308/1000, Temp: 0.0011, Energy: -51.612674-0.006655j
[2025-04-17 00:09:34] Iteration: 309/1000, Temp: 0.0010, Energy: -51.536796-0.001263j
[2025-04-17 00:10:09] Iteration: 310/1000, Temp: 0.0010, Energy: -51.598508-0.011091j
[2025-04-17 00:10:44] Iteration: 311/1000, Temp: 0.0010, Energy: -51.569720-0.002117j
[2025-04-17 00:11:18] Iteration: 312/1000, Temp: 0.0010, Energy: -51.505529-0.000599j
[2025-04-17 00:11:53] Iteration: 313/1000, Temp: 0.0010, Energy: -51.552730-0.005021j
[2025-04-17 00:12:28] Iteration: 314/1000, Temp: 0.0009, Energy: -51.589044+0.009953j
[2025-04-17 00:13:03] Iteration: 315/1000, Temp: 0.0009, Energy: -51.518801+0.010969j
[2025-04-17 00:13:37] Iteration: 316/1000, Temp: 0.0009, Energy: -51.479237+0.015519j
[2025-04-17 00:14:12] Iteration: 317/1000, Temp: 0.0009, Energy: -51.466078+0.003227j
[2025-04-17 00:14:47] Iteration: 318/1000, Temp: 0.0009, Energy: -51.577675+0.009308j
[2025-04-17 00:15:22] Iteration: 319/1000, Temp: 0.0008, Energy: -51.513766+0.002170j
[2025-04-17 00:15:57] Iteration: 320/1000, Temp: 0.0008, Energy: -51.644094-0.003420j
[2025-04-17 00:16:31] Iteration: 321/1000, Temp: 0.0008, Energy: -51.668437+0.004902j
[2025-04-17 00:17:06] Iteration: 322/1000, Temp: 0.0008, Energy: -51.662282+0.003849j
[2025-04-17 00:17:41] Iteration: 323/1000, Temp: 0.0008, Energy: -51.691840+0.014926j
[2025-04-17 00:18:16] Iteration: 324/1000, Temp: 0.0008, Energy: -51.690567+0.008095j
[2025-04-17 00:18:50] Iteration: 325/1000, Temp: 0.0008, Energy: -51.616326-0.015856j
[2025-04-17 00:19:25] Iteration: 326/1000, Temp: 0.0007, Energy: -51.529725-0.002527j
[2025-04-17 00:20:00] Iteration: 327/1000, Temp: 0.0007, Energy: -51.622541+0.003300j
[2025-04-17 00:20:35] Iteration: 328/1000, Temp: 0.0007, Energy: -51.618456+0.004621j
[2025-04-17 00:21:09] Iteration: 329/1000, Temp: 0.0007, Energy: -51.688892+0.013674j
[2025-04-17 00:21:44] Iteration: 330/1000, Temp: 0.0007, Energy: -51.576399-0.010324j
[2025-04-17 00:22:19] Iteration: 331/1000, Temp: 0.0007, Energy: -51.548006+0.014886j
[2025-04-17 00:22:54] Iteration: 332/1000, Temp: 0.0007, Energy: -51.533533-0.000885j
[2025-04-17 00:23:28] Iteration: 333/1000, Temp: 0.0006, Energy: -51.644258+0.005238j
[2025-04-17 00:24:03] Iteration: 334/1000, Temp: 0.0006, Energy: -51.539365+0.004498j
[2025-04-17 00:24:38] Iteration: 335/1000, Temp: 0.0006, Energy: -51.607809-0.001560j
[2025-04-17 00:25:13] Iteration: 336/1000, Temp: 0.0006, Energy: -51.621046-0.010922j
[2025-04-17 00:25:48] Iteration: 337/1000, Temp: 0.0006, Energy: -51.676493-0.001560j
[2025-04-17 00:26:22] Iteration: 338/1000, Temp: 0.0006, Energy: -51.598350+0.001025j
[2025-04-17 00:26:57] Iteration: 339/1000, Temp: 0.0006, Energy: -51.494253-0.009620j
[2025-04-17 00:27:32] Iteration: 340/1000, Temp: 0.0006, Energy: -51.538206-0.012963j
[2025-04-17 00:28:07] Iteration: 341/1000, Temp: 0.0005, Energy: -51.562686-0.005572j
[2025-04-17 00:28:41] Iteration: 342/1000, Temp: 0.0005, Energy: -51.596376-0.004209j
[2025-04-17 00:29:16] Iteration: 343/1000, Temp: 0.0005, Energy: -51.497612-0.012177j
[2025-04-17 00:29:51] Iteration: 344/1000, Temp: 0.0005, Energy: -51.690212-0.003758j
[2025-04-17 00:30:26] Iteration: 345/1000, Temp: 0.0005, Energy: -51.645546+0.012418j
[2025-04-17 00:31:00] Iteration: 346/1000, Temp: 0.0005, Energy: -51.687828-0.000406j
[2025-04-17 00:31:35] Iteration: 347/1000, Temp: 0.0005, Energy: -51.488739-0.009077j
[2025-04-17 00:32:10] Iteration: 348/1000, Temp: 0.0005, Energy: -51.579774-0.009224j
[2025-04-17 00:32:45] Iteration: 349/1000, Temp: 0.0005, Energy: -51.545952-0.002827j
[2025-04-17 00:33:19] Iteration: 350/1000, Temp: 0.0005, Energy: -51.587808-0.001510j
[2025-04-17 00:33:54] Iteration: 351/1000, Temp: 0.0004, Energy: -51.549851-0.012302j
[2025-04-17 00:34:29] Iteration: 352/1000, Temp: 0.0004, Energy: -51.468595+0.003100j
[2025-04-17 00:35:04] Iteration: 353/1000, Temp: 0.0004, Energy: -51.417940+0.003100j
[2025-04-17 00:35:38] Iteration: 354/1000, Temp: 0.0004, Energy: -51.538109-0.000178j
[2025-04-17 00:36:13] Iteration: 355/1000, Temp: 0.0004, Energy: -51.524750+0.000104j
[2025-04-17 00:36:48] Iteration: 356/1000, Temp: 0.0004, Energy: -51.481618-0.004742j
[2025-04-17 00:37:23] Iteration: 357/1000, Temp: 0.0004, Energy: -51.626462-0.015686j
[2025-04-17 00:37:57] Iteration: 358/1000, Temp: 0.0004, Energy: -51.678395-0.002268j
[2025-04-17 00:38:32] Iteration: 359/1000, Temp: 0.0004, Energy: -51.596266+0.001619j
[2025-04-17 00:39:07] Iteration: 360/1000, Temp: 0.0004, Energy: -51.695931+0.005751j
[2025-04-17 00:39:41] Iteration: 361/1000, Temp: 0.0004, Energy: -51.619403-0.005712j
[2025-04-17 00:40:16] Iteration: 362/1000, Temp: 0.0004, Energy: -51.703758+0.002702j
[2025-04-17 00:40:51] Iteration: 363/1000, Temp: 0.0004, Energy: -51.663972+0.005983j
[2025-04-17 00:41:26] Iteration: 364/1000, Temp: 0.0003, Energy: -51.635652-0.008109j
[2025-04-17 00:42:00] Iteration: 365/1000, Temp: 0.0003, Energy: -51.598061+0.004055j
[2025-04-17 00:42:35] Iteration: 366/1000, Temp: 0.0003, Energy: -51.569054-0.001674j
[2025-04-17 00:43:10] Iteration: 367/1000, Temp: 0.0003, Energy: -51.574068+0.003396j
[2025-04-17 00:43:45] Iteration: 368/1000, Temp: 0.0003, Energy: -51.559580-0.003649j
[2025-04-17 00:44:19] Iteration: 369/1000, Temp: 0.0003, Energy: -51.592404+0.002316j
[2025-04-17 00:44:54] Iteration: 370/1000, Temp: 0.0003, Energy: -51.734308+0.006508j
[2025-04-17 00:45:29] Iteration: 371/1000, Temp: 0.0003, Energy: -51.632299-0.010644j
[2025-04-17 00:46:04] Iteration: 372/1000, Temp: 0.0003, Energy: -51.670389-0.007812j
[2025-04-17 00:46:38] Iteration: 373/1000, Temp: 0.0003, Energy: -51.628489-0.009838j
[2025-04-17 00:47:13] Iteration: 374/1000, Temp: 0.0003, Energy: -51.643146+0.012915j
[2025-04-17 00:47:48] Iteration: 375/1000, Temp: 0.0003, Energy: -51.484199+0.003152j
[2025-04-17 00:48:23] Iteration: 376/1000, Temp: 0.0003, Energy: -51.412826-0.001544j
[2025-04-17 00:48:57] Iteration: 377/1000, Temp: 0.0003, Energy: -51.494654-0.002971j
[2025-04-17 00:49:32] Iteration: 378/1000, Temp: 0.0003, Energy: -51.487414+0.000193j
[2025-04-17 00:50:07] Iteration: 379/1000, Temp: 0.0003, Energy: -51.666599-0.000061j
[2025-04-17 00:50:42] Iteration: 380/1000, Temp: 0.0003, Energy: -51.592164-0.012492j
[2025-04-17 00:51:16] Iteration: 381/1000, Temp: 0.0002, Energy: -51.598989+0.000831j
[2025-04-17 00:51:51] Iteration: 382/1000, Temp: 0.0002, Energy: -51.661659-0.002669j
[2025-04-17 00:52:26] Iteration: 383/1000, Temp: 0.0002, Energy: -51.557213-0.005998j
[2025-04-17 00:53:01] Iteration: 384/1000, Temp: 0.0002, Energy: -51.640737+0.010073j
[2025-04-17 00:53:36] Iteration: 385/1000, Temp: 0.0002, Energy: -51.592966-0.003315j
[2025-04-17 00:54:10] Iteration: 386/1000, Temp: 0.0002, Energy: -51.651143+0.006165j
[2025-04-17 00:54:45] Iteration: 387/1000, Temp: 0.0002, Energy: -51.517620+0.004699j
[2025-04-17 00:55:20] Iteration: 388/1000, Temp: 0.0002, Energy: -51.672086+0.012567j
[2025-04-17 00:55:55] Iteration: 389/1000, Temp: 0.0002, Energy: -51.620696+0.006564j
[2025-04-17 00:56:29] Iteration: 390/1000, Temp: 0.0002, Energy: -51.558432+0.002356j
[2025-04-17 00:57:04] Iteration: 391/1000, Temp: 0.0002, Energy: -51.552505+0.002623j
[2025-04-17 00:57:39] Iteration: 392/1000, Temp: 0.0002, Energy: -51.637312+0.004178j
[2025-04-17 00:58:14] Iteration: 393/1000, Temp: 0.0002, Energy: -51.561050-0.001982j
[2025-04-17 00:58:48] Iteration: 394/1000, Temp: 0.0002, Energy: -51.435734+0.001765j
[2025-04-17 00:59:23] Iteration: 395/1000, Temp: 0.0002, Energy: -51.652495-0.005466j
[2025-04-17 00:59:58] Iteration: 396/1000, Temp: 0.0002, Energy: -51.634264+0.000304j
[2025-04-17 01:00:33] Iteration: 397/1000, Temp: 0.0002, Energy: -51.600454+0.001625j
[2025-04-17 01:01:07] Iteration: 398/1000, Temp: 0.0002, Energy: -51.536416+0.005645j
[2025-04-17 01:01:42] Iteration: 399/1000, Temp: 0.0002, Energy: -51.574570+0.003659j
[2025-04-17 01:02:17] Iteration: 400/1000, Temp: 0.0002, Energy: -51.601085-0.004063j
[2025-04-17 01:02:52] Iteration: 401/1000, Temp: 0.0002, Energy: -51.581129-0.000204j
[2025-04-17 01:03:26] Iteration: 402/1000, Temp: 0.0002, Energy: -51.665129-0.001589j
[2025-04-17 01:04:01] Iteration: 403/1000, Temp: 0.0002, Energy: -51.622791+0.005861j
[2025-04-17 01:04:36] Iteration: 404/1000, Temp: 0.0002, Energy: -51.556651+0.005728j
[2025-04-17 01:05:11] Iteration: 405/1000, Temp: 0.0002, Energy: -51.573157+0.003121j
[2025-04-17 01:05:45] Iteration: 406/1000, Temp: 0.0001, Energy: -51.594497-0.005816j
[2025-04-17 01:06:20] Iteration: 407/1000, Temp: 0.0001, Energy: -51.579911+0.004385j
[2025-04-17 01:06:55] Iteration: 408/1000, Temp: 0.0001, Energy: -51.512486+0.004362j
[2025-04-17 01:07:30] Iteration: 409/1000, Temp: 0.0001, Energy: -51.515064-0.006087j
[2025-04-17 01:08:04] Iteration: 410/1000, Temp: 0.0001, Energy: -51.582186-0.000089j
[2025-04-17 01:08:39] Iteration: 411/1000, Temp: 0.0001, Energy: -51.713171-0.001405j
[2025-04-17 01:09:14] Iteration: 412/1000, Temp: 0.0001, Energy: -51.649266+0.003248j
[2025-04-17 01:09:49] Iteration: 413/1000, Temp: 0.0001, Energy: -51.714306-0.005504j
[2025-04-17 01:10:24] Iteration: 414/1000, Temp: 0.0001, Energy: -51.708832-0.002821j
[2025-04-17 01:10:58] Iteration: 415/1000, Temp: 0.0001, Energy: -51.670329+0.002563j
[2025-04-17 01:11:33] Iteration: 416/1000, Temp: 0.0001, Energy: -51.536676+0.000403j
[2025-04-17 01:12:08] Iteration: 417/1000, Temp: 0.0001, Energy: -51.586954+0.001977j
[2025-04-17 01:12:43] Iteration: 418/1000, Temp: 0.0001, Energy: -51.670714-0.002034j
[2025-04-17 01:13:17] Iteration: 419/1000, Temp: 0.0001, Energy: -51.635530-0.006025j
[2025-04-17 01:13:52] Iteration: 420/1000, Temp: 0.0001, Energy: -51.709206-0.004461j
[2025-04-17 01:14:27] Iteration: 421/1000, Temp: 0.0001, Energy: -51.679173-0.000725j
[2025-04-17 01:15:02] Iteration: 422/1000, Temp: 0.0001, Energy: -51.646891+0.006886j
[2025-04-17 01:15:36] Iteration: 423/1000, Temp: 0.0001, Energy: -51.675629-0.005512j
[2025-04-17 01:16:11] Iteration: 424/1000, Temp: 0.0001, Energy: -51.736866+0.002944j
[2025-04-17 01:16:46] Iteration: 425/1000, Temp: 0.0001, Energy: -51.679600-0.006357j
[2025-04-17 01:17:21] Iteration: 426/1000, Temp: 0.0001, Energy: -51.474128+0.002540j
[2025-04-17 01:17:55] Iteration: 427/1000, Temp: 0.0001, Energy: -51.545780+0.003994j
[2025-04-17 01:18:30] Iteration: 428/1000, Temp: 0.0001, Energy: -51.615601-0.000596j
[2025-04-17 01:19:05] Iteration: 429/1000, Temp: 0.0001, Energy: -51.606491-0.004161j
[2025-04-17 01:19:40] Iteration: 430/1000, Temp: 0.0001, Energy: -51.540463+0.000646j
[2025-04-17 01:20:15] Iteration: 431/1000, Temp: 0.0001, Energy: -51.621301+0.002312j
[2025-04-17 01:20:49] Iteration: 432/1000, Temp: 0.0001, Energy: -51.565110-0.000394j
[2025-04-17 01:21:24] Iteration: 433/1000, Temp: 0.0001, Energy: -51.718831-0.003797j
[2025-04-17 01:21:59] Iteration: 434/1000, Temp: 0.0001, Energy: -51.675229-0.000414j
[2025-04-17 01:22:34] Iteration: 435/1000, Temp: 0.0001, Energy: -51.589335+0.007675j
[2025-04-17 01:23:08] Iteration: 436/1000, Temp: 0.0001, Energy: -51.624930+0.007006j
[2025-04-17 01:23:43] Iteration: 437/1000, Temp: 0.0001, Energy: -51.642669+0.000945j
[2025-04-17 01:24:18] Iteration: 438/1000, Temp: 0.0001, Energy: -51.519286+0.001777j
[2025-04-17 01:24:53] Iteration: 439/1000, Temp: 0.0001, Energy: -51.427159+0.006598j
[2025-04-17 01:25:27] Iteration: 440/1000, Temp: 0.0001, Energy: -51.555398-0.005626j
[2025-04-17 01:26:02] Iteration: 441/1000, Temp: 0.0001, Energy: -51.542301-0.005621j
[2025-04-17 01:26:37] Iteration: 442/1000, Temp: 0.0001, Energy: -51.578866+0.001021j
[2025-04-17 01:27:12] Iteration: 443/1000, Temp: 0.0001, Energy: -51.626411+0.004609j
[2025-04-17 01:27:46] Iteration: 444/1000, Temp: 0.0001, Energy: -51.545949+0.002379j
[2025-04-17 01:28:21] Iteration: 445/1000, Temp: 0.0001, Energy: -51.484794+0.002763j
[2025-04-17 01:28:56] Iteration: 446/1000, Temp: 0.0001, Energy: -51.650485+0.000470j
[2025-04-17 01:29:31] Iteration: 447/1000, Temp: 0.0001, Energy: -51.646083-0.002379j
[2025-04-17 01:30:05] Iteration: 448/1000, Temp: 0.0001, Energy: -51.710163-0.000689j
[2025-04-17 01:30:40] Iteration: 449/1000, Temp: 0.0001, Energy: -51.584403-0.002176j
[2025-04-17 01:31:15] Iteration: 450/1000, Temp: 0.0001, Energy: -51.440003+0.001261j
[2025-04-17 01:31:50] Iteration: 451/1000, Temp: 0.0001, Energy: -51.548123-0.007921j
[2025-04-17 01:32:24] Iteration: 452/1000, Temp: 0.0001, Energy: -51.545519+0.000814j
[2025-04-17 01:32:59] Iteration: 453/1000, Temp: 0.0001, Energy: -51.512705-0.004727j
[2025-04-17 01:33:34] Iteration: 454/1000, Temp: 0.0001, Energy: -51.544486+0.001104j
[2025-04-17 01:34:09] Iteration: 455/1000, Temp: 0.0001, Energy: -51.598780-0.006373j
[2025-04-17 01:34:43] Iteration: 456/1000, Temp: 0.0001, Energy: -51.586833-0.002113j
[2025-04-17 01:35:18] Iteration: 457/1000, Temp: 0.0001, Energy: -51.555376-0.008232j
[2025-04-17 01:35:53] Iteration: 458/1000, Temp: 0.0001, Energy: -51.569594+0.001062j
[2025-04-17 01:36:28] Iteration: 459/1000, Temp: 0.0001, Energy: -51.541000+0.000920j
[2025-04-17 01:37:03] Iteration: 460/1000, Temp: 0.0001, Energy: -51.558787+0.002547j
[2025-04-17 01:37:37] Iteration: 461/1000, Temp: 0.0000, Energy: -51.596737-0.001169j
[2025-04-17 01:38:12] Iteration: 462/1000, Temp: 0.0000, Energy: -51.581894+0.006828j
[2025-04-17 01:38:47] Iteration: 463/1000, Temp: 0.0000, Energy: -51.476588-0.000566j
[2025-04-17 01:39:21] Iteration: 464/1000, Temp: 0.0000, Energy: -51.517710-0.007693j
[2025-04-17 01:39:56] Iteration: 465/1000, Temp: 0.0000, Energy: -51.537455-0.005657j
[2025-04-17 01:40:31] Iteration: 466/1000, Temp: 0.0000, Energy: -51.478899+0.000101j
[2025-04-17 01:41:06] Iteration: 467/1000, Temp: 0.0000, Energy: -51.634497+0.003404j
[2025-04-17 01:41:40] Iteration: 468/1000, Temp: 0.0000, Energy: -51.544537-0.007082j
[2025-04-17 01:42:15] Iteration: 469/1000, Temp: 0.0000, Energy: -51.591683+0.009805j
[2025-04-17 01:42:50] Iteration: 470/1000, Temp: 0.0000, Energy: -51.624093-0.000373j
[2025-04-17 01:43:25] Iteration: 471/1000, Temp: 0.0000, Energy: -51.540482-0.000100j
[2025-04-17 01:44:00] Iteration: 472/1000, Temp: 0.0000, Energy: -51.657246+0.006884j
[2025-04-17 01:44:34] Iteration: 473/1000, Temp: 0.0000, Energy: -51.649302-0.004153j
[2025-04-17 01:45:09] Iteration: 474/1000, Temp: 0.0000, Energy: -51.655405-0.002527j
[2025-04-17 01:45:44] Iteration: 475/1000, Temp: 0.0000, Energy: -51.603017-0.005604j
[2025-04-17 01:46:19] Iteration: 476/1000, Temp: 0.0000, Energy: -51.531078+0.002733j
[2025-04-17 01:46:54] Iteration: 477/1000, Temp: 0.0000, Energy: -51.547747+0.000754j
[2025-04-17 01:47:28] Iteration: 478/1000, Temp: 0.0000, Energy: -51.604336-0.005165j
[2025-04-17 01:48:03] Iteration: 479/1000, Temp: 0.0000, Energy: -51.567893-0.002461j
[2025-04-17 01:48:38] Iteration: 480/1000, Temp: 0.0000, Energy: -51.555138+0.001166j
[2025-04-17 01:49:13] Iteration: 481/1000, Temp: 0.0000, Energy: -51.610788+0.005675j
[2025-04-17 01:49:47] Iteration: 482/1000, Temp: 0.0000, Energy: -51.459180+0.003097j
[2025-04-17 01:50:22] Iteration: 483/1000, Temp: 0.0000, Energy: -51.524720+0.008374j
[2025-04-17 01:50:57] Iteration: 484/1000, Temp: 0.0000, Energy: -51.564151+0.002525j
[2025-04-17 01:51:32] Iteration: 485/1000, Temp: 0.0000, Energy: -51.552967-0.002731j
[2025-04-17 01:52:07] Iteration: 486/1000, Temp: 0.0000, Energy: -51.556580+0.007524j
[2025-04-17 01:52:41] Iteration: 487/1000, Temp: 0.0000, Energy: -51.575409+0.000099j
[2025-04-17 01:53:16] Iteration: 488/1000, Temp: 0.0000, Energy: -51.547910+0.002690j
[2025-04-17 01:53:51] Iteration: 489/1000, Temp: 0.0000, Energy: -51.511274+0.002389j
[2025-04-17 01:54:26] Iteration: 490/1000, Temp: 0.0000, Energy: -51.520946-0.001305j
[2025-04-17 01:55:00] Iteration: 491/1000, Temp: 0.0000, Energy: -51.541531-0.001536j
[2025-04-17 01:55:35] Iteration: 492/1000, Temp: 0.0000, Energy: -51.607893+0.008277j
[2025-04-17 01:56:10] Iteration: 493/1000, Temp: 0.0000, Energy: -51.644027+0.000578j
[2025-04-17 01:56:45] Iteration: 494/1000, Temp: 0.0000, Energy: -51.751628-0.004090j
[2025-04-17 01:57:19] Iteration: 495/1000, Temp: 0.0000, Energy: -51.575499+0.000202j
[2025-04-17 01:57:54] Iteration: 496/1000, Temp: 0.0000, Energy: -51.594772-0.004149j
[2025-04-17 01:58:29] Iteration: 497/1000, Temp: 0.0000, Energy: -51.694067-0.002467j
[2025-04-17 01:59:04] Iteration: 498/1000, Temp: 0.0000, Energy: -51.632335+0.000559j
[2025-04-17 01:59:38] Iteration: 499/1000, Temp: 0.0000, Energy: -51.648764-0.000186j
[2025-04-17 02:00:13] Iteration: 500/1000, Temp: 0.0000, Energy: -51.508537+0.002221j
[2025-04-17 02:00:48] Iteration: 501/1000, Temp: 0.0000, Energy: -51.502573-0.000591j
[2025-04-17 02:01:23] Iteration: 502/1000, Temp: 0.0000, Energy: -51.596656+0.001574j
[2025-04-17 02:01:58] Iteration: 503/1000, Temp: 0.0000, Energy: -51.589781+0.002948j
[2025-04-17 02:02:32] Iteration: 504/1000, Temp: 0.0000, Energy: -51.581114-0.014552j
[2025-04-17 02:03:07] Iteration: 505/1000, Temp: 0.0000, Energy: -51.562522+0.012567j
[2025-04-17 02:03:42] Iteration: 506/1000, Temp: 0.0000, Energy: -51.657819-0.000895j
[2025-04-17 02:04:17] Iteration: 507/1000, Temp: 0.0000, Energy: -51.593295+0.002276j
[2025-04-17 02:04:51] Iteration: 508/1000, Temp: 0.0000, Energy: -51.537723+0.003030j
[2025-04-17 02:05:26] Iteration: 509/1000, Temp: 0.0000, Energy: -51.583257+0.003536j
[2025-04-17 02:06:01] Iteration: 510/1000, Temp: 0.0000, Energy: -51.680626-0.001633j
[2025-04-17 02:06:36] Iteration: 511/1000, Temp: 0.0000, Energy: -51.563043+0.012026j
[2025-04-17 02:07:11] Iteration: 512/1000, Temp: 0.0000, Energy: -51.690004-0.003212j
[2025-04-17 02:07:45] Iteration: 513/1000, Temp: 0.0000, Energy: -51.593276-0.003479j
[2025-04-17 02:08:20] Iteration: 514/1000, Temp: 0.0000, Energy: -51.560476+0.002898j
[2025-04-17 02:08:55] Iteration: 515/1000, Temp: 0.0000, Energy: -51.637824-0.001023j
[2025-04-17 02:09:30] Iteration: 516/1000, Temp: 0.0000, Energy: -51.628449+0.000435j
[2025-04-17 02:10:04] Iteration: 517/1000, Temp: 0.0000, Energy: -51.641588+0.009482j
[2025-04-17 02:10:39] Iteration: 518/1000, Temp: 0.0000, Energy: -51.508062-0.001239j
[2025-04-17 02:11:14] Iteration: 519/1000, Temp: 0.0000, Energy: -51.530792-0.010304j
[2025-04-17 02:11:49] Iteration: 520/1000, Temp: 0.0000, Energy: -51.641895-0.003414j
[2025-04-17 02:12:23] Iteration: 521/1000, Temp: 0.0000, Energy: -51.664738-0.003755j
[2025-04-17 02:12:58] Iteration: 522/1000, Temp: 0.0000, Energy: -51.552014-0.003022j
[2025-04-17 02:13:33] Iteration: 523/1000, Temp: 0.0000, Energy: -51.604356-0.006334j
[2025-04-17 02:14:08] Iteration: 524/1000, Temp: 0.0000, Energy: -51.618110-0.001160j
[2025-04-17 02:14:42] Iteration: 525/1000, Temp: 0.0000, Energy: -51.581643+0.005297j
[2025-04-17 02:15:17] Iteration: 526/1000, Temp: 0.0000, Energy: -51.542951-0.000405j
[2025-04-17 02:15:52] Iteration: 527/1000, Temp: 0.0000, Energy: -51.531522-0.000596j
[2025-04-17 02:16:27] Iteration: 528/1000, Temp: 0.0000, Energy: -51.555808-0.009400j
[2025-04-17 02:17:01] Iteration: 529/1000, Temp: 0.0000, Energy: -51.391406-0.001417j
[2025-04-17 02:17:36] Iteration: 530/1000, Temp: 0.0000, Energy: -51.588139-0.007019j
[2025-04-17 02:18:11] Iteration: 531/1000, Temp: 0.0000, Energy: -51.559894-0.001023j
[2025-04-17 02:18:46] Iteration: 532/1000, Temp: 0.0000, Energy: -51.597459-0.001750j
[2025-04-17 02:19:20] Iteration: 533/1000, Temp: 0.0000, Energy: -51.613072-0.002738j
[2025-04-17 02:19:55] Iteration: 534/1000, Temp: 0.0000, Energy: -51.712031+0.009054j
[2025-04-17 02:20:30] Iteration: 535/1000, Temp: 0.0000, Energy: -51.737427+0.007270j
[2025-04-17 02:21:05] Iteration: 536/1000, Temp: 0.0000, Energy: -51.661679-0.000370j
[2025-04-17 02:21:39] Iteration: 537/1000, Temp: 0.0000, Energy: -51.672909-0.000369j
[2025-04-17 02:22:14] Iteration: 538/1000, Temp: 0.0000, Energy: -51.748945+0.004826j
[2025-04-17 02:22:49] Iteration: 539/1000, Temp: 0.0000, Energy: -51.582561-0.009654j
[2025-04-17 02:23:24] Iteration: 540/1000, Temp: 0.0000, Energy: -51.750140+0.004191j
[2025-04-17 02:23:58] Iteration: 541/1000, Temp: 0.0000, Energy: -51.657658-0.001862j
[2025-04-17 02:24:33] Iteration: 542/1000, Temp: 0.0000, Energy: -51.609450+0.002765j
[2025-04-17 02:25:08] Iteration: 543/1000, Temp: 0.0000, Energy: -51.655672-0.004845j
[2025-04-17 02:25:43] Iteration: 544/1000, Temp: 0.0000, Energy: -51.631454-0.004329j
[2025-04-17 02:26:17] Iteration: 545/1000, Temp: 0.0000, Energy: -51.650305+0.002620j
[2025-04-17 02:26:52] Iteration: 546/1000, Temp: 0.0000, Energy: -51.699156+0.002682j
[2025-04-17 02:27:27] Iteration: 547/1000, Temp: 0.0000, Energy: -51.657495-0.001509j
[2025-04-17 02:28:02] Iteration: 548/1000, Temp: 0.0000, Energy: -51.753679+0.006440j
[2025-04-17 02:28:36] Iteration: 549/1000, Temp: 0.0000, Energy: -51.524075+0.007048j
[2025-04-17 02:29:11] Iteration: 550/1000, Temp: 0.0000, Energy: -51.758172+0.000145j
[2025-04-17 02:29:46] Iteration: 551/1000, Temp: 0.0000, Energy: -51.554886-0.000002j
[2025-04-17 02:30:21] Iteration: 552/1000, Temp: 0.0000, Energy: -51.683254+0.003410j
[2025-04-17 02:30:55] Iteration: 553/1000, Temp: 0.0000, Energy: -51.673531+0.000026j
[2025-04-17 02:31:30] Iteration: 554/1000, Temp: 0.0000, Energy: -51.656843-0.008896j
[2025-04-17 02:32:05] Iteration: 555/1000, Temp: 0.0000, Energy: -51.787653-0.009724j
[2025-04-17 02:32:40] Iteration: 556/1000, Temp: 0.0000, Energy: -51.536871-0.001343j
[2025-04-17 02:33:14] Iteration: 557/1000, Temp: 0.0000, Energy: -51.649391+0.006649j
[2025-04-17 02:33:49] Iteration: 558/1000, Temp: 0.0000, Energy: -51.701413-0.002894j
[2025-04-17 02:34:24] Iteration: 559/1000, Temp: 0.0000, Energy: -51.624801+0.000625j
[2025-04-17 02:34:59] Iteration: 560/1000, Temp: 0.0000, Energy: -51.547997-0.002769j
[2025-04-17 02:35:33] Iteration: 561/1000, Temp: 0.0000, Energy: -51.736286-0.005317j
[2025-04-17 02:36:08] Iteration: 562/1000, Temp: 0.0000, Energy: -51.509964+0.000854j
[2025-04-17 02:36:43] Iteration: 563/1000, Temp: 0.0000, Energy: -51.569917-0.003172j
[2025-04-17 02:37:18] Iteration: 564/1000, Temp: 0.0000, Energy: -51.565978+0.003941j
[2025-04-17 02:37:52] Iteration: 565/1000, Temp: 0.0000, Energy: -51.555914+0.004238j
[2025-04-17 02:38:27] Iteration: 566/1000, Temp: 0.0000, Energy: -51.699475+0.008393j
[2025-04-17 02:39:02] Iteration: 567/1000, Temp: 0.0000, Energy: -51.730828+0.000456j
[2025-04-17 02:39:37] Iteration: 568/1000, Temp: 0.0000, Energy: -51.692218-0.002865j
[2025-04-17 02:40:11] Iteration: 569/1000, Temp: 0.0000, Energy: -51.772986+0.000446j
[2025-04-17 02:40:46] Iteration: 570/1000, Temp: 0.0000, Energy: -51.696916-0.001052j
[2025-04-17 02:41:21] Iteration: 571/1000, Temp: 0.0000, Energy: -51.614362-0.005236j
[2025-04-17 02:41:56] Iteration: 572/1000, Temp: 0.0000, Energy: -51.653100+0.000799j
[2025-04-17 02:42:30] Iteration: 573/1000, Temp: 0.0000, Energy: -51.573599-0.001164j
[2025-04-17 02:43:05] Iteration: 574/1000, Temp: 0.0000, Energy: -51.593230-0.001471j
[2025-04-17 02:43:40] Iteration: 575/1000, Temp: 0.0000, Energy: -51.763302+0.003027j
[2025-04-17 02:44:15] Iteration: 576/1000, Temp: 0.0000, Energy: -51.566428-0.000617j
[2025-04-17 02:44:50] Iteration: 577/1000, Temp: 0.0000, Energy: -51.689421+0.002854j
[2025-04-17 02:45:24] Iteration: 578/1000, Temp: 0.0000, Energy: -51.758523+0.002211j
[2025-04-17 02:45:59] Iteration: 579/1000, Temp: 0.0000, Energy: -51.771118-0.002026j
[2025-04-17 02:46:34] Iteration: 580/1000, Temp: 0.0000, Energy: -51.767130+0.000810j
[2025-04-17 02:47:09] Iteration: 581/1000, Temp: 0.0000, Energy: -51.705903-0.001553j
[2025-04-17 02:47:44] Iteration: 582/1000, Temp: 0.0000, Energy: -51.711712+0.001036j
[2025-04-17 02:48:18] Iteration: 583/1000, Temp: 0.0000, Energy: -51.561009-0.004627j
[2025-04-17 02:48:53] Iteration: 584/1000, Temp: 0.0000, Energy: -51.597349-0.006014j
[2025-04-17 02:49:28] Iteration: 585/1000, Temp: 0.0000, Energy: -51.523554+0.005457j
[2025-04-17 02:50:03] Iteration: 586/1000, Temp: 0.0000, Energy: -51.426689+0.000664j
[2025-04-17 02:50:37] Iteration: 587/1000, Temp: 0.0000, Energy: -51.473924-0.000552j
[2025-04-17 02:51:12] Iteration: 588/1000, Temp: 0.0000, Energy: -51.536542-0.000226j
[2025-04-17 02:51:47] Iteration: 589/1000, Temp: 0.0000, Energy: -51.440352-0.005175j
[2025-04-17 02:52:22] Iteration: 590/1000, Temp: 0.0000, Energy: -51.463077+0.009032j
[2025-04-17 02:52:56] Iteration: 591/1000, Temp: 0.0000, Energy: -51.446065+0.001315j
[2025-04-17 02:53:31] Iteration: 592/1000, Temp: 0.0000, Energy: -51.429160+0.002006j
[2025-04-17 02:54:06] Iteration: 593/1000, Temp: 0.0000, Energy: -51.352651+0.003131j
[2025-04-17 02:54:41] Iteration: 594/1000, Temp: 0.0000, Energy: -51.467426+0.006239j
[2025-04-17 02:55:15] Iteration: 595/1000, Temp: 0.0000, Energy: -51.519816+0.000052j
[2025-04-17 02:55:50] Iteration: 596/1000, Temp: 0.0000, Energy: -51.544114+0.002025j
[2025-04-17 02:56:25] Iteration: 597/1000, Temp: 0.0000, Energy: -51.588860-0.000721j
[2025-04-17 02:57:00] Iteration: 598/1000, Temp: 0.0000, Energy: -51.650055-0.004239j
[2025-04-17 02:57:34] Iteration: 599/1000, Temp: 0.0000, Energy: -51.485432-0.004684j
[2025-04-17 02:58:09] Iteration: 600/1000, Temp: 0.0000, Energy: -51.566171+0.007835j
[2025-04-17 02:58:44] Iteration: 601/1000, Temp: 0.0000, Energy: -51.545555+0.001915j
[2025-04-17 02:59:19] Iteration: 602/1000, Temp: 0.0000, Energy: -51.593483+0.000870j
[2025-04-17 02:59:53] Iteration: 603/1000, Temp: 0.0000, Energy: -51.611816-0.007506j
[2025-04-17 03:00:28] Iteration: 604/1000, Temp: 0.0000, Energy: -51.583887+0.000137j
[2025-04-17 03:01:03] Iteration: 605/1000, Temp: 0.0000, Energy: -51.521798+0.000028j
[2025-04-17 03:01:38] Iteration: 606/1000, Temp: 0.0000, Energy: -51.472650+0.006964j
[2025-04-17 03:02:12] Iteration: 607/1000, Temp: 0.0000, Energy: -51.613330+0.005261j
[2025-04-17 03:02:47] Iteration: 608/1000, Temp: 0.0000, Energy: -51.623831-0.005040j
[2025-04-17 03:03:22] Iteration: 609/1000, Temp: 0.0000, Energy: -51.593493-0.009019j
[2025-04-17 03:03:57] Iteration: 610/1000, Temp: 0.0000, Energy: -51.662388-0.006825j
[2025-04-17 03:04:31] Iteration: 611/1000, Temp: 0.0000, Energy: -51.597128+0.001786j
[2025-04-17 03:05:06] Iteration: 612/1000, Temp: 0.0000, Energy: -51.632696+0.000604j
[2025-04-17 03:05:41] Iteration: 613/1000, Temp: 0.0000, Energy: -51.524148+0.002279j
[2025-04-17 03:06:16] Iteration: 614/1000, Temp: 0.0000, Energy: -51.615791-0.000352j
[2025-04-17 03:06:51] Iteration: 615/1000, Temp: 0.0000, Energy: -51.662535+0.002515j
[2025-04-17 03:07:25] Iteration: 616/1000, Temp: 0.0000, Energy: -51.664072+0.002162j
[2025-04-17 03:08:00] Iteration: 617/1000, Temp: 0.0000, Energy: -51.600280+0.006843j
[2025-04-17 03:08:35] Iteration: 618/1000, Temp: 0.0000, Energy: -51.604467-0.000534j
[2025-04-17 03:09:10] Iteration: 619/1000, Temp: 0.0000, Energy: -51.647567-0.002866j
[2025-04-17 03:09:44] Iteration: 620/1000, Temp: 0.0000, Energy: -51.680715+0.005835j
[2025-04-17 03:10:19] Iteration: 621/1000, Temp: 0.0000, Energy: -51.745183+0.003924j
[2025-04-17 03:10:54] Iteration: 622/1000, Temp: 0.0000, Energy: -51.662608+0.000701j
[2025-04-17 03:11:29] Iteration: 623/1000, Temp: 0.0000, Energy: -51.737848-0.004635j
[2025-04-17 03:12:04] Iteration: 624/1000, Temp: 0.0000, Energy: -51.550130-0.008302j
[2025-04-17 03:12:38] Iteration: 625/1000, Temp: 0.0000, Energy: -51.602221+0.001036j
[2025-04-17 03:13:13] Iteration: 626/1000, Temp: 0.0000, Energy: -51.601195+0.003740j
[2025-04-17 03:13:48] Iteration: 627/1000, Temp: 0.0000, Energy: -51.753998+0.000353j
[2025-04-17 03:14:23] Iteration: 628/1000, Temp: 0.0000, Energy: -51.463823-0.001925j
[2025-04-17 03:14:57] Iteration: 629/1000, Temp: 0.0000, Energy: -51.518511-0.002017j
[2025-04-17 03:15:32] Iteration: 630/1000, Temp: 0.0000, Energy: -51.619273+0.001730j
[2025-04-17 03:16:07] Iteration: 631/1000, Temp: 0.0000, Energy: -51.396710-0.001420j
[2025-04-17 03:16:42] Iteration: 632/1000, Temp: 0.0000, Energy: -51.367299-0.003309j
[2025-04-17 03:17:16] Iteration: 633/1000, Temp: 0.0000, Energy: -51.603891-0.002397j
[2025-04-17 03:17:51] Iteration: 634/1000, Temp: 0.0000, Energy: -51.583352-0.007323j
[2025-04-17 03:18:26] Iteration: 635/1000, Temp: 0.0000, Energy: -51.516272+0.006009j
[2025-04-17 03:19:01] Iteration: 636/1000, Temp: 0.0000, Energy: -51.730896+0.003908j
[2025-04-17 03:19:36] Iteration: 637/1000, Temp: 0.0000, Energy: -51.593979+0.001432j
[2025-04-17 03:20:10] Iteration: 638/1000, Temp: 0.0000, Energy: -51.581898-0.005495j
[2025-04-17 03:20:45] Iteration: 639/1000, Temp: 0.0000, Energy: -51.662897+0.002861j
[2025-04-17 03:21:20] Iteration: 640/1000, Temp: 0.0000, Energy: -51.664506+0.005009j
[2025-04-17 03:21:55] Iteration: 641/1000, Temp: 0.0000, Energy: -51.581530+0.000068j
[2025-04-17 03:22:29] Iteration: 642/1000, Temp: 0.0000, Energy: -51.597997+0.002618j
[2025-04-17 03:23:04] Iteration: 643/1000, Temp: 0.0000, Energy: -51.627307+0.001732j
[2025-04-17 03:23:39] Iteration: 644/1000, Temp: 0.0000, Energy: -51.524401+0.004121j
[2025-04-17 03:24:14] Iteration: 645/1000, Temp: 0.0000, Energy: -51.376137+0.001775j
[2025-04-17 03:24:48] Iteration: 646/1000, Temp: 0.0000, Energy: -51.616515-0.000383j
[2025-04-17 03:25:23] Iteration: 647/1000, Temp: 0.0000, Energy: -51.595577-0.000631j
[2025-04-17 03:25:58] Iteration: 648/1000, Temp: 0.0000, Energy: -51.614715+0.003699j
[2025-04-17 03:26:33] Iteration: 649/1000, Temp: 0.0000, Energy: -51.599861-0.000703j
[2025-04-17 03:27:07] Iteration: 650/1000, Temp: 0.0000, Energy: -51.658611+0.000207j
[2025-04-17 03:27:42] Iteration: 651/1000, Temp: 0.0000, Energy: -51.666438+0.000843j
[2025-04-17 03:28:17] Iteration: 652/1000, Temp: 0.0000, Energy: -51.550400-0.008586j
[2025-04-17 03:28:52] Iteration: 653/1000, Temp: 0.0000, Energy: -51.552027+0.009886j
[2025-04-17 03:29:26] Iteration: 654/1000, Temp: 0.0000, Energy: -51.425143-0.001807j
[2025-04-17 03:30:01] Iteration: 655/1000, Temp: 0.0000, Energy: -51.602312-0.003089j
[2025-04-17 03:30:36] Iteration: 656/1000, Temp: 0.0000, Energy: -51.641385+0.001739j
[2025-04-17 03:31:11] Iteration: 657/1000, Temp: 0.0000, Energy: -51.642555-0.000034j
[2025-04-17 03:31:45] Iteration: 658/1000, Temp: 0.0000, Energy: -51.515001-0.004036j
[2025-04-17 03:32:20] Iteration: 659/1000, Temp: 0.0000, Energy: -51.506333+0.001344j
[2025-04-17 03:32:55] Iteration: 660/1000, Temp: 0.0000, Energy: -51.707478-0.002501j
[2025-04-17 03:33:30] Iteration: 661/1000, Temp: 0.0000, Energy: -51.632758-0.001633j
[2025-04-17 03:34:05] Iteration: 662/1000, Temp: 0.0000, Energy: -51.622572+0.004262j
[2025-04-17 03:34:39] Iteration: 663/1000, Temp: 0.0000, Energy: -51.661610+0.002643j
[2025-04-17 03:35:14] Iteration: 664/1000, Temp: 0.0000, Energy: -51.710928+0.005116j
[2025-04-17 03:35:49] Iteration: 665/1000, Temp: 0.0000, Energy: -51.637990-0.003334j
[2025-04-17 03:36:24] Iteration: 666/1000, Temp: 0.0000, Energy: -51.518139-0.004552j
[2025-04-17 03:36:59] Iteration: 667/1000, Temp: 0.0000, Energy: -51.597807-0.007993j
[2025-04-17 03:37:33] Iteration: 668/1000, Temp: 0.0000, Energy: -51.613539+0.001589j
[2025-04-17 03:38:08] Iteration: 669/1000, Temp: 0.0000, Energy: -51.638500+0.002787j
[2025-04-17 03:38:43] Iteration: 670/1000, Temp: 0.0000, Energy: -51.660009+0.002541j
[2025-04-17 03:39:18] Iteration: 671/1000, Temp: 0.0000, Energy: -51.634254-0.003120j
[2025-04-17 03:39:52] Iteration: 672/1000, Temp: 0.0000, Energy: -51.515535-0.000103j
[2025-04-17 03:40:27] Iteration: 673/1000, Temp: 0.0000, Energy: -51.497038-0.001464j
[2025-04-17 03:41:02] Iteration: 674/1000, Temp: 0.0000, Energy: -51.725038-0.006056j
[2025-04-17 03:41:37] Iteration: 675/1000, Temp: 0.0000, Energy: -51.511571-0.001946j
[2025-04-17 03:42:11] Iteration: 676/1000, Temp: 0.0000, Energy: -51.580120+0.004464j
[2025-04-17 03:42:46] Iteration: 677/1000, Temp: 0.0000, Energy: -51.543719-0.002720j
[2025-04-17 03:43:21] Iteration: 678/1000, Temp: 0.0000, Energy: -51.591993-0.001590j
[2025-04-17 03:43:56] Iteration: 679/1000, Temp: 0.0000, Energy: -51.611320+0.003841j
[2025-04-17 03:44:30] Iteration: 680/1000, Temp: 0.0000, Energy: -51.719636-0.001573j
[2025-04-17 03:45:05] Iteration: 681/1000, Temp: 0.0000, Energy: -51.678094-0.001484j
[2025-04-17 03:45:40] Iteration: 682/1000, Temp: 0.0000, Energy: -51.654749-0.009596j
[2025-04-17 03:46:15] Iteration: 683/1000, Temp: 0.0000, Energy: -51.654250+0.001446j
[2025-04-17 03:46:49] Iteration: 684/1000, Temp: 0.0000, Energy: -51.694507+0.001139j
[2025-04-17 03:47:24] Iteration: 685/1000, Temp: 0.0000, Energy: -51.605658+0.002335j
[2025-04-17 03:47:59] Iteration: 686/1000, Temp: 0.0000, Energy: -51.611020+0.000481j
[2025-04-17 03:48:34] Iteration: 687/1000, Temp: 0.0000, Energy: -51.611040-0.001562j
[2025-04-17 03:49:09] Iteration: 688/1000, Temp: 0.0000, Energy: -51.723208-0.001878j
[2025-04-17 03:49:43] Iteration: 689/1000, Temp: 0.0000, Energy: -51.543808-0.000939j
[2025-04-17 03:50:18] Iteration: 690/1000, Temp: 0.0000, Energy: -51.752809-0.012637j
[2025-04-17 03:50:53] Iteration: 691/1000, Temp: 0.0000, Energy: -51.741119-0.009486j
[2025-04-17 03:51:28] Iteration: 692/1000, Temp: 0.0000, Energy: -51.677685-0.003560j
[2025-04-17 03:52:02] Iteration: 693/1000, Temp: 0.0000, Energy: -51.679789+0.000339j
[2025-04-17 03:52:37] Iteration: 694/1000, Temp: 0.0000, Energy: -51.582363+0.001309j
[2025-04-17 03:53:12] Iteration: 695/1000, Temp: 0.0000, Energy: -51.670491+0.002594j
[2025-04-17 03:53:47] Iteration: 696/1000, Temp: 0.0000, Energy: -51.615500-0.004424j
[2025-04-17 03:54:21] Iteration: 697/1000, Temp: 0.0000, Energy: -51.621766+0.001389j
[2025-04-17 03:54:56] Iteration: 698/1000, Temp: 0.0000, Energy: -51.654405-0.000407j
[2025-04-17 03:55:31] Iteration: 699/1000, Temp: 0.0000, Energy: -51.649844+0.003405j
[2025-04-17 03:56:06] Iteration: 700/1000, Temp: 0.0000, Energy: -51.675361+0.000741j
[2025-04-17 03:56:41] Iteration: 701/1000, Temp: 0.0000, Energy: -51.625534+0.000272j
[2025-04-17 03:57:15] Iteration: 702/1000, Temp: 0.0000, Energy: -51.556479+0.001490j
[2025-04-17 03:57:50] Iteration: 703/1000, Temp: 0.0000, Energy: -51.538480+0.002591j
[2025-04-17 03:58:25] Iteration: 704/1000, Temp: 0.0000, Energy: -51.716335-0.003369j
[2025-04-17 03:59:00] Iteration: 705/1000, Temp: 0.0000, Energy: -51.858541+0.002447j
[2025-04-17 03:59:34] Iteration: 706/1000, Temp: 0.0000, Energy: -51.903271-0.007319j
[2025-04-17 04:00:09] Iteration: 707/1000, Temp: 0.0000, Energy: -51.691997-0.000919j
[2025-04-17 04:00:44] Iteration: 708/1000, Temp: 0.0000, Energy: -51.779457+0.000712j
[2025-04-17 04:01:19] Iteration: 709/1000, Temp: 0.0000, Energy: -51.683839-0.002743j
[2025-04-17 04:01:53] Iteration: 710/1000, Temp: 0.0000, Energy: -51.572938-0.004516j
[2025-04-17 04:02:28] Iteration: 711/1000, Temp: 0.0000, Energy: -51.514288+0.002621j
[2025-04-17 04:03:03] Iteration: 712/1000, Temp: 0.0000, Energy: -51.630682-0.001004j
[2025-04-17 04:03:38] Iteration: 713/1000, Temp: 0.0000, Energy: -51.681909+0.000379j
[2025-04-17 04:04:12] Iteration: 714/1000, Temp: 0.0000, Energy: -51.646898-0.000152j
[2025-04-17 04:04:47] Iteration: 715/1000, Temp: 0.0000, Energy: -51.787289+0.001711j
[2025-04-17 04:05:22] Iteration: 716/1000, Temp: 0.0000, Energy: -51.690688+0.003607j
[2025-04-17 04:05:57] Iteration: 717/1000, Temp: 0.0000, Energy: -51.597543+0.001295j
[2025-04-17 04:06:31] Iteration: 718/1000, Temp: 0.0000, Energy: -51.588841-0.001559j
[2025-04-17 04:07:06] Iteration: 719/1000, Temp: 0.0000, Energy: -51.473187+0.000558j
[2025-04-17 04:07:41] Iteration: 720/1000, Temp: 0.0000, Energy: -51.490850+0.006562j
[2025-04-17 04:08:16] Iteration: 721/1000, Temp: 0.0000, Energy: -51.556869+0.003638j
[2025-04-17 04:08:50] Iteration: 722/1000, Temp: 0.0000, Energy: -51.494691-0.001269j
[2025-04-17 04:09:25] Iteration: 723/1000, Temp: 0.0000, Energy: -51.554976+0.000561j
[2025-04-17 04:10:00] Iteration: 724/1000, Temp: 0.0000, Energy: -51.653035-0.007921j
[2025-04-17 04:10:35] Iteration: 725/1000, Temp: 0.0000, Energy: -51.718806+0.006864j
[2025-04-17 04:11:09] Iteration: 726/1000, Temp: 0.0000, Energy: -51.734647-0.008398j
[2025-04-17 04:11:44] Iteration: 727/1000, Temp: 0.0000, Energy: -51.742299+0.002479j
[2025-04-17 04:12:19] Iteration: 728/1000, Temp: 0.0000, Energy: -51.681037+0.004524j
[2025-04-17 04:12:54] Iteration: 729/1000, Temp: 0.0000, Energy: -51.634462+0.001322j
[2025-04-17 04:13:28] Iteration: 730/1000, Temp: 0.0000, Energy: -51.671086-0.001583j
[2025-04-17 04:14:03] Iteration: 731/1000, Temp: 0.0000, Energy: -51.621550+0.009816j
[2025-04-17 04:14:38] Iteration: 732/1000, Temp: 0.0000, Energy: -51.625573+0.001010j
[2025-04-17 04:15:13] Iteration: 733/1000, Temp: 0.0000, Energy: -51.739907-0.006363j
[2025-04-17 04:15:47] Iteration: 734/1000, Temp: 0.0000, Energy: -51.664658+0.000620j
[2025-04-17 04:16:22] Iteration: 735/1000, Temp: 0.0000, Energy: -51.643442-0.001612j
[2025-04-17 04:16:57] Iteration: 736/1000, Temp: 0.0000, Energy: -51.647323-0.004615j
[2025-04-17 04:17:32] Iteration: 737/1000, Temp: 0.0000, Energy: -51.708124-0.001765j
[2025-04-17 04:18:06] Iteration: 738/1000, Temp: 0.0000, Energy: -51.662868+0.006179j
[2025-04-17 04:18:41] Iteration: 739/1000, Temp: 0.0000, Energy: -51.701664-0.004517j
[2025-04-17 04:19:16] Iteration: 740/1000, Temp: 0.0000, Energy: -51.665027+0.000092j
[2025-04-17 04:19:50] Iteration: 741/1000, Temp: 0.0000, Energy: -51.707955-0.006532j
[2025-04-17 04:20:25] Iteration: 742/1000, Temp: 0.0000, Energy: -51.763840-0.006934j
[2025-04-17 04:21:00] Iteration: 743/1000, Temp: 0.0000, Energy: -51.647976+0.002992j
[2025-04-17 04:21:35] Iteration: 744/1000, Temp: 0.0000, Energy: -51.580000+0.000503j
[2025-04-17 04:22:09] Iteration: 745/1000, Temp: 0.0000, Energy: -51.637052-0.004125j
[2025-04-17 04:22:44] Iteration: 746/1000, Temp: 0.0000, Energy: -51.698022-0.005629j
[2025-04-17 04:23:19] Iteration: 747/1000, Temp: 0.0000, Energy: -51.708249+0.003336j
[2025-04-17 04:23:54] Iteration: 748/1000, Temp: 0.0000, Energy: -51.559969-0.014265j
[2025-04-17 04:24:29] Iteration: 749/1000, Temp: 0.0000, Energy: -51.646886-0.002490j
[2025-04-17 04:25:03] Iteration: 750/1000, Temp: 0.0000, Energy: -51.677633-0.005078j
[2025-04-17 04:25:38] Iteration: 751/1000, Temp: 0.0000, Energy: -51.612249-0.000296j
[2025-04-17 04:26:13] Iteration: 752/1000, Temp: 0.0000, Energy: -51.607485-0.005247j
[2025-04-17 04:26:48] Iteration: 753/1000, Temp: 0.0000, Energy: -51.652467-0.003489j
[2025-04-17 04:27:22] Iteration: 754/1000, Temp: 0.0000, Energy: -51.633630+0.004512j
[2025-04-17 04:27:57] Iteration: 755/1000, Temp: 0.0000, Energy: -51.743894+0.000341j
[2025-04-17 04:28:32] Iteration: 756/1000, Temp: 0.0000, Energy: -51.662673+0.002090j
[2025-04-17 04:29:07] Iteration: 757/1000, Temp: 0.0000, Energy: -51.581063-0.016045j
[2025-04-17 04:29:41] Iteration: 758/1000, Temp: 0.0000, Energy: -51.541410-0.005083j
[2025-04-17 04:30:16] Iteration: 759/1000, Temp: 0.0000, Energy: -51.516920-0.006320j
[2025-04-17 04:30:51] Iteration: 760/1000, Temp: 0.0000, Energy: -51.482835-0.012078j
[2025-04-17 04:31:26] Iteration: 761/1000, Temp: 0.0000, Energy: -51.527161-0.002889j
[2025-04-17 04:32:00] Iteration: 762/1000, Temp: 0.0000, Energy: -51.465439-0.005257j
[2025-04-17 04:32:35] Iteration: 763/1000, Temp: 0.0000, Energy: -51.569710-0.004732j
[2025-04-17 04:33:10] Iteration: 764/1000, Temp: 0.0000, Energy: -51.588074-0.004516j
[2025-04-17 04:33:45] Iteration: 765/1000, Temp: 0.0000, Energy: -51.566670-0.000721j
[2025-04-17 04:34:19] Iteration: 766/1000, Temp: 0.0000, Energy: -51.658760-0.004441j
[2025-04-17 04:34:54] Iteration: 767/1000, Temp: 0.0000, Energy: -51.636693+0.000641j
[2025-04-17 04:35:29] Iteration: 768/1000, Temp: 0.0000, Energy: -51.646761-0.000169j
[2025-04-17 04:36:03] Iteration: 769/1000, Temp: 0.0000, Energy: -51.615121-0.011573j
[2025-04-17 04:36:38] Iteration: 770/1000, Temp: 0.0000, Energy: -51.681634+0.004778j
[2025-04-17 04:37:13] Iteration: 771/1000, Temp: 0.0000, Energy: -51.717820-0.001621j
[2025-04-17 04:37:48] Iteration: 772/1000, Temp: 0.0000, Energy: -51.640544+0.001909j
[2025-04-17 04:38:22] Iteration: 773/1000, Temp: 0.0000, Energy: -51.537181-0.002784j
[2025-04-17 04:38:57] Iteration: 774/1000, Temp: 0.0000, Energy: -51.707208+0.007477j
[2025-04-17 04:39:32] Iteration: 775/1000, Temp: 0.0000, Energy: -51.663313+0.000900j
[2025-04-17 04:40:07] Iteration: 776/1000, Temp: 0.0000, Energy: -51.568785+0.002653j
[2025-04-17 04:40:42] Iteration: 777/1000, Temp: 0.0000, Energy: -51.573200-0.000788j
[2025-04-17 04:41:16] Iteration: 778/1000, Temp: 0.0000, Energy: -51.717013+0.005633j
[2025-04-17 04:41:51] Iteration: 779/1000, Temp: 0.0000, Energy: -51.741384-0.001335j
[2025-04-17 04:42:26] Iteration: 780/1000, Temp: 0.0000, Energy: -51.537797-0.000927j
[2025-04-17 04:43:01] Iteration: 781/1000, Temp: 0.0000, Energy: -51.575692-0.003515j
[2025-04-17 04:43:35] Iteration: 782/1000, Temp: 0.0000, Energy: -51.679843-0.012348j
[2025-04-17 04:44:10] Iteration: 783/1000, Temp: 0.0000, Energy: -51.455605-0.001707j
[2025-04-17 04:44:45] Iteration: 784/1000, Temp: 0.0000, Energy: -51.588627+0.001404j
[2025-04-17 04:45:20] Iteration: 785/1000, Temp: 0.0000, Energy: -51.666111-0.001526j
[2025-04-17 04:45:54] Iteration: 786/1000, Temp: 0.0000, Energy: -51.667200+0.003363j
[2025-04-17 04:46:29] Iteration: 787/1000, Temp: 0.0000, Energy: -51.606559-0.009221j
[2025-04-17 04:47:04] Iteration: 788/1000, Temp: 0.0000, Energy: -51.602730-0.005842j
[2025-04-17 04:47:39] Iteration: 789/1000, Temp: 0.0000, Energy: -51.531157-0.001179j
[2025-04-17 04:48:14] Iteration: 790/1000, Temp: 0.0000, Energy: -51.692440+0.001117j
[2025-04-17 04:48:48] Iteration: 791/1000, Temp: 0.0000, Energy: -51.681878-0.001617j
[2025-04-17 04:49:23] Iteration: 792/1000, Temp: 0.0000, Energy: -51.692647+0.007778j
[2025-04-17 04:49:58] Iteration: 793/1000, Temp: 0.0000, Energy: -51.579530-0.001871j
[2025-04-17 04:50:33] Iteration: 794/1000, Temp: 0.0000, Energy: -51.567193-0.001679j
[2025-04-17 04:51:07] Iteration: 795/1000, Temp: 0.0000, Energy: -51.639653-0.000309j
[2025-04-17 04:51:42] Iteration: 796/1000, Temp: 0.0000, Energy: -51.648255-0.007564j
[2025-04-17 04:52:17] Iteration: 797/1000, Temp: 0.0000, Energy: -51.698171-0.007477j
[2025-04-17 04:52:52] Iteration: 798/1000, Temp: 0.0000, Energy: -51.667010-0.004882j
[2025-04-17 04:53:26] Iteration: 799/1000, Temp: 0.0000, Energy: -51.720779-0.002332j
[2025-04-17 04:54:01] Iteration: 800/1000, Temp: 0.0000, Energy: -51.681727+0.002859j
[2025-04-17 04:54:36] Iteration: 801/1000, Temp: 0.0000, Energy: -51.577623-0.000557j
[2025-04-17 04:55:11] Iteration: 802/1000, Temp: 0.0000, Energy: -51.520241+0.003856j
[2025-04-17 04:55:45] Iteration: 803/1000, Temp: 0.0000, Energy: -51.604617+0.005544j
[2025-04-17 04:56:20] Iteration: 804/1000, Temp: 0.0000, Energy: -51.733038+0.001441j
[2025-04-17 04:56:55] Iteration: 805/1000, Temp: 0.0000, Energy: -51.744111-0.003068j
[2025-04-17 04:57:30] Iteration: 806/1000, Temp: 0.0000, Energy: -51.690190-0.008321j
[2025-04-17 04:58:04] Iteration: 807/1000, Temp: 0.0000, Energy: -51.684270-0.003147j
[2025-04-17 04:58:39] Iteration: 808/1000, Temp: 0.0000, Energy: -51.512922+0.004173j
[2025-04-17 04:59:14] Iteration: 809/1000, Temp: 0.0000, Energy: -51.590688+0.000085j
[2025-04-17 04:59:49] Iteration: 810/1000, Temp: 0.0000, Energy: -51.634795-0.000431j
[2025-04-17 05:00:24] Iteration: 811/1000, Temp: 0.0000, Energy: -51.659228-0.003145j
[2025-04-17 05:00:58] Iteration: 812/1000, Temp: 0.0000, Energy: -51.730631-0.001402j
[2025-04-17 05:01:33] Iteration: 813/1000, Temp: 0.0000, Energy: -51.620829-0.000529j
[2025-04-17 05:02:08] Iteration: 814/1000, Temp: 0.0000, Energy: -51.650027+0.007283j
[2025-04-17 05:02:43] Iteration: 815/1000, Temp: 0.0000, Energy: -51.601582+0.000708j
[2025-04-17 05:03:17] Iteration: 816/1000, Temp: 0.0000, Energy: -51.548833-0.010006j
[2025-04-17 05:03:52] Iteration: 817/1000, Temp: 0.0000, Energy: -51.651854+0.005135j
[2025-04-17 05:04:27] Iteration: 818/1000, Temp: 0.0000, Energy: -51.571778-0.003817j
[2025-04-17 05:05:02] Iteration: 819/1000, Temp: 0.0000, Energy: -51.634916-0.003517j
[2025-04-17 05:05:37] Iteration: 820/1000, Temp: 0.0000, Energy: -51.617884+0.006039j
[2025-04-17 05:06:11] Iteration: 821/1000, Temp: 0.0000, Energy: -51.682989+0.001112j
[2025-04-17 05:06:46] Iteration: 822/1000, Temp: 0.0000, Energy: -51.577893-0.006452j
[2025-04-17 05:07:21] Iteration: 823/1000, Temp: 0.0000, Energy: -51.636748+0.005455j
[2025-04-17 05:07:55] Iteration: 824/1000, Temp: 0.0000, Energy: -51.599377+0.005475j
[2025-04-17 05:08:30] Iteration: 825/1000, Temp: 0.0000, Energy: -51.736522-0.000389j
[2025-04-17 05:09:05] Iteration: 826/1000, Temp: 0.0000, Energy: -51.567205+0.005240j
[2025-04-17 05:09:40] Iteration: 827/1000, Temp: 0.0000, Energy: -51.574349+0.004929j
[2025-04-17 05:10:14] Iteration: 828/1000, Temp: 0.0000, Energy: -51.662186+0.001414j
[2025-04-17 05:10:49] Iteration: 829/1000, Temp: 0.0000, Energy: -51.661463-0.003165j
[2025-04-17 05:11:24] Iteration: 830/1000, Temp: 0.0000, Energy: -51.607828-0.003288j
[2025-04-17 05:11:59] Iteration: 831/1000, Temp: 0.0000, Energy: -51.775540+0.003619j
[2025-04-17 05:12:33] Iteration: 832/1000, Temp: 0.0000, Energy: -51.716063+0.000732j
[2025-04-17 05:13:08] Iteration: 833/1000, Temp: 0.0000, Energy: -51.678829+0.001710j
[2025-04-17 05:13:43] Iteration: 834/1000, Temp: 0.0000, Energy: -51.666367-0.007092j
[2025-04-17 05:14:18] Iteration: 835/1000, Temp: 0.0000, Energy: -51.565687-0.001739j
[2025-04-17 05:14:52] Iteration: 836/1000, Temp: 0.0000, Energy: -51.715444+0.000781j
[2025-04-17 05:15:27] Iteration: 837/1000, Temp: 0.0000, Energy: -51.666411-0.001709j
[2025-04-17 05:16:02] Iteration: 838/1000, Temp: 0.0000, Energy: -51.548266+0.003480j
[2025-04-17 05:16:37] Iteration: 839/1000, Temp: 0.0000, Energy: -51.534600+0.003324j
[2025-04-17 05:17:11] Iteration: 840/1000, Temp: 0.0000, Energy: -51.477054-0.001878j
[2025-04-17 05:17:46] Iteration: 841/1000, Temp: 0.0000, Energy: -51.566608-0.000383j
[2025-04-17 05:18:21] Iteration: 842/1000, Temp: 0.0000, Energy: -51.665326+0.005052j
[2025-04-17 05:18:56] Iteration: 843/1000, Temp: 0.0000, Energy: -51.644460-0.002235j
[2025-04-17 05:19:30] Iteration: 844/1000, Temp: 0.0000, Energy: -51.773753-0.002789j
[2025-04-17 05:20:05] Iteration: 845/1000, Temp: 0.0000, Energy: -51.674048+0.004645j
[2025-04-17 05:20:40] Iteration: 846/1000, Temp: 0.0000, Energy: -51.587966+0.000741j
[2025-04-17 05:21:15] Iteration: 847/1000, Temp: 0.0000, Energy: -51.558696-0.001553j
[2025-04-17 05:21:49] Iteration: 848/1000, Temp: 0.0000, Energy: -51.489052+0.003217j
[2025-04-17 05:22:24] Iteration: 849/1000, Temp: 0.0000, Energy: -51.580229-0.000816j
[2025-04-17 05:22:59] Iteration: 850/1000, Temp: 0.0000, Energy: -51.577823+0.002257j
[2025-04-17 05:23:34] Iteration: 851/1000, Temp: 0.0000, Energy: -51.643515+0.000855j
[2025-04-17 05:24:09] Iteration: 852/1000, Temp: 0.0000, Energy: -51.669800-0.000524j
[2025-04-17 05:24:43] Iteration: 853/1000, Temp: 0.0000, Energy: -51.791653-0.004358j
[2025-04-17 05:25:18] Iteration: 854/1000, Temp: 0.0000, Energy: -51.663940-0.000418j
[2025-04-17 05:25:53] Iteration: 855/1000, Temp: 0.0000, Energy: -51.546793+0.004804j
[2025-04-17 05:26:28] Iteration: 856/1000, Temp: 0.0000, Energy: -51.601180-0.001219j
[2025-04-17 05:27:02] Iteration: 857/1000, Temp: 0.0000, Energy: -51.497595+0.007239j
[2025-04-17 05:27:37] Iteration: 858/1000, Temp: 0.0000, Energy: -51.588555-0.002907j
[2025-04-17 05:28:12] Iteration: 859/1000, Temp: 0.0000, Energy: -51.661671+0.005143j
[2025-04-17 05:28:47] Iteration: 860/1000, Temp: 0.0000, Energy: -51.751942+0.000372j
[2025-04-17 05:29:21] Iteration: 861/1000, Temp: 0.0000, Energy: -51.746158-0.003521j
[2025-04-17 05:29:56] Iteration: 862/1000, Temp: 0.0000, Energy: -51.720900+0.002812j
[2025-04-17 05:30:31] Iteration: 863/1000, Temp: 0.0000, Energy: -51.599327+0.003099j
[2025-04-17 05:31:06] Iteration: 864/1000, Temp: 0.0000, Energy: -51.713691-0.001024j
[2025-04-17 05:31:40] Iteration: 865/1000, Temp: 0.0000, Energy: -51.619349-0.005974j
[2025-04-17 05:32:15] Iteration: 866/1000, Temp: 0.0000, Energy: -51.616751-0.000922j
[2025-04-17 05:32:50] Iteration: 867/1000, Temp: 0.0000, Energy: -51.651203+0.003721j
[2025-04-17 05:33:25] Iteration: 868/1000, Temp: 0.0000, Energy: -51.706766+0.001901j
[2025-04-17 05:33:59] Iteration: 869/1000, Temp: 0.0000, Energy: -51.617971+0.006588j
[2025-04-17 05:34:34] Iteration: 870/1000, Temp: 0.0000, Energy: -51.556345+0.005203j
[2025-04-17 05:35:09] Iteration: 871/1000, Temp: 0.0000, Energy: -51.637072-0.000633j
[2025-04-17 05:35:44] Iteration: 872/1000, Temp: 0.0000, Energy: -51.612821-0.000074j
[2025-04-17 05:36:18] Iteration: 873/1000, Temp: 0.0000, Energy: -51.708055-0.005309j
[2025-04-17 05:36:53] Iteration: 874/1000, Temp: 0.0000, Energy: -51.723726-0.005302j
[2025-04-17 05:37:28] Iteration: 875/1000, Temp: 0.0000, Energy: -51.652362+0.005360j
[2025-04-17 05:38:03] Iteration: 876/1000, Temp: 0.0000, Energy: -51.662098-0.001384j
[2025-04-17 05:38:37] Iteration: 877/1000, Temp: 0.0000, Energy: -51.713956+0.000011j
[2025-04-17 05:39:12] Iteration: 878/1000, Temp: 0.0000, Energy: -51.643242-0.006551j
[2025-04-17 05:39:47] Iteration: 879/1000, Temp: 0.0000, Energy: -51.675849+0.006426j
[2025-04-17 05:40:22] Iteration: 880/1000, Temp: 0.0000, Energy: -51.620372-0.007935j
[2025-04-17 05:40:56] Iteration: 881/1000, Temp: 0.0000, Energy: -51.671988+0.003437j
[2025-04-17 05:41:31] Iteration: 882/1000, Temp: 0.0000, Energy: -51.608452-0.002360j
[2025-04-17 05:42:06] Iteration: 883/1000, Temp: 0.0000, Energy: -51.591755+0.002736j
[2025-04-17 05:42:41] Iteration: 884/1000, Temp: 0.0000, Energy: -51.688290+0.001878j
[2025-04-17 05:43:15] Iteration: 885/1000, Temp: 0.0000, Energy: -51.627967+0.002895j
[2025-04-17 05:43:50] Iteration: 886/1000, Temp: 0.0000, Energy: -51.551794-0.001633j
[2025-04-17 05:44:25] Iteration: 887/1000, Temp: 0.0000, Energy: -51.526272-0.003392j
[2025-04-17 05:45:00] Iteration: 888/1000, Temp: 0.0000, Energy: -51.607281-0.001094j
[2025-04-17 05:45:34] Iteration: 889/1000, Temp: 0.0000, Energy: -51.588996+0.000772j
[2025-04-17 05:46:09] Iteration: 890/1000, Temp: 0.0000, Energy: -51.668285+0.004966j
[2025-04-17 05:46:44] Iteration: 891/1000, Temp: 0.0000, Energy: -51.658368-0.001506j
[2025-04-17 05:47:19] Iteration: 892/1000, Temp: 0.0000, Energy: -51.733308+0.002091j
[2025-04-17 05:47:53] Iteration: 893/1000, Temp: 0.0000, Energy: -51.640401+0.003231j
[2025-04-17 05:48:28] Iteration: 894/1000, Temp: 0.0000, Energy: -51.573904+0.000441j
[2025-04-17 05:49:03] Iteration: 895/1000, Temp: 0.0000, Energy: -51.596349+0.004948j
[2025-04-17 05:49:38] Iteration: 896/1000, Temp: 0.0000, Energy: -51.591240+0.002207j
[2025-04-17 05:50:12] Iteration: 897/1000, Temp: 0.0000, Energy: -51.589436+0.001871j
[2025-04-17 05:50:47] Iteration: 898/1000, Temp: 0.0000, Energy: -51.532889-0.005239j
[2025-04-17 05:51:22] Iteration: 899/1000, Temp: 0.0000, Energy: -51.534699+0.001643j
[2025-04-17 05:51:57] Iteration: 900/1000, Temp: 0.0000, Energy: -51.519862+0.001884j
[2025-04-17 05:52:31] Iteration: 901/1000, Temp: 0.0000, Energy: -51.566510-0.003338j
[2025-04-17 05:53:06] Iteration: 902/1000, Temp: 0.0000, Energy: -51.663493+0.002497j
[2025-04-17 05:53:41] Iteration: 903/1000, Temp: 0.0000, Energy: -51.502052+0.001809j
[2025-04-17 05:54:16] Iteration: 904/1000, Temp: 0.0000, Energy: -51.508903-0.002552j
[2025-04-17 05:54:50] Iteration: 905/1000, Temp: 0.0000, Energy: -51.549315-0.000938j
[2025-04-17 05:55:25] Iteration: 906/1000, Temp: 0.0000, Energy: -51.602664-0.005166j
[2025-04-17 05:56:00] Iteration: 907/1000, Temp: 0.0000, Energy: -51.746787+0.003928j
[2025-04-17 05:56:35] Iteration: 908/1000, Temp: 0.0000, Energy: -51.570093-0.004111j
[2025-04-17 05:57:09] Iteration: 909/1000, Temp: 0.0000, Energy: -51.574528+0.001081j
[2025-04-17 05:57:44] Iteration: 910/1000, Temp: 0.0000, Energy: -51.603410-0.001868j
[2025-04-17 05:58:19] Iteration: 911/1000, Temp: 0.0000, Energy: -51.522101+0.001272j
[2025-04-17 05:58:54] Iteration: 912/1000, Temp: 0.0000, Energy: -51.667733+0.002476j
[2025-04-17 05:59:28] Iteration: 913/1000, Temp: 0.0000, Energy: -51.665539-0.001194j
[2025-04-17 06:00:03] Iteration: 914/1000, Temp: 0.0000, Energy: -51.595881-0.001384j
[2025-04-17 06:00:38] Iteration: 915/1000, Temp: 0.0000, Energy: -51.604291-0.000811j
[2025-04-17 06:01:13] Iteration: 916/1000, Temp: 0.0000, Energy: -51.724808+0.001654j
[2025-04-17 06:01:47] Iteration: 917/1000, Temp: 0.0000, Energy: -51.705446-0.005875j
[2025-04-17 06:02:22] Iteration: 918/1000, Temp: 0.0000, Energy: -51.712046-0.000336j
[2025-04-17 06:02:57] Iteration: 919/1000, Temp: 0.0000, Energy: -51.602050+0.001931j
[2025-04-17 06:03:32] Iteration: 920/1000, Temp: 0.0000, Energy: -51.649737+0.004456j
[2025-04-17 06:04:06] Iteration: 921/1000, Temp: 0.0000, Energy: -51.618868+0.005287j
[2025-04-17 06:04:41] Iteration: 922/1000, Temp: 0.0000, Energy: -51.730736+0.006389j
[2025-04-17 06:05:16] Iteration: 923/1000, Temp: 0.0000, Energy: -51.567368+0.003887j
[2025-04-17 06:05:51] Iteration: 924/1000, Temp: 0.0000, Energy: -51.627758-0.005986j
[2025-04-17 06:06:25] Iteration: 925/1000, Temp: 0.0000, Energy: -51.619006-0.005534j
[2025-04-17 06:07:00] Iteration: 926/1000, Temp: 0.0000, Energy: -51.567107+0.001327j
[2025-04-17 06:07:35] Iteration: 927/1000, Temp: 0.0000, Energy: -51.619041+0.001791j
[2025-04-17 06:08:10] Iteration: 928/1000, Temp: 0.0000, Energy: -51.653648-0.000742j
[2025-04-17 06:08:45] Iteration: 929/1000, Temp: 0.0000, Energy: -51.549890-0.000462j
[2025-04-17 06:09:19] Iteration: 930/1000, Temp: 0.0000, Energy: -51.461605+0.000187j
[2025-04-17 06:09:54] Iteration: 931/1000, Temp: 0.0000, Energy: -51.696849+0.001974j
[2025-04-17 06:10:29] Iteration: 932/1000, Temp: 0.0000, Energy: -51.611698-0.001081j
[2025-04-17 06:11:04] Iteration: 933/1000, Temp: 0.0000, Energy: -51.507478-0.001120j
[2025-04-17 06:11:39] Iteration: 934/1000, Temp: 0.0000, Energy: -51.604107-0.002225j
[2025-04-17 06:12:13] Iteration: 935/1000, Temp: 0.0000, Energy: -51.637767+0.002436j
[2025-04-17 06:12:48] Iteration: 936/1000, Temp: 0.0000, Energy: -51.652742-0.003114j
[2025-04-17 06:13:23] Iteration: 937/1000, Temp: 0.0000, Energy: -51.668128-0.001207j
[2025-04-17 06:13:58] Iteration: 938/1000, Temp: 0.0000, Energy: -51.585147-0.001500j
[2025-04-17 06:14:32] Iteration: 939/1000, Temp: 0.0000, Energy: -51.540106-0.001120j
[2025-04-17 06:15:07] Iteration: 940/1000, Temp: 0.0000, Energy: -51.518290+0.004642j
[2025-04-17 06:15:42] Iteration: 941/1000, Temp: 0.0000, Energy: -51.555875-0.000480j
[2025-04-17 06:16:17] Iteration: 942/1000, Temp: 0.0000, Energy: -51.640017-0.006039j
[2025-04-17 06:16:51] Iteration: 943/1000, Temp: 0.0000, Energy: -51.614120-0.004464j
[2025-04-17 06:17:26] Iteration: 944/1000, Temp: 0.0000, Energy: -51.553023+0.002496j
[2025-04-17 06:18:01] Iteration: 945/1000, Temp: 0.0000, Energy: -51.578888-0.001006j
[2025-04-17 06:18:36] Iteration: 946/1000, Temp: 0.0000, Energy: -51.746010+0.001531j
[2025-04-17 06:19:11] Iteration: 947/1000, Temp: 0.0000, Energy: -51.732473+0.004093j
[2025-04-17 06:19:45] Iteration: 948/1000, Temp: 0.0000, Energy: -51.712685-0.000734j
[2025-04-17 06:20:20] Iteration: 949/1000, Temp: 0.0000, Energy: -51.650123-0.004580j
[2025-04-17 06:20:55] Iteration: 950/1000, Temp: 0.0000, Energy: -51.575990+0.006055j
[2025-04-17 06:21:30] Iteration: 951/1000, Temp: 0.0000, Energy: -51.595411-0.003056j
[2025-04-17 06:22:04] Iteration: 952/1000, Temp: 0.0000, Energy: -51.581962-0.000623j
[2025-04-17 06:22:39] Iteration: 953/1000, Temp: 0.0000, Energy: -51.642299-0.000415j
[2025-04-17 06:23:14] Iteration: 954/1000, Temp: 0.0000, Energy: -51.459985+0.002866j
[2025-04-17 06:23:49] Iteration: 955/1000, Temp: 0.0000, Energy: -51.574654-0.000577j
[2025-04-17 06:24:23] Iteration: 956/1000, Temp: 0.0000, Energy: -51.690960+0.001263j
[2025-04-17 06:24:58] Iteration: 957/1000, Temp: 0.0000, Energy: -51.730786+0.002597j
[2025-04-17 06:25:33] Iteration: 958/1000, Temp: 0.0000, Energy: -51.633695-0.001418j
[2025-04-17 06:26:08] Iteration: 959/1000, Temp: 0.0000, Energy: -51.564123-0.005143j
[2025-04-17 06:26:42] Iteration: 960/1000, Temp: 0.0000, Energy: -51.604451+0.002488j
[2025-04-17 06:27:17] Iteration: 961/1000, Temp: 0.0000, Energy: -51.600952+0.000674j
[2025-04-17 06:27:52] Iteration: 962/1000, Temp: 0.0000, Energy: -51.585293-0.001220j
[2025-04-17 06:28:27] Iteration: 963/1000, Temp: 0.0000, Energy: -51.748808+0.004537j
[2025-04-17 06:29:02] Iteration: 964/1000, Temp: 0.0000, Energy: -51.677720-0.000175j
[2025-04-17 06:29:36] Iteration: 965/1000, Temp: 0.0000, Energy: -51.644808+0.000355j
[2025-04-17 06:30:11] Iteration: 966/1000, Temp: 0.0000, Energy: -51.578550-0.002418j
[2025-04-17 06:30:46] Iteration: 967/1000, Temp: 0.0000, Energy: -51.487603-0.002568j
[2025-04-17 06:31:21] Iteration: 968/1000, Temp: 0.0000, Energy: -51.613870-0.000618j
[2025-04-17 06:31:55] Iteration: 969/1000, Temp: 0.0000, Energy: -51.590599+0.002010j
[2025-04-17 06:32:30] Iteration: 970/1000, Temp: 0.0000, Energy: -51.444506+0.001529j
[2025-04-17 06:33:05] Iteration: 971/1000, Temp: 0.0000, Energy: -51.579718+0.004447j
[2025-04-17 06:33:40] Iteration: 972/1000, Temp: 0.0000, Energy: -51.600381-0.000098j
[2025-04-17 06:34:14] Iteration: 973/1000, Temp: 0.0000, Energy: -51.496394-0.000104j
[2025-04-17 06:34:49] Iteration: 974/1000, Temp: 0.0000, Energy: -51.611338-0.001382j
[2025-04-17 06:35:20] Iteration: 975/1000, Temp: 0.0000, Energy: -51.529364+0.004060j
[2025-04-17 06:35:49] Iteration: 976/1000, Temp: 0.0000, Energy: -51.626473+0.001386j
[2025-04-17 06:36:17] Iteration: 977/1000, Temp: 0.0000, Energy: -51.521232-0.002448j
[2025-04-17 06:36:46] Iteration: 978/1000, Temp: 0.0000, Energy: -51.528292+0.005164j
[2025-04-17 06:37:15] Iteration: 979/1000, Temp: 0.0000, Energy: -51.556653+0.002122j
[2025-04-17 06:37:44] Iteration: 980/1000, Temp: 0.0000, Energy: -51.566432+0.005581j
[2025-04-17 06:38:13] Iteration: 981/1000, Temp: 0.0000, Energy: -51.684684+0.002271j
[2025-04-17 06:38:42] Iteration: 982/1000, Temp: 0.0000, Energy: -51.734681-0.006232j
[2025-04-17 06:39:11] Iteration: 983/1000, Temp: 0.0000, Energy: -51.574103+0.004651j
[2025-04-17 06:39:40] Iteration: 984/1000, Temp: 0.0000, Energy: -51.594248+0.000951j
[2025-04-17 06:40:09] Iteration: 985/1000, Temp: 0.0000, Energy: -51.652694+0.002509j
[2025-04-17 06:40:38] Iteration: 986/1000, Temp: 0.0000, Energy: -51.682736-0.002749j
[2025-04-17 06:41:05] Iteration: 987/1000, Temp: 0.0000, Energy: -51.745205-0.000727j
[2025-04-17 06:41:26] Iteration: 988/1000, Temp: 0.0000, Energy: -51.644394+0.002330j
[2025-04-17 06:41:43] Iteration: 989/1000, Temp: 0.0000, Energy: -51.476028-0.001424j
[2025-04-17 06:42:01] Iteration: 990/1000, Temp: 0.0000, Energy: -51.517205+0.000636j
[2025-04-17 06:42:18] Iteration: 991/1000, Temp: 0.0000, Energy: -51.571209+0.000244j
[2025-04-17 06:42:35] Iteration: 992/1000, Temp: 0.0000, Energy: -51.671737-0.000426j
[2025-04-17 06:42:53] Iteration: 993/1000, Temp: 0.0000, Energy: -51.678207+0.001959j
[2025-04-17 06:43:10] Iteration: 994/1000, Temp: 0.0000, Energy: -51.638529-0.000118j
[2025-04-17 06:43:28] Iteration: 995/1000, Temp: 0.0000, Energy: -51.746241-0.000851j
[2025-04-17 06:43:44] Iteration: 996/1000, Temp: 0.0000, Energy: -51.730683-0.000346j
[2025-04-17 06:43:56] Iteration: 997/1000, Temp: 0.0000, Energy: -51.635012+0.002514j
[2025-04-17 06:44:08] Iteration: 998/1000, Temp: 0.0000, Energy: -51.662072+0.001972j
[2025-04-17 06:44:19] Iteration: 999/1000, Temp: 0.0000, Energy: -51.574702+0.002017j
[2025-04-17 06:44:19] ==================================================
[2025-04-17 06:44:19] Training finished, total runtime = 34446.49 seconds
[2025-04-17 06:44:20] Trained quantum state parameters saved to: results/L=4/J2=0.05/J1=0.04/GCNN_L=4_J2=0.05_J1=0.04.pkl
[2025-04-17 06:44:20] ==================================================
