[2025-04-23 00:35:13] ==================================================
[2025-04-23 00:35:13] GCNN for Shastry-Sutherland lattice
[2025-04-23 00:35:13] ==================================================
[2025-04-23 00:35:13] System parameters:
[2025-04-23 00:35:13]   - System size: L=5, N=100
[2025-04-23 00:35:13]   - System parameters: J1=0.05, J2=0.05, Q=0.95
[2025-04-23 00:35:21] --------------------------------------------------
[2025-04-23 00:35:21] Model parameters:
[2025-04-23 00:35:21]   - Number of layers = 4
[2025-04-23 00:35:21]   - Number of features = 4
[2025-04-23 00:35:21]   - Symmetries used: 200
[2025-04-23 00:35:21]   - Total parameters = 19628
[2025-04-23 00:35:21] --------------------------------------------------
[2025-04-23 00:35:21] Training parameters:
[2025-04-23 00:35:21]   - Learning rate: 0.02
[2025-04-23 00:35:21]   - Total annealing steps: 1000
[2025-04-23 00:35:21]   - Samples: 4096
[2025-04-23 00:35:21]   - Discarded samples: 0
[2025-04-23 00:35:21]   - Chunk size: 1024
[2025-04-23 00:35:21] --------------------------------------------------
[2025-04-23 00:35:21] Device status:
[2025-04-23 00:35:21]   - Number of devices: 4
[2025-04-23 00:35:21]   - Sharding: False
[2025-04-23 00:35:29] --------------------------------------------------
[2025-04-23 00:35:29] Start training...
[2025-04-23 00:36:17] Iteration: 0/1000, Temp: 0.5000, Energy: 3.124746+0.000045j
[2025-04-23 00:36:50] Iteration: 1/1000, Temp: 0.4901, Energy: 3.124679-0.000465j
[2025-04-23 00:37:22] Iteration: 2/1000, Temp: 0.4804, Energy: 3.124405-0.000027j
[2025-04-23 00:37:54] Iteration: 3/1000, Temp: 0.4709, Energy: 3.124308+0.000140j
[2025-04-23 00:38:27] Iteration: 4/1000, Temp: 0.4616, Energy: 3.124404-0.000086j
[2025-04-23 00:38:59] Iteration: 5/1000, Temp: 0.4524, Energy: 3.124556+0.000446j
[2025-04-23 00:39:31] Iteration: 6/1000, Temp: 0.4435, Energy: 3.124909+0.000214j
[2025-04-23 00:40:03] Iteration: 7/1000, Temp: 0.4347, Energy: 3.124424-0.000190j
[2025-04-23 00:40:35] Iteration: 8/1000, Temp: 0.4261, Energy: 3.124343+0.000040j
[2025-04-23 00:41:07] Iteration: 9/1000, Temp: 0.4176, Energy: 3.123898+0.000493j
[2025-04-23 00:41:39] Iteration: 10/1000, Temp: 0.4094, Energy: 3.124652+0.000024j
[2025-04-23 00:42:11] Iteration: 11/1000, Temp: 0.4013, Energy: 3.124336+0.000005j
[2025-04-23 00:42:44] Iteration: 12/1000, Temp: 0.3933, Energy: 3.124775+0.000122j
[2025-04-23 00:43:16] Iteration: 13/1000, Temp: 0.3855, Energy: 3.125064+0.000146j
[2025-04-23 00:43:49] Iteration: 14/1000, Temp: 0.3779, Energy: 3.124534+0.000147j
[2025-04-23 00:44:21] Iteration: 15/1000, Temp: 0.3704, Energy: 3.124633-0.000230j
[2025-04-23 00:44:53] Iteration: 16/1000, Temp: 0.3631, Energy: 3.124726+0.000532j
[2025-04-23 00:45:25] Iteration: 17/1000, Temp: 0.3559, Energy: 3.124854-0.000012j
[2025-04-23 00:45:57] Iteration: 18/1000, Temp: 0.3488, Energy: 3.124428-0.000032j
[2025-04-23 00:46:30] Iteration: 19/1000, Temp: 0.3419, Energy: 3.124919-0.000030j
[2025-04-23 00:47:02] Iteration: 20/1000, Temp: 0.3352, Energy: 3.125243+0.000232j
[2025-04-23 00:47:34] Iteration: 21/1000, Temp: 0.3285, Energy: 3.123797-0.000199j
[2025-04-23 00:48:06] Iteration: 22/1000, Temp: 0.3220, Energy: 3.124228+0.000453j
[2025-04-23 00:48:38] Iteration: 23/1000, Temp: 0.3156, Energy: 3.123928+0.000105j
[2025-04-23 00:49:10] Iteration: 24/1000, Temp: 0.3094, Energy: 3.124280-0.000688j
[2025-04-23 00:49:43] Iteration: 25/1000, Temp: 0.3033, Energy: 3.125544+0.000149j
[2025-04-23 00:50:15] Iteration: 26/1000, Temp: 0.2973, Energy: 3.124229+0.000198j
[2025-04-23 00:50:47] Iteration: 27/1000, Temp: 0.2914, Energy: 3.124644+0.000073j
[2025-04-23 00:51:20] Iteration: 28/1000, Temp: 0.2856, Energy: 3.124160-0.000223j
[2025-04-23 00:51:52] Iteration: 29/1000, Temp: 0.2799, Energy: 3.124183+0.000113j
[2025-04-23 00:52:24] Iteration: 30/1000, Temp: 0.2744, Energy: 3.124253+0.000019j
[2025-04-23 00:52:56] Iteration: 31/1000, Temp: 0.2690, Energy: 3.124504+0.000705j
[2025-04-23 00:53:28] Iteration: 32/1000, Temp: 0.2636, Energy: 3.123836-0.000172j
[2025-04-23 00:54:00] Iteration: 33/1000, Temp: 0.2584, Energy: 3.123723+0.000400j
[2025-04-23 00:54:33] Iteration: 34/1000, Temp: 0.2533, Energy: 3.124431-0.000120j
[2025-04-23 00:55:05] Iteration: 35/1000, Temp: 0.2483, Energy: 3.123813-0.000270j
[2025-04-23 00:55:38] Iteration: 36/1000, Temp: 0.2434, Energy: 3.124176-0.000640j
[2025-04-23 00:56:10] Iteration: 37/1000, Temp: 0.2386, Energy: 3.124065-0.000119j
[2025-04-23 00:56:42] Iteration: 38/1000, Temp: 0.2338, Energy: 3.123500+0.000314j
[2025-04-23 00:57:14] Iteration: 39/1000, Temp: 0.2292, Energy: 3.123275-0.000011j
[2025-04-23 00:57:46] Iteration: 40/1000, Temp: 0.2247, Energy: 3.123897-0.000012j
[2025-04-23 00:58:18] Iteration: 41/1000, Temp: 0.2202, Energy: 3.124112-0.000012j
[2025-04-23 00:58:51] Iteration: 42/1000, Temp: 0.2159, Energy: 3.124130-0.000030j
[2025-04-23 00:59:23] Iteration: 43/1000, Temp: 0.2116, Energy: 3.123247+0.000812j
[2025-04-23 00:59:55] Iteration: 44/1000, Temp: 0.2074, Energy: 3.123750+0.000282j
[2025-04-23 01:00:27] Iteration: 45/1000, Temp: 0.2033, Energy: 3.124252+0.000350j
[2025-04-23 01:00:59] Iteration: 46/1000, Temp: 0.1993, Energy: 3.123007+0.000033j
[2025-04-23 01:01:31] Iteration: 47/1000, Temp: 0.1953, Energy: 3.123042+0.000095j
[2025-04-23 01:02:03] Iteration: 48/1000, Temp: 0.1914, Energy: 3.124278+0.000272j
[2025-04-23 01:02:35] Iteration: 49/1000, Temp: 0.1877, Energy: 3.124095-0.000022j
[2025-04-23 01:03:07] Iteration: 50/1000, Temp: 0.1839, Energy: 3.124198+0.000377j
[2025-04-23 01:03:40] Iteration: 51/1000, Temp: 0.1803, Energy: 3.123247+0.000057j
[2025-04-23 01:04:12] Iteration: 52/1000, Temp: 0.1767, Energy: 3.124844-0.000697j
[2025-04-23 01:04:44] Iteration: 53/1000, Temp: 0.1732, Energy: 3.123092+0.000360j
[2025-04-23 01:05:16] Iteration: 54/1000, Temp: 0.1698, Energy: 3.124185-0.000329j
[2025-04-23 01:05:49] Iteration: 55/1000, Temp: 0.1664, Energy: 3.124608-0.000397j
[2025-04-23 01:06:21] Iteration: 56/1000, Temp: 0.1631, Energy: 3.123073-0.000210j
[2025-04-23 01:06:53] Iteration: 57/1000, Temp: 0.1599, Energy: 3.123235-0.000134j
[2025-04-23 01:07:26] Iteration: 58/1000, Temp: 0.1567, Energy: 3.123529-0.000280j
[2025-04-23 01:07:58] Iteration: 59/1000, Temp: 0.1536, Energy: 3.122510+0.000026j
[2025-04-23 01:08:31] Iteration: 60/1000, Temp: 0.1506, Energy: 3.124201-0.000764j
[2025-04-23 01:09:03] Iteration: 61/1000, Temp: 0.1476, Energy: 3.122418+0.000202j
[2025-04-23 01:09:35] Iteration: 62/1000, Temp: 0.1447, Energy: 3.121976+0.000382j
[2025-04-23 01:10:07] Iteration: 63/1000, Temp: 0.1418, Energy: 3.121244-0.000007j
[2025-04-23 01:10:39] Iteration: 64/1000, Temp: 0.1390, Energy: 3.124228-0.000024j
[2025-04-23 01:11:12] Iteration: 65/1000, Temp: 0.1363, Energy: 3.120600+0.000062j
[2025-04-23 01:11:44] Iteration: 66/1000, Temp: 0.1336, Energy: 3.123024-0.000670j
[2025-04-23 01:12:16] Iteration: 67/1000, Temp: 0.1309, Energy: 3.122052+0.000227j
[2025-04-23 01:12:48] Iteration: 68/1000, Temp: 0.1283, Energy: 3.121164+0.000055j
[2025-04-23 01:13:20] Iteration: 69/1000, Temp: 0.1258, Energy: 3.122463-0.000839j
[2025-04-23 01:13:52] Iteration: 70/1000, Temp: 0.1233, Energy: 3.123034-0.001048j
[2025-04-23 01:14:25] Iteration: 71/1000, Temp: 0.1209, Energy: 3.119543-0.000103j
[2025-04-23 01:14:57] Iteration: 72/1000, Temp: 0.1185, Energy: 3.118656+0.000870j
[2025-04-23 01:15:29] Iteration: 73/1000, Temp: 0.1161, Energy: 3.121040-0.000639j
[2025-04-23 01:16:01] Iteration: 74/1000, Temp: 0.1138, Energy: 3.119141+0.000419j
[2025-04-23 01:16:33] Iteration: 75/1000, Temp: 0.1116, Energy: 3.116028+0.000818j
[2025-04-23 01:17:06] Iteration: 76/1000, Temp: 0.1094, Energy: 3.116991+0.000162j
[2025-04-23 01:17:38] Iteration: 77/1000, Temp: 0.1072, Energy: 3.117561+0.000761j
[2025-04-23 01:18:10] Iteration: 78/1000, Temp: 0.1051, Energy: 3.112888+0.000336j
[2025-04-23 01:18:42] Iteration: 79/1000, Temp: 0.1030, Energy: 3.118545-0.001572j
[2025-04-23 01:19:14] Iteration: 80/1000, Temp: 0.1009, Energy: 3.112080+0.000120j
[2025-04-23 01:19:47] Iteration: 81/1000, Temp: 0.0989, Energy: 3.110103+0.000231j
[2025-04-23 01:20:19] Iteration: 82/1000, Temp: 0.0970, Energy: 3.109030+0.001534j
[2025-04-23 01:20:51] Iteration: 83/1000, Temp: 0.0951, Energy: 3.109512+0.001067j
[2025-04-23 01:21:23] Iteration: 84/1000, Temp: 0.0932, Energy: 3.104450+0.001710j
[2025-04-23 01:21:55] Iteration: 85/1000, Temp: 0.0913, Energy: 3.107573-0.001665j
[2025-04-23 01:22:27] Iteration: 86/1000, Temp: 0.0895, Energy: 3.103059+0.000034j
[2025-04-23 01:22:59] Iteration: 87/1000, Temp: 0.0878, Energy: 3.100304+0.000863j
[2025-04-23 01:23:32] Iteration: 88/1000, Temp: 0.0860, Energy: 3.100121-0.000825j
[2025-04-23 01:24:04] Iteration: 89/1000, Temp: 0.0843, Energy: 3.088832+0.001331j
[2025-04-23 01:24:37] Iteration: 90/1000, Temp: 0.0826, Energy: 3.094024-0.001893j
[2025-04-23 01:25:09] Iteration: 91/1000, Temp: 0.0810, Energy: 3.083706+0.000140j
[2025-04-23 01:25:41] Iteration: 92/1000, Temp: 0.0794, Energy: 3.078393-0.000049j
[2025-04-23 01:26:13] Iteration: 93/1000, Temp: 0.0778, Energy: 3.069415+0.000504j
[2025-04-23 01:26:45] Iteration: 94/1000, Temp: 0.0763, Energy: 3.065833-0.000973j
[2025-04-23 01:27:18] Iteration: 95/1000, Temp: 0.0748, Energy: 3.059278-0.000256j
[2025-04-23 01:27:50] Iteration: 96/1000, Temp: 0.0733, Energy: 3.030623+0.005493j
[2025-04-23 01:28:22] Iteration: 97/1000, Temp: 0.0719, Energy: 3.041119-0.000387j
[2025-04-23 01:28:54] Iteration: 98/1000, Temp: 0.0704, Energy: 3.022931-0.002691j
[2025-04-23 01:29:26] Iteration: 99/1000, Temp: 0.0690, Energy: 2.993479+0.005641j
[2025-04-23 01:29:58] Iteration: 100/1000, Temp: 0.0677, Energy: 2.971093-0.000351j
[2025-04-23 01:30:30] Iteration: 101/1000, Temp: 0.0663, Energy: 2.956940-0.000892j
[2025-04-23 01:31:03] Iteration: 102/1000, Temp: 0.0650, Energy: 2.941701-0.011115j
[2025-04-23 01:31:35] Iteration: 103/1000, Temp: 0.0637, Energy: 2.897676-0.005667j
[2025-04-23 01:32:07] Iteration: 104/1000, Temp: 0.0625, Energy: 2.841002-0.000866j
[2025-04-23 01:32:40] Iteration: 105/1000, Temp: 0.0612, Energy: 2.807809-0.006485j
[2025-04-23 01:33:12] Iteration: 106/1000, Temp: 0.0600, Energy: 2.746925+0.004936j
[2025-04-23 01:33:44] Iteration: 107/1000, Temp: 0.0588, Energy: 2.704163-0.008001j
[2025-04-23 01:34:16] Iteration: 108/1000, Temp: 0.0577, Energy: 2.626946-0.011798j
[2025-04-23 01:34:49] Iteration: 109/1000, Temp: 0.0565, Energy: 2.530025-0.009414j
[2025-04-23 01:35:21] Iteration: 110/1000, Temp: 0.0554, Energy: 2.419437-0.001712j
[2025-04-23 01:35:53] Iteration: 111/1000, Temp: 0.0543, Energy: 2.293867+0.010306j
[2025-04-23 01:36:26] Iteration: 112/1000, Temp: 0.0532, Energy: 2.216194+0.011650j
[2025-04-23 01:36:58] Iteration: 113/1000, Temp: 0.0522, Energy: 2.031094-0.001703j
[2025-04-23 01:37:31] Iteration: 114/1000, Temp: 0.0511, Energy: 1.899136+0.040354j
[2025-04-23 01:38:03] Iteration: 115/1000, Temp: 0.0501, Energy: 1.712099-0.002467j
[2025-04-23 01:38:35] Iteration: 116/1000, Temp: 0.0491, Energy: 1.510960-0.016624j
[2025-04-23 01:39:07] Iteration: 117/1000, Temp: 0.0482, Energy: 1.228259-0.002424j
[2025-04-23 01:39:40] Iteration: 118/1000, Temp: 0.0472, Energy: 0.936409-0.002852j
[2025-04-23 01:40:12] Iteration: 119/1000, Temp: 0.0463, Energy: 0.674192-0.027667j
[2025-04-23 01:40:45] Iteration: 120/1000, Temp: 0.0454, Energy: 0.379323-0.019752j
[2025-04-23 01:41:17] Iteration: 121/1000, Temp: 0.0445, Energy: 0.028213+0.042782j
[2025-04-23 01:41:49] Iteration: 122/1000, Temp: 0.0436, Energy: -0.325929+0.018086j
[2025-04-23 01:42:21] Iteration: 123/1000, Temp: 0.0427, Energy: -0.787347+0.009912j
[2025-04-23 01:42:53] Iteration: 124/1000, Temp: 0.0419, Energy: -1.228914-0.040449j
[2025-04-23 01:43:26] Iteration: 125/1000, Temp: 0.0410, Energy: -1.911905+0.033185j
[2025-04-23 01:43:58] Iteration: 126/1000, Temp: 0.0402, Energy: -2.588874-0.000205j
[2025-04-23 01:44:30] Iteration: 127/1000, Temp: 0.0394, Energy: -3.446516-0.089507j
[2025-04-23 01:45:02] Iteration: 128/1000, Temp: 0.0387, Energy: -4.355513+0.095526j
[2025-04-23 01:45:34] Iteration: 129/1000, Temp: 0.0379, Energy: -5.468143-0.128976j
[2025-04-23 01:46:06] Iteration: 130/1000, Temp: 0.0371, Energy: -6.868801-0.085887j
[2025-04-23 01:46:38] Iteration: 131/1000, Temp: 0.0364, Energy: -8.383250-0.003288j
[2025-04-23 01:47:11] Iteration: 132/1000, Temp: 0.0357, Energy: -9.808290-0.010594j
[2025-04-23 01:47:43] Iteration: 133/1000, Temp: 0.0350, Energy: -11.493821+0.004863j
[2025-04-23 01:48:15] Iteration: 134/1000, Temp: 0.0343, Energy: -13.017877+0.114956j
[2025-04-23 01:48:47] Iteration: 135/1000, Temp: 0.0336, Energy: -14.613411+0.063228j
[2025-04-23 01:49:20] Iteration: 136/1000, Temp: 0.0329, Energy: -16.098202+0.000142j
[2025-04-23 01:49:52] Iteration: 137/1000, Temp: 0.0323, Energy: -17.498887+0.032067j
[2025-04-23 01:50:24] Iteration: 138/1000, Temp: 0.0316, Energy: -19.078330+0.026616j
[2025-04-23 01:50:56] Iteration: 139/1000, Temp: 0.0310, Energy: -20.478288-0.018837j
[2025-04-23 01:51:29] Iteration: 140/1000, Temp: 0.0304, Energy: -21.952619-0.033343j
[2025-04-23 01:52:01] Iteration: 141/1000, Temp: 0.0298, Energy: -23.233174-0.080589j
[2025-04-23 01:52:33] Iteration: 142/1000, Temp: 0.0292, Energy: -24.892318+0.104405j
[2025-04-23 01:53:05] Iteration: 143/1000, Temp: 0.0286, Energy: -26.360078+0.002250j
[2025-04-23 01:53:37] Iteration: 144/1000, Temp: 0.0281, Energy: -27.876884+0.065349j
[2025-04-23 01:54:09] Iteration: 145/1000, Temp: 0.0275, Energy: -29.265944-0.128861j
[2025-04-23 01:54:41] Iteration: 146/1000, Temp: 0.0270, Energy: -30.912993+0.108845j
[2025-04-23 01:55:13] Iteration: 147/1000, Temp: 0.0264, Energy: -32.394881+0.060304j
[2025-04-23 01:55:46] Iteration: 148/1000, Temp: 0.0259, Energy: -34.285281+0.032267j
[2025-04-23 01:56:18] Iteration: 149/1000, Temp: 0.0254, Energy: -35.981171-0.030516j
[2025-04-23 01:56:51] Iteration: 150/1000, Temp: 0.0249, Energy: -37.240678+0.057642j
[2025-04-23 01:57:23] Iteration: 151/1000, Temp: 0.0244, Energy: -38.685138-0.075924j
[2025-04-23 01:57:55] Iteration: 152/1000, Temp: 0.0239, Energy: -40.360318-0.014198j
[2025-04-23 01:58:27] Iteration: 153/1000, Temp: 0.0234, Energy: -41.801644-0.040105j
[2025-04-23 01:58:59] Iteration: 154/1000, Temp: 0.0230, Energy: -43.290110-0.056888j
[2025-04-23 01:59:31] Iteration: 155/1000, Temp: 0.0225, Energy: -44.890289-0.109792j
[2025-04-23 02:00:04] Iteration: 156/1000, Temp: 0.0221, Energy: -46.141059-0.009105j
[2025-04-23 02:00:36] Iteration: 157/1000, Temp: 0.0216, Energy: -47.589238+0.042585j
[2025-04-23 02:01:09] Iteration: 158/1000, Temp: 0.0212, Energy: -48.774587-0.032501j
[2025-04-23 02:01:41] Iteration: 159/1000, Temp: 0.0208, Energy: -50.118486-0.070122j
[2025-04-23 02:02:13] Iteration: 160/1000, Temp: 0.0204, Energy: -51.801197-0.057167j
[2025-04-23 02:02:45] Iteration: 161/1000, Temp: 0.0200, Energy: -53.119864+0.028047j
[2025-04-23 02:03:18] Iteration: 162/1000, Temp: 0.0196, Energy: -54.653321-0.077051j
[2025-04-23 02:03:50] Iteration: 163/1000, Temp: 0.0192, Energy: -56.149140-0.046000j
[2025-04-23 02:04:23] Iteration: 164/1000, Temp: 0.0188, Energy: -57.143469+0.049044j
[2025-04-23 02:04:55] Iteration: 165/1000, Temp: 0.0184, Energy: -58.605787+0.124320j
[2025-04-23 02:05:27] Iteration: 166/1000, Temp: 0.0181, Energy: -59.811358-0.013440j
[2025-04-23 02:05:59] Iteration: 167/1000, Temp: 0.0177, Energy: -60.919408+0.069776j
[2025-04-23 02:06:32] Iteration: 168/1000, Temp: 0.0174, Energy: -62.143504-0.020843j
[2025-04-23 02:07:04] Iteration: 169/1000, Temp: 0.0170, Energy: -63.562328+0.000559j
[2025-04-23 02:07:36] Iteration: 170/1000, Temp: 0.0167, Energy: -65.085476-0.051618j
[2025-04-23 02:08:08] Iteration: 171/1000, Temp: 0.0164, Energy: -66.712365-0.063014j
[2025-04-23 02:08:40] Iteration: 172/1000, Temp: 0.0160, Energy: -68.578650-0.040921j
[2025-04-23 02:09:12] Iteration: 173/1000, Temp: 0.0157, Energy: -70.323499-0.040593j
[2025-04-23 02:09:45] Iteration: 174/1000, Temp: 0.0154, Energy: -71.973127-0.028784j
[2025-04-23 02:10:17] Iteration: 175/1000, Temp: 0.0151, Energy: -73.527953-0.095817j
[2025-04-23 02:10:49] Iteration: 176/1000, Temp: 0.0148, Energy: -74.505692-0.095215j
[2025-04-23 02:11:21] Iteration: 177/1000, Temp: 0.0145, Energy: -75.125564-0.067690j
[2025-04-23 02:11:53] Iteration: 178/1000, Temp: 0.0142, Energy: -75.699523-0.035905j
[2025-04-23 02:12:25] Iteration: 179/1000, Temp: 0.0139, Energy: -76.122343-0.012106j
[2025-04-23 02:12:57] Iteration: 180/1000, Temp: 0.0137, Energy: -76.636909-0.039007j
[2025-04-23 02:13:29] Iteration: 181/1000, Temp: 0.0134, Energy: -76.848591-0.064251j
[2025-04-23 02:14:02] Iteration: 182/1000, Temp: 0.0131, Energy: -77.262633-0.063435j
[2025-04-23 02:14:34] Iteration: 183/1000, Temp: 0.0129, Energy: -77.598550-0.045619j
[2025-04-23 02:15:07] Iteration: 184/1000, Temp: 0.0126, Energy: -77.864089-0.043537j
[2025-04-23 02:15:39] Iteration: 185/1000, Temp: 0.0124, Energy: -78.332253-0.054044j
[2025-04-23 02:16:11] Iteration: 186/1000, Temp: 0.0121, Energy: -78.634938-0.044775j
[2025-04-23 02:16:43] Iteration: 187/1000, Temp: 0.0119, Energy: -78.867794-0.030964j
[2025-04-23 02:17:15] Iteration: 188/1000, Temp: 0.0116, Energy: -79.021555-0.020216j
[2025-04-23 02:17:48] Iteration: 189/1000, Temp: 0.0114, Energy: -79.053325-0.048575j
[2025-04-23 02:18:20] Iteration: 190/1000, Temp: 0.0112, Energy: -79.348847-0.022314j
[2025-04-23 02:18:52] Iteration: 191/1000, Temp: 0.0110, Energy: -79.726470-0.018880j
[2025-04-23 02:19:24] Iteration: 192/1000, Temp: 0.0107, Energy: -79.551912-0.027046j
[2025-04-23 02:19:56] Iteration: 193/1000, Temp: 0.0105, Energy: -79.889388+0.017520j
[2025-04-23 02:20:28] Iteration: 194/1000, Temp: 0.0103, Energy: -80.024706-0.015507j
[2025-04-23 02:21:00] Iteration: 195/1000, Temp: 0.0101, Energy: -80.032321-0.013813j
[2025-04-23 02:21:32] Iteration: 196/1000, Temp: 0.0099, Energy: -80.111169+0.012567j
[2025-04-23 02:22:05] Iteration: 197/1000, Temp: 0.0097, Energy: -80.075770+0.010335j
[2025-04-23 02:22:37] Iteration: 198/1000, Temp: 0.0095, Energy: -80.067464-0.002566j
[2025-04-23 02:23:09] Iteration: 199/1000, Temp: 0.0093, Energy: -80.293172-0.015687j
[2025-04-23 02:23:42] Iteration: 200/1000, Temp: 0.0092, Energy: -79.991180+0.000677j
[2025-04-23 02:24:14] Iteration: 201/1000, Temp: 0.0090, Energy: -80.054080-0.009231j
[2025-04-23 02:24:46] Iteration: 202/1000, Temp: 0.0088, Energy: -80.282516+0.000931j
[2025-04-23 02:25:18] Iteration: 203/1000, Temp: 0.0086, Energy: -80.181306-0.018938j
[2025-04-23 02:25:50] Iteration: 204/1000, Temp: 0.0085, Energy: -80.406740+0.008100j
[2025-04-23 02:26:23] Iteration: 205/1000, Temp: 0.0083, Energy: -80.173836-0.029282j
[2025-04-23 02:26:55] Iteration: 206/1000, Temp: 0.0081, Energy: -80.323703-0.008479j
[2025-04-23 02:27:27] Iteration: 207/1000, Temp: 0.0080, Energy: -80.414007+0.013232j
[2025-04-23 02:28:00] Iteration: 208/1000, Temp: 0.0078, Energy: -80.507923+0.008001j
[2025-04-23 02:28:32] Iteration: 209/1000, Temp: 0.0076, Energy: -80.510843-0.011884j
[2025-04-23 02:29:04] Iteration: 210/1000, Temp: 0.0075, Energy: -80.584823+0.000440j
[2025-04-23 02:29:36] Iteration: 211/1000, Temp: 0.0073, Energy: -80.450715+0.000344j
[2025-04-23 02:30:08] Iteration: 212/1000, Temp: 0.0072, Energy: -80.494391-0.000284j
[2025-04-23 02:30:41] Iteration: 213/1000, Temp: 0.0071, Energy: -80.400055-0.007676j
[2025-04-23 02:31:13] Iteration: 214/1000, Temp: 0.0069, Energy: -80.592965-0.013238j
[2025-04-23 02:31:46] Iteration: 215/1000, Temp: 0.0068, Energy: -80.669559+0.011819j
[2025-04-23 02:32:18] Iteration: 216/1000, Temp: 0.0066, Energy: -80.596753+0.001230j
[2025-04-23 02:32:50] Iteration: 217/1000, Temp: 0.0065, Energy: -80.591246-0.021625j
[2025-04-23 02:33:22] Iteration: 218/1000, Temp: 0.0064, Energy: -80.522323+0.000604j
[2025-04-23 02:33:54] Iteration: 219/1000, Temp: 0.0063, Energy: -80.493482+0.011626j
[2025-04-23 02:34:26] Iteration: 220/1000, Temp: 0.0061, Energy: -80.728265+0.027206j
[2025-04-23 02:34:59] Iteration: 221/1000, Temp: 0.0060, Energy: -80.820571-0.005499j
[2025-04-23 02:35:31] Iteration: 222/1000, Temp: 0.0059, Energy: -81.034419-0.002489j
[2025-04-23 02:36:04] Iteration: 223/1000, Temp: 0.0058, Energy: -80.884053-0.006020j
[2025-04-23 02:36:36] Iteration: 224/1000, Temp: 0.0057, Energy: -80.810127-0.003691j
[2025-04-23 02:37:08] Iteration: 225/1000, Temp: 0.0056, Energy: -80.655768-0.010449j
[2025-04-23 02:37:40] Iteration: 226/1000, Temp: 0.0054, Energy: -80.729623-0.002620j
[2025-04-23 02:38:12] Iteration: 227/1000, Temp: 0.0053, Energy: -80.691062+0.009279j
[2025-04-23 02:38:44] Iteration: 228/1000, Temp: 0.0052, Energy: -80.554504-0.009753j
[2025-04-23 02:39:16] Iteration: 229/1000, Temp: 0.0051, Energy: -80.698365+0.001411j
[2025-04-23 02:39:48] Iteration: 230/1000, Temp: 0.0050, Energy: -80.542295-0.000326j
[2025-04-23 02:40:21] Iteration: 231/1000, Temp: 0.0049, Energy: -80.594004-0.018312j
[2025-04-23 02:40:53] Iteration: 232/1000, Temp: 0.0048, Energy: -80.584704-0.010343j
[2025-04-23 02:41:26] Iteration: 233/1000, Temp: 0.0047, Energy: -80.669203-0.014190j
[2025-04-23 02:41:58] Iteration: 234/1000, Temp: 0.0046, Energy: -80.753840-0.002822j
[2025-04-23 02:42:31] Iteration: 235/1000, Temp: 0.0045, Energy: -80.706226-0.002247j
[2025-04-23 02:43:03] Iteration: 236/1000, Temp: 0.0045, Energy: -80.690730-0.013058j
[2025-04-23 02:43:35] Iteration: 237/1000, Temp: 0.0044, Energy: -80.595360-0.012075j
[2025-04-23 02:44:07] Iteration: 238/1000, Temp: 0.0043, Energy: -80.593440+0.005325j
[2025-04-23 02:44:39] Iteration: 239/1000, Temp: 0.0042, Energy: -80.790155-0.014117j
[2025-04-23 02:45:11] Iteration: 240/1000, Temp: 0.0041, Energy: -80.617877-0.013519j
[2025-04-23 02:45:43] Iteration: 241/1000, Temp: 0.0040, Energy: -80.610682-0.007134j
[2025-04-23 02:46:16] Iteration: 242/1000, Temp: 0.0040, Energy: -80.596220-0.007535j
[2025-04-23 02:46:48] Iteration: 243/1000, Temp: 0.0039, Energy: -80.743884-0.002270j
[2025-04-23 02:47:21] Iteration: 244/1000, Temp: 0.0038, Energy: -80.694742+0.005764j
[2025-04-23 02:47:53] Iteration: 245/1000, Temp: 0.0037, Energy: -80.637266+0.002863j
[2025-04-23 02:48:25] Iteration: 246/1000, Temp: 0.0036, Energy: -80.701813-0.002269j
[2025-04-23 02:48:57] Iteration: 247/1000, Temp: 0.0036, Energy: -80.789241+0.005014j
[2025-04-23 02:49:29] Iteration: 248/1000, Temp: 0.0035, Energy: -80.673670-0.007861j
[2025-04-23 02:50:01] Iteration: 249/1000, Temp: 0.0034, Energy: -80.678136-0.002583j
[2025-04-23 02:50:34] Iteration: 250/1000, Temp: 0.0034, Energy: -80.742861+0.000322j
[2025-04-23 02:51:06] Iteration: 251/1000, Temp: 0.0033, Energy: -80.804335-0.016812j
[2025-04-23 02:51:39] Iteration: 252/1000, Temp: 0.0032, Energy: -80.753607-0.000857j
[2025-04-23 02:52:11] Iteration: 253/1000, Temp: 0.0032, Energy: -80.926671-0.006831j
[2025-04-23 02:52:43] Iteration: 254/1000, Temp: 0.0031, Energy: -80.765038+0.014334j
[2025-04-23 02:53:15] Iteration: 255/1000, Temp: 0.0030, Energy: -80.700802-0.002950j
[2025-04-23 02:53:47] Iteration: 256/1000, Temp: 0.0030, Energy: -80.846734-0.002499j
[2025-04-23 02:54:20] Iteration: 257/1000, Temp: 0.0029, Energy: -80.850557-0.004713j
[2025-04-23 02:54:52] Iteration: 258/1000, Temp: 0.0029, Energy: -80.803872-0.006075j
[2025-04-23 02:55:24] Iteration: 259/1000, Temp: 0.0028, Energy: -80.912246+0.001067j
[2025-04-23 02:55:56] Iteration: 260/1000, Temp: 0.0028, Energy: -81.077870-0.008955j
[2025-04-23 02:56:29] Iteration: 261/1000, Temp: 0.0027, Energy: -80.970687-0.005195j
[2025-04-23 02:57:01] Iteration: 262/1000, Temp: 0.0027, Energy: -80.885880+0.012177j
[2025-04-23 02:57:34] Iteration: 263/1000, Temp: 0.0026, Energy: -81.100770-0.013393j
[2025-04-23 02:58:06] Iteration: 264/1000, Temp: 0.0025, Energy: -80.873915+0.003300j
[2025-04-23 02:58:38] Iteration: 265/1000, Temp: 0.0025, Energy: -80.943730+0.001721j
[2025-04-23 02:59:10] Iteration: 266/1000, Temp: 0.0024, Energy: -80.862672-0.009483j
[2025-04-23 02:59:42] Iteration: 267/1000, Temp: 0.0024, Energy: -80.961089-0.005356j
[2025-04-23 03:00:14] Iteration: 268/1000, Temp: 0.0024, Energy: -80.860015+0.005994j
[2025-04-23 03:00:46] Iteration: 269/1000, Temp: 0.0023, Energy: -80.657062+0.003636j
[2025-04-23 03:01:19] Iteration: 270/1000, Temp: 0.0023, Energy: -80.882241+0.003842j
[2025-04-23 03:01:51] Iteration: 271/1000, Temp: 0.0022, Energy: -80.823910+0.001650j
[2025-04-23 03:02:24] Iteration: 272/1000, Temp: 0.0022, Energy: -80.777697-0.014947j
[2025-04-23 03:02:56] Iteration: 273/1000, Temp: 0.0021, Energy: -80.760460-0.002254j
[2025-04-23 03:03:28] Iteration: 274/1000, Temp: 0.0021, Energy: -80.929011+0.010557j
[2025-04-23 03:04:00] Iteration: 275/1000, Temp: 0.0020, Energy: -80.843107-0.004931j
[2025-04-23 03:04:32] Iteration: 276/1000, Temp: 0.0020, Energy: -80.689316+0.000629j
[2025-04-23 03:05:04] Iteration: 277/1000, Temp: 0.0020, Energy: -80.807043-0.006558j
[2025-04-23 03:05:36] Iteration: 278/1000, Temp: 0.0019, Energy: -80.767486-0.008956j
[2025-04-23 03:06:09] Iteration: 279/1000, Temp: 0.0019, Energy: -80.847171+0.006524j
[2025-04-23 03:06:41] Iteration: 280/1000, Temp: 0.0018, Energy: -80.888225-0.013778j
[2025-04-23 03:07:13] Iteration: 281/1000, Temp: 0.0018, Energy: -80.848284+0.005424j
[2025-04-23 03:07:45] Iteration: 282/1000, Temp: 0.0018, Energy: -80.892495+0.000399j
[2025-04-23 03:08:17] Iteration: 283/1000, Temp: 0.0017, Energy: -80.859936-0.006233j
[2025-04-23 03:08:50] Iteration: 284/1000, Temp: 0.0017, Energy: -80.853739-0.006417j
[2025-04-23 03:09:22] Iteration: 285/1000, Temp: 0.0017, Energy: -80.790155+0.001546j
[2025-04-23 03:09:54] Iteration: 286/1000, Temp: 0.0016, Energy: -80.932921+0.007687j
[2025-04-23 03:10:27] Iteration: 287/1000, Temp: 0.0016, Energy: -80.918239-0.006490j
[2025-04-23 03:10:59] Iteration: 288/1000, Temp: 0.0016, Energy: -80.944026-0.003306j
[2025-04-23 03:11:31] Iteration: 289/1000, Temp: 0.0015, Energy: -80.881187-0.006352j
[2025-04-23 03:12:03] Iteration: 290/1000, Temp: 0.0015, Energy: -80.957646+0.003744j
[2025-04-23 03:12:36] Iteration: 291/1000, Temp: 0.0015, Energy: -80.929244+0.016600j
[2025-04-23 03:13:08] Iteration: 292/1000, Temp: 0.0015, Energy: -80.971219+0.030351j
[2025-04-23 03:13:40] Iteration: 293/1000, Temp: 0.0014, Energy: -80.851205-0.013357j
[2025-04-23 03:14:12] Iteration: 294/1000, Temp: 0.0014, Energy: -80.915864+0.010613j
[2025-04-23 03:14:44] Iteration: 295/1000, Temp: 0.0014, Energy: -80.696463+0.011679j
[2025-04-23 03:15:16] Iteration: 296/1000, Temp: 0.0013, Energy: -80.589344-0.007269j
[2025-04-23 03:15:48] Iteration: 297/1000, Temp: 0.0013, Energy: -80.708869+0.006329j
[2025-04-23 03:16:21] Iteration: 298/1000, Temp: 0.0013, Energy: -80.863021+0.013265j
[2025-04-23 03:16:53] Iteration: 299/1000, Temp: 0.0013, Energy: -80.818753+0.000915j
[2025-04-23 03:17:25] Iteration: 300/1000, Temp: 0.0012, Energy: -80.756998+0.005779j
[2025-04-23 03:17:58] Iteration: 301/1000, Temp: 0.0012, Energy: -81.089960+0.000663j
[2025-04-23 03:18:30] Iteration: 302/1000, Temp: 0.0012, Energy: -80.955885-0.008051j
[2025-04-23 03:19:02] Iteration: 303/1000, Temp: 0.0012, Energy: -80.852637+0.008756j
[2025-04-23 03:19:34] Iteration: 304/1000, Temp: 0.0011, Energy: -80.711349-0.000955j
[2025-04-23 03:20:06] Iteration: 305/1000, Temp: 0.0011, Energy: -80.843466+0.012072j
[2025-04-23 03:20:38] Iteration: 306/1000, Temp: 0.0011, Energy: -80.900162-0.005539j
[2025-04-23 03:21:10] Iteration: 307/1000, Temp: 0.0011, Energy: -80.794338-0.018385j
[2025-04-23 03:21:42] Iteration: 308/1000, Temp: 0.0011, Energy: -80.958309-0.004546j
[2025-04-23 03:22:14] Iteration: 309/1000, Temp: 0.0010, Energy: -80.818829-0.006438j
[2025-04-23 03:22:46] Iteration: 310/1000, Temp: 0.0010, Energy: -80.797439+0.006588j
[2025-04-23 03:23:19] Iteration: 311/1000, Temp: 0.0010, Energy: -80.949020-0.021416j
[2025-04-23 03:23:51] Iteration: 312/1000, Temp: 0.0010, Energy: -80.864823-0.015033j
[2025-04-23 03:24:23] Iteration: 313/1000, Temp: 0.0010, Energy: -80.910530-0.011625j
[2025-04-23 03:24:56] Iteration: 314/1000, Temp: 0.0009, Energy: -80.719478-0.001981j
[2025-04-23 03:25:28] Iteration: 315/1000, Temp: 0.0009, Energy: -80.698821+0.004390j
[2025-04-23 03:26:00] Iteration: 316/1000, Temp: 0.0009, Energy: -81.009469-0.013144j
[2025-04-23 03:26:33] Iteration: 317/1000, Temp: 0.0009, Energy: -80.977973-0.006309j
[2025-04-23 03:27:05] Iteration: 318/1000, Temp: 0.0009, Energy: -80.694365-0.000787j
[2025-04-23 03:27:37] Iteration: 319/1000, Temp: 0.0008, Energy: -80.622361-0.006977j
[2025-04-23 03:28:09] Iteration: 320/1000, Temp: 0.0008, Energy: -80.696789-0.005313j
[2025-04-23 03:28:41] Iteration: 321/1000, Temp: 0.0008, Energy: -80.606856+0.010418j
[2025-04-23 03:29:13] Iteration: 322/1000, Temp: 0.0008, Energy: -80.571740-0.003788j
[2025-04-23 03:29:46] Iteration: 323/1000, Temp: 0.0008, Energy: -80.668949-0.003960j
[2025-04-23 03:30:18] Iteration: 324/1000, Temp: 0.0008, Energy: -80.771888+0.002168j
[2025-04-23 03:30:50] Iteration: 325/1000, Temp: 0.0008, Energy: -80.714270+0.006174j
[2025-04-23 03:31:22] Iteration: 326/1000, Temp: 0.0007, Energy: -80.801302-0.010001j
[2025-04-23 03:31:54] Iteration: 327/1000, Temp: 0.0007, Energy: -80.830468-0.006526j
[2025-04-23 03:32:27] Iteration: 328/1000, Temp: 0.0007, Energy: -80.798004-0.010958j
[2025-04-23 03:32:59] Iteration: 329/1000, Temp: 0.0007, Energy: -80.741789-0.009321j
[2025-04-23 03:33:31] Iteration: 330/1000, Temp: 0.0007, Energy: -80.710845-0.014331j
[2025-04-23 03:34:03] Iteration: 331/1000, Temp: 0.0007, Energy: -80.669153+0.001158j
[2025-04-23 03:34:35] Iteration: 332/1000, Temp: 0.0007, Energy: -80.824884+0.007538j
[2025-04-23 03:35:07] Iteration: 333/1000, Temp: 0.0006, Energy: -80.862029-0.003421j
[2025-04-23 03:35:40] Iteration: 334/1000, Temp: 0.0006, Energy: -80.909958+0.001944j
[2025-04-23 03:36:12] Iteration: 335/1000, Temp: 0.0006, Energy: -80.942748-0.002076j
[2025-04-23 03:36:45] Iteration: 336/1000, Temp: 0.0006, Energy: -80.884948+0.009828j
[2025-04-23 03:37:17] Iteration: 337/1000, Temp: 0.0006, Energy: -80.818293-0.003453j
[2025-04-23 03:37:49] Iteration: 338/1000, Temp: 0.0006, Energy: -80.808458+0.001901j
[2025-04-23 03:38:21] Iteration: 339/1000, Temp: 0.0006, Energy: -80.848840-0.004402j
[2025-04-23 03:38:53] Iteration: 340/1000, Temp: 0.0006, Energy: -80.930249-0.006262j
[2025-04-23 03:39:25] Iteration: 341/1000, Temp: 0.0005, Energy: -81.060626-0.004923j
[2025-04-23 03:39:58] Iteration: 342/1000, Temp: 0.0005, Energy: -80.954809+0.001509j
[2025-04-23 03:40:30] Iteration: 343/1000, Temp: 0.0005, Energy: -80.744072-0.001480j
[2025-04-23 03:41:02] Iteration: 344/1000, Temp: 0.0005, Energy: -80.778482-0.007516j
[2025-04-23 03:41:34] Iteration: 345/1000, Temp: 0.0005, Energy: -80.964511+0.011435j
[2025-04-23 03:42:06] Iteration: 346/1000, Temp: 0.0005, Energy: -80.915569+0.007463j
[2025-04-23 03:42:38] Iteration: 347/1000, Temp: 0.0005, Energy: -80.669083-0.008775j
[2025-04-23 03:43:11] Iteration: 348/1000, Temp: 0.0005, Energy: -78.661717-0.013246j
[2025-04-23 03:43:43] Iteration: 349/1000, Temp: 0.0005, Energy: -78.891551+0.002990j
[2025-04-23 03:44:15] Iteration: 350/1000, Temp: 0.0005, Energy: -79.265054-0.012594j
[2025-04-23 03:44:47] Iteration: 351/1000, Temp: 0.0004, Energy: -80.209890+0.012832j
[2025-04-23 03:45:19] Iteration: 352/1000, Temp: 0.0004, Energy: -80.672630+0.006811j
[2025-04-23 03:45:51] Iteration: 353/1000, Temp: 0.0004, Energy: -80.831009+0.007706j
[2025-04-23 03:46:23] Iteration: 354/1000, Temp: 0.0004, Energy: -80.913037+0.006835j
[2025-04-23 03:46:55] Iteration: 355/1000, Temp: 0.0004, Energy: -80.929815+0.008584j
[2025-04-23 03:47:28] Iteration: 356/1000, Temp: 0.0004, Energy: -80.911904+0.000481j
[2025-04-23 03:48:00] Iteration: 357/1000, Temp: 0.0004, Energy: -80.994521+0.000316j
[2025-04-23 03:48:33] Iteration: 358/1000, Temp: 0.0004, Energy: -80.995066-0.000919j
[2025-04-23 03:49:05] Iteration: 359/1000, Temp: 0.0004, Energy: -80.972134+0.001106j
[2025-04-23 03:49:37] Iteration: 360/1000, Temp: 0.0004, Energy: -80.798384-0.001846j
[2025-04-23 03:50:09] Iteration: 361/1000, Temp: 0.0004, Energy: -81.012247+0.008443j
[2025-04-23 03:50:41] Iteration: 362/1000, Temp: 0.0004, Energy: -81.264408-0.005482j
[2025-04-23 03:51:13] Iteration: 363/1000, Temp: 0.0004, Energy: -81.210171-0.005628j
[2025-04-23 03:51:46] Iteration: 364/1000, Temp: 0.0003, Energy: -81.055868+0.005102j
[2025-04-23 03:52:18] Iteration: 365/1000, Temp: 0.0003, Energy: -80.884050+0.009998j
[2025-04-23 03:52:50] Iteration: 366/1000, Temp: 0.0003, Energy: -80.884890+0.007807j
[2025-04-23 03:53:23] Iteration: 367/1000, Temp: 0.0003, Energy: -80.895837+0.010199j
[2025-04-23 03:53:55] Iteration: 368/1000, Temp: 0.0003, Energy: -80.932374-0.000528j
[2025-04-23 03:54:27] Iteration: 369/1000, Temp: 0.0003, Energy: -81.015139-0.000706j
[2025-04-23 03:54:59] Iteration: 370/1000, Temp: 0.0003, Energy: -80.942931+0.003157j
[2025-04-23 03:55:31] Iteration: 371/1000, Temp: 0.0003, Energy: -81.028163+0.002692j
[2025-04-23 03:56:04] Iteration: 372/1000, Temp: 0.0003, Energy: -80.948423-0.007398j
[2025-04-23 03:56:36] Iteration: 373/1000, Temp: 0.0003, Energy: -81.080857-0.000593j
[2025-04-23 03:57:08] Iteration: 374/1000, Temp: 0.0003, Energy: -81.103115+0.003518j
[2025-04-23 03:57:40] Iteration: 375/1000, Temp: 0.0003, Energy: -81.110371-0.008208j
[2025-04-23 03:58:12] Iteration: 376/1000, Temp: 0.0003, Energy: -80.935210+0.006053j
[2025-04-23 03:58:44] Iteration: 377/1000, Temp: 0.0003, Energy: -80.913153-0.000051j
[2025-04-23 03:59:16] Iteration: 378/1000, Temp: 0.0003, Energy: -80.941288-0.009568j
[2025-04-23 03:59:48] Iteration: 379/1000, Temp: 0.0003, Energy: -80.898691-0.003387j
[2025-04-23 04:00:21] Iteration: 380/1000, Temp: 0.0003, Energy: -80.962177+0.000319j
[2025-04-23 04:00:53] Iteration: 381/1000, Temp: 0.0002, Energy: -81.007444+0.000183j
[2025-04-23 04:01:25] Iteration: 382/1000, Temp: 0.0002, Energy: -80.835955-0.009742j
[2025-04-23 04:01:58] Iteration: 383/1000, Temp: 0.0002, Energy: -81.011317-0.007704j
[2025-04-23 04:02:30] Iteration: 384/1000, Temp: 0.0002, Energy: -80.962662+0.001965j
[2025-04-23 04:03:02] Iteration: 385/1000, Temp: 0.0002, Energy: -80.928143+0.000001j
[2025-04-23 04:03:34] Iteration: 386/1000, Temp: 0.0002, Energy: -80.989124-0.001871j
[2025-04-23 04:04:06] Iteration: 387/1000, Temp: 0.0002, Energy: -80.915449+0.007432j
[2025-04-23 04:04:38] Iteration: 388/1000, Temp: 0.0002, Energy: -80.788462+0.006363j
[2025-04-23 04:05:10] Iteration: 389/1000, Temp: 0.0002, Energy: -81.026799-0.003856j
[2025-04-23 04:05:42] Iteration: 390/1000, Temp: 0.0002, Energy: -81.023084+0.002697j
[2025-04-23 04:06:14] Iteration: 391/1000, Temp: 0.0002, Energy: -80.990414-0.000160j
[2025-04-23 04:06:46] Iteration: 392/1000, Temp: 0.0002, Energy: -80.804475-0.003689j
[2025-04-23 04:07:18] Iteration: 393/1000, Temp: 0.0002, Energy: -80.957791+0.001074j
[2025-04-23 04:07:51] Iteration: 394/1000, Temp: 0.0002, Energy: -80.802258+0.004760j
[2025-04-23 04:08:23] Iteration: 395/1000, Temp: 0.0002, Energy: -80.985531+0.002887j
[2025-04-23 04:08:55] Iteration: 396/1000, Temp: 0.0002, Energy: -80.949742+0.001444j
[2025-04-23 04:09:28] Iteration: 397/1000, Temp: 0.0002, Energy: -81.023895-0.001127j
[2025-04-23 04:10:00] Iteration: 398/1000, Temp: 0.0002, Energy: -81.058934+0.002722j
[2025-04-23 04:10:32] Iteration: 399/1000, Temp: 0.0002, Energy: -80.964440-0.004611j
[2025-04-23 04:11:04] Iteration: 400/1000, Temp: 0.0002, Energy: -81.017017-0.016532j
[2025-04-23 04:11:36] Iteration: 401/1000, Temp: 0.0002, Energy: -80.933508-0.005853j
[2025-04-23 04:12:08] Iteration: 402/1000, Temp: 0.0002, Energy: -80.969715+0.001280j
[2025-04-23 04:12:40] Iteration: 403/1000, Temp: 0.0002, Energy: -81.027383+0.011452j
[2025-04-23 04:13:13] Iteration: 404/1000, Temp: 0.0002, Energy: -80.932496+0.002117j
[2025-04-23 04:13:45] Iteration: 405/1000, Temp: 0.0002, Energy: -81.162830-0.014036j
[2025-04-23 04:14:17] Iteration: 406/1000, Temp: 0.0001, Energy: -80.932745+0.002433j
[2025-04-23 04:14:49] Iteration: 407/1000, Temp: 0.0001, Energy: -80.873824-0.006472j
[2025-04-23 04:15:21] Iteration: 408/1000, Temp: 0.0001, Energy: -81.061702+0.000957j
[2025-04-23 04:15:54] Iteration: 409/1000, Temp: 0.0001, Energy: -80.987356-0.004911j
[2025-04-23 04:16:26] Iteration: 410/1000, Temp: 0.0001, Energy: -80.762054-0.005203j
[2025-04-23 04:16:59] Iteration: 411/1000, Temp: 0.0001, Energy: -80.971254-0.003990j
[2025-04-23 04:17:31] Iteration: 412/1000, Temp: 0.0001, Energy: -80.733227-0.000236j
[2025-04-23 04:18:03] Iteration: 413/1000, Temp: 0.0001, Energy: -80.963900+0.003113j
[2025-04-23 04:18:35] Iteration: 414/1000, Temp: 0.0001, Energy: -80.912760+0.009494j
[2025-04-23 04:19:08] Iteration: 415/1000, Temp: 0.0001, Energy: -80.940262+0.000724j
[2025-04-23 04:19:40] Iteration: 416/1000, Temp: 0.0001, Energy: -81.036624-0.005289j
[2025-04-23 04:20:12] Iteration: 417/1000, Temp: 0.0001, Energy: -81.105440+0.006873j
[2025-04-23 04:20:44] Iteration: 418/1000, Temp: 0.0001, Energy: -80.869223-0.013514j
[2025-04-23 04:21:17] Iteration: 419/1000, Temp: 0.0001, Energy: -80.925421+0.016303j
[2025-04-23 04:21:49] Iteration: 420/1000, Temp: 0.0001, Energy: -81.016594-0.003598j
[2025-04-23 04:22:21] Iteration: 421/1000, Temp: 0.0001, Energy: -81.071923-0.003482j
[2025-04-23 04:22:53] Iteration: 422/1000, Temp: 0.0001, Energy: -80.931701+0.007965j
[2025-04-23 04:23:25] Iteration: 423/1000, Temp: 0.0001, Energy: -80.987906-0.000466j
[2025-04-23 04:23:57] Iteration: 424/1000, Temp: 0.0001, Energy: -81.083287-0.001146j
[2025-04-23 04:24:29] Iteration: 425/1000, Temp: 0.0001, Energy: -81.039150+0.013556j
[2025-04-23 04:25:01] Iteration: 426/1000, Temp: 0.0001, Energy: -80.974746+0.000590j
[2025-04-23 04:25:33] Iteration: 427/1000, Temp: 0.0001, Energy: -81.037333+0.001763j
[2025-04-23 04:26:05] Iteration: 428/1000, Temp: 0.0001, Energy: -80.834480+0.005185j
[2025-04-23 04:26:37] Iteration: 429/1000, Temp: 0.0001, Energy: -80.998337-0.006848j
[2025-04-23 04:27:09] Iteration: 430/1000, Temp: 0.0001, Energy: -80.794471-0.006069j
[2025-04-23 04:27:42] Iteration: 431/1000, Temp: 0.0001, Energy: -80.932721+0.003005j
[2025-04-23 04:28:14] Iteration: 432/1000, Temp: 0.0001, Energy: -80.811013+0.000855j
[2025-04-23 04:28:46] Iteration: 433/1000, Temp: 0.0001, Energy: -80.701565+0.000664j
[2025-04-23 04:29:18] Iteration: 434/1000, Temp: 0.0001, Energy: -80.866039-0.003722j
[2025-04-23 04:29:50] Iteration: 435/1000, Temp: 0.0001, Energy: -80.770060+0.007471j
[2025-04-23 04:30:23] Iteration: 436/1000, Temp: 0.0001, Energy: -80.815430+0.005896j
[2025-04-23 04:30:55] Iteration: 437/1000, Temp: 0.0001, Energy: -80.877362-0.001419j
[2025-04-23 04:31:28] Iteration: 438/1000, Temp: 0.0001, Energy: -80.876261+0.002603j
[2025-04-23 04:32:00] Iteration: 439/1000, Temp: 0.0001, Energy: -80.771980+0.006559j
[2025-04-23 04:32:32] Iteration: 440/1000, Temp: 0.0001, Energy: -80.754517+0.007860j
[2025-04-23 04:33:04] Iteration: 441/1000, Temp: 0.0001, Energy: -80.863354+0.000758j
[2025-04-23 04:33:36] Iteration: 442/1000, Temp: 0.0001, Energy: -80.909809+0.001943j
[2025-04-23 04:34:08] Iteration: 443/1000, Temp: 0.0001, Energy: -80.935098-0.006367j
[2025-04-23 04:34:40] Iteration: 444/1000, Temp: 0.0001, Energy: -80.938142+0.003375j
[2025-04-23 04:35:13] Iteration: 445/1000, Temp: 0.0001, Energy: -81.051649-0.007245j
[2025-04-23 04:35:45] Iteration: 446/1000, Temp: 0.0001, Energy: -80.969245+0.003348j
[2025-04-23 04:36:17] Iteration: 447/1000, Temp: 0.0001, Energy: -81.074840+0.002278j
[2025-04-23 04:36:49] Iteration: 448/1000, Temp: 0.0001, Energy: -81.056938-0.000490j
[2025-04-23 04:37:21] Iteration: 449/1000, Temp: 0.0001, Energy: -81.095736-0.005770j
[2025-04-23 04:37:53] Iteration: 450/1000, Temp: 0.0001, Energy: -80.859858-0.000264j
[2025-04-23 04:38:25] Iteration: 451/1000, Temp: 0.0001, Energy: -80.938532+0.011904j
[2025-04-23 04:38:57] Iteration: 452/1000, Temp: 0.0001, Energy: -80.783454+0.002770j
[2025-04-23 04:39:29] Iteration: 453/1000, Temp: 0.0001, Energy: -80.766042+0.004793j
[2025-04-23 04:40:01] Iteration: 454/1000, Temp: 0.0001, Energy: -80.894426+0.009570j
[2025-04-23 04:40:33] Iteration: 455/1000, Temp: 0.0001, Energy: -80.902114-0.001156j
[2025-04-23 04:41:06] Iteration: 456/1000, Temp: 0.0001, Energy: -80.982819-0.007196j
[2025-04-23 04:41:38] Iteration: 457/1000, Temp: 0.0001, Energy: -80.968451+0.008016j
[2025-04-23 04:42:10] Iteration: 458/1000, Temp: 0.0001, Energy: -81.181398+0.004300j
[2025-04-23 04:42:43] Iteration: 459/1000, Temp: 0.0001, Energy: -80.955205-0.005793j
[2025-04-23 04:43:15] Iteration: 460/1000, Temp: 0.0001, Energy: -81.042594+0.011499j
[2025-04-23 04:43:47] Iteration: 461/1000, Temp: 0.0000, Energy: -81.048609-0.004009j
[2025-04-23 04:44:19] Iteration: 462/1000, Temp: 0.0000, Energy: -80.700166-0.009540j
[2025-04-23 04:44:51] Iteration: 463/1000, Temp: 0.0000, Energy: -80.844136+0.000643j
[2025-04-23 04:45:23] Iteration: 464/1000, Temp: 0.0000, Energy: -80.836176+0.003525j
[2025-04-23 04:45:55] Iteration: 465/1000, Temp: 0.0000, Energy: -81.040099+0.005185j
[2025-04-23 04:46:27] Iteration: 466/1000, Temp: 0.0000, Energy: -80.929579-0.000621j
[2025-04-23 04:47:00] Iteration: 467/1000, Temp: 0.0000, Energy: -80.853573-0.001569j
[2025-04-23 04:47:32] Iteration: 468/1000, Temp: 0.0000, Energy: -80.956009+0.004050j
[2025-04-23 04:48:04] Iteration: 469/1000, Temp: 0.0000, Energy: -80.830294+0.010046j
[2025-04-23 04:48:37] Iteration: 470/1000, Temp: 0.0000, Energy: -80.883149+0.006037j
[2025-04-23 04:49:09] Iteration: 471/1000, Temp: 0.0000, Energy: -81.092736+0.004659j
[2025-04-23 04:49:41] Iteration: 472/1000, Temp: 0.0000, Energy: -81.039788+0.000639j
[2025-04-23 04:50:13] Iteration: 473/1000, Temp: 0.0000, Energy: -81.017017-0.006512j
[2025-04-23 04:50:45] Iteration: 474/1000, Temp: 0.0000, Energy: -80.887031+0.001997j
[2025-04-23 04:51:17] Iteration: 475/1000, Temp: 0.0000, Energy: -80.808171+0.000158j
[2025-04-23 04:51:49] Iteration: 476/1000, Temp: 0.0000, Energy: -80.851372+0.010550j
[2025-04-23 04:52:22] Iteration: 477/1000, Temp: 0.0000, Energy: -80.882329-0.001342j
[2025-04-23 04:52:54] Iteration: 478/1000, Temp: 0.0000, Energy: -81.000883+0.002898j
[2025-04-23 04:53:26] Iteration: 479/1000, Temp: 0.0000, Energy: -81.074891+0.001720j
[2025-04-23 04:53:58] Iteration: 480/1000, Temp: 0.0000, Energy: -81.058813-0.008323j
[2025-04-23 04:54:30] Iteration: 481/1000, Temp: 0.0000, Energy: -80.891467+0.012288j
[2025-04-23 04:55:02] Iteration: 482/1000, Temp: 0.0000, Energy: -81.044164-0.012125j
[2025-04-23 04:55:35] Iteration: 483/1000, Temp: 0.0000, Energy: -80.944983+0.009868j
[2025-04-23 04:56:07] Iteration: 484/1000, Temp: 0.0000, Energy: -80.865600+0.015121j
[2025-04-23 04:56:39] Iteration: 485/1000, Temp: 0.0000, Energy: -81.048610-0.007822j
[2025-04-23 04:57:11] Iteration: 486/1000, Temp: 0.0000, Energy: -81.076194-0.000446j
[2025-04-23 04:57:43] Iteration: 487/1000, Temp: 0.0000, Energy: -81.082420-0.003521j
[2025-04-23 04:58:15] Iteration: 488/1000, Temp: 0.0000, Energy: -81.061428-0.007734j
[2025-04-23 04:58:47] Iteration: 489/1000, Temp: 0.0000, Energy: -81.074767-0.004136j
[2025-04-23 04:59:19] Iteration: 490/1000, Temp: 0.0000, Energy: -80.979288-0.001289j
[2025-04-23 04:59:52] Iteration: 491/1000, Temp: 0.0000, Energy: -80.944137-0.000455j
[2025-04-23 05:00:24] Iteration: 492/1000, Temp: 0.0000, Energy: -80.989323-0.009542j
[2025-04-23 05:00:56] Iteration: 493/1000, Temp: 0.0000, Energy: -80.961405+0.008843j
[2025-04-23 05:01:29] Iteration: 494/1000, Temp: 0.0000, Energy: -80.901937+0.002714j
[2025-04-23 05:02:01] Iteration: 495/1000, Temp: 0.0000, Energy: -80.982623-0.002453j
[2025-04-23 05:02:33] Iteration: 496/1000, Temp: 0.0000, Energy: -80.773855+0.003450j
[2025-04-23 05:03:05] Iteration: 497/1000, Temp: 0.0000, Energy: -80.874216+0.001466j
[2025-04-23 05:03:37] Iteration: 498/1000, Temp: 0.0000, Energy: -80.933660-0.001958j
[2025-04-23 05:04:10] Iteration: 499/1000, Temp: 0.0000, Energy: -80.909665+0.002530j
[2025-04-23 05:04:42] Iteration: 500/1000, Temp: 0.0000, Energy: -80.817614-0.007459j
[2025-04-23 05:05:14] Iteration: 501/1000, Temp: 0.0000, Energy: -80.940405+0.003089j
[2025-04-23 05:05:46] Iteration: 502/1000, Temp: 0.0000, Energy: -81.096068-0.005237j
[2025-04-23 05:06:18] Iteration: 503/1000, Temp: 0.0000, Energy: -81.018671+0.002125j
[2025-04-23 05:06:50] Iteration: 504/1000, Temp: 0.0000, Energy: -80.979063-0.009972j
[2025-04-23 05:07:22] Iteration: 505/1000, Temp: 0.0000, Energy: -81.010446-0.012727j
[2025-04-23 05:07:54] Iteration: 506/1000, Temp: 0.0000, Energy: -80.962058+0.001983j
[2025-04-23 05:08:27] Iteration: 507/1000, Temp: 0.0000, Energy: -80.985854+0.009275j
[2025-04-23 05:08:59] Iteration: 508/1000, Temp: 0.0000, Energy: -80.906404+0.011533j
[2025-04-23 05:09:31] Iteration: 509/1000, Temp: 0.0000, Energy: -80.857891-0.006302j
[2025-04-23 05:10:04] Iteration: 510/1000, Temp: 0.0000, Energy: -80.966410+0.003089j
[2025-04-23 05:10:36] Iteration: 511/1000, Temp: 0.0000, Energy: -81.012969+0.003074j
[2025-04-23 05:11:08] Iteration: 512/1000, Temp: 0.0000, Energy: -81.015863+0.003377j
[2025-04-23 05:11:40] Iteration: 513/1000, Temp: 0.0000, Energy: -80.967740-0.002148j
[2025-04-23 05:12:12] Iteration: 514/1000, Temp: 0.0000, Energy: -80.892963-0.016695j
[2025-04-23 05:12:45] Iteration: 515/1000, Temp: 0.0000, Energy: -81.137820+0.000162j
[2025-04-23 05:13:17] Iteration: 516/1000, Temp: 0.0000, Energy: -81.005789-0.012630j
[2025-04-23 05:13:49] Iteration: 517/1000, Temp: 0.0000, Energy: -81.015098+0.002308j
[2025-04-23 05:14:21] Iteration: 518/1000, Temp: 0.0000, Energy: -80.987383+0.007844j
[2025-04-23 05:14:53] Iteration: 519/1000, Temp: 0.0000, Energy: -80.971685-0.004476j
[2025-04-23 05:15:25] Iteration: 520/1000, Temp: 0.0000, Energy: -80.873512+0.005939j
[2025-04-23 05:15:58] Iteration: 521/1000, Temp: 0.0000, Energy: -80.931211-0.009004j
[2025-04-23 05:16:30] Iteration: 522/1000, Temp: 0.0000, Energy: -81.022716-0.002961j
[2025-04-23 05:17:02] Iteration: 523/1000, Temp: 0.0000, Energy: -81.141147-0.002737j
[2025-04-23 05:17:35] Iteration: 524/1000, Temp: 0.0000, Energy: -81.125575-0.004179j
[2025-04-23 05:18:07] Iteration: 525/1000, Temp: 0.0000, Energy: -81.062015-0.003382j
[2025-04-23 05:18:39] Iteration: 526/1000, Temp: 0.0000, Energy: -80.982600+0.002008j
[2025-04-23 05:19:11] Iteration: 527/1000, Temp: 0.0000, Energy: -80.955222-0.004977j
[2025-04-23 05:19:44] Iteration: 528/1000, Temp: 0.0000, Energy: -80.819841+0.001433j
[2025-04-23 05:20:15] Iteration: 529/1000, Temp: 0.0000, Energy: -80.839052-0.000884j
[2025-04-23 05:20:48] Iteration: 530/1000, Temp: 0.0000, Energy: -80.988578-0.002557j
[2025-04-23 05:21:20] Iteration: 531/1000, Temp: 0.0000, Energy: -81.015431+0.004222j
[2025-04-23 05:21:52] Iteration: 532/1000, Temp: 0.0000, Energy: -80.899376+0.005565j
[2025-04-23 05:22:24] Iteration: 533/1000, Temp: 0.0000, Energy: -80.867305-0.007135j
[2025-04-23 05:22:57] Iteration: 534/1000, Temp: 0.0000, Energy: -80.837754-0.005922j
[2025-04-23 05:23:29] Iteration: 535/1000, Temp: 0.0000, Energy: -80.890474+0.002326j
[2025-04-23 05:24:01] Iteration: 536/1000, Temp: 0.0000, Energy: -80.925061-0.001301j
[2025-04-23 05:24:33] Iteration: 537/1000, Temp: 0.0000, Energy: -80.825107+0.010035j
[2025-04-23 05:25:05] Iteration: 538/1000, Temp: 0.0000, Energy: -81.041151-0.001687j
[2025-04-23 05:25:37] Iteration: 539/1000, Temp: 0.0000, Energy: -81.073480-0.004709j
[2025-04-23 05:26:09] Iteration: 540/1000, Temp: 0.0000, Energy: -81.037015-0.001502j
[2025-04-23 05:26:41] Iteration: 541/1000, Temp: 0.0000, Energy: -81.079496-0.006619j
[2025-04-23 05:27:14] Iteration: 542/1000, Temp: 0.0000, Energy: -81.026838-0.002711j
[2025-04-23 05:27:46] Iteration: 543/1000, Temp: 0.0000, Energy: -81.016240+0.005008j
[2025-04-23 05:28:18] Iteration: 544/1000, Temp: 0.0000, Energy: -81.035711-0.000175j
[2025-04-23 05:28:50] Iteration: 545/1000, Temp: 0.0000, Energy: -80.965380+0.008459j
[2025-04-23 05:29:22] Iteration: 546/1000, Temp: 0.0000, Energy: -80.795939-0.003894j
[2025-04-23 05:29:54] Iteration: 547/1000, Temp: 0.0000, Energy: -81.107042+0.007536j
[2025-04-23 05:30:26] Iteration: 548/1000, Temp: 0.0000, Energy: -80.975639+0.002646j
[2025-04-23 05:30:58] Iteration: 549/1000, Temp: 0.0000, Energy: -81.108223-0.008946j
[2025-04-23 05:31:30] Iteration: 550/1000, Temp: 0.0000, Energy: -80.908856+0.002156j
[2025-04-23 05:32:03] Iteration: 551/1000, Temp: 0.0000, Energy: -76.216412-0.070048j
[2025-04-23 05:32:35] Iteration: 552/1000, Temp: 0.0000, Energy: -76.544186+0.004726j
[2025-04-23 05:33:07] Iteration: 553/1000, Temp: 0.0000, Energy: -77.289514+0.020967j
[2025-04-23 05:33:39] Iteration: 554/1000, Temp: 0.0000, Energy: -79.357660+0.032427j
[2025-04-23 05:34:12] Iteration: 555/1000, Temp: 0.0000, Energy: -80.823907-0.016925j
[2025-04-23 05:34:44] Iteration: 556/1000, Temp: 0.0000, Energy: -80.953602+0.011064j
[2025-04-23 05:35:16] Iteration: 557/1000, Temp: 0.0000, Energy: -80.887354-0.003656j
[2025-04-23 05:35:48] Iteration: 558/1000, Temp: 0.0000, Energy: -80.833853+0.003031j
[2025-04-23 05:36:21] Iteration: 559/1000, Temp: 0.0000, Energy: -80.791045+0.005921j
[2025-04-23 05:36:53] Iteration: 560/1000, Temp: 0.0000, Energy: -80.784269+0.006821j
[2025-04-23 05:37:25] Iteration: 561/1000, Temp: 0.0000, Energy: -80.807949+0.000887j
[2025-04-23 05:37:57] Iteration: 562/1000, Temp: 0.0000, Energy: -80.804280+0.000741j
[2025-04-23 05:38:29] Iteration: 563/1000, Temp: 0.0000, Energy: -80.809741+0.002039j
[2025-04-23 05:39:02] Iteration: 564/1000, Temp: 0.0000, Energy: -80.869445+0.008615j
[2025-04-23 05:39:34] Iteration: 565/1000, Temp: 0.0000, Energy: -80.834885-0.000458j
[2025-04-23 05:40:07] Iteration: 566/1000, Temp: 0.0000, Energy: -80.788544+0.004411j
[2025-04-23 05:40:39] Iteration: 567/1000, Temp: 0.0000, Energy: -80.754397-0.006293j
[2025-04-23 05:41:11] Iteration: 568/1000, Temp: 0.0000, Energy: -80.799703-0.004077j
[2025-04-23 05:41:43] Iteration: 569/1000, Temp: 0.0000, Energy: -80.913654+0.000965j
[2025-04-23 05:42:15] Iteration: 570/1000, Temp: 0.0000, Energy: -80.923202-0.006778j
[2025-04-23 05:42:47] Iteration: 571/1000, Temp: 0.0000, Energy: -80.814825-0.009262j
[2025-04-23 05:43:19] Iteration: 572/1000, Temp: 0.0000, Energy: -80.721356-0.006325j
[2025-04-23 05:43:51] Iteration: 573/1000, Temp: 0.0000, Energy: -80.785319-0.001894j
[2025-04-23 05:44:24] Iteration: 574/1000, Temp: 0.0000, Energy: -80.910484+0.003284j
[2025-04-23 05:44:56] Iteration: 575/1000, Temp: 0.0000, Energy: -81.043254+0.001626j
[2025-04-23 05:45:29] Iteration: 576/1000, Temp: 0.0000, Energy: -80.794861-0.014030j
[2025-04-23 05:46:01] Iteration: 577/1000, Temp: 0.0000, Energy: -80.902547+0.003445j
[2025-04-23 05:46:33] Iteration: 578/1000, Temp: 0.0000, Energy: -80.914299+0.006602j
[2025-04-23 05:47:05] Iteration: 579/1000, Temp: 0.0000, Energy: -80.923367+0.006045j
[2025-04-23 05:47:37] Iteration: 580/1000, Temp: 0.0000, Energy: -80.865140+0.003457j
[2025-04-23 05:48:10] Iteration: 581/1000, Temp: 0.0000, Energy: -81.031299-0.000100j
[2025-04-23 05:48:42] Iteration: 582/1000, Temp: 0.0000, Energy: -80.909812-0.006127j
[2025-04-23 05:49:14] Iteration: 583/1000, Temp: 0.0000, Energy: -80.944724+0.005926j
[2025-04-23 05:49:46] Iteration: 584/1000, Temp: 0.0000, Energy: -80.744172-0.002767j
[2025-04-23 05:50:18] Iteration: 585/1000, Temp: 0.0000, Energy: -80.876660-0.002289j
[2025-04-23 05:50:51] Iteration: 586/1000, Temp: 0.0000, Energy: -80.844523+0.009405j
[2025-04-23 05:51:23] Iteration: 587/1000, Temp: 0.0000, Energy: -80.868870+0.000462j
[2025-04-23 05:51:55] Iteration: 588/1000, Temp: 0.0000, Energy: -80.895125-0.003389j
[2025-04-23 05:52:27] Iteration: 589/1000, Temp: 0.0000, Energy: -80.907646+0.001952j
[2025-04-23 05:53:00] Iteration: 590/1000, Temp: 0.0000, Energy: -80.923911+0.004652j
[2025-04-23 05:53:32] Iteration: 591/1000, Temp: 0.0000, Energy: -81.034158+0.000349j
[2025-04-23 05:54:04] Iteration: 592/1000, Temp: 0.0000, Energy: -80.961763-0.003218j
[2025-04-23 05:54:36] Iteration: 593/1000, Temp: 0.0000, Energy: -80.853547-0.000962j
[2025-04-23 05:55:09] Iteration: 594/1000, Temp: 0.0000, Energy: -80.975391-0.005790j
[2025-04-23 05:55:41] Iteration: 595/1000, Temp: 0.0000, Energy: -80.933913-0.003683j
[2025-04-23 05:56:13] Iteration: 596/1000, Temp: 0.0000, Energy: -81.083593+0.005258j
[2025-04-23 05:56:46] Iteration: 597/1000, Temp: 0.0000, Energy: -81.166163-0.012900j
[2025-04-23 05:57:18] Iteration: 598/1000, Temp: 0.0000, Energy: -80.889274+0.000716j
[2025-04-23 05:57:50] Iteration: 599/1000, Temp: 0.0000, Energy: -80.846636-0.007731j
[2025-04-23 05:58:22] Iteration: 600/1000, Temp: 0.0000, Energy: -80.850954-0.000054j
[2025-04-23 05:58:54] Iteration: 601/1000, Temp: 0.0000, Energy: -80.924759+0.008084j
[2025-04-23 05:59:26] Iteration: 602/1000, Temp: 0.0000, Energy: -80.948886-0.008079j
[2025-04-23 05:59:58] Iteration: 603/1000, Temp: 0.0000, Energy: -80.959055-0.007233j
[2025-04-23 06:00:31] Iteration: 604/1000, Temp: 0.0000, Energy: -80.745277+0.005048j
[2025-04-23 06:01:03] Iteration: 605/1000, Temp: 0.0000, Energy: -80.959672-0.002726j
[2025-04-23 06:01:35] Iteration: 606/1000, Temp: 0.0000, Energy: -80.977054+0.004171j
[2025-04-23 06:02:08] Iteration: 607/1000, Temp: 0.0000, Energy: -80.815401+0.006933j
[2025-04-23 06:02:40] Iteration: 608/1000, Temp: 0.0000, Energy: -80.855748+0.001720j
[2025-04-23 06:03:12] Iteration: 609/1000, Temp: 0.0000, Energy: -80.770283+0.000105j
[2025-04-23 06:03:45] Iteration: 610/1000, Temp: 0.0000, Energy: -80.916992-0.001036j
[2025-04-23 06:04:17] Iteration: 611/1000, Temp: 0.0000, Energy: -80.861217-0.000700j
[2025-04-23 06:04:49] Iteration: 612/1000, Temp: 0.0000, Energy: -80.894146+0.002556j
[2025-04-23 06:05:21] Iteration: 613/1000, Temp: 0.0000, Energy: -81.054781-0.003759j
[2025-04-23 06:05:53] Iteration: 614/1000, Temp: 0.0000, Energy: -81.132116+0.006760j
[2025-04-23 06:06:25] Iteration: 615/1000, Temp: 0.0000, Energy: -81.050183-0.002141j
[2025-04-23 06:06:57] Iteration: 616/1000, Temp: 0.0000, Energy: -81.031865-0.001046j
[2025-04-23 06:07:30] Iteration: 617/1000, Temp: 0.0000, Energy: -81.007558-0.003159j
[2025-04-23 06:08:02] Iteration: 618/1000, Temp: 0.0000, Energy: -81.019985+0.003489j
[2025-04-23 06:08:34] Iteration: 619/1000, Temp: 0.0000, Energy: -80.941204-0.001997j
[2025-04-23 06:09:07] Iteration: 620/1000, Temp: 0.0000, Energy: -81.000129-0.000513j
[2025-04-23 06:09:39] Iteration: 621/1000, Temp: 0.0000, Energy: -80.762642+0.007121j
[2025-04-23 06:10:11] Iteration: 622/1000, Temp: 0.0000, Energy: -80.758140+0.001154j
[2025-04-23 06:10:43] Iteration: 623/1000, Temp: 0.0000, Energy: -80.967916-0.002377j
[2025-04-23 06:11:15] Iteration: 624/1000, Temp: 0.0000, Energy: -80.924188-0.000993j
[2025-04-23 06:11:48] Iteration: 625/1000, Temp: 0.0000, Energy: -81.031330-0.008244j
[2025-04-23 06:12:20] Iteration: 626/1000, Temp: 0.0000, Energy: -80.842686-0.004154j
[2025-04-23 06:12:52] Iteration: 627/1000, Temp: 0.0000, Energy: -80.636743-0.002121j
[2025-04-23 06:13:24] Iteration: 628/1000, Temp: 0.0000, Energy: -80.830198+0.001041j
[2025-04-23 06:13:56] Iteration: 629/1000, Temp: 0.0000, Energy: -80.800595-0.001541j
[2025-04-23 06:14:28] Iteration: 630/1000, Temp: 0.0000, Energy: -80.948269+0.001716j
[2025-04-23 06:15:01] Iteration: 631/1000, Temp: 0.0000, Energy: -80.976390+0.004160j
[2025-04-23 06:15:33] Iteration: 632/1000, Temp: 0.0000, Energy: -81.023277+0.006256j
[2025-04-23 06:16:05] Iteration: 633/1000, Temp: 0.0000, Energy: -80.872976-0.001295j
[2025-04-23 06:16:38] Iteration: 634/1000, Temp: 0.0000, Energy: -80.977903+0.002832j
[2025-04-23 06:17:10] Iteration: 635/1000, Temp: 0.0000, Energy: -80.930346+0.004425j
[2025-04-23 06:17:42] Iteration: 636/1000, Temp: 0.0000, Energy: -80.964579+0.004640j
[2025-04-23 06:18:15] Iteration: 637/1000, Temp: 0.0000, Energy: -80.949920+0.007996j
[2025-04-23 06:18:47] Iteration: 638/1000, Temp: 0.0000, Energy: -80.862815-0.000417j
[2025-04-23 06:19:19] Iteration: 639/1000, Temp: 0.0000, Energy: -80.904271+0.006256j
[2025-04-23 06:19:51] Iteration: 640/1000, Temp: 0.0000, Energy: -81.179781+0.009709j
[2025-04-23 06:20:23] Iteration: 641/1000, Temp: 0.0000, Energy: -81.030450-0.006491j
[2025-04-23 06:20:56] Iteration: 642/1000, Temp: 0.0000, Energy: -81.024482+0.001493j
[2025-04-23 06:21:28] Iteration: 643/1000, Temp: 0.0000, Energy: -81.016035-0.004674j
[2025-04-23 06:22:00] Iteration: 644/1000, Temp: 0.0000, Energy: -81.101633+0.001735j
[2025-04-23 06:22:32] Iteration: 645/1000, Temp: 0.0000, Energy: -80.975693-0.002149j
[2025-04-23 06:23:04] Iteration: 646/1000, Temp: 0.0000, Energy: -80.820274+0.000453j
[2025-04-23 06:23:36] Iteration: 647/1000, Temp: 0.0000, Energy: -80.890419+0.000131j
[2025-04-23 06:24:08] Iteration: 648/1000, Temp: 0.0000, Energy: -81.048066-0.005467j
[2025-04-23 06:24:41] Iteration: 649/1000, Temp: 0.0000, Energy: -80.953467+0.000523j
[2025-04-23 06:25:13] Iteration: 650/1000, Temp: 0.0000, Energy: -80.908762-0.007429j
[2025-04-23 06:25:45] Iteration: 651/1000, Temp: 0.0000, Energy: -80.943678+0.004477j
[2025-04-23 06:26:17] Iteration: 652/1000, Temp: 0.0000, Energy: -80.992763+0.001781j
[2025-04-23 06:26:50] Iteration: 653/1000, Temp: 0.0000, Energy: -80.971274-0.001113j
[2025-04-23 06:27:22] Iteration: 654/1000, Temp: 0.0000, Energy: -80.885785+0.004738j
[2025-04-23 06:27:54] Iteration: 655/1000, Temp: 0.0000, Energy: -81.016538-0.000827j
[2025-04-23 06:28:26] Iteration: 656/1000, Temp: 0.0000, Energy: -81.009250-0.003173j
[2025-04-23 06:28:58] Iteration: 657/1000, Temp: 0.0000, Energy: -81.035922-0.005223j
[2025-04-23 06:29:30] Iteration: 658/1000, Temp: 0.0000, Energy: -80.897041-0.003283j
[2025-04-23 06:30:03] Iteration: 659/1000, Temp: 0.0000, Energy: -81.027601+0.002146j
[2025-04-23 06:30:35] Iteration: 660/1000, Temp: 0.0000, Energy: -81.005901-0.004024j
[2025-04-23 06:31:07] Iteration: 661/1000, Temp: 0.0000, Energy: -80.858822-0.001762j
[2025-04-23 06:31:39] Iteration: 662/1000, Temp: 0.0000, Energy: -80.892147+0.005562j
[2025-04-23 06:32:12] Iteration: 663/1000, Temp: 0.0000, Energy: -80.914249-0.005522j
[2025-04-23 06:32:44] Iteration: 664/1000, Temp: 0.0000, Energy: -81.054236-0.002831j
[2025-04-23 06:33:16] Iteration: 665/1000, Temp: 0.0000, Energy: -80.991830+0.007726j
[2025-04-23 06:33:48] Iteration: 666/1000, Temp: 0.0000, Energy: -81.012852-0.003998j
[2025-04-23 06:34:20] Iteration: 667/1000, Temp: 0.0000, Energy: -81.150165+0.005102j
[2025-04-23 06:34:52] Iteration: 668/1000, Temp: 0.0000, Energy: -80.913561-0.006052j
[2025-04-23 06:35:24] Iteration: 669/1000, Temp: 0.0000, Energy: -80.906417+0.003064j
[2025-04-23 06:35:56] Iteration: 670/1000, Temp: 0.0000, Energy: -80.851341+0.002239j
[2025-04-23 06:36:28] Iteration: 671/1000, Temp: 0.0000, Energy: -81.008525-0.006927j
[2025-04-23 06:37:00] Iteration: 672/1000, Temp: 0.0000, Energy: -81.161579+0.002233j
[2025-04-23 06:37:32] Iteration: 673/1000, Temp: 0.0000, Energy: -81.159813-0.002773j
[2025-04-23 06:38:05] Iteration: 674/1000, Temp: 0.0000, Energy: -81.147534+0.000437j
[2025-04-23 06:38:37] Iteration: 675/1000, Temp: 0.0000, Energy: -81.166911+0.003292j
[2025-04-23 06:39:09] Iteration: 676/1000, Temp: 0.0000, Energy: -81.039701-0.004761j
[2025-04-23 06:39:41] Iteration: 677/1000, Temp: 0.0000, Energy: -80.912020+0.011656j
[2025-04-23 06:40:13] Iteration: 678/1000, Temp: 0.0000, Energy: -81.087836-0.001303j
[2025-04-23 06:40:45] Iteration: 679/1000, Temp: 0.0000, Energy: -80.964379-0.003603j
[2025-04-23 06:41:18] Iteration: 680/1000, Temp: 0.0000, Energy: -81.027267-0.000861j
[2025-04-23 06:41:50] Iteration: 681/1000, Temp: 0.0000, Energy: -81.040488-0.008013j
[2025-04-23 06:42:22] Iteration: 682/1000, Temp: 0.0000, Energy: -80.968466+0.004610j
[2025-04-23 06:42:54] Iteration: 683/1000, Temp: 0.0000, Energy: -80.803489+0.002802j
[2025-04-23 06:43:27] Iteration: 684/1000, Temp: 0.0000, Energy: -80.874095-0.004372j
[2025-04-23 06:43:59] Iteration: 685/1000, Temp: 0.0000, Energy: -80.774477+0.002053j
[2025-04-23 06:44:31] Iteration: 686/1000, Temp: 0.0000, Energy: -80.899990-0.001551j
[2025-04-23 06:45:03] Iteration: 687/1000, Temp: 0.0000, Energy: -80.767613+0.003996j
[2025-04-23 06:45:35] Iteration: 688/1000, Temp: 0.0000, Energy: -80.871489+0.003928j
[2025-04-23 06:46:07] Iteration: 689/1000, Temp: 0.0000, Energy: -81.019795+0.002253j
[2025-04-23 06:46:40] Iteration: 690/1000, Temp: 0.0000, Energy: -80.847429+0.001737j
[2025-04-23 06:47:12] Iteration: 691/1000, Temp: 0.0000, Energy: -80.693267-0.005258j
[2025-04-23 06:47:44] Iteration: 692/1000, Temp: 0.0000, Energy: -80.728654-0.007885j
[2025-04-23 06:48:16] Iteration: 693/1000, Temp: 0.0000, Energy: -81.056903+0.002151j
[2025-04-23 06:48:48] Iteration: 694/1000, Temp: 0.0000, Energy: -80.967214-0.003364j
[2025-04-23 06:49:21] Iteration: 695/1000, Temp: 0.0000, Energy: -80.929875+0.005180j
[2025-04-23 06:49:53] Iteration: 696/1000, Temp: 0.0000, Energy: -80.861185+0.000098j
[2025-04-23 06:50:25] Iteration: 697/1000, Temp: 0.0000, Energy: -80.864882-0.003417j
[2025-04-23 06:50:57] Iteration: 698/1000, Temp: 0.0000, Energy: -81.000343+0.015232j
[2025-04-23 06:51:30] Iteration: 699/1000, Temp: 0.0000, Energy: -81.032961-0.002479j
[2025-04-23 06:52:02] Iteration: 700/1000, Temp: 0.0000, Energy: -80.992290-0.000538j
[2025-04-23 06:52:34] Iteration: 701/1000, Temp: 0.0000, Energy: -80.973376+0.004315j
[2025-04-23 06:53:06] Iteration: 702/1000, Temp: 0.0000, Energy: -80.871531+0.000512j
[2025-04-23 06:53:38] Iteration: 703/1000, Temp: 0.0000, Energy: -80.994670-0.002323j
[2025-04-23 06:54:10] Iteration: 704/1000, Temp: 0.0000, Energy: -80.896492+0.001117j
[2025-04-23 06:54:43] Iteration: 705/1000, Temp: 0.0000, Energy: -80.899224-0.004444j
[2025-04-23 06:55:15] Iteration: 706/1000, Temp: 0.0000, Energy: -81.025923-0.001393j
[2025-04-23 06:55:47] Iteration: 707/1000, Temp: 0.0000, Energy: -80.963433-0.000019j
[2025-04-23 06:56:19] Iteration: 708/1000, Temp: 0.0000, Energy: -80.826924+0.006554j
[2025-04-23 06:56:52] Iteration: 709/1000, Temp: 0.0000, Energy: -80.947427+0.002921j
[2025-04-23 06:57:24] Iteration: 710/1000, Temp: 0.0000, Energy: -81.003027+0.001478j
[2025-04-23 06:57:57] Iteration: 711/1000, Temp: 0.0000, Energy: -80.796128-0.001732j
[2025-04-23 06:58:29] Iteration: 712/1000, Temp: 0.0000, Energy: -80.871561+0.001783j
[2025-04-23 06:59:01] Iteration: 713/1000, Temp: 0.0000, Energy: -80.787840+0.002917j
[2025-04-23 06:59:34] Iteration: 714/1000, Temp: 0.0000, Energy: -80.934609+0.000590j
[2025-04-23 07:00:06] Iteration: 715/1000, Temp: 0.0000, Energy: -80.926233+0.008547j
[2025-04-23 07:00:38] Iteration: 716/1000, Temp: 0.0000, Energy: -80.834500+0.000161j
[2025-04-23 07:01:10] Iteration: 717/1000, Temp: 0.0000, Energy: -80.898400-0.001493j
[2025-04-23 07:01:43] Iteration: 718/1000, Temp: 0.0000, Energy: -80.769568-0.000601j
[2025-04-23 07:02:15] Iteration: 719/1000, Temp: 0.0000, Energy: -80.916049+0.002815j
[2025-04-23 07:02:47] Iteration: 720/1000, Temp: 0.0000, Energy: -81.115802+0.007070j
[2025-04-23 07:03:19] Iteration: 721/1000, Temp: 0.0000, Energy: -81.081233+0.004176j
[2025-04-23 07:03:52] Iteration: 722/1000, Temp: 0.0000, Energy: -81.076837+0.006066j
[2025-04-23 07:04:24] Iteration: 723/1000, Temp: 0.0000, Energy: -81.098500+0.003351j
[2025-04-23 07:04:56] Iteration: 724/1000, Temp: 0.0000, Energy: -81.039258-0.002658j
[2025-04-23 07:05:28] Iteration: 725/1000, Temp: 0.0000, Energy: -80.819897+0.007513j
[2025-04-23 07:06:00] Iteration: 726/1000, Temp: 0.0000, Energy: -80.860753-0.001462j
[2025-04-23 07:06:32] Iteration: 727/1000, Temp: 0.0000, Energy: -80.867406+0.001698j
[2025-04-23 07:07:05] Iteration: 728/1000, Temp: 0.0000, Energy: -81.033313+0.002771j
[2025-04-23 07:07:37] Iteration: 729/1000, Temp: 0.0000, Energy: -80.893341+0.008198j
[2025-04-23 07:08:09] Iteration: 730/1000, Temp: 0.0000, Energy: -81.042433+0.002242j
[2025-04-23 07:08:41] Iteration: 731/1000, Temp: 0.0000, Energy: -80.949593-0.000184j
[2025-04-23 07:09:13] Iteration: 732/1000, Temp: 0.0000, Energy: -81.079597-0.003292j
[2025-04-23 07:09:45] Iteration: 733/1000, Temp: 0.0000, Energy: -80.831162+0.003217j
[2025-04-23 07:10:18] Iteration: 734/1000, Temp: 0.0000, Energy: -80.915028+0.000250j
[2025-04-23 07:10:50] Iteration: 735/1000, Temp: 0.0000, Energy: -81.022533+0.002480j
[2025-04-23 07:11:22] Iteration: 736/1000, Temp: 0.0000, Energy: -81.098760+0.002013j
[2025-04-23 07:11:55] Iteration: 737/1000, Temp: 0.0000, Energy: -81.099157+0.003992j
[2025-04-23 07:12:27] Iteration: 738/1000, Temp: 0.0000, Energy: -81.097559-0.004370j
[2025-04-23 07:12:59] Iteration: 739/1000, Temp: 0.0000, Energy: -81.058416-0.003648j
[2025-04-23 07:13:31] Iteration: 740/1000, Temp: 0.0000, Energy: -81.083849-0.007348j
[2025-04-23 07:14:03] Iteration: 741/1000, Temp: 0.0000, Energy: -80.908831+0.001665j
[2025-04-23 07:14:36] Iteration: 742/1000, Temp: 0.0000, Energy: -80.859610+0.000307j
[2025-04-23 07:15:08] Iteration: 743/1000, Temp: 0.0000, Energy: -80.994139+0.001431j
[2025-04-23 07:15:40] Iteration: 744/1000, Temp: 0.0000, Energy: -80.919593-0.001359j
[2025-04-23 07:16:12] Iteration: 745/1000, Temp: 0.0000, Energy: -80.903209-0.003059j
[2025-04-23 07:16:44] Iteration: 746/1000, Temp: 0.0000, Energy: -81.071688-0.004961j
[2025-04-23 07:17:16] Iteration: 747/1000, Temp: 0.0000, Energy: -80.947762+0.002805j
[2025-04-23 07:17:49] Iteration: 748/1000, Temp: 0.0000, Energy: -80.838436+0.004735j
[2025-04-23 07:18:21] Iteration: 749/1000, Temp: 0.0000, Energy: -80.924819-0.001883j
[2025-04-23 07:18:54] Iteration: 750/1000, Temp: 0.0000, Energy: -80.893229-0.003306j
[2025-04-23 07:19:26] Iteration: 751/1000, Temp: 0.0000, Energy: -80.914010-0.000084j
[2025-04-23 07:19:58] Iteration: 752/1000, Temp: 0.0000, Energy: -81.042364-0.001734j
[2025-04-23 07:20:30] Iteration: 753/1000, Temp: 0.0000, Energy: -80.918201-0.004282j
[2025-04-23 07:21:03] Iteration: 754/1000, Temp: 0.0000, Energy: -80.842724-0.005727j
[2025-04-23 07:21:35] Iteration: 755/1000, Temp: 0.0000, Energy: -80.914900-0.003292j
[2025-04-23 07:22:07] Iteration: 756/1000, Temp: 0.0000, Energy: -81.029337+0.006060j
[2025-04-23 07:22:39] Iteration: 757/1000, Temp: 0.0000, Energy: -80.931216+0.003406j
[2025-04-23 07:23:11] Iteration: 758/1000, Temp: 0.0000, Energy: -80.798492+0.005180j
[2025-04-23 07:23:44] Iteration: 759/1000, Temp: 0.0000, Energy: -80.747212+0.008534j
[2025-04-23 07:24:16] Iteration: 760/1000, Temp: 0.0000, Energy: -80.754071+0.004964j
[2025-04-23 07:24:48] Iteration: 761/1000, Temp: 0.0000, Energy: -81.019301+0.006982j
[2025-04-23 07:25:20] Iteration: 762/1000, Temp: 0.0000, Energy: -80.878778+0.006133j
[2025-04-23 07:25:53] Iteration: 763/1000, Temp: 0.0000, Energy: -80.835451+0.007348j
[2025-04-23 07:26:25] Iteration: 764/1000, Temp: 0.0000, Energy: -80.934127+0.003478j
[2025-04-23 07:26:58] Iteration: 765/1000, Temp: 0.0000, Energy: -80.794827+0.005525j
[2025-04-23 07:27:30] Iteration: 766/1000, Temp: 0.0000, Energy: -80.787236-0.004419j
[2025-04-23 07:28:02] Iteration: 767/1000, Temp: 0.0000, Energy: -80.996480+0.001467j
[2025-04-23 07:28:34] Iteration: 768/1000, Temp: 0.0000, Energy: -80.913421-0.001148j
[2025-04-23 07:29:07] Iteration: 769/1000, Temp: 0.0000, Energy: -81.005907+0.003118j
[2025-04-23 07:29:39] Iteration: 770/1000, Temp: 0.0000, Energy: -81.024744-0.008821j
[2025-04-23 07:30:11] Iteration: 771/1000, Temp: 0.0000, Energy: -80.913423+0.001667j
[2025-04-23 07:30:43] Iteration: 772/1000, Temp: 0.0000, Energy: -80.830285-0.000211j
[2025-04-23 07:31:15] Iteration: 773/1000, Temp: 0.0000, Energy: -81.033763-0.002228j
[2025-04-23 07:31:47] Iteration: 774/1000, Temp: 0.0000, Energy: -80.933669+0.005678j
[2025-04-23 07:32:19] Iteration: 775/1000, Temp: 0.0000, Energy: -81.025556+0.001113j
[2025-04-23 07:32:51] Iteration: 776/1000, Temp: 0.0000, Energy: -81.043331+0.002097j
[2025-04-23 07:33:24] Iteration: 777/1000, Temp: 0.0000, Energy: -80.861758-0.001884j
[2025-04-23 07:33:56] Iteration: 778/1000, Temp: 0.0000, Energy: -81.134204-0.003785j
[2025-04-23 07:34:29] Iteration: 779/1000, Temp: 0.0000, Energy: -80.886928-0.005938j
[2025-04-23 07:35:01] Iteration: 780/1000, Temp: 0.0000, Energy: -80.945066-0.000825j
[2025-04-23 07:35:33] Iteration: 781/1000, Temp: 0.0000, Energy: -81.074242-0.000370j
[2025-04-23 07:36:05] Iteration: 782/1000, Temp: 0.0000, Energy: -81.007995+0.004605j
[2025-04-23 07:36:37] Iteration: 783/1000, Temp: 0.0000, Energy: -81.000578-0.004617j
[2025-04-23 07:37:10] Iteration: 784/1000, Temp: 0.0000, Energy: -80.950480-0.003672j
[2025-04-23 07:37:42] Iteration: 785/1000, Temp: 0.0000, Energy: -80.981312-0.001073j
[2025-04-23 07:38:14] Iteration: 786/1000, Temp: 0.0000, Energy: -80.927885-0.000820j
[2025-04-23 07:38:46] Iteration: 787/1000, Temp: 0.0000, Energy: -80.930929-0.006120j
[2025-04-23 07:39:18] Iteration: 788/1000, Temp: 0.0000, Energy: -80.823888-0.006416j
[2025-04-23 07:39:51] Iteration: 789/1000, Temp: 0.0000, Energy: -81.082771-0.000754j
[2025-04-23 07:40:23] Iteration: 790/1000, Temp: 0.0000, Energy: -80.894483-0.003682j
[2025-04-23 07:40:56] Iteration: 791/1000, Temp: 0.0000, Energy: -80.819188+0.003952j
[2025-04-23 07:41:28] Iteration: 792/1000, Temp: 0.0000, Energy: -80.981011+0.005086j
[2025-04-23 07:42:00] Iteration: 793/1000, Temp: 0.0000, Energy: -81.125599-0.004976j
[2025-04-23 07:42:32] Iteration: 794/1000, Temp: 0.0000, Energy: -81.017458+0.005294j
[2025-04-23 07:43:04] Iteration: 795/1000, Temp: 0.0000, Energy: -80.959338-0.002184j
[2025-04-23 07:43:36] Iteration: 796/1000, Temp: 0.0000, Energy: -81.037592-0.004769j
[2025-04-23 07:44:09] Iteration: 797/1000, Temp: 0.0000, Energy: -80.967470+0.010248j
[2025-04-23 07:44:41] Iteration: 798/1000, Temp: 0.0000, Energy: -80.977711+0.003995j
[2025-04-23 07:45:13] Iteration: 799/1000, Temp: 0.0000, Energy: -80.997311+0.006701j
[2025-04-23 07:45:45] Iteration: 800/1000, Temp: 0.0000, Energy: -81.110547-0.000567j
[2025-04-23 07:46:18] Iteration: 801/1000, Temp: 0.0000, Energy: -81.002055-0.005148j
[2025-04-23 07:46:50] Iteration: 802/1000, Temp: 0.0000, Energy: -81.020089+0.001295j
[2025-04-23 07:47:22] Iteration: 803/1000, Temp: 0.0000, Energy: -81.217806+0.006157j
[2025-04-23 07:47:54] Iteration: 804/1000, Temp: 0.0000, Energy: -81.154310-0.002915j
[2025-04-23 07:48:27] Iteration: 805/1000, Temp: 0.0000, Energy: -81.095084+0.002358j
[2025-04-23 07:48:59] Iteration: 806/1000, Temp: 0.0000, Energy: -81.099681-0.000676j
[2025-04-23 07:49:31] Iteration: 807/1000, Temp: 0.0000, Energy: -81.048860-0.003247j
[2025-04-23 07:50:03] Iteration: 808/1000, Temp: 0.0000, Energy: -81.074088+0.004784j
[2025-04-23 07:50:35] Iteration: 809/1000, Temp: 0.0000, Energy: -81.054484-0.016023j
[2025-04-23 07:51:07] Iteration: 810/1000, Temp: 0.0000, Energy: -81.104447-0.002123j
[2025-04-23 07:51:39] Iteration: 811/1000, Temp: 0.0000, Energy: -80.979114-0.006085j
[2025-04-23 07:52:12] Iteration: 812/1000, Temp: 0.0000, Energy: -80.925960-0.004250j
[2025-04-23 07:52:44] Iteration: 813/1000, Temp: 0.0000, Energy: -81.040121-0.001969j
[2025-04-23 07:53:16] Iteration: 814/1000, Temp: 0.0000, Energy: -80.962283-0.004057j
[2025-04-23 07:53:49] Iteration: 815/1000, Temp: 0.0000, Energy: -81.018339+0.005857j
[2025-04-23 07:54:21] Iteration: 816/1000, Temp: 0.0000, Energy: -81.027477-0.000676j
[2025-04-23 07:54:53] Iteration: 817/1000, Temp: 0.0000, Energy: -80.910560-0.001383j
[2025-04-23 07:55:25] Iteration: 818/1000, Temp: 0.0000, Energy: -80.849884+0.000997j
[2025-04-23 07:55:58] Iteration: 819/1000, Temp: 0.0000, Energy: -80.974951+0.007067j
[2025-04-23 07:56:30] Iteration: 820/1000, Temp: 0.0000, Energy: -81.033562+0.005580j
[2025-04-23 07:57:02] Iteration: 821/1000, Temp: 0.0000, Energy: -81.142060+0.001531j
[2025-04-23 07:57:34] Iteration: 822/1000, Temp: 0.0000, Energy: -81.101218+0.002102j
[2025-04-23 07:58:06] Iteration: 823/1000, Temp: 0.0000, Energy: -80.915492+0.000198j
[2025-04-23 07:58:38] Iteration: 824/1000, Temp: 0.0000, Energy: -80.846096+0.009612j
[2025-04-23 07:59:10] Iteration: 825/1000, Temp: 0.0000, Energy: -80.863900+0.000227j
[2025-04-23 07:59:43] Iteration: 826/1000, Temp: 0.0000, Energy: -80.901112-0.004140j
[2025-04-23 08:00:15] Iteration: 827/1000, Temp: 0.0000, Energy: -81.104849-0.001266j
[2025-04-23 08:00:47] Iteration: 828/1000, Temp: 0.0000, Energy: -81.018438+0.002449j
[2025-04-23 08:01:20] Iteration: 829/1000, Temp: 0.0000, Energy: -80.972973-0.000668j
[2025-04-23 08:01:52] Iteration: 830/1000, Temp: 0.0000, Energy: -80.936847-0.004692j
[2025-04-23 08:02:25] Iteration: 831/1000, Temp: 0.0000, Energy: -81.130848-0.001078j
[2025-04-23 08:02:57] Iteration: 832/1000, Temp: 0.0000, Energy: -81.193016+0.006574j
[2025-04-23 08:03:29] Iteration: 833/1000, Temp: 0.0000, Energy: -81.099860+0.001812j
[2025-04-23 08:04:01] Iteration: 834/1000, Temp: 0.0000, Energy: -80.941288+0.003968j
[2025-04-23 08:04:34] Iteration: 835/1000, Temp: 0.0000, Energy: -80.800610-0.005082j
[2025-04-23 08:05:06] Iteration: 836/1000, Temp: 0.0000, Energy: -80.921837-0.001046j
[2025-04-23 08:05:38] Iteration: 837/1000, Temp: 0.0000, Energy: -80.885947+0.002657j
[2025-04-23 08:06:11] Iteration: 838/1000, Temp: 0.0000, Energy: -80.969321+0.001680j
[2025-04-23 08:06:43] Iteration: 839/1000, Temp: 0.0000, Energy: -80.963462+0.002904j
[2025-04-23 08:07:15] Iteration: 840/1000, Temp: 0.0000, Energy: -80.967573-0.001172j
[2025-04-23 08:07:47] Iteration: 841/1000, Temp: 0.0000, Energy: -80.898426-0.002207j
[2025-04-23 08:08:19] Iteration: 842/1000, Temp: 0.0000, Energy: -81.038587+0.005502j
[2025-04-23 08:08:52] Iteration: 843/1000, Temp: 0.0000, Energy: -80.973620-0.001875j
[2025-04-23 08:09:24] Iteration: 844/1000, Temp: 0.0000, Energy: -80.854021+0.005392j
[2025-04-23 08:09:57] Iteration: 845/1000, Temp: 0.0000, Energy: -80.928857-0.004932j
[2025-04-23 08:10:29] Iteration: 846/1000, Temp: 0.0000, Energy: -81.094780+0.002712j
[2025-04-23 08:11:01] Iteration: 847/1000, Temp: 0.0000, Energy: -81.016220-0.002120j
[2025-04-23 08:11:33] Iteration: 848/1000, Temp: 0.0000, Energy: -80.992794+0.000297j
[2025-04-23 08:12:05] Iteration: 849/1000, Temp: 0.0000, Energy: -80.918422-0.000578j
[2025-04-23 08:12:37] Iteration: 850/1000, Temp: 0.0000, Energy: -80.934078-0.004092j
[2025-04-23 08:13:10] Iteration: 851/1000, Temp: 0.0000, Energy: -80.979879-0.001357j
[2025-04-23 08:13:42] Iteration: 852/1000, Temp: 0.0000, Energy: -81.032628+0.006773j
[2025-04-23 08:14:14] Iteration: 853/1000, Temp: 0.0000, Energy: -81.072377+0.000779j
[2025-04-23 08:14:46] Iteration: 854/1000, Temp: 0.0000, Energy: -81.089044-0.001130j
[2025-04-23 08:15:19] Iteration: 855/1000, Temp: 0.0000, Energy: -81.046089+0.001759j
[2025-04-23 08:15:51] Iteration: 856/1000, Temp: 0.0000, Energy: -81.100995-0.004227j
[2025-04-23 08:16:23] Iteration: 857/1000, Temp: 0.0000, Energy: -81.232365-0.004885j
[2025-04-23 08:16:55] Iteration: 858/1000, Temp: 0.0000, Energy: -80.966475-0.000687j
[2025-04-23 08:17:27] Iteration: 859/1000, Temp: 0.0000, Energy: -81.095960-0.003077j
[2025-04-23 08:18:00] Iteration: 860/1000, Temp: 0.0000, Energy: -80.933971+0.004483j
[2025-04-23 08:18:32] Iteration: 861/1000, Temp: 0.0000, Energy: -80.977971-0.000336j
[2025-04-23 08:19:04] Iteration: 862/1000, Temp: 0.0000, Energy: -81.076431+0.002320j
[2025-04-23 08:19:36] Iteration: 863/1000, Temp: 0.0000, Energy: -80.929117-0.004601j
[2025-04-23 08:20:08] Iteration: 864/1000, Temp: 0.0000, Energy: -80.907057-0.001180j
[2025-04-23 08:20:40] Iteration: 865/1000, Temp: 0.0000, Energy: -80.997301-0.002204j
[2025-04-23 08:21:13] Iteration: 866/1000, Temp: 0.0000, Energy: -80.938473+0.001914j
[2025-04-23 08:21:45] Iteration: 867/1000, Temp: 0.0000, Energy: -80.886711+0.000735j
[2025-04-23 08:22:18] Iteration: 868/1000, Temp: 0.0000, Energy: -81.020791+0.003200j
[2025-04-23 08:22:50] Iteration: 869/1000, Temp: 0.0000, Energy: -80.978735+0.000397j
[2025-04-23 08:23:22] Iteration: 870/1000, Temp: 0.0000, Energy: -80.809632-0.001131j
[2025-04-23 08:23:54] Iteration: 871/1000, Temp: 0.0000, Energy: -80.832817-0.005454j
[2025-04-23 08:24:26] Iteration: 872/1000, Temp: 0.0000, Energy: -81.130579-0.004435j
[2025-04-23 08:24:58] Iteration: 873/1000, Temp: 0.0000, Energy: -81.025842+0.008844j
[2025-04-23 08:25:30] Iteration: 874/1000, Temp: 0.0000, Energy: -81.032235-0.006865j
[2025-04-23 08:26:02] Iteration: 875/1000, Temp: 0.0000, Energy: -81.072489-0.000995j
[2025-04-23 08:26:35] Iteration: 876/1000, Temp: 0.0000, Energy: -81.134791-0.004012j
[2025-04-23 08:27:07] Iteration: 877/1000, Temp: 0.0000, Energy: -81.022027-0.000702j
[2025-04-23 08:27:39] Iteration: 878/1000, Temp: 0.0000, Energy: -81.038183+0.001082j
[2025-04-23 08:28:11] Iteration: 879/1000, Temp: 0.0000, Energy: -81.084282+0.005420j
[2025-04-23 08:28:43] Iteration: 880/1000, Temp: 0.0000, Energy: -81.202170-0.004400j
[2025-04-23 08:29:15] Iteration: 881/1000, Temp: 0.0000, Energy: -81.099068-0.000594j
[2025-04-23 08:29:48] Iteration: 882/1000, Temp: 0.0000, Energy: -81.266033-0.000820j
[2025-04-23 08:30:20] Iteration: 883/1000, Temp: 0.0000, Energy: -81.131099+0.000834j
[2025-04-23 08:30:52] Iteration: 884/1000, Temp: 0.0000, Energy: -81.112359-0.001490j
[2025-04-23 08:31:24] Iteration: 885/1000, Temp: 0.0000, Energy: -81.119356-0.002165j
[2025-04-23 08:31:57] Iteration: 886/1000, Temp: 0.0000, Energy: -81.005701+0.009363j
[2025-04-23 08:32:29] Iteration: 887/1000, Temp: 0.0000, Energy: -81.118699-0.003787j
[2025-04-23 08:33:01] Iteration: 888/1000, Temp: 0.0000, Energy: -81.068390-0.005053j
[2025-04-23 08:33:33] Iteration: 889/1000, Temp: 0.0000, Energy: -80.990497-0.003916j
[2025-04-23 08:34:06] Iteration: 890/1000, Temp: 0.0000, Energy: -81.093932+0.000250j
[2025-04-23 08:34:38] Iteration: 891/1000, Temp: 0.0000, Energy: -81.137967-0.006124j
[2025-04-23 08:35:10] Iteration: 892/1000, Temp: 0.0000, Energy: -81.108471-0.002088j
[2025-04-23 08:35:43] Iteration: 893/1000, Temp: 0.0000, Energy: -81.140244+0.001671j
[2025-04-23 08:36:15] Iteration: 894/1000, Temp: 0.0000, Energy: -81.017742-0.003243j
[2025-04-23 08:36:47] Iteration: 895/1000, Temp: 0.0000, Energy: -80.971794-0.005866j
[2025-04-23 08:37:20] Iteration: 896/1000, Temp: 0.0000, Energy: -80.907152-0.001754j
[2025-04-23 08:37:52] Iteration: 897/1000, Temp: 0.0000, Energy: -80.962988-0.001915j
[2025-04-23 08:38:24] Iteration: 898/1000, Temp: 0.0000, Energy: -80.841871-0.006603j
[2025-04-23 08:38:57] Iteration: 899/1000, Temp: 0.0000, Energy: -80.988588+0.000221j
[2025-04-23 08:39:29] Iteration: 900/1000, Temp: 0.0000, Energy: -80.925306+0.016417j
[2025-04-23 08:40:01] Iteration: 901/1000, Temp: 0.0000, Energy: -80.946820-0.000769j
[2025-04-23 08:40:33] Iteration: 902/1000, Temp: 0.0000, Energy: -81.046380-0.002183j
[2025-04-23 08:41:05] Iteration: 903/1000, Temp: 0.0000, Energy: -81.000386+0.000895j
[2025-04-23 08:41:37] Iteration: 904/1000, Temp: 0.0000, Energy: -81.012434-0.001196j
[2025-04-23 08:42:10] Iteration: 905/1000, Temp: 0.0000, Energy: -80.928842+0.000178j
[2025-04-23 08:42:42] Iteration: 906/1000, Temp: 0.0000, Energy: -80.865764+0.003197j
[2025-04-23 08:43:14] Iteration: 907/1000, Temp: 0.0000, Energy: -80.818341-0.000834j
[2025-04-23 08:43:46] Iteration: 908/1000, Temp: 0.0000, Energy: -81.037830+0.003578j
[2025-04-23 08:44:18] Iteration: 909/1000, Temp: 0.0000, Energy: -80.951569-0.001793j
[2025-04-23 08:44:50] Iteration: 910/1000, Temp: 0.0000, Energy: -80.959415+0.002724j
[2025-04-23 08:45:22] Iteration: 911/1000, Temp: 0.0000, Energy: -81.056171+0.000927j
[2025-04-23 08:45:54] Iteration: 912/1000, Temp: 0.0000, Energy: -80.748433+0.001511j
[2025-04-23 08:46:27] Iteration: 913/1000, Temp: 0.0000, Energy: -80.975165-0.003883j
[2025-04-23 08:46:59] Iteration: 914/1000, Temp: 0.0000, Energy: -80.990397+0.001330j
[2025-04-23 08:47:31] Iteration: 915/1000, Temp: 0.0000, Energy: -81.161255-0.001502j
[2025-04-23 08:48:04] Iteration: 916/1000, Temp: 0.0000, Energy: -81.046633-0.008105j
[2025-04-23 08:48:36] Iteration: 917/1000, Temp: 0.0000, Energy: -80.972072-0.008104j
[2025-04-23 08:49:08] Iteration: 918/1000, Temp: 0.0000, Energy: -81.065513+0.002900j
[2025-04-23 08:49:40] Iteration: 919/1000, Temp: 0.0000, Energy: -80.956904+0.003867j
[2025-04-23 08:50:12] Iteration: 920/1000, Temp: 0.0000, Energy: -80.893410-0.003199j
[2025-04-23 08:50:45] Iteration: 921/1000, Temp: 0.0000, Energy: -81.075027+0.003980j
[2025-04-23 08:51:17] Iteration: 922/1000, Temp: 0.0000, Energy: -81.235114-0.001205j
[2025-04-23 08:51:49] Iteration: 923/1000, Temp: 0.0000, Energy: -81.209975-0.000251j
[2025-04-23 08:52:21] Iteration: 924/1000, Temp: 0.0000, Energy: -81.109180+0.008523j
[2025-04-23 08:52:53] Iteration: 925/1000, Temp: 0.0000, Energy: -81.076631+0.003350j
[2025-04-23 08:53:25] Iteration: 926/1000, Temp: 0.0000, Energy: -81.037376-0.000917j
[2025-04-23 08:53:57] Iteration: 927/1000, Temp: 0.0000, Energy: -80.955828+0.002563j
[2025-04-23 08:54:30] Iteration: 928/1000, Temp: 0.0000, Energy: -81.027805+0.000916j
[2025-04-23 08:55:02] Iteration: 929/1000, Temp: 0.0000, Energy: -81.050744-0.001448j
[2025-04-23 08:55:34] Iteration: 930/1000, Temp: 0.0000, Energy: -81.082684+0.004869j
[2025-04-23 08:56:07] Iteration: 931/1000, Temp: 0.0000, Energy: -81.034506-0.001477j
[2025-04-23 08:56:39] Iteration: 932/1000, Temp: 0.0000, Energy: -81.141059+0.004828j
[2025-04-23 08:57:11] Iteration: 933/1000, Temp: 0.0000, Energy: -81.009855-0.004153j
[2025-04-23 08:57:43] Iteration: 934/1000, Temp: 0.0000, Energy: -80.987655-0.000730j
[2025-04-23 08:58:15] Iteration: 935/1000, Temp: 0.0000, Energy: -80.960753-0.001187j
[2025-04-23 08:58:48] Iteration: 936/1000, Temp: 0.0000, Energy: -81.194325-0.001955j
[2025-04-23 08:59:20] Iteration: 937/1000, Temp: 0.0000, Energy: -81.254574+0.003918j
[2025-04-23 08:59:52] Iteration: 938/1000, Temp: 0.0000, Energy: -81.176502-0.002625j
[2025-04-23 09:00:25] Iteration: 939/1000, Temp: 0.0000, Energy: -81.218354+0.001943j
[2025-04-23 09:00:57] Iteration: 940/1000, Temp: 0.0000, Energy: -81.115190+0.002593j
[2025-04-23 09:01:29] Iteration: 941/1000, Temp: 0.0000, Energy: -81.158259+0.000518j
[2025-04-23 09:02:01] Iteration: 942/1000, Temp: 0.0000, Energy: -80.994366-0.006738j
[2025-04-23 09:02:34] Iteration: 943/1000, Temp: 0.0000, Energy: -80.893251-0.001028j
[2025-04-23 09:03:06] Iteration: 944/1000, Temp: 0.0000, Energy: -81.184150+0.005776j
[2025-04-23 09:03:38] Iteration: 945/1000, Temp: 0.0000, Energy: -81.081050-0.000148j
[2025-04-23 09:04:10] Iteration: 946/1000, Temp: 0.0000, Energy: -81.114862+0.007111j
[2025-04-23 09:04:42] Iteration: 947/1000, Temp: 0.0000, Energy: -81.012514-0.001551j
[2025-04-23 09:05:14] Iteration: 948/1000, Temp: 0.0000, Energy: -81.023822+0.001397j
[2025-04-23 09:05:47] Iteration: 949/1000, Temp: 0.0000, Energy: -81.006928-0.004921j
[2025-04-23 09:06:19] Iteration: 950/1000, Temp: 0.0000, Energy: -80.982197-0.003843j
[2025-04-23 09:06:51] Iteration: 951/1000, Temp: 0.0000, Energy: -81.081987+0.000080j
[2025-04-23 09:07:24] Iteration: 952/1000, Temp: 0.0000, Energy: -80.984479+0.002652j
[2025-04-23 09:07:56] Iteration: 953/1000, Temp: 0.0000, Energy: -80.912087-0.001603j
[2025-04-23 09:08:28] Iteration: 954/1000, Temp: 0.0000, Energy: -81.013151+0.003261j
[2025-04-23 09:09:00] Iteration: 955/1000, Temp: 0.0000, Energy: -81.030393-0.003375j
[2025-04-23 09:09:32] Iteration: 956/1000, Temp: 0.0000, Energy: -80.916569+0.000498j
[2025-04-23 09:10:05] Iteration: 957/1000, Temp: 0.0000, Energy: -81.023370+0.002560j
[2025-04-23 09:10:37] Iteration: 958/1000, Temp: 0.0000, Energy: -81.062589+0.000703j
[2025-04-23 09:11:09] Iteration: 959/1000, Temp: 0.0000, Energy: -81.132643-0.002724j
[2025-04-23 09:11:42] Iteration: 960/1000, Temp: 0.0000, Energy: -81.192181-0.006235j
[2025-04-23 09:12:14] Iteration: 961/1000, Temp: 0.0000, Energy: -81.077456+0.007490j
[2025-04-23 09:12:46] Iteration: 962/1000, Temp: 0.0000, Energy: -81.133300-0.003072j
[2025-04-23 09:13:19] Iteration: 963/1000, Temp: 0.0000, Energy: -80.868885-0.005779j
[2025-04-23 09:13:51] Iteration: 964/1000, Temp: 0.0000, Energy: -81.040604-0.001425j
[2025-04-23 09:14:23] Iteration: 965/1000, Temp: 0.0000, Energy: -81.021896-0.006519j
[2025-04-23 09:14:55] Iteration: 966/1000, Temp: 0.0000, Energy: -80.965604-0.006789j
[2025-04-23 09:15:27] Iteration: 967/1000, Temp: 0.0000, Energy: -80.948507-0.001727j
[2025-04-23 09:15:59] Iteration: 968/1000, Temp: 0.0000, Energy: -81.088724-0.000661j
[2025-04-23 09:16:32] Iteration: 969/1000, Temp: 0.0000, Energy: -80.864434+0.001689j
[2025-04-23 09:17:04] Iteration: 970/1000, Temp: 0.0000, Energy: -80.894927-0.000306j
[2025-04-23 09:17:36] Iteration: 971/1000, Temp: 0.0000, Energy: -80.964435+0.001167j
[2025-04-23 09:18:09] Iteration: 972/1000, Temp: 0.0000, Energy: -80.935048+0.003013j
[2025-04-23 09:18:41] Iteration: 973/1000, Temp: 0.0000, Energy: -81.009105+0.001834j
[2025-04-23 09:19:13] Iteration: 974/1000, Temp: 0.0000, Energy: -80.965244-0.000784j
[2025-04-23 09:19:45] Iteration: 975/1000, Temp: 0.0000, Energy: -81.036738-0.000871j
[2025-04-23 09:20:18] Iteration: 976/1000, Temp: 0.0000, Energy: -80.994484+0.002132j
[2025-04-23 09:20:50] Iteration: 977/1000, Temp: 0.0000, Energy: -81.010499+0.000494j
[2025-04-23 09:21:22] Iteration: 978/1000, Temp: 0.0000, Energy: -80.905044+0.000383j
[2025-04-23 09:21:54] Iteration: 979/1000, Temp: 0.0000, Energy: -81.086080+0.002852j
[2025-04-23 09:22:11] Iteration: 980/1000, Temp: 0.0000, Energy: -81.040129-0.000188j
[2025-04-23 09:22:26] Iteration: 981/1000, Temp: 0.0000, Energy: -81.005246+0.005200j
[2025-04-23 09:22:40] Iteration: 982/1000, Temp: 0.0000, Energy: -81.237007-0.005386j
[2025-04-23 09:22:55] Iteration: 983/1000, Temp: 0.0000, Energy: -81.184014+0.001262j
[2025-04-23 09:23:10] Iteration: 984/1000, Temp: 0.0000, Energy: -81.084963+0.001741j
[2025-04-23 09:23:24] Iteration: 985/1000, Temp: 0.0000, Energy: -81.099775+0.000574j
[2025-04-23 09:23:39] Iteration: 986/1000, Temp: 0.0000, Energy: -81.117231-0.003759j
[2025-04-23 09:23:54] Iteration: 987/1000, Temp: 0.0000, Energy: -81.069149-0.000730j
[2025-04-23 09:24:08] Iteration: 988/1000, Temp: 0.0000, Energy: -81.081122+0.000485j
[2025-04-23 09:24:23] Iteration: 989/1000, Temp: 0.0000, Energy: -81.113311+0.002514j
[2025-04-23 09:24:38] Iteration: 990/1000, Temp: 0.0000, Energy: -81.030254-0.003528j
[2025-04-23 09:24:52] Iteration: 991/1000, Temp: 0.0000, Energy: -80.957784-0.000377j
[2025-04-23 09:25:07] Iteration: 992/1000, Temp: 0.0000, Energy: -80.855218-0.022175j
[2025-04-23 09:25:22] Iteration: 993/1000, Temp: 0.0000, Energy: -81.019491+0.005302j
[2025-04-23 09:25:36] Iteration: 994/1000, Temp: 0.0000, Energy: -80.925360-0.005685j
[2025-04-23 09:25:51] Iteration: 995/1000, Temp: 0.0000, Energy: -80.855857-0.004262j
[2025-04-23 09:26:06] Iteration: 996/1000, Temp: 0.0000, Energy: -81.017000+0.004957j
[2025-04-23 09:26:21] Iteration: 997/1000, Temp: 0.0000, Energy: -81.051552-0.004139j
[2025-04-23 09:26:35] Iteration: 998/1000, Temp: 0.0000, Energy: -81.040360+0.004772j
[2025-04-23 09:26:50] Iteration: 999/1000, Temp: 0.0000, Energy: -80.787297+0.003192j
[2025-04-23 09:26:50] ==================================================
[2025-04-23 09:26:50] Training finished, total runtime = 31880.41 seconds
[2025-04-23 09:26:50] Trained quantum state parameters saved to: results/L=5/J2=0.05/J1=0.05/GCNN_L=5_J2=0.05_J1=0.05.pkl
[2025-04-23 09:26:50] ==================================================
