[2025-04-30 11:10:27] ==================================================
[2025-04-30 11:10:27] GCNN for Shastry-Sutherland lattice
[2025-04-30 11:10:27] ==================================================
[2025-04-30 11:10:27] System parameters:
[2025-04-30 11:10:27]   - System size: L=5, N=100
[2025-04-30 11:10:27]   - System parameters: J1=0.1, J2=0.05, Q=0.95
[2025-04-30 11:10:27] --------------------------------------------------
[2025-04-30 11:10:27] Model parameters:
[2025-04-30 11:10:27]   - Number of layers = 4
[2025-04-30 11:10:27]   - Number of features = 4
[2025-04-30 11:10:27]   - Total parameters = 19628
[2025-04-30 11:10:27] --------------------------------------------------
[2025-04-30 11:10:27] Training parameters:
[2025-04-30 11:10:27]   - Learning rate: 0.018
[2025-04-30 11:10:27]   - Total annealing steps: 1000
[2025-04-30 11:10:27]   - Samples: 4096
[2025-04-30 11:10:27]   - Discarded samples: 0
[2025-04-30 11:10:27]   - Chunk size: 1024
[2025-04-30 11:10:27] --------------------------------------------------
[2025-04-30 11:10:27] Device status:
[2025-04-30 11:10:27]   - Number of devices: 4
[2025-04-30 11:10:27]   - Sharding: True
[2025-04-30 11:10:34] --------------------------------------------------
[2025-04-30 11:10:34] Start training...
[2025-04-30 11:11:02] Iteration: 0/1000, Temp: 0.5000, Energy: 5.624013-0.000522j
[2025-04-30 11:11:15] Iteration: 1/1000, Temp: 0.4901, Energy: 5.624287+0.000137j
[2025-04-30 11:11:28] Iteration: 2/1000, Temp: 0.4804, Energy: 5.623290-0.000086j
[2025-04-30 11:11:41] Iteration: 3/1000, Temp: 0.4709, Energy: 5.624981-0.000344j
[2025-04-30 11:11:53] Iteration: 4/1000, Temp: 0.4616, Energy: 5.623861-0.000237j
[2025-04-30 11:12:06] Iteration: 5/1000, Temp: 0.4524, Energy: 5.623688+0.000092j
[2025-04-30 11:12:19] Iteration: 6/1000, Temp: 0.4435, Energy: 5.623847-0.000518j
[2025-04-30 11:12:31] Iteration: 7/1000, Temp: 0.4347, Energy: 5.623554-0.000368j
[2025-04-30 11:12:44] Iteration: 8/1000, Temp: 0.4261, Energy: 5.623215-0.000547j
[2025-04-30 11:12:57] Iteration: 9/1000, Temp: 0.4176, Energy: 5.623766-0.000061j
[2025-04-30 11:13:09] Iteration: 10/1000, Temp: 0.4094, Energy: 5.623346+0.000277j
[2025-04-30 11:13:22] Iteration: 11/1000, Temp: 0.4013, Energy: 5.622729-0.000609j
[2025-04-30 11:13:35] Iteration: 12/1000, Temp: 0.3933, Energy: 5.623533+0.000127j
[2025-04-30 11:13:47] Iteration: 13/1000, Temp: 0.3855, Energy: 5.622327-0.000512j
[2025-04-30 11:14:00] Iteration: 14/1000, Temp: 0.3779, Energy: 5.623806-0.000545j
[2025-04-30 11:14:12] Iteration: 15/1000, Temp: 0.3704, Energy: 5.622988+0.000152j
[2025-04-30 11:14:25] Iteration: 16/1000, Temp: 0.3631, Energy: 5.623070+0.000347j
[2025-04-30 11:14:38] Iteration: 17/1000, Temp: 0.3559, Energy: 5.621202+0.000231j
[2025-04-30 11:14:51] Iteration: 18/1000, Temp: 0.3488, Energy: 5.621389+0.000010j
[2025-04-30 11:15:03] Iteration: 19/1000, Temp: 0.3419, Energy: 5.622320-0.000240j
[2025-04-30 11:15:16] Iteration: 20/1000, Temp: 0.3352, Energy: 5.622879+0.000238j
[2025-04-30 11:15:28] Iteration: 21/1000, Temp: 0.3285, Energy: 5.623056-0.000110j
[2025-04-30 11:15:41] Iteration: 22/1000, Temp: 0.3220, Energy: 5.621543+0.000053j
[2025-04-30 11:15:53] Iteration: 23/1000, Temp: 0.3156, Energy: 5.622508-0.000261j
[2025-04-30 11:16:06] Iteration: 24/1000, Temp: 0.3094, Energy: 5.622596-0.001109j
[2025-04-30 11:16:18] Iteration: 25/1000, Temp: 0.3033, Energy: 5.621313+0.000076j
[2025-04-30 11:16:31] Iteration: 26/1000, Temp: 0.2973, Energy: 5.621496+0.000497j
[2025-04-30 11:16:44] Iteration: 27/1000, Temp: 0.2914, Energy: 5.620987+0.000309j
[2025-04-30 11:16:56] Iteration: 28/1000, Temp: 0.2856, Energy: 5.622225-0.000119j
[2025-04-30 11:17:09] Iteration: 29/1000, Temp: 0.2799, Energy: 5.621440+0.000871j
[2025-04-30 11:17:21] Iteration: 30/1000, Temp: 0.2744, Energy: 5.622009+0.000399j
[2025-04-30 11:17:34] Iteration: 31/1000, Temp: 0.2690, Energy: 5.620061-0.000204j
[2025-04-30 11:17:47] Iteration: 32/1000, Temp: 0.2636, Energy: 5.621574+0.001120j
[2025-04-30 11:17:59] Iteration: 33/1000, Temp: 0.2584, Energy: 5.621248-0.000355j
[2025-04-30 11:18:12] Iteration: 34/1000, Temp: 0.2533, Energy: 5.620530-0.000677j
[2025-04-30 11:18:24] Iteration: 35/1000, Temp: 0.2483, Energy: 5.619541-0.000876j
[2025-04-30 11:18:37] Iteration: 36/1000, Temp: 0.2434, Energy: 5.622779-0.000528j
[2025-04-30 11:18:49] Iteration: 37/1000, Temp: 0.2386, Energy: 5.617284-0.000738j
[2025-04-30 11:19:02] Iteration: 38/1000, Temp: 0.2338, Energy: 5.619271-0.000466j
[2025-04-30 11:19:15] Iteration: 39/1000, Temp: 0.2292, Energy: 5.616210-0.000243j
[2025-04-30 11:19:28] Iteration: 40/1000, Temp: 0.2247, Energy: 5.616866+0.001336j
[2025-04-30 11:19:40] Iteration: 41/1000, Temp: 0.2202, Energy: 5.616262-0.000720j
[2025-04-30 11:19:53] Iteration: 42/1000, Temp: 0.2159, Energy: 5.615630-0.000196j
[2025-04-30 11:20:06] Iteration: 43/1000, Temp: 0.2116, Energy: 5.616500+0.002170j
[2025-04-30 11:20:18] Iteration: 44/1000, Temp: 0.2074, Energy: 5.615895+0.000775j
[2025-04-30 11:20:31] Iteration: 45/1000, Temp: 0.2033, Energy: 5.611469-0.000315j
[2025-04-30 11:20:44] Iteration: 46/1000, Temp: 0.1993, Energy: 5.614263+0.000519j
[2025-04-30 11:20:57] Iteration: 47/1000, Temp: 0.1953, Energy: 5.615218+0.000448j
[2025-04-30 11:21:10] Iteration: 48/1000, Temp: 0.1914, Energy: 5.611353+0.000815j
[2025-04-30 11:21:22] Iteration: 49/1000, Temp: 0.1877, Energy: 5.609621-0.000222j
[2025-04-30 11:21:35] Iteration: 50/1000, Temp: 0.1839, Energy: 5.608995+0.001515j
[2025-04-30 11:21:48] Iteration: 51/1000, Temp: 0.1803, Energy: 5.611110-0.001710j
[2025-04-30 11:22:01] Iteration: 52/1000, Temp: 0.1767, Energy: 5.606544+0.001447j
[2025-04-30 11:22:13] Iteration: 53/1000, Temp: 0.1732, Energy: 5.602293+0.000733j
[2025-04-30 11:22:26] Iteration: 54/1000, Temp: 0.1698, Energy: 5.599858-0.001209j
[2025-04-30 11:22:39] Iteration: 55/1000, Temp: 0.1664, Energy: 5.590269-0.000148j
[2025-04-30 11:22:51] Iteration: 56/1000, Temp: 0.1631, Energy: 5.593477-0.000446j
[2025-04-30 11:23:04] Iteration: 57/1000, Temp: 0.1599, Energy: 5.585674-0.002488j
[2025-04-30 11:23:16] Iteration: 58/1000, Temp: 0.1567, Energy: 5.587087-0.001582j
[2025-04-30 11:23:29] Iteration: 59/1000, Temp: 0.1536, Energy: 5.583524+0.000649j
[2025-04-30 11:23:42] Iteration: 60/1000, Temp: 0.1506, Energy: 5.576483-0.002507j
[2025-04-30 11:23:54] Iteration: 61/1000, Temp: 0.1476, Energy: 5.562406-0.002103j
[2025-04-30 11:24:07] Iteration: 62/1000, Temp: 0.1447, Energy: 5.566811-0.000791j
[2025-04-30 11:24:20] Iteration: 63/1000, Temp: 0.1418, Energy: 5.556040+0.000036j
[2025-04-30 11:24:32] Iteration: 64/1000, Temp: 0.1390, Energy: 5.542932-0.005906j
[2025-04-30 11:24:45] Iteration: 65/1000, Temp: 0.1363, Energy: 5.533315+0.000097j
[2025-04-30 11:24:58] Iteration: 66/1000, Temp: 0.1336, Energy: 5.524905-0.002290j
[2025-04-30 11:25:11] Iteration: 67/1000, Temp: 0.1309, Energy: 5.511827+0.001651j
[2025-04-30 11:25:24] Iteration: 68/1000, Temp: 0.1283, Energy: 5.472780-0.000265j
[2025-04-30 11:25:36] Iteration: 69/1000, Temp: 0.1258, Energy: 5.464431-0.004241j
[2025-04-30 11:25:49] Iteration: 70/1000, Temp: 0.1233, Energy: 5.425066-0.006243j
[2025-04-30 11:26:02] Iteration: 71/1000, Temp: 0.1209, Energy: 5.375153+0.003701j
[2025-04-30 11:26:15] Iteration: 72/1000, Temp: 0.1185, Energy: 5.365491-0.000108j
[2025-04-30 11:26:27] Iteration: 73/1000, Temp: 0.1161, Energy: 5.309174-0.003750j
[2025-04-30 11:26:40] Iteration: 74/1000, Temp: 0.1138, Energy: 5.249700+0.002805j
[2025-04-30 11:26:53] Iteration: 75/1000, Temp: 0.1116, Energy: 5.181467+0.009568j
[2025-04-30 11:27:06] Iteration: 76/1000, Temp: 0.1094, Energy: 5.112940-0.009428j
[2025-04-30 11:27:18] Iteration: 77/1000, Temp: 0.1072, Energy: 5.034861+0.001420j
[2025-04-30 11:27:31] Iteration: 78/1000, Temp: 0.1051, Energy: 4.907538+0.005621j
[2025-04-30 11:27:43] Iteration: 79/1000, Temp: 0.1030, Energy: 4.725453+0.010210j
[2025-04-30 11:27:56] Iteration: 80/1000, Temp: 0.1009, Energy: 4.579604+0.009970j
[2025-04-30 11:28:09] Iteration: 81/1000, Temp: 0.0989, Energy: 4.343572-0.002519j
[2025-04-30 11:28:22] Iteration: 82/1000, Temp: 0.0970, Energy: 4.012692+0.005316j
[2025-04-30 11:28:34] Iteration: 83/1000, Temp: 0.0951, Energy: 3.656283-0.000700j
[2025-04-30 11:28:47] Iteration: 84/1000, Temp: 0.0932, Energy: 3.215099-0.037211j
[2025-04-30 11:29:00] Iteration: 85/1000, Temp: 0.0913, Energy: 2.572853-0.011206j
[2025-04-30 11:29:12] Iteration: 86/1000, Temp: 0.0895, Energy: 2.020822-0.071138j
[2025-04-30 11:29:25] Iteration: 87/1000, Temp: 0.0878, Energy: 1.068892-0.042384j
[2025-04-30 11:29:38] Iteration: 88/1000, Temp: 0.0860, Energy: -0.061245+0.004883j
[2025-04-30 11:29:51] Iteration: 89/1000, Temp: 0.0843, Energy: -1.103473-0.028710j
[2025-04-30 11:30:03] Iteration: 90/1000, Temp: 0.0826, Energy: -2.438249-0.101853j
[2025-04-30 11:30:16] Iteration: 91/1000, Temp: 0.0810, Energy: -3.828823+0.027346j
[2025-04-30 11:30:29] Iteration: 92/1000, Temp: 0.0794, Energy: -5.059020+0.033734j
[2025-04-30 11:30:41] Iteration: 93/1000, Temp: 0.0778, Energy: -6.513672+0.061491j
[2025-04-30 11:30:54] Iteration: 94/1000, Temp: 0.0763, Energy: -7.885079+0.015750j
[2025-04-30 11:31:07] Iteration: 95/1000, Temp: 0.0748, Energy: -9.195174+0.053283j
[2025-04-30 11:31:20] Iteration: 96/1000, Temp: 0.0733, Energy: -10.479837+0.054033j
[2025-04-30 11:31:32] Iteration: 97/1000, Temp: 0.0719, Energy: -11.677120-0.000118j
[2025-04-30 11:31:45] Iteration: 98/1000, Temp: 0.0704, Energy: -12.823748+0.185382j
[2025-04-30 11:31:58] Iteration: 99/1000, Temp: 0.0690, Energy: -14.018884-0.033672j
[2025-04-30 11:32:10] Iteration: 100/1000, Temp: 0.0677, Energy: -15.245871-0.019637j
[2025-04-30 11:32:23] Iteration: 101/1000, Temp: 0.0663, Energy: -16.518711-0.083853j
[2025-04-30 11:32:36] Iteration: 102/1000, Temp: 0.0650, Energy: -17.732073-0.009402j
[2025-04-30 11:32:48] Iteration: 103/1000, Temp: 0.0637, Energy: -18.892474-0.084848j
[2025-04-30 11:33:01] Iteration: 104/1000, Temp: 0.0625, Energy: -20.479128+0.098287j
[2025-04-30 11:33:14] Iteration: 105/1000, Temp: 0.0612, Energy: -21.654572-0.110298j
[2025-04-30 11:33:27] Iteration: 106/1000, Temp: 0.0600, Energy: -23.264770-0.026663j
[2025-04-30 11:33:40] Iteration: 107/1000, Temp: 0.0588, Energy: -25.380656+0.069891j
[2025-04-30 11:33:52] Iteration: 108/1000, Temp: 0.0577, Energy: -27.696566-0.065017j
[2025-04-30 11:34:05] Iteration: 109/1000, Temp: 0.0565, Energy: -30.882267+0.048186j
[2025-04-30 11:34:18] Iteration: 110/1000, Temp: 0.0554, Energy: -34.581740+0.086015j
[2025-04-30 11:34:30] Iteration: 111/1000, Temp: 0.0543, Energy: -39.222560+0.026432j
[2025-04-30 11:34:43] Iteration: 112/1000, Temp: 0.0532, Energy: -43.547729-0.105429j
[2025-04-30 11:34:56] Iteration: 113/1000, Temp: 0.0522, Energy: -47.338354+0.068814j
[2025-04-30 11:35:08] Iteration: 114/1000, Temp: 0.0511, Energy: -50.451004-0.048273j
[2025-04-30 11:35:21] Iteration: 115/1000, Temp: 0.0501, Energy: -53.097297-0.067470j
[2025-04-30 11:35:34] Iteration: 116/1000, Temp: 0.0491, Energy: -55.626400-0.075892j
[2025-04-30 11:35:47] Iteration: 117/1000, Temp: 0.0482, Energy: -57.533309+0.027789j
[2025-04-30 11:35:59] Iteration: 118/1000, Temp: 0.0472, Energy: -59.682411+0.078305j
[2025-04-30 11:36:12] Iteration: 119/1000, Temp: 0.0463, Energy: -61.644371+0.088690j
[2025-04-30 11:36:25] Iteration: 120/1000, Temp: 0.0454, Energy: -63.636879+0.099895j
[2025-04-30 11:36:37] Iteration: 121/1000, Temp: 0.0445, Energy: -66.045397+0.075701j
[2025-04-30 11:36:50] Iteration: 122/1000, Temp: 0.0436, Energy: -68.065940+0.053936j
[2025-04-30 11:37:03] Iteration: 123/1000, Temp: 0.0427, Energy: -69.911026+0.092534j
[2025-04-30 11:37:15] Iteration: 124/1000, Temp: 0.0419, Energy: -71.662506+0.090287j
[2025-04-30 11:37:28] Iteration: 125/1000, Temp: 0.0410, Energy: -73.185944+0.112476j
[2025-04-30 11:37:41] Iteration: 126/1000, Temp: 0.0402, Energy: -74.413849+0.028852j
[2025-04-30 11:37:53] Iteration: 127/1000, Temp: 0.0394, Energy: -75.553725-0.013421j
[2025-04-30 11:38:06] Iteration: 128/1000, Temp: 0.0387, Energy: -76.493391+0.007011j
[2025-04-30 11:38:19] Iteration: 129/1000, Temp: 0.0379, Energy: -76.969697-0.040974j
[2025-04-30 11:38:32] Iteration: 130/1000, Temp: 0.0371, Energy: -77.710563-0.020741j
[2025-04-30 11:38:44] Iteration: 131/1000, Temp: 0.0364, Energy: -78.047088+0.032423j
[2025-04-30 11:38:57] Iteration: 132/1000, Temp: 0.0357, Energy: -78.603139+0.085722j
[2025-04-30 11:39:09] Iteration: 133/1000, Temp: 0.0350, Energy: -78.834985-0.022234j
[2025-04-30 11:39:22] Iteration: 134/1000, Temp: 0.0343, Energy: -79.239417-0.033618j
[2025-04-30 11:39:34] Iteration: 135/1000, Temp: 0.0336, Energy: -79.602982+0.006863j
[2025-04-30 11:39:47] Iteration: 136/1000, Temp: 0.0329, Energy: -79.249359-0.028209j
[2025-04-30 11:40:00] Iteration: 137/1000, Temp: 0.0323, Energy: -79.318824+0.064948j
[2025-04-30 11:40:12] Iteration: 138/1000, Temp: 0.0316, Energy: -79.545357+0.014769j
[2025-04-30 11:40:25] Iteration: 139/1000, Temp: 0.0310, Energy: -79.773026+0.109066j
[2025-04-30 11:40:38] Iteration: 140/1000, Temp: 0.0304, Energy: -79.943292-0.016329j
[2025-04-30 11:40:50] Iteration: 141/1000, Temp: 0.0298, Energy: -80.095791-0.029996j
[2025-04-30 11:41:03] Iteration: 142/1000, Temp: 0.0292, Energy: -80.190086+0.053555j
[2025-04-30 11:41:16] Iteration: 143/1000, Temp: 0.0286, Energy: -80.612412-0.056697j
[2025-04-30 11:41:28] Iteration: 144/1000, Temp: 0.0281, Energy: -80.666737+0.043409j
[2025-04-30 11:41:41] Iteration: 145/1000, Temp: 0.0275, Energy: -80.848820+0.012311j
[2025-04-30 11:41:54] Iteration: 146/1000, Temp: 0.0270, Energy: -81.052471-0.052448j
[2025-04-30 11:42:06] Iteration: 147/1000, Temp: 0.0264, Energy: -81.280978+0.005936j
[2025-04-30 11:42:19] Iteration: 148/1000, Temp: 0.0259, Energy: -81.350654+0.040580j
[2025-04-30 11:42:32] Iteration: 149/1000, Temp: 0.0254, Energy: -81.701735+0.028908j
[2025-04-30 11:42:45] Iteration: 150/1000, Temp: 0.0249, Energy: -81.776226+0.009951j
[2025-04-30 11:42:58] Iteration: 151/1000, Temp: 0.0244, Energy: -82.030576+0.005560j
[2025-04-30 11:43:10] Iteration: 152/1000, Temp: 0.0239, Energy: -82.037654+0.003032j
[2025-04-30 11:43:23] Iteration: 153/1000, Temp: 0.0234, Energy: -82.146352-0.013277j
[2025-04-30 11:43:36] Iteration: 154/1000, Temp: 0.0230, Energy: -82.262041-0.016632j
[2025-04-30 11:43:48] Iteration: 155/1000, Temp: 0.0225, Energy: -82.526138-0.012625j
[2025-04-30 11:44:01] Iteration: 156/1000, Temp: 0.0221, Energy: -82.607835+0.011557j
[2025-04-30 11:44:14] Iteration: 157/1000, Temp: 0.0216, Energy: -82.736724+0.009482j
[2025-04-30 11:44:26] Iteration: 158/1000, Temp: 0.0212, Energy: -82.599533+0.004143j
[2025-04-30 11:44:39] Iteration: 159/1000, Temp: 0.0208, Energy: -82.658017+0.015413j
[2025-04-30 11:44:52] Iteration: 160/1000, Temp: 0.0204, Energy: -82.791459+0.007961j
[2025-04-30 11:45:04] Iteration: 161/1000, Temp: 0.0200, Energy: -82.840750+0.003107j
[2025-04-30 11:45:17] Iteration: 162/1000, Temp: 0.0196, Energy: -82.795074-0.021023j
[2025-04-30 11:45:29] Iteration: 163/1000, Temp: 0.0192, Energy: -82.901169-0.032599j
[2025-04-30 11:45:42] Iteration: 164/1000, Temp: 0.0188, Energy: -83.027279-0.005098j
[2025-04-30 11:45:55] Iteration: 165/1000, Temp: 0.0184, Energy: -83.087780-0.008304j
[2025-04-30 11:46:07] Iteration: 166/1000, Temp: 0.0181, Energy: -83.178950+0.009714j
[2025-04-30 11:46:20] Iteration: 167/1000, Temp: 0.0177, Energy: -83.125664+0.000122j
[2025-04-30 11:46:33] Iteration: 168/1000, Temp: 0.0174, Energy: -83.195330+0.020585j
[2025-04-30 11:46:45] Iteration: 169/1000, Temp: 0.0170, Energy: -83.175557-0.016089j
[2025-04-30 11:46:58] Iteration: 170/1000, Temp: 0.0167, Energy: -83.109417-0.005984j
[2025-04-30 11:47:10] Iteration: 171/1000, Temp: 0.0164, Energy: -83.247180+0.017219j
[2025-04-30 11:47:23] Iteration: 172/1000, Temp: 0.0160, Energy: -83.234029+0.002867j
[2025-04-30 11:47:36] Iteration: 173/1000, Temp: 0.0157, Energy: -83.226364-0.020435j
[2025-04-30 11:47:48] Iteration: 174/1000, Temp: 0.0154, Energy: -83.186032-0.010187j
[2025-04-30 11:48:01] Iteration: 175/1000, Temp: 0.0151, Energy: -83.273132+0.002132j
[2025-04-30 11:48:13] Iteration: 176/1000, Temp: 0.0148, Energy: -83.520274-0.018330j
[2025-04-30 11:48:26] Iteration: 177/1000, Temp: 0.0145, Energy: -83.520022+0.005921j
[2025-04-30 11:48:38] Iteration: 178/1000, Temp: 0.0142, Energy: -83.405327+0.015993j
[2025-04-30 11:48:51] Iteration: 179/1000, Temp: 0.0139, Energy: -83.411227+0.005648j
[2025-04-30 11:49:03] Iteration: 180/1000, Temp: 0.0137, Energy: -83.539071+0.001546j
[2025-04-30 11:49:16] Iteration: 181/1000, Temp: 0.0134, Energy: -83.459872-0.006032j
[2025-04-30 11:49:29] Iteration: 182/1000, Temp: 0.0131, Energy: -83.683671+0.003020j
[2025-04-30 11:49:41] Iteration: 183/1000, Temp: 0.0129, Energy: -83.632779-0.012655j
[2025-04-30 11:49:54] Iteration: 184/1000, Temp: 0.0126, Energy: -83.513836+0.020251j
[2025-04-30 11:50:07] Iteration: 185/1000, Temp: 0.0124, Energy: -83.575873+0.001877j
[2025-04-30 11:50:19] Iteration: 186/1000, Temp: 0.0121, Energy: -83.556928-0.018221j
[2025-04-30 11:50:32] Iteration: 187/1000, Temp: 0.0119, Energy: -83.435015+0.008839j
[2025-04-30 11:50:45] Iteration: 188/1000, Temp: 0.0116, Energy: -83.496595+0.023416j
[2025-04-30 11:50:57] Iteration: 189/1000, Temp: 0.0114, Energy: -83.374229-0.029464j
[2025-04-30 11:51:10] Iteration: 190/1000, Temp: 0.0112, Energy: -83.482196+0.029311j
[2025-04-30 11:51:22] Iteration: 191/1000, Temp: 0.0110, Energy: -83.587291+0.003413j
[2025-04-30 11:51:35] Iteration: 192/1000, Temp: 0.0107, Energy: -83.677617-0.006733j
[2025-04-30 11:51:47] Iteration: 193/1000, Temp: 0.0105, Energy: -83.538451+0.015043j
[2025-04-30 11:52:00] Iteration: 194/1000, Temp: 0.0103, Energy: -83.567688+0.006963j
[2025-04-30 11:52:13] Iteration: 195/1000, Temp: 0.0101, Energy: -83.754470+0.004173j
[2025-04-30 11:52:25] Iteration: 196/1000, Temp: 0.0099, Energy: -83.778680+0.003500j
[2025-04-30 11:52:38] Iteration: 197/1000, Temp: 0.0097, Energy: -83.487138+0.004853j
[2025-04-30 11:52:51] Iteration: 198/1000, Temp: 0.0095, Energy: -83.565631+0.004736j
[2025-04-30 11:53:03] Iteration: 199/1000, Temp: 0.0093, Energy: -83.704078-0.002956j
[2025-04-30 11:53:16] Iteration: 200/1000, Temp: 0.0092, Energy: -83.679692+0.004671j
[2025-04-30 11:53:28] Iteration: 201/1000, Temp: 0.0090, Energy: -83.749460+0.001933j
[2025-04-30 11:53:41] Iteration: 202/1000, Temp: 0.0088, Energy: -83.569393+0.003753j
[2025-04-30 11:53:54] Iteration: 203/1000, Temp: 0.0086, Energy: -83.617539-0.001988j
[2025-04-30 11:54:06] Iteration: 204/1000, Temp: 0.0085, Energy: -83.802177+0.015350j
[2025-04-30 11:54:19] Iteration: 205/1000, Temp: 0.0083, Energy: -83.680234+0.011581j
[2025-04-30 11:54:31] Iteration: 206/1000, Temp: 0.0081, Energy: -83.887739-0.015773j
[2025-04-30 11:54:44] Iteration: 207/1000, Temp: 0.0080, Energy: -83.865936-0.005824j
[2025-04-30 11:54:56] Iteration: 208/1000, Temp: 0.0078, Energy: -83.885181-0.015010j
[2025-04-30 11:55:09] Iteration: 209/1000, Temp: 0.0076, Energy: -83.849743+0.003147j
[2025-04-30 11:55:21] Iteration: 210/1000, Temp: 0.0075, Energy: -83.829158+0.002697j
[2025-04-30 11:55:34] Iteration: 211/1000, Temp: 0.0073, Energy: -83.885272-0.013887j
[2025-04-30 11:55:47] Iteration: 212/1000, Temp: 0.0072, Energy: -83.930807+0.011881j
[2025-04-30 11:55:59] Iteration: 213/1000, Temp: 0.0071, Energy: -83.632295+0.020432j
[2025-04-30 11:56:12] Iteration: 214/1000, Temp: 0.0069, Energy: -83.656683+0.002488j
[2025-04-30 11:56:25] Iteration: 215/1000, Temp: 0.0068, Energy: -83.599133-0.009618j
[2025-04-30 11:56:37] Iteration: 216/1000, Temp: 0.0066, Energy: -83.676688+0.017871j
[2025-04-30 11:56:50] Iteration: 217/1000, Temp: 0.0065, Energy: -83.794660+0.012736j
[2025-04-30 11:57:02] Iteration: 218/1000, Temp: 0.0064, Energy: -83.621476-0.001824j
[2025-04-30 11:57:15] Iteration: 219/1000, Temp: 0.0063, Energy: -83.722833+0.011283j
[2025-04-30 11:57:27] Iteration: 220/1000, Temp: 0.0061, Energy: -83.703033+0.008934j
[2025-04-30 11:57:40] Iteration: 221/1000, Temp: 0.0060, Energy: -83.916477-0.010784j
[2025-04-30 11:57:53] Iteration: 222/1000, Temp: 0.0059, Energy: -83.741723+0.009191j
[2025-04-30 11:58:06] Iteration: 223/1000, Temp: 0.0058, Energy: -83.848217+0.013002j
[2025-04-30 11:58:18] Iteration: 224/1000, Temp: 0.0057, Energy: -83.895162-0.008663j
[2025-04-30 11:58:31] Iteration: 225/1000, Temp: 0.0056, Energy: -83.942032-0.010046j
[2025-04-30 11:58:43] Iteration: 226/1000, Temp: 0.0054, Energy: -83.920742-0.004086j
[2025-04-30 11:58:56] Iteration: 227/1000, Temp: 0.0053, Energy: -83.847592-0.002108j
[2025-04-30 11:59:09] Iteration: 228/1000, Temp: 0.0052, Energy: -83.841909+0.000283j
[2025-04-30 11:59:22] Iteration: 229/1000, Temp: 0.0051, Energy: -83.714398+0.004271j
[2025-04-30 11:59:34] Iteration: 230/1000, Temp: 0.0050, Energy: -83.871154-0.022978j
[2025-04-30 11:59:47] Iteration: 231/1000, Temp: 0.0049, Energy: -83.764096-0.001944j
[2025-04-30 12:00:00] Iteration: 232/1000, Temp: 0.0048, Energy: -83.628614+0.003537j
[2025-04-30 12:00:13] Iteration: 233/1000, Temp: 0.0047, Energy: -83.677699-0.017614j
[2025-04-30 12:00:25] Iteration: 234/1000, Temp: 0.0046, Energy: -83.793311+0.004205j
[2025-04-30 12:00:38] Iteration: 235/1000, Temp: 0.0045, Energy: -83.928500+0.009715j
[2025-04-30 12:00:51] Iteration: 236/1000, Temp: 0.0045, Energy: -83.843667-0.002375j
[2025-04-30 12:01:04] Iteration: 237/1000, Temp: 0.0044, Energy: -84.179633-0.017347j
[2025-04-30 12:01:16] Iteration: 238/1000, Temp: 0.0043, Energy: -83.990057+0.001734j
[2025-04-30 12:01:29] Iteration: 239/1000, Temp: 0.0042, Energy: -83.811262-0.000966j
[2025-04-30 12:01:42] Iteration: 240/1000, Temp: 0.0041, Energy: -84.006629-0.013164j
[2025-04-30 12:01:55] Iteration: 241/1000, Temp: 0.0040, Energy: -83.955648+0.003148j
[2025-04-30 12:02:07] Iteration: 242/1000, Temp: 0.0040, Energy: -83.979745+0.000541j
[2025-04-30 12:02:20] Iteration: 243/1000, Temp: 0.0039, Energy: -84.105090-0.004721j
[2025-04-30 12:02:33] Iteration: 244/1000, Temp: 0.0038, Energy: -84.024751+0.025135j
[2025-04-30 12:02:46] Iteration: 245/1000, Temp: 0.0037, Energy: -83.948584+0.011436j
[2025-04-30 12:02:59] Iteration: 246/1000, Temp: 0.0036, Energy: -84.060659-0.013311j
[2025-04-30 12:03:11] Iteration: 247/1000, Temp: 0.0036, Energy: -83.972568+0.005497j
[2025-04-30 12:03:24] Iteration: 248/1000, Temp: 0.0035, Energy: -84.089046+0.004863j
[2025-04-30 12:03:37] Iteration: 249/1000, Temp: 0.0034, Energy: -83.927945-0.000704j
[2025-04-30 12:03:50] Iteration: 250/1000, Temp: 0.0034, Energy: -84.057384-0.005212j
[2025-04-30 12:04:02] Iteration: 251/1000, Temp: 0.0033, Energy: -84.006748+0.001753j
[2025-04-30 12:04:15] Iteration: 252/1000, Temp: 0.0032, Energy: -83.841172-0.001558j
[2025-04-30 12:04:28] Iteration: 253/1000, Temp: 0.0032, Energy: -83.855552+0.003784j
[2025-04-30 12:04:40] Iteration: 254/1000, Temp: 0.0031, Energy: -83.908436+0.015501j
[2025-04-30 12:04:53] Iteration: 255/1000, Temp: 0.0030, Energy: -84.166088+0.009457j
[2025-04-30 12:05:06] Iteration: 256/1000, Temp: 0.0030, Energy: -84.035308+0.004017j
[2025-04-30 12:05:18] Iteration: 257/1000, Temp: 0.0029, Energy: -83.913191+0.005834j
[2025-04-30 12:05:31] Iteration: 258/1000, Temp: 0.0029, Energy: -83.927444+0.003122j
[2025-04-30 12:05:44] Iteration: 259/1000, Temp: 0.0028, Energy: -84.084926+0.000280j
[2025-04-30 12:05:57] Iteration: 260/1000, Temp: 0.0028, Energy: -84.021840+0.007360j
[2025-04-30 12:06:10] Iteration: 261/1000, Temp: 0.0027, Energy: -83.965012+0.003682j
[2025-04-30 12:06:22] Iteration: 262/1000, Temp: 0.0027, Energy: -83.898068+0.011236j
[2025-04-30 12:06:35] Iteration: 263/1000, Temp: 0.0026, Energy: -83.947179+0.009870j
[2025-04-30 12:06:48] Iteration: 264/1000, Temp: 0.0025, Energy: -83.907920-0.002070j
[2025-04-30 12:07:01] Iteration: 265/1000, Temp: 0.0025, Energy: -83.928078-0.007916j
[2025-04-30 12:07:13] Iteration: 266/1000, Temp: 0.0024, Energy: -83.929532+0.011682j
[2025-04-30 12:07:26] Iteration: 267/1000, Temp: 0.0024, Energy: -83.942278+0.000305j
[2025-04-30 12:07:38] Iteration: 268/1000, Temp: 0.0024, Energy: -84.019728+0.004549j
[2025-04-30 12:07:51] Iteration: 269/1000, Temp: 0.0023, Energy: -84.096429-0.006907j
[2025-04-30 12:08:04] Iteration: 270/1000, Temp: 0.0023, Energy: -84.098351+0.007404j
[2025-04-30 12:08:17] Iteration: 271/1000, Temp: 0.0022, Energy: -84.122957+0.000599j
[2025-04-30 12:08:29] Iteration: 272/1000, Temp: 0.0022, Energy: -84.220242-0.000074j
[2025-04-30 12:08:42] Iteration: 273/1000, Temp: 0.0021, Energy: -84.132612+0.005231j
[2025-04-30 12:08:54] Iteration: 274/1000, Temp: 0.0021, Energy: -83.962897+0.020535j
[2025-04-30 12:09:07] Iteration: 275/1000, Temp: 0.0020, Energy: -84.050069+0.010828j
[2025-04-30 12:09:20] Iteration: 276/1000, Temp: 0.0020, Energy: -84.074033+0.001907j
[2025-04-30 12:09:32] Iteration: 277/1000, Temp: 0.0020, Energy: -84.043786-0.013078j
[2025-04-30 12:09:45] Iteration: 278/1000, Temp: 0.0019, Energy: -83.836372-0.013765j
[2025-04-30 12:09:58] Iteration: 279/1000, Temp: 0.0019, Energy: -83.957303-0.017724j
[2025-04-30 12:10:11] Iteration: 280/1000, Temp: 0.0018, Energy: -83.836722+0.005441j
[2025-04-30 12:10:23] Iteration: 281/1000, Temp: 0.0018, Energy: -84.034981-0.002294j
[2025-04-30 12:10:36] Iteration: 282/1000, Temp: 0.0018, Energy: -84.029117-0.002122j
[2025-04-30 12:10:48] Iteration: 283/1000, Temp: 0.0017, Energy: -84.120877+0.010847j
[2025-04-30 12:11:01] Iteration: 284/1000, Temp: 0.0017, Energy: -84.030934-0.004849j
[2025-04-30 12:11:14] Iteration: 285/1000, Temp: 0.0017, Energy: -83.928499-0.011687j
[2025-04-30 12:11:27] Iteration: 286/1000, Temp: 0.0016, Energy: -83.933607-0.025243j
[2025-04-30 12:11:39] Iteration: 287/1000, Temp: 0.0016, Energy: -83.981565+0.002106j
[2025-04-30 12:11:52] Iteration: 288/1000, Temp: 0.0016, Energy: -84.024974+0.019148j
[2025-04-30 12:12:05] Iteration: 289/1000, Temp: 0.0015, Energy: -84.043616-0.001428j
[2025-04-30 12:12:17] Iteration: 290/1000, Temp: 0.0015, Energy: -83.935259+0.009580j
[2025-04-30 12:12:30] Iteration: 291/1000, Temp: 0.0015, Energy: -83.876233+0.002435j
[2025-04-30 12:12:43] Iteration: 292/1000, Temp: 0.0015, Energy: -84.116535+0.001553j
[2025-04-30 12:12:56] Iteration: 293/1000, Temp: 0.0014, Energy: -84.167142-0.002884j
[2025-04-30 12:13:08] Iteration: 294/1000, Temp: 0.0014, Energy: -84.008119+0.006951j
[2025-04-30 12:13:21] Iteration: 295/1000, Temp: 0.0014, Energy: -83.868136+0.010302j
[2025-04-30 12:13:34] Iteration: 296/1000, Temp: 0.0013, Energy: -84.172397+0.015240j
[2025-04-30 12:13:47] Iteration: 297/1000, Temp: 0.0013, Energy: -84.090566+0.003824j
[2025-04-30 12:13:59] Iteration: 298/1000, Temp: 0.0013, Energy: -83.971487+0.007352j
[2025-04-30 12:14:12] Iteration: 299/1000, Temp: 0.0013, Energy: -84.100077+0.016838j
[2025-04-30 12:14:25] Iteration: 300/1000, Temp: 0.0012, Energy: -84.022178-0.007338j
[2025-04-30 12:14:37] Iteration: 301/1000, Temp: 0.0012, Energy: -84.041944-0.000447j
[2025-04-30 12:14:50] Iteration: 302/1000, Temp: 0.0012, Energy: -83.883790-0.001535j
[2025-04-30 12:15:02] Iteration: 303/1000, Temp: 0.0012, Energy: -84.150507-0.011581j
[2025-04-30 12:15:15] Iteration: 304/1000, Temp: 0.0011, Energy: -84.085321-0.002990j
[2025-04-30 12:15:28] Iteration: 305/1000, Temp: 0.0011, Energy: -84.152725+0.003333j
[2025-04-30 12:15:41] Iteration: 306/1000, Temp: 0.0011, Energy: -83.841951+0.011389j
[2025-04-30 12:15:53] Iteration: 307/1000, Temp: 0.0011, Energy: -83.979660-0.007273j
[2025-04-30 12:16:06] Iteration: 308/1000, Temp: 0.0011, Energy: -83.996752-0.009189j
[2025-04-30 12:16:19] Iteration: 309/1000, Temp: 0.0010, Energy: -83.896229-0.002399j
[2025-04-30 12:16:31] Iteration: 310/1000, Temp: 0.0010, Energy: -83.988478-0.000220j
[2025-04-30 12:16:44] Iteration: 311/1000, Temp: 0.0010, Energy: -84.036718-0.004420j
[2025-04-30 12:16:57] Iteration: 312/1000, Temp: 0.0010, Energy: -84.019020-0.006559j
[2025-04-30 12:17:09] Iteration: 313/1000, Temp: 0.0010, Energy: -84.031126-0.011857j
[2025-04-30 12:17:22] Iteration: 314/1000, Temp: 0.0009, Energy: -83.991166-0.006622j
[2025-04-30 12:17:34] Iteration: 315/1000, Temp: 0.0009, Energy: -84.121425+0.007049j
[2025-04-30 12:17:47] Iteration: 316/1000, Temp: 0.0009, Energy: -83.977860+0.005932j
[2025-04-30 12:18:00] Iteration: 317/1000, Temp: 0.0009, Energy: -84.167029+0.012807j
[2025-04-30 12:18:12] Iteration: 318/1000, Temp: 0.0009, Energy: -84.125585-0.003984j
[2025-04-30 12:18:25] Iteration: 319/1000, Temp: 0.0008, Energy: -84.167073+0.000189j
[2025-04-30 12:18:37] Iteration: 320/1000, Temp: 0.0008, Energy: -84.133832-0.003020j
[2025-04-30 12:18:50] Iteration: 321/1000, Temp: 0.0008, Energy: -84.223895-0.000590j
[2025-04-30 12:19:03] Iteration: 322/1000, Temp: 0.0008, Energy: -84.038254+0.004882j
[2025-04-30 12:19:15] Iteration: 323/1000, Temp: 0.0008, Energy: -83.981110+0.010814j
[2025-04-30 12:19:28] Iteration: 324/1000, Temp: 0.0008, Energy: -84.210251-0.005609j
[2025-04-30 12:19:41] Iteration: 325/1000, Temp: 0.0008, Energy: -84.109120+0.007250j
[2025-04-30 12:19:53] Iteration: 326/1000, Temp: 0.0007, Energy: -84.012587-0.000730j
[2025-04-30 12:20:06] Iteration: 327/1000, Temp: 0.0007, Energy: -83.846962-0.001651j
[2025-04-30 12:20:19] Iteration: 328/1000, Temp: 0.0007, Energy: -83.710083+0.001289j
[2025-04-30 12:20:31] Iteration: 329/1000, Temp: 0.0007, Energy: -83.923814+0.005478j
[2025-04-30 12:20:44] Iteration: 330/1000, Temp: 0.0007, Energy: -84.042166+0.001698j
[2025-04-30 12:20:56] Iteration: 331/1000, Temp: 0.0007, Energy: -84.078777-0.004372j
[2025-04-30 12:21:09] Iteration: 332/1000, Temp: 0.0007, Energy: -83.992150-0.005952j
[2025-04-30 12:21:22] Iteration: 333/1000, Temp: 0.0006, Energy: -83.985254-0.009822j
[2025-04-30 12:21:34] Iteration: 334/1000, Temp: 0.0006, Energy: -84.041979-0.006661j
[2025-04-30 12:21:47] Iteration: 335/1000, Temp: 0.0006, Energy: -84.135082-0.002452j
[2025-04-30 12:22:00] Iteration: 336/1000, Temp: 0.0006, Energy: -84.010526-0.001031j
[2025-04-30 12:22:12] Iteration: 337/1000, Temp: 0.0006, Energy: -84.040014+0.004415j
[2025-04-30 12:22:25] Iteration: 338/1000, Temp: 0.0006, Energy: -83.943904-0.010235j
[2025-04-30 12:22:38] Iteration: 339/1000, Temp: 0.0006, Energy: -84.040534+0.011669j
[2025-04-30 12:22:50] Iteration: 340/1000, Temp: 0.0006, Energy: -84.089864+0.005877j
[2025-04-30 12:23:03] Iteration: 341/1000, Temp: 0.0005, Energy: -84.071624-0.005432j
[2025-04-30 12:23:15] Iteration: 342/1000, Temp: 0.0005, Energy: -84.025715-0.005488j
[2025-04-30 12:23:28] Iteration: 343/1000, Temp: 0.0005, Energy: -84.069891-0.010121j
[2025-04-30 12:23:40] Iteration: 344/1000, Temp: 0.0005, Energy: -84.184251-0.004509j
[2025-04-30 12:23:53] Iteration: 345/1000, Temp: 0.0005, Energy: -84.187187-0.003692j
[2025-04-30 12:24:06] Iteration: 346/1000, Temp: 0.0005, Energy: -84.100513+0.009759j
[2025-04-30 12:24:18] Iteration: 347/1000, Temp: 0.0005, Energy: -84.125413-0.004338j
[2025-04-30 12:24:31] Iteration: 348/1000, Temp: 0.0005, Energy: -84.114937-0.001913j
[2025-04-30 12:24:44] Iteration: 349/1000, Temp: 0.0005, Energy: -83.922635+0.004685j
[2025-04-30 12:24:56] Iteration: 350/1000, Temp: 0.0005, Energy: -83.989604-0.000795j
[2025-04-30 12:25:09] Iteration: 351/1000, Temp: 0.0004, Energy: -84.028047-0.004396j
[2025-04-30 12:25:21] Iteration: 352/1000, Temp: 0.0004, Energy: -84.069121-0.004231j
[2025-04-30 12:25:34] Iteration: 353/1000, Temp: 0.0004, Energy: -84.062728-0.009951j
[2025-04-30 12:25:47] Iteration: 354/1000, Temp: 0.0004, Energy: -84.032582-0.007374j
[2025-04-30 12:25:59] Iteration: 355/1000, Temp: 0.0004, Energy: -84.088315-0.002794j
[2025-04-30 12:26:12] Iteration: 356/1000, Temp: 0.0004, Energy: -84.072907+0.007972j
[2025-04-30 12:26:25] Iteration: 357/1000, Temp: 0.0004, Energy: -84.002741-0.001715j
[2025-04-30 12:26:37] Iteration: 358/1000, Temp: 0.0004, Energy: -84.180886-0.001588j
[2025-04-30 12:26:50] Iteration: 359/1000, Temp: 0.0004, Energy: -83.922888+0.001357j
[2025-04-30 12:27:03] Iteration: 360/1000, Temp: 0.0004, Energy: -83.967511+0.012965j
[2025-04-30 12:27:15] Iteration: 361/1000, Temp: 0.0004, Energy: -83.837163+0.002836j
[2025-04-30 12:27:28] Iteration: 362/1000, Temp: 0.0004, Energy: -83.848039+0.005322j
[2025-04-30 12:27:41] Iteration: 363/1000, Temp: 0.0004, Energy: -84.034616+0.007818j
[2025-04-30 12:27:53] Iteration: 364/1000, Temp: 0.0003, Energy: -84.034244-0.007116j
[2025-04-30 12:28:06] Iteration: 365/1000, Temp: 0.0003, Energy: -83.998468-0.006466j
[2025-04-30 12:28:19] Iteration: 366/1000, Temp: 0.0003, Energy: -84.092207+0.005285j
[2025-04-30 12:28:31] Iteration: 367/1000, Temp: 0.0003, Energy: -83.836980+0.000749j
[2025-04-30 12:28:44] Iteration: 368/1000, Temp: 0.0003, Energy: -83.771649+0.000283j
[2025-04-30 12:28:57] Iteration: 369/1000, Temp: 0.0003, Energy: -84.036411-0.001545j
[2025-04-30 12:29:09] Iteration: 370/1000, Temp: 0.0003, Energy: -84.123757+0.007121j
[2025-04-30 12:29:22] Iteration: 371/1000, Temp: 0.0003, Energy: -84.116665+0.001497j
[2025-04-30 12:29:35] Iteration: 372/1000, Temp: 0.0003, Energy: -84.043175-0.005822j
[2025-04-30 12:29:47] Iteration: 373/1000, Temp: 0.0003, Energy: -84.078622-0.003160j
[2025-04-30 12:30:00] Iteration: 374/1000, Temp: 0.0003, Energy: -84.028574+0.010586j
[2025-04-30 12:30:13] Iteration: 375/1000, Temp: 0.0003, Energy: -84.125543+0.012778j
[2025-04-30 12:30:25] Iteration: 376/1000, Temp: 0.0003, Energy: -84.181618+0.002412j
[2025-04-30 12:30:38] Iteration: 377/1000, Temp: 0.0003, Energy: -84.279814+0.005444j
[2025-04-30 12:30:51] Iteration: 378/1000, Temp: 0.0003, Energy: -84.281365-0.002971j
[2025-04-30 12:31:04] Iteration: 379/1000, Temp: 0.0003, Energy: -84.211631+0.001090j
[2025-04-30 12:31:16] Iteration: 380/1000, Temp: 0.0003, Energy: -84.145055+0.000445j
[2025-04-30 12:31:29] Iteration: 381/1000, Temp: 0.0002, Energy: -84.078226-0.005263j
[2025-04-30 12:31:42] Iteration: 382/1000, Temp: 0.0002, Energy: -84.038787+0.006483j
[2025-04-30 12:31:54] Iteration: 383/1000, Temp: 0.0002, Energy: -84.055522-0.000839j
[2025-04-30 12:32:07] Iteration: 384/1000, Temp: 0.0002, Energy: -84.051408-0.001628j
[2025-04-30 12:32:20] Iteration: 385/1000, Temp: 0.0002, Energy: -84.143327-0.002350j
[2025-04-30 12:32:32] Iteration: 386/1000, Temp: 0.0002, Energy: -84.127389-0.010468j
[2025-04-30 12:32:45] Iteration: 387/1000, Temp: 0.0002, Energy: -84.013730+0.005533j
[2025-04-30 12:32:58] Iteration: 388/1000, Temp: 0.0002, Energy: -84.104965-0.006618j
[2025-04-30 12:33:11] Iteration: 389/1000, Temp: 0.0002, Energy: -83.961642+0.003754j
[2025-04-30 12:33:24] Iteration: 390/1000, Temp: 0.0002, Energy: -84.024676+0.001944j
[2025-04-30 12:33:37] Iteration: 391/1000, Temp: 0.0002, Energy: -84.001861+0.000439j
[2025-04-30 12:33:49] Iteration: 392/1000, Temp: 0.0002, Energy: -84.209136-0.005180j
[2025-04-30 12:34:02] Iteration: 393/1000, Temp: 0.0002, Energy: -84.063889-0.000381j
[2025-04-30 12:34:15] Iteration: 394/1000, Temp: 0.0002, Energy: -84.109825-0.007823j
[2025-04-30 12:34:28] Iteration: 395/1000, Temp: 0.0002, Energy: -84.124793+0.001713j
[2025-04-30 12:34:41] Iteration: 396/1000, Temp: 0.0002, Energy: -84.078963-0.000291j
[2025-04-30 12:34:53] Iteration: 397/1000, Temp: 0.0002, Energy: -83.943419+0.004170j
[2025-04-30 12:35:06] Iteration: 398/1000, Temp: 0.0002, Energy: -84.173857-0.003800j
[2025-04-30 12:35:19] Iteration: 399/1000, Temp: 0.0002, Energy: -84.309398+0.000140j
[2025-04-30 12:35:32] Iteration: 400/1000, Temp: 0.0002, Energy: -84.189785-0.002407j
[2025-04-30 12:35:44] Iteration: 401/1000, Temp: 0.0002, Energy: -84.242989-0.002981j
[2025-04-30 12:35:57] Iteration: 402/1000, Temp: 0.0002, Energy: -84.113074+0.004846j
[2025-04-30 12:36:10] Iteration: 403/1000, Temp: 0.0002, Energy: -83.969371+0.004660j
[2025-04-30 12:36:23] Iteration: 404/1000, Temp: 0.0002, Energy: -83.972472+0.001741j
[2025-04-30 12:36:35] Iteration: 405/1000, Temp: 0.0002, Energy: -84.075848+0.001918j
[2025-04-30 12:36:48] Iteration: 406/1000, Temp: 0.0001, Energy: -84.141427+0.000853j
[2025-04-30 12:37:01] Iteration: 407/1000, Temp: 0.0001, Energy: -84.163471+0.008991j
[2025-04-30 12:37:13] Iteration: 408/1000, Temp: 0.0001, Energy: -84.120377-0.006953j
[2025-04-30 12:37:26] Iteration: 409/1000, Temp: 0.0001, Energy: -84.063968+0.006107j
[2025-04-30 12:37:39] Iteration: 410/1000, Temp: 0.0001, Energy: -84.005992-0.004005j
[2025-04-30 12:37:52] Iteration: 411/1000, Temp: 0.0001, Energy: -84.120604+0.004259j
[2025-04-30 12:38:04] Iteration: 412/1000, Temp: 0.0001, Energy: -84.091530+0.017786j
[2025-04-30 12:38:17] Iteration: 413/1000, Temp: 0.0001, Energy: -84.132362+0.007170j
[2025-04-30 12:38:30] Iteration: 414/1000, Temp: 0.0001, Energy: -84.086276-0.008104j
[2025-04-30 12:38:42] Iteration: 415/1000, Temp: 0.0001, Energy: -84.125905-0.007944j
[2025-04-30 12:38:55] Iteration: 416/1000, Temp: 0.0001, Energy: -84.117590-0.000150j
[2025-04-30 12:39:08] Iteration: 417/1000, Temp: 0.0001, Energy: -84.046788+0.006877j
[2025-04-30 12:39:20] Iteration: 418/1000, Temp: 0.0001, Energy: -84.119628+0.008808j
[2025-04-30 12:39:33] Iteration: 419/1000, Temp: 0.0001, Energy: -84.086221+0.002145j
[2025-04-30 12:39:45] Iteration: 420/1000, Temp: 0.0001, Energy: -84.179049+0.000910j
[2025-04-30 12:39:58] Iteration: 421/1000, Temp: 0.0001, Energy: -84.128553+0.001197j
[2025-04-30 12:40:11] Iteration: 422/1000, Temp: 0.0001, Energy: -83.973454+0.000631j
[2025-04-30 12:40:24] Iteration: 423/1000, Temp: 0.0001, Energy: -84.037635-0.013298j
[2025-04-30 12:40:37] Iteration: 424/1000, Temp: 0.0001, Energy: -84.044724+0.003195j
[2025-04-30 12:40:49] Iteration: 425/1000, Temp: 0.0001, Energy: -84.132802-0.002744j
[2025-04-30 12:41:02] Iteration: 426/1000, Temp: 0.0001, Energy: -84.063786-0.000604j
[2025-04-30 12:41:14] Iteration: 427/1000, Temp: 0.0001, Energy: -84.090253-0.003044j
[2025-04-30 12:41:27] Iteration: 428/1000, Temp: 0.0001, Energy: -84.114722+0.005654j
[2025-04-30 12:41:40] Iteration: 429/1000, Temp: 0.0001, Energy: -84.171073-0.009891j
[2025-04-30 12:41:52] Iteration: 430/1000, Temp: 0.0001, Energy: -84.226065-0.001453j
[2025-04-30 12:42:05] Iteration: 431/1000, Temp: 0.0001, Energy: -84.248668-0.003613j
[2025-04-30 12:42:18] Iteration: 432/1000, Temp: 0.0001, Energy: -84.171825+0.002896j
[2025-04-30 12:42:30] Iteration: 433/1000, Temp: 0.0001, Energy: -84.261554-0.005454j
[2025-04-30 12:42:43] Iteration: 434/1000, Temp: 0.0001, Energy: -84.222659+0.006133j
[2025-04-30 12:42:55] Iteration: 435/1000, Temp: 0.0001, Energy: -84.304616-0.000976j
[2025-04-30 12:43:08] Iteration: 436/1000, Temp: 0.0001, Energy: -84.195925-0.000309j
[2025-04-30 12:43:21] Iteration: 437/1000, Temp: 0.0001, Energy: -84.135496+0.014098j
[2025-04-30 12:43:33] Iteration: 438/1000, Temp: 0.0001, Energy: -84.122166+0.004905j
[2025-04-30 12:43:46] Iteration: 439/1000, Temp: 0.0001, Energy: -84.168351-0.002482j
[2025-04-30 12:43:59] Iteration: 440/1000, Temp: 0.0001, Energy: -84.097501+0.004458j
[2025-04-30 12:44:11] Iteration: 441/1000, Temp: 0.0001, Energy: -83.939135-0.003625j
[2025-04-30 12:44:24] Iteration: 442/1000, Temp: 0.0001, Energy: -84.123919+0.006840j
[2025-04-30 12:44:37] Iteration: 443/1000, Temp: 0.0001, Energy: -83.971546+0.001536j
[2025-04-30 12:44:49] Iteration: 444/1000, Temp: 0.0001, Energy: -84.033263-0.007571j
[2025-04-30 12:45:02] Iteration: 445/1000, Temp: 0.0001, Energy: -84.143941+0.009020j
[2025-04-30 12:45:14] Iteration: 446/1000, Temp: 0.0001, Energy: -84.086047+0.007004j
[2025-04-30 12:45:27] Iteration: 447/1000, Temp: 0.0001, Energy: -84.026314-0.009932j
[2025-04-30 12:45:40] Iteration: 448/1000, Temp: 0.0001, Energy: -84.174007+0.002298j
[2025-04-30 12:45:52] Iteration: 449/1000, Temp: 0.0001, Energy: -84.031863-0.001584j
[2025-04-30 12:46:05] Iteration: 450/1000, Temp: 0.0001, Energy: -83.886303+0.003751j
[2025-04-30 12:46:17] Iteration: 451/1000, Temp: 0.0001, Energy: -84.048358-0.007152j
[2025-04-30 12:46:30] Iteration: 452/1000, Temp: 0.0001, Energy: -84.080627+0.003571j
[2025-04-30 12:46:42] Iteration: 453/1000, Temp: 0.0001, Energy: -84.096352+0.011697j
[2025-04-30 12:46:55] Iteration: 454/1000, Temp: 0.0001, Energy: -84.189644+0.002743j
[2025-04-30 12:47:08] Iteration: 455/1000, Temp: 0.0001, Energy: -84.252373-0.002775j
[2025-04-30 12:47:20] Iteration: 456/1000, Temp: 0.0001, Energy: -84.007190+0.001950j
[2025-04-30 12:47:33] Iteration: 457/1000, Temp: 0.0001, Energy: -84.299412+0.000199j
[2025-04-30 12:47:46] Iteration: 458/1000, Temp: 0.0001, Energy: -84.123506-0.013192j
[2025-04-30 12:47:58] Iteration: 459/1000, Temp: 0.0001, Energy: -84.112924-0.004784j
[2025-04-30 12:48:11] Iteration: 460/1000, Temp: 0.0001, Energy: -84.262209-0.006431j
[2025-04-30 12:48:24] Iteration: 461/1000, Temp: 0.0000, Energy: -84.214033+0.017450j
[2025-04-30 12:48:36] Iteration: 462/1000, Temp: 0.0000, Energy: -84.004637+0.001283j
[2025-04-30 12:48:49] Iteration: 463/1000, Temp: 0.0000, Energy: -84.102405+0.003865j
[2025-04-30 12:49:02] Iteration: 464/1000, Temp: 0.0000, Energy: -84.080944-0.006544j
[2025-04-30 12:49:14] Iteration: 465/1000, Temp: 0.0000, Energy: -84.088986-0.002146j
[2025-04-30 12:49:27] Iteration: 466/1000, Temp: 0.0000, Energy: -83.953988-0.008819j
[2025-04-30 12:49:39] Iteration: 467/1000, Temp: 0.0000, Energy: -83.905244+0.001719j
[2025-04-30 12:49:52] Iteration: 468/1000, Temp: 0.0000, Energy: -83.940044+0.000597j
[2025-04-30 12:50:05] Iteration: 469/1000, Temp: 0.0000, Energy: -84.040541+0.007011j
[2025-04-30 12:50:17] Iteration: 470/1000, Temp: 0.0000, Energy: -83.902637+0.000607j
[2025-04-30 12:50:30] Iteration: 471/1000, Temp: 0.0000, Energy: -84.089462+0.007454j
[2025-04-30 12:50:42] Iteration: 472/1000, Temp: 0.0000, Energy: -84.237553+0.005507j
[2025-04-30 12:50:55] Iteration: 473/1000, Temp: 0.0000, Energy: -84.202731+0.002987j
[2025-04-30 12:51:08] Iteration: 474/1000, Temp: 0.0000, Energy: -84.168778-0.002716j
[2025-04-30 12:51:20] Iteration: 475/1000, Temp: 0.0000, Energy: -84.189358-0.006946j
[2025-04-30 12:51:33] Iteration: 476/1000, Temp: 0.0000, Energy: -84.259682-0.002448j
[2025-04-30 12:51:45] Iteration: 477/1000, Temp: 0.0000, Energy: -84.267525+0.001520j
[2025-04-30 12:51:58] Iteration: 478/1000, Temp: 0.0000, Energy: -84.180069-0.004540j
[2025-04-30 12:52:11] Iteration: 479/1000, Temp: 0.0000, Energy: -84.047579+0.006286j
[2025-04-30 12:52:23] Iteration: 480/1000, Temp: 0.0000, Energy: -83.715693+0.003053j
[2025-04-30 12:52:36] Iteration: 481/1000, Temp: 0.0000, Energy: -83.997733+0.005343j
[2025-04-30 12:52:48] Iteration: 482/1000, Temp: 0.0000, Energy: -84.044092+0.000920j
[2025-04-30 12:53:01] Iteration: 483/1000, Temp: 0.0000, Energy: -84.060329-0.006504j
[2025-04-30 12:53:13] Iteration: 484/1000, Temp: 0.0000, Energy: -84.294460-0.006067j
[2025-04-30 12:53:26] Iteration: 485/1000, Temp: 0.0000, Energy: -84.246701-0.002819j
[2025-04-30 12:53:39] Iteration: 486/1000, Temp: 0.0000, Energy: -84.204596-0.007137j
[2025-04-30 12:53:51] Iteration: 487/1000, Temp: 0.0000, Energy: -84.054538-0.004368j
[2025-04-30 12:54:04] Iteration: 488/1000, Temp: 0.0000, Energy: -84.051250-0.000252j
[2025-04-30 12:54:16] Iteration: 489/1000, Temp: 0.0000, Energy: -84.108913+0.006055j
[2025-04-30 12:54:29] Iteration: 490/1000, Temp: 0.0000, Energy: -83.978198+0.009709j
[2025-04-30 12:54:42] Iteration: 491/1000, Temp: 0.0000, Energy: -84.042126+0.003249j
[2025-04-30 12:54:54] Iteration: 492/1000, Temp: 0.0000, Energy: -83.989317-0.004630j
[2025-04-30 12:55:07] Iteration: 493/1000, Temp: 0.0000, Energy: -84.191802+0.000270j
[2025-04-30 12:55:20] Iteration: 494/1000, Temp: 0.0000, Energy: -84.143876+0.000105j
[2025-04-30 12:55:32] Iteration: 495/1000, Temp: 0.0000, Energy: -84.121409+0.007965j
[2025-04-30 12:55:45] Iteration: 496/1000, Temp: 0.0000, Energy: -84.071426-0.004572j
[2025-04-30 12:55:58] Iteration: 497/1000, Temp: 0.0000, Energy: -84.063989+0.002412j
[2025-04-30 12:56:10] Iteration: 498/1000, Temp: 0.0000, Energy: -84.117594-0.002609j
[2025-04-30 12:56:23] Iteration: 499/1000, Temp: 0.0000, Energy: -84.010209+0.004978j
[2025-04-30 12:56:35] Iteration: 500/1000, Temp: 0.0000, Energy: -84.061931-0.006981j
[2025-04-30 12:56:48] Iteration: 501/1000, Temp: 0.0000, Energy: -83.920176-0.006742j
[2025-04-30 12:57:01] Iteration: 502/1000, Temp: 0.0000, Energy: -84.056060+0.005811j
[2025-04-30 12:57:14] Iteration: 503/1000, Temp: 0.0000, Energy: -84.162311+0.008801j
[2025-04-30 12:57:26] Iteration: 504/1000, Temp: 0.0000, Energy: -83.940635-0.008096j
[2025-04-30 12:57:39] Iteration: 505/1000, Temp: 0.0000, Energy: -83.912186-0.000942j
[2025-04-30 12:57:52] Iteration: 506/1000, Temp: 0.0000, Energy: -84.108086-0.000644j
[2025-04-30 12:58:04] Iteration: 507/1000, Temp: 0.0000, Energy: -84.093280-0.008147j
[2025-04-30 12:58:17] Iteration: 508/1000, Temp: 0.0000, Energy: -84.044317+0.005018j
[2025-04-30 12:58:30] Iteration: 509/1000, Temp: 0.0000, Energy: -84.151041+0.009789j
[2025-04-30 12:58:42] Iteration: 510/1000, Temp: 0.0000, Energy: -83.922995+0.001242j
[2025-04-30 12:58:55] Iteration: 511/1000, Temp: 0.0000, Energy: -83.978669-0.007550j
[2025-04-30 12:59:08] Iteration: 512/1000, Temp: 0.0000, Energy: -84.026353+0.011990j
[2025-04-30 12:59:21] Iteration: 513/1000, Temp: 0.0000, Energy: -84.160078-0.003124j
[2025-04-30 12:59:33] Iteration: 514/1000, Temp: 0.0000, Energy: -84.105077-0.001233j
[2025-04-30 12:59:46] Iteration: 515/1000, Temp: 0.0000, Energy: -84.142168-0.007382j
[2025-04-30 12:59:59] Iteration: 516/1000, Temp: 0.0000, Energy: -84.211738+0.003406j
[2025-04-30 13:00:12] Iteration: 517/1000, Temp: 0.0000, Energy: -84.087792-0.001283j
[2025-04-30 13:00:24] Iteration: 518/1000, Temp: 0.0000, Energy: -84.245032+0.006637j
[2025-04-30 13:00:37] Iteration: 519/1000, Temp: 0.0000, Energy: -84.142857-0.000529j
[2025-04-30 13:00:50] Iteration: 520/1000, Temp: 0.0000, Energy: -84.054117+0.004999j
[2025-04-30 13:01:02] Iteration: 521/1000, Temp: 0.0000, Energy: -84.203365+0.002019j
[2025-04-30 13:01:15] Iteration: 522/1000, Temp: 0.0000, Energy: -84.173886-0.001115j
[2025-04-30 13:01:28] Iteration: 523/1000, Temp: 0.0000, Energy: -84.244281-0.003022j
[2025-04-30 13:01:40] Iteration: 524/1000, Temp: 0.0000, Energy: -83.983725+0.002488j
[2025-04-30 13:01:53] Iteration: 525/1000, Temp: 0.0000, Energy: -84.052655-0.001270j
[2025-04-30 13:02:06] Iteration: 526/1000, Temp: 0.0000, Energy: -84.149453+0.000126j
[2025-04-30 13:02:19] Iteration: 527/1000, Temp: 0.0000, Energy: -84.120625+0.003467j
[2025-04-30 13:02:31] Iteration: 528/1000, Temp: 0.0000, Energy: -84.201705-0.008979j
[2025-04-30 13:02:44] Iteration: 529/1000, Temp: 0.0000, Energy: -84.194329+0.000912j
[2025-04-30 13:02:57] Iteration: 530/1000, Temp: 0.0000, Energy: -84.147852+0.008703j
[2025-04-30 13:03:09] Iteration: 531/1000, Temp: 0.0000, Energy: -84.306977+0.001792j
[2025-04-30 13:03:22] Iteration: 532/1000, Temp: 0.0000, Energy: -84.045257-0.004658j
[2025-04-30 13:03:35] Iteration: 533/1000, Temp: 0.0000, Energy: -84.184933+0.002154j
[2025-04-30 13:03:47] Iteration: 534/1000, Temp: 0.0000, Energy: -84.139527+0.002021j
[2025-04-30 13:04:00] Iteration: 535/1000, Temp: 0.0000, Energy: -84.205049+0.007990j
[2025-04-30 13:04:13] Iteration: 536/1000, Temp: 0.0000, Energy: -83.956033-0.007404j
[2025-04-30 13:04:26] Iteration: 537/1000, Temp: 0.0000, Energy: -84.037925-0.006218j
[2025-04-30 13:04:39] Iteration: 538/1000, Temp: 0.0000, Energy: -84.023186-0.001931j
[2025-04-30 13:04:51] Iteration: 539/1000, Temp: 0.0000, Energy: -84.070047-0.002947j
[2025-04-30 13:05:04] Iteration: 540/1000, Temp: 0.0000, Energy: -83.955702+0.002062j
[2025-04-30 13:05:17] Iteration: 541/1000, Temp: 0.0000, Energy: -83.871457+0.004517j
[2025-04-30 13:05:30] Iteration: 542/1000, Temp: 0.0000, Energy: -84.149983+0.004907j
[2025-04-30 13:05:42] Iteration: 543/1000, Temp: 0.0000, Energy: -84.159724-0.001602j
[2025-04-30 13:05:55] Iteration: 544/1000, Temp: 0.0000, Energy: -84.257530-0.008573j
[2025-04-30 13:06:08] Iteration: 545/1000, Temp: 0.0000, Energy: -84.157827+0.003792j
[2025-04-30 13:06:21] Iteration: 546/1000, Temp: 0.0000, Energy: -84.078523-0.003573j
[2025-04-30 13:06:33] Iteration: 547/1000, Temp: 0.0000, Energy: -84.103122-0.002066j
[2025-04-30 13:06:46] Iteration: 548/1000, Temp: 0.0000, Energy: -84.046320-0.000937j
[2025-04-30 13:06:59] Iteration: 549/1000, Temp: 0.0000, Energy: -84.025548+0.001198j
[2025-04-30 13:07:11] Iteration: 550/1000, Temp: 0.0000, Energy: -84.121161+0.002479j
[2025-04-30 13:07:24] Iteration: 551/1000, Temp: 0.0000, Energy: -84.182483-0.004743j
[2025-04-30 13:07:37] Iteration: 552/1000, Temp: 0.0000, Energy: -84.189803+0.002143j
[2025-04-30 13:07:50] Iteration: 553/1000, Temp: 0.0000, Energy: -84.132937-0.000787j
[2025-04-30 13:08:02] Iteration: 554/1000, Temp: 0.0000, Energy: -84.279930-0.001876j
[2025-04-30 13:08:15] Iteration: 555/1000, Temp: 0.0000, Energy: -84.140649+0.000533j
[2025-04-30 13:08:28] Iteration: 556/1000, Temp: 0.0000, Energy: -84.112911-0.002622j
[2025-04-30 13:08:40] Iteration: 557/1000, Temp: 0.0000, Energy: -84.137529-0.008763j
[2025-04-30 13:08:53] Iteration: 558/1000, Temp: 0.0000, Energy: -84.138178+0.001603j
[2025-04-30 13:09:06] Iteration: 559/1000, Temp: 0.0000, Energy: -84.104388-0.002825j
[2025-04-30 13:09:18] Iteration: 560/1000, Temp: 0.0000, Energy: -84.088655+0.000316j
[2025-04-30 13:09:31] Iteration: 561/1000, Temp: 0.0000, Energy: -84.141646+0.001388j
[2025-04-30 13:09:44] Iteration: 562/1000, Temp: 0.0000, Energy: -84.160281-0.000768j
[2025-04-30 13:09:56] Iteration: 563/1000, Temp: 0.0000, Energy: -84.056454+0.003646j
[2025-04-30 13:10:09] Iteration: 564/1000, Temp: 0.0000, Energy: -84.096624-0.002147j
[2025-04-30 13:10:21] Iteration: 565/1000, Temp: 0.0000, Energy: -84.037963-0.000325j
[2025-04-30 13:10:34] Iteration: 566/1000, Temp: 0.0000, Energy: -84.144322+0.003321j
[2025-04-30 13:10:46] Iteration: 567/1000, Temp: 0.0000, Energy: -84.133272-0.007796j
[2025-04-30 13:10:59] Iteration: 568/1000, Temp: 0.0000, Energy: -84.159378-0.007340j
[2025-04-30 13:11:11] Iteration: 569/1000, Temp: 0.0000, Energy: -84.142042-0.002449j
[2025-04-30 13:11:24] Iteration: 570/1000, Temp: 0.0000, Energy: -84.136315+0.000185j
[2025-04-30 13:11:36] Iteration: 571/1000, Temp: 0.0000, Energy: -84.259859+0.001555j
[2025-04-30 13:11:49] Iteration: 572/1000, Temp: 0.0000, Energy: -84.201341-0.007554j
[2025-04-30 13:12:01] Iteration: 573/1000, Temp: 0.0000, Energy: -84.258340+0.000043j
[2025-04-30 13:12:14] Iteration: 574/1000, Temp: 0.0000, Energy: -84.034464+0.004427j
[2025-04-30 13:12:27] Iteration: 575/1000, Temp: 0.0000, Energy: -84.241374+0.004472j
[2025-04-30 13:12:39] Iteration: 576/1000, Temp: 0.0000, Energy: -84.222533+0.002334j
[2025-04-30 13:12:52] Iteration: 577/1000, Temp: 0.0000, Energy: -84.172956-0.001571j
[2025-04-30 13:13:05] Iteration: 578/1000, Temp: 0.0000, Energy: -84.334182+0.008514j
[2025-04-30 13:13:17] Iteration: 579/1000, Temp: 0.0000, Energy: -84.020289+0.017996j
[2025-04-30 13:13:30] Iteration: 580/1000, Temp: 0.0000, Energy: -84.193192-0.003439j
[2025-04-30 13:13:43] Iteration: 581/1000, Temp: 0.0000, Energy: -84.142603+0.000948j
[2025-04-30 13:13:55] Iteration: 582/1000, Temp: 0.0000, Energy: -84.082935+0.003682j
[2025-04-30 13:14:08] Iteration: 583/1000, Temp: 0.0000, Energy: -84.063531-0.007861j
[2025-04-30 13:14:21] Iteration: 584/1000, Temp: 0.0000, Energy: -83.938909-0.005116j
[2025-04-30 13:14:33] Iteration: 585/1000, Temp: 0.0000, Energy: -83.976347+0.002051j
[2025-04-30 13:14:46] Iteration: 586/1000, Temp: 0.0000, Energy: -84.057150+0.002788j
[2025-04-30 13:14:58] Iteration: 587/1000, Temp: 0.0000, Energy: -84.150107+0.003198j
[2025-04-30 13:15:11] Iteration: 588/1000, Temp: 0.0000, Energy: -84.147111+0.000146j
[2025-04-30 13:15:24] Iteration: 589/1000, Temp: 0.0000, Energy: -84.211050+0.001799j
[2025-04-30 13:15:36] Iteration: 590/1000, Temp: 0.0000, Energy: -84.253907+0.001955j
[2025-04-30 13:15:49] Iteration: 591/1000, Temp: 0.0000, Energy: -84.134082-0.002974j
[2025-04-30 13:16:01] Iteration: 592/1000, Temp: 0.0000, Energy: -84.122112+0.000482j
[2025-04-30 13:16:14] Iteration: 593/1000, Temp: 0.0000, Energy: -84.017047+0.005706j
[2025-04-30 13:16:27] Iteration: 594/1000, Temp: 0.0000, Energy: -83.947061-0.005284j
[2025-04-30 13:16:39] Iteration: 595/1000, Temp: 0.0000, Energy: -84.090770+0.000551j
[2025-04-30 13:16:52] Iteration: 596/1000, Temp: 0.0000, Energy: -84.189082+0.007817j
[2025-04-30 13:17:04] Iteration: 597/1000, Temp: 0.0000, Energy: -84.106303-0.000327j
[2025-04-30 13:17:17] Iteration: 598/1000, Temp: 0.0000, Energy: -84.199769+0.009990j
[2025-04-30 13:17:29] Iteration: 599/1000, Temp: 0.0000, Energy: -84.286892+0.000282j
[2025-04-30 13:17:42] Iteration: 600/1000, Temp: 0.0000, Energy: -84.182892+0.012300j
[2025-04-30 13:17:54] Iteration: 601/1000, Temp: 0.0000, Energy: -84.222756+0.006624j
[2025-04-30 13:18:07] Iteration: 602/1000, Temp: 0.0000, Energy: -84.078902+0.007818j
[2025-04-30 13:18:20] Iteration: 603/1000, Temp: 0.0000, Energy: -84.183174-0.003634j
[2025-04-30 13:18:32] Iteration: 604/1000, Temp: 0.0000, Energy: -84.326332-0.001312j
[2025-04-30 13:18:45] Iteration: 605/1000, Temp: 0.0000, Energy: -84.245118+0.000663j
[2025-04-30 13:18:58] Iteration: 606/1000, Temp: 0.0000, Energy: -84.224111-0.005036j
[2025-04-30 13:19:10] Iteration: 607/1000, Temp: 0.0000, Energy: -84.243366+0.005516j
[2025-04-30 13:19:23] Iteration: 608/1000, Temp: 0.0000, Energy: -83.886165+0.002385j
[2025-04-30 13:19:35] Iteration: 609/1000, Temp: 0.0000, Energy: -84.000321-0.000537j
[2025-04-30 13:19:48] Iteration: 610/1000, Temp: 0.0000, Energy: -84.048608-0.013233j
[2025-04-30 13:20:00] Iteration: 611/1000, Temp: 0.0000, Energy: -84.200593-0.007624j
[2025-04-30 13:20:13] Iteration: 612/1000, Temp: 0.0000, Energy: -84.237349-0.006966j
[2025-04-30 13:20:26] Iteration: 613/1000, Temp: 0.0000, Energy: -84.037678+0.005590j
[2025-04-30 13:20:38] Iteration: 614/1000, Temp: 0.0000, Energy: -84.109604+0.001260j
[2025-04-30 13:20:51] Iteration: 615/1000, Temp: 0.0000, Energy: -84.022007-0.001997j
[2025-04-30 13:21:03] Iteration: 616/1000, Temp: 0.0000, Energy: -84.131669-0.000600j
[2025-04-30 13:21:16] Iteration: 617/1000, Temp: 0.0000, Energy: -84.097462+0.008653j
[2025-04-30 13:21:28] Iteration: 618/1000, Temp: 0.0000, Energy: -84.163898+0.000457j
[2025-04-30 13:21:41] Iteration: 619/1000, Temp: 0.0000, Energy: -84.252170+0.000799j
[2025-04-30 13:21:54] Iteration: 620/1000, Temp: 0.0000, Energy: -84.225431+0.003616j
[2025-04-30 13:22:06] Iteration: 621/1000, Temp: 0.0000, Energy: -84.306009-0.000092j
[2025-04-30 13:22:19] Iteration: 622/1000, Temp: 0.0000, Energy: -84.204123+0.003781j
[2025-04-30 13:22:32] Iteration: 623/1000, Temp: 0.0000, Energy: -84.048755+0.004038j
[2025-04-30 13:22:44] Iteration: 624/1000, Temp: 0.0000, Energy: -83.985446+0.006829j
[2025-04-30 13:22:57] Iteration: 625/1000, Temp: 0.0000, Energy: -83.984504+0.005507j
[2025-04-30 13:23:10] Iteration: 626/1000, Temp: 0.0000, Energy: -84.035358+0.008770j
[2025-04-30 13:23:22] Iteration: 627/1000, Temp: 0.0000, Energy: -84.066467-0.003902j
[2025-04-30 13:23:35] Iteration: 628/1000, Temp: 0.0000, Energy: -84.191742+0.003133j
[2025-04-30 13:23:48] Iteration: 629/1000, Temp: 0.0000, Energy: -84.248208-0.000490j
[2025-04-30 13:24:01] Iteration: 630/1000, Temp: 0.0000, Energy: -84.253194-0.005135j
[2025-04-30 13:24:13] Iteration: 631/1000, Temp: 0.0000, Energy: -84.335458+0.003530j
[2025-04-30 13:24:26] Iteration: 632/1000, Temp: 0.0000, Energy: -84.184091+0.000499j
[2025-04-30 13:24:39] Iteration: 633/1000, Temp: 0.0000, Energy: -84.138392-0.004156j
[2025-04-30 13:24:52] Iteration: 634/1000, Temp: 0.0000, Energy: -84.043911-0.003350j
[2025-04-30 13:25:04] Iteration: 635/1000, Temp: 0.0000, Energy: -84.167376-0.000880j
[2025-04-30 13:25:17] Iteration: 636/1000, Temp: 0.0000, Energy: -84.159992-0.001278j
[2025-04-30 13:25:30] Iteration: 637/1000, Temp: 0.0000, Energy: -84.146223+0.001929j
[2025-04-30 13:25:42] Iteration: 638/1000, Temp: 0.0000, Energy: -84.084951-0.004005j
[2025-04-30 13:25:55] Iteration: 639/1000, Temp: 0.0000, Energy: -84.018700+0.000786j
[2025-04-30 13:26:08] Iteration: 640/1000, Temp: 0.0000, Energy: -84.074484+0.003446j
[2025-04-30 13:26:20] Iteration: 641/1000, Temp: 0.0000, Energy: -84.136021-0.017143j
[2025-04-30 13:26:33] Iteration: 642/1000, Temp: 0.0000, Energy: -84.201608-0.000562j
[2025-04-30 13:26:46] Iteration: 643/1000, Temp: 0.0000, Energy: -84.237912-0.009627j
[2025-04-30 13:26:59] Iteration: 644/1000, Temp: 0.0000, Energy: -84.109769-0.006217j
[2025-04-30 13:27:11] Iteration: 645/1000, Temp: 0.0000, Energy: -83.975372+0.001521j
[2025-04-30 13:27:24] Iteration: 646/1000, Temp: 0.0000, Energy: -84.019641+0.005635j
[2025-04-30 13:27:37] Iteration: 647/1000, Temp: 0.0000, Energy: -84.047490-0.001426j
[2025-04-30 13:27:49] Iteration: 648/1000, Temp: 0.0000, Energy: -84.027707+0.006378j
[2025-04-30 13:28:02] Iteration: 649/1000, Temp: 0.0000, Energy: -84.200967+0.003063j
[2025-04-30 13:28:15] Iteration: 650/1000, Temp: 0.0000, Energy: -84.132595-0.011023j
[2025-04-30 13:28:27] Iteration: 651/1000, Temp: 0.0000, Energy: -84.010994-0.010804j
[2025-04-30 13:28:40] Iteration: 652/1000, Temp: 0.0000, Energy: -84.218611-0.009244j
[2025-04-30 13:28:53] Iteration: 653/1000, Temp: 0.0000, Energy: -84.093548+0.003635j
[2025-04-30 13:29:05] Iteration: 654/1000, Temp: 0.0000, Energy: -84.222665-0.016910j
[2025-04-30 13:29:18] Iteration: 655/1000, Temp: 0.0000, Energy: -84.145099-0.004259j
[2025-04-30 13:29:31] Iteration: 656/1000, Temp: 0.0000, Energy: -84.042568-0.000732j
[2025-04-30 13:29:43] Iteration: 657/1000, Temp: 0.0000, Energy: -84.262148+0.012513j
[2025-04-30 13:29:56] Iteration: 658/1000, Temp: 0.0000, Energy: -84.352023-0.003573j
[2025-04-30 13:30:08] Iteration: 659/1000, Temp: 0.0000, Energy: -84.147795-0.005110j
[2025-04-30 13:30:21] Iteration: 660/1000, Temp: 0.0000, Energy: -84.217893-0.002421j
[2025-04-30 13:30:33] Iteration: 661/1000, Temp: 0.0000, Energy: -84.295864-0.000742j
[2025-04-30 13:30:46] Iteration: 662/1000, Temp: 0.0000, Energy: -84.403479+0.001251j
[2025-04-30 13:30:58] Iteration: 663/1000, Temp: 0.0000, Energy: -84.290566-0.008756j
[2025-04-30 13:31:11] Iteration: 664/1000, Temp: 0.0000, Energy: -84.256390-0.000981j
[2025-04-30 13:31:24] Iteration: 665/1000, Temp: 0.0000, Energy: -84.124962-0.000958j
[2025-04-30 13:31:36] Iteration: 666/1000, Temp: 0.0000, Energy: -84.047084-0.003934j
[2025-04-30 13:31:49] Iteration: 667/1000, Temp: 0.0000, Energy: -84.122280+0.001803j
[2025-04-30 13:32:01] Iteration: 668/1000, Temp: 0.0000, Energy: -84.274658-0.001278j
[2025-04-30 13:32:14] Iteration: 669/1000, Temp: 0.0000, Energy: -84.193450-0.002390j
[2025-04-30 13:32:27] Iteration: 670/1000, Temp: 0.0000, Energy: -84.091023-0.000594j
[2025-04-30 13:32:39] Iteration: 671/1000, Temp: 0.0000, Energy: -83.943770+0.007305j
[2025-04-30 13:32:52] Iteration: 672/1000, Temp: 0.0000, Energy: -84.044359+0.006563j
[2025-04-30 13:33:04] Iteration: 673/1000, Temp: 0.0000, Energy: -84.009863-0.000377j
[2025-04-30 13:33:17] Iteration: 674/1000, Temp: 0.0000, Energy: -84.015361-0.002224j
[2025-04-30 13:33:30] Iteration: 675/1000, Temp: 0.0000, Energy: -84.185603+0.004310j
[2025-04-30 13:33:42] Iteration: 676/1000, Temp: 0.0000, Energy: -84.239778+0.003202j
[2025-04-30 13:33:55] Iteration: 677/1000, Temp: 0.0000, Energy: -84.216263+0.004818j
[2025-04-30 13:34:08] Iteration: 678/1000, Temp: 0.0000, Energy: -84.251968+0.002030j
[2025-04-30 13:34:21] Iteration: 679/1000, Temp: 0.0000, Energy: -84.220555-0.029038j
[2025-04-30 13:34:33] Iteration: 680/1000, Temp: 0.0000, Energy: -84.146495+0.000863j
[2025-04-30 13:34:46] Iteration: 681/1000, Temp: 0.0000, Energy: -84.173643-0.003815j
[2025-04-30 13:34:58] Iteration: 682/1000, Temp: 0.0000, Energy: -84.176705-0.000499j
[2025-04-30 13:35:11] Iteration: 683/1000, Temp: 0.0000, Energy: -84.184344-0.006808j
[2025-04-30 13:35:24] Iteration: 684/1000, Temp: 0.0000, Energy: -84.276888-0.005087j
[2025-04-30 13:35:36] Iteration: 685/1000, Temp: 0.0000, Energy: -84.245890-0.002858j
[2025-04-30 13:35:49] Iteration: 686/1000, Temp: 0.0000, Energy: -84.264904+0.006156j
[2025-04-30 13:36:02] Iteration: 687/1000, Temp: 0.0000, Energy: -84.160025-0.002868j
[2025-04-30 13:36:14] Iteration: 688/1000, Temp: 0.0000, Energy: -84.197483+0.008017j
[2025-04-30 13:36:27] Iteration: 689/1000, Temp: 0.0000, Energy: -83.962674+0.001901j
[2025-04-30 13:36:39] Iteration: 690/1000, Temp: 0.0000, Energy: -84.194693-0.004545j
[2025-04-30 13:36:52] Iteration: 691/1000, Temp: 0.0000, Energy: -84.181762-0.002980j
[2025-04-30 13:37:04] Iteration: 692/1000, Temp: 0.0000, Energy: -84.290872+0.001418j
[2025-04-30 13:37:17] Iteration: 693/1000, Temp: 0.0000, Energy: -84.101556+0.001352j
[2025-04-30 13:37:30] Iteration: 694/1000, Temp: 0.0000, Energy: -84.280833-0.000772j
[2025-04-30 13:37:43] Iteration: 695/1000, Temp: 0.0000, Energy: -84.283435+0.001116j
[2025-04-30 13:37:55] Iteration: 696/1000, Temp: 0.0000, Energy: -84.207657-0.004050j
[2025-04-30 13:38:08] Iteration: 697/1000, Temp: 0.0000, Energy: -84.185728-0.005186j
[2025-04-30 13:38:20] Iteration: 698/1000, Temp: 0.0000, Energy: -84.209610+0.002522j
[2025-04-30 13:38:33] Iteration: 699/1000, Temp: 0.0000, Energy: -84.211503+0.003466j
[2025-04-30 13:38:45] Iteration: 700/1000, Temp: 0.0000, Energy: -84.191247+0.000631j
[2025-04-30 13:38:58] Iteration: 701/1000, Temp: 0.0000, Energy: -84.384641-0.003634j
[2025-04-30 13:39:11] Iteration: 702/1000, Temp: 0.0000, Energy: -84.496018+0.000844j
[2025-04-30 13:39:23] Iteration: 703/1000, Temp: 0.0000, Energy: -84.339059+0.004878j
[2025-04-30 13:39:36] Iteration: 704/1000, Temp: 0.0000, Energy: -84.147757+0.000027j
[2025-04-30 13:39:48] Iteration: 705/1000, Temp: 0.0000, Energy: -84.052904-0.000571j
[2025-04-30 13:40:01] Iteration: 706/1000, Temp: 0.0000, Energy: -84.204088-0.002989j
[2025-04-30 13:40:13] Iteration: 707/1000, Temp: 0.0000, Energy: -84.107182+0.006037j
[2025-04-30 13:40:26] Iteration: 708/1000, Temp: 0.0000, Energy: -84.170700+0.001430j
[2025-04-30 13:40:38] Iteration: 709/1000, Temp: 0.0000, Energy: -84.095031+0.008480j
[2025-04-30 13:40:51] Iteration: 710/1000, Temp: 0.0000, Energy: -84.083805+0.001116j
[2025-04-30 13:41:03] Iteration: 711/1000, Temp: 0.0000, Energy: -84.120867-0.001328j
[2025-04-30 13:41:16] Iteration: 712/1000, Temp: 0.0000, Energy: -84.232819-0.004773j
[2025-04-30 13:41:29] Iteration: 713/1000, Temp: 0.0000, Energy: -84.177555-0.005077j
[2025-04-30 13:41:41] Iteration: 714/1000, Temp: 0.0000, Energy: -84.295970-0.001021j
[2025-04-30 13:41:54] Iteration: 715/1000, Temp: 0.0000, Energy: -84.208590-0.000243j
[2025-04-30 13:42:07] Iteration: 716/1000, Temp: 0.0000, Energy: -84.219571-0.004815j
[2025-04-30 13:42:19] Iteration: 717/1000, Temp: 0.0000, Energy: -84.158940+0.002100j
[2025-04-30 13:42:32] Iteration: 718/1000, Temp: 0.0000, Energy: -84.212161+0.001222j
[2025-04-30 13:42:45] Iteration: 719/1000, Temp: 0.0000, Energy: -84.211276+0.002343j
[2025-04-30 13:42:57] Iteration: 720/1000, Temp: 0.0000, Energy: -84.247983-0.012317j
[2025-04-30 13:43:10] Iteration: 721/1000, Temp: 0.0000, Energy: -84.242259+0.000300j
[2025-04-30 13:43:23] Iteration: 722/1000, Temp: 0.0000, Energy: -84.264625-0.003994j
[2025-04-30 13:43:36] Iteration: 723/1000, Temp: 0.0000, Energy: -84.311459-0.005441j
[2025-04-30 13:43:48] Iteration: 724/1000, Temp: 0.0000, Energy: -84.211522+0.013243j
[2025-04-30 13:44:01] Iteration: 725/1000, Temp: 0.0000, Energy: -84.222446+0.000509j
[2025-04-30 13:44:14] Iteration: 726/1000, Temp: 0.0000, Energy: -84.206197+0.003699j
[2025-04-30 13:44:26] Iteration: 727/1000, Temp: 0.0000, Energy: -84.255103-0.002161j
[2025-04-30 13:44:39] Iteration: 728/1000, Temp: 0.0000, Energy: -84.278207-0.000458j
[2025-04-30 13:44:52] Iteration: 729/1000, Temp: 0.0000, Energy: -84.304433+0.000780j
[2025-04-30 13:45:05] Iteration: 730/1000, Temp: 0.0000, Energy: -84.020767-0.006414j
[2025-04-30 13:45:17] Iteration: 731/1000, Temp: 0.0000, Energy: -84.069584-0.001104j
[2025-04-30 13:45:30] Iteration: 732/1000, Temp: 0.0000, Energy: -84.084262-0.004786j
[2025-04-30 13:45:43] Iteration: 733/1000, Temp: 0.0000, Energy: -84.156452+0.000447j
[2025-04-30 13:45:56] Iteration: 734/1000, Temp: 0.0000, Energy: -84.026570-0.001783j
[2025-04-30 13:46:08] Iteration: 735/1000, Temp: 0.0000, Energy: -84.120691+0.004839j
[2025-04-30 13:46:21] Iteration: 736/1000, Temp: 0.0000, Energy: -84.089859+0.003464j
[2025-04-30 13:46:34] Iteration: 737/1000, Temp: 0.0000, Energy: -84.273106+0.004671j
[2025-04-30 13:46:47] Iteration: 738/1000, Temp: 0.0000, Energy: -84.192913-0.006038j
[2025-04-30 13:46:59] Iteration: 739/1000, Temp: 0.0000, Energy: -84.225280+0.001345j
[2025-04-30 13:47:12] Iteration: 740/1000, Temp: 0.0000, Energy: -84.130634-0.001473j
[2025-04-30 13:47:25] Iteration: 741/1000, Temp: 0.0000, Energy: -84.165688+0.003622j
[2025-04-30 13:47:38] Iteration: 742/1000, Temp: 0.0000, Energy: -84.192036-0.000906j
[2025-04-30 13:47:51] Iteration: 743/1000, Temp: 0.0000, Energy: -84.380197+0.006145j
[2025-04-30 13:48:03] Iteration: 744/1000, Temp: 0.0000, Energy: -84.310177-0.004694j
[2025-04-30 13:48:16] Iteration: 745/1000, Temp: 0.0000, Energy: -84.313129+0.004606j
[2025-04-30 13:48:29] Iteration: 746/1000, Temp: 0.0000, Energy: -84.295944+0.003084j
[2025-04-30 13:48:42] Iteration: 747/1000, Temp: 0.0000, Energy: -84.322205-0.001328j
[2025-04-30 13:48:54] Iteration: 748/1000, Temp: 0.0000, Energy: -84.136258-0.005242j
[2025-04-30 13:49:07] Iteration: 749/1000, Temp: 0.0000, Energy: -84.164451+0.001859j
[2025-04-30 13:49:20] Iteration: 750/1000, Temp: 0.0000, Energy: -84.229230+0.005831j
[2025-04-30 13:49:32] Iteration: 751/1000, Temp: 0.0000, Energy: -84.073344-0.001865j
[2025-04-30 13:49:45] Iteration: 752/1000, Temp: 0.0000, Energy: -84.064039-0.001448j
[2025-04-30 13:49:58] Iteration: 753/1000, Temp: 0.0000, Energy: -84.192894+0.003066j
[2025-04-30 13:50:10] Iteration: 754/1000, Temp: 0.0000, Energy: -84.219196-0.001969j
[2025-04-30 13:50:23] Iteration: 755/1000, Temp: 0.0000, Energy: -84.282222-0.004294j
[2025-04-30 13:50:36] Iteration: 756/1000, Temp: 0.0000, Energy: -84.264840-0.000183j
[2025-04-30 13:50:49] Iteration: 757/1000, Temp: 0.0000, Energy: -84.150910-0.001944j
[2025-04-30 13:51:01] Iteration: 758/1000, Temp: 0.0000, Energy: -84.305751+0.001603j
[2025-04-30 13:51:14] Iteration: 759/1000, Temp: 0.0000, Energy: -84.126278-0.003645j
[2025-04-30 13:51:27] Iteration: 760/1000, Temp: 0.0000, Energy: -84.110621+0.002114j
[2025-04-30 13:51:39] Iteration: 761/1000, Temp: 0.0000, Energy: -84.052113+0.000158j
[2025-04-30 13:51:52] Iteration: 762/1000, Temp: 0.0000, Energy: -84.079231-0.008328j
[2025-04-30 13:52:05] Iteration: 763/1000, Temp: 0.0000, Energy: -83.890436-0.004137j
[2025-04-30 13:52:18] Iteration: 764/1000, Temp: 0.0000, Energy: -84.249638+0.000978j
[2025-04-30 13:52:30] Iteration: 765/1000, Temp: 0.0000, Energy: -84.039872-0.000905j
[2025-04-30 13:52:43] Iteration: 766/1000, Temp: 0.0000, Energy: -84.117103-0.004131j
[2025-04-30 13:52:56] Iteration: 767/1000, Temp: 0.0000, Energy: -83.926529-0.005888j
[2025-04-30 13:53:08] Iteration: 768/1000, Temp: 0.0000, Energy: -84.206147+0.002160j
[2025-04-30 13:53:21] Iteration: 769/1000, Temp: 0.0000, Energy: -84.112429+0.001836j
[2025-04-30 13:53:34] Iteration: 770/1000, Temp: 0.0000, Energy: -84.240615+0.005057j
[2025-04-30 13:53:47] Iteration: 771/1000, Temp: 0.0000, Energy: -84.262943-0.000171j
[2025-04-30 13:53:59] Iteration: 772/1000, Temp: 0.0000, Energy: -84.264167-0.007815j
[2025-04-30 13:54:12] Iteration: 773/1000, Temp: 0.0000, Energy: -84.266074-0.001738j
[2025-04-30 13:54:25] Iteration: 774/1000, Temp: 0.0000, Energy: -84.109797-0.001363j
[2025-04-30 13:54:37] Iteration: 775/1000, Temp: 0.0000, Energy: -84.116051-0.003254j
[2025-04-30 13:54:50] Iteration: 776/1000, Temp: 0.0000, Energy: -84.025096-0.005683j
[2025-04-30 13:55:02] Iteration: 777/1000, Temp: 0.0000, Energy: -84.260390+0.003831j
[2025-04-30 13:55:15] Iteration: 778/1000, Temp: 0.0000, Energy: -84.355563-0.001296j
[2025-04-30 13:55:28] Iteration: 779/1000, Temp: 0.0000, Energy: -84.237509+0.001151j
[2025-04-30 13:55:40] Iteration: 780/1000, Temp: 0.0000, Energy: -84.362378+0.007833j
[2025-04-30 13:55:53] Iteration: 781/1000, Temp: 0.0000, Energy: -84.100499+0.004183j
[2025-04-30 13:56:06] Iteration: 782/1000, Temp: 0.0000, Energy: -84.255804-0.001406j
[2025-04-30 13:56:18] Iteration: 783/1000, Temp: 0.0000, Energy: -84.194948-0.003084j
[2025-04-30 13:56:31] Iteration: 784/1000, Temp: 0.0000, Energy: -84.135976+0.002615j
[2025-04-30 13:56:43] Iteration: 785/1000, Temp: 0.0000, Energy: -84.217272+0.005952j
[2025-04-30 13:56:56] Iteration: 786/1000, Temp: 0.0000, Energy: -84.194674+0.000112j
[2025-04-30 13:57:09] Iteration: 787/1000, Temp: 0.0000, Energy: -84.067658+0.007541j
[2025-04-30 13:57:21] Iteration: 788/1000, Temp: 0.0000, Energy: -84.380540+0.002624j
[2025-04-30 13:57:34] Iteration: 789/1000, Temp: 0.0000, Energy: -84.243632+0.001133j
[2025-04-30 13:57:47] Iteration: 790/1000, Temp: 0.0000, Energy: -84.352552+0.002854j
[2025-04-30 13:57:59] Iteration: 791/1000, Temp: 0.0000, Energy: -84.221512+0.003503j
[2025-04-30 13:58:12] Iteration: 792/1000, Temp: 0.0000, Energy: -84.167187+0.000773j
[2025-04-30 13:58:24] Iteration: 793/1000, Temp: 0.0000, Energy: -84.071196-0.006034j
[2025-04-30 13:58:37] Iteration: 794/1000, Temp: 0.0000, Energy: -84.098698+0.004147j
[2025-04-30 13:58:50] Iteration: 795/1000, Temp: 0.0000, Energy: -84.082938+0.005300j
[2025-04-30 13:59:02] Iteration: 796/1000, Temp: 0.0000, Energy: -84.288405+0.003600j
[2025-04-30 13:59:15] Iteration: 797/1000, Temp: 0.0000, Energy: -84.141010-0.006262j
[2025-04-30 13:59:28] Iteration: 798/1000, Temp: 0.0000, Energy: -84.066991-0.003992j
[2025-04-30 13:59:40] Iteration: 799/1000, Temp: 0.0000, Energy: -84.076592+0.006143j
[2025-04-30 13:59:53] Iteration: 800/1000, Temp: 0.0000, Energy: -84.126323+0.003009j
[2025-04-30 14:00:06] Iteration: 801/1000, Temp: 0.0000, Energy: -84.117563+0.005422j
[2025-04-30 14:00:19] Iteration: 802/1000, Temp: 0.0000, Energy: -83.933976-0.001882j
[2025-04-30 14:00:31] Iteration: 803/1000, Temp: 0.0000, Energy: -84.258353+0.007582j
[2025-04-30 14:00:44] Iteration: 804/1000, Temp: 0.0000, Energy: -84.056508+0.001399j
[2025-04-30 14:00:56] Iteration: 805/1000, Temp: 0.0000, Energy: -84.025022+0.011844j
[2025-04-30 14:01:09] Iteration: 806/1000, Temp: 0.0000, Energy: -84.075848+0.007432j
[2025-04-30 14:01:21] Iteration: 807/1000, Temp: 0.0000, Energy: -84.072768-0.003297j
[2025-04-30 14:01:34] Iteration: 808/1000, Temp: 0.0000, Energy: -83.947581-0.001276j
[2025-04-30 14:01:46] Iteration: 809/1000, Temp: 0.0000, Energy: -84.182816-0.001011j
[2025-04-30 14:01:59] Iteration: 810/1000, Temp: 0.0000, Energy: -84.187349-0.005749j
[2025-04-30 14:02:12] Iteration: 811/1000, Temp: 0.0000, Energy: -84.287979+0.001836j
[2025-04-30 14:02:24] Iteration: 812/1000, Temp: 0.0000, Energy: -84.249777+0.001578j
[2025-04-30 14:02:37] Iteration: 813/1000, Temp: 0.0000, Energy: -84.360449-0.004862j
[2025-04-30 14:02:49] Iteration: 814/1000, Temp: 0.0000, Energy: -84.193900-0.004435j
[2025-04-30 14:03:02] Iteration: 815/1000, Temp: 0.0000, Energy: -84.258134-0.002014j
[2025-04-30 14:03:14] Iteration: 816/1000, Temp: 0.0000, Energy: -84.146176+0.002722j
[2025-04-30 14:03:27] Iteration: 817/1000, Temp: 0.0000, Energy: -84.091963-0.008105j
[2025-04-30 14:03:40] Iteration: 818/1000, Temp: 0.0000, Energy: -84.123534-0.004058j
[2025-04-30 14:03:52] Iteration: 819/1000, Temp: 0.0000, Energy: -84.291258+0.003902j
[2025-04-30 14:04:05] Iteration: 820/1000, Temp: 0.0000, Energy: -84.123072-0.000962j
[2025-04-30 14:04:18] Iteration: 821/1000, Temp: 0.0000, Energy: -84.321082-0.002434j
[2025-04-30 14:04:30] Iteration: 822/1000, Temp: 0.0000, Energy: -84.245706+0.002868j
[2025-04-30 14:04:43] Iteration: 823/1000, Temp: 0.0000, Energy: -84.163289-0.000838j
[2025-04-30 14:04:55] Iteration: 824/1000, Temp: 0.0000, Energy: -84.180552-0.004250j
[2025-04-30 14:05:08] Iteration: 825/1000, Temp: 0.0000, Energy: -84.232041-0.003137j
[2025-04-30 14:05:21] Iteration: 826/1000, Temp: 0.0000, Energy: -84.267793+0.001589j
[2025-04-30 14:05:33] Iteration: 827/1000, Temp: 0.0000, Energy: -84.177119+0.003959j
[2025-04-30 14:05:46] Iteration: 828/1000, Temp: 0.0000, Energy: -84.131300+0.003014j
[2025-04-30 14:05:58] Iteration: 829/1000, Temp: 0.0000, Energy: -84.087633+0.002499j
[2025-04-30 14:06:11] Iteration: 830/1000, Temp: 0.0000, Energy: -84.189208-0.004128j
[2025-04-30 14:06:24] Iteration: 831/1000, Temp: 0.0000, Energy: -84.001540-0.001628j
[2025-04-30 14:06:36] Iteration: 832/1000, Temp: 0.0000, Energy: -83.912068+0.000816j
[2025-04-30 14:06:49] Iteration: 833/1000, Temp: 0.0000, Energy: -84.138183+0.002473j
[2025-04-30 14:07:01] Iteration: 834/1000, Temp: 0.0000, Energy: -84.193866+0.005982j
[2025-04-30 14:07:14] Iteration: 835/1000, Temp: 0.0000, Energy: -84.197949+0.000184j
[2025-04-30 14:07:26] Iteration: 836/1000, Temp: 0.0000, Energy: -84.016915+0.011055j
[2025-04-30 14:07:39] Iteration: 837/1000, Temp: 0.0000, Energy: -84.222787+0.000843j
[2025-04-30 14:07:52] Iteration: 838/1000, Temp: 0.0000, Energy: -84.003795-0.001514j
[2025-04-30 14:08:04] Iteration: 839/1000, Temp: 0.0000, Energy: -84.042552+0.004916j
[2025-04-30 14:08:17] Iteration: 840/1000, Temp: 0.0000, Energy: -83.971721-0.008102j
[2025-04-30 14:08:29] Iteration: 841/1000, Temp: 0.0000, Energy: -83.976867+0.000131j
[2025-04-30 14:08:42] Iteration: 842/1000, Temp: 0.0000, Energy: -84.020023+0.003496j
[2025-04-30 14:08:55] Iteration: 843/1000, Temp: 0.0000, Energy: -84.130803+0.002561j
[2025-04-30 14:09:08] Iteration: 844/1000, Temp: 0.0000, Energy: -84.304693-0.000492j
[2025-04-30 14:09:20] Iteration: 845/1000, Temp: 0.0000, Energy: -84.262125+0.001306j
[2025-04-30 14:09:33] Iteration: 846/1000, Temp: 0.0000, Energy: -83.973463-0.004697j
[2025-04-30 14:09:46] Iteration: 847/1000, Temp: 0.0000, Energy: -84.025894+0.002546j
[2025-04-30 14:09:59] Iteration: 848/1000, Temp: 0.0000, Energy: -84.017064+0.002393j
[2025-04-30 14:10:11] Iteration: 849/1000, Temp: 0.0000, Energy: -84.147309-0.005905j
[2025-04-30 14:10:24] Iteration: 850/1000, Temp: 0.0000, Energy: -83.981161-0.002860j
[2025-04-30 14:10:37] Iteration: 851/1000, Temp: 0.0000, Energy: -84.117468+0.001079j
[2025-04-30 14:10:50] Iteration: 852/1000, Temp: 0.0000, Energy: -83.959950+0.000870j
[2025-04-30 14:11:02] Iteration: 853/1000, Temp: 0.0000, Energy: -84.235907-0.014371j
[2025-04-30 14:11:15] Iteration: 854/1000, Temp: 0.0000, Energy: -84.276986+0.008831j
[2025-04-30 14:11:28] Iteration: 855/1000, Temp: 0.0000, Energy: -84.232032+0.002070j
[2025-04-30 14:11:41] Iteration: 856/1000, Temp: 0.0000, Energy: -84.393115-0.005209j
[2025-04-30 14:11:53] Iteration: 857/1000, Temp: 0.0000, Energy: -84.307142-0.005314j
[2025-04-30 14:12:06] Iteration: 858/1000, Temp: 0.0000, Energy: -84.240284-0.003445j
[2025-04-30 14:12:19] Iteration: 859/1000, Temp: 0.0000, Energy: -84.113521-0.004942j
[2025-04-30 14:12:32] Iteration: 860/1000, Temp: 0.0000, Energy: -83.937827+0.001990j
[2025-04-30 14:12:45] Iteration: 861/1000, Temp: 0.0000, Energy: -83.928524-0.004540j
[2025-04-30 14:12:57] Iteration: 862/1000, Temp: 0.0000, Energy: -84.027860-0.001252j
[2025-04-30 14:13:10] Iteration: 863/1000, Temp: 0.0000, Energy: -84.219574-0.002813j
[2025-04-30 14:13:23] Iteration: 864/1000, Temp: 0.0000, Energy: -84.038916+0.000315j
[2025-04-30 14:13:36] Iteration: 865/1000, Temp: 0.0000, Energy: -84.048261-0.003464j
[2025-04-30 14:13:48] Iteration: 866/1000, Temp: 0.0000, Energy: -84.021257-0.005301j
[2025-04-30 14:14:01] Iteration: 867/1000, Temp: 0.0000, Energy: -84.082214+0.003349j
[2025-04-30 14:14:14] Iteration: 868/1000, Temp: 0.0000, Energy: -84.148135-0.000287j
[2025-04-30 14:14:26] Iteration: 869/1000, Temp: 0.0000, Energy: -84.035370-0.000389j
[2025-04-30 14:14:39] Iteration: 870/1000, Temp: 0.0000, Energy: -84.230134-0.003339j
[2025-04-30 14:14:52] Iteration: 871/1000, Temp: 0.0000, Energy: -84.138758+0.002406j
[2025-04-30 14:15:04] Iteration: 872/1000, Temp: 0.0000, Energy: -84.145884-0.002492j
[2025-04-30 14:15:17] Iteration: 873/1000, Temp: 0.0000, Energy: -84.170995-0.013748j
[2025-04-30 14:15:30] Iteration: 874/1000, Temp: 0.0000, Energy: -84.267001+0.000732j
[2025-04-30 14:15:42] Iteration: 875/1000, Temp: 0.0000, Energy: -84.191788-0.001182j
[2025-04-30 14:15:55] Iteration: 876/1000, Temp: 0.0000, Energy: -84.160998-0.000658j
[2025-04-30 14:16:08] Iteration: 877/1000, Temp: 0.0000, Energy: -84.185044+0.007491j
[2025-04-30 14:16:20] Iteration: 878/1000, Temp: 0.0000, Energy: -84.233695+0.009133j
[2025-04-30 14:16:33] Iteration: 879/1000, Temp: 0.0000, Energy: -84.058670-0.001803j
[2025-04-30 14:16:46] Iteration: 880/1000, Temp: 0.0000, Energy: -84.175110+0.000903j
[2025-04-30 14:16:59] Iteration: 881/1000, Temp: 0.0000, Energy: -84.272492-0.010765j
[2025-04-30 14:17:11] Iteration: 882/1000, Temp: 0.0000, Energy: -84.226145+0.000330j
[2025-04-30 14:17:24] Iteration: 883/1000, Temp: 0.0000, Energy: -84.271794+0.001266j
[2025-04-30 14:17:37] Iteration: 884/1000, Temp: 0.0000, Energy: -84.377246-0.001497j
[2025-04-30 14:17:49] Iteration: 885/1000, Temp: 0.0000, Energy: -84.175243-0.005760j
[2025-04-30 14:18:02] Iteration: 886/1000, Temp: 0.0000, Energy: -84.218257+0.003639j
[2025-04-30 14:18:15] Iteration: 887/1000, Temp: 0.0000, Energy: -84.178861-0.000464j
[2025-04-30 14:18:27] Iteration: 888/1000, Temp: 0.0000, Energy: -84.177873-0.003922j
[2025-04-30 14:18:40] Iteration: 889/1000, Temp: 0.0000, Energy: -84.208944-0.000782j
[2025-04-30 14:18:53] Iteration: 890/1000, Temp: 0.0000, Energy: -84.198633-0.001201j
[2025-04-30 14:19:05] Iteration: 891/1000, Temp: 0.0000, Energy: -84.173761-0.000361j
[2025-04-30 14:19:18] Iteration: 892/1000, Temp: 0.0000, Energy: -84.140704+0.004266j
[2025-04-30 14:19:31] Iteration: 893/1000, Temp: 0.0000, Energy: -84.416208-0.001102j
[2025-04-30 14:19:43] Iteration: 894/1000, Temp: 0.0000, Energy: -84.147795+0.001267j
[2025-04-30 14:19:56] Iteration: 895/1000, Temp: 0.0000, Energy: -84.198997-0.005362j
[2025-04-30 14:20:09] Iteration: 896/1000, Temp: 0.0000, Energy: -84.161121+0.007112j
[2025-04-30 14:20:22] Iteration: 897/1000, Temp: 0.0000, Energy: -84.116753-0.003058j
[2025-04-30 14:20:34] Iteration: 898/1000, Temp: 0.0000, Energy: -84.162117-0.006336j
[2025-04-30 14:20:47] Iteration: 899/1000, Temp: 0.0000, Energy: -84.173330-0.004363j
[2025-04-30 14:21:00] Iteration: 900/1000, Temp: 0.0000, Energy: -84.226525+0.008605j
[2025-04-30 14:21:12] Iteration: 901/1000, Temp: 0.0000, Energy: -84.194956+0.001614j
[2025-04-30 14:21:25] Iteration: 902/1000, Temp: 0.0000, Energy: -83.972228+0.005010j
[2025-04-30 14:21:38] Iteration: 903/1000, Temp: 0.0000, Energy: -84.176961-0.002454j
[2025-04-30 14:21:51] Iteration: 904/1000, Temp: 0.0000, Energy: -84.155123+0.004953j
[2025-04-30 14:22:04] Iteration: 905/1000, Temp: 0.0000, Energy: -84.281313-0.005211j
[2025-04-30 14:22:16] Iteration: 906/1000, Temp: 0.0000, Energy: -84.157834-0.000915j
[2025-04-30 14:22:29] Iteration: 907/1000, Temp: 0.0000, Energy: -84.111210+0.000554j
[2025-04-30 14:22:42] Iteration: 908/1000, Temp: 0.0000, Energy: -84.138546+0.002238j
[2025-04-30 14:22:54] Iteration: 909/1000, Temp: 0.0000, Energy: -84.250320-0.006794j
[2025-04-30 14:23:07] Iteration: 910/1000, Temp: 0.0000, Energy: -84.019155-0.002767j
[2025-04-30 14:23:20] Iteration: 911/1000, Temp: 0.0000, Energy: -83.938154+0.013973j
[2025-04-30 14:23:32] Iteration: 912/1000, Temp: 0.0000, Energy: -84.032252+0.002454j
[2025-04-30 14:23:45] Iteration: 913/1000, Temp: 0.0000, Energy: -84.221251+0.002479j
[2025-04-30 14:23:58] Iteration: 914/1000, Temp: 0.0000, Energy: -84.127991+0.005654j
[2025-04-30 14:24:10] Iteration: 915/1000, Temp: 0.0000, Energy: -84.196808-0.002561j
[2025-04-30 14:24:23] Iteration: 916/1000, Temp: 0.0000, Energy: -84.274382+0.002632j
[2025-04-30 14:24:36] Iteration: 917/1000, Temp: 0.0000, Energy: -84.198174-0.003112j
[2025-04-30 14:24:49] Iteration: 918/1000, Temp: 0.0000, Energy: -84.135585-0.003629j
[2025-04-30 14:25:01] Iteration: 919/1000, Temp: 0.0000, Energy: -84.111489+0.000975j
[2025-04-30 14:25:14] Iteration: 920/1000, Temp: 0.0000, Energy: -84.153550-0.002307j
[2025-04-30 14:25:27] Iteration: 921/1000, Temp: 0.0000, Energy: -84.083836+0.003272j
[2025-04-30 14:25:40] Iteration: 922/1000, Temp: 0.0000, Energy: -84.269691-0.000627j
[2025-04-30 14:25:52] Iteration: 923/1000, Temp: 0.0000, Energy: -84.365134+0.001049j
[2025-04-30 14:26:05] Iteration: 924/1000, Temp: 0.0000, Energy: -84.270102+0.003733j
[2025-04-30 14:26:18] Iteration: 925/1000, Temp: 0.0000, Energy: -84.263380+0.001606j
[2025-04-30 14:26:31] Iteration: 926/1000, Temp: 0.0000, Energy: -84.295396+0.001970j
[2025-04-30 14:26:43] Iteration: 927/1000, Temp: 0.0000, Energy: -84.247314+0.005663j
[2025-04-30 14:26:56] Iteration: 928/1000, Temp: 0.0000, Energy: -84.293578+0.003110j
[2025-04-30 14:27:09] Iteration: 929/1000, Temp: 0.0000, Energy: -84.365291-0.003252j
[2025-04-30 14:27:21] Iteration: 930/1000, Temp: 0.0000, Energy: -84.100167+0.005798j
[2025-04-30 14:27:34] Iteration: 931/1000, Temp: 0.0000, Energy: -84.135093-0.001723j
[2025-04-30 14:27:47] Iteration: 932/1000, Temp: 0.0000, Energy: -84.163919-0.003093j
[2025-04-30 14:27:59] Iteration: 933/1000, Temp: 0.0000, Energy: -84.154848-0.003236j
[2025-04-30 14:28:12] Iteration: 934/1000, Temp: 0.0000, Energy: -84.306651-0.004736j
[2025-04-30 14:28:25] Iteration: 935/1000, Temp: 0.0000, Energy: -84.154587-0.003776j
[2025-04-30 14:28:37] Iteration: 936/1000, Temp: 0.0000, Energy: -84.049514-0.005476j
[2025-04-30 14:28:50] Iteration: 937/1000, Temp: 0.0000, Energy: -83.976998+0.008308j
[2025-04-30 14:29:02] Iteration: 938/1000, Temp: 0.0000, Energy: -83.966281+0.000154j
[2025-04-30 14:29:15] Iteration: 939/1000, Temp: 0.0000, Energy: -84.089422+0.008557j
[2025-04-30 14:29:28] Iteration: 940/1000, Temp: 0.0000, Energy: -84.051905+0.003403j
[2025-04-30 14:29:41] Iteration: 941/1000, Temp: 0.0000, Energy: -84.164801-0.005809j
[2025-04-30 14:29:53] Iteration: 942/1000, Temp: 0.0000, Energy: -84.281394+0.020197j
[2025-04-30 14:30:06] Iteration: 943/1000, Temp: 0.0000, Energy: -84.242257+0.004187j
[2025-04-30 14:30:19] Iteration: 944/1000, Temp: 0.0000, Energy: -84.237462-0.000753j
[2025-04-30 14:30:31] Iteration: 945/1000, Temp: 0.0000, Energy: -84.221350+0.002277j
[2025-04-30 14:30:44] Iteration: 946/1000, Temp: 0.0000, Energy: -84.303228+0.002813j
[2025-04-30 14:30:56] Iteration: 947/1000, Temp: 0.0000, Energy: -84.066096-0.003220j
[2025-04-30 14:31:09] Iteration: 948/1000, Temp: 0.0000, Energy: -84.034827-0.000119j
[2025-04-30 14:31:22] Iteration: 949/1000, Temp: 0.0000, Energy: -84.133484-0.002236j
[2025-04-30 14:31:35] Iteration: 950/1000, Temp: 0.0000, Energy: -84.254741-0.002217j
[2025-04-30 14:31:47] Iteration: 951/1000, Temp: 0.0000, Energy: -84.421328+0.001234j
[2025-04-30 14:32:00] Iteration: 952/1000, Temp: 0.0000, Energy: -84.130019-0.001615j
[2025-04-30 14:32:13] Iteration: 953/1000, Temp: 0.0000, Energy: -84.171605+0.001569j
[2025-04-30 14:32:25] Iteration: 954/1000, Temp: 0.0000, Energy: -84.156603-0.002348j
[2025-04-30 14:32:38] Iteration: 955/1000, Temp: 0.0000, Energy: -84.091814-0.004258j
[2025-04-30 14:32:51] Iteration: 956/1000, Temp: 0.0000, Energy: -84.046771-0.003026j
[2025-04-30 14:33:03] Iteration: 957/1000, Temp: 0.0000, Energy: -84.147891-0.005314j
[2025-04-30 14:33:16] Iteration: 958/1000, Temp: 0.0000, Energy: -84.177496-0.004184j
[2025-04-30 14:33:28] Iteration: 959/1000, Temp: 0.0000, Energy: -84.215233+0.001088j
[2025-04-30 14:33:41] Iteration: 960/1000, Temp: 0.0000, Energy: -84.229140+0.002093j
[2025-04-30 14:33:54] Iteration: 961/1000, Temp: 0.0000, Energy: -84.254067-0.001167j
[2025-04-30 14:34:06] Iteration: 962/1000, Temp: 0.0000, Energy: -84.298197-0.003492j
[2025-04-30 14:34:19] Iteration: 963/1000, Temp: 0.0000, Energy: -84.210494+0.005720j
[2025-04-30 14:34:31] Iteration: 964/1000, Temp: 0.0000, Energy: -84.270813-0.003148j
[2025-04-30 14:34:44] Iteration: 965/1000, Temp: 0.0000, Energy: -84.296403+0.002235j
[2025-04-30 14:34:57] Iteration: 966/1000, Temp: 0.0000, Energy: -84.236258+0.003037j
[2025-04-30 14:35:10] Iteration: 967/1000, Temp: 0.0000, Energy: -84.375804+0.008706j
[2025-04-30 14:35:22] Iteration: 968/1000, Temp: 0.0000, Energy: -84.423185-0.000042j
[2025-04-30 14:35:35] Iteration: 969/1000, Temp: 0.0000, Energy: -84.274131-0.002721j
[2025-04-30 14:35:48] Iteration: 970/1000, Temp: 0.0000, Energy: -84.265842-0.001459j
[2025-04-30 14:36:00] Iteration: 971/1000, Temp: 0.0000, Energy: -84.312693+0.008284j
[2025-04-30 14:36:13] Iteration: 972/1000, Temp: 0.0000, Energy: -84.383063+0.006971j
[2025-04-30 14:36:26] Iteration: 973/1000, Temp: 0.0000, Energy: -84.335508-0.001142j
[2025-04-30 14:36:38] Iteration: 974/1000, Temp: 0.0000, Energy: -84.304677+0.004532j
[2025-04-30 14:36:51] Iteration: 975/1000, Temp: 0.0000, Energy: -84.233791+0.001888j
[2025-04-30 14:37:04] Iteration: 976/1000, Temp: 0.0000, Energy: -84.329688+0.003845j
[2025-04-30 14:37:17] Iteration: 977/1000, Temp: 0.0000, Energy: -84.318283-0.006991j
[2025-04-30 14:37:29] Iteration: 978/1000, Temp: 0.0000, Energy: -84.213434-0.005051j
[2025-04-30 14:37:42] Iteration: 979/1000, Temp: 0.0000, Energy: -84.125954-0.001360j
[2025-04-30 14:37:55] Iteration: 980/1000, Temp: 0.0000, Energy: -84.202786-0.000577j
[2025-04-30 14:38:08] Iteration: 981/1000, Temp: 0.0000, Energy: -84.020080+0.000543j
[2025-04-30 14:38:20] Iteration: 982/1000, Temp: 0.0000, Energy: -83.947105-0.004601j
[2025-04-30 14:38:33] Iteration: 983/1000, Temp: 0.0000, Energy: -84.083965+0.005770j
[2025-04-30 14:38:46] Iteration: 984/1000, Temp: 0.0000, Energy: -84.036675-0.004250j
[2025-04-30 14:38:59] Iteration: 985/1000, Temp: 0.0000, Energy: -84.175063-0.001176j
[2025-04-30 14:39:11] Iteration: 986/1000, Temp: 0.0000, Energy: -84.140271-0.006080j
[2025-04-30 14:39:24] Iteration: 987/1000, Temp: 0.0000, Energy: -84.151863-0.004983j
[2025-04-30 14:39:37] Iteration: 988/1000, Temp: 0.0000, Energy: -84.113295+0.001793j
[2025-04-30 14:39:50] Iteration: 989/1000, Temp: 0.0000, Energy: -84.055039+0.004516j
[2025-04-30 14:40:02] Iteration: 990/1000, Temp: 0.0000, Energy: -83.930244-0.005442j
[2025-04-30 14:40:15] Iteration: 991/1000, Temp: 0.0000, Energy: -84.073602+0.004780j
[2025-04-30 14:40:28] Iteration: 992/1000, Temp: 0.0000, Energy: -84.171018-0.013039j
[2025-04-30 14:40:40] Iteration: 993/1000, Temp: 0.0000, Energy: -84.191975-0.000370j
[2025-04-30 14:40:53] Iteration: 994/1000, Temp: 0.0000, Energy: -84.346577+0.007251j
[2025-04-30 14:41:06] Iteration: 995/1000, Temp: 0.0000, Energy: -84.250228-0.000502j
[2025-04-30 14:41:19] Iteration: 996/1000, Temp: 0.0000, Energy: -84.516778+0.001019j
[2025-04-30 14:41:31] Iteration: 997/1000, Temp: 0.0000, Energy: -84.147983-0.005029j
[2025-04-30 14:41:44] Iteration: 998/1000, Temp: 0.0000, Energy: -84.097435-0.002512j
[2025-04-30 14:41:57] Iteration: 999/1000, Temp: 0.0000, Energy: -84.203181-0.000362j
[2025-04-30 14:41:57] ==================================================
[2025-04-30 14:41:57] Training finished, total runtime = 12682.96 seconds
[2025-04-30 14:41:57] Trained quantum state parameters saved to: results/L=5/J2=0.05/J1=0.10/training/GCNN_L=5_J2=0.05_J1=0.10.pkl
[2025-04-30 14:41:57] ==================================================
