[2025-04-29 23:57:24] ==================================================
[2025-04-29 23:57:24] GCNN for Shastry-Sutherland lattice
[2025-04-29 23:57:24] ==================================================
[2025-04-29 23:57:24] System parameters:
[2025-04-29 23:57:24]   - System size: L=5, N=100
[2025-04-29 23:57:24]   - System parameters: J1=0.07, J2=0.05, Q=0.95
[2025-04-29 23:57:24] --------------------------------------------------
[2025-04-29 23:57:24] Model parameters:
[2025-04-29 23:57:24]   - Number of layers = 4
[2025-04-29 23:57:24]   - Number of features = 4
[2025-04-29 23:57:24]   - Total parameters = 19628
[2025-04-29 23:57:24] --------------------------------------------------
[2025-04-29 23:57:24] Training parameters:
[2025-04-29 23:57:24]   - Learning rate: 0.02
[2025-04-29 23:57:24]   - Total annealing steps: 1000
[2025-04-29 23:57:24]   - Samples: 4096
[2025-04-29 23:57:24]   - Discarded samples: 0
[2025-04-29 23:57:24]   - Chunk size: 1024
[2025-04-29 23:57:24] --------------------------------------------------
[2025-04-29 23:57:24] Device status:
[2025-04-29 23:57:24]   - Number of devices: 4
[2025-04-29 23:57:24]   - Sharding: True
[2025-04-29 23:57:31] --------------------------------------------------
[2025-04-29 23:57:31] Start training...
[2025-04-29 23:57:56] Iteration: 0/1000, Temp: 0.5000, Energy: 4.124761+0.000147j
[2025-04-29 23:58:05] Iteration: 1/1000, Temp: 0.4901, Energy: 4.124918+0.000573j
[2025-04-29 23:58:13] Iteration: 2/1000, Temp: 0.4804, Energy: 4.125009+0.000455j
[2025-04-29 23:58:22] Iteration: 3/1000, Temp: 0.4709, Energy: 4.123477-0.000431j
[2025-04-29 23:58:31] Iteration: 4/1000, Temp: 0.4616, Energy: 4.123857-0.000580j
[2025-04-29 23:58:39] Iteration: 5/1000, Temp: 0.4524, Energy: 4.123202-0.000424j
[2025-04-29 23:58:48] Iteration: 6/1000, Temp: 0.4435, Energy: 4.124307-0.000157j
[2025-04-29 23:58:57] Iteration: 7/1000, Temp: 0.4347, Energy: 4.124377+0.000517j
[2025-04-29 23:59:05] Iteration: 8/1000, Temp: 0.4261, Energy: 4.124255+0.000283j
[2025-04-29 23:59:14] Iteration: 9/1000, Temp: 0.4176, Energy: 4.123634-0.000039j
[2025-04-29 23:59:23] Iteration: 10/1000, Temp: 0.4094, Energy: 4.124608+0.000193j
[2025-04-29 23:59:31] Iteration: 11/1000, Temp: 0.4013, Energy: 4.123539-0.000292j
[2025-04-29 23:59:40] Iteration: 12/1000, Temp: 0.3933, Energy: 4.123504-0.000272j
[2025-04-29 23:59:49] Iteration: 13/1000, Temp: 0.3855, Energy: 4.124681+0.000517j
[2025-04-29 23:59:57] Iteration: 14/1000, Temp: 0.3779, Energy: 4.124567+0.000315j
[2025-04-30 00:00:06] Iteration: 15/1000, Temp: 0.3704, Energy: 4.124612+0.000700j
[2025-04-30 00:00:15] Iteration: 16/1000, Temp: 0.3631, Energy: 4.122974-0.000250j
[2025-04-30 00:00:23] Iteration: 17/1000, Temp: 0.3559, Energy: 4.123926-0.000143j
[2025-04-30 00:00:32] Iteration: 18/1000, Temp: 0.3488, Energy: 4.124030+0.000637j
[2025-04-30 00:00:41] Iteration: 19/1000, Temp: 0.3419, Energy: 4.123119+0.000606j
[2025-04-30 00:00:49] Iteration: 20/1000, Temp: 0.3352, Energy: 4.123902-0.000464j
[2025-04-30 00:00:58] Iteration: 21/1000, Temp: 0.3285, Energy: 4.124694+0.000629j
[2025-04-30 00:01:07] Iteration: 22/1000, Temp: 0.3220, Energy: 4.122880-0.001100j
[2025-04-30 00:01:15] Iteration: 23/1000, Temp: 0.3156, Energy: 4.123980+0.001172j
[2025-04-30 00:01:24] Iteration: 24/1000, Temp: 0.3094, Energy: 4.122551+0.000089j
[2025-04-30 00:01:32] Iteration: 25/1000, Temp: 0.3033, Energy: 4.123126+0.000944j
[2025-04-30 00:01:41] Iteration: 26/1000, Temp: 0.2973, Energy: 4.122862+0.001072j
[2025-04-30 00:01:50] Iteration: 27/1000, Temp: 0.2914, Energy: 4.123625+0.000814j
[2025-04-30 00:01:58] Iteration: 28/1000, Temp: 0.2856, Energy: 4.122096+0.000313j
[2025-04-30 00:02:07] Iteration: 29/1000, Temp: 0.2799, Energy: 4.121949+0.000872j
[2025-04-30 00:02:16] Iteration: 30/1000, Temp: 0.2744, Energy: 4.121576-0.001224j
[2025-04-30 00:02:24] Iteration: 31/1000, Temp: 0.2690, Energy: 4.121789+0.000058j
[2025-04-30 00:02:33] Iteration: 32/1000, Temp: 0.2636, Energy: 4.120892+0.000607j
[2025-04-30 00:02:42] Iteration: 33/1000, Temp: 0.2584, Energy: 4.118326-0.003705j
[2025-04-30 00:02:50] Iteration: 34/1000, Temp: 0.2533, Energy: 4.121891+0.002715j
[2025-04-30 00:02:59] Iteration: 35/1000, Temp: 0.2483, Energy: 4.120464+0.001268j
[2025-04-30 00:03:07] Iteration: 36/1000, Temp: 0.2434, Energy: 4.116581-0.004085j
[2025-04-30 00:03:16] Iteration: 37/1000, Temp: 0.2386, Energy: 4.119669+0.001996j
[2025-04-30 00:03:25] Iteration: 38/1000, Temp: 0.2338, Energy: 4.117623-0.000128j
[2025-04-30 00:03:33] Iteration: 39/1000, Temp: 0.2292, Energy: 4.114656-0.001582j
[2025-04-30 00:03:42] Iteration: 40/1000, Temp: 0.2247, Energy: 4.116140+0.000536j
[2025-04-30 00:03:50] Iteration: 41/1000, Temp: 0.2202, Energy: 4.114034-0.001747j
[2025-04-30 00:03:59] Iteration: 42/1000, Temp: 0.2159, Energy: 4.112410-0.000756j
[2025-04-30 00:04:08] Iteration: 43/1000, Temp: 0.2116, Energy: 4.113550+0.003192j
[2025-04-30 00:04:16] Iteration: 44/1000, Temp: 0.2074, Energy: 4.108355-0.002163j
[2025-04-30 00:04:25] Iteration: 45/1000, Temp: 0.2033, Energy: 4.107057-0.002236j
[2025-04-30 00:04:34] Iteration: 46/1000, Temp: 0.1993, Energy: 4.104111-0.002073j
[2025-04-30 00:04:42] Iteration: 47/1000, Temp: 0.1953, Energy: 4.102832+0.001385j
[2025-04-30 00:04:51] Iteration: 48/1000, Temp: 0.1914, Energy: 4.096476-0.006115j
[2025-04-30 00:04:59] Iteration: 49/1000, Temp: 0.1877, Energy: 4.094928+0.000631j
[2025-04-30 00:05:08] Iteration: 50/1000, Temp: 0.1839, Energy: 4.092812+0.000634j
[2025-04-30 00:05:17] Iteration: 51/1000, Temp: 0.1803, Energy: 4.084824-0.001892j
[2025-04-30 00:05:25] Iteration: 52/1000, Temp: 0.1767, Energy: 4.075332-0.005285j
[2025-04-30 00:05:34] Iteration: 53/1000, Temp: 0.1732, Energy: 4.069644-0.003795j
[2025-04-30 00:05:43] Iteration: 54/1000, Temp: 0.1698, Energy: 4.065645-0.000826j
[2025-04-30 00:05:51] Iteration: 55/1000, Temp: 0.1664, Energy: 4.056897+0.004391j
[2025-04-30 00:06:00] Iteration: 56/1000, Temp: 0.1631, Energy: 4.038669-0.002574j
[2025-04-30 00:06:08] Iteration: 57/1000, Temp: 0.1599, Energy: 4.033547+0.003169j
[2025-04-30 00:06:17] Iteration: 58/1000, Temp: 0.1567, Energy: 4.018473+0.007622j
[2025-04-30 00:06:26] Iteration: 59/1000, Temp: 0.1536, Energy: 3.997907+0.000883j
[2025-04-30 00:06:34] Iteration: 60/1000, Temp: 0.1506, Energy: 3.970676-0.002149j
[2025-04-30 00:06:43] Iteration: 61/1000, Temp: 0.1476, Energy: 3.957887+0.013715j
[2025-04-30 00:06:51] Iteration: 62/1000, Temp: 0.1447, Energy: 3.919122+0.000107j
[2025-04-30 00:07:00] Iteration: 63/1000, Temp: 0.1418, Energy: 3.877997-0.013734j
[2025-04-30 00:07:09] Iteration: 64/1000, Temp: 0.1390, Energy: 3.848783+0.004431j
[2025-04-30 00:07:17] Iteration: 65/1000, Temp: 0.1363, Energy: 3.809236+0.030018j
[2025-04-30 00:07:26] Iteration: 66/1000, Temp: 0.1336, Energy: 3.746163+0.021920j
[2025-04-30 00:07:34] Iteration: 67/1000, Temp: 0.1309, Energy: 3.663651+0.010371j
[2025-04-30 00:07:43] Iteration: 68/1000, Temp: 0.1283, Energy: 3.598233+0.036738j
[2025-04-30 00:07:52] Iteration: 69/1000, Temp: 0.1258, Energy: 3.470583-0.032766j
[2025-04-30 00:08:00] Iteration: 70/1000, Temp: 0.1233, Energy: 3.380752-0.001520j
[2025-04-30 00:08:09] Iteration: 71/1000, Temp: 0.1209, Energy: 3.264794+0.006011j
[2025-04-30 00:08:17] Iteration: 72/1000, Temp: 0.1185, Energy: 3.108004+0.012136j
[2025-04-30 00:08:26] Iteration: 73/1000, Temp: 0.1161, Energy: 2.915346+0.011228j
[2025-04-30 00:08:35] Iteration: 74/1000, Temp: 0.1138, Energy: 2.675066-0.052894j
[2025-04-30 00:08:43] Iteration: 75/1000, Temp: 0.1116, Energy: 2.440704-0.039948j
[2025-04-30 00:08:52] Iteration: 76/1000, Temp: 0.1094, Energy: 2.175898+0.019368j
[2025-04-30 00:09:01] Iteration: 77/1000, Temp: 0.1072, Energy: 1.779767-0.010434j
[2025-04-30 00:09:09] Iteration: 78/1000, Temp: 0.1051, Energy: 1.386655-0.037214j
[2025-04-30 00:09:18] Iteration: 79/1000, Temp: 0.1030, Energy: 1.000028+0.086865j
[2025-04-30 00:09:26] Iteration: 80/1000, Temp: 0.1009, Energy: 0.439102-0.008907j
[2025-04-30 00:09:35] Iteration: 81/1000, Temp: 0.0989, Energy: -0.090908-0.023449j
[2025-04-30 00:09:44] Iteration: 82/1000, Temp: 0.0970, Energy: -0.850901-0.057247j
[2025-04-30 00:09:52] Iteration: 83/1000, Temp: 0.0951, Energy: -1.554674-0.048031j
[2025-04-30 00:10:01] Iteration: 84/1000, Temp: 0.0932, Energy: -2.440313-0.036568j
[2025-04-30 00:10:09] Iteration: 85/1000, Temp: 0.0913, Energy: -3.283195-0.002493j
[2025-04-30 00:10:18] Iteration: 86/1000, Temp: 0.0895, Energy: -4.243695+0.080058j
[2025-04-30 00:10:26] Iteration: 87/1000, Temp: 0.0878, Energy: -5.313049+0.002306j
[2025-04-30 00:10:35] Iteration: 88/1000, Temp: 0.0860, Energy: -6.302405-0.086310j
[2025-04-30 00:10:44] Iteration: 89/1000, Temp: 0.0843, Energy: -7.500161+0.020491j
[2025-04-30 00:10:52] Iteration: 90/1000, Temp: 0.0826, Energy: -8.738496-0.061627j
[2025-04-30 00:11:01] Iteration: 91/1000, Temp: 0.0810, Energy: -10.021571+0.026301j
[2025-04-30 00:11:10] Iteration: 92/1000, Temp: 0.0794, Energy: -11.394458-0.102253j
[2025-04-30 00:11:18] Iteration: 93/1000, Temp: 0.0778, Energy: -12.834547-0.051143j
[2025-04-30 00:11:27] Iteration: 94/1000, Temp: 0.0763, Energy: -14.251115-0.036597j
[2025-04-30 00:11:35] Iteration: 95/1000, Temp: 0.0748, Energy: -15.982670+0.030722j
[2025-04-30 00:11:44] Iteration: 96/1000, Temp: 0.0733, Energy: -17.714976+0.089162j
[2025-04-30 00:11:53] Iteration: 97/1000, Temp: 0.0719, Energy: -19.391109+0.013093j
[2025-04-30 00:12:01] Iteration: 98/1000, Temp: 0.0704, Energy: -21.065073+0.007390j
[2025-04-30 00:12:10] Iteration: 99/1000, Temp: 0.0690, Energy: -23.160949+0.036324j
[2025-04-30 00:12:18] Iteration: 100/1000, Temp: 0.0677, Energy: -25.396710+0.028484j
[2025-04-30 00:12:27] Iteration: 101/1000, Temp: 0.0663, Energy: -27.377498-0.093854j
[2025-04-30 00:12:36] Iteration: 102/1000, Temp: 0.0650, Energy: -29.602756+0.010443j
[2025-04-30 00:12:44] Iteration: 103/1000, Temp: 0.0637, Energy: -32.177998-0.110789j
[2025-04-30 00:12:53] Iteration: 104/1000, Temp: 0.0625, Energy: -35.019071-0.079697j
[2025-04-30 00:13:02] Iteration: 105/1000, Temp: 0.0612, Energy: -37.916442+0.012680j
[2025-04-30 00:13:10] Iteration: 106/1000, Temp: 0.0600, Energy: -41.536586+0.019352j
[2025-04-30 00:13:19] Iteration: 107/1000, Temp: 0.0588, Energy: -45.183714+0.014360j
[2025-04-30 00:13:27] Iteration: 108/1000, Temp: 0.0577, Energy: -49.497696-0.172275j
[2025-04-30 00:13:36] Iteration: 109/1000, Temp: 0.0565, Energy: -53.985987-0.168455j
[2025-04-30 00:13:44] Iteration: 110/1000, Temp: 0.0554, Energy: -58.196212+0.005008j
[2025-04-30 00:13:53] Iteration: 111/1000, Temp: 0.0543, Energy: -61.829843-0.043720j
[2025-04-30 00:14:02] Iteration: 112/1000, Temp: 0.0532, Energy: -64.874225-0.029028j
[2025-04-30 00:14:10] Iteration: 113/1000, Temp: 0.0522, Energy: -67.426455-0.082967j
[2025-04-30 00:14:19] Iteration: 114/1000, Temp: 0.0511, Energy: -69.152212+0.030620j
[2025-04-30 00:14:28] Iteration: 115/1000, Temp: 0.0501, Energy: -70.534922+0.062284j
[2025-04-30 00:14:36] Iteration: 116/1000, Temp: 0.0491, Energy: -71.702706+0.028023j
[2025-04-30 00:14:45] Iteration: 117/1000, Temp: 0.0482, Energy: -72.746280+0.006818j
[2025-04-30 00:14:54] Iteration: 118/1000, Temp: 0.0472, Energy: -73.363344+0.028060j
[2025-04-30 00:15:02] Iteration: 119/1000, Temp: 0.0463, Energy: -74.161244+0.046389j
[2025-04-30 00:15:11] Iteration: 120/1000, Temp: 0.0454, Energy: -74.727832+0.005409j
[2025-04-30 00:15:20] Iteration: 121/1000, Temp: 0.0445, Energy: -75.090076+0.043956j
[2025-04-30 00:15:28] Iteration: 122/1000, Temp: 0.0436, Energy: -75.398390+0.049960j
[2025-04-30 00:15:37] Iteration: 123/1000, Temp: 0.0427, Energy: -75.773323+0.010730j
[2025-04-30 00:15:45] Iteration: 124/1000, Temp: 0.0419, Energy: -76.322843-0.002898j
[2025-04-30 00:15:54] Iteration: 125/1000, Temp: 0.0410, Energy: -76.707649+0.013160j
[2025-04-30 00:16:03] Iteration: 126/1000, Temp: 0.0402, Energy: -76.776848+0.025408j
[2025-04-30 00:16:11] Iteration: 127/1000, Temp: 0.0394, Energy: -77.316245-0.012626j
[2025-04-30 00:16:20] Iteration: 128/1000, Temp: 0.0387, Energy: -77.649491+0.009120j
[2025-04-30 00:16:29] Iteration: 129/1000, Temp: 0.0379, Energy: -77.889212-0.011198j
[2025-04-30 00:16:37] Iteration: 130/1000, Temp: 0.0371, Energy: -78.337523-0.023243j
[2025-04-30 00:16:46] Iteration: 131/1000, Temp: 0.0364, Energy: -78.672644-0.026673j
[2025-04-30 00:16:54] Iteration: 132/1000, Temp: 0.0357, Energy: -78.653132+0.018706j
[2025-04-30 00:17:03] Iteration: 133/1000, Temp: 0.0350, Energy: -78.809859-0.007850j
[2025-04-30 00:17:11] Iteration: 134/1000, Temp: 0.0343, Energy: -79.351297-0.030271j
[2025-04-30 00:17:20] Iteration: 135/1000, Temp: 0.0336, Energy: -79.550755-0.008092j
[2025-04-30 00:17:29] Iteration: 136/1000, Temp: 0.0329, Energy: -79.730669+0.034457j
[2025-04-30 00:17:37] Iteration: 137/1000, Temp: 0.0323, Energy: -79.960853-0.039405j
[2025-04-30 00:17:46] Iteration: 138/1000, Temp: 0.0316, Energy: -80.005698-0.029414j
[2025-04-30 00:17:55] Iteration: 139/1000, Temp: 0.0310, Energy: -80.065849+0.008612j
[2025-04-30 00:18:03] Iteration: 140/1000, Temp: 0.0304, Energy: -80.278869-0.015295j
[2025-04-30 00:18:12] Iteration: 141/1000, Temp: 0.0298, Energy: -80.306559+0.000292j
[2025-04-30 00:18:20] Iteration: 142/1000, Temp: 0.0292, Energy: -80.288769-0.014348j
[2025-04-30 00:18:29] Iteration: 143/1000, Temp: 0.0286, Energy: -80.388722+0.002223j
[2025-04-30 00:18:38] Iteration: 144/1000, Temp: 0.0281, Energy: -80.658837+0.011135j
[2025-04-30 00:18:46] Iteration: 145/1000, Temp: 0.0275, Energy: -80.677566+0.004304j
[2025-04-30 00:18:55] Iteration: 146/1000, Temp: 0.0270, Energy: -80.446574-0.007641j
[2025-04-30 00:19:03] Iteration: 147/1000, Temp: 0.0264, Energy: -80.620132+0.011904j
[2025-04-30 00:19:12] Iteration: 148/1000, Temp: 0.0259, Energy: -80.692651-0.003290j
[2025-04-30 00:19:21] Iteration: 149/1000, Temp: 0.0254, Energy: -80.726903+0.035706j
[2025-04-30 00:19:29] Iteration: 150/1000, Temp: 0.0249, Energy: -80.869063+0.032226j
[2025-04-30 00:19:38] Iteration: 151/1000, Temp: 0.0244, Energy: -80.878398+0.020402j
[2025-04-30 00:19:46] Iteration: 152/1000, Temp: 0.0239, Energy: -80.838291-0.023740j
[2025-04-30 00:19:55] Iteration: 153/1000, Temp: 0.0234, Energy: -80.936421+0.003055j
[2025-04-30 00:20:04] Iteration: 154/1000, Temp: 0.0230, Energy: -80.979554+0.007331j
[2025-04-30 00:20:12] Iteration: 155/1000, Temp: 0.0225, Energy: -80.795126+0.054816j
[2025-04-30 00:20:21] Iteration: 156/1000, Temp: 0.0221, Energy: -80.943168+0.023608j
[2025-04-30 00:20:29] Iteration: 157/1000, Temp: 0.0216, Energy: -81.030270-0.017230j
[2025-04-30 00:20:38] Iteration: 158/1000, Temp: 0.0212, Energy: -81.156232+0.002182j
[2025-04-30 00:20:47] Iteration: 159/1000, Temp: 0.0208, Energy: -80.844110-0.014724j
[2025-04-30 00:20:55] Iteration: 160/1000, Temp: 0.0204, Energy: -80.880981-0.011453j
[2025-04-30 00:21:04] Iteration: 161/1000, Temp: 0.0200, Energy: -81.081521+0.003689j
[2025-04-30 00:21:13] Iteration: 162/1000, Temp: 0.0196, Energy: -81.234111-0.005910j
[2025-04-30 00:21:21] Iteration: 163/1000, Temp: 0.0192, Energy: -81.167472+0.032428j
[2025-04-30 00:21:30] Iteration: 164/1000, Temp: 0.0188, Energy: -81.115849+0.001570j
[2025-04-30 00:21:38] Iteration: 165/1000, Temp: 0.0184, Energy: -81.207095-0.003452j
[2025-04-30 00:21:47] Iteration: 166/1000, Temp: 0.0181, Energy: -81.217340+0.013724j
[2025-04-30 00:21:56] Iteration: 167/1000, Temp: 0.0177, Energy: -81.243907+0.008329j
[2025-04-30 00:22:04] Iteration: 168/1000, Temp: 0.0174, Energy: -81.395010+0.028405j
[2025-04-30 00:22:13] Iteration: 169/1000, Temp: 0.0170, Energy: -81.284075+0.004061j
[2025-04-30 00:22:21] Iteration: 170/1000, Temp: 0.0167, Energy: -81.280856+0.018184j
[2025-04-30 00:22:30] Iteration: 171/1000, Temp: 0.0164, Energy: -81.263625-0.005937j
[2025-04-30 00:22:39] Iteration: 172/1000, Temp: 0.0160, Energy: -81.400697+0.011759j
[2025-04-30 00:22:47] Iteration: 173/1000, Temp: 0.0157, Energy: -81.343368-0.016616j
[2025-04-30 00:22:56] Iteration: 174/1000, Temp: 0.0154, Energy: -81.147312-0.007075j
[2025-04-30 00:23:04] Iteration: 175/1000, Temp: 0.0151, Energy: -81.383711-0.004551j
[2025-04-30 00:23:13] Iteration: 176/1000, Temp: 0.0148, Energy: -81.456599-0.019537j
[2025-04-30 00:23:22] Iteration: 177/1000, Temp: 0.0145, Energy: -81.545374-0.013886j
[2025-04-30 00:23:30] Iteration: 178/1000, Temp: 0.0142, Energy: -81.258371+0.034939j
[2025-04-30 00:23:39] Iteration: 179/1000, Temp: 0.0139, Energy: -81.467398-0.023602j
[2025-04-30 00:23:47] Iteration: 180/1000, Temp: 0.0137, Energy: -81.379895-0.018369j
[2025-04-30 00:23:56] Iteration: 181/1000, Temp: 0.0134, Energy: -81.474250+0.002706j
[2025-04-30 00:24:05] Iteration: 182/1000, Temp: 0.0131, Energy: -81.489801+0.025497j
[2025-04-30 00:24:13] Iteration: 183/1000, Temp: 0.0129, Energy: -81.638910+0.009272j
[2025-04-30 00:24:22] Iteration: 184/1000, Temp: 0.0126, Energy: -81.565644+0.000693j
[2025-04-30 00:24:30] Iteration: 185/1000, Temp: 0.0124, Energy: -81.623087+0.006759j
[2025-04-30 00:24:39] Iteration: 186/1000, Temp: 0.0121, Energy: -81.740669+0.009875j
[2025-04-30 00:24:48] Iteration: 187/1000, Temp: 0.0119, Energy: -81.487140+0.003129j
[2025-04-30 00:24:56] Iteration: 188/1000, Temp: 0.0116, Energy: -81.448106+0.018923j
[2025-04-30 00:25:05] Iteration: 189/1000, Temp: 0.0114, Energy: -81.483227+0.005280j
[2025-04-30 00:25:13] Iteration: 190/1000, Temp: 0.0112, Energy: -81.604644+0.002799j
[2025-04-30 00:25:22] Iteration: 191/1000, Temp: 0.0110, Energy: -81.736845-0.000168j
[2025-04-30 00:25:31] Iteration: 192/1000, Temp: 0.0107, Energy: -81.770542+0.000228j
[2025-04-30 00:25:39] Iteration: 193/1000, Temp: 0.0105, Energy: -81.561217-0.020621j
[2025-04-30 00:25:48] Iteration: 194/1000, Temp: 0.0103, Energy: -81.606238+0.026432j
[2025-04-30 00:25:56] Iteration: 195/1000, Temp: 0.0101, Energy: -81.782666+0.011544j
[2025-04-30 00:26:05] Iteration: 196/1000, Temp: 0.0099, Energy: -81.491476-0.010608j
[2025-04-30 00:26:14] Iteration: 197/1000, Temp: 0.0097, Energy: -81.531215+0.001645j
[2025-04-30 00:26:22] Iteration: 198/1000, Temp: 0.0095, Energy: -81.726546+0.001740j
[2025-04-30 00:26:31] Iteration: 199/1000, Temp: 0.0093, Energy: -81.585283-0.008484j
[2025-04-30 00:26:40] Iteration: 200/1000, Temp: 0.0092, Energy: -81.620499-0.002853j
[2025-04-30 00:26:48] Iteration: 201/1000, Temp: 0.0090, Energy: -81.682800+0.008481j
[2025-04-30 00:26:57] Iteration: 202/1000, Temp: 0.0088, Energy: -81.506387+0.008158j
[2025-04-30 00:27:05] Iteration: 203/1000, Temp: 0.0086, Energy: -81.693277+0.008355j
[2025-04-30 00:27:14] Iteration: 204/1000, Temp: 0.0085, Energy: -81.595568+0.009822j
[2025-04-30 00:27:22] Iteration: 205/1000, Temp: 0.0083, Energy: -81.600837-0.002108j
[2025-04-30 00:27:31] Iteration: 206/1000, Temp: 0.0081, Energy: -81.781175+0.005344j
[2025-04-30 00:27:40] Iteration: 207/1000, Temp: 0.0080, Energy: -81.749432-0.014144j
[2025-04-30 00:27:48] Iteration: 208/1000, Temp: 0.0078, Energy: -81.860751+0.007684j
[2025-04-30 00:27:57] Iteration: 209/1000, Temp: 0.0076, Energy: -81.845200+0.006651j
[2025-04-30 00:28:06] Iteration: 210/1000, Temp: 0.0075, Energy: -81.689039+0.006073j
[2025-04-30 00:28:14] Iteration: 211/1000, Temp: 0.0073, Energy: -81.767469+0.012506j
[2025-04-30 00:28:23] Iteration: 212/1000, Temp: 0.0072, Energy: -81.768800+0.010770j
[2025-04-30 00:28:31] Iteration: 213/1000, Temp: 0.0071, Energy: -81.831100-0.001496j
[2025-04-30 00:28:40] Iteration: 214/1000, Temp: 0.0069, Energy: -81.852692+0.001227j
[2025-04-30 00:28:49] Iteration: 215/1000, Temp: 0.0068, Energy: -81.872994-0.000492j
[2025-04-30 00:28:57] Iteration: 216/1000, Temp: 0.0066, Energy: -81.901923-0.003038j
[2025-04-30 00:29:06] Iteration: 217/1000, Temp: 0.0065, Energy: -81.888535+0.008030j
[2025-04-30 00:29:14] Iteration: 218/1000, Temp: 0.0064, Energy: -81.891722+0.008076j
[2025-04-30 00:29:23] Iteration: 219/1000, Temp: 0.0063, Energy: -81.897086-0.001142j
[2025-04-30 00:29:32] Iteration: 220/1000, Temp: 0.0061, Energy: -81.899139-0.017306j
[2025-04-30 00:29:40] Iteration: 221/1000, Temp: 0.0060, Energy: -81.793392-0.012142j
[2025-04-30 00:29:49] Iteration: 222/1000, Temp: 0.0059, Energy: -81.766337+0.011315j
[2025-04-30 00:29:58] Iteration: 223/1000, Temp: 0.0058, Energy: -81.686382+0.000164j
[2025-04-30 00:30:06] Iteration: 224/1000, Temp: 0.0057, Energy: -81.616034-0.023015j
[2025-04-30 00:30:15] Iteration: 225/1000, Temp: 0.0056, Energy: -81.729230+0.002412j
[2025-04-30 00:30:24] Iteration: 226/1000, Temp: 0.0054, Energy: -81.710804-0.007926j
[2025-04-30 00:30:32] Iteration: 227/1000, Temp: 0.0053, Energy: -81.640206-0.022212j
[2025-04-30 00:30:41] Iteration: 228/1000, Temp: 0.0052, Energy: -81.701980+0.006968j
[2025-04-30 00:30:49] Iteration: 229/1000, Temp: 0.0051, Energy: -81.742763-0.002704j
[2025-04-30 00:30:58] Iteration: 230/1000, Temp: 0.0050, Energy: -81.662149-0.009761j
[2025-04-30 00:31:07] Iteration: 231/1000, Temp: 0.0049, Energy: -81.800073-0.017070j
[2025-04-30 00:31:15] Iteration: 232/1000, Temp: 0.0048, Energy: -81.821145-0.026103j
[2025-04-30 00:31:24] Iteration: 233/1000, Temp: 0.0047, Energy: -81.837521+0.010391j
[2025-04-30 00:31:32] Iteration: 234/1000, Temp: 0.0046, Energy: -81.867520-0.010157j
[2025-04-30 00:31:41] Iteration: 235/1000, Temp: 0.0045, Energy: -82.128876-0.004937j
[2025-04-30 00:31:50] Iteration: 236/1000, Temp: 0.0045, Energy: -81.836861-0.008286j
[2025-04-30 00:31:58] Iteration: 237/1000, Temp: 0.0044, Energy: -81.906870+0.009243j
[2025-04-30 00:32:07] Iteration: 238/1000, Temp: 0.0043, Energy: -81.686344-0.004093j
[2025-04-30 00:32:15] Iteration: 239/1000, Temp: 0.0042, Energy: -81.828783+0.008121j
[2025-04-30 00:32:24] Iteration: 240/1000, Temp: 0.0041, Energy: -81.832482+0.004010j
[2025-04-30 00:32:33] Iteration: 241/1000, Temp: 0.0040, Energy: -81.886756+0.001363j
[2025-04-30 00:32:41] Iteration: 242/1000, Temp: 0.0040, Energy: -81.794498+0.008073j
[2025-04-30 00:32:50] Iteration: 243/1000, Temp: 0.0039, Energy: -81.852673-0.013180j
[2025-04-30 00:32:59] Iteration: 244/1000, Temp: 0.0038, Energy: -81.797427-0.010232j
[2025-04-30 00:33:07] Iteration: 245/1000, Temp: 0.0037, Energy: -81.919332-0.000648j
[2025-04-30 00:33:16] Iteration: 246/1000, Temp: 0.0036, Energy: -81.938397-0.001247j
[2025-04-30 00:33:24] Iteration: 247/1000, Temp: 0.0036, Energy: -81.803759+0.005894j
[2025-04-30 00:33:33] Iteration: 248/1000, Temp: 0.0035, Energy: -81.689356-0.013962j
[2025-04-30 00:33:41] Iteration: 249/1000, Temp: 0.0034, Energy: -81.785285-0.014061j
[2025-04-30 00:33:50] Iteration: 250/1000, Temp: 0.0034, Energy: -81.870453+0.005325j
[2025-04-30 00:33:59] Iteration: 251/1000, Temp: 0.0033, Energy: -82.063373+0.001433j
[2025-04-30 00:34:07] Iteration: 252/1000, Temp: 0.0032, Energy: -81.997788+0.001955j
[2025-04-30 00:34:16] Iteration: 253/1000, Temp: 0.0032, Energy: -81.990627-0.002887j
[2025-04-30 00:34:25] Iteration: 254/1000, Temp: 0.0031, Energy: -81.942584+0.006557j
[2025-04-30 00:34:33] Iteration: 255/1000, Temp: 0.0030, Energy: -81.852995-0.015064j
[2025-04-30 00:34:42] Iteration: 256/1000, Temp: 0.0030, Energy: -82.008592+0.012725j
[2025-04-30 00:34:50] Iteration: 257/1000, Temp: 0.0029, Energy: -81.870572-0.005663j
[2025-04-30 00:34:59] Iteration: 258/1000, Temp: 0.0029, Energy: -81.866660-0.005609j
[2025-04-30 00:35:07] Iteration: 259/1000, Temp: 0.0028, Energy: -81.889459+0.002152j
[2025-04-30 00:35:16] Iteration: 260/1000, Temp: 0.0028, Energy: -81.887123+0.000477j
[2025-04-30 00:35:25] Iteration: 261/1000, Temp: 0.0027, Energy: -81.895903-0.005471j
[2025-04-30 00:35:33] Iteration: 262/1000, Temp: 0.0027, Energy: -81.832205+0.003530j
[2025-04-30 00:35:42] Iteration: 263/1000, Temp: 0.0026, Energy: -81.868008+0.011277j
[2025-04-30 00:35:51] Iteration: 264/1000, Temp: 0.0025, Energy: -81.946270+0.003317j
[2025-04-30 00:35:59] Iteration: 265/1000, Temp: 0.0025, Energy: -81.733866-0.001133j
[2025-04-30 00:36:08] Iteration: 266/1000, Temp: 0.0024, Energy: -81.937340-0.008137j
[2025-04-30 00:36:16] Iteration: 267/1000, Temp: 0.0024, Energy: -81.759065+0.018433j
[2025-04-30 00:36:25] Iteration: 268/1000, Temp: 0.0024, Energy: -81.906470-0.012558j
[2025-04-30 00:36:34] Iteration: 269/1000, Temp: 0.0023, Energy: -81.873656-0.010236j
[2025-04-30 00:36:42] Iteration: 270/1000, Temp: 0.0023, Energy: -81.957161+0.005357j
[2025-04-30 00:36:51] Iteration: 271/1000, Temp: 0.0022, Energy: -82.010429-0.005402j
[2025-04-30 00:36:59] Iteration: 272/1000, Temp: 0.0022, Energy: -82.099562-0.005147j
[2025-04-30 00:37:08] Iteration: 273/1000, Temp: 0.0021, Energy: -82.080946+0.000165j
[2025-04-30 00:37:17] Iteration: 274/1000, Temp: 0.0021, Energy: -81.992645-0.005214j
[2025-04-30 00:37:25] Iteration: 275/1000, Temp: 0.0020, Energy: -81.947510+0.014335j
[2025-04-30 00:37:34] Iteration: 276/1000, Temp: 0.0020, Energy: -82.104377+0.013078j
[2025-04-30 00:37:43] Iteration: 277/1000, Temp: 0.0020, Energy: -82.122114+0.004776j
[2025-04-30 00:37:51] Iteration: 278/1000, Temp: 0.0019, Energy: -82.019432-0.001586j
[2025-04-30 00:38:00] Iteration: 279/1000, Temp: 0.0019, Energy: -81.892100+0.012291j
[2025-04-30 00:38:09] Iteration: 280/1000, Temp: 0.0018, Energy: -81.943189+0.006258j
[2025-04-30 00:38:17] Iteration: 281/1000, Temp: 0.0018, Energy: -82.049982-0.002411j
[2025-04-30 00:38:26] Iteration: 282/1000, Temp: 0.0018, Energy: -81.945484+0.006221j
[2025-04-30 00:38:34] Iteration: 283/1000, Temp: 0.0017, Energy: -81.953674-0.014781j
[2025-04-30 00:38:43] Iteration: 284/1000, Temp: 0.0017, Energy: -81.889029+0.003651j
[2025-04-30 00:38:51] Iteration: 285/1000, Temp: 0.0017, Energy: -82.034504-0.002937j
[2025-04-30 00:39:00] Iteration: 286/1000, Temp: 0.0016, Energy: -81.949587+0.004921j
[2025-04-30 00:39:09] Iteration: 287/1000, Temp: 0.0016, Energy: -81.904100-0.004536j
[2025-04-30 00:39:17] Iteration: 288/1000, Temp: 0.0016, Energy: -81.750306+0.010232j
[2025-04-30 00:39:26] Iteration: 289/1000, Temp: 0.0015, Energy: -81.659406-0.003847j
[2025-04-30 00:39:35] Iteration: 290/1000, Temp: 0.0015, Energy: -81.918797+0.011521j
[2025-04-30 00:39:43] Iteration: 291/1000, Temp: 0.0015, Energy: -81.982584-0.000074j
[2025-04-30 00:39:52] Iteration: 292/1000, Temp: 0.0015, Energy: -82.172411+0.004707j
[2025-04-30 00:40:00] Iteration: 293/1000, Temp: 0.0014, Energy: -82.055606+0.003386j
[2025-04-30 00:40:09] Iteration: 294/1000, Temp: 0.0014, Energy: -81.765896+0.005072j
[2025-04-30 00:40:18] Iteration: 295/1000, Temp: 0.0014, Energy: -81.797620+0.000590j
[2025-04-30 00:40:26] Iteration: 296/1000, Temp: 0.0013, Energy: -82.098253+0.004156j
[2025-04-30 00:40:35] Iteration: 297/1000, Temp: 0.0013, Energy: -82.316616+0.000193j
[2025-04-30 00:40:43] Iteration: 298/1000, Temp: 0.0013, Energy: -82.086903+0.003856j
[2025-04-30 00:40:52] Iteration: 299/1000, Temp: 0.0013, Energy: -82.011162-0.009123j
[2025-04-30 00:41:00] Iteration: 300/1000, Temp: 0.0012, Energy: -81.901824+0.000386j
[2025-04-30 00:41:09] Iteration: 301/1000, Temp: 0.0012, Energy: -81.962365-0.003884j
[2025-04-30 00:41:18] Iteration: 302/1000, Temp: 0.0012, Energy: -82.100109-0.012627j
[2025-04-30 00:41:26] Iteration: 303/1000, Temp: 0.0012, Energy: -82.007493-0.007862j
[2025-04-30 00:41:35] Iteration: 304/1000, Temp: 0.0011, Energy: -82.077406-0.005859j
[2025-04-30 00:41:43] Iteration: 305/1000, Temp: 0.0011, Energy: -81.960357+0.001203j
[2025-04-30 00:41:52] Iteration: 306/1000, Temp: 0.0011, Energy: -82.050274-0.009902j
[2025-04-30 00:42:01] Iteration: 307/1000, Temp: 0.0011, Energy: -82.111692-0.008524j
[2025-04-30 00:42:09] Iteration: 308/1000, Temp: 0.0011, Energy: -82.048247-0.008773j
[2025-04-30 00:42:18] Iteration: 309/1000, Temp: 0.0010, Energy: -82.008008+0.004281j
[2025-04-30 00:42:26] Iteration: 310/1000, Temp: 0.0010, Energy: -82.106944+0.001044j
[2025-04-30 00:42:35] Iteration: 311/1000, Temp: 0.0010, Energy: -82.010710+0.004042j
[2025-04-30 00:42:44] Iteration: 312/1000, Temp: 0.0010, Energy: -81.915317+0.002003j
[2025-04-30 00:42:52] Iteration: 313/1000, Temp: 0.0010, Energy: -81.966613-0.003715j
[2025-04-30 00:43:01] Iteration: 314/1000, Temp: 0.0009, Energy: -82.006169+0.003822j
[2025-04-30 00:43:10] Iteration: 315/1000, Temp: 0.0009, Energy: -81.805932-0.015636j
[2025-04-30 00:43:18] Iteration: 316/1000, Temp: 0.0009, Energy: -82.120219+0.000405j
[2025-04-30 00:43:27] Iteration: 317/1000, Temp: 0.0009, Energy: -82.021990+0.005962j
[2025-04-30 00:43:36] Iteration: 318/1000, Temp: 0.0009, Energy: -82.150540-0.010278j
[2025-04-30 00:43:44] Iteration: 319/1000, Temp: 0.0008, Energy: -82.043058-0.006706j
[2025-04-30 00:43:53] Iteration: 320/1000, Temp: 0.0008, Energy: -81.980912-0.007948j
[2025-04-30 00:44:01] Iteration: 321/1000, Temp: 0.0008, Energy: -81.979155-0.009049j
[2025-04-30 00:44:10] Iteration: 322/1000, Temp: 0.0008, Energy: -82.115030-0.009481j
[2025-04-30 00:44:19] Iteration: 323/1000, Temp: 0.0008, Energy: -82.066799-0.000955j
[2025-04-30 00:44:27] Iteration: 324/1000, Temp: 0.0008, Energy: -82.073826+0.002009j
[2025-04-30 00:44:36] Iteration: 325/1000, Temp: 0.0008, Energy: -82.131855+0.009153j
[2025-04-30 00:44:44] Iteration: 326/1000, Temp: 0.0007, Energy: -81.960352-0.009680j
[2025-04-30 00:44:53] Iteration: 327/1000, Temp: 0.0007, Energy: -82.103739-0.002621j
[2025-04-30 00:45:02] Iteration: 328/1000, Temp: 0.0007, Energy: -81.971112+0.011099j
[2025-04-30 00:45:10] Iteration: 329/1000, Temp: 0.0007, Energy: -81.983185-0.000181j
[2025-04-30 00:45:19] Iteration: 330/1000, Temp: 0.0007, Energy: -82.076844-0.007663j
[2025-04-30 00:45:27] Iteration: 331/1000, Temp: 0.0007, Energy: -82.080468-0.004399j
[2025-04-30 00:45:36] Iteration: 332/1000, Temp: 0.0007, Energy: -82.176211+0.008120j
[2025-04-30 00:45:45] Iteration: 333/1000, Temp: 0.0006, Energy: -82.033763+0.002302j
[2025-04-30 00:45:53] Iteration: 334/1000, Temp: 0.0006, Energy: -82.019091+0.009634j
[2025-04-30 00:46:02] Iteration: 335/1000, Temp: 0.0006, Energy: -81.924457-0.009377j
[2025-04-30 00:46:11] Iteration: 336/1000, Temp: 0.0006, Energy: -81.906497+0.005739j
[2025-04-30 00:46:19] Iteration: 337/1000, Temp: 0.0006, Energy: -82.088821-0.003193j
[2025-04-30 00:46:28] Iteration: 338/1000, Temp: 0.0006, Energy: -81.859431+0.001724j
[2025-04-30 00:46:36] Iteration: 339/1000, Temp: 0.0006, Energy: -81.892456-0.011794j
[2025-04-30 00:46:45] Iteration: 340/1000, Temp: 0.0006, Energy: -81.818168-0.002793j
[2025-04-30 00:46:54] Iteration: 341/1000, Temp: 0.0005, Energy: -82.012573+0.001382j
[2025-04-30 00:47:02] Iteration: 342/1000, Temp: 0.0005, Energy: -81.944362+0.001826j
[2025-04-30 00:47:11] Iteration: 343/1000, Temp: 0.0005, Energy: -82.033966+0.006257j
[2025-04-30 00:47:19] Iteration: 344/1000, Temp: 0.0005, Energy: -82.094284+0.000007j
[2025-04-30 00:47:28] Iteration: 345/1000, Temp: 0.0005, Energy: -82.159244-0.010587j
[2025-04-30 00:47:37] Iteration: 346/1000, Temp: 0.0005, Energy: -82.131100-0.007223j
[2025-04-30 00:47:45] Iteration: 347/1000, Temp: 0.0005, Energy: -81.971047-0.004491j
[2025-04-30 00:47:54] Iteration: 348/1000, Temp: 0.0005, Energy: -81.893112+0.003457j
[2025-04-30 00:48:02] Iteration: 349/1000, Temp: 0.0005, Energy: -82.144366-0.000657j
[2025-04-30 00:48:11] Iteration: 350/1000, Temp: 0.0005, Energy: -81.983760+0.004073j
[2025-04-30 00:48:20] Iteration: 351/1000, Temp: 0.0004, Energy: -81.804717+0.004304j
[2025-04-30 00:48:28] Iteration: 352/1000, Temp: 0.0004, Energy: -81.836837+0.007533j
[2025-04-30 00:48:37] Iteration: 353/1000, Temp: 0.0004, Energy: -81.878021+0.004275j
[2025-04-30 00:48:46] Iteration: 354/1000, Temp: 0.0004, Energy: -81.960874-0.007002j
[2025-04-30 00:48:54] Iteration: 355/1000, Temp: 0.0004, Energy: -81.997266-0.008963j
[2025-04-30 00:49:03] Iteration: 356/1000, Temp: 0.0004, Energy: -82.018810+0.002699j
[2025-04-30 00:49:11] Iteration: 357/1000, Temp: 0.0004, Energy: -82.057252+0.013375j
[2025-04-30 00:49:20] Iteration: 358/1000, Temp: 0.0004, Energy: -81.914773-0.000767j
[2025-04-30 00:49:29] Iteration: 359/1000, Temp: 0.0004, Energy: -81.840822-0.010152j
[2025-04-30 00:49:37] Iteration: 360/1000, Temp: 0.0004, Energy: -81.972683+0.004313j
[2025-04-30 00:49:46] Iteration: 361/1000, Temp: 0.0004, Energy: -81.998898-0.006349j
[2025-04-30 00:49:54] Iteration: 362/1000, Temp: 0.0004, Energy: -82.000763+0.001836j
[2025-04-30 00:50:03] Iteration: 363/1000, Temp: 0.0004, Energy: -81.919682-0.001376j
[2025-04-30 00:50:12] Iteration: 364/1000, Temp: 0.0003, Energy: -81.984692-0.003617j
[2025-04-30 00:50:20] Iteration: 365/1000, Temp: 0.0003, Energy: -82.074163-0.003665j
[2025-04-30 00:50:29] Iteration: 366/1000, Temp: 0.0003, Energy: -81.948454-0.004197j
[2025-04-30 00:50:37] Iteration: 367/1000, Temp: 0.0003, Energy: -81.913560-0.002729j
[2025-04-30 00:50:46] Iteration: 368/1000, Temp: 0.0003, Energy: -81.888068+0.002795j
[2025-04-30 00:50:55] Iteration: 369/1000, Temp: 0.0003, Energy: -81.992301+0.002523j
[2025-04-30 00:51:03] Iteration: 370/1000, Temp: 0.0003, Energy: -82.011087-0.009942j
[2025-04-30 00:51:12] Iteration: 371/1000, Temp: 0.0003, Energy: -81.929964+0.006419j
[2025-04-30 00:51:21] Iteration: 372/1000, Temp: 0.0003, Energy: -82.103128-0.005396j
[2025-04-30 00:51:29] Iteration: 373/1000, Temp: 0.0003, Energy: -82.089074+0.000519j
[2025-04-30 00:51:38] Iteration: 374/1000, Temp: 0.0003, Energy: -82.213625+0.002782j
[2025-04-30 00:51:46] Iteration: 375/1000, Temp: 0.0003, Energy: -82.006974+0.008067j
[2025-04-30 00:51:55] Iteration: 376/1000, Temp: 0.0003, Energy: -82.022998+0.007461j
[2025-04-30 00:52:03] Iteration: 377/1000, Temp: 0.0003, Energy: -82.108132+0.007013j
[2025-04-30 00:52:12] Iteration: 378/1000, Temp: 0.0003, Energy: -82.063363+0.000125j
[2025-04-30 00:52:21] Iteration: 379/1000, Temp: 0.0003, Energy: -82.044985+0.004967j
[2025-04-30 00:52:29] Iteration: 380/1000, Temp: 0.0003, Energy: -81.941674-0.007857j
[2025-04-30 00:52:38] Iteration: 381/1000, Temp: 0.0002, Energy: -82.055004-0.000530j
[2025-04-30 00:52:46] Iteration: 382/1000, Temp: 0.0002, Energy: -81.872877-0.007597j
[2025-04-30 00:52:55] Iteration: 383/1000, Temp: 0.0002, Energy: -81.932798-0.002713j
[2025-04-30 00:53:03] Iteration: 384/1000, Temp: 0.0002, Energy: -82.058055-0.007978j
[2025-04-30 00:53:12] Iteration: 385/1000, Temp: 0.0002, Energy: -81.883573-0.009819j
[2025-04-30 00:53:21] Iteration: 386/1000, Temp: 0.0002, Energy: -81.895066+0.005349j
[2025-04-30 00:53:29] Iteration: 387/1000, Temp: 0.0002, Energy: -81.930369-0.004461j
[2025-04-30 00:53:38] Iteration: 388/1000, Temp: 0.0002, Energy: -82.032496-0.005199j
[2025-04-30 00:53:46] Iteration: 389/1000, Temp: 0.0002, Energy: -82.033652+0.004615j
[2025-04-30 00:53:55] Iteration: 390/1000, Temp: 0.0002, Energy: -81.986052+0.007582j
[2025-04-30 00:54:04] Iteration: 391/1000, Temp: 0.0002, Energy: -82.151516-0.002612j
[2025-04-30 00:54:12] Iteration: 392/1000, Temp: 0.0002, Energy: -81.994476+0.004949j
[2025-04-30 00:54:21] Iteration: 393/1000, Temp: 0.0002, Energy: -82.116560+0.001171j
[2025-04-30 00:54:29] Iteration: 394/1000, Temp: 0.0002, Energy: -82.211252-0.000131j
[2025-04-30 00:54:38] Iteration: 395/1000, Temp: 0.0002, Energy: -82.143977+0.000503j
[2025-04-30 00:54:47] Iteration: 396/1000, Temp: 0.0002, Energy: -82.026473-0.009514j
[2025-04-30 00:54:55] Iteration: 397/1000, Temp: 0.0002, Energy: -82.091293-0.010046j
[2025-04-30 00:55:04] Iteration: 398/1000, Temp: 0.0002, Energy: -82.175734+0.009291j
[2025-04-30 00:55:13] Iteration: 399/1000, Temp: 0.0002, Energy: -81.991403+0.000236j
[2025-04-30 00:55:21] Iteration: 400/1000, Temp: 0.0002, Energy: -81.973984-0.004704j
[2025-04-30 00:55:30] Iteration: 401/1000, Temp: 0.0002, Energy: -82.067784+0.000573j
[2025-04-30 00:55:39] Iteration: 402/1000, Temp: 0.0002, Energy: -82.145271+0.003371j
[2025-04-30 00:55:47] Iteration: 403/1000, Temp: 0.0002, Energy: -82.050200-0.004443j
[2025-04-30 00:55:56] Iteration: 404/1000, Temp: 0.0002, Energy: -81.971611-0.003306j
[2025-04-30 00:56:04] Iteration: 405/1000, Temp: 0.0002, Energy: -81.894724-0.004763j
[2025-04-30 00:56:13] Iteration: 406/1000, Temp: 0.0001, Energy: -81.939331+0.006801j
[2025-04-30 00:56:22] Iteration: 407/1000, Temp: 0.0001, Energy: -82.014648-0.002524j
[2025-04-30 00:56:30] Iteration: 408/1000, Temp: 0.0001, Energy: -82.121602+0.004618j
[2025-04-30 00:56:39] Iteration: 409/1000, Temp: 0.0001, Energy: -81.920249+0.003605j
[2025-04-30 00:56:47] Iteration: 410/1000, Temp: 0.0001, Energy: -81.998116+0.002543j
[2025-04-30 00:56:56] Iteration: 411/1000, Temp: 0.0001, Energy: -81.990279-0.002179j
[2025-04-30 00:57:05] Iteration: 412/1000, Temp: 0.0001, Energy: -82.067248-0.003727j
[2025-04-30 00:57:13] Iteration: 413/1000, Temp: 0.0001, Energy: -82.038263+0.001511j
[2025-04-30 00:57:22] Iteration: 414/1000, Temp: 0.0001, Energy: -82.096380-0.001172j
[2025-04-30 00:57:31] Iteration: 415/1000, Temp: 0.0001, Energy: -82.137952-0.011651j
[2025-04-30 00:57:39] Iteration: 416/1000, Temp: 0.0001, Energy: -82.072566+0.007342j
[2025-04-30 00:57:48] Iteration: 417/1000, Temp: 0.0001, Energy: -81.855644-0.002412j
[2025-04-30 00:57:56] Iteration: 418/1000, Temp: 0.0001, Energy: -82.059315+0.002320j
[2025-04-30 00:58:05] Iteration: 419/1000, Temp: 0.0001, Energy: -82.049157-0.000370j
[2025-04-30 00:58:14] Iteration: 420/1000, Temp: 0.0001, Energy: -81.866010-0.004476j
[2025-04-30 00:58:22] Iteration: 421/1000, Temp: 0.0001, Energy: -81.992229+0.004096j
[2025-04-30 00:58:31] Iteration: 422/1000, Temp: 0.0001, Energy: -81.845641+0.002087j
[2025-04-30 00:58:39] Iteration: 423/1000, Temp: 0.0001, Energy: -81.792241-0.001023j
[2025-04-30 00:58:48] Iteration: 424/1000, Temp: 0.0001, Energy: -81.997661+0.002373j
[2025-04-30 00:58:57] Iteration: 425/1000, Temp: 0.0001, Energy: -81.970249+0.001008j
[2025-04-30 00:59:05] Iteration: 426/1000, Temp: 0.0001, Energy: -81.973249-0.005521j
[2025-04-30 00:59:14] Iteration: 427/1000, Temp: 0.0001, Energy: -82.086554-0.002297j
[2025-04-30 00:59:22] Iteration: 428/1000, Temp: 0.0001, Energy: -82.249344-0.000658j
[2025-04-30 00:59:31] Iteration: 429/1000, Temp: 0.0001, Energy: -82.092770+0.005085j
[2025-04-30 00:59:40] Iteration: 430/1000, Temp: 0.0001, Energy: -82.027465-0.001347j
[2025-04-30 00:59:48] Iteration: 431/1000, Temp: 0.0001, Energy: -82.155774-0.007287j
[2025-04-30 00:59:57] Iteration: 432/1000, Temp: 0.0001, Energy: -82.293896-0.010546j
[2025-04-30 01:00:05] Iteration: 433/1000, Temp: 0.0001, Energy: -82.336553+0.001207j
[2025-04-30 01:00:14] Iteration: 434/1000, Temp: 0.0001, Energy: -82.180843-0.002574j
[2025-04-30 01:00:23] Iteration: 435/1000, Temp: 0.0001, Energy: -82.114369-0.001938j
[2025-04-30 01:00:31] Iteration: 436/1000, Temp: 0.0001, Energy: -82.172744+0.005696j
[2025-04-30 01:00:40] Iteration: 437/1000, Temp: 0.0001, Energy: -82.185910+0.006953j
[2025-04-30 01:00:48] Iteration: 438/1000, Temp: 0.0001, Energy: -82.226013+0.009651j
[2025-04-30 01:00:57] Iteration: 439/1000, Temp: 0.0001, Energy: -82.106633+0.002685j
[2025-04-30 01:01:05] Iteration: 440/1000, Temp: 0.0001, Energy: -82.038857+0.002465j
[2025-04-30 01:01:14] Iteration: 441/1000, Temp: 0.0001, Energy: -81.990318-0.003002j
[2025-04-30 01:01:23] Iteration: 442/1000, Temp: 0.0001, Energy: -81.986778-0.006333j
[2025-04-30 01:01:31] Iteration: 443/1000, Temp: 0.0001, Energy: -82.037013+0.007653j
[2025-04-30 01:01:40] Iteration: 444/1000, Temp: 0.0001, Energy: -82.039200-0.001257j
[2025-04-30 01:01:49] Iteration: 445/1000, Temp: 0.0001, Energy: -82.170583-0.002333j
[2025-04-30 01:01:57] Iteration: 446/1000, Temp: 0.0001, Energy: -82.145746-0.008235j
[2025-04-30 01:02:06] Iteration: 447/1000, Temp: 0.0001, Energy: -82.166206-0.001478j
[2025-04-30 01:02:14] Iteration: 448/1000, Temp: 0.0001, Energy: -82.098869+0.004165j
[2025-04-30 01:02:23] Iteration: 449/1000, Temp: 0.0001, Energy: -81.961484+0.003104j
[2025-04-30 01:02:32] Iteration: 450/1000, Temp: 0.0001, Energy: -82.185689-0.000441j
[2025-04-30 01:02:40] Iteration: 451/1000, Temp: 0.0001, Energy: -82.287845+0.003634j
[2025-04-30 01:02:49] Iteration: 452/1000, Temp: 0.0001, Energy: -82.327226+0.007225j
[2025-04-30 01:02:57] Iteration: 453/1000, Temp: 0.0001, Energy: -82.030072-0.000978j
[2025-04-30 01:03:06] Iteration: 454/1000, Temp: 0.0001, Energy: -82.148653-0.003501j
[2025-04-30 01:03:15] Iteration: 455/1000, Temp: 0.0001, Energy: -82.230202+0.003090j
[2025-04-30 01:03:23] Iteration: 456/1000, Temp: 0.0001, Energy: -82.025829-0.006412j
[2025-04-30 01:03:32] Iteration: 457/1000, Temp: 0.0001, Energy: -81.961074+0.004507j
[2025-04-30 01:03:40] Iteration: 458/1000, Temp: 0.0001, Energy: -81.944878+0.008422j
[2025-04-30 01:03:49] Iteration: 459/1000, Temp: 0.0001, Energy: -82.052110+0.006498j
[2025-04-30 01:03:58] Iteration: 460/1000, Temp: 0.0001, Energy: -82.063859-0.001830j
[2025-04-30 01:04:06] Iteration: 461/1000, Temp: 0.0000, Energy: -82.178363-0.004813j
[2025-04-30 01:04:15] Iteration: 462/1000, Temp: 0.0000, Energy: -82.094317+0.005423j
[2025-04-30 01:04:24] Iteration: 463/1000, Temp: 0.0000, Energy: -81.979720+0.008430j
[2025-04-30 01:04:32] Iteration: 464/1000, Temp: 0.0000, Energy: -82.093669-0.000025j
[2025-04-30 01:04:41] Iteration: 465/1000, Temp: 0.0000, Energy: -82.120513+0.008713j
[2025-04-30 01:04:49] Iteration: 466/1000, Temp: 0.0000, Energy: -82.035083-0.008577j
[2025-04-30 01:04:58] Iteration: 467/1000, Temp: 0.0000, Energy: -82.096545-0.004938j
[2025-04-30 01:05:06] Iteration: 468/1000, Temp: 0.0000, Energy: -82.025304-0.001130j
[2025-04-30 01:05:15] Iteration: 469/1000, Temp: 0.0000, Energy: -82.129563+0.006091j
[2025-04-30 01:05:24] Iteration: 470/1000, Temp: 0.0000, Energy: -81.976860+0.011082j
[2025-04-30 01:05:32] Iteration: 471/1000, Temp: 0.0000, Energy: -82.004307-0.006163j
[2025-04-30 01:05:41] Iteration: 472/1000, Temp: 0.0000, Energy: -82.125030-0.000712j
[2025-04-30 01:05:49] Iteration: 473/1000, Temp: 0.0000, Energy: -81.875834+0.002449j
[2025-04-30 01:05:58] Iteration: 474/1000, Temp: 0.0000, Energy: -82.039572+0.007063j
[2025-04-30 01:06:07] Iteration: 475/1000, Temp: 0.0000, Energy: -82.126226-0.006470j
[2025-04-30 01:06:15] Iteration: 476/1000, Temp: 0.0000, Energy: -82.111650+0.004776j
[2025-04-30 01:06:24] Iteration: 477/1000, Temp: 0.0000, Energy: -82.086316+0.001491j
[2025-04-30 01:06:33] Iteration: 478/1000, Temp: 0.0000, Energy: -82.031990-0.002770j
[2025-04-30 01:06:41] Iteration: 479/1000, Temp: 0.0000, Energy: -82.100329-0.004030j
[2025-04-30 01:06:50] Iteration: 480/1000, Temp: 0.0000, Energy: -82.105997-0.005934j
[2025-04-30 01:06:58] Iteration: 481/1000, Temp: 0.0000, Energy: -82.064582+0.000326j
[2025-04-30 01:07:07] Iteration: 482/1000, Temp: 0.0000, Energy: -82.161735-0.009301j
[2025-04-30 01:07:15] Iteration: 483/1000, Temp: 0.0000, Energy: -81.931368-0.002079j
[2025-04-30 01:07:24] Iteration: 484/1000, Temp: 0.0000, Energy: -81.988506+0.002170j
[2025-04-30 01:07:33] Iteration: 485/1000, Temp: 0.0000, Energy: -82.162419-0.001254j
[2025-04-30 01:07:41] Iteration: 486/1000, Temp: 0.0000, Energy: -82.176296-0.000307j
[2025-04-30 01:07:50] Iteration: 487/1000, Temp: 0.0000, Energy: -82.049775+0.000850j
[2025-04-30 01:07:59] Iteration: 488/1000, Temp: 0.0000, Energy: -82.099508+0.005645j
[2025-04-30 01:08:07] Iteration: 489/1000, Temp: 0.0000, Energy: -81.982053-0.001966j
[2025-04-30 01:08:16] Iteration: 490/1000, Temp: 0.0000, Energy: -81.899828-0.001097j
[2025-04-30 01:08:24] Iteration: 491/1000, Temp: 0.0000, Energy: -82.124137+0.012332j
[2025-04-30 01:08:33] Iteration: 492/1000, Temp: 0.0000, Energy: -82.009224+0.000623j
[2025-04-30 01:08:41] Iteration: 493/1000, Temp: 0.0000, Energy: -82.186655+0.005314j
[2025-04-30 01:08:50] Iteration: 494/1000, Temp: 0.0000, Energy: -82.111042+0.009149j
[2025-04-30 01:08:59] Iteration: 495/1000, Temp: 0.0000, Energy: -82.099664+0.003705j
[2025-04-30 01:09:07] Iteration: 496/1000, Temp: 0.0000, Energy: -82.270151-0.001449j
[2025-04-30 01:09:16] Iteration: 497/1000, Temp: 0.0000, Energy: -82.073258+0.001105j
[2025-04-30 01:09:25] Iteration: 498/1000, Temp: 0.0000, Energy: -82.028596-0.003047j
[2025-04-30 01:09:33] Iteration: 499/1000, Temp: 0.0000, Energy: -81.982194-0.000758j
[2025-04-30 01:09:42] Iteration: 500/1000, Temp: 0.0000, Energy: -82.073056-0.003819j
[2025-04-30 01:09:50] Iteration: 501/1000, Temp: 0.0000, Energy: -82.070113-0.003847j
[2025-04-30 01:09:59] Iteration: 502/1000, Temp: 0.0000, Energy: -82.177377+0.011847j
[2025-04-30 01:10:07] Iteration: 503/1000, Temp: 0.0000, Energy: -82.116709-0.002835j
[2025-04-30 01:10:16] Iteration: 504/1000, Temp: 0.0000, Energy: -82.250355-0.001165j
[2025-04-30 01:10:25] Iteration: 505/1000, Temp: 0.0000, Energy: -82.157936+0.000494j
[2025-04-30 01:10:33] Iteration: 506/1000, Temp: 0.0000, Energy: -82.035740-0.000625j
[2025-04-30 01:10:42] Iteration: 507/1000, Temp: 0.0000, Energy: -81.998774-0.012391j
[2025-04-30 01:10:50] Iteration: 508/1000, Temp: 0.0000, Energy: -82.159087-0.002003j
[2025-04-30 01:10:59] Iteration: 509/1000, Temp: 0.0000, Energy: -82.322644+0.009838j
[2025-04-30 01:11:08] Iteration: 510/1000, Temp: 0.0000, Energy: -82.124985+0.001571j
[2025-04-30 01:11:16] Iteration: 511/1000, Temp: 0.0000, Energy: -82.232569+0.005753j
[2025-04-30 01:11:25] Iteration: 512/1000, Temp: 0.0000, Energy: -82.118613-0.003357j
[2025-04-30 01:11:34] Iteration: 513/1000, Temp: 0.0000, Energy: -82.100919-0.004949j
[2025-04-30 01:11:42] Iteration: 514/1000, Temp: 0.0000, Energy: -82.024555-0.000115j
[2025-04-30 01:11:51] Iteration: 515/1000, Temp: 0.0000, Energy: -82.077825+0.001907j
[2025-04-30 01:11:59] Iteration: 516/1000, Temp: 0.0000, Energy: -82.128146+0.003883j
[2025-04-30 01:12:08] Iteration: 517/1000, Temp: 0.0000, Energy: -82.175067-0.004086j
[2025-04-30 01:12:17] Iteration: 518/1000, Temp: 0.0000, Energy: -82.202131-0.000167j
[2025-04-30 01:12:25] Iteration: 519/1000, Temp: 0.0000, Energy: -82.147057+0.000424j
[2025-04-30 01:12:34] Iteration: 520/1000, Temp: 0.0000, Energy: -82.167956+0.008870j
[2025-04-30 01:12:42] Iteration: 521/1000, Temp: 0.0000, Energy: -82.156685+0.001464j
[2025-04-30 01:12:51] Iteration: 522/1000, Temp: 0.0000, Energy: -82.285201+0.007936j
[2025-04-30 01:12:59] Iteration: 523/1000, Temp: 0.0000, Energy: -82.418319+0.001793j
[2025-04-30 01:13:08] Iteration: 524/1000, Temp: 0.0000, Energy: -82.236366-0.009257j
[2025-04-30 01:13:17] Iteration: 525/1000, Temp: 0.0000, Energy: -82.256832+0.001471j
[2025-04-30 01:13:25] Iteration: 526/1000, Temp: 0.0000, Energy: -82.243498-0.006187j
[2025-04-30 01:13:34] Iteration: 527/1000, Temp: 0.0000, Energy: -82.237435-0.005553j
[2025-04-30 01:13:43] Iteration: 528/1000, Temp: 0.0000, Energy: -82.089468-0.002159j
[2025-04-30 01:13:51] Iteration: 529/1000, Temp: 0.0000, Energy: -82.052179-0.007847j
[2025-04-30 01:14:00] Iteration: 530/1000, Temp: 0.0000, Energy: -82.268559+0.001511j
[2025-04-30 01:14:08] Iteration: 531/1000, Temp: 0.0000, Energy: -82.041204-0.002369j
[2025-04-30 01:14:17] Iteration: 532/1000, Temp: 0.0000, Energy: -82.132288+0.001653j
[2025-04-30 01:14:25] Iteration: 533/1000, Temp: 0.0000, Energy: -82.131304+0.000927j
[2025-04-30 01:14:34] Iteration: 534/1000, Temp: 0.0000, Energy: -82.205023-0.004300j
[2025-04-30 01:14:43] Iteration: 535/1000, Temp: 0.0000, Energy: -82.235545-0.000372j
[2025-04-30 01:14:51] Iteration: 536/1000, Temp: 0.0000, Energy: -82.183197-0.002434j
[2025-04-30 01:15:00] Iteration: 537/1000, Temp: 0.0000, Energy: -82.077634+0.004053j
[2025-04-30 01:15:08] Iteration: 538/1000, Temp: 0.0000, Energy: -82.150621+0.002181j
[2025-04-30 01:15:17] Iteration: 539/1000, Temp: 0.0000, Energy: -82.269432+0.001401j
[2025-04-30 01:15:26] Iteration: 540/1000, Temp: 0.0000, Energy: -82.179083-0.001422j
[2025-04-30 01:15:34] Iteration: 541/1000, Temp: 0.0000, Energy: -82.244533-0.003965j
[2025-04-30 01:15:43] Iteration: 542/1000, Temp: 0.0000, Energy: -82.078447-0.006575j
[2025-04-30 01:15:51] Iteration: 543/1000, Temp: 0.0000, Energy: -82.065926+0.000072j
[2025-04-30 01:16:00] Iteration: 544/1000, Temp: 0.0000, Energy: -82.295616+0.002695j
[2025-04-30 01:16:09] Iteration: 545/1000, Temp: 0.0000, Energy: -82.122663+0.001496j
[2025-04-30 01:16:17] Iteration: 546/1000, Temp: 0.0000, Energy: -82.030678-0.007208j
[2025-04-30 01:16:26] Iteration: 547/1000, Temp: 0.0000, Energy: -81.940264+0.000481j
[2025-04-30 01:16:34] Iteration: 548/1000, Temp: 0.0000, Energy: -82.190701+0.002430j
[2025-04-30 01:16:43] Iteration: 549/1000, Temp: 0.0000, Energy: -82.183458-0.000291j
[2025-04-30 01:16:52] Iteration: 550/1000, Temp: 0.0000, Energy: -81.933838-0.000315j
[2025-04-30 01:17:00] Iteration: 551/1000, Temp: 0.0000, Energy: -81.929005+0.001944j
[2025-04-30 01:17:09] Iteration: 552/1000, Temp: 0.0000, Energy: -82.081318-0.005886j
[2025-04-30 01:17:17] Iteration: 553/1000, Temp: 0.0000, Energy: -82.126712+0.001822j
[2025-04-30 01:17:26] Iteration: 554/1000, Temp: 0.0000, Energy: -82.079616-0.005459j
[2025-04-30 01:17:35] Iteration: 555/1000, Temp: 0.0000, Energy: -82.032381+0.007883j
[2025-04-30 01:17:43] Iteration: 556/1000, Temp: 0.0000, Energy: -82.066909-0.000168j
[2025-04-30 01:17:52] Iteration: 557/1000, Temp: 0.0000, Energy: -81.961069+0.014214j
[2025-04-30 01:18:00] Iteration: 558/1000, Temp: 0.0000, Energy: -82.227306-0.004136j
[2025-04-30 01:18:09] Iteration: 559/1000, Temp: 0.0000, Energy: -82.211962-0.004917j
[2025-04-30 01:18:17] Iteration: 560/1000, Temp: 0.0000, Energy: -82.245677+0.006313j
[2025-04-30 01:18:26] Iteration: 561/1000, Temp: 0.0000, Energy: -82.195816+0.008038j
[2025-04-30 01:18:35] Iteration: 562/1000, Temp: 0.0000, Energy: -82.076333-0.007650j
[2025-04-30 01:18:43] Iteration: 563/1000, Temp: 0.0000, Energy: -82.047980+0.000291j
[2025-04-30 01:18:52] Iteration: 564/1000, Temp: 0.0000, Energy: -82.168677-0.007303j
[2025-04-30 01:19:00] Iteration: 565/1000, Temp: 0.0000, Energy: -81.963419+0.001957j
[2025-04-30 01:19:09] Iteration: 566/1000, Temp: 0.0000, Energy: -82.118894+0.015231j
[2025-04-30 01:19:18] Iteration: 567/1000, Temp: 0.0000, Energy: -82.096147+0.000848j
[2025-04-30 01:19:26] Iteration: 568/1000, Temp: 0.0000, Energy: -82.106171-0.001938j
[2025-04-30 01:19:35] Iteration: 569/1000, Temp: 0.0000, Energy: -82.096208-0.003693j
[2025-04-30 01:19:43] Iteration: 570/1000, Temp: 0.0000, Energy: -82.078841-0.012188j
[2025-04-30 01:19:52] Iteration: 571/1000, Temp: 0.0000, Energy: -82.084002-0.001024j
[2025-04-30 01:20:01] Iteration: 572/1000, Temp: 0.0000, Energy: -82.195607+0.008062j
[2025-04-30 01:20:09] Iteration: 573/1000, Temp: 0.0000, Energy: -82.020055+0.003059j
[2025-04-30 01:20:18] Iteration: 574/1000, Temp: 0.0000, Energy: -82.174590+0.001850j
[2025-04-30 01:20:26] Iteration: 575/1000, Temp: 0.0000, Energy: -82.186214-0.004925j
[2025-04-30 01:20:35] Iteration: 576/1000, Temp: 0.0000, Energy: -82.269415+0.006611j
[2025-04-30 01:20:44] Iteration: 577/1000, Temp: 0.0000, Energy: -82.051718+0.001333j
[2025-04-30 01:20:52] Iteration: 578/1000, Temp: 0.0000, Energy: -81.994850-0.000419j
[2025-04-30 01:21:01] Iteration: 579/1000, Temp: 0.0000, Energy: -82.104131-0.004075j
[2025-04-30 01:21:09] Iteration: 580/1000, Temp: 0.0000, Energy: -82.063481-0.008876j
[2025-04-30 01:21:18] Iteration: 581/1000, Temp: 0.0000, Energy: -82.040286+0.000040j
[2025-04-30 01:21:26] Iteration: 582/1000, Temp: 0.0000, Energy: -81.981353+0.010889j
[2025-04-30 01:21:35] Iteration: 583/1000, Temp: 0.0000, Energy: -82.038468+0.001070j
[2025-04-30 01:21:43] Iteration: 584/1000, Temp: 0.0000, Energy: -82.120944+0.001000j
[2025-04-30 01:21:52] Iteration: 585/1000, Temp: 0.0000, Energy: -82.124674-0.004664j
[2025-04-30 01:22:01] Iteration: 586/1000, Temp: 0.0000, Energy: -82.016461+0.001636j
[2025-04-30 01:22:09] Iteration: 587/1000, Temp: 0.0000, Energy: -82.246394+0.003154j
[2025-04-30 01:22:18] Iteration: 588/1000, Temp: 0.0000, Energy: -82.142459+0.001554j
[2025-04-30 01:22:26] Iteration: 589/1000, Temp: 0.0000, Energy: -82.111643-0.006352j
[2025-04-30 01:22:35] Iteration: 590/1000, Temp: 0.0000, Energy: -82.130892+0.000703j
[2025-04-30 01:22:44] Iteration: 591/1000, Temp: 0.0000, Energy: -82.302809+0.007980j
[2025-04-30 01:22:52] Iteration: 592/1000, Temp: 0.0000, Energy: -82.246417-0.006507j
[2025-04-30 01:23:01] Iteration: 593/1000, Temp: 0.0000, Energy: -82.272653-0.007939j
[2025-04-30 01:23:10] Iteration: 594/1000, Temp: 0.0000, Energy: -82.067439+0.003626j
[2025-04-30 01:23:18] Iteration: 595/1000, Temp: 0.0000, Energy: -81.948219-0.002813j
[2025-04-30 01:23:27] Iteration: 596/1000, Temp: 0.0000, Energy: -82.114331+0.001886j
[2025-04-30 01:23:35] Iteration: 597/1000, Temp: 0.0000, Energy: -82.132416+0.011301j
[2025-04-30 01:23:44] Iteration: 598/1000, Temp: 0.0000, Energy: -82.115568+0.001062j
[2025-04-30 01:23:53] Iteration: 599/1000, Temp: 0.0000, Energy: -82.025430-0.006327j
[2025-04-30 01:24:01] Iteration: 600/1000, Temp: 0.0000, Energy: -82.136536-0.002316j
[2025-04-30 01:24:10] Iteration: 601/1000, Temp: 0.0000, Energy: -82.045240+0.005027j
[2025-04-30 01:24:18] Iteration: 602/1000, Temp: 0.0000, Energy: -82.172057-0.009038j
[2025-04-30 01:24:27] Iteration: 603/1000, Temp: 0.0000, Energy: -82.131561+0.004700j
[2025-04-30 01:24:36] Iteration: 604/1000, Temp: 0.0000, Energy: -82.192785+0.004274j
[2025-04-30 01:24:44] Iteration: 605/1000, Temp: 0.0000, Energy: -82.234504+0.006250j
[2025-04-30 01:24:53] Iteration: 606/1000, Temp: 0.0000, Energy: -82.219547-0.005801j
[2025-04-30 01:25:01] Iteration: 607/1000, Temp: 0.0000, Energy: -82.400081-0.001927j
[2025-04-30 01:25:10] Iteration: 608/1000, Temp: 0.0000, Energy: -82.239573+0.003519j
[2025-04-30 01:25:18] Iteration: 609/1000, Temp: 0.0000, Energy: -82.030053-0.002363j
[2025-04-30 01:25:27] Iteration: 610/1000, Temp: 0.0000, Energy: -82.049205+0.000476j
[2025-04-30 01:25:36] Iteration: 611/1000, Temp: 0.0000, Energy: -82.141574+0.001393j
[2025-04-30 01:25:44] Iteration: 612/1000, Temp: 0.0000, Energy: -82.029802+0.001155j
[2025-04-30 01:25:53] Iteration: 613/1000, Temp: 0.0000, Energy: -82.133383+0.000715j
[2025-04-30 01:26:01] Iteration: 614/1000, Temp: 0.0000, Energy: -82.269456+0.007427j
[2025-04-30 01:26:10] Iteration: 615/1000, Temp: 0.0000, Energy: -82.281270-0.003880j
[2025-04-30 01:26:19] Iteration: 616/1000, Temp: 0.0000, Energy: -82.283327-0.005843j
[2025-04-30 01:26:27] Iteration: 617/1000, Temp: 0.0000, Energy: -82.303117-0.000189j
[2025-04-30 01:26:36] Iteration: 618/1000, Temp: 0.0000, Energy: -82.302803-0.003570j
[2025-04-30 01:26:44] Iteration: 619/1000, Temp: 0.0000, Energy: -82.328917-0.008188j
[2025-04-30 01:26:53] Iteration: 620/1000, Temp: 0.0000, Energy: -82.223498-0.008114j
[2025-04-30 01:27:02] Iteration: 621/1000, Temp: 0.0000, Energy: -82.305008+0.000011j
[2025-04-30 01:27:10] Iteration: 622/1000, Temp: 0.0000, Energy: -82.309538+0.006991j
[2025-04-30 01:27:19] Iteration: 623/1000, Temp: 0.0000, Energy: -82.064616+0.003509j
[2025-04-30 01:27:28] Iteration: 624/1000, Temp: 0.0000, Energy: -82.189449+0.001863j
[2025-04-30 01:27:36] Iteration: 625/1000, Temp: 0.0000, Energy: -82.181015+0.000761j
[2025-04-30 01:27:45] Iteration: 626/1000, Temp: 0.0000, Energy: -82.246806+0.000991j
[2025-04-30 01:27:53] Iteration: 627/1000, Temp: 0.0000, Energy: -82.033753+0.002905j
[2025-04-30 01:28:02] Iteration: 628/1000, Temp: 0.0000, Energy: -82.057837+0.005247j
[2025-04-30 01:28:11] Iteration: 629/1000, Temp: 0.0000, Energy: -82.142256+0.002002j
[2025-04-30 01:28:19] Iteration: 630/1000, Temp: 0.0000, Energy: -82.036333+0.006206j
[2025-04-30 01:28:28] Iteration: 631/1000, Temp: 0.0000, Energy: -82.062934+0.000510j
[2025-04-30 01:28:36] Iteration: 632/1000, Temp: 0.0000, Energy: -82.163228-0.002719j
[2025-04-30 01:28:45] Iteration: 633/1000, Temp: 0.0000, Energy: -82.095678-0.004814j
[2025-04-30 01:28:54] Iteration: 634/1000, Temp: 0.0000, Energy: -82.248928+0.000696j
[2025-04-30 01:29:02] Iteration: 635/1000, Temp: 0.0000, Energy: -82.199543+0.005021j
[2025-04-30 01:29:11] Iteration: 636/1000, Temp: 0.0000, Energy: -82.046012+0.002038j
[2025-04-30 01:29:19] Iteration: 637/1000, Temp: 0.0000, Energy: -82.160613+0.002906j
[2025-04-30 01:29:28] Iteration: 638/1000, Temp: 0.0000, Energy: -81.924186+0.003345j
[2025-04-30 01:29:37] Iteration: 639/1000, Temp: 0.0000, Energy: -81.771787+0.007829j
[2025-04-30 01:29:45] Iteration: 640/1000, Temp: 0.0000, Energy: -82.040423+0.002510j
[2025-04-30 01:29:54] Iteration: 641/1000, Temp: 0.0000, Energy: -82.094130+0.000596j
[2025-04-30 01:30:02] Iteration: 642/1000, Temp: 0.0000, Energy: -82.047213+0.002637j
[2025-04-30 01:30:11] Iteration: 643/1000, Temp: 0.0000, Energy: -82.246226-0.007684j
[2025-04-30 01:30:20] Iteration: 644/1000, Temp: 0.0000, Energy: -82.229076+0.008723j
[2025-04-30 01:30:28] Iteration: 645/1000, Temp: 0.0000, Energy: -82.195660-0.006707j
[2025-04-30 01:30:37] Iteration: 646/1000, Temp: 0.0000, Energy: -82.107185-0.006005j
[2025-04-30 01:30:45] Iteration: 647/1000, Temp: 0.0000, Energy: -82.137703-0.008050j
[2025-04-30 01:30:54] Iteration: 648/1000, Temp: 0.0000, Energy: -82.085867-0.003994j
[2025-04-30 01:31:03] Iteration: 649/1000, Temp: 0.0000, Energy: -81.950120+0.003209j
[2025-04-30 01:31:11] Iteration: 650/1000, Temp: 0.0000, Energy: -82.028772-0.000390j
[2025-04-30 01:31:20] Iteration: 651/1000, Temp: 0.0000, Energy: -82.057084-0.003599j
[2025-04-30 01:31:29] Iteration: 652/1000, Temp: 0.0000, Energy: -81.891229+0.002562j
[2025-04-30 01:31:37] Iteration: 653/1000, Temp: 0.0000, Energy: -82.022356-0.003316j
[2025-04-30 01:31:46] Iteration: 654/1000, Temp: 0.0000, Energy: -82.147056+0.000773j
[2025-04-30 01:31:55] Iteration: 655/1000, Temp: 0.0000, Energy: -82.175735+0.004842j
[2025-04-30 01:32:03] Iteration: 656/1000, Temp: 0.0000, Energy: -82.125460-0.002125j
[2025-04-30 01:32:12] Iteration: 657/1000, Temp: 0.0000, Energy: -82.127590+0.003549j
[2025-04-30 01:32:20] Iteration: 658/1000, Temp: 0.0000, Energy: -82.257422+0.002545j
[2025-04-30 01:32:29] Iteration: 659/1000, Temp: 0.0000, Energy: -82.000958+0.001359j
[2025-04-30 01:32:38] Iteration: 660/1000, Temp: 0.0000, Energy: -82.241691-0.009761j
[2025-04-30 01:32:46] Iteration: 661/1000, Temp: 0.0000, Energy: -82.249865+0.001682j
[2025-04-30 01:32:55] Iteration: 662/1000, Temp: 0.0000, Energy: -82.256183-0.000951j
[2025-04-30 01:33:03] Iteration: 663/1000, Temp: 0.0000, Energy: -82.255297+0.006665j
[2025-04-30 01:33:12] Iteration: 664/1000, Temp: 0.0000, Energy: -82.162539+0.003005j
[2025-04-30 01:33:21] Iteration: 665/1000, Temp: 0.0000, Energy: -82.236690+0.005470j
[2025-04-30 01:33:29] Iteration: 666/1000, Temp: 0.0000, Energy: -82.177725-0.003717j
[2025-04-30 01:33:38] Iteration: 667/1000, Temp: 0.0000, Energy: -82.080255+0.005263j
[2025-04-30 01:33:46] Iteration: 668/1000, Temp: 0.0000, Energy: -82.096811-0.003409j
[2025-04-30 01:33:55] Iteration: 669/1000, Temp: 0.0000, Energy: -82.098687-0.009586j
[2025-04-30 01:34:04] Iteration: 670/1000, Temp: 0.0000, Energy: -82.044001+0.002151j
[2025-04-30 01:34:12] Iteration: 671/1000, Temp: 0.0000, Energy: -82.131550-0.008043j
[2025-04-30 01:34:21] Iteration: 672/1000, Temp: 0.0000, Energy: -82.025946-0.004238j
[2025-04-30 01:34:29] Iteration: 673/1000, Temp: 0.0000, Energy: -82.060690-0.000086j
[2025-04-30 01:34:38] Iteration: 674/1000, Temp: 0.0000, Energy: -82.097341+0.003333j
[2025-04-30 01:34:47] Iteration: 675/1000, Temp: 0.0000, Energy: -82.324069+0.004298j
[2025-04-30 01:34:55] Iteration: 676/1000, Temp: 0.0000, Energy: -82.224098-0.000544j
[2025-04-30 01:35:04] Iteration: 677/1000, Temp: 0.0000, Energy: -82.262465+0.001474j
[2025-04-30 01:35:12] Iteration: 678/1000, Temp: 0.0000, Energy: -82.067444-0.002081j
[2025-04-30 01:35:21] Iteration: 679/1000, Temp: 0.0000, Energy: -82.066237-0.015224j
[2025-04-30 01:35:30] Iteration: 680/1000, Temp: 0.0000, Energy: -82.159934+0.004920j
[2025-04-30 01:35:38] Iteration: 681/1000, Temp: 0.0000, Energy: -82.083579-0.002168j
[2025-04-30 01:35:47] Iteration: 682/1000, Temp: 0.0000, Energy: -82.133003+0.005950j
[2025-04-30 01:35:56] Iteration: 683/1000, Temp: 0.0000, Energy: -82.056560-0.000913j
[2025-04-30 01:36:04] Iteration: 684/1000, Temp: 0.0000, Energy: -82.037004+0.009201j
[2025-04-30 01:36:13] Iteration: 685/1000, Temp: 0.0000, Energy: -82.153783+0.012565j
[2025-04-30 01:36:21] Iteration: 686/1000, Temp: 0.0000, Energy: -82.122996-0.003514j
[2025-04-30 01:36:30] Iteration: 687/1000, Temp: 0.0000, Energy: -82.167809+0.007951j
[2025-04-30 01:36:38] Iteration: 688/1000, Temp: 0.0000, Energy: -82.202017+0.005028j
[2025-04-30 01:36:47] Iteration: 689/1000, Temp: 0.0000, Energy: -82.132458+0.000471j
[2025-04-30 01:36:56] Iteration: 690/1000, Temp: 0.0000, Energy: -82.134219+0.007826j
[2025-04-30 01:37:04] Iteration: 691/1000, Temp: 0.0000, Energy: -82.057969-0.005908j
[2025-04-30 01:37:13] Iteration: 692/1000, Temp: 0.0000, Energy: -82.109598-0.005166j
[2025-04-30 01:37:21] Iteration: 693/1000, Temp: 0.0000, Energy: -82.117863-0.001385j
[2025-04-30 01:37:30] Iteration: 694/1000, Temp: 0.0000, Energy: -82.202620-0.000874j
[2025-04-30 01:37:39] Iteration: 695/1000, Temp: 0.0000, Energy: -82.249838+0.011597j
[2025-04-30 01:37:47] Iteration: 696/1000, Temp: 0.0000, Energy: -82.258841+0.001277j
[2025-04-30 01:37:56] Iteration: 697/1000, Temp: 0.0000, Energy: -82.202381-0.004761j
[2025-04-30 01:38:04] Iteration: 698/1000, Temp: 0.0000, Energy: -82.179841-0.001337j
[2025-04-30 01:38:13] Iteration: 699/1000, Temp: 0.0000, Energy: -82.094456+0.003294j
[2025-04-30 01:38:22] Iteration: 700/1000, Temp: 0.0000, Energy: -82.279494+0.000361j
[2025-04-30 01:38:30] Iteration: 701/1000, Temp: 0.0000, Energy: -82.348318+0.002549j
[2025-04-30 01:38:39] Iteration: 702/1000, Temp: 0.0000, Energy: -82.330855-0.002751j
[2025-04-30 01:38:48] Iteration: 703/1000, Temp: 0.0000, Energy: -82.252807+0.003008j
[2025-04-30 01:38:56] Iteration: 704/1000, Temp: 0.0000, Energy: -82.286562-0.004033j
[2025-04-30 01:39:05] Iteration: 705/1000, Temp: 0.0000, Energy: -82.094539+0.001619j
[2025-04-30 01:39:13] Iteration: 706/1000, Temp: 0.0000, Energy: -82.451265+0.008646j
[2025-04-30 01:39:22] Iteration: 707/1000, Temp: 0.0000, Energy: -82.253879-0.002052j
[2025-04-30 01:39:30] Iteration: 708/1000, Temp: 0.0000, Energy: -82.368861+0.000488j
[2025-04-30 01:39:39] Iteration: 709/1000, Temp: 0.0000, Energy: -82.189923+0.007681j
[2025-04-30 01:39:48] Iteration: 710/1000, Temp: 0.0000, Energy: -82.130514-0.000700j
[2025-04-30 01:39:56] Iteration: 711/1000, Temp: 0.0000, Energy: -82.227090+0.000814j
[2025-04-30 01:40:05] Iteration: 712/1000, Temp: 0.0000, Energy: -82.194467+0.006713j
[2025-04-30 01:40:14] Iteration: 713/1000, Temp: 0.0000, Energy: -82.206017-0.003081j
[2025-04-30 01:40:22] Iteration: 714/1000, Temp: 0.0000, Energy: -82.119827+0.001562j
[2025-04-30 01:40:31] Iteration: 715/1000, Temp: 0.0000, Energy: -82.061032+0.003143j
[2025-04-30 01:40:40] Iteration: 716/1000, Temp: 0.0000, Energy: -82.040877+0.001974j
[2025-04-30 01:40:48] Iteration: 717/1000, Temp: 0.0000, Energy: -81.919357+0.004395j
[2025-04-30 01:40:57] Iteration: 718/1000, Temp: 0.0000, Energy: -81.876889+0.010206j
[2025-04-30 01:41:05] Iteration: 719/1000, Temp: 0.0000, Energy: -82.011579-0.005791j
[2025-04-30 01:41:14] Iteration: 720/1000, Temp: 0.0000, Energy: -81.949902-0.009116j
[2025-04-30 01:41:22] Iteration: 721/1000, Temp: 0.0000, Energy: -82.022356+0.001980j
[2025-04-30 01:41:31] Iteration: 722/1000, Temp: 0.0000, Energy: -82.181608+0.007529j
[2025-04-30 01:41:40] Iteration: 723/1000, Temp: 0.0000, Energy: -82.215944+0.000039j
[2025-04-30 01:41:48] Iteration: 724/1000, Temp: 0.0000, Energy: -82.189031-0.003748j
[2025-04-30 01:41:57] Iteration: 725/1000, Temp: 0.0000, Energy: -82.119270-0.002947j
[2025-04-30 01:42:05] Iteration: 726/1000, Temp: 0.0000, Energy: -82.280703-0.012029j
[2025-04-30 01:42:14] Iteration: 727/1000, Temp: 0.0000, Energy: -82.221547-0.005507j
[2025-04-30 01:42:22] Iteration: 728/1000, Temp: 0.0000, Energy: -82.261385-0.002027j
[2025-04-30 01:42:31] Iteration: 729/1000, Temp: 0.0000, Energy: -82.324276-0.008370j
[2025-04-30 01:42:40] Iteration: 730/1000, Temp: 0.0000, Energy: -82.322757-0.003012j
[2025-04-30 01:42:48] Iteration: 731/1000, Temp: 0.0000, Energy: -82.230680-0.001372j
[2025-04-30 01:42:57] Iteration: 732/1000, Temp: 0.0000, Energy: -82.237997+0.001077j
[2025-04-30 01:43:06] Iteration: 733/1000, Temp: 0.0000, Energy: -82.179250-0.000098j
[2025-04-30 01:43:14] Iteration: 734/1000, Temp: 0.0000, Energy: -82.198426+0.005595j
[2025-04-30 01:43:23] Iteration: 735/1000, Temp: 0.0000, Energy: -82.221202+0.007631j
[2025-04-30 01:43:31] Iteration: 736/1000, Temp: 0.0000, Energy: -82.135815+0.005707j
[2025-04-30 01:43:40] Iteration: 737/1000, Temp: 0.0000, Energy: -82.170753-0.009432j
[2025-04-30 01:43:48] Iteration: 738/1000, Temp: 0.0000, Energy: -82.151364+0.005177j
[2025-04-30 01:43:57] Iteration: 739/1000, Temp: 0.0000, Energy: -82.000992+0.004199j
[2025-04-30 01:44:06] Iteration: 740/1000, Temp: 0.0000, Energy: -82.121347-0.001457j
[2025-04-30 01:44:14] Iteration: 741/1000, Temp: 0.0000, Energy: -82.295120-0.000510j
[2025-04-30 01:44:23] Iteration: 742/1000, Temp: 0.0000, Energy: -82.143479-0.000178j
[2025-04-30 01:44:31] Iteration: 743/1000, Temp: 0.0000, Energy: -82.157017-0.000540j
[2025-04-30 01:44:40] Iteration: 744/1000, Temp: 0.0000, Energy: -82.232534-0.005988j
[2025-04-30 01:44:49] Iteration: 745/1000, Temp: 0.0000, Energy: -82.419709-0.008827j
[2025-04-30 01:44:57] Iteration: 746/1000, Temp: 0.0000, Energy: -82.354987+0.004333j
[2025-04-30 01:45:06] Iteration: 747/1000, Temp: 0.0000, Energy: -82.128003-0.007399j
[2025-04-30 01:45:14] Iteration: 748/1000, Temp: 0.0000, Energy: -82.144019-0.008890j
[2025-04-30 01:45:23] Iteration: 749/1000, Temp: 0.0000, Energy: -82.158882-0.003434j
[2025-04-30 01:45:32] Iteration: 750/1000, Temp: 0.0000, Energy: -82.367782+0.002413j
[2025-04-30 01:45:40] Iteration: 751/1000, Temp: 0.0000, Energy: -82.293089-0.008184j
[2025-04-30 01:45:49] Iteration: 752/1000, Temp: 0.0000, Energy: -82.337844+0.007224j
[2025-04-30 01:45:58] Iteration: 753/1000, Temp: 0.0000, Energy: -82.156761+0.000767j
[2025-04-30 01:46:06] Iteration: 754/1000, Temp: 0.0000, Energy: -82.206539-0.000014j
[2025-04-30 01:46:15] Iteration: 755/1000, Temp: 0.0000, Energy: -82.238664+0.000878j
[2025-04-30 01:46:23] Iteration: 756/1000, Temp: 0.0000, Energy: -82.252360+0.004619j
[2025-04-30 01:46:32] Iteration: 757/1000, Temp: 0.0000, Energy: -82.216516-0.003364j
[2025-04-30 01:46:40] Iteration: 758/1000, Temp: 0.0000, Energy: -82.105997-0.003377j
[2025-04-30 01:46:49] Iteration: 759/1000, Temp: 0.0000, Energy: -82.102463+0.006690j
[2025-04-30 01:46:58] Iteration: 760/1000, Temp: 0.0000, Energy: -82.237925+0.003355j
[2025-04-30 01:47:06] Iteration: 761/1000, Temp: 0.0000, Energy: -82.198312+0.001458j
[2025-04-30 01:47:15] Iteration: 762/1000, Temp: 0.0000, Energy: -82.160684-0.006537j
[2025-04-30 01:47:24] Iteration: 763/1000, Temp: 0.0000, Energy: -82.167888+0.004051j
[2025-04-30 01:47:32] Iteration: 764/1000, Temp: 0.0000, Energy: -81.993603+0.003035j
[2025-04-30 01:47:41] Iteration: 765/1000, Temp: 0.0000, Energy: -82.033161+0.000847j
[2025-04-30 01:47:49] Iteration: 766/1000, Temp: 0.0000, Energy: -81.998442-0.001094j
[2025-04-30 01:47:58] Iteration: 767/1000, Temp: 0.0000, Energy: -82.208596+0.004254j
[2025-04-30 01:48:06] Iteration: 768/1000, Temp: 0.0000, Energy: -82.197328-0.008359j
[2025-04-30 01:48:15] Iteration: 769/1000, Temp: 0.0000, Energy: -81.986671-0.008092j
[2025-04-30 01:48:24] Iteration: 770/1000, Temp: 0.0000, Energy: -82.174019-0.005275j
[2025-04-30 01:48:32] Iteration: 771/1000, Temp: 0.0000, Energy: -82.038536+0.001608j
[2025-04-30 01:48:41] Iteration: 772/1000, Temp: 0.0000, Energy: -82.114880+0.003685j
[2025-04-30 01:48:49] Iteration: 773/1000, Temp: 0.0000, Energy: -82.165218-0.005007j
[2025-04-30 01:48:58] Iteration: 774/1000, Temp: 0.0000, Energy: -82.204505-0.002006j
[2025-04-30 01:49:06] Iteration: 775/1000, Temp: 0.0000, Energy: -82.390720-0.002178j
[2025-04-30 01:49:15] Iteration: 776/1000, Temp: 0.0000, Energy: -82.197949+0.002107j
[2025-04-30 01:49:24] Iteration: 777/1000, Temp: 0.0000, Energy: -82.400923+0.002507j
[2025-04-30 01:49:32] Iteration: 778/1000, Temp: 0.0000, Energy: -82.336233-0.001499j
[2025-04-30 01:49:41] Iteration: 779/1000, Temp: 0.0000, Energy: -82.321074-0.005075j
[2025-04-30 01:49:49] Iteration: 780/1000, Temp: 0.0000, Energy: -82.111303+0.000784j
[2025-04-30 01:49:58] Iteration: 781/1000, Temp: 0.0000, Energy: -82.137675-0.000811j
[2025-04-30 01:50:07] Iteration: 782/1000, Temp: 0.0000, Energy: -82.272663-0.004425j
[2025-04-30 01:50:15] Iteration: 783/1000, Temp: 0.0000, Energy: -82.205789-0.001296j
[2025-04-30 01:50:24] Iteration: 784/1000, Temp: 0.0000, Energy: -82.188321-0.002208j
[2025-04-30 01:50:32] Iteration: 785/1000, Temp: 0.0000, Energy: -82.189437+0.002606j
[2025-04-30 01:50:41] Iteration: 786/1000, Temp: 0.0000, Energy: -82.377855+0.000092j
[2025-04-30 01:50:50] Iteration: 787/1000, Temp: 0.0000, Energy: -82.305346+0.000382j
[2025-04-30 01:50:58] Iteration: 788/1000, Temp: 0.0000, Energy: -82.261707-0.006647j
[2025-04-30 01:51:07] Iteration: 789/1000, Temp: 0.0000, Energy: -82.266589-0.001749j
[2025-04-30 01:51:15] Iteration: 790/1000, Temp: 0.0000, Energy: -82.185943-0.000097j
[2025-04-30 01:51:24] Iteration: 791/1000, Temp: 0.0000, Energy: -82.132060-0.004859j
[2025-04-30 01:51:33] Iteration: 792/1000, Temp: 0.0000, Energy: -82.307645-0.003693j
[2025-04-30 01:51:41] Iteration: 793/1000, Temp: 0.0000, Energy: -82.151554+0.001898j
[2025-04-30 01:51:50] Iteration: 794/1000, Temp: 0.0000, Energy: -82.185348+0.008139j
[2025-04-30 01:51:58] Iteration: 795/1000, Temp: 0.0000, Energy: -82.207351-0.002908j
[2025-04-30 01:52:07] Iteration: 796/1000, Temp: 0.0000, Energy: -82.278435-0.004900j
[2025-04-30 01:52:16] Iteration: 797/1000, Temp: 0.0000, Energy: -82.246661+0.007145j
[2025-04-30 01:52:24] Iteration: 798/1000, Temp: 0.0000, Energy: -82.287542-0.004144j
[2025-04-30 01:52:33] Iteration: 799/1000, Temp: 0.0000, Energy: -82.311182+0.005089j
[2025-04-30 01:52:42] Iteration: 800/1000, Temp: 0.0000, Energy: -82.249200+0.007371j
[2025-04-30 01:52:50] Iteration: 801/1000, Temp: 0.0000, Energy: -82.431490+0.004789j
[2025-04-30 01:52:59] Iteration: 802/1000, Temp: 0.0000, Energy: -82.375204+0.003383j
[2025-04-30 01:53:07] Iteration: 803/1000, Temp: 0.0000, Energy: -82.065100+0.002020j
[2025-04-30 01:53:16] Iteration: 804/1000, Temp: 0.0000, Energy: -82.155835+0.001897j
[2025-04-30 01:53:25] Iteration: 805/1000, Temp: 0.0000, Energy: -82.073955+0.005216j
[2025-04-30 01:53:33] Iteration: 806/1000, Temp: 0.0000, Energy: -82.071661-0.001617j
[2025-04-30 01:53:42] Iteration: 807/1000, Temp: 0.0000, Energy: -82.270206+0.006635j
[2025-04-30 01:53:50] Iteration: 808/1000, Temp: 0.0000, Energy: -82.112750+0.000725j
[2025-04-30 01:53:59] Iteration: 809/1000, Temp: 0.0000, Energy: -82.025402-0.002008j
[2025-04-30 01:54:08] Iteration: 810/1000, Temp: 0.0000, Energy: -82.201860+0.010688j
[2025-04-30 01:54:16] Iteration: 811/1000, Temp: 0.0000, Energy: -82.202151+0.005930j
[2025-04-30 01:54:25] Iteration: 812/1000, Temp: 0.0000, Energy: -82.123049+0.004659j
[2025-04-30 01:54:34] Iteration: 813/1000, Temp: 0.0000, Energy: -82.134426+0.000789j
[2025-04-30 01:54:42] Iteration: 814/1000, Temp: 0.0000, Energy: -82.309174+0.007813j
[2025-04-30 01:54:51] Iteration: 815/1000, Temp: 0.0000, Energy: -82.307648-0.001201j
[2025-04-30 01:54:59] Iteration: 816/1000, Temp: 0.0000, Energy: -82.313785+0.004023j
[2025-04-30 01:55:08] Iteration: 817/1000, Temp: 0.0000, Energy: -82.210377+0.005644j
[2025-04-30 01:55:17] Iteration: 818/1000, Temp: 0.0000, Energy: -82.257847+0.001925j
[2025-04-30 01:55:25] Iteration: 819/1000, Temp: 0.0000, Energy: -82.102318-0.007150j
[2025-04-30 01:55:34] Iteration: 820/1000, Temp: 0.0000, Energy: -82.248447-0.007178j
[2025-04-30 01:55:42] Iteration: 821/1000, Temp: 0.0000, Energy: -82.446850-0.008489j
[2025-04-30 01:55:51] Iteration: 822/1000, Temp: 0.0000, Energy: -82.265513+0.005049j
[2025-04-30 01:56:00] Iteration: 823/1000, Temp: 0.0000, Energy: -82.197981-0.001447j
[2025-04-30 01:56:08] Iteration: 824/1000, Temp: 0.0000, Energy: -82.242876+0.003338j
[2025-04-30 01:56:17] Iteration: 825/1000, Temp: 0.0000, Energy: -82.275752+0.006848j
[2025-04-30 01:56:26] Iteration: 826/1000, Temp: 0.0000, Energy: -82.399561-0.006476j
[2025-04-30 01:56:34] Iteration: 827/1000, Temp: 0.0000, Energy: -82.294257-0.003353j
[2025-04-30 01:56:43] Iteration: 828/1000, Temp: 0.0000, Energy: -82.314611-0.000060j
[2025-04-30 01:56:51] Iteration: 829/1000, Temp: 0.0000, Energy: -82.224606-0.002820j
[2025-04-30 01:57:00] Iteration: 830/1000, Temp: 0.0000, Energy: -82.143184-0.001367j
[2025-04-30 01:57:09] Iteration: 831/1000, Temp: 0.0000, Energy: -82.140952-0.004470j
[2025-04-30 01:57:17] Iteration: 832/1000, Temp: 0.0000, Energy: -82.148670-0.002424j
[2025-04-30 01:57:26] Iteration: 833/1000, Temp: 0.0000, Energy: -82.198198-0.000133j
[2025-04-30 01:57:34] Iteration: 834/1000, Temp: 0.0000, Energy: -82.427603+0.003925j
[2025-04-30 01:57:43] Iteration: 835/1000, Temp: 0.0000, Energy: -82.273717-0.012520j
[2025-04-30 01:57:52] Iteration: 836/1000, Temp: 0.0000, Energy: -82.301511+0.000872j
[2025-04-30 01:58:00] Iteration: 837/1000, Temp: 0.0000, Energy: -82.440330+0.001116j
[2025-04-30 01:58:09] Iteration: 838/1000, Temp: 0.0000, Energy: -82.495708-0.003500j
[2025-04-30 01:58:18] Iteration: 839/1000, Temp: 0.0000, Energy: -82.125135+0.000713j
[2025-04-30 01:58:26] Iteration: 840/1000, Temp: 0.0000, Energy: -82.245675-0.001922j
[2025-04-30 01:58:35] Iteration: 841/1000, Temp: 0.0000, Energy: -82.337050-0.005365j
[2025-04-30 01:58:43] Iteration: 842/1000, Temp: 0.0000, Energy: -82.451124-0.003785j
[2025-04-30 01:58:52] Iteration: 843/1000, Temp: 0.0000, Energy: -82.239978+0.000633j
[2025-04-30 01:59:00] Iteration: 844/1000, Temp: 0.0000, Energy: -82.172735+0.004535j
[2025-04-30 01:59:09] Iteration: 845/1000, Temp: 0.0000, Energy: -82.345940-0.007213j
[2025-04-30 01:59:18] Iteration: 846/1000, Temp: 0.0000, Energy: -82.272221+0.000352j
[2025-04-30 01:59:26] Iteration: 847/1000, Temp: 0.0000, Energy: -82.252424-0.004820j
[2025-04-30 01:59:35] Iteration: 848/1000, Temp: 0.0000, Energy: -82.271955+0.002512j
[2025-04-30 01:59:43] Iteration: 849/1000, Temp: 0.0000, Energy: -82.305819-0.000238j
[2025-04-30 01:59:52] Iteration: 850/1000, Temp: 0.0000, Energy: -82.146672-0.003288j
[2025-04-30 02:00:00] Iteration: 851/1000, Temp: 0.0000, Energy: -82.118803-0.000568j
[2025-04-30 02:00:09] Iteration: 852/1000, Temp: 0.0000, Energy: -82.064132+0.000798j
[2025-04-30 02:00:18] Iteration: 853/1000, Temp: 0.0000, Energy: -82.239744+0.001542j
[2025-04-30 02:00:26] Iteration: 854/1000, Temp: 0.0000, Energy: -82.179540+0.004378j
[2025-04-30 02:00:35] Iteration: 855/1000, Temp: 0.0000, Energy: -82.257677-0.012048j
[2025-04-30 02:00:43] Iteration: 856/1000, Temp: 0.0000, Energy: -82.106870+0.002397j
[2025-04-30 02:00:52] Iteration: 857/1000, Temp: 0.0000, Energy: -81.943685-0.002633j
[2025-04-30 02:01:01] Iteration: 858/1000, Temp: 0.0000, Energy: -82.019035-0.004666j
[2025-04-30 02:01:09] Iteration: 859/1000, Temp: 0.0000, Energy: -82.067885+0.002539j
[2025-04-30 02:01:18] Iteration: 860/1000, Temp: 0.0000, Energy: -82.037711+0.002847j
[2025-04-30 02:01:26] Iteration: 861/1000, Temp: 0.0000, Energy: -81.996907-0.001437j
[2025-04-30 02:01:35] Iteration: 862/1000, Temp: 0.0000, Energy: -81.929585-0.007362j
[2025-04-30 02:01:44] Iteration: 863/1000, Temp: 0.0000, Energy: -82.052473-0.000376j
[2025-04-30 02:01:52] Iteration: 864/1000, Temp: 0.0000, Energy: -81.939802-0.001470j
[2025-04-30 02:02:01] Iteration: 865/1000, Temp: 0.0000, Energy: -82.120276+0.005177j
[2025-04-30 02:02:09] Iteration: 866/1000, Temp: 0.0000, Energy: -82.279514+0.003809j
[2025-04-30 02:02:18] Iteration: 867/1000, Temp: 0.0000, Energy: -82.359024+0.004073j
[2025-04-30 02:02:26] Iteration: 868/1000, Temp: 0.0000, Energy: -82.393711-0.003087j
[2025-04-30 02:02:35] Iteration: 869/1000, Temp: 0.0000, Energy: -82.379831-0.000352j
[2025-04-30 02:02:44] Iteration: 870/1000, Temp: 0.0000, Energy: -82.176643+0.003628j
[2025-04-30 02:02:52] Iteration: 871/1000, Temp: 0.0000, Energy: -82.257597+0.004343j
[2025-04-30 02:03:01] Iteration: 872/1000, Temp: 0.0000, Energy: -82.234589-0.002686j
[2025-04-30 02:03:10] Iteration: 873/1000, Temp: 0.0000, Energy: -82.226596+0.000025j
[2025-04-30 02:03:18] Iteration: 874/1000, Temp: 0.0000, Energy: -82.457902+0.002990j
[2025-04-30 02:03:27] Iteration: 875/1000, Temp: 0.0000, Energy: -82.567550-0.000443j
[2025-04-30 02:03:36] Iteration: 876/1000, Temp: 0.0000, Energy: -82.516484+0.003230j
[2025-04-30 02:03:44] Iteration: 877/1000, Temp: 0.0000, Energy: -82.243814-0.002297j
[2025-04-30 02:03:53] Iteration: 878/1000, Temp: 0.0000, Energy: -82.190304-0.001327j
[2025-04-30 02:04:01] Iteration: 879/1000, Temp: 0.0000, Energy: -82.188603-0.002899j
[2025-04-30 02:04:10] Iteration: 880/1000, Temp: 0.0000, Energy: -82.118961-0.001131j
[2025-04-30 02:04:18] Iteration: 881/1000, Temp: 0.0000, Energy: -82.229233+0.005058j
[2025-04-30 02:04:27] Iteration: 882/1000, Temp: 0.0000, Energy: -82.078110-0.003857j
[2025-04-30 02:04:36] Iteration: 883/1000, Temp: 0.0000, Energy: -82.144863+0.003574j
[2025-04-30 02:04:44] Iteration: 884/1000, Temp: 0.0000, Energy: -82.208478-0.005919j
[2025-04-30 02:04:53] Iteration: 885/1000, Temp: 0.0000, Energy: -82.346771-0.001620j
[2025-04-30 02:05:02] Iteration: 886/1000, Temp: 0.0000, Energy: -82.229397-0.004640j
[2025-04-30 02:05:10] Iteration: 887/1000, Temp: 0.0000, Energy: -82.148148-0.005149j
[2025-04-30 02:05:19] Iteration: 888/1000, Temp: 0.0000, Energy: -82.255101+0.000051j
[2025-04-30 02:05:28] Iteration: 889/1000, Temp: 0.0000, Energy: -82.364951-0.001832j
[2025-04-30 02:05:36] Iteration: 890/1000, Temp: 0.0000, Energy: -82.083003+0.001695j
[2025-04-30 02:05:45] Iteration: 891/1000, Temp: 0.0000, Energy: -82.277439+0.001620j
[2025-04-30 02:05:53] Iteration: 892/1000, Temp: 0.0000, Energy: -82.056322-0.000218j
[2025-04-30 02:06:02] Iteration: 893/1000, Temp: 0.0000, Energy: -82.165912+0.000637j
[2025-04-30 02:06:10] Iteration: 894/1000, Temp: 0.0000, Energy: -82.132825+0.001111j
[2025-04-30 02:06:19] Iteration: 895/1000, Temp: 0.0000, Energy: -82.139456-0.000833j
[2025-04-30 02:06:28] Iteration: 896/1000, Temp: 0.0000, Energy: -82.211636-0.003709j
[2025-04-30 02:06:36] Iteration: 897/1000, Temp: 0.0000, Energy: -82.285501+0.004419j
[2025-04-30 02:06:45] Iteration: 898/1000, Temp: 0.0000, Energy: -82.134108-0.002512j
[2025-04-30 02:06:53] Iteration: 899/1000, Temp: 0.0000, Energy: -82.200872-0.001188j
[2025-04-30 02:07:02] Iteration: 900/1000, Temp: 0.0000, Energy: -82.192901-0.010015j
[2025-04-30 02:07:11] Iteration: 901/1000, Temp: 0.0000, Energy: -82.306804+0.001779j
[2025-04-30 02:07:19] Iteration: 902/1000, Temp: 0.0000, Energy: -82.105977+0.005191j
[2025-04-30 02:07:28] Iteration: 903/1000, Temp: 0.0000, Energy: -82.094505+0.003112j
[2025-04-30 02:07:36] Iteration: 904/1000, Temp: 0.0000, Energy: -82.157135-0.001647j
[2025-04-30 02:07:45] Iteration: 905/1000, Temp: 0.0000, Energy: -82.215026+0.001365j
[2025-04-30 02:07:54] Iteration: 906/1000, Temp: 0.0000, Energy: -82.245700+0.001094j
[2025-04-30 02:08:02] Iteration: 907/1000, Temp: 0.0000, Energy: -82.366295+0.007320j
[2025-04-30 02:08:11] Iteration: 908/1000, Temp: 0.0000, Energy: -82.333031+0.005105j
[2025-04-30 02:08:20] Iteration: 909/1000, Temp: 0.0000, Energy: -82.278900+0.007093j
[2025-04-30 02:08:28] Iteration: 910/1000, Temp: 0.0000, Energy: -82.361573-0.004039j
[2025-04-30 02:08:37] Iteration: 911/1000, Temp: 0.0000, Energy: -82.243830-0.001655j
[2025-04-30 02:08:45] Iteration: 912/1000, Temp: 0.0000, Energy: -82.276432-0.008354j
[2025-04-30 02:08:54] Iteration: 913/1000, Temp: 0.0000, Energy: -82.200023-0.004295j
[2025-04-30 02:09:02] Iteration: 914/1000, Temp: 0.0000, Energy: -82.181721+0.007153j
[2025-04-30 02:09:11] Iteration: 915/1000, Temp: 0.0000, Energy: -82.218360-0.000978j
[2025-04-30 02:09:20] Iteration: 916/1000, Temp: 0.0000, Energy: -82.239479+0.003392j
[2025-04-30 02:09:28] Iteration: 917/1000, Temp: 0.0000, Energy: -82.262317-0.002618j
[2025-04-30 02:09:37] Iteration: 918/1000, Temp: 0.0000, Energy: -82.385684+0.007988j
[2025-04-30 02:09:45] Iteration: 919/1000, Temp: 0.0000, Energy: -82.222933-0.007965j
[2025-04-30 02:09:54] Iteration: 920/1000, Temp: 0.0000, Energy: -82.161677+0.015441j
[2025-04-30 02:10:02] Iteration: 921/1000, Temp: 0.0000, Energy: -82.244440+0.007574j
[2025-04-30 02:10:11] Iteration: 922/1000, Temp: 0.0000, Energy: -82.188380+0.002962j
[2025-04-30 02:10:20] Iteration: 923/1000, Temp: 0.0000, Energy: -82.059112-0.005163j
[2025-04-30 02:10:28] Iteration: 924/1000, Temp: 0.0000, Energy: -82.247679-0.005607j
[2025-04-30 02:10:37] Iteration: 925/1000, Temp: 0.0000, Energy: -82.278269+0.001525j
[2025-04-30 02:10:45] Iteration: 926/1000, Temp: 0.0000, Energy: -82.371699+0.002147j
[2025-04-30 02:10:54] Iteration: 927/1000, Temp: 0.0000, Energy: -82.197831+0.012851j
[2025-04-30 02:11:03] Iteration: 928/1000, Temp: 0.0000, Energy: -82.197024+0.003072j
[2025-04-30 02:11:11] Iteration: 929/1000, Temp: 0.0000, Energy: -82.176144+0.005455j
[2025-04-30 02:11:20] Iteration: 930/1000, Temp: 0.0000, Energy: -82.203760+0.006138j
[2025-04-30 02:11:28] Iteration: 931/1000, Temp: 0.0000, Energy: -82.306880+0.002402j
[2025-04-30 02:11:37] Iteration: 932/1000, Temp: 0.0000, Energy: -82.226122+0.000871j
[2025-04-30 02:11:46] Iteration: 933/1000, Temp: 0.0000, Energy: -82.104122-0.000864j
[2025-04-30 02:11:54] Iteration: 934/1000, Temp: 0.0000, Energy: -82.127073-0.001305j
[2025-04-30 02:12:03] Iteration: 935/1000, Temp: 0.0000, Energy: -82.196536+0.006775j
[2025-04-30 02:12:11] Iteration: 936/1000, Temp: 0.0000, Energy: -82.173520-0.008282j
[2025-04-30 02:12:20] Iteration: 937/1000, Temp: 0.0000, Energy: -82.148445-0.001376j
[2025-04-30 02:12:29] Iteration: 938/1000, Temp: 0.0000, Energy: -82.385017+0.003659j
[2025-04-30 02:12:37] Iteration: 939/1000, Temp: 0.0000, Energy: -82.274187+0.003411j
[2025-04-30 02:12:46] Iteration: 940/1000, Temp: 0.0000, Energy: -82.271267-0.001228j
[2025-04-30 02:12:54] Iteration: 941/1000, Temp: 0.0000, Energy: -82.341357+0.007485j
[2025-04-30 02:13:03] Iteration: 942/1000, Temp: 0.0000, Energy: -82.254056-0.001192j
[2025-04-30 02:13:12] Iteration: 943/1000, Temp: 0.0000, Energy: -82.174448+0.005882j
[2025-04-30 02:13:20] Iteration: 944/1000, Temp: 0.0000, Energy: -82.147859-0.004306j
[2025-04-30 02:13:29] Iteration: 945/1000, Temp: 0.0000, Energy: -82.162526-0.001955j
[2025-04-30 02:13:37] Iteration: 946/1000, Temp: 0.0000, Energy: -82.161005+0.001381j
[2025-04-30 02:13:46] Iteration: 947/1000, Temp: 0.0000, Energy: -82.253636+0.001397j
[2025-04-30 02:13:55] Iteration: 948/1000, Temp: 0.0000, Energy: -82.162101+0.005444j
[2025-04-30 02:14:03] Iteration: 949/1000, Temp: 0.0000, Energy: -82.156334-0.005367j
[2025-04-30 02:14:12] Iteration: 950/1000, Temp: 0.0000, Energy: -82.179669+0.006720j
[2025-04-30 02:14:20] Iteration: 951/1000, Temp: 0.0000, Energy: -82.124801+0.001930j
[2025-04-30 02:14:29] Iteration: 952/1000, Temp: 0.0000, Energy: -82.054422+0.010659j
[2025-04-30 02:14:38] Iteration: 953/1000, Temp: 0.0000, Energy: -82.297596-0.000456j
[2025-04-30 02:14:46] Iteration: 954/1000, Temp: 0.0000, Energy: -82.131024+0.001497j
[2025-04-30 02:14:55] Iteration: 955/1000, Temp: 0.0000, Energy: -82.190290+0.005799j
[2025-04-30 02:15:03] Iteration: 956/1000, Temp: 0.0000, Energy: -82.171792+0.001802j
[2025-04-30 02:15:12] Iteration: 957/1000, Temp: 0.0000, Energy: -82.238308-0.001424j
[2025-04-30 02:15:21] Iteration: 958/1000, Temp: 0.0000, Energy: -82.276804+0.005100j
[2025-04-30 02:15:29] Iteration: 959/1000, Temp: 0.0000, Energy: -82.393674-0.002885j
[2025-04-30 02:15:38] Iteration: 960/1000, Temp: 0.0000, Energy: -82.312421+0.002293j
[2025-04-30 02:15:46] Iteration: 961/1000, Temp: 0.0000, Energy: -82.275964-0.000212j
[2025-04-30 02:15:55] Iteration: 962/1000, Temp: 0.0000, Energy: -82.263883+0.002648j
[2025-04-30 02:16:03] Iteration: 963/1000, Temp: 0.0000, Energy: -82.303362-0.000860j
[2025-04-30 02:16:12] Iteration: 964/1000, Temp: 0.0000, Energy: -82.163448+0.008022j
[2025-04-30 02:16:21] Iteration: 965/1000, Temp: 0.0000, Energy: -82.440094+0.002813j
[2025-04-30 02:16:29] Iteration: 966/1000, Temp: 0.0000, Energy: -82.264447-0.000514j
[2025-04-30 02:16:38] Iteration: 967/1000, Temp: 0.0000, Energy: -82.306334+0.011036j
[2025-04-30 02:16:46] Iteration: 968/1000, Temp: 0.0000, Energy: -82.291252+0.001554j
[2025-04-30 02:16:55] Iteration: 969/1000, Temp: 0.0000, Energy: -82.331701-0.000100j
[2025-04-30 02:17:04] Iteration: 970/1000, Temp: 0.0000, Energy: -82.426811+0.001713j
[2025-04-30 02:17:12] Iteration: 971/1000, Temp: 0.0000, Energy: -82.323989+0.000150j
[2025-04-30 02:17:21] Iteration: 972/1000, Temp: 0.0000, Energy: -82.273829-0.001331j
[2025-04-30 02:17:29] Iteration: 973/1000, Temp: 0.0000, Energy: -82.265018+0.007049j
[2025-04-30 02:17:38] Iteration: 974/1000, Temp: 0.0000, Energy: -82.290421-0.001157j
[2025-04-30 02:17:47] Iteration: 975/1000, Temp: 0.0000, Energy: -82.196826+0.001838j
[2025-04-30 02:17:55] Iteration: 976/1000, Temp: 0.0000, Energy: -82.283270+0.003464j
[2025-04-30 02:18:04] Iteration: 977/1000, Temp: 0.0000, Energy: -82.191278+0.015329j
[2025-04-30 02:18:13] Iteration: 978/1000, Temp: 0.0000, Energy: -82.422406+0.000170j
[2025-04-30 02:18:21] Iteration: 979/1000, Temp: 0.0000, Energy: -82.216714+0.000464j
[2025-04-30 02:18:30] Iteration: 980/1000, Temp: 0.0000, Energy: -82.337738+0.000351j
[2025-04-30 02:18:38] Iteration: 981/1000, Temp: 0.0000, Energy: -82.302157+0.002975j
[2025-04-30 02:18:47] Iteration: 982/1000, Temp: 0.0000, Energy: -82.271169+0.008531j
[2025-04-30 02:18:56] Iteration: 983/1000, Temp: 0.0000, Energy: -82.274377+0.003688j
[2025-04-30 02:19:04] Iteration: 984/1000, Temp: 0.0000, Energy: -82.341618-0.000049j
[2025-04-30 02:19:13] Iteration: 985/1000, Temp: 0.0000, Energy: -82.288328-0.001488j
[2025-04-30 02:19:21] Iteration: 986/1000, Temp: 0.0000, Energy: -82.246368-0.002629j
[2025-04-30 02:19:30] Iteration: 987/1000, Temp: 0.0000, Energy: -82.115136+0.004465j
[2025-04-30 02:19:39] Iteration: 988/1000, Temp: 0.0000, Energy: -82.077918-0.002578j
[2025-04-30 02:19:47] Iteration: 989/1000, Temp: 0.0000, Energy: -82.241155+0.000043j
[2025-04-30 02:19:56] Iteration: 990/1000, Temp: 0.0000, Energy: -82.213528-0.009934j
[2025-04-30 02:20:05] Iteration: 991/1000, Temp: 0.0000, Energy: -82.382233+0.000106j
[2025-04-30 02:20:13] Iteration: 992/1000, Temp: 0.0000, Energy: -82.333284-0.007833j
[2025-04-30 02:20:22] Iteration: 993/1000, Temp: 0.0000, Energy: -82.045492-0.005419j
[2025-04-30 02:20:30] Iteration: 994/1000, Temp: 0.0000, Energy: -81.832212-0.001600j
[2025-04-30 02:20:39] Iteration: 995/1000, Temp: 0.0000, Energy: -82.061382+0.003355j
[2025-04-30 02:20:48] Iteration: 996/1000, Temp: 0.0000, Energy: -82.080908+0.004976j
[2025-04-30 02:20:56] Iteration: 997/1000, Temp: 0.0000, Energy: -82.185334-0.002084j
[2025-04-30 02:21:05] Iteration: 998/1000, Temp: 0.0000, Energy: -82.206765+0.006338j
[2025-04-30 02:21:13] Iteration: 999/1000, Temp: 0.0000, Energy: -82.276524-0.006959j
[2025-04-30 02:21:13] ==================================================
[2025-04-30 02:21:13] Training finished, total runtime = 8621.81 seconds
[2025-04-30 02:21:13] Trained quantum state parameters saved to: results/L=5/J2=0.05/J1=0.07/training/GCNN_L=5_J2=0.05_J1=0.07.pkl
[2025-04-30 02:21:13] ==================================================
