[2025-05-05 18:22:27] ================================================================================
[2025-05-05 18:22:27] 开始分析量子态: L=5, J2=0.05, J1=0.00
[2025-05-05 18:22:27] --------------------------------------------------------------------------------
[2025-05-05 18:22:27] 加载量子态: L=5, J2=0.05, J1=0.00
[2025-05-05 18:22:36] 增加采样数量到 2^20...
[2025-05-05 18:22:36] ================================================================================
[2025-05-05 18:22:36] 1. 计算自旋结构因子
[2025-05-05 18:22:36] --------------------------------------------------------------------------------
[2025-05-05 18:22:36] 开始计算自旋结构因子...
[2025-05-05 18:22:36] 预计算自旋操作符...
[2025-05-05 18:22:36] 预计算自旋操作符进度: 1/100
[2025-05-05 18:22:36] 预计算自旋操作符进度: 11/100
[2025-05-05 18:22:36] 预计算自旋操作符进度: 21/100
[2025-05-05 18:22:36] 预计算自旋操作符进度: 31/100
[2025-05-05 18:22:36] 预计算自旋操作符进度: 41/100
[2025-05-05 18:22:36] 预计算自旋操作符进度: 51/100
[2025-05-05 18:22:36] 预计算自旋操作符进度: 61/100
[2025-05-05 18:22:36] 预计算自旋操作符进度: 71/100
[2025-05-05 18:22:36] 预计算自旋操作符进度: 81/100
[2025-05-05 18:22:36] 预计算自旋操作符进度: 91/100
[2025-05-05 18:22:36] 预计算自旋操作符进度: 100/100
[2025-05-05 18:22:36] 计算位移向量...
[2025-05-05 18:22:36] 计算自旋相关函数...
[2025-05-05 18:22:36] 计算位点0与其他位点的相关函数...
[2025-05-05 18:24:37] 计算进度: 1/100
[2025-05-05 18:25:14] 计算进度: 11/100
[2025-05-05 18:25:45] 计算进度: 21/100
[2025-05-05 18:26:17] 计算进度: 31/100
[2025-05-05 18:26:49] 计算进度: 41/100
[2025-05-05 18:27:20] 计算进度: 51/100
[2025-05-05 18:27:52] 计算进度: 61/100
[2025-05-05 18:28:23] 计算进度: 71/100
[2025-05-05 18:28:55] 计算进度: 81/100
[2025-05-05 18:29:26] 计算进度: 91/100
[2025-05-05 18:29:55] 计算进度: 100/100
[2025-05-05 18:29:55] 计算傅里叶变换...
[2025-05-05 18:29:55] 使用JAX向量化计算傅里叶变换...
[2025-05-05 18:29:55] 处理 121 个k点...
[2025-05-05 18:29:55] 自旋结构因子计算完成
[2025-05-05 18:29:56] --------------------------------------------------------------------------------
[2025-05-05 18:29:56] 计算反铁磁序参数...
[2025-05-05 18:29:56] 找到最接近(π, π)的k点: (3.1416, 3.1416)
[2025-05-05 18:29:56] 该点与理论π值的偏差: (0.00000000, 0.00000000)
[2025-05-05 18:29:56] 结构因子最大值位置: (3.1416, 3.1416), 值: 0.060777
[2025-05-05 18:29:56] 最大值与(π, π)的偏差: (0.0000, 0.0000)
[2025-05-05 18:29:56] 结构因子已经在计算时归一化，直接使用S(π,π)作为反铁磁序参量
[2025-05-05 18:29:56] 计算基于实空间的反铁磁序参量（交错磁化率）...
[2025-05-05 18:29:56] 基于实空间的反铁磁序参量: m^2_r(L) = 0.068277
[2025-05-05 18:29:56] k空间和实空间计算结果的差异: 0.007500
[2025-05-05 18:29:56] 基于k空间的反铁磁序参数 m^2_k(L) = 0.060777
[2025-05-05 18:29:56] S(π, π) = 0.060777
[2025-05-05 18:29:56] 使用dk = π/L = 0.628319，L=5
[2025-05-05 18:29:56] S_max = 0.060777 at k=(3.1416, 3.1416)
[2025-05-05 18:29:56] 理论上的k+δk点: x=(3.7699, 3.1416), y=(3.1416, 3.7699)
[2025-05-05 18:29:56] 实际使用的最近网格点: x=(3.7699, 3.1416), y=(3.1416, 3.7699)
[2025-05-05 18:29:56] S(k+δk_x) = 0.024623, S(k+δk_y) = 0.024544
[2025-05-05 18:29:56] S_kplus (avg) = 0.024584
[2025-05-05 18:29:56] --------------------------------------------------------------------------------
[2025-05-05 18:29:56] Neel 相关比率: 0.5955, 峰值位置: (3.14, 3.14)
[2025-05-05 18:29:56] ================================================================================
[2025-05-05 18:29:56] 2. 计算二聚体结构因子
[2025-05-05 18:29:56] --------------------------------------------------------------------------------
[2025-05-05 18:29:56] 开始计算二聚体结构因子...
[2025-05-05 18:29:56] 识别x和y方向的二聚体...
[2025-05-05 18:29:56] 晶格尺寸: Lx=5, Ly=5
[2025-05-05 18:29:56] 找到 100 个x方向的二聚体和 100 个y方向的二聚体，总共 200 个二聚体
[2025-05-05 18:29:56] 预计算二聚体操作符...
[2025-05-05 18:29:56] 预计算位点自旋操作符...
[2025-05-05 18:29:56] 预计算位点自旋操作符进度: 1/100
[2025-05-05 18:29:56] 预计算位点自旋操作符进度: 11/100
[2025-05-05 18:29:56] 预计算位点自旋操作符进度: 21/100
[2025-05-05 18:29:56] 预计算位点自旋操作符进度: 31/100
[2025-05-05 18:29:56] 预计算位点自旋操作符进度: 41/100
[2025-05-05 18:29:56] 预计算位点自旋操作符进度: 51/100
[2025-05-05 18:29:56] 预计算位点自旋操作符进度: 61/100
[2025-05-05 18:29:56] 预计算位点自旋操作符进度: 71/100
[2025-05-05 18:29:56] 预计算位点自旋操作符进度: 81/100
[2025-05-05 18:29:56] 预计算位点自旋操作符进度: 91/100
[2025-05-05 18:29:56] 预计算位点自旋操作符进度: 100/100
[2025-05-05 18:29:56] 预计算二聚体操作符进度: 1/200
[2025-05-05 18:29:56] 预计算二聚体操作符进度: 11/200
[2025-05-05 18:29:56] 预计算二聚体操作符进度: 21/200
[2025-05-05 18:29:56] 预计算二聚体操作符进度: 31/200
[2025-05-05 18:29:56] 预计算二聚体操作符进度: 41/200
[2025-05-05 18:29:56] 预计算二聚体操作符进度: 51/200
[2025-05-05 18:29:56] 预计算二聚体操作符进度: 61/200
[2025-05-05 18:29:56] 预计算二聚体操作符进度: 71/200
[2025-05-05 18:29:56] 预计算二聚体操作符进度: 81/200
[2025-05-05 18:29:56] 预计算二聚体操作符进度: 91/200
[2025-05-05 18:29:56] 预计算二聚体操作符进度: 101/200
[2025-05-05 18:29:56] 预计算二聚体操作符进度: 111/200
[2025-05-05 18:29:56] 预计算二聚体操作符进度: 121/200
[2025-05-05 18:29:56] 预计算二聚体操作符进度: 131/200
[2025-05-05 18:29:56] 预计算二聚体操作符进度: 141/200
[2025-05-05 18:29:56] 预计算二聚体操作符进度: 151/200
[2025-05-05 18:29:56] 预计算二聚体操作符进度: 161/200
[2025-05-05 18:29:56] 预计算二聚体操作符进度: 171/200
[2025-05-05 18:29:56] 预计算二聚体操作符进度: 181/200
[2025-05-05 18:29:56] 预计算二聚体操作符进度: 191/200
[2025-05-05 18:29:56] 预计算二聚体操作符进度: 200/200
[2025-05-05 18:29:56] 计算位移向量...
[2025-05-05 18:29:56] 计算二聚体相关函数...
[2025-05-05 18:29:56] 使用x方向二聚体 0 作为x方向参考点: (0, 1)...
[2025-05-05 18:29:57] 计算 100 个x方向相关函数...
[2025-05-05 18:30:00] 计算x方向进度: 1/100
[2025-05-05 18:31:05] 计算x方向进度: 11/100
[2025-05-05 18:31:58] 计算x方向进度: 21/100
[2025-05-05 18:32:51] 计算x方向进度: 31/100
[2025-05-05 18:33:44] 计算x方向进度: 41/100
[2025-05-05 18:34:37] 计算x方向进度: 51/100
[2025-05-05 18:35:30] 计算x方向进度: 61/100
[2025-05-05 18:36:23] 计算x方向进度: 71/100
[2025-05-05 18:37:15] 计算x方向进度: 81/100
[2025-05-05 18:38:08] 计算x方向进度: 91/100
[2025-05-05 18:38:56] 计算x方向进度: 100/100
[2025-05-05 18:38:56] 使用y方向二聚体 100 作为y方向参考点: (0, 3)...
[2025-05-05 18:38:56] 计算 100 个y方向相关函数...
[2025-05-05 18:38:59] 计算y方向进度: 1/100
[2025-05-05 18:39:50] 计算y方向进度: 11/100
[2025-05-05 18:40:43] 计算y方向进度: 21/100
[2025-05-05 18:41:36] 计算y方向进度: 31/100
[2025-05-05 18:42:29] 计算y方向进度: 41/100
[2025-05-05 18:43:22] 计算y方向进度: 51/100
[2025-05-05 18:44:15] 计算y方向进度: 61/100
[2025-05-05 18:45:07] 计算y方向进度: 71/100
[2025-05-05 18:46:00] 计算y方向进度: 81/100
[2025-05-05 18:46:53] 计算y方向进度: 91/100
[2025-05-05 18:47:41] 计算y方向进度: 100/100
[2025-05-05 18:47:41] 总共计算了 200 个二聚体相关函数
[2025-05-05 18:47:41] 计算傅里叶变换...
[2025-05-05 18:47:41] 使用JAX向量化计算傅里叶变换...
[2025-05-05 18:47:41] 处理 121 个k点...
[2025-05-05 18:47:41] 二聚体结构因子计算完成
[2025-05-05 18:47:42] --------------------------------------------------------------------------------
[2025-05-05 18:47:42] 计算二聚体序参量...
[2025-05-05 18:47:42] x方向二聚体序参量: D^2_x = 0.033094 (来自100个数据点)
[2025-05-05 18:47:42] y方向二聚体序参量: D^2_y = 0.033367 (来自100个数据点)
[2025-05-05 18:47:42] 总二聚体序参量 D^2 = 0.033230 (x和y方向的平均值)
[2025-05-05 18:47:42] 使用dk = π/L = 0.628319，L=5
[2025-05-05 18:47:42] S_max = 0.194901 at k=(0.0000, 0.0000)
[2025-05-05 18:47:42] 理论上的k+δk点: x=(0.6283, 0.0000), y=(0.0000, 0.6283)
[2025-05-05 18:47:42] 实际使用的最近网格点: x=(0.6283, 0.0000), y=(0.0000, 0.6283)
[2025-05-05 18:47:42] S(k+δk_x) = -0.005873, S(k+δk_y) = -0.005827
[2025-05-05 18:47:42] S_kplus (avg) = -0.005850
[2025-05-05 18:47:42] --------------------------------------------------------------------------------
[2025-05-05 18:47:42] Dimer 相关比率: 1.0300, 峰值位置: (0.00, 0.00)
[2025-05-05 18:47:42] ================================================================================
[2025-05-05 18:47:42] 3. 计算简盘结构因子
[2025-05-05 18:47:42] --------------------------------------------------------------------------------
[2025-05-05 18:47:42] 开始计算简盘结构因子...
[2025-05-05 18:47:42] 识别所有简盘...
[2025-05-05 18:47:42] 晶格尺寸: Lx=5, Ly=5
[2025-05-05 18:47:42] 预计算简盘操作符...
[2025-05-05 18:47:42] 预计算简盘操作符进度: 1/25
[2025-05-05 18:47:43] 预计算简盘操作符进度: 11/25
[2025-05-05 18:47:44] 预计算简盘操作符进度: 21/25
[2025-05-05 18:47:44] 预计算简盘操作符进度: 25/25
[2025-05-05 18:47:44] 计算位移向量...
[2025-05-05 18:47:44] 计算简盘相关函数...
[2025-05-05 18:47:44] 使用简盘 0 作为参考点...
[2025-05-05 18:47:45] 计算 25 个相关函数...
[2025-05-05 18:48:12] 计算进度: 1/25
[2025-05-05 20:11:12] 计算进度: 11/25
[2025-05-05 21:34:06] 计算进度: 21/25
[2025-05-05 22:07:13] 计算进度: 25/25
[2025-05-05 22:07:13] 计算傅里叶变换...
[2025-05-05 22:07:13] 使用JAX向量化计算傅里叶变换...
[2025-05-05 22:07:13] 处理 121 个k点...
[2025-05-05 22:07:13] 使用总位点数N=100进行归一化，而不是简盘数量n_plaq=25
[2025-05-05 22:07:13] 简盘结构因子计算完成
[2025-05-05 22:07:14] --------------------------------------------------------------------------------
[2025-05-05 22:07:14] 计算简盘序参量...
[2025-05-05 22:07:14] 寻找接近中心位置 (5.00, 5.00) 和次中心位置 (4.00, 4.00) 的相关函数
[2025-05-05 22:07:14] 找到最接近中心的点，距离为 1.4142
[2025-05-05 22:07:14] 找到最接近次中心的点，距离为 0.0000
[2025-05-05 22:07:14] 简盘序参量 m_p(L) = 0.000000
[2025-05-05 22:07:14] C(L/2, L/2) = 0.161977, C(L/2-1, L/2-1) = 0.161977
[2025-05-05 22:07:14] 使用dk = π/L = 0.628319，L=5
[2025-05-05 22:07:14] S_max = 0.051999 at k=(0.0000, 0.0000)
[2025-05-05 22:07:14] 理论上的k+δk点: x=(0.6283, 0.0000), y=(0.0000, 0.6283)
[2025-05-05 22:07:14] 实际使用的最近网格点: x=(0.6283, 0.0000), y=(0.0000, 0.6283)
[2025-05-05 22:07:14] S(k+δk_x) = 0.008946, S(k+δk_y) = 0.008872
[2025-05-05 22:07:14] S_kplus (avg) = 0.008909
[2025-05-05 22:07:14] --------------------------------------------------------------------------------
[2025-05-05 22:07:14] Plaquette 相关比率: 0.8287, 峰值位置: (0.00, 0.00)
[2025-05-05 22:07:14] ================================================================================
[2025-05-05 22:07:14] 分析完成! 相关比率: Neel=0.5955, Plaquette=0.8287, Dimer=1.0300
[2025-05-05 22:07:14] 序参量: AF Order=0.060777, Plaquette Order=0.000000, Dimer Order=0.033230
[2025-05-05 22:07:14] ================================================================================
