[2025-04-17 16:10:08] ==================================================
[2025-04-17 16:10:12] GCNN for Shastry-Sutherland lattice
[2025-04-17 16:10:12] ==================================================
[2025-04-17 16:10:12] System parameters:
[2025-04-17 16:10:12]   - System size: L=4, N=64
[2025-04-17 16:10:12]   - System parameters: J1=0.0, J2=0.05, Q=0.95
[2025-04-17 16:10:19] --------------------------------------------------
[2025-04-17 16:10:19] Model parameters:
[2025-04-17 16:10:19]   - Number of layers = 4
[2025-04-17 16:10:19]   - Number of features = 4
[2025-04-17 16:10:19]   - Symmetries used: 128
[2025-04-17 16:10:19]   - Total parameters = 12572
[2025-04-17 16:10:19] --------------------------------------------------
[2025-04-17 16:10:19] Training parameters:
[2025-04-17 16:10:19]   - Learning rate: 0.02
[2025-04-17 16:10:19]   - Total annealing steps: 1000
[2025-04-17 16:10:19]   - Samples: 4096
[2025-04-17 16:10:19]   - Discarded samples: 0
[2025-04-17 16:10:19]   - Chunk size: 1024
[2025-04-17 16:10:19] --------------------------------------------------
[2025-04-17 16:10:19] Device status:
[2025-04-17 16:10:19]   - Number of devices: 4
[2025-04-17 16:10:19]   - Sharding: False
[2025-04-17 16:10:25] --------------------------------------------------
[2025-04-17 16:10:25] Start training...
[2025-04-17 16:10:43] Iteration: 0/1000, Temp: 0.5000, Energy: 0.399803-0.000780j
[2025-04-17 16:10:46] Iteration: 1/1000, Temp: 0.4901, Energy: 0.398380+0.000337j
[2025-04-17 16:10:50] Iteration: 2/1000, Temp: 0.4804, Energy: 0.396588+0.000457j
[2025-04-17 16:10:54] Iteration: 3/1000, Temp: 0.4709, Energy: 0.397605+0.000485j
[2025-04-17 16:10:57] Iteration: 4/1000, Temp: 0.4616, Energy: 0.397400+0.000317j
[2025-04-17 16:11:01] Iteration: 5/1000, Temp: 0.4524, Energy: 0.399689-0.000937j
[2025-04-17 16:11:05] Iteration: 6/1000, Temp: 0.4435, Energy: 0.396593-0.000095j
[2025-04-17 16:11:08] Iteration: 7/1000, Temp: 0.4347, Energy: 0.398059-0.000661j
[2025-04-17 16:11:12] Iteration: 8/1000, Temp: 0.4261, Energy: 0.396875+0.000474j
[2025-04-17 16:11:16] Iteration: 9/1000, Temp: 0.4176, Energy: 0.395155+0.000208j
[2025-04-17 16:11:20] Iteration: 10/1000, Temp: 0.4094, Energy: 0.396373+0.000236j
[2025-04-17 16:11:23] Iteration: 11/1000, Temp: 0.4013, Energy: 0.395917-0.000498j
[2025-04-17 16:11:27] Iteration: 12/1000, Temp: 0.3933, Energy: 0.394313+0.000382j
[2025-04-17 16:11:31] Iteration: 13/1000, Temp: 0.3855, Energy: 0.393513+0.000358j
[2025-04-17 16:11:34] Iteration: 14/1000, Temp: 0.3779, Energy: 0.394377-0.000452j
[2025-04-17 16:11:38] Iteration: 15/1000, Temp: 0.3704, Energy: 0.393367+0.000181j
[2025-04-17 16:11:42] Iteration: 16/1000, Temp: 0.3631, Energy: 0.396825-0.002136j
[2025-04-17 16:11:45] Iteration: 17/1000, Temp: 0.3559, Energy: 0.392987-0.001289j
[2025-04-17 16:11:49] Iteration: 18/1000, Temp: 0.3488, Energy: 0.386512+0.000703j
[2025-04-17 16:11:53] Iteration: 19/1000, Temp: 0.3419, Energy: 0.387360-0.000077j
[2025-04-17 16:11:57] Iteration: 20/1000, Temp: 0.3352, Energy: 0.385387+0.001110j
[2025-04-17 16:12:00] Iteration: 21/1000, Temp: 0.3285, Energy: 0.388303-0.000469j
[2025-04-17 16:12:04] Iteration: 22/1000, Temp: 0.3220, Energy: 0.387516-0.002482j
[2025-04-17 16:12:08] Iteration: 23/1000, Temp: 0.3156, Energy: 0.378312+0.000566j
[2025-04-17 16:12:11] Iteration: 24/1000, Temp: 0.3094, Energy: 0.373386+0.003147j
[2025-04-17 16:12:15] Iteration: 25/1000, Temp: 0.3033, Energy: 0.374768+0.000072j
[2025-04-17 16:12:19] Iteration: 26/1000, Temp: 0.2973, Energy: 0.376709-0.001301j
[2025-04-17 16:12:22] Iteration: 27/1000, Temp: 0.2914, Energy: 0.369538-0.000710j
[2025-04-17 16:12:26] Iteration: 28/1000, Temp: 0.2856, Energy: 0.373817-0.005669j
[2025-04-17 16:12:30] Iteration: 29/1000, Temp: 0.2799, Energy: 0.360250-0.001484j
[2025-04-17 16:12:34] Iteration: 30/1000, Temp: 0.2744, Energy: 0.353068-0.001957j
[2025-04-17 16:12:37] Iteration: 31/1000, Temp: 0.2690, Energy: 0.346171-0.001683j
[2025-04-17 16:12:41] Iteration: 32/1000, Temp: 0.2636, Energy: 0.327766+0.002198j
[2025-04-17 16:12:45] Iteration: 33/1000, Temp: 0.2584, Energy: 0.328314-0.002775j
[2025-04-17 16:12:48] Iteration: 34/1000, Temp: 0.2533, Energy: 0.313961+0.000932j
[2025-04-17 16:12:52] Iteration: 35/1000, Temp: 0.2483, Energy: 0.307503-0.005760j
[2025-04-17 16:12:56] Iteration: 36/1000, Temp: 0.2434, Energy: 0.266999+0.007499j
[2025-04-17 16:13:00] Iteration: 37/1000, Temp: 0.2386, Energy: 0.252921+0.004584j
[2025-04-17 16:13:03] Iteration: 38/1000, Temp: 0.2338, Energy: 0.243918-0.001945j
[2025-04-17 16:13:07] Iteration: 39/1000, Temp: 0.2292, Energy: 0.200844+0.004526j
[2025-04-17 16:13:11] Iteration: 40/1000, Temp: 0.2247, Energy: 0.169982+0.006458j
[2025-04-17 16:13:14] Iteration: 41/1000, Temp: 0.2202, Energy: 0.152702+0.000063j
[2025-04-17 16:13:18] Iteration: 42/1000, Temp: 0.2159, Energy: 0.099150+0.009058j
[2025-04-17 16:13:22] Iteration: 43/1000, Temp: 0.2116, Energy: 0.090713-0.011244j
[2025-04-17 16:13:25] Iteration: 44/1000, Temp: 0.2074, Energy: 0.027671-0.007126j
[2025-04-17 16:13:29] Iteration: 45/1000, Temp: 0.2033, Energy: -0.071785+0.010753j
[2025-04-17 16:13:33] Iteration: 46/1000, Temp: 0.1993, Energy: -0.115551-0.008715j
[2025-04-17 16:13:37] Iteration: 47/1000, Temp: 0.1953, Energy: -0.224962-0.005666j
[2025-04-17 16:13:40] Iteration: 48/1000, Temp: 0.1914, Energy: -0.336038+0.001113j
[2025-04-17 16:13:44] Iteration: 49/1000, Temp: 0.1877, Energy: -0.538465+0.039946j
[2025-04-17 16:13:48] Iteration: 50/1000, Temp: 0.1839, Energy: -0.622067-0.001419j
[2025-04-17 16:13:51] Iteration: 51/1000, Temp: 0.1803, Energy: -0.887809+0.032523j
[2025-04-17 16:13:55] Iteration: 52/1000, Temp: 0.1767, Energy: -1.131781+0.033219j
[2025-04-17 16:13:59] Iteration: 53/1000, Temp: 0.1732, Energy: -1.433807+0.010938j
[2025-04-17 16:14:02] Iteration: 54/1000, Temp: 0.1698, Energy: -1.933083+0.009223j
[2025-04-17 16:14:06] Iteration: 55/1000, Temp: 0.1664, Energy: -2.624403+0.053951j
[2025-04-17 16:14:10] Iteration: 56/1000, Temp: 0.1631, Energy: -3.797519-0.071485j
[2025-04-17 16:14:14] Iteration: 57/1000, Temp: 0.1599, Energy: -5.890595+0.075597j
[2025-04-17 16:14:17] Iteration: 58/1000, Temp: 0.1567, Energy: -9.377213-0.105472j
[2025-04-17 16:14:21] Iteration: 59/1000, Temp: 0.1536, Energy: -14.881231-0.199313j
[2025-04-17 16:14:25] Iteration: 60/1000, Temp: 0.1506, Energy: -20.258593+0.006490j
[2025-04-17 16:14:28] Iteration: 61/1000, Temp: 0.1476, Energy: -24.431887-0.077385j
[2025-04-17 16:14:32] Iteration: 62/1000, Temp: 0.1447, Energy: -28.041216+0.013963j
[2025-04-17 16:14:36] Iteration: 63/1000, Temp: 0.1418, Energy: -30.513283-0.007464j
[2025-04-17 16:14:40] Iteration: 64/1000, Temp: 0.1390, Energy: -33.320302+0.007815j
[2025-04-17 16:14:43] Iteration: 65/1000, Temp: 0.1363, Energy: -35.937938-0.018766j
[2025-04-17 16:14:47] Iteration: 66/1000, Temp: 0.1336, Energy: -37.644459+0.003338j
[2025-04-17 16:14:51] Iteration: 67/1000, Temp: 0.1309, Energy: -39.342782+0.023030j
[2025-04-17 16:14:54] Iteration: 68/1000, Temp: 0.1283, Energy: -40.797707+0.067286j
[2025-04-17 16:14:58] Iteration: 69/1000, Temp: 0.1258, Energy: -42.201730-0.013582j
[2025-04-17 16:15:02] Iteration: 70/1000, Temp: 0.1233, Energy: -43.184843-0.000708j
[2025-04-17 16:15:06] Iteration: 71/1000, Temp: 0.1209, Energy: -44.160444+0.007263j
[2025-04-17 16:15:09] Iteration: 72/1000, Temp: 0.1185, Energy: -44.840869+0.013838j
[2025-04-17 16:15:13] Iteration: 73/1000, Temp: 0.1161, Energy: -45.337335+0.023881j
[2025-04-17 16:15:17] Iteration: 74/1000, Temp: 0.1138, Energy: -46.233912-0.011602j
[2025-04-17 16:15:20] Iteration: 75/1000, Temp: 0.1116, Energy: -46.515249-0.000465j
[2025-04-17 16:15:24] Iteration: 76/1000, Temp: 0.1094, Energy: -46.991870-0.027289j
[2025-04-17 16:15:28] Iteration: 77/1000, Temp: 0.1072, Energy: -47.197484-0.037487j
[2025-04-17 16:15:32] Iteration: 78/1000, Temp: 0.1051, Energy: -47.592694-0.006026j
[2025-04-17 16:15:35] Iteration: 79/1000, Temp: 0.1030, Energy: -47.982013+0.058778j
[2025-04-17 16:15:39] Iteration: 80/1000, Temp: 0.1009, Energy: -47.995236+0.008275j
[2025-04-17 16:15:43] Iteration: 81/1000, Temp: 0.0989, Energy: -48.215508-0.005519j
[2025-04-17 16:15:46] Iteration: 82/1000, Temp: 0.0970, Energy: -48.177227-0.007143j
[2025-04-17 16:15:50] Iteration: 83/1000, Temp: 0.0951, Energy: -48.469257-0.019699j
[2025-04-17 16:15:54] Iteration: 84/1000, Temp: 0.0932, Energy: -48.582025+0.017233j
[2025-04-17 16:15:58] Iteration: 85/1000, Temp: 0.0913, Energy: -48.720652-0.032324j
[2025-04-17 16:16:01] Iteration: 86/1000, Temp: 0.0895, Energy: -48.739679-0.017044j
[2025-04-17 16:16:05] Iteration: 87/1000, Temp: 0.0878, Energy: -48.935888+0.008483j
[2025-04-17 16:16:09] Iteration: 88/1000, Temp: 0.0860, Energy: -48.853415-0.048163j
[2025-04-17 16:16:12] Iteration: 89/1000, Temp: 0.0843, Energy: -48.762467+0.012494j
[2025-04-17 16:16:16] Iteration: 90/1000, Temp: 0.0826, Energy: -49.116991+0.035959j
[2025-04-17 16:16:20] Iteration: 91/1000, Temp: 0.0810, Energy: -49.149553+0.002188j
[2025-04-17 16:16:23] Iteration: 92/1000, Temp: 0.0794, Energy: -49.173798-0.029116j
[2025-04-17 16:16:27] Iteration: 93/1000, Temp: 0.0778, Energy: -49.312786-0.012306j
[2025-04-17 16:16:31] Iteration: 94/1000, Temp: 0.0763, Energy: -49.293192-0.000107j
[2025-04-17 16:16:35] Iteration: 95/1000, Temp: 0.0748, Energy: -49.322041+0.002287j
[2025-04-17 16:16:38] Iteration: 96/1000, Temp: 0.0733, Energy: -49.561654-0.031590j
[2025-04-17 16:16:42] Iteration: 97/1000, Temp: 0.0719, Energy: -49.404097-0.005561j
[2025-04-17 16:16:46] Iteration: 98/1000, Temp: 0.0704, Energy: -49.565399-0.022436j
[2025-04-17 16:16:49] Iteration: 99/1000, Temp: 0.0690, Energy: -49.552374-0.020556j
[2025-04-17 16:16:53] Iteration: 100/1000, Temp: 0.0677, Energy: -49.668734+0.011354j
[2025-04-17 16:16:57] Iteration: 101/1000, Temp: 0.0663, Energy: -49.588139+0.002337j
[2025-04-17 16:17:01] Iteration: 102/1000, Temp: 0.0650, Energy: -49.562152+0.015859j
[2025-04-17 16:17:04] Iteration: 103/1000, Temp: 0.0637, Energy: -49.623968+0.001005j
[2025-04-17 16:17:08] Iteration: 104/1000, Temp: 0.0625, Energy: -49.639867+0.023186j
[2025-04-17 16:17:12] Iteration: 105/1000, Temp: 0.0612, Energy: -49.522794-0.009837j
[2025-04-17 16:17:15] Iteration: 106/1000, Temp: 0.0600, Energy: -49.623101-0.003366j
[2025-04-17 16:17:19] Iteration: 107/1000, Temp: 0.0588, Energy: -49.641693-0.002897j
[2025-04-17 16:17:23] Iteration: 108/1000, Temp: 0.0577, Energy: -49.723248-0.001558j
[2025-04-17 16:17:26] Iteration: 109/1000, Temp: 0.0565, Energy: -49.651273-0.001969j
[2025-04-17 16:17:30] Iteration: 110/1000, Temp: 0.0554, Energy: -49.709450-0.015176j
[2025-04-17 16:17:34] Iteration: 111/1000, Temp: 0.0543, Energy: -49.690090+0.009164j
[2025-04-17 16:17:38] Iteration: 112/1000, Temp: 0.0532, Energy: -49.862691-0.013465j
[2025-04-17 16:17:41] Iteration: 113/1000, Temp: 0.0522, Energy: -49.754828+0.009457j
[2025-04-17 16:17:45] Iteration: 114/1000, Temp: 0.0511, Energy: -49.900827-0.006231j
[2025-04-17 16:17:49] Iteration: 115/1000, Temp: 0.0501, Energy: -49.758903+0.001236j
[2025-04-17 16:17:52] Iteration: 116/1000, Temp: 0.0491, Energy: -49.783170+0.022363j
[2025-04-17 16:17:56] Iteration: 117/1000, Temp: 0.0482, Energy: -49.811951-0.012972j
[2025-04-17 16:18:00] Iteration: 118/1000, Temp: 0.0472, Energy: -49.826015+0.003593j
[2025-04-17 16:18:03] Iteration: 119/1000, Temp: 0.0463, Energy: -49.920344+0.008229j
[2025-04-17 16:18:07] Iteration: 120/1000, Temp: 0.0454, Energy: -49.907469+0.000787j
[2025-04-17 16:18:11] Iteration: 121/1000, Temp: 0.0445, Energy: -49.860317-0.000459j
[2025-04-17 16:18:15] Iteration: 122/1000, Temp: 0.0436, Energy: -49.878149-0.013510j
[2025-04-17 16:18:18] Iteration: 123/1000, Temp: 0.0427, Energy: -49.867752+0.010625j
[2025-04-17 16:18:22] Iteration: 124/1000, Temp: 0.0419, Energy: -49.913563-0.007381j
[2025-04-17 16:18:26] Iteration: 125/1000, Temp: 0.0410, Energy: -49.907180-0.000074j
[2025-04-17 16:18:29] Iteration: 126/1000, Temp: 0.0402, Energy: -49.892234+0.001656j
[2025-04-17 16:18:33] Iteration: 127/1000, Temp: 0.0394, Energy: -50.021662+0.015110j
[2025-04-17 16:18:37] Iteration: 128/1000, Temp: 0.0387, Energy: -50.038378+0.006361j
[2025-04-17 16:18:40] Iteration: 129/1000, Temp: 0.0379, Energy: -49.924831-0.007942j
[2025-04-17 16:18:44] Iteration: 130/1000, Temp: 0.0371, Energy: -50.037286-0.004221j
[2025-04-17 16:18:48] Iteration: 131/1000, Temp: 0.0364, Energy: -50.035221-0.012095j
[2025-04-17 16:18:52] Iteration: 132/1000, Temp: 0.0357, Energy: -49.923451+0.004915j
[2025-04-17 16:18:55] Iteration: 133/1000, Temp: 0.0350, Energy: -50.026655-0.019029j
[2025-04-17 16:18:59] Iteration: 134/1000, Temp: 0.0343, Energy: -50.160825-0.008659j
[2025-04-17 16:19:03] Iteration: 135/1000, Temp: 0.0336, Energy: -50.107049+0.000966j
[2025-04-17 16:19:06] Iteration: 136/1000, Temp: 0.0329, Energy: -50.010897+0.005022j
[2025-04-17 16:19:10] Iteration: 137/1000, Temp: 0.0323, Energy: -50.051412+0.014950j
[2025-04-17 16:19:14] Iteration: 138/1000, Temp: 0.0316, Energy: -50.004886+0.007583j
[2025-04-17 16:19:17] Iteration: 139/1000, Temp: 0.0310, Energy: -49.813677+0.005878j
[2025-04-17 16:19:21] Iteration: 140/1000, Temp: 0.0304, Energy: -49.989722+0.010423j
[2025-04-17 16:19:25] Iteration: 141/1000, Temp: 0.0298, Energy: -49.991696-0.010458j
[2025-04-17 16:19:29] Iteration: 142/1000, Temp: 0.0292, Energy: -49.976154-0.000432j
[2025-04-17 16:19:32] Iteration: 143/1000, Temp: 0.0286, Energy: -49.972721+0.011120j
[2025-04-17 16:19:36] Iteration: 144/1000, Temp: 0.0281, Energy: -49.946249-0.025582j
[2025-04-17 16:19:40] Iteration: 145/1000, Temp: 0.0275, Energy: -49.970713+0.007484j
[2025-04-17 16:19:43] Iteration: 146/1000, Temp: 0.0270, Energy: -50.048608+0.025529j
[2025-04-17 16:19:47] Iteration: 147/1000, Temp: 0.0264, Energy: -49.882580-0.003569j
[2025-04-17 16:19:51] Iteration: 148/1000, Temp: 0.0259, Energy: -49.968546+0.018916j
[2025-04-17 16:19:55] Iteration: 149/1000, Temp: 0.0254, Energy: -49.927675+0.003481j
[2025-04-17 16:19:58] Iteration: 150/1000, Temp: 0.0249, Energy: -50.101850-0.002039j
[2025-04-17 16:20:02] Iteration: 151/1000, Temp: 0.0244, Energy: -50.003240-0.001573j
[2025-04-17 16:20:06] Iteration: 152/1000, Temp: 0.0239, Energy: -49.969545+0.001468j
[2025-04-17 16:20:10] Iteration: 153/1000, Temp: 0.0234, Energy: -49.908225+0.007142j
[2025-04-17 16:20:13] Iteration: 154/1000, Temp: 0.0230, Energy: -50.005021-0.006623j
[2025-04-17 16:20:17] Iteration: 155/1000, Temp: 0.0225, Energy: -49.934163+0.003440j
[2025-04-17 16:20:21] Iteration: 156/1000, Temp: 0.0221, Energy: -49.901011+0.000005j
[2025-04-17 16:20:25] Iteration: 157/1000, Temp: 0.0216, Energy: -49.854188+0.003673j
[2025-04-17 16:20:28] Iteration: 158/1000, Temp: 0.0212, Energy: -50.033722-0.007562j
[2025-04-17 16:20:32] Iteration: 159/1000, Temp: 0.0208, Energy: -49.940883+0.008959j
[2025-04-17 16:20:36] Iteration: 160/1000, Temp: 0.0204, Energy: -49.876695+0.007138j
[2025-04-17 16:20:39] Iteration: 161/1000, Temp: 0.0200, Energy: -50.015344-0.004739j
[2025-04-17 16:20:43] Iteration: 162/1000, Temp: 0.0196, Energy: -50.042879+0.000792j
[2025-04-17 16:20:47] Iteration: 163/1000, Temp: 0.0192, Energy: -49.993123+0.006580j
[2025-04-17 16:20:50] Iteration: 164/1000, Temp: 0.0188, Energy: -49.969386-0.001725j
[2025-04-17 16:20:54] Iteration: 165/1000, Temp: 0.0184, Energy: -50.026826+0.010211j
[2025-04-17 16:20:58] Iteration: 166/1000, Temp: 0.0181, Energy: -49.984090-0.000436j
[2025-04-17 16:21:02] Iteration: 167/1000, Temp: 0.0177, Energy: -50.151336-0.007439j
[2025-04-17 16:21:05] Iteration: 168/1000, Temp: 0.0174, Energy: -49.983425+0.010575j
[2025-04-17 16:21:09] Iteration: 169/1000, Temp: 0.0170, Energy: -49.937906-0.001608j
[2025-04-17 16:21:13] Iteration: 170/1000, Temp: 0.0167, Energy: -49.969675-0.000328j
[2025-04-17 16:21:16] Iteration: 171/1000, Temp: 0.0164, Energy: -50.014255+0.001505j
[2025-04-17 16:21:20] Iteration: 172/1000, Temp: 0.0160, Energy: -49.931869+0.001383j
[2025-04-17 16:21:24] Iteration: 173/1000, Temp: 0.0157, Energy: -50.013497-0.007167j
[2025-04-17 16:21:28] Iteration: 174/1000, Temp: 0.0154, Energy: -49.976410+0.002820j
[2025-04-17 16:21:31] Iteration: 175/1000, Temp: 0.0151, Energy: -49.861575-0.010635j
[2025-04-17 16:21:35] Iteration: 176/1000, Temp: 0.0148, Energy: -50.024210-0.006279j
[2025-04-17 16:21:39] Iteration: 177/1000, Temp: 0.0145, Energy: -49.975800+0.013168j
[2025-04-17 16:21:42] Iteration: 178/1000, Temp: 0.0142, Energy: -50.088867-0.006032j
[2025-04-17 16:21:46] Iteration: 179/1000, Temp: 0.0139, Energy: -50.061640+0.008377j
[2025-04-17 16:21:50] Iteration: 180/1000, Temp: 0.0137, Energy: -50.153264-0.006787j
[2025-04-17 16:21:53] Iteration: 181/1000, Temp: 0.0134, Energy: -50.027520-0.000722j
[2025-04-17 16:21:57] Iteration: 182/1000, Temp: 0.0131, Energy: -50.029423+0.002777j
[2025-04-17 16:22:01] Iteration: 183/1000, Temp: 0.0129, Energy: -50.099632+0.000558j
[2025-04-17 16:22:05] Iteration: 184/1000, Temp: 0.0126, Energy: -50.093332+0.005551j
[2025-04-17 16:22:08] Iteration: 185/1000, Temp: 0.0124, Energy: -50.170246-0.005599j
[2025-04-17 16:22:12] Iteration: 186/1000, Temp: 0.0121, Energy: -50.071226-0.004050j
[2025-04-17 16:22:16] Iteration: 187/1000, Temp: 0.0119, Energy: -50.123026+0.007083j
[2025-04-17 16:22:19] Iteration: 188/1000, Temp: 0.0116, Energy: -49.999257-0.008636j
[2025-04-17 16:22:23] Iteration: 189/1000, Temp: 0.0114, Energy: -49.997387+0.004991j
[2025-04-17 16:22:27] Iteration: 190/1000, Temp: 0.0112, Energy: -49.918612-0.000478j
[2025-04-17 16:22:31] Iteration: 191/1000, Temp: 0.0110, Energy: -49.876193-0.010433j
[2025-04-17 16:22:34] Iteration: 192/1000, Temp: 0.0107, Energy: -49.955013+0.016244j
[2025-04-17 16:22:38] Iteration: 193/1000, Temp: 0.0105, Energy: -49.893702+0.010482j
[2025-04-17 16:22:42] Iteration: 194/1000, Temp: 0.0103, Energy: -49.891820+0.011791j
[2025-04-17 16:22:45] Iteration: 195/1000, Temp: 0.0101, Energy: -49.959711+0.015900j
[2025-04-17 16:22:49] Iteration: 196/1000, Temp: 0.0099, Energy: -50.114471+0.004215j
[2025-04-17 16:22:53] Iteration: 197/1000, Temp: 0.0097, Energy: -49.987806+0.002127j
[2025-04-17 16:22:56] Iteration: 198/1000, Temp: 0.0095, Energy: -50.017874-0.003822j
[2025-04-17 16:23:00] Iteration: 199/1000, Temp: 0.0093, Energy: -50.094680+0.002588j
[2025-04-17 16:23:04] Iteration: 200/1000, Temp: 0.0092, Energy: -50.109559-0.004068j
[2025-04-17 16:23:08] Iteration: 201/1000, Temp: 0.0090, Energy: -49.949724+0.009001j
[2025-04-17 16:23:11] Iteration: 202/1000, Temp: 0.0088, Energy: -50.121556+0.008466j
[2025-04-17 16:23:15] Iteration: 203/1000, Temp: 0.0086, Energy: -50.038974-0.001529j
[2025-04-17 16:23:19] Iteration: 204/1000, Temp: 0.0085, Energy: -50.020686+0.002530j
[2025-04-17 16:23:22] Iteration: 205/1000, Temp: 0.0083, Energy: -50.070031-0.006360j
[2025-04-17 16:23:26] Iteration: 206/1000, Temp: 0.0081, Energy: -50.035353+0.000608j
[2025-04-17 16:23:30] Iteration: 207/1000, Temp: 0.0080, Energy: -49.988224-0.002267j
[2025-04-17 16:23:33] Iteration: 208/1000, Temp: 0.0078, Energy: -50.050743+0.016591j
[2025-04-17 16:23:37] Iteration: 209/1000, Temp: 0.0076, Energy: -50.151111-0.009587j
[2025-04-17 16:23:41] Iteration: 210/1000, Temp: 0.0075, Energy: -50.064594+0.005964j
[2025-04-17 16:23:44] Iteration: 211/1000, Temp: 0.0073, Energy: -50.041621-0.006016j
[2025-04-17 16:23:48] Iteration: 212/1000, Temp: 0.0072, Energy: -49.883687+0.011307j
[2025-04-17 16:23:52] Iteration: 213/1000, Temp: 0.0071, Energy: -49.887002+0.002903j
[2025-04-17 16:23:56] Iteration: 214/1000, Temp: 0.0069, Energy: -49.983996+0.005872j
[2025-04-17 16:23:59] Iteration: 215/1000, Temp: 0.0068, Energy: -50.028620-0.002839j
[2025-04-17 16:24:03] Iteration: 216/1000, Temp: 0.0066, Energy: -50.131137+0.008300j
[2025-04-17 16:24:07] Iteration: 217/1000, Temp: 0.0065, Energy: -50.097142-0.001260j
[2025-04-17 16:24:10] Iteration: 218/1000, Temp: 0.0064, Energy: -50.189262-0.003015j
[2025-04-17 16:24:14] Iteration: 219/1000, Temp: 0.0063, Energy: -50.257723+0.002002j
[2025-04-17 16:24:18] Iteration: 220/1000, Temp: 0.0061, Energy: -50.224429-0.000947j
[2025-04-17 16:24:21] Iteration: 221/1000, Temp: 0.0060, Energy: -50.167368+0.003576j
[2025-04-17 16:24:25] Iteration: 222/1000, Temp: 0.0059, Energy: -50.112153+0.003005j
[2025-04-17 16:24:29] Iteration: 223/1000, Temp: 0.0058, Energy: -50.096409+0.000466j
[2025-04-17 16:24:33] Iteration: 224/1000, Temp: 0.0057, Energy: -50.016842-0.011451j
[2025-04-17 16:24:36] Iteration: 225/1000, Temp: 0.0056, Energy: -49.981793+0.010347j
[2025-04-17 16:24:40] Iteration: 226/1000, Temp: 0.0054, Energy: -50.042679-0.011183j
[2025-04-17 16:24:44] Iteration: 227/1000, Temp: 0.0053, Energy: -49.994668-0.012497j
[2025-04-17 16:24:47] Iteration: 228/1000, Temp: 0.0052, Energy: -50.036287+0.014329j
[2025-04-17 16:24:51] Iteration: 229/1000, Temp: 0.0051, Energy: -50.040781-0.002701j
[2025-04-17 16:24:55] Iteration: 230/1000, Temp: 0.0050, Energy: -49.986263-0.016427j
[2025-04-17 16:24:58] Iteration: 231/1000, Temp: 0.0049, Energy: -50.033909+0.008824j
[2025-04-17 16:25:02] Iteration: 232/1000, Temp: 0.0048, Energy: -49.979421-0.009203j
[2025-04-17 16:25:06] Iteration: 233/1000, Temp: 0.0047, Energy: -50.071255+0.007661j
[2025-04-17 16:25:10] Iteration: 234/1000, Temp: 0.0046, Energy: -50.041855+0.000839j
[2025-04-17 16:25:13] Iteration: 235/1000, Temp: 0.0045, Energy: -50.164049-0.003205j
[2025-04-17 16:25:17] Iteration: 236/1000, Temp: 0.0045, Energy: -50.027520-0.001821j
[2025-04-17 16:25:21] Iteration: 237/1000, Temp: 0.0044, Energy: -49.979421+0.001494j
[2025-04-17 16:25:24] Iteration: 238/1000, Temp: 0.0043, Energy: -49.944330+0.004283j
[2025-04-17 16:25:28] Iteration: 239/1000, Temp: 0.0042, Energy: -50.100399-0.003006j
[2025-04-17 16:25:32] Iteration: 240/1000, Temp: 0.0041, Energy: -50.126599-0.008239j
[2025-04-17 16:25:36] Iteration: 241/1000, Temp: 0.0040, Energy: -50.140108+0.000242j
[2025-04-17 16:25:39] Iteration: 242/1000, Temp: 0.0040, Energy: -50.085511-0.003708j
[2025-04-17 16:25:43] Iteration: 243/1000, Temp: 0.0039, Energy: -50.059810-0.001782j
[2025-04-17 16:25:47] Iteration: 244/1000, Temp: 0.0038, Energy: -50.199210-0.008673j
[2025-04-17 16:25:50] Iteration: 245/1000, Temp: 0.0037, Energy: -50.049326-0.005341j
[2025-04-17 16:25:54] Iteration: 246/1000, Temp: 0.0036, Energy: -50.131730+0.000135j
[2025-04-17 16:25:58] Iteration: 247/1000, Temp: 0.0036, Energy: -50.066398+0.007006j
[2025-04-17 16:26:02] Iteration: 248/1000, Temp: 0.0035, Energy: -50.113420+0.001834j
[2025-04-17 16:26:05] Iteration: 249/1000, Temp: 0.0034, Energy: -50.184623-0.011211j
[2025-04-17 16:26:09] Iteration: 250/1000, Temp: 0.0034, Energy: -50.103833+0.004840j
[2025-04-17 16:26:13] Iteration: 251/1000, Temp: 0.0033, Energy: -50.221339+0.002186j
[2025-04-17 16:26:16] Iteration: 252/1000, Temp: 0.0032, Energy: -50.048484+0.006825j
[2025-04-17 16:26:20] Iteration: 253/1000, Temp: 0.0032, Energy: -49.928118-0.020028j
[2025-04-17 16:26:24] Iteration: 254/1000, Temp: 0.0031, Energy: -50.144299+0.011236j
[2025-04-17 16:26:27] Iteration: 255/1000, Temp: 0.0030, Energy: -50.093699+0.009327j
[2025-04-17 16:26:31] Iteration: 256/1000, Temp: 0.0030, Energy: -50.146765+0.004681j
[2025-04-17 16:26:35] Iteration: 257/1000, Temp: 0.0029, Energy: -50.041049+0.005412j
[2025-04-17 16:26:39] Iteration: 258/1000, Temp: 0.0029, Energy: -50.067544+0.000306j
[2025-04-17 16:26:42] Iteration: 259/1000, Temp: 0.0028, Energy: -50.149740+0.007432j
[2025-04-17 16:26:46] Iteration: 260/1000, Temp: 0.0028, Energy: -50.021340+0.005211j
[2025-04-17 16:26:50] Iteration: 261/1000, Temp: 0.0027, Energy: -50.101132-0.004291j
[2025-04-17 16:26:53] Iteration: 262/1000, Temp: 0.0027, Energy: -50.002057-0.003234j
[2025-04-17 16:26:57] Iteration: 263/1000, Temp: 0.0026, Energy: -50.004551-0.013060j
[2025-04-17 16:27:01] Iteration: 264/1000, Temp: 0.0025, Energy: -49.972445-0.000026j
[2025-04-17 16:27:04] Iteration: 265/1000, Temp: 0.0025, Energy: -50.002043+0.008220j
[2025-04-17 16:27:08] Iteration: 266/1000, Temp: 0.0024, Energy: -49.849610-0.004765j
[2025-04-17 16:27:12] Iteration: 267/1000, Temp: 0.0024, Energy: -49.864866-0.001550j
[2025-04-17 16:27:16] Iteration: 268/1000, Temp: 0.0024, Energy: -49.969748+0.003696j
[2025-04-17 16:27:19] Iteration: 269/1000, Temp: 0.0023, Energy: -50.136921-0.000842j
[2025-04-17 16:27:23] Iteration: 270/1000, Temp: 0.0023, Energy: -50.276709+0.001867j
[2025-04-17 16:27:27] Iteration: 271/1000, Temp: 0.0022, Energy: -50.195459-0.000062j
[2025-04-17 16:27:30] Iteration: 272/1000, Temp: 0.0022, Energy: -50.179531-0.012338j
[2025-04-17 16:27:34] Iteration: 273/1000, Temp: 0.0021, Energy: -50.022846-0.005577j
[2025-04-17 16:27:38] Iteration: 274/1000, Temp: 0.0021, Energy: -49.986102+0.002397j
[2025-04-17 16:27:41] Iteration: 275/1000, Temp: 0.0020, Energy: -50.086635+0.002124j
[2025-04-17 16:27:45] Iteration: 276/1000, Temp: 0.0020, Energy: -50.021498+0.028523j
[2025-04-17 16:27:49] Iteration: 277/1000, Temp: 0.0020, Energy: -50.039935-0.002621j
[2025-04-17 16:27:53] Iteration: 278/1000, Temp: 0.0019, Energy: -50.047827+0.011262j
[2025-04-17 16:27:56] Iteration: 279/1000, Temp: 0.0019, Energy: -49.926136-0.006129j
[2025-04-17 16:28:00] Iteration: 280/1000, Temp: 0.0018, Energy: -50.019677+0.001509j
[2025-04-17 16:28:04] Iteration: 281/1000, Temp: 0.0018, Energy: -50.016916-0.000328j
[2025-04-17 16:28:07] Iteration: 282/1000, Temp: 0.0018, Energy: -49.900012+0.004707j
[2025-04-17 16:28:11] Iteration: 283/1000, Temp: 0.0017, Energy: -50.119563+0.000322j
[2025-04-17 16:28:15] Iteration: 284/1000, Temp: 0.0017, Energy: -49.958489-0.005453j
[2025-04-17 16:28:19] Iteration: 285/1000, Temp: 0.0017, Energy: -49.927849-0.005807j
[2025-04-17 16:28:22] Iteration: 286/1000, Temp: 0.0016, Energy: -49.927105-0.004093j
[2025-04-17 16:28:26] Iteration: 287/1000, Temp: 0.0016, Energy: -49.951074-0.003499j
[2025-04-17 16:28:30] Iteration: 288/1000, Temp: 0.0016, Energy: -50.077235+0.012983j
[2025-04-17 16:28:33] Iteration: 289/1000, Temp: 0.0015, Energy: -50.035433+0.004702j
[2025-04-17 16:28:37] Iteration: 290/1000, Temp: 0.0015, Energy: -50.100895-0.002577j
[2025-04-17 16:28:41] Iteration: 291/1000, Temp: 0.0015, Energy: -50.034735-0.002693j
[2025-04-17 16:28:44] Iteration: 292/1000, Temp: 0.0015, Energy: -50.197810-0.002041j
[2025-04-17 16:28:48] Iteration: 293/1000, Temp: 0.0014, Energy: -50.208298+0.002500j
[2025-04-17 16:28:52] Iteration: 294/1000, Temp: 0.0014, Energy: -50.160976-0.002093j
[2025-04-17 16:28:56] Iteration: 295/1000, Temp: 0.0014, Energy: -50.070098-0.014443j
[2025-04-17 16:28:59] Iteration: 296/1000, Temp: 0.0013, Energy: -50.108753-0.003393j
[2025-04-17 16:29:03] Iteration: 297/1000, Temp: 0.0013, Energy: -50.190605+0.003382j
[2025-04-17 16:29:07] Iteration: 298/1000, Temp: 0.0013, Energy: -50.093259-0.000031j
[2025-04-17 16:29:10] Iteration: 299/1000, Temp: 0.0013, Energy: -50.046589-0.010294j
[2025-04-17 16:29:14] Iteration: 300/1000, Temp: 0.0012, Energy: -50.214761+0.008954j
[2025-04-17 16:29:18] Iteration: 301/1000, Temp: 0.0012, Energy: -50.257569+0.001269j
[2025-04-17 16:29:21] Iteration: 302/1000, Temp: 0.0012, Energy: -50.085248-0.008250j
[2025-04-17 16:29:25] Iteration: 303/1000, Temp: 0.0012, Energy: -50.178511-0.014179j
[2025-04-17 16:29:29] Iteration: 304/1000, Temp: 0.0011, Energy: -50.157464+0.005620j
[2025-04-17 16:29:33] Iteration: 305/1000, Temp: 0.0011, Energy: -49.931615+0.000984j
[2025-04-17 16:29:36] Iteration: 306/1000, Temp: 0.0011, Energy: -50.097823+0.010780j
[2025-04-17 16:29:40] Iteration: 307/1000, Temp: 0.0011, Energy: -50.191389-0.007754j
[2025-04-17 16:29:44] Iteration: 308/1000, Temp: 0.0011, Energy: -50.242431-0.008514j
[2025-04-17 16:29:47] Iteration: 309/1000, Temp: 0.0010, Energy: -50.032846-0.001836j
[2025-04-17 16:29:51] Iteration: 310/1000, Temp: 0.0010, Energy: -49.950519+0.005754j
[2025-04-17 16:29:55] Iteration: 311/1000, Temp: 0.0010, Energy: -49.990849-0.004634j
[2025-04-17 16:29:58] Iteration: 312/1000, Temp: 0.0010, Energy: -49.995441+0.001053j
[2025-04-17 16:30:02] Iteration: 313/1000, Temp: 0.0010, Energy: -50.067074+0.000468j
[2025-04-17 16:30:06] Iteration: 314/1000, Temp: 0.0009, Energy: -50.065340+0.002121j
[2025-04-17 16:30:10] Iteration: 315/1000, Temp: 0.0009, Energy: -50.294129-0.003603j
[2025-04-17 16:30:13] Iteration: 316/1000, Temp: 0.0009, Energy: -50.031299-0.003897j
[2025-04-17 16:30:17] Iteration: 317/1000, Temp: 0.0009, Energy: -50.103735+0.008552j
[2025-04-17 16:30:21] Iteration: 318/1000, Temp: 0.0009, Energy: -49.969668-0.007602j
[2025-04-17 16:30:24] Iteration: 319/1000, Temp: 0.0008, Energy: -50.030566-0.012103j
[2025-04-17 16:30:28] Iteration: 320/1000, Temp: 0.0008, Energy: -50.056695+0.005257j
[2025-04-17 16:30:32] Iteration: 321/1000, Temp: 0.0008, Energy: -50.024006+0.004662j
[2025-04-17 16:30:36] Iteration: 322/1000, Temp: 0.0008, Energy: -50.149543-0.006386j
[2025-04-17 16:30:39] Iteration: 323/1000, Temp: 0.0008, Energy: -50.044661+0.001654j
[2025-04-17 16:30:43] Iteration: 324/1000, Temp: 0.0008, Energy: -50.135714+0.009620j
[2025-04-17 16:30:47] Iteration: 325/1000, Temp: 0.0008, Energy: -50.017426-0.001148j
[2025-04-17 16:30:50] Iteration: 326/1000, Temp: 0.0007, Energy: -50.101441-0.008780j
[2025-04-17 16:30:54] Iteration: 327/1000, Temp: 0.0007, Energy: -50.079323+0.004146j
[2025-04-17 16:30:58] Iteration: 328/1000, Temp: 0.0007, Energy: -50.157447-0.001870j
[2025-04-17 16:31:02] Iteration: 329/1000, Temp: 0.0007, Energy: -50.182933-0.000972j
[2025-04-17 16:31:05] Iteration: 330/1000, Temp: 0.0007, Energy: -50.073089+0.000991j
[2025-04-17 16:31:09] Iteration: 331/1000, Temp: 0.0007, Energy: -49.975504-0.000257j
[2025-04-17 16:31:13] Iteration: 332/1000, Temp: 0.0007, Energy: -49.937327+0.001875j
[2025-04-17 16:31:16] Iteration: 333/1000, Temp: 0.0006, Energy: -50.003318+0.007682j
[2025-04-17 16:31:20] Iteration: 334/1000, Temp: 0.0006, Energy: -49.992859-0.004437j
[2025-04-17 16:31:24] Iteration: 335/1000, Temp: 0.0006, Energy: -50.106452-0.007549j
[2025-04-17 16:31:27] Iteration: 336/1000, Temp: 0.0006, Energy: -50.133371-0.001050j
[2025-04-17 16:31:31] Iteration: 337/1000, Temp: 0.0006, Energy: -50.113190-0.002350j
[2025-04-17 16:31:35] Iteration: 338/1000, Temp: 0.0006, Energy: -50.208197-0.010243j
[2025-04-17 16:31:39] Iteration: 339/1000, Temp: 0.0006, Energy: -50.036524-0.008326j
[2025-04-17 16:31:42] Iteration: 340/1000, Temp: 0.0006, Energy: -50.039877-0.004722j
[2025-04-17 16:31:46] Iteration: 341/1000, Temp: 0.0005, Energy: -49.932283-0.012757j
[2025-04-17 16:31:50] Iteration: 342/1000, Temp: 0.0005, Energy: -49.980483+0.015886j
[2025-04-17 16:31:53] Iteration: 343/1000, Temp: 0.0005, Energy: -49.942961-0.008462j
[2025-04-17 16:31:57] Iteration: 344/1000, Temp: 0.0005, Energy: -49.996316-0.000682j
[2025-04-17 16:32:01] Iteration: 345/1000, Temp: 0.0005, Energy: -49.994407-0.007494j
[2025-04-17 16:32:04] Iteration: 346/1000, Temp: 0.0005, Energy: -50.116173-0.003865j
[2025-04-17 16:32:08] Iteration: 347/1000, Temp: 0.0005, Energy: -49.992173-0.002510j
[2025-04-17 16:32:12] Iteration: 348/1000, Temp: 0.0005, Energy: -50.052702-0.004213j
[2025-04-17 16:32:16] Iteration: 349/1000, Temp: 0.0005, Energy: -50.065254-0.003958j
[2025-04-17 16:32:19] Iteration: 350/1000, Temp: 0.0005, Energy: -50.048327-0.011321j
[2025-04-17 16:32:23] Iteration: 351/1000, Temp: 0.0004, Energy: -50.097431+0.010899j
[2025-04-17 16:32:27] Iteration: 352/1000, Temp: 0.0004, Energy: -50.110865-0.007448j
[2025-04-17 16:32:30] Iteration: 353/1000, Temp: 0.0004, Energy: -49.953232-0.002015j
[2025-04-17 16:32:34] Iteration: 354/1000, Temp: 0.0004, Energy: -50.127622+0.001079j
[2025-04-17 16:32:38] Iteration: 355/1000, Temp: 0.0004, Energy: -50.026540+0.004558j
[2025-04-17 16:32:41] Iteration: 356/1000, Temp: 0.0004, Energy: -50.053200+0.007035j
[2025-04-17 16:32:45] Iteration: 357/1000, Temp: 0.0004, Energy: -50.182616-0.003385j
[2025-04-17 16:32:49] Iteration: 358/1000, Temp: 0.0004, Energy: -50.141798-0.006337j
[2025-04-17 16:32:53] Iteration: 359/1000, Temp: 0.0004, Energy: -50.158007-0.003358j
[2025-04-17 16:32:56] Iteration: 360/1000, Temp: 0.0004, Energy: -50.069370-0.010996j
[2025-04-17 16:33:00] Iteration: 361/1000, Temp: 0.0004, Energy: -50.045404-0.003927j
[2025-04-17 16:33:04] Iteration: 362/1000, Temp: 0.0004, Energy: -50.158729+0.004526j
[2025-04-17 16:33:07] Iteration: 363/1000, Temp: 0.0004, Energy: -50.224692-0.012740j
[2025-04-17 16:33:11] Iteration: 364/1000, Temp: 0.0003, Energy: -50.215803+0.001359j
[2025-04-17 16:33:15] Iteration: 365/1000, Temp: 0.0003, Energy: -50.268744-0.005654j
[2025-04-17 16:33:18] Iteration: 366/1000, Temp: 0.0003, Energy: -50.236886-0.000597j
[2025-04-17 16:33:22] Iteration: 367/1000, Temp: 0.0003, Energy: -50.307428-0.005492j
[2025-04-17 16:33:26] Iteration: 368/1000, Temp: 0.0003, Energy: -50.234229+0.004288j
[2025-04-17 16:33:30] Iteration: 369/1000, Temp: 0.0003, Energy: -50.157431+0.000032j
[2025-04-17 16:33:33] Iteration: 370/1000, Temp: 0.0003, Energy: -50.233861-0.002828j
[2025-04-17 16:33:37] Iteration: 371/1000, Temp: 0.0003, Energy: -50.269869+0.000318j
[2025-04-17 16:33:41] Iteration: 372/1000, Temp: 0.0003, Energy: -50.110351-0.000959j
[2025-04-17 16:33:44] Iteration: 373/1000, Temp: 0.0003, Energy: -50.024550-0.005394j
[2025-04-17 16:33:48] Iteration: 374/1000, Temp: 0.0003, Energy: -50.025021+0.008268j
[2025-04-17 16:33:52] Iteration: 375/1000, Temp: 0.0003, Energy: -50.067297-0.002831j
[2025-04-17 16:33:55] Iteration: 376/1000, Temp: 0.0003, Energy: -50.044871+0.001155j
[2025-04-17 16:33:59] Iteration: 377/1000, Temp: 0.0003, Energy: -50.146141+0.001139j
[2025-04-17 16:34:03] Iteration: 378/1000, Temp: 0.0003, Energy: -50.121961+0.006888j
[2025-04-17 16:34:07] Iteration: 379/1000, Temp: 0.0003, Energy: -50.047038+0.009610j
[2025-04-17 16:34:10] Iteration: 380/1000, Temp: 0.0003, Energy: -50.072904-0.011043j
[2025-04-17 16:34:14] Iteration: 381/1000, Temp: 0.0002, Energy: -50.059062-0.002092j
[2025-04-17 16:34:18] Iteration: 382/1000, Temp: 0.0002, Energy: -50.077050+0.008631j
[2025-04-17 16:34:21] Iteration: 383/1000, Temp: 0.0002, Energy: -49.990470+0.000042j
[2025-04-17 16:34:25] Iteration: 384/1000, Temp: 0.0002, Energy: -50.001147+0.009595j
[2025-04-17 16:34:29] Iteration: 385/1000, Temp: 0.0002, Energy: -50.103367-0.009633j
[2025-04-17 16:34:33] Iteration: 386/1000, Temp: 0.0002, Energy: -50.097235+0.000392j
[2025-04-17 16:34:36] Iteration: 387/1000, Temp: 0.0002, Energy: -50.184375+0.007666j
[2025-04-17 16:34:40] Iteration: 388/1000, Temp: 0.0002, Energy: -50.102998-0.004509j
[2025-04-17 16:34:44] Iteration: 389/1000, Temp: 0.0002, Energy: -50.093088-0.009012j
[2025-04-17 16:34:47] Iteration: 390/1000, Temp: 0.0002, Energy: -50.162581+0.001886j
[2025-04-17 16:34:51] Iteration: 391/1000, Temp: 0.0002, Energy: -50.075211-0.003642j
[2025-04-17 16:34:55] Iteration: 392/1000, Temp: 0.0002, Energy: -50.162153-0.005319j
[2025-04-17 16:34:58] Iteration: 393/1000, Temp: 0.0002, Energy: -50.148602-0.007497j
[2025-04-17 16:35:02] Iteration: 394/1000, Temp: 0.0002, Energy: -50.078167+0.007656j
[2025-04-17 16:35:06] Iteration: 395/1000, Temp: 0.0002, Energy: -50.063200-0.003413j
[2025-04-17 16:35:10] Iteration: 396/1000, Temp: 0.0002, Energy: -50.152031-0.001532j
[2025-04-17 16:35:13] Iteration: 397/1000, Temp: 0.0002, Energy: -50.023970+0.002004j
[2025-04-17 16:35:17] Iteration: 398/1000, Temp: 0.0002, Energy: -50.207339-0.012979j
[2025-04-17 16:35:21] Iteration: 399/1000, Temp: 0.0002, Energy: -50.252944-0.009303j
[2025-04-17 16:35:24] Iteration: 400/1000, Temp: 0.0002, Energy: -50.315559+0.002869j
[2025-04-17 16:35:28] Iteration: 401/1000, Temp: 0.0002, Energy: -50.243245-0.007918j
[2025-04-17 16:35:32] Iteration: 402/1000, Temp: 0.0002, Energy: -50.211183+0.009173j
[2025-04-17 16:35:36] Iteration: 403/1000, Temp: 0.0002, Energy: -50.154826-0.005914j
[2025-04-17 16:35:39] Iteration: 404/1000, Temp: 0.0002, Energy: -50.140194+0.014934j
[2025-04-17 16:35:43] Iteration: 405/1000, Temp: 0.0002, Energy: -50.112269+0.002881j
[2025-04-17 16:35:47] Iteration: 406/1000, Temp: 0.0001, Energy: -50.108041+0.006094j
[2025-04-17 16:35:50] Iteration: 407/1000, Temp: 0.0001, Energy: -50.155358-0.006833j
[2025-04-17 16:35:54] Iteration: 408/1000, Temp: 0.0001, Energy: -50.205950-0.001697j
[2025-04-17 16:35:58] Iteration: 409/1000, Temp: 0.0001, Energy: -50.184061-0.007664j
[2025-04-17 16:36:02] Iteration: 410/1000, Temp: 0.0001, Energy: -50.287744+0.006318j
[2025-04-17 16:36:05] Iteration: 411/1000, Temp: 0.0001, Energy: -50.050931+0.001396j
[2025-04-17 16:36:09] Iteration: 412/1000, Temp: 0.0001, Energy: -50.181064+0.005008j
[2025-04-17 16:36:13] Iteration: 413/1000, Temp: 0.0001, Energy: -50.230206+0.000158j
[2025-04-17 16:36:16] Iteration: 414/1000, Temp: 0.0001, Energy: -50.199959+0.006569j
[2025-04-17 16:36:20] Iteration: 415/1000, Temp: 0.0001, Energy: -50.203625+0.000941j
[2025-04-17 16:36:24] Iteration: 416/1000, Temp: 0.0001, Energy: -49.985881-0.001810j
[2025-04-17 16:36:27] Iteration: 417/1000, Temp: 0.0001, Energy: -50.120723+0.003504j
[2025-04-17 16:36:31] Iteration: 418/1000, Temp: 0.0001, Energy: -50.177854+0.009350j
[2025-04-17 16:36:35] Iteration: 419/1000, Temp: 0.0001, Energy: -50.084883+0.000479j
[2025-04-17 16:36:39] Iteration: 420/1000, Temp: 0.0001, Energy: -50.048091-0.003413j
[2025-04-17 16:36:42] Iteration: 421/1000, Temp: 0.0001, Energy: -50.014520+0.000203j
[2025-04-17 16:36:46] Iteration: 422/1000, Temp: 0.0001, Energy: -50.017660+0.000552j
[2025-04-17 16:36:50] Iteration: 423/1000, Temp: 0.0001, Energy: -49.968619+0.000111j
[2025-04-17 16:36:53] Iteration: 424/1000, Temp: 0.0001, Energy: -50.044249+0.004795j
[2025-04-17 16:36:57] Iteration: 425/1000, Temp: 0.0001, Energy: -50.038774+0.003745j
[2025-04-17 16:37:01] Iteration: 426/1000, Temp: 0.0001, Energy: -49.963046+0.006120j
[2025-04-17 16:37:04] Iteration: 427/1000, Temp: 0.0001, Energy: -50.035712-0.002347j
[2025-04-17 16:37:08] Iteration: 428/1000, Temp: 0.0001, Energy: -49.892000-0.002268j
[2025-04-17 16:37:12] Iteration: 429/1000, Temp: 0.0001, Energy: -50.102523+0.007597j
[2025-04-17 16:37:15] Iteration: 430/1000, Temp: 0.0001, Energy: -50.039915-0.011250j
[2025-04-17 16:37:19] Iteration: 431/1000, Temp: 0.0001, Energy: -50.075809-0.003804j
[2025-04-17 16:37:23] Iteration: 432/1000, Temp: 0.0001, Energy: -50.050169-0.006899j
[2025-04-17 16:37:27] Iteration: 433/1000, Temp: 0.0001, Energy: -50.055086+0.004432j
[2025-04-17 16:37:30] Iteration: 434/1000, Temp: 0.0001, Energy: -50.030371-0.000685j
[2025-04-17 16:37:34] Iteration: 435/1000, Temp: 0.0001, Energy: -50.012472+0.001284j
[2025-04-17 16:37:38] Iteration: 436/1000, Temp: 0.0001, Energy: -49.984461+0.001134j
[2025-04-17 16:37:41] Iteration: 437/1000, Temp: 0.0001, Energy: -50.074005-0.004902j
[2025-04-17 16:37:45] Iteration: 438/1000, Temp: 0.0001, Energy: -50.198935-0.003473j
[2025-04-17 16:37:49] Iteration: 439/1000, Temp: 0.0001, Energy: -50.372451+0.001731j
[2025-04-17 16:37:53] Iteration: 440/1000, Temp: 0.0001, Energy: -50.389201-0.000279j
[2025-04-17 16:37:56] Iteration: 441/1000, Temp: 0.0001, Energy: -50.337368+0.005138j
[2025-04-17 16:38:00] Iteration: 442/1000, Temp: 0.0001, Energy: -50.218048+0.003235j
[2025-04-17 16:38:04] Iteration: 443/1000, Temp: 0.0001, Energy: -50.267468+0.004408j
[2025-04-17 16:38:07] Iteration: 444/1000, Temp: 0.0001, Energy: -50.314186-0.000104j
[2025-04-17 16:38:11] Iteration: 445/1000, Temp: 0.0001, Energy: -50.176780-0.000482j
[2025-04-17 16:38:15] Iteration: 446/1000, Temp: 0.0001, Energy: -50.130398+0.006871j
[2025-04-17 16:38:18] Iteration: 447/1000, Temp: 0.0001, Energy: -50.175896+0.004454j
[2025-04-17 16:38:22] Iteration: 448/1000, Temp: 0.0001, Energy: -50.168522+0.012829j
[2025-04-17 16:38:26] Iteration: 449/1000, Temp: 0.0001, Energy: -50.008196-0.002354j
[2025-04-17 16:38:30] Iteration: 450/1000, Temp: 0.0001, Energy: -50.167750+0.002814j
[2025-04-17 16:38:33] Iteration: 451/1000, Temp: 0.0001, Energy: -50.202982-0.003339j
[2025-04-17 16:38:37] Iteration: 452/1000, Temp: 0.0001, Energy: -50.139282-0.000785j
[2025-04-17 16:38:41] Iteration: 453/1000, Temp: 0.0001, Energy: -50.162958-0.001715j
[2025-04-17 16:38:44] Iteration: 454/1000, Temp: 0.0001, Energy: -50.060113-0.002504j
[2025-04-17 16:38:48] Iteration: 455/1000, Temp: 0.0001, Energy: -50.160070-0.011995j
[2025-04-17 16:38:52] Iteration: 456/1000, Temp: 0.0001, Energy: -50.159083-0.003478j
[2025-04-17 16:38:55] Iteration: 457/1000, Temp: 0.0001, Energy: -50.118341+0.007782j
[2025-04-17 16:38:59] Iteration: 458/1000, Temp: 0.0001, Energy: -50.063128-0.001988j
[2025-04-17 16:39:03] Iteration: 459/1000, Temp: 0.0001, Energy: -50.101266+0.006824j
[2025-04-17 16:39:07] Iteration: 460/1000, Temp: 0.0001, Energy: -50.192546-0.002621j
[2025-04-17 16:39:10] Iteration: 461/1000, Temp: 0.0000, Energy: -50.010200-0.000025j
[2025-04-17 16:39:14] Iteration: 462/1000, Temp: 0.0000, Energy: -50.076409+0.003022j
[2025-04-17 16:39:18] Iteration: 463/1000, Temp: 0.0000, Energy: -50.042246+0.007187j
[2025-04-17 16:39:21] Iteration: 464/1000, Temp: 0.0000, Energy: -50.010117+0.000348j
[2025-04-17 16:39:25] Iteration: 465/1000, Temp: 0.0000, Energy: -50.094107-0.000296j
[2025-04-17 16:39:29] Iteration: 466/1000, Temp: 0.0000, Energy: -50.069114+0.000999j
[2025-04-17 16:39:33] Iteration: 467/1000, Temp: 0.0000, Energy: -50.055798-0.005812j
[2025-04-17 16:39:36] Iteration: 468/1000, Temp: 0.0000, Energy: -50.155598+0.001897j
[2025-04-17 16:39:40] Iteration: 469/1000, Temp: 0.0000, Energy: -50.101456-0.010553j
[2025-04-17 16:39:44] Iteration: 470/1000, Temp: 0.0000, Energy: -50.112825-0.013603j
[2025-04-17 16:39:47] Iteration: 471/1000, Temp: 0.0000, Energy: -50.266491-0.005422j
[2025-04-17 16:39:51] Iteration: 472/1000, Temp: 0.0000, Energy: -50.265173-0.000586j
[2025-04-17 16:39:55] Iteration: 473/1000, Temp: 0.0000, Energy: -50.290175-0.007619j
[2025-04-17 16:39:58] Iteration: 474/1000, Temp: 0.0000, Energy: -50.213147-0.006993j
[2025-04-17 16:40:02] Iteration: 475/1000, Temp: 0.0000, Energy: -50.094134+0.005307j
[2025-04-17 16:40:06] Iteration: 476/1000, Temp: 0.0000, Energy: -50.099972-0.001443j
[2025-04-17 16:40:10] Iteration: 477/1000, Temp: 0.0000, Energy: -50.109150-0.002763j
[2025-04-17 16:40:13] Iteration: 478/1000, Temp: 0.0000, Energy: -50.158819-0.006025j
[2025-04-17 16:40:17] Iteration: 479/1000, Temp: 0.0000, Energy: -50.081353-0.007307j
[2025-04-17 16:40:21] Iteration: 480/1000, Temp: 0.0000, Energy: -50.074183-0.005365j
[2025-04-17 16:40:25] Iteration: 481/1000, Temp: 0.0000, Energy: -49.925119+0.000646j
[2025-04-17 16:40:28] Iteration: 482/1000, Temp: 0.0000, Energy: -50.034914-0.000718j
[2025-04-17 16:40:32] Iteration: 483/1000, Temp: 0.0000, Energy: -50.271804-0.002821j
[2025-04-17 16:40:36] Iteration: 484/1000, Temp: 0.0000, Energy: -50.080742-0.000384j
[2025-04-17 16:40:39] Iteration: 485/1000, Temp: 0.0000, Energy: -50.028830-0.005064j
[2025-04-17 16:40:43] Iteration: 486/1000, Temp: 0.0000, Energy: -50.050407+0.010245j
[2025-04-17 16:40:47] Iteration: 487/1000, Temp: 0.0000, Energy: -49.981902-0.004951j
[2025-04-17 16:40:50] Iteration: 488/1000, Temp: 0.0000, Energy: -50.079585-0.000402j
[2025-04-17 16:40:54] Iteration: 489/1000, Temp: 0.0000, Energy: -50.097441+0.002134j
[2025-04-17 16:40:58] Iteration: 490/1000, Temp: 0.0000, Energy: -49.995102+0.002446j
[2025-04-17 16:41:02] Iteration: 491/1000, Temp: 0.0000, Energy: -50.032421-0.005695j
[2025-04-17 16:41:05] Iteration: 492/1000, Temp: 0.0000, Energy: -50.159505+0.006423j
[2025-04-17 16:41:09] Iteration: 493/1000, Temp: 0.0000, Energy: -50.238018-0.006803j
[2025-04-17 16:41:13] Iteration: 494/1000, Temp: 0.0000, Energy: -50.141622+0.005111j
[2025-04-17 16:41:16] Iteration: 495/1000, Temp: 0.0000, Energy: -50.105575+0.000793j
[2025-04-17 16:41:20] Iteration: 496/1000, Temp: 0.0000, Energy: -50.134556+0.010684j
[2025-04-17 16:41:24] Iteration: 497/1000, Temp: 0.0000, Energy: -50.224542+0.008013j
[2025-04-17 16:41:27] Iteration: 498/1000, Temp: 0.0000, Energy: -50.227623-0.000573j
[2025-04-17 16:41:31] Iteration: 499/1000, Temp: 0.0000, Energy: -50.214572+0.000310j
[2025-04-17 16:41:35] Iteration: 500/1000, Temp: 0.0000, Energy: -50.088976-0.003604j
[2025-04-17 16:41:39] Iteration: 501/1000, Temp: 0.0000, Energy: -50.150407-0.001811j
[2025-04-17 16:41:42] Iteration: 502/1000, Temp: 0.0000, Energy: -50.065837+0.004189j
[2025-04-17 16:41:46] Iteration: 503/1000, Temp: 0.0000, Energy: -50.094374-0.001696j
[2025-04-17 16:41:50] Iteration: 504/1000, Temp: 0.0000, Energy: -50.098791+0.002225j
[2025-04-17 16:41:53] Iteration: 505/1000, Temp: 0.0000, Energy: -50.058488-0.003240j
[2025-04-17 16:41:57] Iteration: 506/1000, Temp: 0.0000, Energy: -50.245733+0.000732j
[2025-04-17 16:42:01] Iteration: 507/1000, Temp: 0.0000, Energy: -50.060061+0.004589j
[2025-04-17 16:42:04] Iteration: 508/1000, Temp: 0.0000, Energy: -50.089136+0.000589j
[2025-04-17 16:42:08] Iteration: 509/1000, Temp: 0.0000, Energy: -50.082900-0.002493j
[2025-04-17 16:42:12] Iteration: 510/1000, Temp: 0.0000, Energy: -50.139988-0.000090j
[2025-04-17 16:42:16] Iteration: 511/1000, Temp: 0.0000, Energy: -50.159658+0.001986j
[2025-04-17 16:42:19] Iteration: 512/1000, Temp: 0.0000, Energy: -50.128020-0.009651j
[2025-04-17 16:42:23] Iteration: 513/1000, Temp: 0.0000, Energy: -50.099848-0.000968j
[2025-04-17 16:42:27] Iteration: 514/1000, Temp: 0.0000, Energy: -50.116068-0.003937j
[2025-04-17 16:42:30] Iteration: 515/1000, Temp: 0.0000, Energy: -50.171171-0.002980j
[2025-04-17 16:42:34] Iteration: 516/1000, Temp: 0.0000, Energy: -50.128167+0.005079j
[2025-04-17 16:42:38] Iteration: 517/1000, Temp: 0.0000, Energy: -50.106541-0.003394j
[2025-04-17 16:42:41] Iteration: 518/1000, Temp: 0.0000, Energy: -50.072315-0.004162j
[2025-04-17 16:42:45] Iteration: 519/1000, Temp: 0.0000, Energy: -50.230625-0.000490j
[2025-04-17 16:42:49] Iteration: 520/1000, Temp: 0.0000, Energy: -50.140103+0.000146j
[2025-04-17 16:42:52] Iteration: 521/1000, Temp: 0.0000, Energy: -50.171839+0.000501j
[2025-04-17 16:42:56] Iteration: 522/1000, Temp: 0.0000, Energy: -50.228352+0.002285j
[2025-04-17 16:43:00] Iteration: 523/1000, Temp: 0.0000, Energy: -50.131746+0.001018j
[2025-04-17 16:43:04] Iteration: 524/1000, Temp: 0.0000, Energy: -50.062819-0.020539j
[2025-04-17 16:43:07] Iteration: 525/1000, Temp: 0.0000, Energy: -50.172585+0.005748j
[2025-04-17 16:43:11] Iteration: 526/1000, Temp: 0.0000, Energy: -50.054746+0.010947j
[2025-04-17 16:43:15] Iteration: 527/1000, Temp: 0.0000, Energy: -49.991159-0.001763j
[2025-04-17 16:43:18] Iteration: 528/1000, Temp: 0.0000, Energy: -50.042143-0.005980j
[2025-04-17 16:43:22] Iteration: 529/1000, Temp: 0.0000, Energy: -50.082718+0.001688j
[2025-04-17 16:43:26] Iteration: 530/1000, Temp: 0.0000, Energy: -50.065653+0.004415j
[2025-04-17 16:43:30] Iteration: 531/1000, Temp: 0.0000, Energy: -50.109121-0.003657j
[2025-04-17 16:43:33] Iteration: 532/1000, Temp: 0.0000, Energy: -50.158628-0.002081j
[2025-04-17 16:43:37] Iteration: 533/1000, Temp: 0.0000, Energy: -50.184488-0.006292j
[2025-04-17 16:43:41] Iteration: 534/1000, Temp: 0.0000, Energy: -50.144842-0.004282j
[2025-04-17 16:43:44] Iteration: 535/1000, Temp: 0.0000, Energy: -49.993673-0.002581j
[2025-04-17 16:43:48] Iteration: 536/1000, Temp: 0.0000, Energy: -50.082919+0.008171j
[2025-04-17 16:43:52] Iteration: 537/1000, Temp: 0.0000, Energy: -50.027973-0.005221j
[2025-04-17 16:43:55] Iteration: 538/1000, Temp: 0.0000, Energy: -50.019968+0.000903j
[2025-04-17 16:43:59] Iteration: 539/1000, Temp: 0.0000, Energy: -50.073440-0.000280j
[2025-04-17 16:44:03] Iteration: 540/1000, Temp: 0.0000, Energy: -50.120693+0.000916j
[2025-04-17 16:44:07] Iteration: 541/1000, Temp: 0.0000, Energy: -49.976064+0.006750j
[2025-04-17 16:44:10] Iteration: 542/1000, Temp: 0.0000, Energy: -50.139804+0.000284j
[2025-04-17 16:44:14] Iteration: 543/1000, Temp: 0.0000, Energy: -50.190619+0.000363j
[2025-04-17 16:44:18] Iteration: 544/1000, Temp: 0.0000, Energy: -50.229517+0.003527j
[2025-04-17 16:44:21] Iteration: 545/1000, Temp: 0.0000, Energy: -50.103480+0.000961j
[2025-04-17 16:44:25] Iteration: 546/1000, Temp: 0.0000, Energy: -50.179393+0.008681j
[2025-04-17 16:44:29] Iteration: 547/1000, Temp: 0.0000, Energy: -50.222367-0.004995j
[2025-04-17 16:44:33] Iteration: 548/1000, Temp: 0.0000, Energy: -50.171672-0.007169j
[2025-04-17 16:44:36] Iteration: 549/1000, Temp: 0.0000, Energy: -50.194985-0.000359j
[2025-04-17 16:44:40] Iteration: 550/1000, Temp: 0.0000, Energy: -50.033435-0.004240j
[2025-04-17 16:44:44] Iteration: 551/1000, Temp: 0.0000, Energy: -50.100244-0.001489j
[2025-04-17 16:44:47] Iteration: 552/1000, Temp: 0.0000, Energy: -49.994965-0.000556j
[2025-04-17 16:44:51] Iteration: 553/1000, Temp: 0.0000, Energy: -50.020827-0.004435j
[2025-04-17 16:44:55] Iteration: 554/1000, Temp: 0.0000, Energy: -50.009034+0.009120j
[2025-04-17 16:44:58] Iteration: 555/1000, Temp: 0.0000, Energy: -50.049056-0.003999j
[2025-04-17 16:45:02] Iteration: 556/1000, Temp: 0.0000, Energy: -50.146111+0.006179j
[2025-04-17 16:45:06] Iteration: 557/1000, Temp: 0.0000, Energy: -50.214672+0.000705j
[2025-04-17 16:45:10] Iteration: 558/1000, Temp: 0.0000, Energy: -50.355413+0.006265j
[2025-04-17 16:45:13] Iteration: 559/1000, Temp: 0.0000, Energy: -50.223010-0.000658j
[2025-04-17 16:45:17] Iteration: 560/1000, Temp: 0.0000, Energy: -50.231129+0.001471j
[2025-04-17 16:45:21] Iteration: 561/1000, Temp: 0.0000, Energy: -50.374102-0.000060j
[2025-04-17 16:45:25] Iteration: 562/1000, Temp: 0.0000, Energy: -50.311951+0.011641j
[2025-04-17 16:45:28] Iteration: 563/1000, Temp: 0.0000, Energy: -50.254358-0.006585j
[2025-04-17 16:45:32] Iteration: 564/1000, Temp: 0.0000, Energy: -50.233543-0.004648j
[2025-04-17 16:45:36] Iteration: 565/1000, Temp: 0.0000, Energy: -50.122615+0.007676j
[2025-04-17 16:45:39] Iteration: 566/1000, Temp: 0.0000, Energy: -50.125409-0.001825j
[2025-04-17 16:45:43] Iteration: 567/1000, Temp: 0.0000, Energy: -50.122928-0.000170j
[2025-04-17 16:45:47] Iteration: 568/1000, Temp: 0.0000, Energy: -50.086445+0.003004j
[2025-04-17 16:45:50] Iteration: 569/1000, Temp: 0.0000, Energy: -50.035952+0.002076j
[2025-04-17 16:45:54] Iteration: 570/1000, Temp: 0.0000, Energy: -50.041519-0.003146j
[2025-04-17 16:45:58] Iteration: 571/1000, Temp: 0.0000, Energy: -50.117063-0.002024j
[2025-04-17 16:46:02] Iteration: 572/1000, Temp: 0.0000, Energy: -50.043976+0.002362j
[2025-04-17 16:46:05] Iteration: 573/1000, Temp: 0.0000, Energy: -50.100331+0.001273j
[2025-04-17 16:46:09] Iteration: 574/1000, Temp: 0.0000, Energy: -50.128397+0.005233j
[2025-04-17 16:46:13] Iteration: 575/1000, Temp: 0.0000, Energy: -50.044829+0.007375j
[2025-04-17 16:46:16] Iteration: 576/1000, Temp: 0.0000, Energy: -50.105790+0.005639j
[2025-04-17 16:46:20] Iteration: 577/1000, Temp: 0.0000, Energy: -50.076931+0.005495j
[2025-04-17 16:46:24] Iteration: 578/1000, Temp: 0.0000, Energy: -50.045879+0.000063j
[2025-04-17 16:46:28] Iteration: 579/1000, Temp: 0.0000, Energy: -50.072144-0.007180j
[2025-04-17 16:46:31] Iteration: 580/1000, Temp: 0.0000, Energy: -50.098146+0.000894j
[2025-04-17 16:46:35] Iteration: 581/1000, Temp: 0.0000, Energy: -50.131709-0.007293j
[2025-04-17 16:46:39] Iteration: 582/1000, Temp: 0.0000, Energy: -49.986554+0.006923j
[2025-04-17 16:46:42] Iteration: 583/1000, Temp: 0.0000, Energy: -49.922579-0.002263j
[2025-04-17 16:46:46] Iteration: 584/1000, Temp: 0.0000, Energy: -49.996255-0.003267j
[2025-04-17 16:46:50] Iteration: 585/1000, Temp: 0.0000, Energy: -50.014660-0.000743j
[2025-04-17 16:46:53] Iteration: 586/1000, Temp: 0.0000, Energy: -50.169628-0.001717j
[2025-04-17 16:46:57] Iteration: 587/1000, Temp: 0.0000, Energy: -50.189739+0.002508j
[2025-04-17 16:47:01] Iteration: 588/1000, Temp: 0.0000, Energy: -50.036431-0.007914j
[2025-04-17 16:47:05] Iteration: 589/1000, Temp: 0.0000, Energy: -50.067191-0.003310j
[2025-04-17 16:47:08] Iteration: 590/1000, Temp: 0.0000, Energy: -50.024576-0.003714j
[2025-04-17 16:47:12] Iteration: 591/1000, Temp: 0.0000, Energy: -50.019292-0.001743j
[2025-04-17 16:47:16] Iteration: 592/1000, Temp: 0.0000, Energy: -50.105547-0.006962j
[2025-04-17 16:47:19] Iteration: 593/1000, Temp: 0.0000, Energy: -50.164612-0.004745j
[2025-04-17 16:47:23] Iteration: 594/1000, Temp: 0.0000, Energy: -50.127193+0.001169j
[2025-04-17 16:47:27] Iteration: 595/1000, Temp: 0.0000, Energy: -50.175826-0.011897j
[2025-04-17 16:47:30] Iteration: 596/1000, Temp: 0.0000, Energy: -50.214280+0.004392j
[2025-04-17 16:47:34] Iteration: 597/1000, Temp: 0.0000, Energy: -50.016901+0.001082j
[2025-04-17 16:47:38] Iteration: 598/1000, Temp: 0.0000, Energy: -50.010616+0.002801j
[2025-04-17 16:47:42] Iteration: 599/1000, Temp: 0.0000, Energy: -50.068337+0.002242j
[2025-04-17 16:47:45] Iteration: 600/1000, Temp: 0.0000, Energy: -50.116619-0.002617j
[2025-04-17 16:47:49] Iteration: 601/1000, Temp: 0.0000, Energy: -50.071031-0.000301j
[2025-04-17 16:47:53] Iteration: 602/1000, Temp: 0.0000, Energy: -50.031778-0.001752j
[2025-04-17 16:47:56] Iteration: 603/1000, Temp: 0.0000, Energy: -50.154924-0.010757j
[2025-04-17 16:48:00] Iteration: 604/1000, Temp: 0.0000, Energy: -50.097443-0.003569j
[2025-04-17 16:48:04] Iteration: 605/1000, Temp: 0.0000, Energy: -50.085218-0.004054j
[2025-04-17 16:48:07] Iteration: 606/1000, Temp: 0.0000, Energy: -50.121051-0.002763j
[2025-04-17 16:48:11] Iteration: 607/1000, Temp: 0.0000, Energy: -50.043474+0.005974j
[2025-04-17 16:48:15] Iteration: 608/1000, Temp: 0.0000, Energy: -50.132634+0.003060j
[2025-04-17 16:48:19] Iteration: 609/1000, Temp: 0.0000, Energy: -50.201203+0.005282j
[2025-04-17 16:48:22] Iteration: 610/1000, Temp: 0.0000, Energy: -50.172693+0.011427j
[2025-04-17 16:48:26] Iteration: 611/1000, Temp: 0.0000, Energy: -50.108968-0.001617j
[2025-04-17 16:48:30] Iteration: 612/1000, Temp: 0.0000, Energy: -50.136349-0.005758j
[2025-04-17 16:48:33] Iteration: 613/1000, Temp: 0.0000, Energy: -50.142367+0.006826j
[2025-04-17 16:48:37] Iteration: 614/1000, Temp: 0.0000, Energy: -50.189461-0.004086j
[2025-04-17 16:48:41] Iteration: 615/1000, Temp: 0.0000, Energy: -50.022237-0.004520j
[2025-04-17 16:48:44] Iteration: 616/1000, Temp: 0.0000, Energy: -50.055337-0.003509j
[2025-04-17 16:48:48] Iteration: 617/1000, Temp: 0.0000, Energy: -50.171642-0.012450j
[2025-04-17 16:48:52] Iteration: 618/1000, Temp: 0.0000, Energy: -50.120051+0.005629j
[2025-04-17 16:48:56] Iteration: 619/1000, Temp: 0.0000, Energy: -50.179365+0.002088j
[2025-04-17 16:48:59] Iteration: 620/1000, Temp: 0.0000, Energy: -50.215269-0.000340j
[2025-04-17 16:49:03] Iteration: 621/1000, Temp: 0.0000, Energy: -50.124006-0.006146j
[2025-04-17 16:49:07] Iteration: 622/1000, Temp: 0.0000, Energy: -50.164213-0.011672j
[2025-04-17 16:49:10] Iteration: 623/1000, Temp: 0.0000, Energy: -50.047895+0.001107j
[2025-04-17 16:49:14] Iteration: 624/1000, Temp: 0.0000, Energy: -50.158404-0.001560j
[2025-04-17 16:49:18] Iteration: 625/1000, Temp: 0.0000, Energy: -50.240753+0.002085j
[2025-04-17 16:49:21] Iteration: 626/1000, Temp: 0.0000, Energy: -50.198466-0.004937j
[2025-04-17 16:49:25] Iteration: 627/1000, Temp: 0.0000, Energy: -50.103133+0.004011j
[2025-04-17 16:49:29] Iteration: 628/1000, Temp: 0.0000, Energy: -50.100429+0.002208j
[2025-04-17 16:49:33] Iteration: 629/1000, Temp: 0.0000, Energy: -50.321774+0.003356j
[2025-04-17 16:49:36] Iteration: 630/1000, Temp: 0.0000, Energy: -50.270782+0.006896j
[2025-04-17 16:49:40] Iteration: 631/1000, Temp: 0.0000, Energy: -50.258480+0.002930j
[2025-04-17 16:49:44] Iteration: 632/1000, Temp: 0.0000, Energy: -50.139049-0.000107j
[2025-04-17 16:49:47] Iteration: 633/1000, Temp: 0.0000, Energy: -50.055819+0.004008j
[2025-04-17 16:49:51] Iteration: 634/1000, Temp: 0.0000, Energy: -50.047946-0.006197j
[2025-04-17 16:49:55] Iteration: 635/1000, Temp: 0.0000, Energy: -50.159673-0.008448j
[2025-04-17 16:49:58] Iteration: 636/1000, Temp: 0.0000, Energy: -50.169285-0.007241j
[2025-04-17 16:50:02] Iteration: 637/1000, Temp: 0.0000, Energy: -50.085583-0.005270j
[2025-04-17 16:50:06] Iteration: 638/1000, Temp: 0.0000, Energy: -50.166396+0.005199j
[2025-04-17 16:50:10] Iteration: 639/1000, Temp: 0.0000, Energy: -50.079796+0.013320j
[2025-04-17 16:50:13] Iteration: 640/1000, Temp: 0.0000, Energy: -50.075853-0.002913j
[2025-04-17 16:50:17] Iteration: 641/1000, Temp: 0.0000, Energy: -50.063693-0.002247j
[2025-04-17 16:50:21] Iteration: 642/1000, Temp: 0.0000, Energy: -50.117100+0.002502j
[2025-04-17 16:50:24] Iteration: 643/1000, Temp: 0.0000, Energy: -50.046046-0.007843j
[2025-04-17 16:50:28] Iteration: 644/1000, Temp: 0.0000, Energy: -50.163568-0.001733j
[2025-04-17 16:50:32] Iteration: 645/1000, Temp: 0.0000, Energy: -50.066444-0.003702j
[2025-04-17 16:50:36] Iteration: 646/1000, Temp: 0.0000, Energy: -50.094373-0.002028j
[2025-04-17 16:50:39] Iteration: 647/1000, Temp: 0.0000, Energy: -50.087983+0.003223j
[2025-04-17 16:50:43] Iteration: 648/1000, Temp: 0.0000, Energy: -50.078108+0.002169j
[2025-04-17 16:50:47] Iteration: 649/1000, Temp: 0.0000, Energy: -50.008740-0.003009j
[2025-04-17 16:50:50] Iteration: 650/1000, Temp: 0.0000, Energy: -50.090834+0.003418j
[2025-04-17 16:50:54] Iteration: 651/1000, Temp: 0.0000, Energy: -50.154120+0.003687j
[2025-04-17 16:50:58] Iteration: 652/1000, Temp: 0.0000, Energy: -50.122485+0.006976j
[2025-04-17 16:51:02] Iteration: 653/1000, Temp: 0.0000, Energy: -50.248691+0.002017j
[2025-04-17 16:51:05] Iteration: 654/1000, Temp: 0.0000, Energy: -50.053541+0.003188j
[2025-04-17 16:51:09] Iteration: 655/1000, Temp: 0.0000, Energy: -50.141583-0.002013j
[2025-04-17 16:51:13] Iteration: 656/1000, Temp: 0.0000, Energy: -50.147627-0.002773j
[2025-04-17 16:51:16] Iteration: 657/1000, Temp: 0.0000, Energy: -50.109410+0.002911j
[2025-04-17 16:51:20] Iteration: 658/1000, Temp: 0.0000, Energy: -50.068247-0.000801j
[2025-04-17 16:51:24] Iteration: 659/1000, Temp: 0.0000, Energy: -50.137328-0.001620j
[2025-04-17 16:51:27] Iteration: 660/1000, Temp: 0.0000, Energy: -50.030787+0.005899j
[2025-04-17 16:51:31] Iteration: 661/1000, Temp: 0.0000, Energy: -49.972499-0.001575j
[2025-04-17 16:51:35] Iteration: 662/1000, Temp: 0.0000, Energy: -50.106230+0.001362j
[2025-04-17 16:51:39] Iteration: 663/1000, Temp: 0.0000, Energy: -50.166376+0.007460j
[2025-04-17 16:51:42] Iteration: 664/1000, Temp: 0.0000, Energy: -49.941249-0.003454j
[2025-04-17 16:51:46] Iteration: 665/1000, Temp: 0.0000, Energy: -49.966911+0.000110j
[2025-04-17 16:51:50] Iteration: 666/1000, Temp: 0.0000, Energy: -50.006004+0.006893j
[2025-04-17 16:51:53] Iteration: 667/1000, Temp: 0.0000, Energy: -50.007889-0.000442j
[2025-04-17 16:51:57] Iteration: 668/1000, Temp: 0.0000, Energy: -49.930509-0.006869j
[2025-04-17 16:52:01] Iteration: 669/1000, Temp: 0.0000, Energy: -50.049172-0.016350j
[2025-04-17 16:52:04] Iteration: 670/1000, Temp: 0.0000, Energy: -50.130951+0.004838j
[2025-04-17 16:52:08] Iteration: 671/1000, Temp: 0.0000, Energy: -50.141489+0.005519j
[2025-04-17 16:52:12] Iteration: 672/1000, Temp: 0.0000, Energy: -50.241892+0.005788j
[2025-04-17 16:52:16] Iteration: 673/1000, Temp: 0.0000, Energy: -50.174743-0.008342j
[2025-04-17 16:52:19] Iteration: 674/1000, Temp: 0.0000, Energy: -50.095549+0.003074j
[2025-04-17 16:52:23] Iteration: 675/1000, Temp: 0.0000, Energy: -50.122952-0.001256j
[2025-04-17 16:52:27] Iteration: 676/1000, Temp: 0.0000, Energy: -50.232236+0.002130j
[2025-04-17 16:52:30] Iteration: 677/1000, Temp: 0.0000, Energy: -50.149823+0.002725j
[2025-04-17 16:52:34] Iteration: 678/1000, Temp: 0.0000, Energy: -50.235220+0.001753j
[2025-04-17 16:52:38] Iteration: 679/1000, Temp: 0.0000, Energy: -50.112127+0.005985j
[2025-04-17 16:52:41] Iteration: 680/1000, Temp: 0.0000, Energy: -50.240277+0.002348j
[2025-04-17 16:52:45] Iteration: 681/1000, Temp: 0.0000, Energy: -50.216760-0.001629j
[2025-04-17 16:52:49] Iteration: 682/1000, Temp: 0.0000, Energy: -50.255522+0.001656j
[2025-04-17 16:52:53] Iteration: 683/1000, Temp: 0.0000, Energy: -50.199292-0.007898j
[2025-04-17 16:52:56] Iteration: 684/1000, Temp: 0.0000, Energy: -50.225932-0.003097j
[2025-04-17 16:53:00] Iteration: 685/1000, Temp: 0.0000, Energy: -50.158650-0.000955j
[2025-04-17 16:53:04] Iteration: 686/1000, Temp: 0.0000, Energy: -50.131985-0.000941j
[2025-04-17 16:53:07] Iteration: 687/1000, Temp: 0.0000, Energy: -50.287875-0.003607j
[2025-04-17 16:53:11] Iteration: 688/1000, Temp: 0.0000, Energy: -50.087898+0.001911j
[2025-04-17 16:53:15] Iteration: 689/1000, Temp: 0.0000, Energy: -50.050548-0.001223j
[2025-04-17 16:53:18] Iteration: 690/1000, Temp: 0.0000, Energy: -50.235797+0.005529j
[2025-04-17 16:53:22] Iteration: 691/1000, Temp: 0.0000, Energy: -49.945697-0.001282j
[2025-04-17 16:53:26] Iteration: 692/1000, Temp: 0.0000, Energy: -50.152942+0.001942j
[2025-04-17 16:53:30] Iteration: 693/1000, Temp: 0.0000, Energy: -50.180412+0.002387j
[2025-04-17 16:53:33] Iteration: 694/1000, Temp: 0.0000, Energy: -50.140172+0.003683j
[2025-04-17 16:53:37] Iteration: 695/1000, Temp: 0.0000, Energy: -50.013208+0.000095j
[2025-04-17 16:53:41] Iteration: 696/1000, Temp: 0.0000, Energy: -50.163021-0.002803j
[2025-04-17 16:53:44] Iteration: 697/1000, Temp: 0.0000, Energy: -50.208234-0.001821j
[2025-04-17 16:53:48] Iteration: 698/1000, Temp: 0.0000, Energy: -50.311281+0.007901j
[2025-04-17 16:53:52] Iteration: 699/1000, Temp: 0.0000, Energy: -50.220713-0.004026j
[2025-04-17 16:53:55] Iteration: 700/1000, Temp: 0.0000, Energy: -50.181364+0.000654j
[2025-04-17 16:53:59] Iteration: 701/1000, Temp: 0.0000, Energy: -50.032161-0.007021j
[2025-04-17 16:54:03] Iteration: 702/1000, Temp: 0.0000, Energy: -50.108871+0.003539j
[2025-04-17 16:54:07] Iteration: 703/1000, Temp: 0.0000, Energy: -50.062192+0.006323j
[2025-04-17 16:54:10] Iteration: 704/1000, Temp: 0.0000, Energy: -50.148344+0.006956j
[2025-04-17 16:54:14] Iteration: 705/1000, Temp: 0.0000, Energy: -50.082620-0.003115j
[2025-04-17 16:54:18] Iteration: 706/1000, Temp: 0.0000, Energy: -50.034899+0.000205j
[2025-04-17 16:54:21] Iteration: 707/1000, Temp: 0.0000, Energy: -50.105129-0.008034j
[2025-04-17 16:54:25] Iteration: 708/1000, Temp: 0.0000, Energy: -50.193093-0.000842j
[2025-04-17 16:54:29] Iteration: 709/1000, Temp: 0.0000, Energy: -50.203189-0.003855j
[2025-04-17 16:54:33] Iteration: 710/1000, Temp: 0.0000, Energy: -50.224740-0.005965j
[2025-04-17 16:54:36] Iteration: 711/1000, Temp: 0.0000, Energy: -50.203385+0.004199j
[2025-04-17 16:54:40] Iteration: 712/1000, Temp: 0.0000, Energy: -50.172331-0.004106j
[2025-04-17 16:54:44] Iteration: 713/1000, Temp: 0.0000, Energy: -50.155598+0.001153j
[2025-04-17 16:54:47] Iteration: 714/1000, Temp: 0.0000, Energy: -50.168402-0.011607j
[2025-04-17 16:54:51] Iteration: 715/1000, Temp: 0.0000, Energy: -50.080715+0.000089j
[2025-04-17 16:54:55] Iteration: 716/1000, Temp: 0.0000, Energy: -50.066656-0.004455j
[2025-04-17 16:54:58] Iteration: 717/1000, Temp: 0.0000, Energy: -50.149596+0.008069j
[2025-04-17 16:55:02] Iteration: 718/1000, Temp: 0.0000, Energy: -50.212843+0.004490j
[2025-04-17 16:55:06] Iteration: 719/1000, Temp: 0.0000, Energy: -50.195685+0.000515j
[2025-04-17 16:55:10] Iteration: 720/1000, Temp: 0.0000, Energy: -50.295003-0.000485j
[2025-04-17 16:55:13] Iteration: 721/1000, Temp: 0.0000, Energy: -50.256129+0.005081j
[2025-04-17 16:55:17] Iteration: 722/1000, Temp: 0.0000, Energy: -50.217172-0.000953j
[2025-04-17 16:55:21] Iteration: 723/1000, Temp: 0.0000, Energy: -50.191400+0.000396j
[2025-04-17 16:55:24] Iteration: 724/1000, Temp: 0.0000, Energy: -50.261439+0.003017j
[2025-04-17 16:55:28] Iteration: 725/1000, Temp: 0.0000, Energy: -50.148036+0.003333j
[2025-04-17 16:55:32] Iteration: 726/1000, Temp: 0.0000, Energy: -50.164589+0.007562j
[2025-04-17 16:55:36] Iteration: 727/1000, Temp: 0.0000, Energy: -50.279443+0.005618j
[2025-04-17 16:55:39] Iteration: 728/1000, Temp: 0.0000, Energy: -50.170303-0.000571j
[2025-04-17 16:55:43] Iteration: 729/1000, Temp: 0.0000, Energy: -50.089033+0.003558j
[2025-04-17 16:55:47] Iteration: 730/1000, Temp: 0.0000, Energy: -50.223866+0.005271j
[2025-04-17 16:55:50] Iteration: 731/1000, Temp: 0.0000, Energy: -50.254149-0.003880j
[2025-04-17 16:55:54] Iteration: 732/1000, Temp: 0.0000, Energy: -50.161859+0.001410j
[2025-04-17 16:55:58] Iteration: 733/1000, Temp: 0.0000, Energy: -50.351629-0.002367j
[2025-04-17 16:56:02] Iteration: 734/1000, Temp: 0.0000, Energy: -50.229514+0.007993j
[2025-04-17 16:56:05] Iteration: 735/1000, Temp: 0.0000, Energy: -50.281072+0.003142j
[2025-04-17 16:56:09] Iteration: 736/1000, Temp: 0.0000, Energy: -50.163559+0.001663j
[2025-04-17 16:56:13] Iteration: 737/1000, Temp: 0.0000, Energy: -50.169635-0.001320j
[2025-04-17 16:56:16] Iteration: 738/1000, Temp: 0.0000, Energy: -50.102240-0.002919j
[2025-04-17 16:56:20] Iteration: 739/1000, Temp: 0.0000, Energy: -49.969341+0.001029j
[2025-04-17 16:56:24] Iteration: 740/1000, Temp: 0.0000, Energy: -50.038034-0.008541j
[2025-04-17 16:56:28] Iteration: 741/1000, Temp: 0.0000, Energy: -50.157818+0.005844j
[2025-04-17 16:56:31] Iteration: 742/1000, Temp: 0.0000, Energy: -49.957228+0.003474j
[2025-04-17 16:56:35] Iteration: 743/1000, Temp: 0.0000, Energy: -50.035131+0.005652j
[2025-04-17 16:56:39] Iteration: 744/1000, Temp: 0.0000, Energy: -50.056085-0.004951j
[2025-04-17 16:56:42] Iteration: 745/1000, Temp: 0.0000, Energy: -50.113333+0.000946j
[2025-04-17 16:56:46] Iteration: 746/1000, Temp: 0.0000, Energy: -49.975720+0.000609j
[2025-04-17 16:56:50] Iteration: 747/1000, Temp: 0.0000, Energy: -50.115817+0.005348j
[2025-04-17 16:56:53] Iteration: 748/1000, Temp: 0.0000, Energy: -50.065452-0.007804j
[2025-04-17 16:56:57] Iteration: 749/1000, Temp: 0.0000, Energy: -50.206460-0.003741j
[2025-04-17 16:57:01] Iteration: 750/1000, Temp: 0.0000, Energy: -50.134671+0.000424j
[2025-04-17 16:57:05] Iteration: 751/1000, Temp: 0.0000, Energy: -50.034166-0.005436j
[2025-04-17 16:57:08] Iteration: 752/1000, Temp: 0.0000, Energy: -50.097026-0.001476j
[2025-04-17 16:57:12] Iteration: 753/1000, Temp: 0.0000, Energy: -50.141786+0.004236j
[2025-04-17 16:57:16] Iteration: 754/1000, Temp: 0.0000, Energy: -50.160887+0.003407j
[2025-04-17 16:57:19] Iteration: 755/1000, Temp: 0.0000, Energy: -50.002883+0.001211j
[2025-04-17 16:57:23] Iteration: 756/1000, Temp: 0.0000, Energy: -50.139796-0.010333j
[2025-04-17 16:57:27] Iteration: 757/1000, Temp: 0.0000, Energy: -49.972264-0.008584j
[2025-04-17 16:57:30] Iteration: 758/1000, Temp: 0.0000, Energy: -50.145858+0.008424j
[2025-04-17 16:57:34] Iteration: 759/1000, Temp: 0.0000, Energy: -50.118429+0.011124j
[2025-04-17 16:57:38] Iteration: 760/1000, Temp: 0.0000, Energy: -50.117859-0.003291j
[2025-04-17 16:57:42] Iteration: 761/1000, Temp: 0.0000, Energy: -50.102238+0.006597j
[2025-04-17 16:57:45] Iteration: 762/1000, Temp: 0.0000, Energy: -50.112028-0.001941j
[2025-04-17 16:57:49] Iteration: 763/1000, Temp: 0.0000, Energy: -49.987195-0.003936j
[2025-04-17 16:57:53] Iteration: 764/1000, Temp: 0.0000, Energy: -50.111111+0.004905j
[2025-04-17 16:57:56] Iteration: 765/1000, Temp: 0.0000, Energy: -50.112473+0.006056j
[2025-04-17 16:58:00] Iteration: 766/1000, Temp: 0.0000, Energy: -50.052180+0.002199j
[2025-04-17 16:58:04] Iteration: 767/1000, Temp: 0.0000, Energy: -50.041823-0.002637j
[2025-04-17 16:58:08] Iteration: 768/1000, Temp: 0.0000, Energy: -50.130291+0.004304j
[2025-04-17 16:58:11] Iteration: 769/1000, Temp: 0.0000, Energy: -49.948818+0.000220j
[2025-04-17 16:58:15] Iteration: 770/1000, Temp: 0.0000, Energy: -50.181561-0.003910j
[2025-04-17 16:58:19] Iteration: 771/1000, Temp: 0.0000, Energy: -50.054709-0.004968j
[2025-04-17 16:58:22] Iteration: 772/1000, Temp: 0.0000, Energy: -50.045348+0.001017j
[2025-04-17 16:58:26] Iteration: 773/1000, Temp: 0.0000, Energy: -50.087527+0.011347j
[2025-04-17 16:58:30] Iteration: 774/1000, Temp: 0.0000, Energy: -50.032298+0.001365j
[2025-04-17 16:58:33] Iteration: 775/1000, Temp: 0.0000, Energy: -50.058476+0.001857j
[2025-04-17 16:58:37] Iteration: 776/1000, Temp: 0.0000, Energy: -50.110282+0.000927j
[2025-04-17 16:58:41] Iteration: 777/1000, Temp: 0.0000, Energy: -50.220685-0.001608j
[2025-04-17 16:58:45] Iteration: 778/1000, Temp: 0.0000, Energy: -49.948803-0.003618j
[2025-04-17 16:58:48] Iteration: 779/1000, Temp: 0.0000, Energy: -50.097974-0.002591j
[2025-04-17 16:58:52] Iteration: 780/1000, Temp: 0.0000, Energy: -50.049027+0.005077j
[2025-04-17 16:58:56] Iteration: 781/1000, Temp: 0.0000, Energy: -50.059883-0.004005j
[2025-04-17 16:58:59] Iteration: 782/1000, Temp: 0.0000, Energy: -50.092192-0.003346j
[2025-04-17 16:59:03] Iteration: 783/1000, Temp: 0.0000, Energy: -50.087414-0.007234j
[2025-04-17 16:59:07] Iteration: 784/1000, Temp: 0.0000, Energy: -49.947458-0.002821j
[2025-04-17 16:59:10] Iteration: 785/1000, Temp: 0.0000, Energy: -50.130162+0.003144j
[2025-04-17 16:59:14] Iteration: 786/1000, Temp: 0.0000, Energy: -50.132275+0.008367j
[2025-04-17 16:59:18] Iteration: 787/1000, Temp: 0.0000, Energy: -50.225142-0.002797j
[2025-04-17 16:59:22] Iteration: 788/1000, Temp: 0.0000, Energy: -50.133301-0.002623j
[2025-04-17 16:59:25] Iteration: 789/1000, Temp: 0.0000, Energy: -50.116112+0.003495j
[2025-04-17 16:59:29] Iteration: 790/1000, Temp: 0.0000, Energy: -50.036995-0.002731j
[2025-04-17 16:59:33] Iteration: 791/1000, Temp: 0.0000, Energy: -50.097901+0.004152j
[2025-04-17 16:59:36] Iteration: 792/1000, Temp: 0.0000, Energy: -50.114367+0.007611j
[2025-04-17 16:59:40] Iteration: 793/1000, Temp: 0.0000, Energy: -50.156514+0.000841j
[2025-04-17 16:59:44] Iteration: 794/1000, Temp: 0.0000, Energy: -50.185192+0.004317j
[2025-04-17 16:59:47] Iteration: 795/1000, Temp: 0.0000, Energy: -50.106854+0.002944j
[2025-04-17 16:59:51] Iteration: 796/1000, Temp: 0.0000, Energy: -50.078045-0.005002j
[2025-04-17 16:59:55] Iteration: 797/1000, Temp: 0.0000, Energy: -49.963494+0.000498j
[2025-04-17 16:59:59] Iteration: 798/1000, Temp: 0.0000, Energy: -50.064445+0.002686j
[2025-04-17 17:00:02] Iteration: 799/1000, Temp: 0.0000, Energy: -49.989858-0.004155j
[2025-04-17 17:00:06] Iteration: 800/1000, Temp: 0.0000, Energy: -50.039910+0.002155j
[2025-04-17 17:00:10] Iteration: 801/1000, Temp: 0.0000, Energy: -50.126209+0.002450j
[2025-04-17 17:00:14] Iteration: 802/1000, Temp: 0.0000, Energy: -50.151342-0.005244j
[2025-04-17 17:00:17] Iteration: 803/1000, Temp: 0.0000, Energy: -50.136765-0.000953j
[2025-04-17 17:00:21] Iteration: 804/1000, Temp: 0.0000, Energy: -50.162421+0.010355j
[2025-04-17 17:00:25] Iteration: 805/1000, Temp: 0.0000, Energy: -50.203420-0.001604j
[2025-04-17 17:00:28] Iteration: 806/1000, Temp: 0.0000, Energy: -49.997979-0.000932j
[2025-04-17 17:00:32] Iteration: 807/1000, Temp: 0.0000, Energy: -50.135592+0.003895j
[2025-04-17 17:00:36] Iteration: 808/1000, Temp: 0.0000, Energy: -50.106127-0.002499j
[2025-04-17 17:00:40] Iteration: 809/1000, Temp: 0.0000, Energy: -50.093905-0.004006j
[2025-04-17 17:00:43] Iteration: 810/1000, Temp: 0.0000, Energy: -50.162733-0.001485j
[2025-04-17 17:00:47] Iteration: 811/1000, Temp: 0.0000, Energy: -50.165360+0.002020j
[2025-04-17 17:00:51] Iteration: 812/1000, Temp: 0.0000, Energy: -50.241963+0.000067j
[2025-04-17 17:00:55] Iteration: 813/1000, Temp: 0.0000, Energy: -50.248116-0.001954j
[2025-04-17 17:00:58] Iteration: 814/1000, Temp: 0.0000, Energy: -50.079625+0.016611j
[2025-04-17 17:01:02] Iteration: 815/1000, Temp: 0.0000, Energy: -50.083930-0.002051j
[2025-04-17 17:01:06] Iteration: 816/1000, Temp: 0.0000, Energy: -50.101962+0.003135j
[2025-04-17 17:01:09] Iteration: 817/1000, Temp: 0.0000, Energy: -50.132083-0.007486j
[2025-04-17 17:01:13] Iteration: 818/1000, Temp: 0.0000, Energy: -50.133440-0.007438j
[2025-04-17 17:01:17] Iteration: 819/1000, Temp: 0.0000, Energy: -50.199034-0.010443j
[2025-04-17 17:01:20] Iteration: 820/1000, Temp: 0.0000, Energy: -50.116755-0.001914j
[2025-04-17 17:01:24] Iteration: 821/1000, Temp: 0.0000, Energy: -50.101299-0.002124j
[2025-04-17 17:01:28] Iteration: 822/1000, Temp: 0.0000, Energy: -50.057881+0.001694j
[2025-04-17 17:01:32] Iteration: 823/1000, Temp: 0.0000, Energy: -50.100230+0.006940j
[2025-04-17 17:01:35] Iteration: 824/1000, Temp: 0.0000, Energy: -50.120485+0.003446j
[2025-04-17 17:01:39] Iteration: 825/1000, Temp: 0.0000, Energy: -50.084935-0.005268j
[2025-04-17 17:01:43] Iteration: 826/1000, Temp: 0.0000, Energy: -49.932642+0.000502j
[2025-04-17 17:01:46] Iteration: 827/1000, Temp: 0.0000, Energy: -49.894965-0.004670j
[2025-04-17 17:01:50] Iteration: 828/1000, Temp: 0.0000, Energy: -50.026434+0.006878j
[2025-04-17 17:01:54] Iteration: 829/1000, Temp: 0.0000, Energy: -50.114870+0.002958j
[2025-04-17 17:01:58] Iteration: 830/1000, Temp: 0.0000, Energy: -50.172164-0.006074j
[2025-04-17 17:02:01] Iteration: 831/1000, Temp: 0.0000, Energy: -50.209953-0.000346j
[2025-04-17 17:02:05] Iteration: 832/1000, Temp: 0.0000, Energy: -50.196487+0.001116j
[2025-04-17 17:02:09] Iteration: 833/1000, Temp: 0.0000, Energy: -50.066526-0.001922j
[2025-04-17 17:02:12] Iteration: 834/1000, Temp: 0.0000, Energy: -49.985223-0.001422j
[2025-04-17 17:02:16] Iteration: 835/1000, Temp: 0.0000, Energy: -50.072773-0.002897j
[2025-04-17 17:02:20] Iteration: 836/1000, Temp: 0.0000, Energy: -50.055610+0.001250j
[2025-04-17 17:02:23] Iteration: 837/1000, Temp: 0.0000, Energy: -50.086683-0.005008j
[2025-04-17 17:02:27] Iteration: 838/1000, Temp: 0.0000, Energy: -50.159549+0.003221j
[2025-04-17 17:02:31] Iteration: 839/1000, Temp: 0.0000, Energy: -50.172195+0.007703j
[2025-04-17 17:02:35] Iteration: 840/1000, Temp: 0.0000, Energy: -50.236867-0.004973j
[2025-04-17 17:02:38] Iteration: 841/1000, Temp: 0.0000, Energy: -50.152287-0.003906j
[2025-04-17 17:02:42] Iteration: 842/1000, Temp: 0.0000, Energy: -50.087834-0.006422j
[2025-04-17 17:02:46] Iteration: 843/1000, Temp: 0.0000, Energy: -50.019247-0.005000j
[2025-04-17 17:02:49] Iteration: 844/1000, Temp: 0.0000, Energy: -50.003742+0.002478j
[2025-04-17 17:02:53] Iteration: 845/1000, Temp: 0.0000, Energy: -50.017975-0.000117j
[2025-04-17 17:02:57] Iteration: 846/1000, Temp: 0.0000, Energy: -49.987679-0.005436j
[2025-04-17 17:03:01] Iteration: 847/1000, Temp: 0.0000, Energy: -50.017215+0.006530j
[2025-04-17 17:03:04] Iteration: 848/1000, Temp: 0.0000, Energy: -50.044557+0.002900j
[2025-04-17 17:03:08] Iteration: 849/1000, Temp: 0.0000, Energy: -50.181222-0.005655j
[2025-04-17 17:03:12] Iteration: 850/1000, Temp: 0.0000, Energy: -50.141203-0.007094j
[2025-04-17 17:03:15] Iteration: 851/1000, Temp: 0.0000, Energy: -50.292340-0.004735j
[2025-04-17 17:03:19] Iteration: 852/1000, Temp: 0.0000, Energy: -50.257924+0.008045j
[2025-04-17 17:03:23] Iteration: 853/1000, Temp: 0.0000, Energy: -50.158170-0.003111j
[2025-04-17 17:03:26] Iteration: 854/1000, Temp: 0.0000, Energy: -50.199017+0.007232j
[2025-04-17 17:03:30] Iteration: 855/1000, Temp: 0.0000, Energy: -50.163359-0.002396j
[2025-04-17 17:03:34] Iteration: 856/1000, Temp: 0.0000, Energy: -50.203034-0.005027j
[2025-04-17 17:03:38] Iteration: 857/1000, Temp: 0.0000, Energy: -50.167914-0.001298j
[2025-04-17 17:03:41] Iteration: 858/1000, Temp: 0.0000, Energy: -49.973026-0.001672j
[2025-04-17 17:03:45] Iteration: 859/1000, Temp: 0.0000, Energy: -50.048931+0.004412j
[2025-04-17 17:03:49] Iteration: 860/1000, Temp: 0.0000, Energy: -50.017885+0.002457j
[2025-04-17 17:03:52] Iteration: 861/1000, Temp: 0.0000, Energy: -49.920799-0.003403j
[2025-04-17 17:03:56] Iteration: 862/1000, Temp: 0.0000, Energy: -50.021704+0.005035j
[2025-04-17 17:04:00] Iteration: 863/1000, Temp: 0.0000, Energy: -49.970084+0.000435j
[2025-04-17 17:04:03] Iteration: 864/1000, Temp: 0.0000, Energy: -49.952570+0.002074j
[2025-04-17 17:04:07] Iteration: 865/1000, Temp: 0.0000, Energy: -50.115735+0.000724j
[2025-04-17 17:04:11] Iteration: 866/1000, Temp: 0.0000, Energy: -50.162697-0.000779j
[2025-04-17 17:04:15] Iteration: 867/1000, Temp: 0.0000, Energy: -50.244465-0.001922j
[2025-04-17 17:04:18] Iteration: 868/1000, Temp: 0.0000, Energy: -50.145676+0.003103j
[2025-04-17 17:04:22] Iteration: 869/1000, Temp: 0.0000, Energy: -50.245258-0.000737j
[2025-04-17 17:04:26] Iteration: 870/1000, Temp: 0.0000, Energy: -50.097546+0.002207j
[2025-04-17 17:04:29] Iteration: 871/1000, Temp: 0.0000, Energy: -50.354239+0.001817j
[2025-04-17 17:04:33] Iteration: 872/1000, Temp: 0.0000, Energy: -50.295295-0.004481j
[2025-04-17 17:04:37] Iteration: 873/1000, Temp: 0.0000, Energy: -50.221327+0.003478j
[2025-04-17 17:04:40] Iteration: 874/1000, Temp: 0.0000, Energy: -50.268034+0.005874j
[2025-04-17 17:04:44] Iteration: 875/1000, Temp: 0.0000, Energy: -50.113015-0.001494j
[2025-04-17 17:04:48] Iteration: 876/1000, Temp: 0.0000, Energy: -50.077969+0.008363j
[2025-04-17 17:04:52] Iteration: 877/1000, Temp: 0.0000, Energy: -50.196713-0.001337j
[2025-04-17 17:04:55] Iteration: 878/1000, Temp: 0.0000, Energy: -50.114777+0.000537j
[2025-04-17 17:04:59] Iteration: 879/1000, Temp: 0.0000, Energy: -50.032906-0.001575j
[2025-04-17 17:05:03] Iteration: 880/1000, Temp: 0.0000, Energy: -50.148513+0.003869j
[2025-04-17 17:05:06] Iteration: 881/1000, Temp: 0.0000, Energy: -50.091116+0.002797j
[2025-04-17 17:05:10] Iteration: 882/1000, Temp: 0.0000, Energy: -50.162959-0.003980j
[2025-04-17 17:05:14] Iteration: 883/1000, Temp: 0.0000, Energy: -50.193728-0.002062j
[2025-04-17 17:05:17] Iteration: 884/1000, Temp: 0.0000, Energy: -50.165807-0.005856j
[2025-04-17 17:05:21] Iteration: 885/1000, Temp: 0.0000, Energy: -50.214443+0.001722j
[2025-04-17 17:05:25] Iteration: 886/1000, Temp: 0.0000, Energy: -50.239298+0.003710j
[2025-04-17 17:05:29] Iteration: 887/1000, Temp: 0.0000, Energy: -50.251685+0.000236j
[2025-04-17 17:05:32] Iteration: 888/1000, Temp: 0.0000, Energy: -50.286886+0.009336j
[2025-04-17 17:05:36] Iteration: 889/1000, Temp: 0.0000, Energy: -50.308676+0.001083j
[2025-04-17 17:05:40] Iteration: 890/1000, Temp: 0.0000, Energy: -50.174705-0.000598j
[2025-04-17 17:05:43] Iteration: 891/1000, Temp: 0.0000, Energy: -50.223872-0.004254j
[2025-04-17 17:05:47] Iteration: 892/1000, Temp: 0.0000, Energy: -50.239531+0.008216j
[2025-04-17 17:05:51] Iteration: 893/1000, Temp: 0.0000, Energy: -50.275700+0.005136j
[2025-04-17 17:05:55] Iteration: 894/1000, Temp: 0.0000, Energy: -50.224951-0.004136j
[2025-04-17 17:05:58] Iteration: 895/1000, Temp: 0.0000, Energy: -50.359777-0.000664j
[2025-04-17 17:06:02] Iteration: 896/1000, Temp: 0.0000, Energy: -50.316733-0.004317j
[2025-04-17 17:06:06] Iteration: 897/1000, Temp: 0.0000, Energy: -50.253033+0.001383j
[2025-04-17 17:06:09] Iteration: 898/1000, Temp: 0.0000, Energy: -50.077662+0.001818j
[2025-04-17 17:06:13] Iteration: 899/1000, Temp: 0.0000, Energy: -50.112185-0.002397j
[2025-04-17 17:06:17] Iteration: 900/1000, Temp: 0.0000, Energy: -50.087811-0.003295j
[2025-04-17 17:06:20] Iteration: 901/1000, Temp: 0.0000, Energy: -50.087275+0.004453j
[2025-04-17 17:06:24] Iteration: 902/1000, Temp: 0.0000, Energy: -50.093464+0.001858j
[2025-04-17 17:06:28] Iteration: 903/1000, Temp: 0.0000, Energy: -50.050143+0.006492j
[2025-04-17 17:06:32] Iteration: 904/1000, Temp: 0.0000, Energy: -50.134707+0.004686j
[2025-04-17 17:06:35] Iteration: 905/1000, Temp: 0.0000, Energy: -50.203349+0.003304j
[2025-04-17 17:06:39] Iteration: 906/1000, Temp: 0.0000, Energy: -50.140087+0.001588j
[2025-04-17 17:06:43] Iteration: 907/1000, Temp: 0.0000, Energy: -50.032210+0.001052j
[2025-04-17 17:06:46] Iteration: 908/1000, Temp: 0.0000, Energy: -50.134460+0.004709j
[2025-04-17 17:06:50] Iteration: 909/1000, Temp: 0.0000, Energy: -50.083342-0.016000j
[2025-04-17 17:06:54] Iteration: 910/1000, Temp: 0.0000, Energy: -50.089817-0.004362j
[2025-04-17 17:06:57] Iteration: 911/1000, Temp: 0.0000, Energy: -50.038278+0.001581j
[2025-04-17 17:07:01] Iteration: 912/1000, Temp: 0.0000, Energy: -50.001419-0.002829j
[2025-04-17 17:07:05] Iteration: 913/1000, Temp: 0.0000, Energy: -50.118741-0.006341j
[2025-04-17 17:07:09] Iteration: 914/1000, Temp: 0.0000, Energy: -50.102928-0.001911j
[2025-04-17 17:07:12] Iteration: 915/1000, Temp: 0.0000, Energy: -50.105012+0.001040j
[2025-04-17 17:07:16] Iteration: 916/1000, Temp: 0.0000, Energy: -50.123492-0.004809j
[2025-04-17 17:07:20] Iteration: 917/1000, Temp: 0.0000, Energy: -50.177672-0.000680j
[2025-04-17 17:07:23] Iteration: 918/1000, Temp: 0.0000, Energy: -50.281991+0.000004j
[2025-04-17 17:07:27] Iteration: 919/1000, Temp: 0.0000, Energy: -50.106216+0.009230j
[2025-04-17 17:07:31] Iteration: 920/1000, Temp: 0.0000, Energy: -50.211561-0.004132j
[2025-04-17 17:07:34] Iteration: 921/1000, Temp: 0.0000, Energy: -50.158996+0.002420j
[2025-04-17 17:07:38] Iteration: 922/1000, Temp: 0.0000, Energy: -50.270775-0.000037j
[2025-04-17 17:07:42] Iteration: 923/1000, Temp: 0.0000, Energy: -50.313138-0.008399j
[2025-04-17 17:07:46] Iteration: 924/1000, Temp: 0.0000, Energy: -50.281582+0.008547j
[2025-04-17 17:07:49] Iteration: 925/1000, Temp: 0.0000, Energy: -50.346042-0.001935j
[2025-04-17 17:07:53] Iteration: 926/1000, Temp: 0.0000, Energy: -50.290169+0.065726j
[2025-04-17 17:07:57] Iteration: 927/1000, Temp: 0.0000, Energy: -50.331431+0.005903j
[2025-04-17 17:08:00] Iteration: 928/1000, Temp: 0.0000, Energy: -50.198789+0.001709j
[2025-04-17 17:08:04] Iteration: 929/1000, Temp: 0.0000, Energy: -50.180106+0.001679j
[2025-04-17 17:08:08] Iteration: 930/1000, Temp: 0.0000, Energy: -50.266329+0.000510j
[2025-04-17 17:08:11] Iteration: 931/1000, Temp: 0.0000, Energy: -50.278522+0.001434j
[2025-04-17 17:08:15] Iteration: 932/1000, Temp: 0.0000, Energy: -50.192609-0.005085j
[2025-04-17 17:08:19] Iteration: 933/1000, Temp: 0.0000, Energy: -50.188595-0.001043j
[2025-04-17 17:08:23] Iteration: 934/1000, Temp: 0.0000, Energy: -50.114460-0.000782j
[2025-04-17 17:08:26] Iteration: 935/1000, Temp: 0.0000, Energy: -50.166271+0.002525j
[2025-04-17 17:08:30] Iteration: 936/1000, Temp: 0.0000, Energy: -50.202215+0.004835j
[2025-04-17 17:08:34] Iteration: 937/1000, Temp: 0.0000, Energy: -50.072400-0.008091j
[2025-04-17 17:08:37] Iteration: 938/1000, Temp: 0.0000, Energy: -50.107613-0.000721j
[2025-04-17 17:08:41] Iteration: 939/1000, Temp: 0.0000, Energy: -50.012665+0.002768j
[2025-04-17 17:08:45] Iteration: 940/1000, Temp: 0.0000, Energy: -50.062581+0.002432j
[2025-04-17 17:08:48] Iteration: 941/1000, Temp: 0.0000, Energy: -50.176719-0.002453j
[2025-04-17 17:08:52] Iteration: 942/1000, Temp: 0.0000, Energy: -50.104197-0.001644j
[2025-04-17 17:08:56] Iteration: 943/1000, Temp: 0.0000, Energy: -50.037150+0.003171j
[2025-04-17 17:09:00] Iteration: 944/1000, Temp: 0.0000, Energy: -50.020797+0.001507j
[2025-04-17 17:09:03] Iteration: 945/1000, Temp: 0.0000, Energy: -49.970191+0.006249j
[2025-04-17 17:09:07] Iteration: 946/1000, Temp: 0.0000, Energy: -49.984568+0.006976j
[2025-04-17 17:09:11] Iteration: 947/1000, Temp: 0.0000, Energy: -50.052644+0.002824j
[2025-04-17 17:09:14] Iteration: 948/1000, Temp: 0.0000, Energy: -50.106171+0.003272j
[2025-04-17 17:09:18] Iteration: 949/1000, Temp: 0.0000, Energy: -50.059963-0.005672j
[2025-04-17 17:09:22] Iteration: 950/1000, Temp: 0.0000, Energy: -50.104191-0.007760j
[2025-04-17 17:09:26] Iteration: 951/1000, Temp: 0.0000, Energy: -50.072919-0.002660j
[2025-04-17 17:09:29] Iteration: 952/1000, Temp: 0.0000, Energy: -50.037216-0.000831j
[2025-04-17 17:09:33] Iteration: 953/1000, Temp: 0.0000, Energy: -50.084646+0.001018j
[2025-04-17 17:09:37] Iteration: 954/1000, Temp: 0.0000, Energy: -50.116746+0.000635j
[2025-04-17 17:09:40] Iteration: 955/1000, Temp: 0.0000, Energy: -50.062642+0.009294j
[2025-04-17 17:09:44] Iteration: 956/1000, Temp: 0.0000, Energy: -50.073782+0.002680j
[2025-04-17 17:09:48] Iteration: 957/1000, Temp: 0.0000, Energy: -50.182704+0.003348j
[2025-04-17 17:09:52] Iteration: 958/1000, Temp: 0.0000, Energy: -50.022517-0.007499j
[2025-04-17 17:09:55] Iteration: 959/1000, Temp: 0.0000, Energy: -50.073465-0.004347j
[2025-04-17 17:09:59] Iteration: 960/1000, Temp: 0.0000, Energy: -50.068160-0.001875j
[2025-04-17 17:10:03] Iteration: 961/1000, Temp: 0.0000, Energy: -49.982045+0.005244j
[2025-04-17 17:10:06] Iteration: 962/1000, Temp: 0.0000, Energy: -50.270696+0.000465j
[2025-04-17 17:10:10] Iteration: 963/1000, Temp: 0.0000, Energy: -50.064623+0.004203j
[2025-04-17 17:10:14] Iteration: 964/1000, Temp: 0.0000, Energy: -50.052146+0.002050j
[2025-04-17 17:10:17] Iteration: 965/1000, Temp: 0.0000, Energy: -50.129916-0.003200j
[2025-04-17 17:10:21] Iteration: 966/1000, Temp: 0.0000, Energy: -49.997422+0.017982j
[2025-04-17 17:10:25] Iteration: 967/1000, Temp: 0.0000, Energy: -49.992261+0.003237j
[2025-04-17 17:10:29] Iteration: 968/1000, Temp: 0.0000, Energy: -49.923812-0.000843j
[2025-04-17 17:10:32] Iteration: 969/1000, Temp: 0.0000, Energy: -50.061668+0.007588j
[2025-04-17 17:10:36] Iteration: 970/1000, Temp: 0.0000, Energy: -49.965919-0.005972j
[2025-04-17 17:10:40] Iteration: 971/1000, Temp: 0.0000, Energy: -50.100584-0.001399j
[2025-04-17 17:10:43] Iteration: 972/1000, Temp: 0.0000, Energy: -50.195517+0.005066j
[2025-04-17 17:10:47] Iteration: 973/1000, Temp: 0.0000, Energy: -50.134565+0.001298j
[2025-04-17 17:10:51] Iteration: 974/1000, Temp: 0.0000, Energy: -50.117606-0.002455j
[2025-04-17 17:10:54] Iteration: 975/1000, Temp: 0.0000, Energy: -50.121957-0.004806j
[2025-04-17 17:10:58] Iteration: 976/1000, Temp: 0.0000, Energy: -50.259289+0.011915j
[2025-04-17 17:11:02] Iteration: 977/1000, Temp: 0.0000, Energy: -50.298513-0.001810j
[2025-04-17 17:11:06] Iteration: 978/1000, Temp: 0.0000, Energy: -50.224252-0.002354j
[2025-04-17 17:11:09] Iteration: 979/1000, Temp: 0.0000, Energy: -50.364314+0.001828j
[2025-04-17 17:11:13] Iteration: 980/1000, Temp: 0.0000, Energy: -50.278701-0.000397j
[2025-04-17 17:11:17] Iteration: 981/1000, Temp: 0.0000, Energy: -50.350229+0.001641j
[2025-04-17 17:11:20] Iteration: 982/1000, Temp: 0.0000, Energy: -50.285876+0.003366j
[2025-04-17 17:11:24] Iteration: 983/1000, Temp: 0.0000, Energy: -50.375084-0.002330j
[2025-04-17 17:11:28] Iteration: 984/1000, Temp: 0.0000, Energy: -50.305505+0.000335j
[2025-04-17 17:11:32] Iteration: 985/1000, Temp: 0.0000, Energy: -50.273543-0.001182j
[2025-04-17 17:11:35] Iteration: 986/1000, Temp: 0.0000, Energy: -50.242656-0.000848j
[2025-04-17 17:11:39] Iteration: 987/1000, Temp: 0.0000, Energy: -50.237585+0.004614j
[2025-04-17 17:11:43] Iteration: 988/1000, Temp: 0.0000, Energy: -50.207731-0.002591j
[2025-04-17 17:11:46] Iteration: 989/1000, Temp: 0.0000, Energy: -50.226024-0.005867j
[2025-04-17 17:11:50] Iteration: 990/1000, Temp: 0.0000, Energy: -50.145198-0.003351j
[2025-04-17 17:11:54] Iteration: 991/1000, Temp: 0.0000, Energy: -50.119268-0.002864j
[2025-04-17 17:11:58] Iteration: 992/1000, Temp: 0.0000, Energy: -50.190948-0.000433j
[2025-04-17 17:12:01] Iteration: 993/1000, Temp: 0.0000, Energy: -50.156442-0.007681j
[2025-04-17 17:12:05] Iteration: 994/1000, Temp: 0.0000, Energy: -50.130393-0.001313j
[2025-04-17 17:12:09] Iteration: 995/1000, Temp: 0.0000, Energy: -50.171235-0.005428j
[2025-04-17 17:12:12] Iteration: 996/1000, Temp: 0.0000, Energy: -50.241934-0.002314j
[2025-04-17 17:12:16] Iteration: 997/1000, Temp: 0.0000, Energy: -50.227151-0.001889j
[2025-04-17 17:12:20] Iteration: 998/1000, Temp: 0.0000, Energy: -50.131590-0.002677j
[2025-04-17 17:12:23] Iteration: 999/1000, Temp: 0.0000, Energy: -50.279493-0.004654j
[2025-04-17 17:12:23] ==================================================
[2025-04-17 17:12:23] Training finished, total runtime = 3718.43 seconds
[2025-04-17 17:12:24] Trained quantum state parameters saved to: results/L=4/J2=0.05/J1=0.00/GCNN_L=4_J2=0.05_J1=0.00.pkl
[2025-04-17 17:12:24] ==================================================
