[2025-04-29 23:37:26] ================================================================================
[2025-04-29 23:37:26] 开始分析量子态: L=4, J2=0.05, J1=0.00
[2025-04-29 23:37:26] ================================================================================
[2025-04-29 23:37:26] 加载量子态: L=4, J2=0.05, J1=0.00
[2025-04-29 23:37:36] --------------------------------------------------------------------------------
[2025-04-29 23:37:36] 开始计算自旋结构因子...
[2025-04-29 23:37:36] 处理位点 0/64...
[2025-04-29 23:57:45] 处理位点 10/64...
[2025-04-30 00:17:07] 处理位点 20/64...
[2025-04-30 00:36:41] 处理位点 30/64...
[2025-04-30 00:56:35] 处理位点 40/64...
[2025-04-30 01:16:29] 处理位点 50/64...
[2025-04-30 01:36:36] 处理位点 60/64...
[2025-04-30 01:44:41] 自旋结构因子计算完成
[2025-04-30 01:44:41] --------------------------------------------------------------------------------
[2025-04-30 01:44:41] 开始计算简盘结构因子...
[2025-04-30 01:44:43] 处理简盘 0/16...
[2025-04-30 01:59:19] 处理简盘 5/16...
[2025-04-30 02:13:31] 处理简盘 10/16...
[2025-04-30 02:27:44] 处理简盘 15/16...
[2025-04-30 02:30:25] 简盘结构因子计算完成
[2025-04-30 02:30:25] --------------------------------------------------------------------------------
[2025-04-30 02:30:25] 开始计算二聚体结构因子...
[2025-04-30 02:30:25] 找到 64 个水平方向的二聚体
[2025-04-30 02:30:25] 处理二聚体 1/64...
[2025-04-30 02:49:40] 处理二聚体 11/64...
[2025-04-30 03:08:45] 处理二聚体 21/64...
[2025-04-30 03:28:01] 处理二聚体 31/64...
[2025-04-30 03:47:30] 处理二聚体 41/64...
[2025-04-30 04:07:05] 处理二聚体 51/64...
[2025-04-30 04:26:47] 处理二聚体 61/64...
[2025-04-30 04:34:36] 二聚体结构因子计算完成
[2025-04-30 04:34:37] --------------------------------------------------------------------------------
[2025-04-30 04:34:37] Neel 相关比率: 0.1457, 峰值位置: (-3.14, -3.14)
[2025-04-30 04:34:37] --------------------------------------------------------------------------------
[2025-04-30 04:34:37] Plaquette 相关比率: 0.1691, 峰值位置: (-3.14, -3.14)
[2025-04-30 04:34:37] --------------------------------------------------------------------------------
[2025-04-30 04:34:37] Dimer 相关比率: 0.0002, 峰值位置: (-0.11, -0.11)
[2025-04-30 04:34:37] ================================================================================
[2025-04-30 04:34:37] 分析完成! 相关比率: Neel=0.1457, Plaquette=0.1691, Dimer=0.0002
[2025-04-30 04:34:37] ================================================================================
