[2025-04-16 21:10:02] ==================================================
[2025-04-16 21:10:02] GCNN for Shastry-Sutherland lattice
[2025-04-16 21:10:02] ==================================================
[2025-04-16 21:10:02] System parameters:
[2025-04-16 21:10:02]   - System size: L=4, N=64
[2025-04-16 21:10:02]   - System parameters: J1=0.07, J2=0.05, Q=0.95
[2025-04-16 21:10:09] --------------------------------------------------
[2025-04-16 21:10:09] Model parameters:
[2025-04-16 21:10:09]   - Number of layers = 4
[2025-04-16 21:10:09]   - Number of features = 4
[2025-04-16 21:10:09]   - Symmetries used: 128
[2025-04-16 21:10:09]   - Total parameters = 12572
[2025-04-16 21:10:09] --------------------------------------------------
[2025-04-16 21:10:09] Training parameters:
[2025-04-16 21:10:09]   - Learning rate: 0.02
[2025-04-16 21:10:09]   - Total annealing steps: 1000
[2025-04-16 21:10:09]   - Samples: 4096
[2025-04-16 21:10:09]   - Discarded samples: 0
[2025-04-16 21:10:09]   - Chunk size: 1024
[2025-04-16 21:10:09] --------------------------------------------------
[2025-04-16 21:10:09] Device status:
[2025-04-16 21:10:09]   - Number of devices: 4
[2025-04-16 21:10:09]   - Sharding: False
[2025-04-16 21:10:17] --------------------------------------------------
[2025-04-16 21:10:17] Start training...
[2025-04-16 21:11:02] Iteration: 0/1000, Temp: 0.5000, Energy: 2.638968-0.000800j
[2025-04-16 21:11:37] Iteration: 1/1000, Temp: 0.4901, Energy: 2.638553-0.000165j
[2025-04-16 21:12:12] Iteration: 2/1000, Temp: 0.4804, Energy: 2.638934-0.000125j
[2025-04-16 21:12:46] Iteration: 3/1000, Temp: 0.4709, Energy: 2.639379+0.000617j
[2025-04-16 21:13:21] Iteration: 4/1000, Temp: 0.4616, Energy: 2.639461-0.000011j
[2025-04-16 21:13:55] Iteration: 5/1000, Temp: 0.4524, Energy: 2.638014+0.000466j
[2025-04-16 21:14:30] Iteration: 6/1000, Temp: 0.4435, Energy: 2.638013+0.000195j
[2025-04-16 21:15:04] Iteration: 7/1000, Temp: 0.4347, Energy: 2.638213-0.000567j
[2025-04-16 21:15:39] Iteration: 8/1000, Temp: 0.4261, Energy: 2.638603-0.000623j
[2025-04-16 21:16:14] Iteration: 9/1000, Temp: 0.4176, Energy: 2.638625-0.000221j
[2025-04-16 21:16:48] Iteration: 10/1000, Temp: 0.4094, Energy: 2.639274-0.000709j
[2025-04-16 21:17:23] Iteration: 11/1000, Temp: 0.4013, Energy: 2.638419+0.000057j
[2025-04-16 21:17:58] Iteration: 12/1000, Temp: 0.3933, Energy: 2.638133+0.000158j
[2025-04-16 21:18:32] Iteration: 13/1000, Temp: 0.3855, Energy: 2.637526-0.000466j
[2025-04-16 21:19:07] Iteration: 14/1000, Temp: 0.3779, Energy: 2.637708+0.000584j
[2025-04-16 21:19:42] Iteration: 15/1000, Temp: 0.3704, Energy: 2.637289+0.000527j
[2025-04-16 21:20:16] Iteration: 16/1000, Temp: 0.3631, Energy: 2.638464+0.000531j
[2025-04-16 21:20:51] Iteration: 17/1000, Temp: 0.3559, Energy: 2.638070+0.001451j
[2025-04-16 21:21:26] Iteration: 18/1000, Temp: 0.3488, Energy: 2.637515-0.000939j
[2025-04-16 21:22:01] Iteration: 19/1000, Temp: 0.3419, Energy: 2.637171+0.000119j
[2025-04-16 21:22:35] Iteration: 20/1000, Temp: 0.3352, Energy: 2.638223+0.000818j
[2025-04-16 21:23:10] Iteration: 21/1000, Temp: 0.3285, Energy: 2.634140-0.000235j
[2025-04-16 21:23:45] Iteration: 22/1000, Temp: 0.3220, Energy: 2.636934+0.001898j
[2025-04-16 21:24:19] Iteration: 23/1000, Temp: 0.3156, Energy: 2.636493+0.000047j
[2025-04-16 21:24:54] Iteration: 24/1000, Temp: 0.3094, Energy: 2.634502+0.000868j
[2025-04-16 21:25:29] Iteration: 25/1000, Temp: 0.3033, Energy: 2.632844-0.001985j
[2025-04-16 21:26:04] Iteration: 26/1000, Temp: 0.2973, Energy: 2.635135+0.001297j
[2025-04-16 21:26:38] Iteration: 27/1000, Temp: 0.2914, Energy: 2.634308+0.000198j
[2025-04-16 21:27:13] Iteration: 28/1000, Temp: 0.2856, Energy: 2.631430-0.000503j
[2025-04-16 21:27:48] Iteration: 29/1000, Temp: 0.2799, Energy: 2.633348+0.001219j
[2025-04-16 21:28:22] Iteration: 30/1000, Temp: 0.2744, Energy: 2.632161+0.002147j
[2025-04-16 21:28:57] Iteration: 31/1000, Temp: 0.2690, Energy: 2.630767+0.000499j
[2025-04-16 21:29:32] Iteration: 32/1000, Temp: 0.2636, Energy: 2.631374+0.000322j
[2025-04-16 21:30:06] Iteration: 33/1000, Temp: 0.2584, Energy: 2.630338-0.003399j
[2025-04-16 21:30:41] Iteration: 34/1000, Temp: 0.2533, Energy: 2.627650+0.002324j
[2025-04-16 21:31:16] Iteration: 35/1000, Temp: 0.2483, Energy: 2.623945+0.000127j
[2025-04-16 21:31:51] Iteration: 36/1000, Temp: 0.2434, Energy: 2.624962+0.001767j
[2025-04-16 21:32:25] Iteration: 37/1000, Temp: 0.2386, Energy: 2.614437-0.004450j
[2025-04-16 21:33:00] Iteration: 38/1000, Temp: 0.2338, Energy: 2.617489-0.001350j
[2025-04-16 21:33:35] Iteration: 39/1000, Temp: 0.2292, Energy: 2.608567-0.005912j
[2025-04-16 21:34:09] Iteration: 40/1000, Temp: 0.2247, Energy: 2.612643+0.001978j
[2025-04-16 21:34:44] Iteration: 41/1000, Temp: 0.2202, Energy: 2.604885+0.001241j
[2025-04-16 21:35:19] Iteration: 42/1000, Temp: 0.2159, Energy: 2.592233-0.008631j
[2025-04-16 21:35:53] Iteration: 43/1000, Temp: 0.2116, Energy: 2.592964-0.000206j
[2025-04-16 21:36:28] Iteration: 44/1000, Temp: 0.2074, Energy: 2.590838+0.008320j
[2025-04-16 21:37:02] Iteration: 45/1000, Temp: 0.2033, Energy: 2.574246-0.004520j
[2025-04-16 21:37:37] Iteration: 46/1000, Temp: 0.1993, Energy: 2.560298-0.003408j
[2025-04-16 21:38:11] Iteration: 47/1000, Temp: 0.1953, Energy: 2.555714-0.003245j
[2025-04-16 21:38:46] Iteration: 48/1000, Temp: 0.1914, Energy: 2.549216+0.003466j
[2025-04-16 21:39:20] Iteration: 49/1000, Temp: 0.1877, Energy: 2.520960-0.009222j
[2025-04-16 21:39:55] Iteration: 50/1000, Temp: 0.1839, Energy: 2.502183+0.005866j
[2025-04-16 21:40:29] Iteration: 51/1000, Temp: 0.1803, Energy: 2.482504-0.002780j
[2025-04-16 21:41:04] Iteration: 52/1000, Temp: 0.1767, Energy: 2.451005-0.001029j
[2025-04-16 21:41:38] Iteration: 53/1000, Temp: 0.1732, Energy: 2.417289+0.001539j
[2025-04-16 21:42:12] Iteration: 54/1000, Temp: 0.1698, Energy: 2.371162+0.002472j
[2025-04-16 21:42:47] Iteration: 55/1000, Temp: 0.1664, Energy: 2.305907-0.013485j
[2025-04-16 21:43:21] Iteration: 56/1000, Temp: 0.1631, Energy: 2.249982-0.008957j
[2025-04-16 21:43:56] Iteration: 57/1000, Temp: 0.1599, Energy: 2.186577-0.010413j
[2025-04-16 21:44:30] Iteration: 58/1000, Temp: 0.1567, Energy: 2.073212-0.027083j
[2025-04-16 21:45:05] Iteration: 59/1000, Temp: 0.1536, Energy: 1.994554+0.006262j
[2025-04-16 21:45:39] Iteration: 60/1000, Temp: 0.1506, Energy: 1.857039-0.007668j
[2025-04-16 21:46:14] Iteration: 61/1000, Temp: 0.1476, Energy: 1.707528+0.003696j
[2025-04-16 21:46:48] Iteration: 62/1000, Temp: 0.1447, Energy: 1.519988+0.006762j
[2025-04-16 21:47:23] Iteration: 63/1000, Temp: 0.1418, Energy: 1.320563+0.017982j
[2025-04-16 21:47:58] Iteration: 64/1000, Temp: 0.1390, Energy: 1.001629-0.038825j
[2025-04-16 21:48:32] Iteration: 65/1000, Temp: 0.1363, Energy: 0.753657+0.011029j
[2025-04-16 21:49:07] Iteration: 66/1000, Temp: 0.1336, Energy: 0.310957+0.023316j
[2025-04-16 21:49:41] Iteration: 67/1000, Temp: 0.1309, Energy: 0.014935+0.039488j
[2025-04-16 21:50:15] Iteration: 68/1000, Temp: 0.1283, Energy: -0.559934+0.035489j
[2025-04-16 21:50:50] Iteration: 69/1000, Temp: 0.1258, Energy: -1.230000+0.012255j
[2025-04-16 21:51:24] Iteration: 70/1000, Temp: 0.1233, Energy: -1.773315+0.059081j
[2025-04-16 21:51:59] Iteration: 71/1000, Temp: 0.1209, Energy: -2.494428+0.099080j
[2025-04-16 21:52:33] Iteration: 72/1000, Temp: 0.1185, Energy: -3.233195+0.048409j
[2025-04-16 21:53:08] Iteration: 73/1000, Temp: 0.1161, Energy: -4.045813+0.154577j
[2025-04-16 21:53:42] Iteration: 74/1000, Temp: 0.1138, Energy: -4.844691+0.074565j
[2025-04-16 21:54:17] Iteration: 75/1000, Temp: 0.1116, Energy: -5.714340+0.047369j
[2025-04-16 21:54:51] Iteration: 76/1000, Temp: 0.1094, Energy: -6.522015+0.039253j
[2025-04-16 21:55:26] Iteration: 77/1000, Temp: 0.1072, Energy: -7.372437+0.076435j
[2025-04-16 21:56:00] Iteration: 78/1000, Temp: 0.1051, Energy: -8.214429+0.096491j
[2025-04-16 21:56:35] Iteration: 79/1000, Temp: 0.1030, Energy: -9.063186+0.100171j
[2025-04-16 21:57:09] Iteration: 80/1000, Temp: 0.1009, Energy: -9.912139+0.080504j
[2025-04-16 21:57:44] Iteration: 81/1000, Temp: 0.0989, Energy: -10.925625+0.037305j
[2025-04-16 21:58:18] Iteration: 82/1000, Temp: 0.0970, Energy: -11.722218+0.011173j
[2025-04-16 21:58:53] Iteration: 83/1000, Temp: 0.0951, Energy: -12.587339+0.085134j
[2025-04-16 21:59:27] Iteration: 84/1000, Temp: 0.0932, Energy: -13.377548+0.066697j
[2025-04-16 22:00:02] Iteration: 85/1000, Temp: 0.0913, Energy: -14.330870+0.035039j
[2025-04-16 22:00:36] Iteration: 86/1000, Temp: 0.0895, Energy: -15.057470+0.059843j
[2025-04-16 22:01:11] Iteration: 87/1000, Temp: 0.0878, Energy: -15.854402+0.054706j
[2025-04-16 22:01:45] Iteration: 88/1000, Temp: 0.0860, Energy: -16.529203+0.152811j
[2025-04-16 22:02:20] Iteration: 89/1000, Temp: 0.0843, Energy: -17.483824+0.179084j
[2025-04-16 22:02:54] Iteration: 90/1000, Temp: 0.0826, Energy: -18.193492+0.020773j
[2025-04-16 22:03:29] Iteration: 91/1000, Temp: 0.0810, Energy: -18.918819+0.037030j
[2025-04-16 22:04:04] Iteration: 92/1000, Temp: 0.0794, Energy: -19.686383+0.084290j
[2025-04-16 22:04:38] Iteration: 93/1000, Temp: 0.0778, Energy: -20.492678+0.010607j
[2025-04-16 22:05:12] Iteration: 94/1000, Temp: 0.0763, Energy: -21.180806+0.089114j
[2025-04-16 22:05:47] Iteration: 95/1000, Temp: 0.0748, Energy: -21.849245-0.033917j
[2025-04-16 22:06:21] Iteration: 96/1000, Temp: 0.0733, Energy: -22.514640+0.112348j
[2025-04-16 22:06:56] Iteration: 97/1000, Temp: 0.0719, Energy: -23.106795-0.044905j
[2025-04-16 22:07:30] Iteration: 98/1000, Temp: 0.0704, Energy: -23.912188-0.007696j
[2025-04-16 22:08:05] Iteration: 99/1000, Temp: 0.0690, Energy: -24.485134-0.064704j
[2025-04-16 22:08:39] Iteration: 100/1000, Temp: 0.0677, Energy: -25.018757+0.093540j
[2025-04-16 22:09:14] Iteration: 101/1000, Temp: 0.0663, Energy: -25.963437+0.061746j
[2025-04-16 22:09:48] Iteration: 102/1000, Temp: 0.0650, Energy: -26.452060+0.029037j
[2025-04-16 22:10:23] Iteration: 103/1000, Temp: 0.0637, Energy: -27.561202+0.081497j
[2025-04-16 22:10:57] Iteration: 104/1000, Temp: 0.0625, Energy: -28.468004+0.066988j
[2025-04-16 22:11:32] Iteration: 105/1000, Temp: 0.0612, Energy: -29.989862+0.047872j
[2025-04-16 22:12:06] Iteration: 106/1000, Temp: 0.0600, Energy: -31.305822+0.295170j
[2025-04-16 22:12:41] Iteration: 107/1000, Temp: 0.0588, Energy: -33.593053+0.042730j
[2025-04-16 22:13:15] Iteration: 108/1000, Temp: 0.0577, Energy: -36.432690+0.206453j
[2025-04-16 22:13:50] Iteration: 109/1000, Temp: 0.0565, Energy: -39.126882+0.232778j
[2025-04-16 22:14:24] Iteration: 110/1000, Temp: 0.0554, Energy: -41.594190+0.238542j
[2025-04-16 22:14:59] Iteration: 111/1000, Temp: 0.0543, Energy: -44.396365+0.164879j
[2025-04-16 22:15:33] Iteration: 112/1000, Temp: 0.0532, Energy: -47.004535+0.186412j
[2025-04-16 22:16:08] Iteration: 113/1000, Temp: 0.0522, Energy: -48.732851+0.594654j
[2025-04-16 22:16:42] Iteration: 114/1000, Temp: 0.0511, Energy: -49.524410+0.602388j
[2025-04-16 22:17:17] Iteration: 115/1000, Temp: 0.0501, Energy: -49.612940+0.415295j
[2025-04-16 22:17:51] Iteration: 116/1000, Temp: 0.0491, Energy: -49.644114+0.275467j
[2025-04-16 22:18:26] Iteration: 117/1000, Temp: 0.0482, Energy: -49.600640+0.156902j
[2025-04-16 22:19:00] Iteration: 118/1000, Temp: 0.0472, Energy: -49.681918+0.035941j
[2025-04-16 22:19:35] Iteration: 119/1000, Temp: 0.0463, Energy: -49.686438+0.014615j
[2025-04-16 22:20:09] Iteration: 120/1000, Temp: 0.0454, Energy: -49.813491+0.012040j
[2025-04-16 22:20:44] Iteration: 121/1000, Temp: 0.0445, Energy: -49.975102-0.002589j
[2025-04-16 22:21:19] Iteration: 122/1000, Temp: 0.0436, Energy: -50.155420-0.038174j
[2025-04-16 22:21:54] Iteration: 123/1000, Temp: 0.0427, Energy: -50.245924-0.027290j
[2025-04-16 22:22:28] Iteration: 124/1000, Temp: 0.0419, Energy: -50.312727-0.031539j
[2025-04-16 22:23:03] Iteration: 125/1000, Temp: 0.0410, Energy: -50.558282-0.033839j
[2025-04-16 22:23:38] Iteration: 126/1000, Temp: 0.0402, Energy: -50.636857-0.034299j
[2025-04-16 22:24:12] Iteration: 127/1000, Temp: 0.0394, Energy: -50.723808-0.016277j
[2025-04-16 22:24:47] Iteration: 128/1000, Temp: 0.0387, Energy: -50.764764-0.013380j
[2025-04-16 22:25:21] Iteration: 129/1000, Temp: 0.0379, Energy: -50.974485-0.008098j
[2025-04-16 22:25:56] Iteration: 130/1000, Temp: 0.0371, Energy: -51.128604+0.038096j
[2025-04-16 22:26:30] Iteration: 131/1000, Temp: 0.0364, Energy: -51.233073-0.023037j
[2025-04-16 22:27:05] Iteration: 132/1000, Temp: 0.0357, Energy: -51.175134+0.025120j
[2025-04-16 22:27:39] Iteration: 133/1000, Temp: 0.0350, Energy: -51.233224+0.000305j
[2025-04-16 22:28:14] Iteration: 134/1000, Temp: 0.0343, Energy: -51.334546+0.033034j
[2025-04-16 22:28:48] Iteration: 135/1000, Temp: 0.0336, Energy: -51.426653+0.002163j
[2025-04-16 22:29:23] Iteration: 136/1000, Temp: 0.0329, Energy: -51.486852+0.000501j
[2025-04-16 22:29:57] Iteration: 137/1000, Temp: 0.0323, Energy: -51.555432+0.012061j
[2025-04-16 22:30:32] Iteration: 138/1000, Temp: 0.0316, Energy: -51.601148-0.001893j
[2025-04-16 22:31:07] Iteration: 139/1000, Temp: 0.0310, Energy: -51.658511-0.002962j
[2025-04-16 22:31:42] Iteration: 140/1000, Temp: 0.0304, Energy: -51.728889-0.008911j
[2025-04-16 22:32:16] Iteration: 141/1000, Temp: 0.0298, Energy: -51.832091+0.022032j
[2025-04-16 22:32:51] Iteration: 142/1000, Temp: 0.0292, Energy: -51.860304-0.041232j
[2025-04-16 22:33:26] Iteration: 143/1000, Temp: 0.0286, Energy: -51.991048+0.001105j
[2025-04-16 22:34:00] Iteration: 144/1000, Temp: 0.0281, Energy: -51.982043-0.010551j
[2025-04-16 22:34:35] Iteration: 145/1000, Temp: 0.0275, Energy: -51.976552-0.007814j
[2025-04-16 22:35:09] Iteration: 146/1000, Temp: 0.0270, Energy: -52.066649+0.015872j
[2025-04-16 22:35:44] Iteration: 147/1000, Temp: 0.0264, Energy: -52.064274-0.002829j
[2025-04-16 22:36:18] Iteration: 148/1000, Temp: 0.0259, Energy: -52.044509-0.016279j
[2025-04-16 22:36:53] Iteration: 149/1000, Temp: 0.0254, Energy: -52.104062+0.002557j
[2025-04-16 22:37:27] Iteration: 150/1000, Temp: 0.0249, Energy: -52.024520+0.009537j
[2025-04-16 22:38:02] Iteration: 151/1000, Temp: 0.0244, Energy: -52.123022-0.003593j
[2025-04-16 22:38:36] Iteration: 152/1000, Temp: 0.0239, Energy: -52.300409+0.002925j
[2025-04-16 22:39:11] Iteration: 153/1000, Temp: 0.0234, Energy: -52.244402+0.006696j
[2025-04-16 22:39:46] Iteration: 154/1000, Temp: 0.0230, Energy: -52.417247-0.000540j
[2025-04-16 22:40:20] Iteration: 155/1000, Temp: 0.0225, Energy: -52.258494+0.021379j
[2025-04-16 22:40:55] Iteration: 156/1000, Temp: 0.0221, Energy: -52.248571-0.019115j
[2025-04-16 22:41:29] Iteration: 157/1000, Temp: 0.0216, Energy: -52.454359+0.017772j
[2025-04-16 22:42:04] Iteration: 158/1000, Temp: 0.0212, Energy: -52.474065-0.008431j
[2025-04-16 22:42:39] Iteration: 159/1000, Temp: 0.0208, Energy: -52.303256-0.028307j
[2025-04-16 22:43:14] Iteration: 160/1000, Temp: 0.0204, Energy: -52.465504-0.020851j
[2025-04-16 22:43:48] Iteration: 161/1000, Temp: 0.0200, Energy: -52.400246+0.004183j
[2025-04-16 22:44:23] Iteration: 162/1000, Temp: 0.0196, Energy: -52.409250-0.000781j
[2025-04-16 22:44:58] Iteration: 163/1000, Temp: 0.0192, Energy: -52.370840-0.031741j
[2025-04-16 22:45:33] Iteration: 164/1000, Temp: 0.0188, Energy: -52.421798-0.013384j
[2025-04-16 22:46:07] Iteration: 165/1000, Temp: 0.0184, Energy: -52.390924+0.028025j
[2025-04-16 22:46:42] Iteration: 166/1000, Temp: 0.0181, Energy: -52.473877+0.003622j
[2025-04-16 22:47:17] Iteration: 167/1000, Temp: 0.0177, Energy: -52.569010+0.014661j
[2025-04-16 22:47:51] Iteration: 168/1000, Temp: 0.0174, Energy: -52.503616-0.026726j
[2025-04-16 22:48:26] Iteration: 169/1000, Temp: 0.0170, Energy: -52.539414-0.009778j
[2025-04-16 22:49:00] Iteration: 170/1000, Temp: 0.0167, Energy: -52.397754-0.017938j
[2025-04-16 22:49:35] Iteration: 171/1000, Temp: 0.0164, Energy: -52.564470+0.019332j
[2025-04-16 22:50:10] Iteration: 172/1000, Temp: 0.0160, Energy: -52.610881-0.003490j
[2025-04-16 22:50:44] Iteration: 173/1000, Temp: 0.0157, Energy: -52.506475+0.015709j
[2025-04-16 22:51:19] Iteration: 174/1000, Temp: 0.0154, Energy: -52.598259-0.001671j
[2025-04-16 22:51:54] Iteration: 175/1000, Temp: 0.0151, Energy: -52.593777-0.007154j
[2025-04-16 22:52:28] Iteration: 176/1000, Temp: 0.0148, Energy: -52.507848+0.014669j
[2025-04-16 22:53:03] Iteration: 177/1000, Temp: 0.0145, Energy: -52.514730-0.000785j
[2025-04-16 22:53:38] Iteration: 178/1000, Temp: 0.0142, Energy: -52.554783-0.020478j
[2025-04-16 22:54:12] Iteration: 179/1000, Temp: 0.0139, Energy: -52.554582+0.015244j
[2025-04-16 22:54:47] Iteration: 180/1000, Temp: 0.0137, Energy: -52.531935-0.010341j
[2025-04-16 22:55:22] Iteration: 181/1000, Temp: 0.0134, Energy: -52.580474-0.016486j
[2025-04-16 22:55:57] Iteration: 182/1000, Temp: 0.0131, Energy: -52.627843+0.007931j
[2025-04-16 22:56:31] Iteration: 183/1000, Temp: 0.0129, Energy: -52.636508+0.001056j
[2025-04-16 22:57:06] Iteration: 184/1000, Temp: 0.0126, Energy: -52.683422-0.001706j
[2025-04-16 22:57:41] Iteration: 185/1000, Temp: 0.0124, Energy: -52.606359-0.012482j
[2025-04-16 22:58:15] Iteration: 186/1000, Temp: 0.0121, Energy: -52.596480-0.008672j
[2025-04-16 22:58:50] Iteration: 187/1000, Temp: 0.0119, Energy: -52.561246+0.002354j
[2025-04-16 22:59:25] Iteration: 188/1000, Temp: 0.0116, Energy: -52.554776+0.005126j
[2025-04-16 22:59:59] Iteration: 189/1000, Temp: 0.0114, Energy: -52.674104-0.015479j
[2025-04-16 23:00:34] Iteration: 190/1000, Temp: 0.0112, Energy: -52.671329+0.005655j
[2025-04-16 23:01:09] Iteration: 191/1000, Temp: 0.0110, Energy: -52.552596+0.003296j
[2025-04-16 23:01:44] Iteration: 192/1000, Temp: 0.0107, Energy: -52.582238-0.006941j
[2025-04-16 23:02:18] Iteration: 193/1000, Temp: 0.0105, Energy: -52.648058-0.011875j
[2025-04-16 23:02:53] Iteration: 194/1000, Temp: 0.0103, Energy: -52.703106-0.002254j
[2025-04-16 23:03:28] Iteration: 195/1000, Temp: 0.0101, Energy: -52.762795-0.009589j
[2025-04-16 23:04:02] Iteration: 196/1000, Temp: 0.0099, Energy: -52.716069+0.003202j
[2025-04-16 23:04:37] Iteration: 197/1000, Temp: 0.0097, Energy: -52.725804+0.022103j
[2025-04-16 23:05:12] Iteration: 198/1000, Temp: 0.0095, Energy: -52.668080+0.013798j
[2025-04-16 23:05:46] Iteration: 199/1000, Temp: 0.0093, Energy: -52.592215-0.024331j
[2025-04-16 23:06:21] Iteration: 200/1000, Temp: 0.0092, Energy: -52.584098-0.007034j
[2025-04-16 23:06:56] Iteration: 201/1000, Temp: 0.0090, Energy: -52.636432-0.003153j
[2025-04-16 23:07:30] Iteration: 202/1000, Temp: 0.0088, Energy: -52.793667+0.014914j
[2025-04-16 23:08:05] Iteration: 203/1000, Temp: 0.0086, Energy: -52.891362-0.008650j
[2025-04-16 23:08:40] Iteration: 204/1000, Temp: 0.0085, Energy: -52.923562+0.016348j
[2025-04-16 23:09:15] Iteration: 205/1000, Temp: 0.0083, Energy: -52.908953+0.006661j
[2025-04-16 23:09:49] Iteration: 206/1000, Temp: 0.0081, Energy: -53.012533-0.010477j
[2025-04-16 23:10:24] Iteration: 207/1000, Temp: 0.0080, Energy: -52.889594+0.003255j
[2025-04-16 23:10:59] Iteration: 208/1000, Temp: 0.0078, Energy: -52.862761-0.003167j
[2025-04-16 23:11:33] Iteration: 209/1000, Temp: 0.0076, Energy: -52.804087+0.005788j
[2025-04-16 23:12:08] Iteration: 210/1000, Temp: 0.0075, Energy: -52.817981+0.002191j
[2025-04-16 23:12:43] Iteration: 211/1000, Temp: 0.0073, Energy: -52.883389-0.003528j
[2025-04-16 23:13:17] Iteration: 212/1000, Temp: 0.0072, Energy: -52.784711+0.012857j
[2025-04-16 23:13:52] Iteration: 213/1000, Temp: 0.0071, Energy: -52.694976-0.002407j
[2025-04-16 23:14:27] Iteration: 214/1000, Temp: 0.0069, Energy: -52.713261+0.005851j
[2025-04-16 23:15:02] Iteration: 215/1000, Temp: 0.0068, Energy: -52.748405+0.006358j
[2025-04-16 23:15:36] Iteration: 216/1000, Temp: 0.0066, Energy: -52.787311-0.004233j
[2025-04-16 23:16:11] Iteration: 217/1000, Temp: 0.0065, Energy: -52.796850+0.001049j
[2025-04-16 23:16:46] Iteration: 218/1000, Temp: 0.0064, Energy: -52.818073-0.018368j
[2025-04-16 23:17:20] Iteration: 219/1000, Temp: 0.0063, Energy: -52.715938-0.000403j
[2025-04-16 23:17:55] Iteration: 220/1000, Temp: 0.0061, Energy: -52.846057-0.013540j
[2025-04-16 23:18:30] Iteration: 221/1000, Temp: 0.0060, Energy: -52.935492+0.007743j
[2025-04-16 23:19:04] Iteration: 222/1000, Temp: 0.0059, Energy: -52.831317-0.004477j
[2025-04-16 23:19:39] Iteration: 223/1000, Temp: 0.0058, Energy: -52.891885+0.020005j
[2025-04-16 23:20:13] Iteration: 224/1000, Temp: 0.0057, Energy: -52.811264-0.005544j
[2025-04-16 23:20:48] Iteration: 225/1000, Temp: 0.0056, Energy: -52.858250+0.001052j
[2025-04-16 23:21:23] Iteration: 226/1000, Temp: 0.0054, Energy: -52.732209-0.001514j
[2025-04-16 23:21:58] Iteration: 227/1000, Temp: 0.0053, Energy: -52.789443+0.006627j
[2025-04-16 23:22:32] Iteration: 228/1000, Temp: 0.0052, Energy: -52.811727+0.009583j
[2025-04-16 23:23:07] Iteration: 229/1000, Temp: 0.0051, Energy: -52.815621-0.002362j
[2025-04-16 23:23:42] Iteration: 230/1000, Temp: 0.0050, Energy: -52.883305+0.004542j
[2025-04-16 23:24:16] Iteration: 231/1000, Temp: 0.0049, Energy: -52.922171-0.002287j
[2025-04-16 23:24:51] Iteration: 232/1000, Temp: 0.0048, Energy: -52.853380+0.007651j
[2025-04-16 23:25:26] Iteration: 233/1000, Temp: 0.0047, Energy: -52.850902+0.000719j
[2025-04-16 23:26:01] Iteration: 234/1000, Temp: 0.0046, Energy: -52.713599+0.015306j
[2025-04-16 23:26:35] Iteration: 235/1000, Temp: 0.0045, Energy: -52.682945+0.013047j
[2025-04-16 23:27:10] Iteration: 236/1000, Temp: 0.0045, Energy: -52.731482+0.014921j
[2025-04-16 23:27:45] Iteration: 237/1000, Temp: 0.0044, Energy: -52.717576-0.009087j
[2025-04-16 23:28:20] Iteration: 238/1000, Temp: 0.0043, Energy: -52.813676+0.016123j
[2025-04-16 23:28:54] Iteration: 239/1000, Temp: 0.0042, Energy: -52.696690-0.010207j
[2025-04-16 23:29:29] Iteration: 240/1000, Temp: 0.0041, Energy: -52.712660-0.001375j
[2025-04-16 23:30:04] Iteration: 241/1000, Temp: 0.0040, Energy: -52.824357+0.001440j
[2025-04-16 23:30:38] Iteration: 242/1000, Temp: 0.0040, Energy: -52.789199+0.001948j
[2025-04-16 23:31:13] Iteration: 243/1000, Temp: 0.0039, Energy: -52.851345-0.009374j
[2025-04-16 23:31:48] Iteration: 244/1000, Temp: 0.0038, Energy: -52.848492+0.003284j
[2025-04-16 23:32:22] Iteration: 245/1000, Temp: 0.0037, Energy: -52.873450-0.004050j
[2025-04-16 23:32:57] Iteration: 246/1000, Temp: 0.0036, Energy: -52.860173-0.009785j
[2025-04-16 23:33:32] Iteration: 247/1000, Temp: 0.0036, Energy: -52.899535+0.000472j
[2025-04-16 23:34:06] Iteration: 248/1000, Temp: 0.0035, Energy: -52.849797-0.010913j
[2025-04-16 23:34:41] Iteration: 249/1000, Temp: 0.0034, Energy: -52.875547-0.008640j
[2025-04-16 23:35:15] Iteration: 250/1000, Temp: 0.0034, Energy: -52.902782-0.001489j
[2025-04-16 23:35:49] Iteration: 251/1000, Temp: 0.0033, Energy: -52.769495-0.019812j
[2025-04-16 23:36:24] Iteration: 252/1000, Temp: 0.0032, Energy: -52.712464+0.006733j
[2025-04-16 23:36:58] Iteration: 253/1000, Temp: 0.0032, Energy: -52.765353+0.016677j
[2025-04-16 23:37:33] Iteration: 254/1000, Temp: 0.0031, Energy: -52.833882-0.017121j
[2025-04-16 23:38:07] Iteration: 255/1000, Temp: 0.0030, Energy: -52.880172-0.005669j
[2025-04-16 23:38:42] Iteration: 256/1000, Temp: 0.0030, Energy: -52.908126-0.011654j
[2025-04-16 23:39:17] Iteration: 257/1000, Temp: 0.0029, Energy: -52.885666-0.005974j
[2025-04-16 23:39:52] Iteration: 258/1000, Temp: 0.0029, Energy: -52.733031+0.009557j
[2025-04-16 23:40:26] Iteration: 259/1000, Temp: 0.0028, Energy: -52.854108+0.011147j
[2025-04-16 23:41:01] Iteration: 260/1000, Temp: 0.0028, Energy: -52.798990-0.008323j
[2025-04-16 23:41:36] Iteration: 261/1000, Temp: 0.0027, Energy: -52.783963-0.001111j
[2025-04-16 23:42:11] Iteration: 262/1000, Temp: 0.0027, Energy: -52.814635-0.000964j
[2025-04-16 23:42:45] Iteration: 263/1000, Temp: 0.0026, Energy: -52.923557+0.001658j
[2025-04-16 23:43:20] Iteration: 264/1000, Temp: 0.0025, Energy: -52.741378+0.000400j
[2025-04-16 23:43:55] Iteration: 265/1000, Temp: 0.0025, Energy: -52.787564-0.000904j
[2025-04-16 23:44:29] Iteration: 266/1000, Temp: 0.0024, Energy: -52.842105-0.010577j
[2025-04-16 23:45:04] Iteration: 267/1000, Temp: 0.0024, Energy: -52.862523-0.002914j
[2025-04-16 23:45:39] Iteration: 268/1000, Temp: 0.0024, Energy: -52.760427+0.009330j
[2025-04-16 23:46:14] Iteration: 269/1000, Temp: 0.0023, Energy: -52.805050-0.002486j
[2025-04-16 23:46:48] Iteration: 270/1000, Temp: 0.0023, Energy: -52.841244+0.008046j
[2025-04-16 23:47:23] Iteration: 271/1000, Temp: 0.0022, Energy: -52.816824+0.000372j
[2025-04-16 23:47:58] Iteration: 272/1000, Temp: 0.0022, Energy: -52.922376+0.016555j
[2025-04-16 23:48:32] Iteration: 273/1000, Temp: 0.0021, Energy: -52.799185+0.010159j
[2025-04-16 23:49:07] Iteration: 274/1000, Temp: 0.0021, Energy: -52.818175+0.002513j
[2025-04-16 23:49:41] Iteration: 275/1000, Temp: 0.0020, Energy: -52.866394-0.015983j
[2025-04-16 23:50:16] Iteration: 276/1000, Temp: 0.0020, Energy: -52.786530-0.009263j
[2025-04-16 23:50:50] Iteration: 277/1000, Temp: 0.0020, Energy: -52.733139-0.012922j
[2025-04-16 23:51:25] Iteration: 278/1000, Temp: 0.0019, Energy: -52.723341+0.000946j
[2025-04-16 23:51:59] Iteration: 279/1000, Temp: 0.0019, Energy: -52.748015+0.004319j
[2025-04-16 23:52:33] Iteration: 280/1000, Temp: 0.0018, Energy: -52.789700-0.009043j
[2025-04-16 23:53:08] Iteration: 281/1000, Temp: 0.0018, Energy: -52.740540+0.010477j
[2025-04-16 23:53:42] Iteration: 282/1000, Temp: 0.0018, Energy: -52.885041-0.004747j
[2025-04-16 23:54:17] Iteration: 283/1000, Temp: 0.0017, Energy: -52.886484-0.006845j
[2025-04-16 23:54:51] Iteration: 284/1000, Temp: 0.0017, Energy: -52.822318-0.000743j
[2025-04-16 23:55:26] Iteration: 285/1000, Temp: 0.0017, Energy: -52.822321+0.010143j
[2025-04-16 23:56:00] Iteration: 286/1000, Temp: 0.0016, Energy: -52.922790+0.007695j
[2025-04-16 23:56:35] Iteration: 287/1000, Temp: 0.0016, Energy: -52.991076+0.008070j
[2025-04-16 23:57:09] Iteration: 288/1000, Temp: 0.0016, Energy: -52.877811-0.003398j
[2025-04-16 23:57:44] Iteration: 289/1000, Temp: 0.0015, Energy: -52.899691+0.012716j
[2025-04-16 23:58:18] Iteration: 290/1000, Temp: 0.0015, Energy: -52.895585-0.008057j
[2025-04-16 23:58:53] Iteration: 291/1000, Temp: 0.0015, Energy: -52.982842+0.011840j
[2025-04-16 23:59:27] Iteration: 292/1000, Temp: 0.0015, Energy: -52.957515+0.006286j
[2025-04-17 00:00:02] Iteration: 293/1000, Temp: 0.0014, Energy: -52.946372-0.001544j
[2025-04-17 00:00:36] Iteration: 294/1000, Temp: 0.0014, Energy: -52.800400-0.003582j
[2025-04-17 00:01:11] Iteration: 295/1000, Temp: 0.0014, Energy: -52.877866-0.000163j
[2025-04-17 00:01:45] Iteration: 296/1000, Temp: 0.0013, Energy: -52.800026-0.003157j
[2025-04-17 00:02:19] Iteration: 297/1000, Temp: 0.0013, Energy: -52.772304-0.000787j
[2025-04-17 00:02:54] Iteration: 298/1000, Temp: 0.0013, Energy: -52.853733+0.006184j
[2025-04-17 00:03:29] Iteration: 299/1000, Temp: 0.0013, Energy: -52.825741-0.003020j
[2025-04-17 00:04:04] Iteration: 300/1000, Temp: 0.0012, Energy: -52.782334+0.001601j
[2025-04-17 00:04:38] Iteration: 301/1000, Temp: 0.0012, Energy: -52.844737-0.012349j
[2025-04-17 00:05:13] Iteration: 302/1000, Temp: 0.0012, Energy: -52.800920-0.002937j
[2025-04-17 00:05:48] Iteration: 303/1000, Temp: 0.0012, Energy: -52.859750+0.006622j
[2025-04-17 00:06:23] Iteration: 304/1000, Temp: 0.0011, Energy: -52.887243+0.006572j
[2025-04-17 00:06:57] Iteration: 305/1000, Temp: 0.0011, Energy: -52.777852-0.001845j
[2025-04-17 00:07:32] Iteration: 306/1000, Temp: 0.0011, Energy: -52.875302+0.008870j
[2025-04-17 00:08:07] Iteration: 307/1000, Temp: 0.0011, Energy: -52.761264-0.007196j
[2025-04-17 00:08:41] Iteration: 308/1000, Temp: 0.0011, Energy: -52.827401+0.001513j
[2025-04-17 00:09:16] Iteration: 309/1000, Temp: 0.0010, Energy: -52.972952-0.005016j
[2025-04-17 00:09:51] Iteration: 310/1000, Temp: 0.0010, Energy: -53.010631+0.002252j
[2025-04-17 00:10:26] Iteration: 311/1000, Temp: 0.0010, Energy: -52.837298+0.002912j
[2025-04-17 00:11:00] Iteration: 312/1000, Temp: 0.0010, Energy: -52.836489-0.004135j
[2025-04-17 00:11:35] Iteration: 313/1000, Temp: 0.0010, Energy: -52.727214-0.003677j
[2025-04-17 00:12:10] Iteration: 314/1000, Temp: 0.0009, Energy: -52.916256-0.003357j
[2025-04-17 00:12:44] Iteration: 315/1000, Temp: 0.0009, Energy: -52.805612+0.001154j
[2025-04-17 00:13:19] Iteration: 316/1000, Temp: 0.0009, Energy: -52.882580-0.012008j
[2025-04-17 00:13:54] Iteration: 317/1000, Temp: 0.0009, Energy: -52.953722+0.016562j
[2025-04-17 00:14:28] Iteration: 318/1000, Temp: 0.0009, Energy: -52.914703+0.006529j
[2025-04-17 00:15:03] Iteration: 319/1000, Temp: 0.0008, Energy: -52.974665-0.003907j
[2025-04-17 00:15:38] Iteration: 320/1000, Temp: 0.0008, Energy: -52.739326-0.003344j
[2025-04-17 00:16:13] Iteration: 321/1000, Temp: 0.0008, Energy: -52.826407+0.008080j
[2025-04-17 00:16:47] Iteration: 322/1000, Temp: 0.0008, Energy: -52.791822+0.004841j
[2025-04-17 00:17:22] Iteration: 323/1000, Temp: 0.0008, Energy: -52.917212+0.005965j
[2025-04-17 00:17:56] Iteration: 324/1000, Temp: 0.0008, Energy: -52.714432-0.009338j
[2025-04-17 00:18:31] Iteration: 325/1000, Temp: 0.0008, Energy: -52.858272+0.000348j
[2025-04-17 00:19:05] Iteration: 326/1000, Temp: 0.0007, Energy: -52.846418-0.001297j
[2025-04-17 00:19:40] Iteration: 327/1000, Temp: 0.0007, Energy: -52.781727-0.019181j
[2025-04-17 00:20:15] Iteration: 328/1000, Temp: 0.0007, Energy: -52.921095+0.006905j
[2025-04-17 00:20:49] Iteration: 329/1000, Temp: 0.0007, Energy: -52.850001-0.008373j
[2025-04-17 00:21:24] Iteration: 330/1000, Temp: 0.0007, Energy: -52.879569+0.001004j
[2025-04-17 00:21:58] Iteration: 331/1000, Temp: 0.0007, Energy: -52.925236-0.010905j
[2025-04-17 00:22:33] Iteration: 332/1000, Temp: 0.0007, Energy: -52.838043+0.009297j
[2025-04-17 00:23:07] Iteration: 333/1000, Temp: 0.0006, Energy: -52.810153+0.002181j
[2025-04-17 00:23:42] Iteration: 334/1000, Temp: 0.0006, Energy: -53.014007+0.000493j
[2025-04-17 00:24:16] Iteration: 335/1000, Temp: 0.0006, Energy: -52.815870+0.004587j
[2025-04-17 00:24:51] Iteration: 336/1000, Temp: 0.0006, Energy: -52.857997-0.003828j
[2025-04-17 00:25:26] Iteration: 337/1000, Temp: 0.0006, Energy: -52.872977-0.007735j
[2025-04-17 00:26:00] Iteration: 338/1000, Temp: 0.0006, Energy: -52.862087+0.004597j
[2025-04-17 00:26:35] Iteration: 339/1000, Temp: 0.0006, Energy: -52.694944+0.001006j
[2025-04-17 00:27:10] Iteration: 340/1000, Temp: 0.0006, Energy: -52.873068-0.007161j
[2025-04-17 00:27:44] Iteration: 341/1000, Temp: 0.0005, Energy: -52.933726+0.009299j
[2025-04-17 00:28:19] Iteration: 342/1000, Temp: 0.0005, Energy: -52.835393+0.003765j
[2025-04-17 00:28:54] Iteration: 343/1000, Temp: 0.0005, Energy: -52.828628-0.009232j
[2025-04-17 00:29:28] Iteration: 344/1000, Temp: 0.0005, Energy: -52.816160-0.012112j
[2025-04-17 00:30:03] Iteration: 345/1000, Temp: 0.0005, Energy: -52.717097-0.001994j
[2025-04-17 00:30:38] Iteration: 346/1000, Temp: 0.0005, Energy: -52.731796-0.000140j
[2025-04-17 00:31:13] Iteration: 347/1000, Temp: 0.0005, Energy: -52.758746-0.006658j
[2025-04-17 00:31:47] Iteration: 348/1000, Temp: 0.0005, Energy: -52.883134-0.012463j
[2025-04-17 00:32:22] Iteration: 349/1000, Temp: 0.0005, Energy: -52.885564-0.000883j
[2025-04-17 00:32:57] Iteration: 350/1000, Temp: 0.0005, Energy: -52.890503+0.000445j
[2025-04-17 00:33:31] Iteration: 351/1000, Temp: 0.0004, Energy: -52.956825-0.010053j
[2025-04-17 00:34:06] Iteration: 352/1000, Temp: 0.0004, Energy: -52.812651-0.011697j
[2025-04-17 00:34:41] Iteration: 353/1000, Temp: 0.0004, Energy: -52.865641+0.009555j
[2025-04-17 00:35:15] Iteration: 354/1000, Temp: 0.0004, Energy: -52.839464-0.000625j
[2025-04-17 00:35:50] Iteration: 355/1000, Temp: 0.0004, Energy: -52.855179+0.005200j
[2025-04-17 00:36:25] Iteration: 356/1000, Temp: 0.0004, Energy: -52.927201+0.000039j
[2025-04-17 00:36:59] Iteration: 357/1000, Temp: 0.0004, Energy: -52.902354+0.004578j
[2025-04-17 00:37:34] Iteration: 358/1000, Temp: 0.0004, Energy: -52.858927+0.002997j
[2025-04-17 00:38:09] Iteration: 359/1000, Temp: 0.0004, Energy: -52.806446-0.001316j
[2025-04-17 00:38:43] Iteration: 360/1000, Temp: 0.0004, Energy: -52.896662-0.005615j
[2025-04-17 00:39:18] Iteration: 361/1000, Temp: 0.0004, Energy: -52.936550-0.004263j
[2025-04-17 00:39:53] Iteration: 362/1000, Temp: 0.0004, Energy: -52.941602-0.000860j
[2025-04-17 00:40:27] Iteration: 363/1000, Temp: 0.0004, Energy: -52.771572+0.003398j
[2025-04-17 00:41:02] Iteration: 364/1000, Temp: 0.0003, Energy: -52.878652+0.010012j
[2025-04-17 00:41:36] Iteration: 365/1000, Temp: 0.0003, Energy: -52.848379+0.007828j
[2025-04-17 00:42:11] Iteration: 366/1000, Temp: 0.0003, Energy: -52.811847+0.005510j
[2025-04-17 00:42:45] Iteration: 367/1000, Temp: 0.0003, Energy: -52.819957+0.009905j
[2025-04-17 00:43:20] Iteration: 368/1000, Temp: 0.0003, Energy: -52.848472+0.005047j
[2025-04-17 00:43:54] Iteration: 369/1000, Temp: 0.0003, Energy: -52.865305+0.002847j
[2025-04-17 00:44:29] Iteration: 370/1000, Temp: 0.0003, Energy: -52.911181-0.001946j
[2025-04-17 00:45:03] Iteration: 371/1000, Temp: 0.0003, Energy: -52.867443-0.001906j
[2025-04-17 00:45:37] Iteration: 372/1000, Temp: 0.0003, Energy: -52.886644-0.002825j
[2025-04-17 00:46:12] Iteration: 373/1000, Temp: 0.0003, Energy: -52.843914+0.001145j
[2025-04-17 00:46:46] Iteration: 374/1000, Temp: 0.0003, Energy: -52.917258-0.001938j
[2025-04-17 00:47:21] Iteration: 375/1000, Temp: 0.0003, Energy: -52.784424+0.006938j
[2025-04-17 00:47:55] Iteration: 376/1000, Temp: 0.0003, Energy: -52.803033+0.003316j
[2025-04-17 00:48:30] Iteration: 377/1000, Temp: 0.0003, Energy: -52.985130-0.003245j
[2025-04-17 00:49:04] Iteration: 378/1000, Temp: 0.0003, Energy: -52.949603+0.005216j
[2025-04-17 00:49:39] Iteration: 379/1000, Temp: 0.0003, Energy: -52.888198+0.006460j
[2025-04-17 00:50:13] Iteration: 380/1000, Temp: 0.0003, Energy: -52.857373-0.003037j
[2025-04-17 00:50:48] Iteration: 381/1000, Temp: 0.0002, Energy: -52.815264+0.004162j
[2025-04-17 00:51:22] Iteration: 382/1000, Temp: 0.0002, Energy: -52.718568+0.002179j
[2025-04-17 00:51:57] Iteration: 383/1000, Temp: 0.0002, Energy: -52.835244-0.002546j
[2025-04-17 00:52:32] Iteration: 384/1000, Temp: 0.0002, Energy: -52.841092-0.000579j
[2025-04-17 00:53:07] Iteration: 385/1000, Temp: 0.0002, Energy: -52.816681-0.001021j
[2025-04-17 00:53:41] Iteration: 386/1000, Temp: 0.0002, Energy: -52.907682+0.001897j
[2025-04-17 00:54:16] Iteration: 387/1000, Temp: 0.0002, Energy: -52.831834+0.010424j
[2025-04-17 00:54:51] Iteration: 388/1000, Temp: 0.0002, Energy: -52.790298+0.004020j
[2025-04-17 00:55:25] Iteration: 389/1000, Temp: 0.0002, Energy: -52.833073-0.005691j
[2025-04-17 00:56:00] Iteration: 390/1000, Temp: 0.0002, Energy: -52.834380-0.010519j
[2025-04-17 00:56:35] Iteration: 391/1000, Temp: 0.0002, Energy: -52.768172+0.010621j
[2025-04-17 00:57:10] Iteration: 392/1000, Temp: 0.0002, Energy: -52.840749+0.010735j
[2025-04-17 00:57:44] Iteration: 393/1000, Temp: 0.0002, Energy: -52.814397+0.006750j
[2025-04-17 00:58:19] Iteration: 394/1000, Temp: 0.0002, Energy: -52.795050-0.004548j
[2025-04-17 00:58:53] Iteration: 395/1000, Temp: 0.0002, Energy: -52.807673+0.004807j
[2025-04-17 00:59:28] Iteration: 396/1000, Temp: 0.0002, Energy: -52.861356+0.001943j
[2025-04-17 01:00:02] Iteration: 397/1000, Temp: 0.0002, Energy: -52.890884+0.001955j
[2025-04-17 01:00:37] Iteration: 398/1000, Temp: 0.0002, Energy: -52.898254+0.007050j
[2025-04-17 01:01:12] Iteration: 399/1000, Temp: 0.0002, Energy: -52.905613-0.002950j
[2025-04-17 01:01:46] Iteration: 400/1000, Temp: 0.0002, Energy: -52.960283-0.002295j
[2025-04-17 01:02:21] Iteration: 401/1000, Temp: 0.0002, Energy: -52.796310+0.015362j
[2025-04-17 01:02:55] Iteration: 402/1000, Temp: 0.0002, Energy: -52.896556+0.006927j
[2025-04-17 01:03:30] Iteration: 403/1000, Temp: 0.0002, Energy: -52.732977-0.000826j
[2025-04-17 01:04:05] Iteration: 404/1000, Temp: 0.0002, Energy: -52.865220+0.004830j
[2025-04-17 01:04:39] Iteration: 405/1000, Temp: 0.0002, Energy: -52.795453+0.002100j
[2025-04-17 01:05:14] Iteration: 406/1000, Temp: 0.0001, Energy: -52.787124+0.003127j
[2025-04-17 01:05:49] Iteration: 407/1000, Temp: 0.0001, Energy: -52.910008+0.007869j
[2025-04-17 01:06:23] Iteration: 408/1000, Temp: 0.0001, Energy: -52.845836-0.002201j
[2025-04-17 01:06:58] Iteration: 409/1000, Temp: 0.0001, Energy: -52.857944+0.001314j
[2025-04-17 01:07:33] Iteration: 410/1000, Temp: 0.0001, Energy: -52.804880+0.005968j
[2025-04-17 01:08:07] Iteration: 411/1000, Temp: 0.0001, Energy: -52.976124-0.007894j
[2025-04-17 01:08:42] Iteration: 412/1000, Temp: 0.0001, Energy: -52.809807+0.002470j
[2025-04-17 01:09:17] Iteration: 413/1000, Temp: 0.0001, Energy: -52.928835+0.006830j
[2025-04-17 01:09:51] Iteration: 414/1000, Temp: 0.0001, Energy: -52.935425-0.000107j
[2025-04-17 01:10:26] Iteration: 415/1000, Temp: 0.0001, Energy: -52.928885-0.000664j
[2025-04-17 01:11:01] Iteration: 416/1000, Temp: 0.0001, Energy: -52.798302-0.007369j
[2025-04-17 01:11:36] Iteration: 417/1000, Temp: 0.0001, Energy: -52.821782+0.000743j
[2025-04-17 01:12:10] Iteration: 418/1000, Temp: 0.0001, Energy: -52.902625+0.003738j
[2025-04-17 01:12:45] Iteration: 419/1000, Temp: 0.0001, Energy: -52.814301-0.003747j
[2025-04-17 01:13:20] Iteration: 420/1000, Temp: 0.0001, Energy: -52.790077+0.003340j
[2025-04-17 01:13:54] Iteration: 421/1000, Temp: 0.0001, Energy: -52.726326+0.000369j
[2025-04-17 01:14:29] Iteration: 422/1000, Temp: 0.0001, Energy: -52.695761+0.001925j
[2025-04-17 01:15:03] Iteration: 423/1000, Temp: 0.0001, Energy: -52.787214+0.003932j
[2025-04-17 01:15:38] Iteration: 424/1000, Temp: 0.0001, Energy: -52.996008+0.000997j
[2025-04-17 01:16:12] Iteration: 425/1000, Temp: 0.0001, Energy: -52.757397-0.007141j
[2025-04-17 01:16:47] Iteration: 426/1000, Temp: 0.0001, Energy: -52.921624-0.001342j
[2025-04-17 01:17:22] Iteration: 427/1000, Temp: 0.0001, Energy: -52.931320+0.003391j
[2025-04-17 01:17:57] Iteration: 428/1000, Temp: 0.0001, Energy: -52.867736-0.014545j
[2025-04-17 01:18:31] Iteration: 429/1000, Temp: 0.0001, Energy: -52.911535+0.000531j
[2025-04-17 01:19:06] Iteration: 430/1000, Temp: 0.0001, Energy: -52.826663-0.000297j
[2025-04-17 01:19:41] Iteration: 431/1000, Temp: 0.0001, Energy: -52.862471-0.006128j
[2025-04-17 01:20:16] Iteration: 432/1000, Temp: 0.0001, Energy: -52.765138+0.005374j
[2025-04-17 01:20:50] Iteration: 433/1000, Temp: 0.0001, Energy: -52.723446-0.000379j
[2025-04-17 01:21:25] Iteration: 434/1000, Temp: 0.0001, Energy: -52.893977+0.003247j
[2025-04-17 01:21:59] Iteration: 435/1000, Temp: 0.0001, Energy: -52.818649+0.002310j
[2025-04-17 01:22:34] Iteration: 436/1000, Temp: 0.0001, Energy: -52.830095+0.000597j
[2025-04-17 01:23:08] Iteration: 437/1000, Temp: 0.0001, Energy: -52.969780-0.003107j
[2025-04-17 01:23:43] Iteration: 438/1000, Temp: 0.0001, Energy: -53.019034+0.003264j
[2025-04-17 01:24:18] Iteration: 439/1000, Temp: 0.0001, Energy: -52.933256+0.003788j
[2025-04-17 01:24:52] Iteration: 440/1000, Temp: 0.0001, Energy: -52.904421+0.000560j
[2025-04-17 01:25:27] Iteration: 441/1000, Temp: 0.0001, Energy: -52.922098-0.000188j
[2025-04-17 01:26:01] Iteration: 442/1000, Temp: 0.0001, Energy: -52.923004-0.002940j
[2025-04-17 01:26:36] Iteration: 443/1000, Temp: 0.0001, Energy: -52.959339-0.005264j
[2025-04-17 01:27:10] Iteration: 444/1000, Temp: 0.0001, Energy: -52.915349-0.000431j
[2025-04-17 01:27:45] Iteration: 445/1000, Temp: 0.0001, Energy: -52.859523+0.002480j
[2025-04-17 01:28:19] Iteration: 446/1000, Temp: 0.0001, Energy: -52.784672-0.009722j
[2025-04-17 01:28:54] Iteration: 447/1000, Temp: 0.0001, Energy: -52.880949+0.000690j
[2025-04-17 01:29:28] Iteration: 448/1000, Temp: 0.0001, Energy: -52.720876-0.001390j
[2025-04-17 01:30:03] Iteration: 449/1000, Temp: 0.0001, Energy: -52.857966+0.003361j
[2025-04-17 01:30:37] Iteration: 450/1000, Temp: 0.0001, Energy: -52.877974-0.006009j
[2025-04-17 01:31:12] Iteration: 451/1000, Temp: 0.0001, Energy: -52.870226+0.001117j
[2025-04-17 01:31:47] Iteration: 452/1000, Temp: 0.0001, Energy: -52.861587+0.004904j
[2025-04-17 01:32:21] Iteration: 453/1000, Temp: 0.0001, Energy: -52.768988+0.002757j
[2025-04-17 01:32:56] Iteration: 454/1000, Temp: 0.0001, Energy: -53.002045+0.002820j
[2025-04-17 01:33:30] Iteration: 455/1000, Temp: 0.0001, Energy: -52.967107+0.005672j
[2025-04-17 01:34:05] Iteration: 456/1000, Temp: 0.0001, Energy: -53.048173-0.001493j
[2025-04-17 01:34:39] Iteration: 457/1000, Temp: 0.0001, Energy: -52.809018-0.015594j
[2025-04-17 01:35:14] Iteration: 458/1000, Temp: 0.0001, Energy: -52.915452+0.009350j
[2025-04-17 01:35:48] Iteration: 459/1000, Temp: 0.0001, Energy: -52.883662+0.008690j
[2025-04-17 01:36:23] Iteration: 460/1000, Temp: 0.0001, Energy: -52.878821+0.000056j
[2025-04-17 01:36:57] Iteration: 461/1000, Temp: 0.0000, Energy: -52.879157+0.002447j
[2025-04-17 01:37:32] Iteration: 462/1000, Temp: 0.0000, Energy: -52.776066+0.002999j
[2025-04-17 01:38:06] Iteration: 463/1000, Temp: 0.0000, Energy: -52.830575-0.002541j
[2025-04-17 01:38:41] Iteration: 464/1000, Temp: 0.0000, Energy: -52.909879-0.003067j
[2025-04-17 01:39:15] Iteration: 465/1000, Temp: 0.0000, Energy: -52.924885+0.005877j
[2025-04-17 01:39:50] Iteration: 466/1000, Temp: 0.0000, Energy: -52.902872+0.007477j
[2025-04-17 01:40:24] Iteration: 467/1000, Temp: 0.0000, Energy: -52.796423+0.006547j
[2025-04-17 01:40:59] Iteration: 468/1000, Temp: 0.0000, Energy: -52.902112+0.000603j
[2025-04-17 01:41:33] Iteration: 469/1000, Temp: 0.0000, Energy: -52.855148+0.001926j
[2025-04-17 01:42:07] Iteration: 470/1000, Temp: 0.0000, Energy: -52.850468+0.002960j
[2025-04-17 01:42:42] Iteration: 471/1000, Temp: 0.0000, Energy: -53.021461+0.013961j
[2025-04-17 01:43:17] Iteration: 472/1000, Temp: 0.0000, Energy: -52.979280-0.007884j
[2025-04-17 01:43:52] Iteration: 473/1000, Temp: 0.0000, Energy: -52.816563+0.001452j
[2025-04-17 01:44:26] Iteration: 474/1000, Temp: 0.0000, Energy: -52.789202+0.000414j
[2025-04-17 01:45:01] Iteration: 475/1000, Temp: 0.0000, Energy: -52.939104-0.002691j
[2025-04-17 01:45:36] Iteration: 476/1000, Temp: 0.0000, Energy: -53.017956+0.008912j
[2025-04-17 01:46:10] Iteration: 477/1000, Temp: 0.0000, Energy: -52.900390-0.000832j
[2025-04-17 01:46:45] Iteration: 478/1000, Temp: 0.0000, Energy: -52.841087+0.005197j
[2025-04-17 01:47:20] Iteration: 479/1000, Temp: 0.0000, Energy: -52.963188-0.003356j
[2025-04-17 01:47:54] Iteration: 480/1000, Temp: 0.0000, Energy: -52.845001+0.006840j
[2025-04-17 01:48:29] Iteration: 481/1000, Temp: 0.0000, Energy: -52.874263+0.002499j
[2025-04-17 01:49:04] Iteration: 482/1000, Temp: 0.0000, Energy: -52.938975-0.006957j
[2025-04-17 01:49:38] Iteration: 483/1000, Temp: 0.0000, Energy: -53.006392+0.003887j
[2025-04-17 01:50:13] Iteration: 484/1000, Temp: 0.0000, Energy: -52.958785-0.001088j
[2025-04-17 01:50:47] Iteration: 485/1000, Temp: 0.0000, Energy: -52.939822-0.001988j
[2025-04-17 01:51:22] Iteration: 486/1000, Temp: 0.0000, Energy: -53.055474+0.004490j
[2025-04-17 01:51:56] Iteration: 487/1000, Temp: 0.0000, Energy: -52.915182-0.003259j
[2025-04-17 01:52:31] Iteration: 488/1000, Temp: 0.0000, Energy: -52.902684+0.004422j
[2025-04-17 01:53:05] Iteration: 489/1000, Temp: 0.0000, Energy: -52.953715+0.005452j
[2025-04-17 01:53:40] Iteration: 490/1000, Temp: 0.0000, Energy: -52.957179+0.004585j
[2025-04-17 01:54:14] Iteration: 491/1000, Temp: 0.0000, Energy: -52.917806+0.006093j
[2025-04-17 01:54:49] Iteration: 492/1000, Temp: 0.0000, Energy: -52.923880+0.000482j
[2025-04-17 01:55:23] Iteration: 493/1000, Temp: 0.0000, Energy: -52.848554+0.000415j
[2025-04-17 01:55:58] Iteration: 494/1000, Temp: 0.0000, Energy: -52.771908-0.000505j
[2025-04-17 01:56:33] Iteration: 495/1000, Temp: 0.0000, Energy: -52.864444+0.002438j
[2025-04-17 01:57:07] Iteration: 496/1000, Temp: 0.0000, Energy: -52.899296+0.001195j
[2025-04-17 01:57:42] Iteration: 497/1000, Temp: 0.0000, Energy: -52.850301+0.009422j
[2025-04-17 01:58:17] Iteration: 498/1000, Temp: 0.0000, Energy: -52.825429+0.007498j
[2025-04-17 01:58:51] Iteration: 499/1000, Temp: 0.0000, Energy: -52.800213-0.003986j
[2025-04-17 01:59:26] Iteration: 500/1000, Temp: 0.0000, Energy: -52.779302+0.007456j
[2025-04-17 02:00:01] Iteration: 501/1000, Temp: 0.0000, Energy: -52.708169+0.002470j
[2025-04-17 02:00:35] Iteration: 502/1000, Temp: 0.0000, Energy: -52.715267+0.007675j
[2025-04-17 02:01:10] Iteration: 503/1000, Temp: 0.0000, Energy: -52.844180+0.001331j
[2025-04-17 02:01:45] Iteration: 504/1000, Temp: 0.0000, Energy: -52.828441-0.000651j
[2025-04-17 02:02:20] Iteration: 505/1000, Temp: 0.0000, Energy: -52.708497+0.012444j
[2025-04-17 02:02:54] Iteration: 506/1000, Temp: 0.0000, Energy: -52.689806-0.003016j
[2025-04-17 02:03:29] Iteration: 507/1000, Temp: 0.0000, Energy: -52.833201+0.002940j
[2025-04-17 02:04:04] Iteration: 508/1000, Temp: 0.0000, Energy: -52.901366-0.003874j
[2025-04-17 02:04:38] Iteration: 509/1000, Temp: 0.0000, Energy: -52.993057+0.003824j
[2025-04-17 02:05:13] Iteration: 510/1000, Temp: 0.0000, Energy: -53.125116-0.000876j
[2025-04-17 02:05:48] Iteration: 511/1000, Temp: 0.0000, Energy: -53.034345+0.004034j
[2025-04-17 02:06:23] Iteration: 512/1000, Temp: 0.0000, Energy: -52.921150-0.004800j
[2025-04-17 02:06:57] Iteration: 513/1000, Temp: 0.0000, Energy: -52.957165-0.004339j
[2025-04-17 02:07:32] Iteration: 514/1000, Temp: 0.0000, Energy: -52.743251-0.004981j
[2025-04-17 02:08:07] Iteration: 515/1000, Temp: 0.0000, Energy: -52.860079-0.009280j
[2025-04-17 02:08:41] Iteration: 516/1000, Temp: 0.0000, Energy: -52.856054+0.003634j
[2025-04-17 02:09:16] Iteration: 517/1000, Temp: 0.0000, Energy: -52.898517+0.015651j
[2025-04-17 02:09:50] Iteration: 518/1000, Temp: 0.0000, Energy: -52.835028+0.000253j
[2025-04-17 02:10:25] Iteration: 519/1000, Temp: 0.0000, Energy: -52.850124+0.001328j
[2025-04-17 02:11:00] Iteration: 520/1000, Temp: 0.0000, Energy: -52.884897+0.002369j
[2025-04-17 02:11:35] Iteration: 521/1000, Temp: 0.0000, Energy: -52.818526+0.000279j
[2025-04-17 02:12:09] Iteration: 522/1000, Temp: 0.0000, Energy: -53.027830+0.008444j
[2025-04-17 02:12:44] Iteration: 523/1000, Temp: 0.0000, Energy: -53.020916+0.000627j
[2025-04-17 02:13:19] Iteration: 524/1000, Temp: 0.0000, Energy: -53.043202+0.009159j
[2025-04-17 02:13:54] Iteration: 525/1000, Temp: 0.0000, Energy: -52.908696+0.001499j
[2025-04-17 02:14:28] Iteration: 526/1000, Temp: 0.0000, Energy: -52.938111+0.005639j
[2025-04-17 02:15:03] Iteration: 527/1000, Temp: 0.0000, Energy: -52.979659-0.002901j
[2025-04-17 02:15:38] Iteration: 528/1000, Temp: 0.0000, Energy: -52.879648-0.003291j
[2025-04-17 02:16:13] Iteration: 529/1000, Temp: 0.0000, Energy: -52.905183+0.001116j
[2025-04-17 02:16:47] Iteration: 530/1000, Temp: 0.0000, Energy: -52.872243-0.007304j
[2025-04-17 02:17:22] Iteration: 531/1000, Temp: 0.0000, Energy: -52.868668+0.003141j
[2025-04-17 02:17:57] Iteration: 532/1000, Temp: 0.0000, Energy: -52.797593-0.000599j
[2025-04-17 02:18:32] Iteration: 533/1000, Temp: 0.0000, Energy: -52.973901+0.013491j
[2025-04-17 02:19:06] Iteration: 534/1000, Temp: 0.0000, Energy: -52.889270-0.001896j
[2025-04-17 02:19:41] Iteration: 535/1000, Temp: 0.0000, Energy: -52.899619+0.007586j
[2025-04-17 02:20:16] Iteration: 536/1000, Temp: 0.0000, Energy: -52.923593-0.001514j
[2025-04-17 02:20:50] Iteration: 537/1000, Temp: 0.0000, Energy: -53.000069+0.003684j
[2025-04-17 02:21:25] Iteration: 538/1000, Temp: 0.0000, Energy: -52.963990+0.001510j
[2025-04-17 02:22:00] Iteration: 539/1000, Temp: 0.0000, Energy: -52.967073+0.000752j
[2025-04-17 02:22:35] Iteration: 540/1000, Temp: 0.0000, Energy: -52.833918+0.003097j
[2025-04-17 02:23:09] Iteration: 541/1000, Temp: 0.0000, Energy: -52.798805-0.003761j
[2025-04-17 02:23:44] Iteration: 542/1000, Temp: 0.0000, Energy: -52.933203+0.006697j
[2025-04-17 02:24:19] Iteration: 543/1000, Temp: 0.0000, Energy: -52.999060-0.001132j
[2025-04-17 02:24:54] Iteration: 544/1000, Temp: 0.0000, Energy: -52.907486-0.005945j
[2025-04-17 02:25:28] Iteration: 545/1000, Temp: 0.0000, Energy: -52.852558+0.002022j
[2025-04-17 02:26:03] Iteration: 546/1000, Temp: 0.0000, Energy: -52.920249-0.001676j
[2025-04-17 02:26:38] Iteration: 547/1000, Temp: 0.0000, Energy: -52.903545+0.002689j
[2025-04-17 02:27:13] Iteration: 548/1000, Temp: 0.0000, Energy: -52.844924+0.000629j
[2025-04-17 02:27:47] Iteration: 549/1000, Temp: 0.0000, Energy: -52.900333-0.007717j
[2025-04-17 02:28:22] Iteration: 550/1000, Temp: 0.0000, Energy: -52.930823+0.003359j
[2025-04-17 02:28:57] Iteration: 551/1000, Temp: 0.0000, Energy: -53.023956-0.007704j
[2025-04-17 02:29:31] Iteration: 552/1000, Temp: 0.0000, Energy: -53.040266+0.001876j
[2025-04-17 02:30:06] Iteration: 553/1000, Temp: 0.0000, Energy: -52.846707-0.000459j
[2025-04-17 02:30:41] Iteration: 554/1000, Temp: 0.0000, Energy: -52.794838-0.005194j
[2025-04-17 02:31:15] Iteration: 555/1000, Temp: 0.0000, Energy: -52.906388+0.007487j
[2025-04-17 02:31:50] Iteration: 556/1000, Temp: 0.0000, Energy: -52.918352+0.004150j
[2025-04-17 02:32:25] Iteration: 557/1000, Temp: 0.0000, Energy: -52.795712-0.002646j
[2025-04-17 02:33:00] Iteration: 558/1000, Temp: 0.0000, Energy: -52.936152-0.006831j
[2025-04-17 02:33:34] Iteration: 559/1000, Temp: 0.0000, Energy: -53.046423+0.002599j
[2025-04-17 02:34:09] Iteration: 560/1000, Temp: 0.0000, Energy: -52.944278+0.000746j
[2025-04-17 02:34:44] Iteration: 561/1000, Temp: 0.0000, Energy: -52.796587+0.001042j
[2025-04-17 02:35:19] Iteration: 562/1000, Temp: 0.0000, Energy: -52.728762+0.001864j
[2025-04-17 02:35:53] Iteration: 563/1000, Temp: 0.0000, Energy: -52.936347-0.003587j
[2025-04-17 02:36:28] Iteration: 564/1000, Temp: 0.0000, Energy: -52.859397-0.003593j
[2025-04-17 02:37:03] Iteration: 565/1000, Temp: 0.0000, Energy: -52.856083+0.002692j
[2025-04-17 02:37:37] Iteration: 566/1000, Temp: 0.0000, Energy: -52.905301-0.002845j
[2025-04-17 02:38:12] Iteration: 567/1000, Temp: 0.0000, Energy: -52.841451-0.001232j
[2025-04-17 02:38:47] Iteration: 568/1000, Temp: 0.0000, Energy: -52.869652+0.008815j
[2025-04-17 02:39:22] Iteration: 569/1000, Temp: 0.0000, Energy: -52.819430+0.001325j
[2025-04-17 02:39:56] Iteration: 570/1000, Temp: 0.0000, Energy: -52.656889-0.000887j
[2025-04-17 02:40:31] Iteration: 571/1000, Temp: 0.0000, Energy: -52.751010-0.002479j
[2025-04-17 02:41:06] Iteration: 572/1000, Temp: 0.0000, Energy: -52.865628-0.006807j
[2025-04-17 02:41:40] Iteration: 573/1000, Temp: 0.0000, Energy: -52.921819+0.006821j
[2025-04-17 02:42:15] Iteration: 574/1000, Temp: 0.0000, Energy: -52.985297-0.004179j
[2025-04-17 02:42:50] Iteration: 575/1000, Temp: 0.0000, Energy: -52.857423-0.007176j
[2025-04-17 02:43:24] Iteration: 576/1000, Temp: 0.0000, Energy: -52.890165-0.003120j
[2025-04-17 02:43:59] Iteration: 577/1000, Temp: 0.0000, Energy: -52.809090+0.000015j
[2025-04-17 02:44:34] Iteration: 578/1000, Temp: 0.0000, Energy: -52.848409+0.003914j
[2025-04-17 02:45:08] Iteration: 579/1000, Temp: 0.0000, Energy: -52.860926-0.003044j
[2025-04-17 02:45:43] Iteration: 580/1000, Temp: 0.0000, Energy: -52.785489-0.003094j
[2025-04-17 02:46:18] Iteration: 581/1000, Temp: 0.0000, Energy: -52.745976+0.000338j
[2025-04-17 02:46:53] Iteration: 582/1000, Temp: 0.0000, Energy: -52.845560+0.000991j
[2025-04-17 02:47:27] Iteration: 583/1000, Temp: 0.0000, Energy: -52.825219+0.000990j
[2025-04-17 02:48:02] Iteration: 584/1000, Temp: 0.0000, Energy: -52.820506+0.004448j
[2025-04-17 02:48:37] Iteration: 585/1000, Temp: 0.0000, Energy: -52.780830+0.002657j
[2025-04-17 02:49:11] Iteration: 586/1000, Temp: 0.0000, Energy: -52.741857+0.003800j
[2025-04-17 02:49:46] Iteration: 587/1000, Temp: 0.0000, Energy: -52.648267-0.002271j
[2025-04-17 02:50:21] Iteration: 588/1000, Temp: 0.0000, Energy: -52.778980-0.003030j
[2025-04-17 02:50:56] Iteration: 589/1000, Temp: 0.0000, Energy: -52.779036-0.003480j
[2025-04-17 02:51:30] Iteration: 590/1000, Temp: 0.0000, Energy: -52.904647-0.005629j
[2025-04-17 02:52:05] Iteration: 591/1000, Temp: 0.0000, Energy: -52.806191+0.002145j
[2025-04-17 02:52:39] Iteration: 592/1000, Temp: 0.0000, Energy: -52.897847+0.003268j
[2025-04-17 02:53:14] Iteration: 593/1000, Temp: 0.0000, Energy: -52.843355+0.003246j
[2025-04-17 02:53:48] Iteration: 594/1000, Temp: 0.0000, Energy: -52.901070+0.006659j
[2025-04-17 02:54:23] Iteration: 595/1000, Temp: 0.0000, Energy: -52.926701-0.005203j
[2025-04-17 02:54:57] Iteration: 596/1000, Temp: 0.0000, Energy: -52.871369-0.003549j
[2025-04-17 02:55:32] Iteration: 597/1000, Temp: 0.0000, Energy: -52.867903-0.002816j
[2025-04-17 02:56:06] Iteration: 598/1000, Temp: 0.0000, Energy: -52.933091+0.001458j
[2025-04-17 02:56:41] Iteration: 599/1000, Temp: 0.0000, Energy: -52.927127+0.002388j
[2025-04-17 02:57:15] Iteration: 600/1000, Temp: 0.0000, Energy: -52.929610+0.007446j
[2025-04-17 02:57:50] Iteration: 601/1000, Temp: 0.0000, Energy: -52.928435+0.000540j
[2025-04-17 02:58:24] Iteration: 602/1000, Temp: 0.0000, Energy: -52.917259+0.001266j
[2025-04-17 02:58:59] Iteration: 603/1000, Temp: 0.0000, Energy: -52.800266+0.004351j
[2025-04-17 02:59:33] Iteration: 604/1000, Temp: 0.0000, Energy: -52.886164+0.001348j
[2025-04-17 03:00:08] Iteration: 605/1000, Temp: 0.0000, Energy: -52.892006-0.001400j
[2025-04-17 03:00:42] Iteration: 606/1000, Temp: 0.0000, Energy: -52.912686-0.001253j
[2025-04-17 03:01:17] Iteration: 607/1000, Temp: 0.0000, Energy: -52.802951-0.001103j
[2025-04-17 03:01:51] Iteration: 608/1000, Temp: 0.0000, Energy: -52.818097+0.006078j
[2025-04-17 03:02:26] Iteration: 609/1000, Temp: 0.0000, Energy: -52.801106-0.001091j
[2025-04-17 03:03:00] Iteration: 610/1000, Temp: 0.0000, Energy: -52.924968-0.001043j
[2025-04-17 03:03:35] Iteration: 611/1000, Temp: 0.0000, Energy: -53.049020-0.000584j
[2025-04-17 03:04:09] Iteration: 612/1000, Temp: 0.0000, Energy: -52.942985-0.005052j
[2025-04-17 03:04:44] Iteration: 613/1000, Temp: 0.0000, Energy: -52.872043-0.006480j
[2025-04-17 03:05:18] Iteration: 614/1000, Temp: 0.0000, Energy: -52.870229+0.005591j
[2025-04-17 03:05:53] Iteration: 615/1000, Temp: 0.0000, Energy: -52.976087-0.004261j
[2025-04-17 03:06:27] Iteration: 616/1000, Temp: 0.0000, Energy: -52.912496-0.000200j
[2025-04-17 03:07:02] Iteration: 617/1000, Temp: 0.0000, Energy: -52.803739-0.000435j
[2025-04-17 03:07:37] Iteration: 618/1000, Temp: 0.0000, Energy: -52.835577+0.001377j
[2025-04-17 03:08:11] Iteration: 619/1000, Temp: 0.0000, Energy: -52.814855+0.003377j
[2025-04-17 03:08:46] Iteration: 620/1000, Temp: 0.0000, Energy: -52.717540+0.004317j
[2025-04-17 03:09:21] Iteration: 621/1000, Temp: 0.0000, Energy: -52.851374+0.002282j
[2025-04-17 03:09:56] Iteration: 622/1000, Temp: 0.0000, Energy: -52.837387+0.004472j
[2025-04-17 03:10:30] Iteration: 623/1000, Temp: 0.0000, Energy: -52.825900+0.000636j
[2025-04-17 03:11:05] Iteration: 624/1000, Temp: 0.0000, Energy: -52.802376-0.002346j
[2025-04-17 03:11:40] Iteration: 625/1000, Temp: 0.0000, Energy: -52.861969+0.007366j
[2025-04-17 03:12:14] Iteration: 626/1000, Temp: 0.0000, Energy: -52.731394+0.000732j
[2025-04-17 03:12:49] Iteration: 627/1000, Temp: 0.0000, Energy: -52.833185-0.003511j
[2025-04-17 03:13:24] Iteration: 628/1000, Temp: 0.0000, Energy: -52.786294-0.004802j
[2025-04-17 03:13:59] Iteration: 629/1000, Temp: 0.0000, Energy: -52.745379+0.003421j
[2025-04-17 03:14:33] Iteration: 630/1000, Temp: 0.0000, Energy: -52.765017-0.005089j
[2025-04-17 03:15:08] Iteration: 631/1000, Temp: 0.0000, Energy: -52.961783+0.001751j
[2025-04-17 03:15:43] Iteration: 632/1000, Temp: 0.0000, Energy: -52.839888-0.000928j
[2025-04-17 03:16:17] Iteration: 633/1000, Temp: 0.0000, Energy: -52.848322-0.003341j
[2025-04-17 03:16:52] Iteration: 634/1000, Temp: 0.0000, Energy: -52.872949+0.003719j
[2025-04-17 03:17:27] Iteration: 635/1000, Temp: 0.0000, Energy: -52.842607-0.007005j
[2025-04-17 03:18:01] Iteration: 636/1000, Temp: 0.0000, Energy: -52.953532-0.000688j
[2025-04-17 03:18:36] Iteration: 637/1000, Temp: 0.0000, Energy: -52.849508+0.004563j
[2025-04-17 03:19:10] Iteration: 638/1000, Temp: 0.0000, Energy: -52.956252+0.003009j
[2025-04-17 03:19:45] Iteration: 639/1000, Temp: 0.0000, Energy: -52.866838+0.000094j
[2025-04-17 03:20:19] Iteration: 640/1000, Temp: 0.0000, Energy: -52.865105-0.004073j
[2025-04-17 03:20:54] Iteration: 641/1000, Temp: 0.0000, Energy: -52.836545-0.006872j
[2025-04-17 03:21:28] Iteration: 642/1000, Temp: 0.0000, Energy: -52.683415-0.001376j
[2025-04-17 03:22:03] Iteration: 643/1000, Temp: 0.0000, Energy: -52.755354+0.010933j
[2025-04-17 03:22:38] Iteration: 644/1000, Temp: 0.0000, Energy: -52.882087-0.002321j
[2025-04-17 03:23:12] Iteration: 645/1000, Temp: 0.0000, Energy: -52.742913+0.008556j
[2025-04-17 03:23:47] Iteration: 646/1000, Temp: 0.0000, Energy: -52.915328-0.000412j
[2025-04-17 03:24:22] Iteration: 647/1000, Temp: 0.0000, Energy: -52.964659+0.001896j
[2025-04-17 03:24:56] Iteration: 648/1000, Temp: 0.0000, Energy: -52.944978+0.002732j
[2025-04-17 03:25:30] Iteration: 649/1000, Temp: 0.0000, Energy: -52.931783+0.002666j
[2025-04-17 03:26:05] Iteration: 650/1000, Temp: 0.0000, Energy: -52.852135+0.005699j
[2025-04-17 03:26:39] Iteration: 651/1000, Temp: 0.0000, Energy: -52.980916+0.002330j
[2025-04-17 03:27:14] Iteration: 652/1000, Temp: 0.0000, Energy: -53.080190+0.001226j
[2025-04-17 03:27:49] Iteration: 653/1000, Temp: 0.0000, Energy: -52.917540-0.017138j
[2025-04-17 03:28:23] Iteration: 654/1000, Temp: 0.0000, Energy: -52.854384-0.003383j
[2025-04-17 03:28:58] Iteration: 655/1000, Temp: 0.0000, Energy: -52.852234+0.000094j
[2025-04-17 03:29:32] Iteration: 656/1000, Temp: 0.0000, Energy: -52.837862-0.003912j
[2025-04-17 03:30:07] Iteration: 657/1000, Temp: 0.0000, Energy: -52.822524+0.006828j
[2025-04-17 03:30:41] Iteration: 658/1000, Temp: 0.0000, Energy: -52.982825+0.001019j
[2025-04-17 03:31:16] Iteration: 659/1000, Temp: 0.0000, Energy: -52.913093+0.014103j
[2025-04-17 03:31:50] Iteration: 660/1000, Temp: 0.0000, Energy: -52.943651-0.002926j
[2025-04-17 03:32:25] Iteration: 661/1000, Temp: 0.0000, Energy: -52.991954-0.004705j
[2025-04-17 03:32:59] Iteration: 662/1000, Temp: 0.0000, Energy: -52.968154+0.011010j
[2025-04-17 03:33:34] Iteration: 663/1000, Temp: 0.0000, Energy: -52.990526-0.000341j
[2025-04-17 03:34:08] Iteration: 664/1000, Temp: 0.0000, Energy: -52.896948-0.004614j
[2025-04-17 03:34:43] Iteration: 665/1000, Temp: 0.0000, Energy: -52.910760+0.007184j
[2025-04-17 03:35:17] Iteration: 666/1000, Temp: 0.0000, Energy: -52.874456+0.002033j
[2025-04-17 03:35:52] Iteration: 667/1000, Temp: 0.0000, Energy: -52.954859+0.001541j
[2025-04-17 03:36:27] Iteration: 668/1000, Temp: 0.0000, Energy: -52.870133+0.003514j
[2025-04-17 03:37:01] Iteration: 669/1000, Temp: 0.0000, Energy: -52.831125-0.000290j
[2025-04-17 03:37:36] Iteration: 670/1000, Temp: 0.0000, Energy: -52.872748-0.003467j
[2025-04-17 03:38:10] Iteration: 671/1000, Temp: 0.0000, Energy: -53.014580-0.001635j
[2025-04-17 03:38:45] Iteration: 672/1000, Temp: 0.0000, Energy: -52.929641-0.000257j
[2025-04-17 03:39:20] Iteration: 673/1000, Temp: 0.0000, Energy: -52.896308-0.001554j
[2025-04-17 03:39:54] Iteration: 674/1000, Temp: 0.0000, Energy: -52.910568+0.007187j
[2025-04-17 03:40:29] Iteration: 675/1000, Temp: 0.0000, Energy: -52.806282-0.008828j
[2025-04-17 03:41:04] Iteration: 676/1000, Temp: 0.0000, Energy: -52.799753+0.001482j
[2025-04-17 03:41:39] Iteration: 677/1000, Temp: 0.0000, Energy: -52.769321+0.004476j
[2025-04-17 03:42:13] Iteration: 678/1000, Temp: 0.0000, Energy: -52.752391-0.001537j
[2025-04-17 03:42:48] Iteration: 679/1000, Temp: 0.0000, Energy: -52.792197+0.003005j
[2025-04-17 03:43:23] Iteration: 680/1000, Temp: 0.0000, Energy: -52.781699-0.007114j
[2025-04-17 03:43:57] Iteration: 681/1000, Temp: 0.0000, Energy: -52.859231+0.007521j
[2025-04-17 03:44:32] Iteration: 682/1000, Temp: 0.0000, Energy: -52.815264+0.001140j
[2025-04-17 03:45:07] Iteration: 683/1000, Temp: 0.0000, Energy: -52.988432+0.000310j
[2025-04-17 03:45:42] Iteration: 684/1000, Temp: 0.0000, Energy: -53.047841+0.003988j
[2025-04-17 03:46:16] Iteration: 685/1000, Temp: 0.0000, Energy: -53.024769+0.000908j
[2025-04-17 03:46:51] Iteration: 686/1000, Temp: 0.0000, Energy: -52.952889+0.001095j
[2025-04-17 03:47:25] Iteration: 687/1000, Temp: 0.0000, Energy: -52.971237-0.005415j
[2025-04-17 03:47:59] Iteration: 688/1000, Temp: 0.0000, Energy: -52.926382+0.008984j
[2025-04-17 03:48:34] Iteration: 689/1000, Temp: 0.0000, Energy: -52.924674+0.006884j
[2025-04-17 03:49:08] Iteration: 690/1000, Temp: 0.0000, Energy: -52.937623-0.003198j
[2025-04-17 03:49:43] Iteration: 691/1000, Temp: 0.0000, Energy: -52.835499-0.000586j
[2025-04-17 03:50:18] Iteration: 692/1000, Temp: 0.0000, Energy: -52.862712+0.006985j
[2025-04-17 03:50:52] Iteration: 693/1000, Temp: 0.0000, Energy: -52.835705+0.000502j
[2025-04-17 03:51:27] Iteration: 694/1000, Temp: 0.0000, Energy: -52.935676-0.003398j
[2025-04-17 03:52:02] Iteration: 695/1000, Temp: 0.0000, Energy: -52.841782-0.000799j
[2025-04-17 03:52:37] Iteration: 696/1000, Temp: 0.0000, Energy: -52.808989+0.006543j
[2025-04-17 03:53:11] Iteration: 697/1000, Temp: 0.0000, Energy: -52.994434+0.002152j
[2025-04-17 03:53:46] Iteration: 698/1000, Temp: 0.0000, Energy: -52.959549-0.003388j
[2025-04-17 03:54:21] Iteration: 699/1000, Temp: 0.0000, Energy: -52.874090+0.007701j
[2025-04-17 03:54:55] Iteration: 700/1000, Temp: 0.0000, Energy: -53.022224-0.006477j
[2025-04-17 03:55:30] Iteration: 701/1000, Temp: 0.0000, Energy: -52.949770+0.006271j
[2025-04-17 03:56:04] Iteration: 702/1000, Temp: 0.0000, Energy: -52.774218-0.007045j
[2025-04-17 03:56:39] Iteration: 703/1000, Temp: 0.0000, Energy: -52.723676-0.002584j
[2025-04-17 03:57:13] Iteration: 704/1000, Temp: 0.0000, Energy: -52.950557+0.000236j
[2025-04-17 03:57:48] Iteration: 705/1000, Temp: 0.0000, Energy: -52.940207+0.002563j
[2025-04-17 03:58:22] Iteration: 706/1000, Temp: 0.0000, Energy: -52.913854-0.002138j
[2025-04-17 03:58:57] Iteration: 707/1000, Temp: 0.0000, Energy: -52.863009+0.000943j
[2025-04-17 03:59:31] Iteration: 708/1000, Temp: 0.0000, Energy: -52.932468-0.001980j
[2025-04-17 04:00:06] Iteration: 709/1000, Temp: 0.0000, Energy: -52.900469+0.001954j
[2025-04-17 04:00:40] Iteration: 710/1000, Temp: 0.0000, Energy: -52.962137-0.001158j
[2025-04-17 04:01:15] Iteration: 711/1000, Temp: 0.0000, Energy: -52.817417+0.002953j
[2025-04-17 04:01:49] Iteration: 712/1000, Temp: 0.0000, Energy: -52.755201+0.001652j
[2025-04-17 04:02:24] Iteration: 713/1000, Temp: 0.0000, Energy: -52.840224-0.007240j
[2025-04-17 04:02:58] Iteration: 714/1000, Temp: 0.0000, Energy: -52.773462-0.000997j
[2025-04-17 04:03:33] Iteration: 715/1000, Temp: 0.0000, Energy: -52.917683-0.000986j
[2025-04-17 04:04:07] Iteration: 716/1000, Temp: 0.0000, Energy: -52.845029-0.000696j
[2025-04-17 04:04:42] Iteration: 717/1000, Temp: 0.0000, Energy: -52.792333+0.001738j
[2025-04-17 04:05:17] Iteration: 718/1000, Temp: 0.0000, Energy: -52.808824+0.007531j
[2025-04-17 04:05:52] Iteration: 719/1000, Temp: 0.0000, Energy: -52.850430-0.001896j
[2025-04-17 04:06:26] Iteration: 720/1000, Temp: 0.0000, Energy: -52.873861+0.003777j
[2025-04-17 04:07:01] Iteration: 721/1000, Temp: 0.0000, Energy: -52.811059+0.006768j
[2025-04-17 04:07:36] Iteration: 722/1000, Temp: 0.0000, Energy: -52.754976-0.003792j
[2025-04-17 04:08:10] Iteration: 723/1000, Temp: 0.0000, Energy: -52.877512-0.003352j
[2025-04-17 04:08:45] Iteration: 724/1000, Temp: 0.0000, Energy: -52.825427-0.003458j
[2025-04-17 04:09:19] Iteration: 725/1000, Temp: 0.0000, Energy: -52.849762+0.008394j
[2025-04-17 04:09:54] Iteration: 726/1000, Temp: 0.0000, Energy: -52.894843+0.001921j
[2025-04-17 04:10:29] Iteration: 727/1000, Temp: 0.0000, Energy: -52.940189-0.001813j
[2025-04-17 04:11:04] Iteration: 728/1000, Temp: 0.0000, Energy: -52.860232+0.003647j
[2025-04-17 04:11:38] Iteration: 729/1000, Temp: 0.0000, Energy: -52.813492-0.001693j
[2025-04-17 04:12:13] Iteration: 730/1000, Temp: 0.0000, Energy: -52.834832+0.001090j
[2025-04-17 04:12:48] Iteration: 731/1000, Temp: 0.0000, Energy: -52.890746-0.000957j
[2025-04-17 04:13:22] Iteration: 732/1000, Temp: 0.0000, Energy: -52.903850-0.005098j
[2025-04-17 04:13:57] Iteration: 733/1000, Temp: 0.0000, Energy: -52.984797+0.003151j
[2025-04-17 04:14:32] Iteration: 734/1000, Temp: 0.0000, Energy: -52.954663-0.007793j
[2025-04-17 04:15:07] Iteration: 735/1000, Temp: 0.0000, Energy: -52.962833+0.000999j
[2025-04-17 04:15:41] Iteration: 736/1000, Temp: 0.0000, Energy: -52.946978-0.000056j
[2025-04-17 04:16:16] Iteration: 737/1000, Temp: 0.0000, Energy: -52.950117-0.003437j
[2025-04-17 04:16:51] Iteration: 738/1000, Temp: 0.0000, Energy: -52.921089+0.013896j
[2025-04-17 04:17:25] Iteration: 739/1000, Temp: 0.0000, Energy: -52.941265+0.005490j
[2025-04-17 04:18:00] Iteration: 740/1000, Temp: 0.0000, Energy: -52.912831-0.000925j
[2025-04-17 04:18:35] Iteration: 741/1000, Temp: 0.0000, Energy: -52.898043+0.001691j
[2025-04-17 04:19:09] Iteration: 742/1000, Temp: 0.0000, Energy: -52.914280+0.001586j
[2025-04-17 04:19:44] Iteration: 743/1000, Temp: 0.0000, Energy: -52.812783+0.001200j
[2025-04-17 04:20:19] Iteration: 744/1000, Temp: 0.0000, Energy: -52.791204-0.002051j
[2025-04-17 04:20:54] Iteration: 745/1000, Temp: 0.0000, Energy: -52.886046+0.002376j
[2025-04-17 04:21:28] Iteration: 746/1000, Temp: 0.0000, Energy: -52.876752-0.003805j
[2025-04-17 04:22:03] Iteration: 747/1000, Temp: 0.0000, Energy: -52.899205-0.002147j
[2025-04-17 04:22:37] Iteration: 748/1000, Temp: 0.0000, Energy: -52.873198+0.007355j
[2025-04-17 04:23:12] Iteration: 749/1000, Temp: 0.0000, Energy: -52.861118+0.000224j
[2025-04-17 04:23:47] Iteration: 750/1000, Temp: 0.0000, Energy: -52.899415+0.000907j
[2025-04-17 04:24:21] Iteration: 751/1000, Temp: 0.0000, Energy: -52.858437-0.008118j
[2025-04-17 04:24:56] Iteration: 752/1000, Temp: 0.0000, Energy: -52.893966-0.003299j
[2025-04-17 04:25:31] Iteration: 753/1000, Temp: 0.0000, Energy: -53.124408+0.004098j
[2025-04-17 04:26:05] Iteration: 754/1000, Temp: 0.0000, Energy: -53.075806-0.003449j
[2025-04-17 04:26:40] Iteration: 755/1000, Temp: 0.0000, Energy: -53.195081-0.002366j
[2025-04-17 04:27:15] Iteration: 756/1000, Temp: 0.0000, Energy: -53.065308-0.001486j
[2025-04-17 04:27:49] Iteration: 757/1000, Temp: 0.0000, Energy: -52.920998+0.004982j
[2025-04-17 04:28:24] Iteration: 758/1000, Temp: 0.0000, Energy: -52.910318+0.001483j
[2025-04-17 04:28:59] Iteration: 759/1000, Temp: 0.0000, Energy: -52.921665-0.004044j
[2025-04-17 04:29:33] Iteration: 760/1000, Temp: 0.0000, Energy: -52.836694-0.002529j
[2025-04-17 04:30:08] Iteration: 761/1000, Temp: 0.0000, Energy: -52.876384-0.001983j
[2025-04-17 04:30:42] Iteration: 762/1000, Temp: 0.0000, Energy: -52.801746+0.010567j
[2025-04-17 04:31:17] Iteration: 763/1000, Temp: 0.0000, Energy: -52.752627-0.010264j
[2025-04-17 04:31:52] Iteration: 764/1000, Temp: 0.0000, Energy: -52.778996-0.000135j
[2025-04-17 04:32:26] Iteration: 765/1000, Temp: 0.0000, Energy: -53.028023-0.001348j
[2025-04-17 04:33:01] Iteration: 766/1000, Temp: 0.0000, Energy: -52.825865-0.000940j
[2025-04-17 04:33:35] Iteration: 767/1000, Temp: 0.0000, Energy: -52.975555+0.001896j
[2025-04-17 04:34:10] Iteration: 768/1000, Temp: 0.0000, Energy: -52.903661-0.006506j
[2025-04-17 04:34:45] Iteration: 769/1000, Temp: 0.0000, Energy: -52.861512-0.002787j
[2025-04-17 04:35:19] Iteration: 770/1000, Temp: 0.0000, Energy: -52.863884-0.001026j
[2025-04-17 04:35:54] Iteration: 771/1000, Temp: 0.0000, Energy: -52.830883-0.003229j
[2025-04-17 04:36:29] Iteration: 772/1000, Temp: 0.0000, Energy: -52.982884+0.005184j
[2025-04-17 04:37:03] Iteration: 773/1000, Temp: 0.0000, Energy: -52.928835-0.001303j
[2025-04-17 04:37:38] Iteration: 774/1000, Temp: 0.0000, Energy: -52.747211+0.002425j
[2025-04-17 04:38:13] Iteration: 775/1000, Temp: 0.0000, Energy: -52.787038+0.003347j
[2025-04-17 04:38:48] Iteration: 776/1000, Temp: 0.0000, Energy: -52.921944-0.000293j
[2025-04-17 04:39:22] Iteration: 777/1000, Temp: 0.0000, Energy: -52.934902+0.003683j
[2025-04-17 04:39:57] Iteration: 778/1000, Temp: 0.0000, Energy: -52.916944+0.003316j
[2025-04-17 04:40:32] Iteration: 779/1000, Temp: 0.0000, Energy: -52.987329-0.004035j
[2025-04-17 04:41:07] Iteration: 780/1000, Temp: 0.0000, Energy: -52.956286-0.002722j
[2025-04-17 04:41:41] Iteration: 781/1000, Temp: 0.0000, Energy: -52.901623-0.004706j
[2025-04-17 04:42:16] Iteration: 782/1000, Temp: 0.0000, Energy: -52.990598-0.005066j
[2025-04-17 04:42:50] Iteration: 783/1000, Temp: 0.0000, Energy: -52.915143+0.004416j
[2025-04-17 04:43:25] Iteration: 784/1000, Temp: 0.0000, Energy: -52.802517+0.004216j
[2025-04-17 04:44:00] Iteration: 785/1000, Temp: 0.0000, Energy: -52.846758+0.000746j
[2025-04-17 04:44:34] Iteration: 786/1000, Temp: 0.0000, Energy: -53.108611+0.006796j
[2025-04-17 04:45:09] Iteration: 787/1000, Temp: 0.0000, Energy: -52.925253+0.003650j
[2025-04-17 04:45:44] Iteration: 788/1000, Temp: 0.0000, Energy: -52.905958+0.000897j
[2025-04-17 04:46:19] Iteration: 789/1000, Temp: 0.0000, Energy: -52.945298-0.005299j
[2025-04-17 04:46:53] Iteration: 790/1000, Temp: 0.0000, Energy: -53.074050-0.003132j
[2025-04-17 04:47:28] Iteration: 791/1000, Temp: 0.0000, Energy: -53.031537-0.004819j
[2025-04-17 04:48:02] Iteration: 792/1000, Temp: 0.0000, Energy: -53.026092-0.004618j
[2025-04-17 04:48:37] Iteration: 793/1000, Temp: 0.0000, Energy: -53.062232+0.003168j
[2025-04-17 04:49:12] Iteration: 794/1000, Temp: 0.0000, Energy: -52.965814+0.002293j
[2025-04-17 04:49:47] Iteration: 795/1000, Temp: 0.0000, Energy: -52.969425-0.001272j
[2025-04-17 04:50:21] Iteration: 796/1000, Temp: 0.0000, Energy: -52.972480-0.000658j
[2025-04-17 04:50:56] Iteration: 797/1000, Temp: 0.0000, Energy: -52.900273+0.005485j
[2025-04-17 04:51:30] Iteration: 798/1000, Temp: 0.0000, Energy: -53.010076+0.005190j
[2025-04-17 04:52:05] Iteration: 799/1000, Temp: 0.0000, Energy: -52.919090-0.001216j
[2025-04-17 04:52:39] Iteration: 800/1000, Temp: 0.0000, Energy: -52.942886+0.000370j
[2025-04-17 04:53:14] Iteration: 801/1000, Temp: 0.0000, Energy: -52.704110+0.003160j
[2025-04-17 04:53:48] Iteration: 802/1000, Temp: 0.0000, Energy: -52.927798-0.000425j
[2025-04-17 04:54:23] Iteration: 803/1000, Temp: 0.0000, Energy: -52.931847+0.000075j
[2025-04-17 04:54:57] Iteration: 804/1000, Temp: 0.0000, Energy: -52.994726+0.000413j
[2025-04-17 04:55:32] Iteration: 805/1000, Temp: 0.0000, Energy: -52.917024-0.000180j
[2025-04-17 04:56:06] Iteration: 806/1000, Temp: 0.0000, Energy: -53.050998-0.001129j
[2025-04-17 04:56:41] Iteration: 807/1000, Temp: 0.0000, Energy: -53.056245-0.004981j
[2025-04-17 04:57:16] Iteration: 808/1000, Temp: 0.0000, Energy: -52.900221+0.004982j
[2025-04-17 04:57:51] Iteration: 809/1000, Temp: 0.0000, Energy: -53.018683+0.002810j
[2025-04-17 04:58:25] Iteration: 810/1000, Temp: 0.0000, Energy: -52.920367+0.002440j
[2025-04-17 04:59:00] Iteration: 811/1000, Temp: 0.0000, Energy: -52.967130-0.000636j
[2025-04-17 04:59:35] Iteration: 812/1000, Temp: 0.0000, Energy: -52.940956+0.001242j
[2025-04-17 05:00:09] Iteration: 813/1000, Temp: 0.0000, Energy: -52.959021-0.003497j
[2025-04-17 05:00:44] Iteration: 814/1000, Temp: 0.0000, Energy: -52.904963-0.003109j
[2025-04-17 05:01:19] Iteration: 815/1000, Temp: 0.0000, Energy: -52.937489+0.006904j
[2025-04-17 05:01:54] Iteration: 816/1000, Temp: 0.0000, Energy: -53.020306-0.004765j
[2025-04-17 05:02:28] Iteration: 817/1000, Temp: 0.0000, Energy: -52.930939-0.004274j
[2025-04-17 05:03:03] Iteration: 818/1000, Temp: 0.0000, Energy: -52.929809+0.005439j
[2025-04-17 05:03:37] Iteration: 819/1000, Temp: 0.0000, Energy: -52.935016-0.001081j
[2025-04-17 05:04:12] Iteration: 820/1000, Temp: 0.0000, Energy: -52.922355-0.000428j
[2025-04-17 05:04:46] Iteration: 821/1000, Temp: 0.0000, Energy: -52.847938+0.006383j
[2025-04-17 05:05:21] Iteration: 822/1000, Temp: 0.0000, Energy: -52.911846+0.001992j
[2025-04-17 05:05:55] Iteration: 823/1000, Temp: 0.0000, Energy: -52.962441+0.003921j
[2025-04-17 05:06:30] Iteration: 824/1000, Temp: 0.0000, Energy: -52.931879-0.007346j
[2025-04-17 05:07:04] Iteration: 825/1000, Temp: 0.0000, Energy: -52.814949+0.004714j
[2025-04-17 05:07:39] Iteration: 826/1000, Temp: 0.0000, Energy: -52.875011-0.003947j
[2025-04-17 05:08:14] Iteration: 827/1000, Temp: 0.0000, Energy: -52.783280-0.001624j
[2025-04-17 05:08:48] Iteration: 828/1000, Temp: 0.0000, Energy: -52.821615-0.003775j
[2025-04-17 05:09:23] Iteration: 829/1000, Temp: 0.0000, Energy: -52.935669+0.003218j
[2025-04-17 05:09:58] Iteration: 830/1000, Temp: 0.0000, Energy: -52.880593+0.001526j
[2025-04-17 05:10:32] Iteration: 831/1000, Temp: 0.0000, Energy: -52.999053+0.008581j
[2025-04-17 05:11:07] Iteration: 832/1000, Temp: 0.0000, Energy: -52.948149-0.001156j
[2025-04-17 05:11:42] Iteration: 833/1000, Temp: 0.0000, Energy: -52.989149+0.003949j
[2025-04-17 05:12:16] Iteration: 834/1000, Temp: 0.0000, Energy: -53.038124-0.004645j
[2025-04-17 05:12:51] Iteration: 835/1000, Temp: 0.0000, Energy: -53.036322-0.002305j
[2025-04-17 05:13:26] Iteration: 836/1000, Temp: 0.0000, Energy: -53.015232+0.004112j
[2025-04-17 05:14:01] Iteration: 837/1000, Temp: 0.0000, Energy: -53.008282+0.000949j
[2025-04-17 05:14:35] Iteration: 838/1000, Temp: 0.0000, Energy: -52.858624+0.005383j
[2025-04-17 05:15:10] Iteration: 839/1000, Temp: 0.0000, Energy: -52.861613-0.003591j
[2025-04-17 05:15:45] Iteration: 840/1000, Temp: 0.0000, Energy: -52.969734+0.006616j
[2025-04-17 05:16:19] Iteration: 841/1000, Temp: 0.0000, Energy: -52.867110-0.002765j
[2025-04-17 05:16:54] Iteration: 842/1000, Temp: 0.0000, Energy: -52.966582-0.004236j
[2025-04-17 05:17:29] Iteration: 843/1000, Temp: 0.0000, Energy: -52.839002-0.002772j
[2025-04-17 05:18:04] Iteration: 844/1000, Temp: 0.0000, Energy: -52.888673-0.000027j
[2025-04-17 05:18:38] Iteration: 845/1000, Temp: 0.0000, Energy: -52.860221+0.006461j
[2025-04-17 05:19:13] Iteration: 846/1000, Temp: 0.0000, Energy: -52.869029+0.009870j
[2025-04-17 05:19:47] Iteration: 847/1000, Temp: 0.0000, Energy: -52.942508-0.000054j
[2025-04-17 05:20:22] Iteration: 848/1000, Temp: 0.0000, Energy: -53.015799+0.000993j
[2025-04-17 05:20:56] Iteration: 849/1000, Temp: 0.0000, Energy: -53.111022+0.000300j
[2025-04-17 05:21:31] Iteration: 850/1000, Temp: 0.0000, Energy: -53.016980+0.009197j
[2025-04-17 05:22:05] Iteration: 851/1000, Temp: 0.0000, Energy: -52.964897-0.006826j
[2025-04-17 05:22:40] Iteration: 852/1000, Temp: 0.0000, Energy: -52.939328+0.001314j
[2025-04-17 05:23:14] Iteration: 853/1000, Temp: 0.0000, Energy: -52.892980+0.000996j
[2025-04-17 05:23:49] Iteration: 854/1000, Temp: 0.0000, Energy: -52.910634+0.006928j
[2025-04-17 05:24:23] Iteration: 855/1000, Temp: 0.0000, Energy: -52.774608-0.004920j
[2025-04-17 05:24:58] Iteration: 856/1000, Temp: 0.0000, Energy: -52.849215-0.003978j
[2025-04-17 05:25:33] Iteration: 857/1000, Temp: 0.0000, Energy: -52.919115-0.000984j
[2025-04-17 05:26:07] Iteration: 858/1000, Temp: 0.0000, Energy: -52.982532+0.000156j
[2025-04-17 05:26:42] Iteration: 859/1000, Temp: 0.0000, Energy: -52.919491-0.008292j
[2025-04-17 05:27:17] Iteration: 860/1000, Temp: 0.0000, Energy: -52.804825+0.005660j
[2025-04-17 05:27:51] Iteration: 861/1000, Temp: 0.0000, Energy: -52.786168-0.003579j
[2025-04-17 05:28:26] Iteration: 862/1000, Temp: 0.0000, Energy: -52.804839+0.000629j
[2025-04-17 05:29:01] Iteration: 863/1000, Temp: 0.0000, Energy: -52.755660+0.001952j
[2025-04-17 05:29:35] Iteration: 864/1000, Temp: 0.0000, Energy: -52.947236-0.001140j
[2025-04-17 05:30:10] Iteration: 865/1000, Temp: 0.0000, Energy: -52.877340-0.006918j
[2025-04-17 05:30:45] Iteration: 866/1000, Temp: 0.0000, Energy: -52.775309-0.002914j
[2025-04-17 05:31:20] Iteration: 867/1000, Temp: 0.0000, Energy: -52.841691-0.001540j
[2025-04-17 05:31:54] Iteration: 868/1000, Temp: 0.0000, Energy: -52.864784-0.000548j
[2025-04-17 05:32:29] Iteration: 869/1000, Temp: 0.0000, Energy: -52.924979+0.001860j
[2025-04-17 05:33:04] Iteration: 870/1000, Temp: 0.0000, Energy: -52.845859+0.000024j
[2025-04-17 05:33:38] Iteration: 871/1000, Temp: 0.0000, Energy: -52.898609-0.001199j
[2025-04-17 05:34:13] Iteration: 872/1000, Temp: 0.0000, Energy: -52.820590+0.003665j
[2025-04-17 05:34:48] Iteration: 873/1000, Temp: 0.0000, Energy: -52.893181+0.000218j
[2025-04-17 05:35:23] Iteration: 874/1000, Temp: 0.0000, Energy: -52.877081+0.002318j
[2025-04-17 05:35:57] Iteration: 875/1000, Temp: 0.0000, Energy: -52.732238-0.004951j
[2025-04-17 05:36:32] Iteration: 876/1000, Temp: 0.0000, Energy: -52.843720-0.000550j
[2025-04-17 05:37:07] Iteration: 877/1000, Temp: 0.0000, Energy: -52.865499-0.005160j
[2025-04-17 05:37:41] Iteration: 878/1000, Temp: 0.0000, Energy: -52.908497+0.000981j
[2025-04-17 05:38:16] Iteration: 879/1000, Temp: 0.0000, Energy: -53.010378-0.003059j
[2025-04-17 05:38:51] Iteration: 880/1000, Temp: 0.0000, Energy: -52.900355+0.006376j
[2025-04-17 05:39:25] Iteration: 881/1000, Temp: 0.0000, Energy: -52.845812-0.003721j
[2025-04-17 05:40:00] Iteration: 882/1000, Temp: 0.0000, Energy: -52.884136+0.004223j
[2025-04-17 05:40:35] Iteration: 883/1000, Temp: 0.0000, Energy: -52.822278-0.006977j
[2025-04-17 05:41:10] Iteration: 884/1000, Temp: 0.0000, Energy: -52.859112+0.004201j
[2025-04-17 05:41:44] Iteration: 885/1000, Temp: 0.0000, Energy: -52.867056-0.000053j
[2025-04-17 05:42:19] Iteration: 886/1000, Temp: 0.0000, Energy: -52.926335+0.003008j
[2025-04-17 05:42:54] Iteration: 887/1000, Temp: 0.0000, Energy: -52.879427-0.005229j
[2025-04-17 05:43:28] Iteration: 888/1000, Temp: 0.0000, Energy: -52.920946-0.003868j
[2025-04-17 05:44:03] Iteration: 889/1000, Temp: 0.0000, Energy: -52.957123-0.004120j
[2025-04-17 05:44:37] Iteration: 890/1000, Temp: 0.0000, Energy: -52.995455-0.003517j
[2025-04-17 05:45:12] Iteration: 891/1000, Temp: 0.0000, Energy: -53.065442+0.003381j
[2025-04-17 05:45:46] Iteration: 892/1000, Temp: 0.0000, Energy: -52.897150-0.002415j
[2025-04-17 05:46:21] Iteration: 893/1000, Temp: 0.0000, Energy: -52.858674-0.003320j
[2025-04-17 05:46:55] Iteration: 894/1000, Temp: 0.0000, Energy: -52.886226-0.001564j
[2025-04-17 05:47:30] Iteration: 895/1000, Temp: 0.0000, Energy: -52.978574-0.011909j
[2025-04-17 05:48:04] Iteration: 896/1000, Temp: 0.0000, Energy: -52.899214-0.001033j
[2025-04-17 05:48:39] Iteration: 897/1000, Temp: 0.0000, Energy: -52.903516+0.004719j
[2025-04-17 05:49:13] Iteration: 898/1000, Temp: 0.0000, Energy: -52.943670-0.008874j
[2025-04-17 05:49:48] Iteration: 899/1000, Temp: 0.0000, Energy: -53.056839-0.003049j
[2025-04-17 05:50:23] Iteration: 900/1000, Temp: 0.0000, Energy: -53.032895-0.003165j
[2025-04-17 05:50:58] Iteration: 901/1000, Temp: 0.0000, Energy: -52.961464-0.003345j
[2025-04-17 05:51:32] Iteration: 902/1000, Temp: 0.0000, Energy: -53.035093-0.003156j
[2025-04-17 05:52:07] Iteration: 903/1000, Temp: 0.0000, Energy: -52.922618+0.001491j
[2025-04-17 05:52:42] Iteration: 904/1000, Temp: 0.0000, Energy: -52.937660+0.003541j
[2025-04-17 05:53:16] Iteration: 905/1000, Temp: 0.0000, Energy: -53.068103+0.001148j
[2025-04-17 05:53:51] Iteration: 906/1000, Temp: 0.0000, Energy: -52.982216+0.000302j
[2025-04-17 05:54:26] Iteration: 907/1000, Temp: 0.0000, Energy: -52.947856+0.005101j
[2025-04-17 05:55:00] Iteration: 908/1000, Temp: 0.0000, Energy: -52.917965-0.004043j
[2025-04-17 05:55:35] Iteration: 909/1000, Temp: 0.0000, Energy: -52.931669+0.002646j
[2025-04-17 05:56:10] Iteration: 910/1000, Temp: 0.0000, Energy: -52.943560-0.003265j
[2025-04-17 05:56:45] Iteration: 911/1000, Temp: 0.0000, Energy: -52.875281+0.001420j
[2025-04-17 05:57:19] Iteration: 912/1000, Temp: 0.0000, Energy: -52.720836-0.003020j
[2025-04-17 05:57:54] Iteration: 913/1000, Temp: 0.0000, Energy: -52.811132-0.000892j
[2025-04-17 05:58:29] Iteration: 914/1000, Temp: 0.0000, Energy: -52.825315+0.001401j
[2025-04-17 05:59:03] Iteration: 915/1000, Temp: 0.0000, Energy: -52.928256-0.003971j
[2025-04-17 05:59:38] Iteration: 916/1000, Temp: 0.0000, Energy: -52.809597-0.004865j
[2025-04-17 06:00:13] Iteration: 917/1000, Temp: 0.0000, Energy: -52.838702-0.004838j
[2025-04-17 06:00:48] Iteration: 918/1000, Temp: 0.0000, Energy: -52.910339+0.005558j
[2025-04-17 06:01:22] Iteration: 919/1000, Temp: 0.0000, Energy: -52.825679+0.004026j
[2025-04-17 06:01:57] Iteration: 920/1000, Temp: 0.0000, Energy: -52.882045-0.003895j
[2025-04-17 06:02:31] Iteration: 921/1000, Temp: 0.0000, Energy: -52.868995+0.007590j
[2025-04-17 06:03:06] Iteration: 922/1000, Temp: 0.0000, Energy: -52.927696+0.004811j
[2025-04-17 06:03:40] Iteration: 923/1000, Temp: 0.0000, Energy: -52.986585+0.002953j
[2025-04-17 06:04:15] Iteration: 924/1000, Temp: 0.0000, Energy: -52.888625-0.000342j
[2025-04-17 06:04:50] Iteration: 925/1000, Temp: 0.0000, Energy: -52.967918+0.001242j
[2025-04-17 06:05:24] Iteration: 926/1000, Temp: 0.0000, Energy: -52.968562+0.001417j
[2025-04-17 06:05:59] Iteration: 927/1000, Temp: 0.0000, Energy: -53.046640-0.000207j
[2025-04-17 06:06:33] Iteration: 928/1000, Temp: 0.0000, Energy: -52.854762-0.003344j
[2025-04-17 06:07:07] Iteration: 929/1000, Temp: 0.0000, Energy: -52.873492-0.002470j
[2025-04-17 06:07:42] Iteration: 930/1000, Temp: 0.0000, Energy: -53.043808-0.000364j
[2025-04-17 06:08:16] Iteration: 931/1000, Temp: 0.0000, Energy: -53.077946-0.003764j
[2025-04-17 06:08:51] Iteration: 932/1000, Temp: 0.0000, Energy: -53.021914-0.005950j
[2025-04-17 06:09:25] Iteration: 933/1000, Temp: 0.0000, Energy: -52.895555+0.005156j
[2025-04-17 06:10:00] Iteration: 934/1000, Temp: 0.0000, Energy: -52.972315+0.001348j
[2025-04-17 06:10:35] Iteration: 935/1000, Temp: 0.0000, Energy: -52.993910-0.006975j
[2025-04-17 06:11:10] Iteration: 936/1000, Temp: 0.0000, Energy: -52.815016+0.007926j
[2025-04-17 06:11:44] Iteration: 937/1000, Temp: 0.0000, Energy: -52.893540-0.004854j
[2025-04-17 06:12:19] Iteration: 938/1000, Temp: 0.0000, Energy: -52.748012+0.000991j
[2025-04-17 06:12:54] Iteration: 939/1000, Temp: 0.0000, Energy: -52.748542-0.007671j
[2025-04-17 06:13:28] Iteration: 940/1000, Temp: 0.0000, Energy: -52.733045+0.004765j
[2025-04-17 06:14:03] Iteration: 941/1000, Temp: 0.0000, Energy: -52.779611-0.010025j
[2025-04-17 06:14:38] Iteration: 942/1000, Temp: 0.0000, Energy: -52.919194-0.002988j
[2025-04-17 06:15:13] Iteration: 943/1000, Temp: 0.0000, Energy: -52.835173+0.002903j
[2025-04-17 06:15:47] Iteration: 944/1000, Temp: 0.0000, Energy: -52.913358+0.003182j
[2025-04-17 06:16:22] Iteration: 945/1000, Temp: 0.0000, Energy: -52.944280+0.002311j
[2025-04-17 06:16:57] Iteration: 946/1000, Temp: 0.0000, Energy: -52.884696-0.006389j
[2025-04-17 06:17:31] Iteration: 947/1000, Temp: 0.0000, Energy: -53.051026-0.002080j
[2025-04-17 06:18:06] Iteration: 948/1000, Temp: 0.0000, Energy: -52.948768+0.002752j
[2025-04-17 06:18:41] Iteration: 949/1000, Temp: 0.0000, Energy: -52.906327+0.001749j
[2025-04-17 06:19:16] Iteration: 950/1000, Temp: 0.0000, Energy: -53.007111+0.002921j
[2025-04-17 06:19:50] Iteration: 951/1000, Temp: 0.0000, Energy: -52.857907+0.001944j
[2025-04-17 06:20:25] Iteration: 952/1000, Temp: 0.0000, Energy: -52.727770-0.008047j
[2025-04-17 06:21:00] Iteration: 953/1000, Temp: 0.0000, Energy: -52.793978-0.004352j
[2025-04-17 06:21:34] Iteration: 954/1000, Temp: 0.0000, Energy: -52.739132+0.004650j
[2025-04-17 06:22:09] Iteration: 955/1000, Temp: 0.0000, Energy: -52.842185+0.005034j
[2025-04-17 06:22:43] Iteration: 956/1000, Temp: 0.0000, Energy: -52.799460+0.005355j
[2025-04-17 06:23:18] Iteration: 957/1000, Temp: 0.0000, Energy: -52.686937+0.002669j
[2025-04-17 06:23:52] Iteration: 958/1000, Temp: 0.0000, Energy: -52.885593+0.007752j
[2025-04-17 06:24:27] Iteration: 959/1000, Temp: 0.0000, Energy: -52.784473-0.007101j
[2025-04-17 06:25:01] Iteration: 960/1000, Temp: 0.0000, Energy: -52.908405-0.009286j
[2025-04-17 06:25:36] Iteration: 961/1000, Temp: 0.0000, Energy: -52.875322-0.003857j
[2025-04-17 06:26:11] Iteration: 962/1000, Temp: 0.0000, Energy: -52.766723-0.001585j
[2025-04-17 06:26:45] Iteration: 963/1000, Temp: 0.0000, Energy: -52.802921-0.004475j
[2025-04-17 06:27:20] Iteration: 964/1000, Temp: 0.0000, Energy: -52.897242+0.006229j
[2025-04-17 06:27:54] Iteration: 965/1000, Temp: 0.0000, Energy: -52.991203-0.000360j
[2025-04-17 06:28:29] Iteration: 966/1000, Temp: 0.0000, Energy: -52.934110+0.004690j
[2025-04-17 06:29:03] Iteration: 967/1000, Temp: 0.0000, Energy: -52.971039-0.000482j
[2025-04-17 06:29:38] Iteration: 968/1000, Temp: 0.0000, Energy: -52.997476+0.000771j
[2025-04-17 06:30:13] Iteration: 969/1000, Temp: 0.0000, Energy: -52.882314-0.002254j
[2025-04-17 06:30:47] Iteration: 970/1000, Temp: 0.0000, Energy: -52.816459+0.001374j
[2025-04-17 06:31:22] Iteration: 971/1000, Temp: 0.0000, Energy: -52.750936-0.004030j
[2025-04-17 06:31:57] Iteration: 972/1000, Temp: 0.0000, Energy: -52.781700-0.000832j
[2025-04-17 06:32:31] Iteration: 973/1000, Temp: 0.0000, Energy: -52.842911+0.000172j
[2025-04-17 06:33:06] Iteration: 974/1000, Temp: 0.0000, Energy: -52.894388+0.000978j
[2025-04-17 06:33:41] Iteration: 975/1000, Temp: 0.0000, Energy: -52.961402-0.002475j
[2025-04-17 06:34:15] Iteration: 976/1000, Temp: 0.0000, Energy: -52.908524-0.000770j
[2025-04-17 06:34:50] Iteration: 977/1000, Temp: 0.0000, Energy: -52.995980-0.004477j
[2025-04-17 06:35:20] Iteration: 978/1000, Temp: 0.0000, Energy: -52.993176+0.006415j
[2025-04-17 06:35:49] Iteration: 979/1000, Temp: 0.0000, Energy: -52.886315+0.003932j
[2025-04-17 06:36:18] Iteration: 980/1000, Temp: 0.0000, Energy: -52.929460+0.000409j
[2025-04-17 06:36:47] Iteration: 981/1000, Temp: 0.0000, Energy: -52.954273-0.000924j
[2025-04-17 06:37:15] Iteration: 982/1000, Temp: 0.0000, Energy: -52.949959-0.001973j
[2025-04-17 06:37:44] Iteration: 983/1000, Temp: 0.0000, Energy: -52.845117-0.003831j
[2025-04-17 06:38:13] Iteration: 984/1000, Temp: 0.0000, Energy: -52.907721+0.000330j
[2025-04-17 06:38:41] Iteration: 985/1000, Temp: 0.0000, Energy: -53.046508-0.008079j
[2025-04-17 06:39:10] Iteration: 986/1000, Temp: 0.0000, Energy: -53.016838-0.002765j
[2025-04-17 06:39:39] Iteration: 987/1000, Temp: 0.0000, Energy: -52.919300+0.002083j
[2025-04-17 06:40:08] Iteration: 988/1000, Temp: 0.0000, Energy: -52.875128-0.001935j
[2025-04-17 06:40:36] Iteration: 989/1000, Temp: 0.0000, Energy: -52.885358-0.011459j
[2025-04-17 06:41:04] Iteration: 990/1000, Temp: 0.0000, Energy: -52.876809-0.002026j
[2025-04-17 06:41:25] Iteration: 991/1000, Temp: 0.0000, Energy: -52.993617-0.005994j
[2025-04-17 06:41:42] Iteration: 992/1000, Temp: 0.0000, Energy: -52.977497-0.000981j
[2025-04-17 06:41:59] Iteration: 993/1000, Temp: 0.0000, Energy: -53.008008+0.001302j
[2025-04-17 06:42:17] Iteration: 994/1000, Temp: 0.0000, Energy: -52.867852-0.003718j
[2025-04-17 06:42:34] Iteration: 995/1000, Temp: 0.0000, Energy: -52.818035+0.007310j
[2025-04-17 06:42:51] Iteration: 996/1000, Temp: 0.0000, Energy: -52.963852+0.000269j
[2025-04-17 06:43:09] Iteration: 997/1000, Temp: 0.0000, Energy: -52.926690-0.004775j
[2025-04-17 06:43:26] Iteration: 998/1000, Temp: 0.0000, Energy: -52.941238-0.014282j
[2025-04-17 06:43:43] Iteration: 999/1000, Temp: 0.0000, Energy: -52.936004-0.010708j
[2025-04-17 06:43:43] ==================================================
[2025-04-17 06:43:43] Training finished, total runtime = 34406.34 seconds
[2025-04-17 06:43:47] Trained quantum state parameters saved to: results/L=4/J2=0.05/J1=0.07/GCNN_L=4_J2=0.05_J1=0.07.pkl
[2025-04-17 06:43:47] ==================================================
