[2025-04-30 11:10:27] ==================================================
[2025-04-30 11:10:27] GCNN for Shastry-Sutherland lattice
[2025-04-30 11:10:27] ==================================================
[2025-04-30 11:10:27] System parameters:
[2025-04-30 11:10:27]   - System size: L=5, N=100
[2025-04-30 11:10:27]   - System parameters: J1=0.06, J2=0.05, Q=0.95
[2025-04-30 11:10:27] --------------------------------------------------
[2025-04-30 11:10:27] Model parameters:
[2025-04-30 11:10:27]   - Number of layers = 4
[2025-04-30 11:10:27]   - Number of features = 4
[2025-04-30 11:10:27]   - Total parameters = 19628
[2025-04-30 11:10:27] --------------------------------------------------
[2025-04-30 11:10:27] Training parameters:
[2025-04-30 11:10:27]   - Learning rate: 0.018
[2025-04-30 11:10:27]   - Total annealing steps: 1000
[2025-04-30 11:10:27]   - Samples: 4096
[2025-04-30 11:10:27]   - Discarded samples: 0
[2025-04-30 11:10:27]   - Chunk size: 1024
[2025-04-30 11:10:27] --------------------------------------------------
[2025-04-30 11:10:27] Device status:
[2025-04-30 11:10:27]   - Number of devices: 4
[2025-04-30 11:10:27]   - Sharding: True
[2025-04-30 11:10:33] --------------------------------------------------
[2025-04-30 11:10:33] Start training...
[2025-04-30 11:11:01] Iteration: 0/1000, Temp: 0.5000, Energy: 3.624210+0.000385j
[2025-04-30 11:11:13] Iteration: 1/1000, Temp: 0.4901, Energy: 3.624430-0.000216j
[2025-04-30 11:11:26] Iteration: 2/1000, Temp: 0.4804, Energy: 3.624678+0.000529j
[2025-04-30 11:11:38] Iteration: 3/1000, Temp: 0.4709, Energy: 3.624027+0.001210j
[2025-04-30 11:11:51] Iteration: 4/1000, Temp: 0.4616, Energy: 3.624432-0.000008j
[2025-04-30 11:12:04] Iteration: 5/1000, Temp: 0.4524, Energy: 3.624402+0.000116j
[2025-04-30 11:12:17] Iteration: 6/1000, Temp: 0.4435, Energy: 3.624944+0.000199j
[2025-04-30 11:12:30] Iteration: 7/1000, Temp: 0.4347, Energy: 3.624244-0.000176j
[2025-04-30 11:12:42] Iteration: 8/1000, Temp: 0.4261, Energy: 3.624897-0.000334j
[2025-04-30 11:12:55] Iteration: 9/1000, Temp: 0.4176, Energy: 3.623698+0.000297j
[2025-04-30 11:13:08] Iteration: 10/1000, Temp: 0.4094, Energy: 3.624550-0.000041j
[2025-04-30 11:13:21] Iteration: 11/1000, Temp: 0.4013, Energy: 3.624400+0.000173j
[2025-04-30 11:13:34] Iteration: 12/1000, Temp: 0.3933, Energy: 3.624193+0.000470j
[2025-04-30 11:13:46] Iteration: 13/1000, Temp: 0.3855, Energy: 3.623775-0.000558j
[2025-04-30 11:13:59] Iteration: 14/1000, Temp: 0.3779, Energy: 3.624331-0.000289j
[2025-04-30 11:14:12] Iteration: 15/1000, Temp: 0.3704, Energy: 3.623959+0.000305j
[2025-04-30 11:14:24] Iteration: 16/1000, Temp: 0.3631, Energy: 3.623671-0.000256j
[2025-04-30 11:14:37] Iteration: 17/1000, Temp: 0.3559, Energy: 3.624621-0.000072j
[2025-04-30 11:14:50] Iteration: 18/1000, Temp: 0.3488, Energy: 3.623841-0.000185j
[2025-04-30 11:15:02] Iteration: 19/1000, Temp: 0.3419, Energy: 3.623858-0.000185j
[2025-04-30 11:15:15] Iteration: 20/1000, Temp: 0.3352, Energy: 3.623727-0.000441j
[2025-04-30 11:15:28] Iteration: 21/1000, Temp: 0.3285, Energy: 3.623704-0.001831j
[2025-04-30 11:15:41] Iteration: 22/1000, Temp: 0.3220, Energy: 3.624148+0.000085j
[2025-04-30 11:15:53] Iteration: 23/1000, Temp: 0.3156, Energy: 3.623100-0.000559j
[2025-04-30 11:16:06] Iteration: 24/1000, Temp: 0.3094, Energy: 3.623922+0.000305j
[2025-04-30 11:16:19] Iteration: 25/1000, Temp: 0.3033, Energy: 3.623589-0.000854j
[2025-04-30 11:16:31] Iteration: 26/1000, Temp: 0.2973, Energy: 3.624125+0.001297j
[2025-04-30 11:16:44] Iteration: 27/1000, Temp: 0.2914, Energy: 3.623221-0.001232j
[2025-04-30 11:16:57] Iteration: 28/1000, Temp: 0.2856, Energy: 3.624598-0.000794j
[2025-04-30 11:17:10] Iteration: 29/1000, Temp: 0.2799, Energy: 3.623281-0.001036j
[2025-04-30 11:17:23] Iteration: 30/1000, Temp: 0.2744, Energy: 3.623512+0.000044j
[2025-04-30 11:17:35] Iteration: 31/1000, Temp: 0.2690, Energy: 3.622854-0.001939j
[2025-04-30 11:17:48] Iteration: 32/1000, Temp: 0.2636, Energy: 3.623361+0.000934j
[2025-04-30 11:18:01] Iteration: 33/1000, Temp: 0.2584, Energy: 3.623359-0.000750j
[2025-04-30 11:18:14] Iteration: 34/1000, Temp: 0.2533, Energy: 3.622926+0.000106j
[2025-04-30 11:18:27] Iteration: 35/1000, Temp: 0.2483, Energy: 3.622510+0.000457j
[2025-04-30 11:18:39] Iteration: 36/1000, Temp: 0.2434, Energy: 3.622489-0.000772j
[2025-04-30 11:18:52] Iteration: 37/1000, Temp: 0.2386, Energy: 3.622164+0.000208j
[2025-04-30 11:19:05] Iteration: 38/1000, Temp: 0.2338, Energy: 3.622104-0.000529j
[2025-04-30 11:19:18] Iteration: 39/1000, Temp: 0.2292, Energy: 3.621880-0.001637j
[2025-04-30 11:19:30] Iteration: 40/1000, Temp: 0.2247, Energy: 3.621862+0.002024j
[2025-04-30 11:19:43] Iteration: 41/1000, Temp: 0.2202, Energy: 3.621483+0.001434j
[2025-04-30 11:19:56] Iteration: 42/1000, Temp: 0.2159, Energy: 3.620765+0.001773j
[2025-04-30 11:20:08] Iteration: 43/1000, Temp: 0.2116, Energy: 3.620751-0.000840j
[2025-04-30 11:20:21] Iteration: 44/1000, Temp: 0.2074, Energy: 3.620464+0.001091j
[2025-04-30 11:20:34] Iteration: 45/1000, Temp: 0.2033, Energy: 3.619854-0.001598j
[2025-04-30 11:20:47] Iteration: 46/1000, Temp: 0.1993, Energy: 3.619838-0.001125j
[2025-04-30 11:20:59] Iteration: 47/1000, Temp: 0.1953, Energy: 3.619790+0.000225j
[2025-04-30 11:21:12] Iteration: 48/1000, Temp: 0.1914, Energy: 3.618860-0.001682j
[2025-04-30 11:21:25] Iteration: 49/1000, Temp: 0.1877, Energy: 3.618709-0.000588j
[2025-04-30 11:21:38] Iteration: 50/1000, Temp: 0.1839, Energy: 3.618009+0.000835j
[2025-04-30 11:21:50] Iteration: 51/1000, Temp: 0.1803, Energy: 3.616846-0.001951j
[2025-04-30 11:22:03] Iteration: 52/1000, Temp: 0.1767, Energy: 3.616540-0.000782j
[2025-04-30 11:22:16] Iteration: 53/1000, Temp: 0.1732, Energy: 3.615009+0.000653j
[2025-04-30 11:22:29] Iteration: 54/1000, Temp: 0.1698, Energy: 3.614054-0.001904j
[2025-04-30 11:22:41] Iteration: 55/1000, Temp: 0.1664, Energy: 3.612717-0.001846j
[2025-04-30 11:22:54] Iteration: 56/1000, Temp: 0.1631, Energy: 3.611940-0.004802j
[2025-04-30 11:23:07] Iteration: 57/1000, Temp: 0.1599, Energy: 3.610553-0.001265j
[2025-04-30 11:23:20] Iteration: 58/1000, Temp: 0.1567, Energy: 3.609432-0.000914j
[2025-04-30 11:23:32] Iteration: 59/1000, Temp: 0.1536, Energy: 3.607363-0.000218j
[2025-04-30 11:23:45] Iteration: 60/1000, Temp: 0.1506, Energy: 3.605573+0.004215j
[2025-04-30 11:23:58] Iteration: 61/1000, Temp: 0.1476, Energy: 3.603181+0.003821j
[2025-04-30 11:24:11] Iteration: 62/1000, Temp: 0.1447, Energy: 3.600267-0.000816j
[2025-04-30 11:24:24] Iteration: 63/1000, Temp: 0.1418, Energy: 3.598408+0.002895j
[2025-04-30 11:24:36] Iteration: 64/1000, Temp: 0.1390, Energy: 3.595572+0.000558j
[2025-04-30 11:24:49] Iteration: 65/1000, Temp: 0.1363, Energy: 3.591343-0.004005j
[2025-04-30 11:25:02] Iteration: 66/1000, Temp: 0.1336, Energy: 3.589326+0.001188j
[2025-04-30 11:25:15] Iteration: 67/1000, Temp: 0.1309, Energy: 3.583458+0.002825j
[2025-04-30 11:25:27] Iteration: 68/1000, Temp: 0.1283, Energy: 3.578740-0.000693j
[2025-04-30 11:25:40] Iteration: 69/1000, Temp: 0.1258, Energy: 3.570382+0.009005j
[2025-04-30 11:25:53] Iteration: 70/1000, Temp: 0.1233, Energy: 3.563936-0.005372j
[2025-04-30 11:26:06] Iteration: 71/1000, Temp: 0.1209, Energy: 3.556780+0.001968j
[2025-04-30 11:26:18] Iteration: 72/1000, Temp: 0.1185, Energy: 3.547727-0.002322j
[2025-04-30 11:26:31] Iteration: 73/1000, Temp: 0.1161, Energy: 3.537621-0.011258j
[2025-04-30 11:26:44] Iteration: 74/1000, Temp: 0.1138, Energy: 3.526532-0.002041j
[2025-04-30 11:26:57] Iteration: 75/1000, Temp: 0.1116, Energy: 3.512656+0.001373j
[2025-04-30 11:27:10] Iteration: 76/1000, Temp: 0.1094, Energy: 3.498370-0.000409j
[2025-04-30 11:27:23] Iteration: 77/1000, Temp: 0.1072, Energy: 3.482731+0.001803j
[2025-04-30 11:27:35] Iteration: 78/1000, Temp: 0.1051, Energy: 3.464191-0.002891j
[2025-04-30 11:27:48] Iteration: 79/1000, Temp: 0.1030, Energy: 3.441583-0.015832j
[2025-04-30 11:28:01] Iteration: 80/1000, Temp: 0.1009, Energy: 3.419088+0.002687j
[2025-04-30 11:28:14] Iteration: 81/1000, Temp: 0.0989, Energy: 3.384699+0.005988j
[2025-04-30 11:28:27] Iteration: 82/1000, Temp: 0.0970, Energy: 3.351450-0.008543j
[2025-04-30 11:28:39] Iteration: 83/1000, Temp: 0.0951, Energy: 3.309373+0.026628j
[2025-04-30 11:28:52] Iteration: 84/1000, Temp: 0.0932, Energy: 3.263480-0.013259j
[2025-04-30 11:29:05] Iteration: 85/1000, Temp: 0.0913, Energy: 3.211702-0.003462j
[2025-04-30 11:29:18] Iteration: 86/1000, Temp: 0.0895, Energy: 3.149242-0.010562j
[2025-04-30 11:29:31] Iteration: 87/1000, Temp: 0.0878, Energy: 3.076195+0.006957j
[2025-04-30 11:29:43] Iteration: 88/1000, Temp: 0.0860, Energy: 2.992582+0.000415j
[2025-04-30 11:29:56] Iteration: 89/1000, Temp: 0.0843, Energy: 2.907040-0.040280j
[2025-04-30 11:30:09] Iteration: 90/1000, Temp: 0.0826, Energy: 2.811295-0.062385j
[2025-04-30 11:30:22] Iteration: 91/1000, Temp: 0.0810, Energy: 2.678360+0.010675j
[2025-04-30 11:30:35] Iteration: 92/1000, Temp: 0.0794, Energy: 2.558702-0.040740j
[2025-04-30 11:30:47] Iteration: 93/1000, Temp: 0.0778, Energy: 2.400545-0.008136j
[2025-04-30 11:31:00] Iteration: 94/1000, Temp: 0.0763, Energy: 2.228888+0.000639j
[2025-04-30 11:31:13] Iteration: 95/1000, Temp: 0.0748, Energy: 2.015262-0.038221j
[2025-04-30 11:31:26] Iteration: 96/1000, Temp: 0.0733, Energy: 1.777975+0.010270j
[2025-04-30 11:31:39] Iteration: 97/1000, Temp: 0.0719, Energy: 1.550759-0.052893j
[2025-04-30 11:31:51] Iteration: 98/1000, Temp: 0.0704, Energy: 1.314302-0.032074j
[2025-04-30 11:32:04] Iteration: 99/1000, Temp: 0.0690, Energy: 0.956125-0.039428j
[2025-04-30 11:32:17] Iteration: 100/1000, Temp: 0.0677, Energy: 0.641302+0.009295j
[2025-04-30 11:32:30] Iteration: 101/1000, Temp: 0.0663, Energy: 0.228744+0.039331j
[2025-04-30 11:32:42] Iteration: 102/1000, Temp: 0.0650, Energy: -0.190700-0.028910j
[2025-04-30 11:32:55] Iteration: 103/1000, Temp: 0.0637, Energy: -0.582628+0.032611j
[2025-04-30 11:33:08] Iteration: 104/1000, Temp: 0.0625, Energy: -1.127252-0.054223j
[2025-04-30 11:33:21] Iteration: 105/1000, Temp: 0.0612, Energy: -1.637933+0.022023j
[2025-04-30 11:33:34] Iteration: 106/1000, Temp: 0.0600, Energy: -2.223580-0.040762j
[2025-04-30 11:33:46] Iteration: 107/1000, Temp: 0.0588, Energy: -2.872450+0.027192j
[2025-04-30 11:33:59] Iteration: 108/1000, Temp: 0.0577, Energy: -3.445110-0.055227j
[2025-04-30 11:34:12] Iteration: 109/1000, Temp: 0.0565, Energy: -4.098195+0.068925j
[2025-04-30 11:34:25] Iteration: 110/1000, Temp: 0.0554, Energy: -4.900026+0.007782j
[2025-04-30 11:34:37] Iteration: 111/1000, Temp: 0.0543, Energy: -5.589603+0.025044j
[2025-04-30 11:34:50] Iteration: 112/1000, Temp: 0.0532, Energy: -6.423806+0.064657j
[2025-04-30 11:35:03] Iteration: 113/1000, Temp: 0.0522, Energy: -7.181990+0.116099j
[2025-04-30 11:35:16] Iteration: 114/1000, Temp: 0.0511, Energy: -8.151641-0.054689j
[2025-04-30 11:35:29] Iteration: 115/1000, Temp: 0.0501, Energy: -9.062904-0.050170j
[2025-04-30 11:35:41] Iteration: 116/1000, Temp: 0.0491, Energy: -9.954705-0.097944j
[2025-04-30 11:35:54] Iteration: 117/1000, Temp: 0.0482, Energy: -10.970343-0.028529j
[2025-04-30 11:36:07] Iteration: 118/1000, Temp: 0.0472, Energy: -12.245151+0.082226j
[2025-04-30 11:36:20] Iteration: 119/1000, Temp: 0.0463, Energy: -13.368767-0.139761j
[2025-04-30 11:36:32] Iteration: 120/1000, Temp: 0.0454, Energy: -14.834617-0.205241j
[2025-04-30 11:36:45] Iteration: 121/1000, Temp: 0.0445, Energy: -16.841747-0.276473j
[2025-04-30 11:36:58] Iteration: 122/1000, Temp: 0.0436, Energy: -19.244312-0.282024j
[2025-04-30 11:37:11] Iteration: 123/1000, Temp: 0.0427, Energy: -22.202011-0.431250j
[2025-04-30 11:37:24] Iteration: 124/1000, Temp: 0.0419, Energy: -25.465186-0.745836j
[2025-04-30 11:37:36] Iteration: 125/1000, Temp: 0.0410, Energy: -29.239847-0.708924j
[2025-04-30 11:37:49] Iteration: 126/1000, Temp: 0.0402, Energy: -33.273447-0.919973j
[2025-04-30 11:38:02] Iteration: 127/1000, Temp: 0.0394, Energy: -37.524980-0.623069j
[2025-04-30 11:38:15] Iteration: 128/1000, Temp: 0.0387, Energy: -41.302768-0.832569j
[2025-04-30 11:38:28] Iteration: 129/1000, Temp: 0.0379, Energy: -45.646743-0.501734j
[2025-04-30 11:38:40] Iteration: 130/1000, Temp: 0.0371, Energy: -49.594191-0.722838j
[2025-04-30 11:38:53] Iteration: 131/1000, Temp: 0.0364, Energy: -53.472805-0.681136j
[2025-04-30 11:39:06] Iteration: 132/1000, Temp: 0.0357, Energy: -56.205066-0.319908j
[2025-04-30 11:39:19] Iteration: 133/1000, Temp: 0.0350, Energy: -59.675403-0.540621j
[2025-04-30 11:39:32] Iteration: 134/1000, Temp: 0.0343, Energy: -62.637950-0.410553j
[2025-04-30 11:39:45] Iteration: 135/1000, Temp: 0.0336, Energy: -64.862033-0.061772j
[2025-04-30 11:39:58] Iteration: 136/1000, Temp: 0.0329, Energy: -67.183507-0.278724j
[2025-04-30 11:40:11] Iteration: 137/1000, Temp: 0.0323, Energy: -68.264760-0.053247j
[2025-04-30 11:40:24] Iteration: 138/1000, Temp: 0.0316, Energy: -69.428374-0.054755j
[2025-04-30 11:40:37] Iteration: 139/1000, Temp: 0.0310, Energy: -70.251989-0.004389j
[2025-04-30 11:40:50] Iteration: 140/1000, Temp: 0.0304, Energy: -71.299419+0.024757j
[2025-04-30 11:41:03] Iteration: 141/1000, Temp: 0.0298, Energy: -71.655054+0.062488j
[2025-04-30 11:41:15] Iteration: 142/1000, Temp: 0.0292, Energy: -72.608356+0.008065j
[2025-04-30 11:41:28] Iteration: 143/1000, Temp: 0.0286, Energy: -73.170624-0.006400j
[2025-04-30 11:41:41] Iteration: 144/1000, Temp: 0.0281, Energy: -73.746303+0.039571j
[2025-04-30 11:41:54] Iteration: 145/1000, Temp: 0.0275, Energy: -74.154498+0.053179j
[2025-04-30 11:42:07] Iteration: 146/1000, Temp: 0.0270, Energy: -74.540113+0.072743j
[2025-04-30 11:42:20] Iteration: 147/1000, Temp: 0.0264, Energy: -75.128243+0.012985j
[2025-04-30 11:42:32] Iteration: 148/1000, Temp: 0.0259, Energy: -75.308415-0.051750j
[2025-04-30 11:42:45] Iteration: 149/1000, Temp: 0.0254, Energy: -75.798614+0.153417j
[2025-04-30 11:42:58] Iteration: 150/1000, Temp: 0.0249, Energy: -76.030504+0.041448j
[2025-04-30 11:43:11] Iteration: 151/1000, Temp: 0.0244, Energy: -76.113735+0.040640j
[2025-04-30 11:43:24] Iteration: 152/1000, Temp: 0.0239, Energy: -76.560679-0.020938j
[2025-04-30 11:43:36] Iteration: 153/1000, Temp: 0.0234, Energy: -76.683870+0.000832j
[2025-04-30 11:43:49] Iteration: 154/1000, Temp: 0.0230, Energy: -76.873462+0.093921j
[2025-04-30 11:44:02] Iteration: 155/1000, Temp: 0.0225, Energy: -77.184042+0.074555j
[2025-04-30 11:44:15] Iteration: 156/1000, Temp: 0.0221, Energy: -77.343439+0.026506j
[2025-04-30 11:44:28] Iteration: 157/1000, Temp: 0.0216, Energy: -77.408892+0.021475j
[2025-04-30 11:44:41] Iteration: 158/1000, Temp: 0.0212, Energy: -77.677243+0.050306j
[2025-04-30 11:44:53] Iteration: 159/1000, Temp: 0.0208, Energy: -77.849934-0.015004j
[2025-04-30 11:45:06] Iteration: 160/1000, Temp: 0.0204, Energy: -77.818360-0.045951j
[2025-04-30 11:45:19] Iteration: 161/1000, Temp: 0.0200, Energy: -77.911437+0.005431j
[2025-04-30 11:45:32] Iteration: 162/1000, Temp: 0.0196, Energy: -78.011886-0.011604j
[2025-04-30 11:45:44] Iteration: 163/1000, Temp: 0.0192, Energy: -78.228500-0.038455j
[2025-04-30 11:45:57] Iteration: 164/1000, Temp: 0.0188, Energy: -78.362457-0.050456j
[2025-04-30 11:46:10] Iteration: 165/1000, Temp: 0.0184, Energy: -78.605081+0.000775j
[2025-04-30 11:46:23] Iteration: 166/1000, Temp: 0.0181, Energy: -78.647259-0.006592j
[2025-04-30 11:46:36] Iteration: 167/1000, Temp: 0.0177, Energy: -78.526609+0.009817j
[2025-04-30 11:46:48] Iteration: 168/1000, Temp: 0.0174, Energy: -78.636860-0.070197j
[2025-04-30 11:47:01] Iteration: 169/1000, Temp: 0.0170, Energy: -79.216106+0.001756j
[2025-04-30 11:47:13] Iteration: 170/1000, Temp: 0.0167, Energy: -79.136485-0.028386j
[2025-04-30 11:47:26] Iteration: 171/1000, Temp: 0.0164, Energy: -79.034208-0.000561j
[2025-04-30 11:47:39] Iteration: 172/1000, Temp: 0.0160, Energy: -79.003143+0.046374j
[2025-04-30 11:47:51] Iteration: 173/1000, Temp: 0.0157, Energy: -79.084054-0.010161j
[2025-04-30 11:48:04] Iteration: 174/1000, Temp: 0.0154, Energy: -79.286912+0.024567j
[2025-04-30 11:48:17] Iteration: 175/1000, Temp: 0.0151, Energy: -79.376640+0.013409j
[2025-04-30 11:48:30] Iteration: 176/1000, Temp: 0.0148, Energy: -79.361280+0.068722j
[2025-04-30 11:48:42] Iteration: 177/1000, Temp: 0.0145, Energy: -79.385371+0.015605j
[2025-04-30 11:48:55] Iteration: 178/1000, Temp: 0.0142, Energy: -79.534343-0.012400j
[2025-04-30 11:49:08] Iteration: 179/1000, Temp: 0.0139, Energy: -79.563318-0.015072j
[2025-04-30 11:49:20] Iteration: 180/1000, Temp: 0.0137, Energy: -79.674057+0.046369j
[2025-04-30 11:49:33] Iteration: 181/1000, Temp: 0.0134, Energy: -79.505347+0.052671j
[2025-04-30 11:49:46] Iteration: 182/1000, Temp: 0.0131, Energy: -79.706882+0.029322j
[2025-04-30 11:49:59] Iteration: 183/1000, Temp: 0.0129, Energy: -79.501740+0.051653j
[2025-04-30 11:50:11] Iteration: 184/1000, Temp: 0.0126, Energy: -79.640699+0.095366j
[2025-04-30 11:50:24] Iteration: 185/1000, Temp: 0.0124, Energy: -79.765850+0.187856j
[2025-04-30 11:50:37] Iteration: 186/1000, Temp: 0.0121, Energy: -79.918670+0.062328j
[2025-04-30 11:50:49] Iteration: 187/1000, Temp: 0.0119, Energy: -79.705711+0.119206j
[2025-04-30 11:51:02] Iteration: 188/1000, Temp: 0.0116, Energy: -79.900475-0.029361j
[2025-04-30 11:51:15] Iteration: 189/1000, Temp: 0.0114, Energy: -79.995599+0.071017j
[2025-04-30 11:51:27] Iteration: 190/1000, Temp: 0.0112, Energy: -79.985243+0.033581j
[2025-04-30 11:51:40] Iteration: 191/1000, Temp: 0.0110, Energy: -79.853753+0.011074j
[2025-04-30 11:51:53] Iteration: 192/1000, Temp: 0.0107, Energy: -79.879689+0.000116j
[2025-04-30 11:52:05] Iteration: 193/1000, Temp: 0.0105, Energy: -80.007930-0.016712j
[2025-04-30 11:52:18] Iteration: 194/1000, Temp: 0.0103, Energy: -80.168258+0.003849j
[2025-04-30 11:52:31] Iteration: 195/1000, Temp: 0.0101, Energy: -80.017451-0.076425j
[2025-04-30 11:52:44] Iteration: 196/1000, Temp: 0.0099, Energy: -80.233907-0.030666j
[2025-04-30 11:52:56] Iteration: 197/1000, Temp: 0.0097, Energy: -79.966269-0.014788j
[2025-04-30 11:53:09] Iteration: 198/1000, Temp: 0.0095, Energy: -80.241833+0.004511j
[2025-04-30 11:53:22] Iteration: 199/1000, Temp: 0.0093, Energy: -80.287824-0.022409j
[2025-04-30 11:53:35] Iteration: 200/1000, Temp: 0.0092, Energy: -80.336260+0.006612j
[2025-04-30 11:53:48] Iteration: 201/1000, Temp: 0.0090, Energy: -80.133300+0.005873j
[2025-04-30 11:54:00] Iteration: 202/1000, Temp: 0.0088, Energy: -80.237362-0.008847j
[2025-04-30 11:54:13] Iteration: 203/1000, Temp: 0.0086, Energy: -80.219398+0.031264j
[2025-04-30 11:54:26] Iteration: 204/1000, Temp: 0.0085, Energy: -80.294186+0.001951j
[2025-04-30 11:54:39] Iteration: 205/1000, Temp: 0.0083, Energy: -80.318399-0.026198j
[2025-04-30 11:54:52] Iteration: 206/1000, Temp: 0.0081, Energy: -80.433820+0.004739j
[2025-04-30 11:55:05] Iteration: 207/1000, Temp: 0.0080, Energy: -80.474506-0.005901j
[2025-04-30 11:55:17] Iteration: 208/1000, Temp: 0.0078, Energy: -80.430918+0.002580j
[2025-04-30 11:55:30] Iteration: 209/1000, Temp: 0.0076, Energy: -80.485902+0.015883j
[2025-04-30 11:55:43] Iteration: 210/1000, Temp: 0.0075, Energy: -80.495664-0.014991j
[2025-04-30 11:55:56] Iteration: 211/1000, Temp: 0.0073, Energy: -80.595179+0.006100j
[2025-04-30 11:56:09] Iteration: 212/1000, Temp: 0.0072, Energy: -80.298436-0.039808j
[2025-04-30 11:56:21] Iteration: 213/1000, Temp: 0.0071, Energy: -80.464830-0.014128j
[2025-04-30 11:56:34] Iteration: 214/1000, Temp: 0.0069, Energy: -80.785907+0.008663j
[2025-04-30 11:56:47] Iteration: 215/1000, Temp: 0.0068, Energy: -80.792038-0.000675j
[2025-04-30 11:57:00] Iteration: 216/1000, Temp: 0.0066, Energy: -80.742292+0.013273j
[2025-04-30 11:57:13] Iteration: 217/1000, Temp: 0.0065, Energy: -80.687863+0.018711j
[2025-04-30 11:57:26] Iteration: 218/1000, Temp: 0.0064, Energy: -80.696825+0.016955j
[2025-04-30 11:57:38] Iteration: 219/1000, Temp: 0.0063, Energy: -80.803966-0.002281j
[2025-04-30 11:57:51] Iteration: 220/1000, Temp: 0.0061, Energy: -80.755968+0.017202j
[2025-04-30 11:58:04] Iteration: 221/1000, Temp: 0.0060, Energy: -80.850819+0.001458j
[2025-04-30 11:58:17] Iteration: 222/1000, Temp: 0.0059, Energy: -80.882418-0.016047j
[2025-04-30 11:58:30] Iteration: 223/1000, Temp: 0.0058, Energy: -80.876200+0.033896j
[2025-04-30 11:58:43] Iteration: 224/1000, Temp: 0.0057, Energy: -80.887252+0.012980j
[2025-04-30 11:58:55] Iteration: 225/1000, Temp: 0.0056, Energy: -80.806298-0.003801j
[2025-04-30 11:59:08] Iteration: 226/1000, Temp: 0.0054, Energy: -80.602420+0.017801j
[2025-04-30 11:59:21] Iteration: 227/1000, Temp: 0.0053, Energy: -80.751140+0.013005j
[2025-04-30 11:59:34] Iteration: 228/1000, Temp: 0.0052, Energy: -81.014752+0.007075j
[2025-04-30 11:59:47] Iteration: 229/1000, Temp: 0.0051, Energy: -81.059323-0.023913j
[2025-04-30 12:00:00] Iteration: 230/1000, Temp: 0.0050, Energy: -81.042553-0.005944j
[2025-04-30 12:00:12] Iteration: 231/1000, Temp: 0.0049, Energy: -81.109239-0.017415j
[2025-04-30 12:00:25] Iteration: 232/1000, Temp: 0.0048, Energy: -81.045085-0.009079j
[2025-04-30 12:00:38] Iteration: 233/1000, Temp: 0.0047, Energy: -81.198648-0.006639j
[2025-04-30 12:00:51] Iteration: 234/1000, Temp: 0.0046, Energy: -81.112642-0.009085j
[2025-04-30 12:01:04] Iteration: 235/1000, Temp: 0.0045, Energy: -81.147379-0.023403j
[2025-04-30 12:01:17] Iteration: 236/1000, Temp: 0.0045, Energy: -81.108089+0.001119j
[2025-04-30 12:01:29] Iteration: 237/1000, Temp: 0.0044, Energy: -81.201139-0.014319j
[2025-04-30 12:01:42] Iteration: 238/1000, Temp: 0.0043, Energy: -81.069598+0.011512j
[2025-04-30 12:01:55] Iteration: 239/1000, Temp: 0.0042, Energy: -81.001948-0.006467j
[2025-04-30 12:02:08] Iteration: 240/1000, Temp: 0.0041, Energy: -81.043809-0.009410j
[2025-04-30 12:02:21] Iteration: 241/1000, Temp: 0.0040, Energy: -81.029041+0.003313j
[2025-04-30 12:02:33] Iteration: 242/1000, Temp: 0.0040, Energy: -81.161748+0.020685j
[2025-04-30 12:02:46] Iteration: 243/1000, Temp: 0.0039, Energy: -80.988766-0.013933j
[2025-04-30 12:02:59] Iteration: 244/1000, Temp: 0.0038, Energy: -81.268624-0.024384j
[2025-04-30 12:03:12] Iteration: 245/1000, Temp: 0.0037, Energy: -81.041263-0.012355j
[2025-04-30 12:03:24] Iteration: 246/1000, Temp: 0.0036, Energy: -81.125857+0.002642j
[2025-04-30 12:03:37] Iteration: 247/1000, Temp: 0.0036, Energy: -81.026980+0.004307j
[2025-04-30 12:03:50] Iteration: 248/1000, Temp: 0.0035, Energy: -81.121864+0.013237j
[2025-04-30 12:04:03] Iteration: 249/1000, Temp: 0.0034, Energy: -81.305120+0.007558j
[2025-04-30 12:04:16] Iteration: 250/1000, Temp: 0.0034, Energy: -81.448428-0.027488j
[2025-04-30 12:04:28] Iteration: 251/1000, Temp: 0.0033, Energy: -81.224695-0.016515j
[2025-04-30 12:04:41] Iteration: 252/1000, Temp: 0.0032, Energy: -80.960386-0.022306j
[2025-04-30 12:04:54] Iteration: 253/1000, Temp: 0.0032, Energy: -80.941894-0.012454j
[2025-04-30 12:05:07] Iteration: 254/1000, Temp: 0.0031, Energy: -81.114409-0.003744j
[2025-04-30 12:05:20] Iteration: 255/1000, Temp: 0.0030, Energy: -81.212131-0.000065j
[2025-04-30 12:05:32] Iteration: 256/1000, Temp: 0.0030, Energy: -81.192981-0.009727j
[2025-04-30 12:05:45] Iteration: 257/1000, Temp: 0.0029, Energy: -81.301789+0.011171j
[2025-04-30 12:05:58] Iteration: 258/1000, Temp: 0.0029, Energy: -81.228599+0.007672j
[2025-04-30 12:06:11] Iteration: 259/1000, Temp: 0.0028, Energy: -81.162014+0.001523j
[2025-04-30 12:06:24] Iteration: 260/1000, Temp: 0.0028, Energy: -81.261075+0.003700j
[2025-04-30 12:06:37] Iteration: 261/1000, Temp: 0.0027, Energy: -81.039817+0.012142j
[2025-04-30 12:06:49] Iteration: 262/1000, Temp: 0.0027, Energy: -81.146738-0.011059j
[2025-04-30 12:07:02] Iteration: 263/1000, Temp: 0.0026, Energy: -81.346294-0.006150j
[2025-04-30 12:07:15] Iteration: 264/1000, Temp: 0.0025, Energy: -81.368821+0.014930j
[2025-04-30 12:07:28] Iteration: 265/1000, Temp: 0.0025, Energy: -81.417109+0.009706j
[2025-04-30 12:07:40] Iteration: 266/1000, Temp: 0.0024, Energy: -81.403394-0.011522j
[2025-04-30 12:07:53] Iteration: 267/1000, Temp: 0.0024, Energy: -81.283828-0.013338j
[2025-04-30 12:08:06] Iteration: 268/1000, Temp: 0.0024, Energy: -81.262743-0.008839j
[2025-04-30 12:08:19] Iteration: 269/1000, Temp: 0.0023, Energy: -81.217609+0.001542j
[2025-04-30 12:08:31] Iteration: 270/1000, Temp: 0.0023, Energy: -81.152458-0.003447j
[2025-04-30 12:08:44] Iteration: 271/1000, Temp: 0.0022, Energy: -81.279665+0.006810j
[2025-04-30 12:08:57] Iteration: 272/1000, Temp: 0.0022, Energy: -81.184986+0.004628j
[2025-04-30 12:09:10] Iteration: 273/1000, Temp: 0.0021, Energy: -81.216567-0.003442j
[2025-04-30 12:09:23] Iteration: 274/1000, Temp: 0.0021, Energy: -81.105814-0.006496j
[2025-04-30 12:09:36] Iteration: 275/1000, Temp: 0.0020, Energy: -81.148963-0.007066j
[2025-04-30 12:09:48] Iteration: 276/1000, Temp: 0.0020, Energy: -81.296992+0.001534j
[2025-04-30 12:10:01] Iteration: 277/1000, Temp: 0.0020, Energy: -81.167465+0.001919j
[2025-04-30 12:10:14] Iteration: 278/1000, Temp: 0.0019, Energy: -81.432829+0.023178j
[2025-04-30 12:10:27] Iteration: 279/1000, Temp: 0.0019, Energy: -81.419620-0.036111j
[2025-04-30 12:10:40] Iteration: 280/1000, Temp: 0.0018, Energy: -81.159465+0.006458j
[2025-04-30 12:10:52] Iteration: 281/1000, Temp: 0.0018, Energy: -81.190632-0.008818j
[2025-04-30 12:11:05] Iteration: 282/1000, Temp: 0.0018, Energy: -81.310627+0.011320j
[2025-04-30 12:11:18] Iteration: 283/1000, Temp: 0.0017, Energy: -81.300412-0.012240j
[2025-04-30 12:11:30] Iteration: 284/1000, Temp: 0.0017, Energy: -81.260538+0.002027j
[2025-04-30 12:11:43] Iteration: 285/1000, Temp: 0.0017, Energy: -81.319451+0.011523j
[2025-04-30 12:11:56] Iteration: 286/1000, Temp: 0.0016, Energy: -81.363758-0.019735j
[2025-04-30 12:12:09] Iteration: 287/1000, Temp: 0.0016, Energy: -81.315436+0.001321j
[2025-04-30 12:12:22] Iteration: 288/1000, Temp: 0.0016, Energy: -81.502387-0.020852j
[2025-04-30 12:12:34] Iteration: 289/1000, Temp: 0.0015, Energy: -81.249564-0.010411j
[2025-04-30 12:12:47] Iteration: 290/1000, Temp: 0.0015, Energy: -81.263783+0.013338j
[2025-04-30 12:13:00] Iteration: 291/1000, Temp: 0.0015, Energy: -81.537532-0.001322j
[2025-04-30 12:13:13] Iteration: 292/1000, Temp: 0.0015, Energy: -81.391162-0.012959j
[2025-04-30 12:13:26] Iteration: 293/1000, Temp: 0.0014, Energy: -81.441484+0.011605j
[2025-04-30 12:13:38] Iteration: 294/1000, Temp: 0.0014, Energy: -81.436895-0.009583j
[2025-04-30 12:13:51] Iteration: 295/1000, Temp: 0.0014, Energy: -81.236599+0.019764j
[2025-04-30 12:14:04] Iteration: 296/1000, Temp: 0.0013, Energy: -81.281062+0.016489j
[2025-04-30 12:14:17] Iteration: 297/1000, Temp: 0.0013, Energy: -81.290174-0.006634j
[2025-04-30 12:14:30] Iteration: 298/1000, Temp: 0.0013, Energy: -81.332060+0.005552j
[2025-04-30 12:14:42] Iteration: 299/1000, Temp: 0.0013, Energy: -81.327743-0.000463j
[2025-04-30 12:14:55] Iteration: 300/1000, Temp: 0.0012, Energy: -81.319202-0.013091j
[2025-04-30 12:15:08] Iteration: 301/1000, Temp: 0.0012, Energy: -81.288158+0.014354j
[2025-04-30 12:15:21] Iteration: 302/1000, Temp: 0.0012, Energy: -81.232098-0.011007j
[2025-04-30 12:15:34] Iteration: 303/1000, Temp: 0.0012, Energy: -81.184586+0.016129j
[2025-04-30 12:15:47] Iteration: 304/1000, Temp: 0.0011, Energy: -81.235725-0.018675j
[2025-04-30 12:15:59] Iteration: 305/1000, Temp: 0.0011, Energy: -81.341862+0.000457j
[2025-04-30 12:16:12] Iteration: 306/1000, Temp: 0.0011, Energy: -81.379855+0.005857j
[2025-04-30 12:16:25] Iteration: 307/1000, Temp: 0.0011, Energy: -81.333862+0.004648j
[2025-04-30 12:16:38] Iteration: 308/1000, Temp: 0.0011, Energy: -81.452077+0.017613j
[2025-04-30 12:16:50] Iteration: 309/1000, Temp: 0.0010, Energy: -81.291606+0.014510j
[2025-04-30 12:17:03] Iteration: 310/1000, Temp: 0.0010, Energy: -81.393991-0.015417j
[2025-04-30 12:17:16] Iteration: 311/1000, Temp: 0.0010, Energy: -81.364517+0.026789j
[2025-04-30 12:17:29] Iteration: 312/1000, Temp: 0.0010, Energy: -81.254680-0.005590j
[2025-04-30 12:17:41] Iteration: 313/1000, Temp: 0.0010, Energy: -81.360052+0.009237j
[2025-04-30 12:17:54] Iteration: 314/1000, Temp: 0.0009, Energy: -81.282557+0.006134j
[2025-04-30 12:18:07] Iteration: 315/1000, Temp: 0.0009, Energy: -81.350876+0.010277j
[2025-04-30 12:18:19] Iteration: 316/1000, Temp: 0.0009, Energy: -81.352433-0.010239j
[2025-04-30 12:18:32] Iteration: 317/1000, Temp: 0.0009, Energy: -81.451783+0.014170j
[2025-04-30 12:18:45] Iteration: 318/1000, Temp: 0.0009, Energy: -81.420824+0.003601j
[2025-04-30 12:18:57] Iteration: 319/1000, Temp: 0.0008, Energy: -81.516567-0.009555j
[2025-04-30 12:19:10] Iteration: 320/1000, Temp: 0.0008, Energy: -81.245630-0.016599j
[2025-04-30 12:19:23] Iteration: 321/1000, Temp: 0.0008, Energy: -81.301482+0.007614j
[2025-04-30 12:19:36] Iteration: 322/1000, Temp: 0.0008, Energy: -81.143828-0.013518j
[2025-04-30 12:19:48] Iteration: 323/1000, Temp: 0.0008, Energy: -81.256952+0.032153j
[2025-04-30 12:20:01] Iteration: 324/1000, Temp: 0.0008, Energy: -81.276022-0.004261j
[2025-04-30 12:20:13] Iteration: 325/1000, Temp: 0.0008, Energy: -81.302192+0.005584j
[2025-04-30 12:20:26] Iteration: 326/1000, Temp: 0.0007, Energy: -81.412477+0.003921j
[2025-04-30 12:20:39] Iteration: 327/1000, Temp: 0.0007, Energy: -81.391756-0.011963j
[2025-04-30 12:20:52] Iteration: 328/1000, Temp: 0.0007, Energy: -81.480750-0.001338j
[2025-04-30 12:21:04] Iteration: 329/1000, Temp: 0.0007, Energy: -81.440312+0.019819j
[2025-04-30 12:21:17] Iteration: 330/1000, Temp: 0.0007, Energy: -81.320190+0.004448j
[2025-04-30 12:21:30] Iteration: 331/1000, Temp: 0.0007, Energy: -81.331210+0.006841j
[2025-04-30 12:21:42] Iteration: 332/1000, Temp: 0.0007, Energy: -81.410675-0.002402j
[2025-04-30 12:21:55] Iteration: 333/1000, Temp: 0.0006, Energy: -81.326485-0.016618j
[2025-04-30 12:22:08] Iteration: 334/1000, Temp: 0.0006, Energy: -81.262311+0.005292j
[2025-04-30 12:22:21] Iteration: 335/1000, Temp: 0.0006, Energy: -81.412976+0.002405j
[2025-04-30 12:22:33] Iteration: 336/1000, Temp: 0.0006, Energy: -81.473912-0.021384j
[2025-04-30 12:22:46] Iteration: 337/1000, Temp: 0.0006, Energy: -81.678670-0.005267j
[2025-04-30 12:22:59] Iteration: 338/1000, Temp: 0.0006, Energy: -81.598218-0.002552j
[2025-04-30 12:23:11] Iteration: 339/1000, Temp: 0.0006, Energy: -81.485654+0.002103j
[2025-04-30 12:23:24] Iteration: 340/1000, Temp: 0.0006, Energy: -81.672384-0.008799j
[2025-04-30 12:23:37] Iteration: 341/1000, Temp: 0.0005, Energy: -81.600331-0.020175j
[2025-04-30 12:23:49] Iteration: 342/1000, Temp: 0.0005, Energy: -81.579279-0.000382j
[2025-04-30 12:24:02] Iteration: 343/1000, Temp: 0.0005, Energy: -81.480736+0.012935j
[2025-04-30 12:24:15] Iteration: 344/1000, Temp: 0.0005, Energy: -81.341943-0.010444j
[2025-04-30 12:24:27] Iteration: 345/1000, Temp: 0.0005, Energy: -81.535838-0.019316j
[2025-04-30 12:24:40] Iteration: 346/1000, Temp: 0.0005, Energy: -81.269023-0.008861j
[2025-04-30 12:24:53] Iteration: 347/1000, Temp: 0.0005, Energy: -81.519434-0.021220j
[2025-04-30 12:25:06] Iteration: 348/1000, Temp: 0.0005, Energy: -81.379194-0.018006j
[2025-04-30 12:25:18] Iteration: 349/1000, Temp: 0.0005, Energy: -81.419356+0.017000j
[2025-04-30 12:25:31] Iteration: 350/1000, Temp: 0.0005, Energy: -81.345718+0.009845j
[2025-04-30 12:25:44] Iteration: 351/1000, Temp: 0.0004, Energy: -81.487141-0.015430j
[2025-04-30 12:25:57] Iteration: 352/1000, Temp: 0.0004, Energy: -81.303120+0.003208j
[2025-04-30 12:26:09] Iteration: 353/1000, Temp: 0.0004, Energy: -81.206765-0.005417j
[2025-04-30 12:26:22] Iteration: 354/1000, Temp: 0.0004, Energy: -81.338562-0.004629j
[2025-04-30 12:26:35] Iteration: 355/1000, Temp: 0.0004, Energy: -81.591753+0.002338j
[2025-04-30 12:26:48] Iteration: 356/1000, Temp: 0.0004, Energy: -81.478609-0.003865j
[2025-04-30 12:27:00] Iteration: 357/1000, Temp: 0.0004, Energy: -81.307881-0.023296j
[2025-04-30 12:27:13] Iteration: 358/1000, Temp: 0.0004, Energy: -81.462478-0.027598j
[2025-04-30 12:27:26] Iteration: 359/1000, Temp: 0.0004, Energy: -81.543071-0.017477j
[2025-04-30 12:27:38] Iteration: 360/1000, Temp: 0.0004, Energy: -81.446451+0.001489j
[2025-04-30 12:27:51] Iteration: 361/1000, Temp: 0.0004, Energy: -81.499846-0.017546j
[2025-04-30 12:28:04] Iteration: 362/1000, Temp: 0.0004, Energy: -81.495624-0.004531j
[2025-04-30 12:28:17] Iteration: 363/1000, Temp: 0.0004, Energy: -81.530686-0.018714j
[2025-04-30 12:28:29] Iteration: 364/1000, Temp: 0.0003, Energy: -81.499655+0.004804j
[2025-04-30 12:28:42] Iteration: 365/1000, Temp: 0.0003, Energy: -81.309222-0.004579j
[2025-04-30 12:28:55] Iteration: 366/1000, Temp: 0.0003, Energy: -81.398966-0.011180j
[2025-04-30 12:29:08] Iteration: 367/1000, Temp: 0.0003, Energy: -81.434893-0.018100j
[2025-04-30 12:29:21] Iteration: 368/1000, Temp: 0.0003, Energy: -81.540024-0.011549j
[2025-04-30 12:29:34] Iteration: 369/1000, Temp: 0.0003, Energy: -81.618969-0.031586j
[2025-04-30 12:29:47] Iteration: 370/1000, Temp: 0.0003, Energy: -81.380165-0.013925j
[2025-04-30 12:30:00] Iteration: 371/1000, Temp: 0.0003, Energy: -81.264044-0.026650j
[2025-04-30 12:30:12] Iteration: 372/1000, Temp: 0.0003, Energy: -81.202391-0.020076j
[2025-04-30 12:30:25] Iteration: 373/1000, Temp: 0.0003, Energy: -81.283554-0.009876j
[2025-04-30 12:30:38] Iteration: 374/1000, Temp: 0.0003, Energy: -81.400850-0.013920j
[2025-04-30 12:30:51] Iteration: 375/1000, Temp: 0.0003, Energy: -81.235212+0.003935j
[2025-04-30 12:31:04] Iteration: 376/1000, Temp: 0.0003, Energy: -81.220653-0.010395j
[2025-04-30 12:31:16] Iteration: 377/1000, Temp: 0.0003, Energy: -81.412117-0.015951j
[2025-04-30 12:31:29] Iteration: 378/1000, Temp: 0.0003, Energy: -81.301467+0.016758j
[2025-04-30 12:31:42] Iteration: 379/1000, Temp: 0.0003, Energy: -81.463460+0.001340j
[2025-04-30 12:31:55] Iteration: 380/1000, Temp: 0.0003, Energy: -81.583054+0.022562j
[2025-04-30 12:32:07] Iteration: 381/1000, Temp: 0.0002, Energy: -81.532905+0.024169j
[2025-04-30 12:32:20] Iteration: 382/1000, Temp: 0.0002, Energy: -81.194214-0.000316j
[2025-04-30 12:32:33] Iteration: 383/1000, Temp: 0.0002, Energy: -81.408281+0.004960j
[2025-04-30 12:32:46] Iteration: 384/1000, Temp: 0.0002, Energy: -81.424669-0.004766j
[2025-04-30 12:32:58] Iteration: 385/1000, Temp: 0.0002, Energy: -81.406663+0.003923j
[2025-04-30 12:33:11] Iteration: 386/1000, Temp: 0.0002, Energy: -81.229898-0.004532j
[2025-04-30 12:33:24] Iteration: 387/1000, Temp: 0.0002, Energy: -81.327738+0.013519j
[2025-04-30 12:33:37] Iteration: 388/1000, Temp: 0.0002, Energy: -81.453335+0.019166j
[2025-04-30 12:33:50] Iteration: 389/1000, Temp: 0.0002, Energy: -81.367936+0.011778j
[2025-04-30 12:34:02] Iteration: 390/1000, Temp: 0.0002, Energy: -81.335231+0.002840j
[2025-04-30 12:34:15] Iteration: 391/1000, Temp: 0.0002, Energy: -81.437264+0.009388j
[2025-04-30 12:34:28] Iteration: 392/1000, Temp: 0.0002, Energy: -81.521240+0.005306j
[2025-04-30 12:34:41] Iteration: 393/1000, Temp: 0.0002, Energy: -81.569035-0.000117j
[2025-04-30 12:34:53] Iteration: 394/1000, Temp: 0.0002, Energy: -81.512718-0.002609j
[2025-04-30 12:35:06] Iteration: 395/1000, Temp: 0.0002, Energy: -81.384450-0.000532j
[2025-04-30 12:35:19] Iteration: 396/1000, Temp: 0.0002, Energy: -81.527709+0.011435j
[2025-04-30 12:35:32] Iteration: 397/1000, Temp: 0.0002, Energy: -81.483279+0.001240j
[2025-04-30 12:35:44] Iteration: 398/1000, Temp: 0.0002, Energy: -81.454223+0.016814j
[2025-04-30 12:35:57] Iteration: 399/1000, Temp: 0.0002, Energy: -81.523369+0.005343j
[2025-04-30 12:36:10] Iteration: 400/1000, Temp: 0.0002, Energy: -81.531649-0.000143j
[2025-04-30 12:36:23] Iteration: 401/1000, Temp: 0.0002, Energy: -81.381486-0.006969j
[2025-04-30 12:36:35] Iteration: 402/1000, Temp: 0.0002, Energy: -81.477389+0.001893j
[2025-04-30 12:36:48] Iteration: 403/1000, Temp: 0.0002, Energy: -81.404957+0.005483j
[2025-04-30 12:37:01] Iteration: 404/1000, Temp: 0.0002, Energy: -81.440963+0.014024j
[2025-04-30 12:37:14] Iteration: 405/1000, Temp: 0.0002, Energy: -81.325015-0.015341j
[2025-04-30 12:37:26] Iteration: 406/1000, Temp: 0.0001, Energy: -81.550473+0.020965j
[2025-04-30 12:37:39] Iteration: 407/1000, Temp: 0.0001, Energy: -81.589977-0.000778j
[2025-04-30 12:37:52] Iteration: 408/1000, Temp: 0.0001, Energy: -81.554099+0.004429j
[2025-04-30 12:38:05] Iteration: 409/1000, Temp: 0.0001, Energy: -81.467747+0.013973j
[2025-04-30 12:38:17] Iteration: 410/1000, Temp: 0.0001, Energy: -81.366976-0.008597j
[2025-04-30 12:38:30] Iteration: 411/1000, Temp: 0.0001, Energy: -81.401752+0.018988j
[2025-04-30 12:38:43] Iteration: 412/1000, Temp: 0.0001, Energy: -81.538105-0.003161j
[2025-04-30 12:38:56] Iteration: 413/1000, Temp: 0.0001, Energy: -81.304636-0.006383j
[2025-04-30 12:39:09] Iteration: 414/1000, Temp: 0.0001, Energy: -81.451460-0.004908j
[2025-04-30 12:39:21] Iteration: 415/1000, Temp: 0.0001, Energy: -81.482804-0.006358j
[2025-04-30 12:39:34] Iteration: 416/1000, Temp: 0.0001, Energy: -81.308336-0.006940j
[2025-04-30 12:39:47] Iteration: 417/1000, Temp: 0.0001, Energy: -81.417064+0.002571j
[2025-04-30 12:40:00] Iteration: 418/1000, Temp: 0.0001, Energy: -81.331389+0.023661j
[2025-04-30 12:40:12] Iteration: 419/1000, Temp: 0.0001, Energy: -81.566137-0.000084j
[2025-04-30 12:40:25] Iteration: 420/1000, Temp: 0.0001, Energy: -81.493824-0.018240j
[2025-04-30 12:40:38] Iteration: 421/1000, Temp: 0.0001, Energy: -81.250934-0.000806j
[2025-04-30 12:40:51] Iteration: 422/1000, Temp: 0.0001, Energy: -81.602067+0.004473j
[2025-04-30 12:41:03] Iteration: 423/1000, Temp: 0.0001, Energy: -81.463128+0.014073j
[2025-04-30 12:41:16] Iteration: 424/1000, Temp: 0.0001, Energy: -81.582136-0.006736j
[2025-04-30 12:41:29] Iteration: 425/1000, Temp: 0.0001, Energy: -81.469020+0.005763j
[2025-04-30 12:41:42] Iteration: 426/1000, Temp: 0.0001, Energy: -81.448515+0.009558j
[2025-04-30 12:41:55] Iteration: 427/1000, Temp: 0.0001, Energy: -81.600069+0.002928j
[2025-04-30 12:42:07] Iteration: 428/1000, Temp: 0.0001, Energy: -81.517893-0.021662j
[2025-04-30 12:42:20] Iteration: 429/1000, Temp: 0.0001, Energy: -81.507726-0.004032j
[2025-04-30 12:42:33] Iteration: 430/1000, Temp: 0.0001, Energy: -81.472820-0.003758j
[2025-04-30 12:42:46] Iteration: 431/1000, Temp: 0.0001, Energy: -81.435754+0.017596j
[2025-04-30 12:42:59] Iteration: 432/1000, Temp: 0.0001, Energy: -81.525755-0.000798j
[2025-04-30 12:43:11] Iteration: 433/1000, Temp: 0.0001, Energy: -81.524052+0.000000j
[2025-04-30 12:43:24] Iteration: 434/1000, Temp: 0.0001, Energy: -81.662738+0.000869j
[2025-04-30 12:43:37] Iteration: 435/1000, Temp: 0.0001, Energy: -81.601319-0.004302j
[2025-04-30 12:43:50] Iteration: 436/1000, Temp: 0.0001, Energy: -81.510774+0.010134j
[2025-04-30 12:44:02] Iteration: 437/1000, Temp: 0.0001, Energy: -81.508835-0.007460j
[2025-04-30 12:44:15] Iteration: 438/1000, Temp: 0.0001, Energy: -81.583959-0.011700j
[2025-04-30 12:44:28] Iteration: 439/1000, Temp: 0.0001, Energy: -81.394188+0.001875j
[2025-04-30 12:44:40] Iteration: 440/1000, Temp: 0.0001, Energy: -81.437729+0.000097j
[2025-04-30 12:44:53] Iteration: 441/1000, Temp: 0.0001, Energy: -81.532736-0.016445j
[2025-04-30 12:45:06] Iteration: 442/1000, Temp: 0.0001, Energy: -81.466004+0.008501j
[2025-04-30 12:45:18] Iteration: 443/1000, Temp: 0.0001, Energy: -81.474419+0.007111j
[2025-04-30 12:45:31] Iteration: 444/1000, Temp: 0.0001, Energy: -81.413731-0.008605j
[2025-04-30 12:45:44] Iteration: 445/1000, Temp: 0.0001, Energy: -81.407146+0.002334j
[2025-04-30 12:45:56] Iteration: 446/1000, Temp: 0.0001, Energy: -81.358172+0.004670j
[2025-04-30 12:46:09] Iteration: 447/1000, Temp: 0.0001, Energy: -81.558706+0.013107j
[2025-04-30 12:46:22] Iteration: 448/1000, Temp: 0.0001, Energy: -81.534918+0.012565j
[2025-04-30 12:46:35] Iteration: 449/1000, Temp: 0.0001, Energy: -81.325115+0.000717j
[2025-04-30 12:46:47] Iteration: 450/1000, Temp: 0.0001, Energy: -81.482081-0.001596j
[2025-04-30 12:47:00] Iteration: 451/1000, Temp: 0.0001, Energy: -81.314739-0.008323j
[2025-04-30 12:47:12] Iteration: 452/1000, Temp: 0.0001, Energy: -81.397365-0.000362j
[2025-04-30 12:47:25] Iteration: 453/1000, Temp: 0.0001, Energy: -81.609500+0.004108j
[2025-04-30 12:47:38] Iteration: 454/1000, Temp: 0.0001, Energy: -81.414643+0.012426j
[2025-04-30 12:47:50] Iteration: 455/1000, Temp: 0.0001, Energy: -81.415235+0.013299j
[2025-04-30 12:48:03] Iteration: 456/1000, Temp: 0.0001, Energy: -81.471275+0.007286j
[2025-04-30 12:48:16] Iteration: 457/1000, Temp: 0.0001, Energy: -81.642415-0.005860j
[2025-04-30 12:48:28] Iteration: 458/1000, Temp: 0.0001, Energy: -81.378031-0.009084j
[2025-04-30 12:48:41] Iteration: 459/1000, Temp: 0.0001, Energy: -81.593273-0.000020j
[2025-04-30 12:48:54] Iteration: 460/1000, Temp: 0.0001, Energy: -81.519439-0.010606j
[2025-04-30 12:49:07] Iteration: 461/1000, Temp: 0.0000, Energy: -81.481107-0.001112j
[2025-04-30 12:49:19] Iteration: 462/1000, Temp: 0.0000, Energy: -81.407366+0.003295j
[2025-04-30 12:49:32] Iteration: 463/1000, Temp: 0.0000, Energy: -81.417236+0.002723j
[2025-04-30 12:49:45] Iteration: 464/1000, Temp: 0.0000, Energy: -81.249786-0.008825j
[2025-04-30 12:49:57] Iteration: 465/1000, Temp: 0.0000, Energy: -81.356380-0.008533j
[2025-04-30 12:50:10] Iteration: 466/1000, Temp: 0.0000, Energy: -81.300674-0.003004j
[2025-04-30 12:50:23] Iteration: 467/1000, Temp: 0.0000, Energy: -81.217863+0.007898j
[2025-04-30 12:50:36] Iteration: 468/1000, Temp: 0.0000, Energy: -81.147738+0.005445j
[2025-04-30 12:50:49] Iteration: 469/1000, Temp: 0.0000, Energy: -81.516608-0.000538j
[2025-04-30 12:51:01] Iteration: 470/1000, Temp: 0.0000, Energy: -81.620266-0.009407j
[2025-04-30 12:51:14] Iteration: 471/1000, Temp: 0.0000, Energy: -81.480935+0.009334j
[2025-04-30 12:51:27] Iteration: 472/1000, Temp: 0.0000, Energy: -81.429269+0.006435j
[2025-04-30 12:51:40] Iteration: 473/1000, Temp: 0.0000, Energy: -81.384943+0.003074j
[2025-04-30 12:51:53] Iteration: 474/1000, Temp: 0.0000, Energy: -81.536161-0.003864j
[2025-04-30 12:52:05] Iteration: 475/1000, Temp: 0.0000, Energy: -81.503514-0.017056j
[2025-04-30 12:52:18] Iteration: 476/1000, Temp: 0.0000, Energy: -81.450218+0.003991j
[2025-04-30 12:52:31] Iteration: 477/1000, Temp: 0.0000, Energy: -81.425873-0.007368j
[2025-04-30 12:52:44] Iteration: 478/1000, Temp: 0.0000, Energy: -81.464643+0.015359j
[2025-04-30 12:52:56] Iteration: 479/1000, Temp: 0.0000, Energy: -81.589075+0.004473j
[2025-04-30 12:53:09] Iteration: 480/1000, Temp: 0.0000, Energy: -81.524932+0.014133j
[2025-04-30 12:53:22] Iteration: 481/1000, Temp: 0.0000, Energy: -81.427386+0.002563j
[2025-04-30 12:53:35] Iteration: 482/1000, Temp: 0.0000, Energy: -81.456102-0.000476j
[2025-04-30 12:53:48] Iteration: 483/1000, Temp: 0.0000, Energy: -81.453329+0.011393j
[2025-04-30 12:54:01] Iteration: 484/1000, Temp: 0.0000, Energy: -81.613648+0.012215j
[2025-04-30 12:54:14] Iteration: 485/1000, Temp: 0.0000, Energy: -81.489530-0.004248j
[2025-04-30 12:54:26] Iteration: 486/1000, Temp: 0.0000, Energy: -81.423171-0.010006j
[2025-04-30 12:54:39] Iteration: 487/1000, Temp: 0.0000, Energy: -81.443815-0.001537j
[2025-04-30 12:54:52] Iteration: 488/1000, Temp: 0.0000, Energy: -81.387136+0.005504j
[2025-04-30 12:55:04] Iteration: 489/1000, Temp: 0.0000, Energy: -81.335080-0.004108j
[2025-04-30 12:55:17] Iteration: 490/1000, Temp: 0.0000, Energy: -81.540925+0.004652j
[2025-04-30 12:55:30] Iteration: 491/1000, Temp: 0.0000, Energy: -81.538046-0.008168j
[2025-04-30 12:55:43] Iteration: 492/1000, Temp: 0.0000, Energy: -81.670206+0.006248j
[2025-04-30 12:55:56] Iteration: 493/1000, Temp: 0.0000, Energy: -81.558753-0.002359j
[2025-04-30 12:56:08] Iteration: 494/1000, Temp: 0.0000, Energy: -81.586734+0.010898j
[2025-04-30 12:56:21] Iteration: 495/1000, Temp: 0.0000, Energy: -81.352494+0.004207j
[2025-04-30 12:56:34] Iteration: 496/1000, Temp: 0.0000, Energy: -81.316050-0.004553j
[2025-04-30 12:56:47] Iteration: 497/1000, Temp: 0.0000, Energy: -81.544275-0.006687j
[2025-04-30 12:57:00] Iteration: 498/1000, Temp: 0.0000, Energy: -81.503287+0.003675j
[2025-04-30 12:57:13] Iteration: 499/1000, Temp: 0.0000, Energy: -81.456753+0.007608j
[2025-04-30 12:57:26] Iteration: 500/1000, Temp: 0.0000, Energy: -81.510756-0.011515j
[2025-04-30 12:57:38] Iteration: 501/1000, Temp: 0.0000, Energy: -81.308805+0.000280j
[2025-04-30 12:57:51] Iteration: 502/1000, Temp: 0.0000, Energy: -81.404573+0.004531j
[2025-04-30 12:58:04] Iteration: 503/1000, Temp: 0.0000, Energy: -81.676303+0.001547j
[2025-04-30 12:58:17] Iteration: 504/1000, Temp: 0.0000, Energy: -81.723376+0.002270j
[2025-04-30 12:58:30] Iteration: 505/1000, Temp: 0.0000, Energy: -81.684491-0.000783j
[2025-04-30 12:58:42] Iteration: 506/1000, Temp: 0.0000, Energy: -81.607930+0.003221j
[2025-04-30 12:58:55] Iteration: 507/1000, Temp: 0.0000, Energy: -81.440559-0.015956j
[2025-04-30 12:59:08] Iteration: 508/1000, Temp: 0.0000, Energy: -81.271844-0.006556j
[2025-04-30 12:59:21] Iteration: 509/1000, Temp: 0.0000, Energy: -81.408599-0.006311j
[2025-04-30 12:59:33] Iteration: 510/1000, Temp: 0.0000, Energy: -81.451663+0.007604j
[2025-04-30 12:59:46] Iteration: 511/1000, Temp: 0.0000, Energy: -81.401426+0.002899j
[2025-04-30 12:59:59] Iteration: 512/1000, Temp: 0.0000, Energy: -81.451543+0.001115j
[2025-04-30 13:00:12] Iteration: 513/1000, Temp: 0.0000, Energy: -81.360305+0.001979j
[2025-04-30 13:00:24] Iteration: 514/1000, Temp: 0.0000, Energy: -81.568536+0.013321j
[2025-04-30 13:00:37] Iteration: 515/1000, Temp: 0.0000, Energy: -81.490749+0.002431j
[2025-04-30 13:00:50] Iteration: 516/1000, Temp: 0.0000, Energy: -81.583557+0.004035j
[2025-04-30 13:01:03] Iteration: 517/1000, Temp: 0.0000, Energy: -81.455239+0.000395j
[2025-04-30 13:01:15] Iteration: 518/1000, Temp: 0.0000, Energy: -81.443287+0.021853j
[2025-04-30 13:01:28] Iteration: 519/1000, Temp: 0.0000, Energy: -81.484806-0.006186j
[2025-04-30 13:01:41] Iteration: 520/1000, Temp: 0.0000, Energy: -81.549998+0.002280j
[2025-04-30 13:01:54] Iteration: 521/1000, Temp: 0.0000, Energy: -81.570997+0.003930j
[2025-04-30 13:02:07] Iteration: 522/1000, Temp: 0.0000, Energy: -81.394842+0.000241j
[2025-04-30 13:02:20] Iteration: 523/1000, Temp: 0.0000, Energy: -81.602822-0.002516j
[2025-04-30 13:02:32] Iteration: 524/1000, Temp: 0.0000, Energy: -81.505543+0.007564j
[2025-04-30 13:02:45] Iteration: 525/1000, Temp: 0.0000, Energy: -81.507095+0.017002j
[2025-04-30 13:02:58] Iteration: 526/1000, Temp: 0.0000, Energy: -81.532049+0.001019j
[2025-04-30 13:03:11] Iteration: 527/1000, Temp: 0.0000, Energy: -81.416315-0.005106j
[2025-04-30 13:03:24] Iteration: 528/1000, Temp: 0.0000, Energy: -81.381291+0.001310j
[2025-04-30 13:03:36] Iteration: 529/1000, Temp: 0.0000, Energy: -81.462610-0.002385j
[2025-04-30 13:03:49] Iteration: 530/1000, Temp: 0.0000, Energy: -81.724626-0.002341j
[2025-04-30 13:04:02] Iteration: 531/1000, Temp: 0.0000, Energy: -81.637041+0.000626j
[2025-04-30 13:04:14] Iteration: 532/1000, Temp: 0.0000, Energy: -81.453646-0.000584j
[2025-04-30 13:04:27] Iteration: 533/1000, Temp: 0.0000, Energy: -81.450807+0.010949j
[2025-04-30 13:04:40] Iteration: 534/1000, Temp: 0.0000, Energy: -81.606246+0.004850j
[2025-04-30 13:04:53] Iteration: 535/1000, Temp: 0.0000, Energy: -81.826301-0.004755j
[2025-04-30 13:05:06] Iteration: 536/1000, Temp: 0.0000, Energy: -81.732345+0.003944j
[2025-04-30 13:05:18] Iteration: 537/1000, Temp: 0.0000, Energy: -81.677594-0.013829j
[2025-04-30 13:05:31] Iteration: 538/1000, Temp: 0.0000, Energy: -81.677039-0.016818j
[2025-04-30 13:05:44] Iteration: 539/1000, Temp: 0.0000, Energy: -81.407802-0.010702j
[2025-04-30 13:05:57] Iteration: 540/1000, Temp: 0.0000, Energy: -81.519195+0.000952j
[2025-04-30 13:06:09] Iteration: 541/1000, Temp: 0.0000, Energy: -81.539645-0.001933j
[2025-04-30 13:06:22] Iteration: 542/1000, Temp: 0.0000, Energy: -81.678982+0.000201j
[2025-04-30 13:06:35] Iteration: 543/1000, Temp: 0.0000, Energy: -81.576012+0.006047j
[2025-04-30 13:06:48] Iteration: 544/1000, Temp: 0.0000, Energy: -81.475546+0.001584j
[2025-04-30 13:07:01] Iteration: 545/1000, Temp: 0.0000, Energy: -81.529880-0.005843j
[2025-04-30 13:07:14] Iteration: 546/1000, Temp: 0.0000, Energy: -81.423452-0.003002j
[2025-04-30 13:07:26] Iteration: 547/1000, Temp: 0.0000, Energy: -81.490154+0.003732j
[2025-04-30 13:07:39] Iteration: 548/1000, Temp: 0.0000, Energy: -81.467625-0.005047j
[2025-04-30 13:07:52] Iteration: 549/1000, Temp: 0.0000, Energy: -81.407302+0.005969j
[2025-04-30 13:08:05] Iteration: 550/1000, Temp: 0.0000, Energy: -81.385286-0.007861j
[2025-04-30 13:08:18] Iteration: 551/1000, Temp: 0.0000, Energy: -81.525084+0.001505j
[2025-04-30 13:08:30] Iteration: 552/1000, Temp: 0.0000, Energy: -81.515926-0.002967j
[2025-04-30 13:08:43] Iteration: 553/1000, Temp: 0.0000, Energy: -81.585814-0.013882j
[2025-04-30 13:08:56] Iteration: 554/1000, Temp: 0.0000, Energy: -81.613570+0.005174j
[2025-04-30 13:09:09] Iteration: 555/1000, Temp: 0.0000, Energy: -81.584128-0.014631j
[2025-04-30 13:09:22] Iteration: 556/1000, Temp: 0.0000, Energy: -81.513230+0.002752j
[2025-04-30 13:09:34] Iteration: 557/1000, Temp: 0.0000, Energy: -81.439069-0.003931j
[2025-04-30 13:09:47] Iteration: 558/1000, Temp: 0.0000, Energy: -81.564427+0.017419j
[2025-04-30 13:10:00] Iteration: 559/1000, Temp: 0.0000, Energy: -81.521920-0.000959j
[2025-04-30 13:10:13] Iteration: 560/1000, Temp: 0.0000, Energy: -81.414914+0.015234j
[2025-04-30 13:10:25] Iteration: 561/1000, Temp: 0.0000, Energy: -81.606208-0.000788j
[2025-04-30 13:10:38] Iteration: 562/1000, Temp: 0.0000, Energy: -81.593107-0.016219j
[2025-04-30 13:10:51] Iteration: 563/1000, Temp: 0.0000, Energy: -81.446347-0.006652j
[2025-04-30 13:11:04] Iteration: 564/1000, Temp: 0.0000, Energy: -81.570243-0.004045j
[2025-04-30 13:11:16] Iteration: 565/1000, Temp: 0.0000, Energy: -81.536010-0.010840j
[2025-04-30 13:11:29] Iteration: 566/1000, Temp: 0.0000, Energy: -81.549675+0.004216j
[2025-04-30 13:11:42] Iteration: 567/1000, Temp: 0.0000, Energy: -81.635926+0.009669j
[2025-04-30 13:11:54] Iteration: 568/1000, Temp: 0.0000, Energy: -81.439142-0.012331j
[2025-04-30 13:12:07] Iteration: 569/1000, Temp: 0.0000, Energy: -81.528338-0.005734j
[2025-04-30 13:12:20] Iteration: 570/1000, Temp: 0.0000, Energy: -81.410591-0.010379j
[2025-04-30 13:12:33] Iteration: 571/1000, Temp: 0.0000, Energy: -81.391474+0.001795j
[2025-04-30 13:12:45] Iteration: 572/1000, Temp: 0.0000, Energy: -81.447968-0.000871j
[2025-04-30 13:12:58] Iteration: 573/1000, Temp: 0.0000, Energy: -81.476484-0.013237j
[2025-04-30 13:13:11] Iteration: 574/1000, Temp: 0.0000, Energy: -81.422176-0.004053j
[2025-04-30 13:13:23] Iteration: 575/1000, Temp: 0.0000, Energy: -81.319007+0.007994j
[2025-04-30 13:13:36] Iteration: 576/1000, Temp: 0.0000, Energy: -81.426324-0.000807j
[2025-04-30 13:13:49] Iteration: 577/1000, Temp: 0.0000, Energy: -81.424017+0.007157j
[2025-04-30 13:14:01] Iteration: 578/1000, Temp: 0.0000, Energy: -81.429218-0.002764j
[2025-04-30 13:14:14] Iteration: 579/1000, Temp: 0.0000, Energy: -81.581302+0.000737j
[2025-04-30 13:14:27] Iteration: 580/1000, Temp: 0.0000, Energy: -81.534152+0.000435j
[2025-04-30 13:14:40] Iteration: 581/1000, Temp: 0.0000, Energy: -81.562576+0.006842j
[2025-04-30 13:14:52] Iteration: 582/1000, Temp: 0.0000, Energy: -81.699989-0.007149j
[2025-04-30 13:15:05] Iteration: 583/1000, Temp: 0.0000, Energy: -81.647990+0.001246j
[2025-04-30 13:15:18] Iteration: 584/1000, Temp: 0.0000, Energy: -81.828136+0.004120j
[2025-04-30 13:15:30] Iteration: 585/1000, Temp: 0.0000, Energy: -81.490746+0.008069j
[2025-04-30 13:15:43] Iteration: 586/1000, Temp: 0.0000, Energy: -81.463106+0.002923j
[2025-04-30 13:15:56] Iteration: 587/1000, Temp: 0.0000, Energy: -81.521237+0.001828j
[2025-04-30 13:16:08] Iteration: 588/1000, Temp: 0.0000, Energy: -81.525706-0.007693j
[2025-04-30 13:16:21] Iteration: 589/1000, Temp: 0.0000, Energy: -81.420163+0.010529j
[2025-04-30 13:16:34] Iteration: 590/1000, Temp: 0.0000, Energy: -81.295176+0.006990j
[2025-04-30 13:16:46] Iteration: 591/1000, Temp: 0.0000, Energy: -81.551089+0.006963j
[2025-04-30 13:16:59] Iteration: 592/1000, Temp: 0.0000, Energy: -81.527408-0.012260j
[2025-04-30 13:17:12] Iteration: 593/1000, Temp: 0.0000, Energy: -81.718693+0.000144j
[2025-04-30 13:17:25] Iteration: 594/1000, Temp: 0.0000, Energy: -81.579733+0.012102j
[2025-04-30 13:17:38] Iteration: 595/1000, Temp: 0.0000, Energy: -81.540211-0.003706j
[2025-04-30 13:17:50] Iteration: 596/1000, Temp: 0.0000, Energy: -81.721952+0.008834j
[2025-04-30 13:18:03] Iteration: 597/1000, Temp: 0.0000, Energy: -81.592618-0.005480j
[2025-04-30 13:18:16] Iteration: 598/1000, Temp: 0.0000, Energy: -81.680583+0.004827j
[2025-04-30 13:18:29] Iteration: 599/1000, Temp: 0.0000, Energy: -81.589957-0.000494j
[2025-04-30 13:18:42] Iteration: 600/1000, Temp: 0.0000, Energy: -81.657944+0.006868j
[2025-04-30 13:18:55] Iteration: 601/1000, Temp: 0.0000, Energy: -81.671004+0.008052j
[2025-04-30 13:19:07] Iteration: 602/1000, Temp: 0.0000, Energy: -81.543370+0.014379j
[2025-04-30 13:19:20] Iteration: 603/1000, Temp: 0.0000, Energy: -81.629525+0.004308j
[2025-04-30 13:19:33] Iteration: 604/1000, Temp: 0.0000, Energy: -81.571454-0.001177j
[2025-04-30 13:19:45] Iteration: 605/1000, Temp: 0.0000, Energy: -81.594290+0.006985j
[2025-04-30 13:19:58] Iteration: 606/1000, Temp: 0.0000, Energy: -81.641005+0.009536j
[2025-04-30 13:20:11] Iteration: 607/1000, Temp: 0.0000, Energy: -81.703048+0.010419j
[2025-04-30 13:20:24] Iteration: 608/1000, Temp: 0.0000, Energy: -81.479125+0.012924j
[2025-04-30 13:20:36] Iteration: 609/1000, Temp: 0.0000, Energy: -81.507057+0.001238j
[2025-04-30 13:20:49] Iteration: 610/1000, Temp: 0.0000, Energy: -81.458436+0.012437j
[2025-04-30 13:21:02] Iteration: 611/1000, Temp: 0.0000, Energy: -81.436576-0.002328j
[2025-04-30 13:21:15] Iteration: 612/1000, Temp: 0.0000, Energy: -81.628630-0.004038j
[2025-04-30 13:21:28] Iteration: 613/1000, Temp: 0.0000, Energy: -81.543014+0.006234j
[2025-04-30 13:21:41] Iteration: 614/1000, Temp: 0.0000, Energy: -81.547072+0.006638j
[2025-04-30 13:21:53] Iteration: 615/1000, Temp: 0.0000, Energy: -81.591431+0.000472j
[2025-04-30 13:22:06] Iteration: 616/1000, Temp: 0.0000, Energy: -81.682129-0.000763j
[2025-04-30 13:22:19] Iteration: 617/1000, Temp: 0.0000, Energy: -81.497805+0.008046j
[2025-04-30 13:22:32] Iteration: 618/1000, Temp: 0.0000, Energy: -81.509880+0.011686j
[2025-04-30 13:22:45] Iteration: 619/1000, Temp: 0.0000, Energy: -81.435274+0.000534j
[2025-04-30 13:22:57] Iteration: 620/1000, Temp: 0.0000, Energy: -81.656910+0.007225j
[2025-04-30 13:23:10] Iteration: 621/1000, Temp: 0.0000, Energy: -81.495734-0.002398j
[2025-04-30 13:23:23] Iteration: 622/1000, Temp: 0.0000, Energy: -81.576182-0.007684j
[2025-04-30 13:23:36] Iteration: 623/1000, Temp: 0.0000, Energy: -81.532906-0.004937j
[2025-04-30 13:23:48] Iteration: 624/1000, Temp: 0.0000, Energy: -81.376713+0.011312j
[2025-04-30 13:24:01] Iteration: 625/1000, Temp: 0.0000, Energy: -81.430845+0.003830j
[2025-04-30 13:24:14] Iteration: 626/1000, Temp: 0.0000, Energy: -81.264465-0.019784j
[2025-04-30 13:24:27] Iteration: 627/1000, Temp: 0.0000, Energy: -81.441866-0.002706j
[2025-04-30 13:24:39] Iteration: 628/1000, Temp: 0.0000, Energy: -81.388137+0.004240j
[2025-04-30 13:24:52] Iteration: 629/1000, Temp: 0.0000, Energy: -81.558781-0.008705j
[2025-04-30 13:25:05] Iteration: 630/1000, Temp: 0.0000, Energy: -81.547196-0.001481j
[2025-04-30 13:25:18] Iteration: 631/1000, Temp: 0.0000, Energy: -81.533605-0.002480j
[2025-04-30 13:25:31] Iteration: 632/1000, Temp: 0.0000, Energy: -81.504028-0.007098j
[2025-04-30 13:25:44] Iteration: 633/1000, Temp: 0.0000, Energy: -81.395190-0.006299j
[2025-04-30 13:25:56] Iteration: 634/1000, Temp: 0.0000, Energy: -81.464347+0.001210j
[2025-04-30 13:26:09] Iteration: 635/1000, Temp: 0.0000, Energy: -81.536280+0.006114j
[2025-04-30 13:26:22] Iteration: 636/1000, Temp: 0.0000, Energy: -81.502829-0.007988j
[2025-04-30 13:26:35] Iteration: 637/1000, Temp: 0.0000, Energy: -81.501697+0.001054j
[2025-04-30 13:26:48] Iteration: 638/1000, Temp: 0.0000, Energy: -81.484221+0.001070j
[2025-04-30 13:27:00] Iteration: 639/1000, Temp: 0.0000, Energy: -81.539503-0.010640j
[2025-04-30 13:27:13] Iteration: 640/1000, Temp: 0.0000, Energy: -81.541178-0.018847j
[2025-04-30 13:27:26] Iteration: 641/1000, Temp: 0.0000, Energy: -81.450679+0.013239j
[2025-04-30 13:27:39] Iteration: 642/1000, Temp: 0.0000, Energy: -81.798507+0.000325j
[2025-04-30 13:27:51] Iteration: 643/1000, Temp: 0.0000, Energy: -81.538738-0.008377j
[2025-04-30 13:28:04] Iteration: 644/1000, Temp: 0.0000, Energy: -81.581198-0.002835j
[2025-04-30 13:28:17] Iteration: 645/1000, Temp: 0.0000, Energy: -81.605048-0.010106j
[2025-04-30 13:28:30] Iteration: 646/1000, Temp: 0.0000, Energy: -81.564131-0.017755j
[2025-04-30 13:28:42] Iteration: 647/1000, Temp: 0.0000, Energy: -81.487558-0.010053j
[2025-04-30 13:28:55] Iteration: 648/1000, Temp: 0.0000, Energy: -81.579861-0.009922j
[2025-04-30 13:29:08] Iteration: 649/1000, Temp: 0.0000, Energy: -81.726367-0.010762j
[2025-04-30 13:29:21] Iteration: 650/1000, Temp: 0.0000, Energy: -81.748729-0.004846j
[2025-04-30 13:29:33] Iteration: 651/1000, Temp: 0.0000, Energy: -81.650232+0.002101j
[2025-04-30 13:29:46] Iteration: 652/1000, Temp: 0.0000, Energy: -81.689126-0.006515j
[2025-04-30 13:29:59] Iteration: 653/1000, Temp: 0.0000, Energy: -81.534913-0.012183j
[2025-04-30 13:30:12] Iteration: 654/1000, Temp: 0.0000, Energy: -81.510183-0.002310j
[2025-04-30 13:30:25] Iteration: 655/1000, Temp: 0.0000, Energy: -81.618228+0.004626j
[2025-04-30 13:30:37] Iteration: 656/1000, Temp: 0.0000, Energy: -81.558411-0.013995j
[2025-04-30 13:30:50] Iteration: 657/1000, Temp: 0.0000, Energy: -81.587781-0.000020j
[2025-04-30 13:31:02] Iteration: 658/1000, Temp: 0.0000, Energy: -81.658651-0.002842j
[2025-04-30 13:31:15] Iteration: 659/1000, Temp: 0.0000, Energy: -81.606114-0.002041j
[2025-04-30 13:31:28] Iteration: 660/1000, Temp: 0.0000, Energy: -81.766947-0.003646j
[2025-04-30 13:31:40] Iteration: 661/1000, Temp: 0.0000, Energy: -81.730885+0.003318j
[2025-04-30 13:31:53] Iteration: 662/1000, Temp: 0.0000, Energy: -81.791081+0.009410j
[2025-04-30 13:32:06] Iteration: 663/1000, Temp: 0.0000, Energy: -81.680905+0.012140j
[2025-04-30 13:32:18] Iteration: 664/1000, Temp: 0.0000, Energy: -81.534577-0.006369j
[2025-04-30 13:32:31] Iteration: 665/1000, Temp: 0.0000, Energy: -81.508620+0.010827j
[2025-04-30 13:32:44] Iteration: 666/1000, Temp: 0.0000, Energy: -81.542607+0.003871j
[2025-04-30 13:32:56] Iteration: 667/1000, Temp: 0.0000, Energy: -81.443106-0.005220j
[2025-04-30 13:33:09] Iteration: 668/1000, Temp: 0.0000, Energy: -81.522293+0.006167j
[2025-04-30 13:33:22] Iteration: 669/1000, Temp: 0.0000, Energy: -81.619126-0.002157j
[2025-04-30 13:33:34] Iteration: 670/1000, Temp: 0.0000, Energy: -81.605624-0.005934j
[2025-04-30 13:33:47] Iteration: 671/1000, Temp: 0.0000, Energy: -81.621129+0.003610j
[2025-04-30 13:34:00] Iteration: 672/1000, Temp: 0.0000, Energy: -81.756225+0.006635j
[2025-04-30 13:34:13] Iteration: 673/1000, Temp: 0.0000, Energy: -81.556863+0.004404j
[2025-04-30 13:34:25] Iteration: 674/1000, Temp: 0.0000, Energy: -81.422599-0.009415j
[2025-04-30 13:34:38] Iteration: 675/1000, Temp: 0.0000, Energy: -81.474624+0.002866j
[2025-04-30 13:34:51] Iteration: 676/1000, Temp: 0.0000, Energy: -81.524139-0.006575j
[2025-04-30 13:35:04] Iteration: 677/1000, Temp: 0.0000, Energy: -81.360583+0.008418j
[2025-04-30 13:35:16] Iteration: 678/1000, Temp: 0.0000, Energy: -81.592953-0.002229j
[2025-04-30 13:35:29] Iteration: 679/1000, Temp: 0.0000, Energy: -81.525256-0.004077j
[2025-04-30 13:35:42] Iteration: 680/1000, Temp: 0.0000, Energy: -81.505701+0.006384j
[2025-04-30 13:35:54] Iteration: 681/1000, Temp: 0.0000, Energy: -81.402158+0.000182j
[2025-04-30 13:36:07] Iteration: 682/1000, Temp: 0.0000, Energy: -81.496456-0.000200j
[2025-04-30 13:36:20] Iteration: 683/1000, Temp: 0.0000, Energy: -81.545922-0.004678j
[2025-04-30 13:36:32] Iteration: 684/1000, Temp: 0.0000, Energy: -81.521235-0.002214j
[2025-04-30 13:36:45] Iteration: 685/1000, Temp: 0.0000, Energy: -81.500927+0.004814j
[2025-04-30 13:36:58] Iteration: 686/1000, Temp: 0.0000, Energy: -81.611979+0.001160j
[2025-04-30 13:37:11] Iteration: 687/1000, Temp: 0.0000, Energy: -81.601920+0.006187j
[2025-04-30 13:37:24] Iteration: 688/1000, Temp: 0.0000, Energy: -81.571430+0.002298j
[2025-04-30 13:37:36] Iteration: 689/1000, Temp: 0.0000, Energy: -81.474218+0.001408j
[2025-04-30 13:37:49] Iteration: 690/1000, Temp: 0.0000, Energy: -81.444313-0.000693j
[2025-04-30 13:38:02] Iteration: 691/1000, Temp: 0.0000, Energy: -81.549016+0.002625j
[2025-04-30 13:38:15] Iteration: 692/1000, Temp: 0.0000, Energy: -81.601224-0.006566j
[2025-04-30 13:38:28] Iteration: 693/1000, Temp: 0.0000, Energy: -81.694715+0.003904j
[2025-04-30 13:38:41] Iteration: 694/1000, Temp: 0.0000, Energy: -81.614099+0.003359j
[2025-04-30 13:38:53] Iteration: 695/1000, Temp: 0.0000, Energy: -81.513115+0.006728j
[2025-04-30 13:39:06] Iteration: 696/1000, Temp: 0.0000, Energy: -81.712888+0.001028j
[2025-04-30 13:39:19] Iteration: 697/1000, Temp: 0.0000, Energy: -81.708104-0.007181j
[2025-04-30 13:39:32] Iteration: 698/1000, Temp: 0.0000, Energy: -81.718967-0.003585j
[2025-04-30 13:39:45] Iteration: 699/1000, Temp: 0.0000, Energy: -81.683610+0.013320j
[2025-04-30 13:39:58] Iteration: 700/1000, Temp: 0.0000, Energy: -81.587965-0.001716j
[2025-04-30 13:40:11] Iteration: 701/1000, Temp: 0.0000, Energy: -81.517302-0.006608j
[2025-04-30 13:40:23] Iteration: 702/1000, Temp: 0.0000, Energy: -81.592408-0.008815j
[2025-04-30 13:40:36] Iteration: 703/1000, Temp: 0.0000, Energy: -81.567247-0.010052j
[2025-04-30 13:40:49] Iteration: 704/1000, Temp: 0.0000, Energy: -81.718257-0.000088j
[2025-04-30 13:41:01] Iteration: 705/1000, Temp: 0.0000, Energy: -81.600495+0.009841j
[2025-04-30 13:41:14] Iteration: 706/1000, Temp: 0.0000, Energy: -81.673171-0.003188j
[2025-04-30 13:41:27] Iteration: 707/1000, Temp: 0.0000, Energy: -81.731368-0.001897j
[2025-04-30 13:41:40] Iteration: 708/1000, Temp: 0.0000, Energy: -81.618839+0.003584j
[2025-04-30 13:41:53] Iteration: 709/1000, Temp: 0.0000, Energy: -81.618408+0.001086j
[2025-04-30 13:42:06] Iteration: 710/1000, Temp: 0.0000, Energy: -81.717664+0.003438j
[2025-04-30 13:42:19] Iteration: 711/1000, Temp: 0.0000, Energy: -81.889857-0.000691j
[2025-04-30 13:42:31] Iteration: 712/1000, Temp: 0.0000, Energy: -81.843852-0.000650j
[2025-04-30 13:42:44] Iteration: 713/1000, Temp: 0.0000, Energy: -81.733136-0.008834j
[2025-04-30 13:42:57] Iteration: 714/1000, Temp: 0.0000, Energy: -81.698567-0.009063j
[2025-04-30 13:43:09] Iteration: 715/1000, Temp: 0.0000, Energy: -81.763498-0.006668j
[2025-04-30 13:43:22] Iteration: 716/1000, Temp: 0.0000, Energy: -81.866059-0.008586j
[2025-04-30 13:43:35] Iteration: 717/1000, Temp: 0.0000, Energy: -81.642165-0.004907j
[2025-04-30 13:43:48] Iteration: 718/1000, Temp: 0.0000, Energy: -81.696335+0.014913j
[2025-04-30 13:44:01] Iteration: 719/1000, Temp: 0.0000, Energy: -81.705476-0.001489j
[2025-04-30 13:44:14] Iteration: 720/1000, Temp: 0.0000, Energy: -81.595945-0.004256j
[2025-04-30 13:44:26] Iteration: 721/1000, Temp: 0.0000, Energy: -81.558214+0.008311j
[2025-04-30 13:44:39] Iteration: 722/1000, Temp: 0.0000, Energy: -81.597997+0.009764j
[2025-04-30 13:44:52] Iteration: 723/1000, Temp: 0.0000, Energy: -81.660618+0.006857j
[2025-04-30 13:45:05] Iteration: 724/1000, Temp: 0.0000, Energy: -81.639789+0.001896j
[2025-04-30 13:45:17] Iteration: 725/1000, Temp: 0.0000, Energy: -81.475363+0.004133j
[2025-04-30 13:45:30] Iteration: 726/1000, Temp: 0.0000, Energy: -81.344677+0.004273j
[2025-04-30 13:45:43] Iteration: 727/1000, Temp: 0.0000, Energy: -81.367536-0.014164j
[2025-04-30 13:45:56] Iteration: 728/1000, Temp: 0.0000, Energy: -81.470498-0.012413j
[2025-04-30 13:46:08] Iteration: 729/1000, Temp: 0.0000, Energy: -81.432915-0.003398j
[2025-04-30 13:46:21] Iteration: 730/1000, Temp: 0.0000, Energy: -81.457691-0.000331j
[2025-04-30 13:46:34] Iteration: 731/1000, Temp: 0.0000, Energy: -81.467125-0.016750j
[2025-04-30 13:46:47] Iteration: 732/1000, Temp: 0.0000, Energy: -81.508311+0.005859j
[2025-04-30 13:46:59] Iteration: 733/1000, Temp: 0.0000, Energy: -81.518926-0.008239j
[2025-04-30 13:47:12] Iteration: 734/1000, Temp: 0.0000, Energy: -81.510146-0.007332j
[2025-04-30 13:47:25] Iteration: 735/1000, Temp: 0.0000, Energy: -81.473709+0.000455j
[2025-04-30 13:47:38] Iteration: 736/1000, Temp: 0.0000, Energy: -81.380188-0.002848j
[2025-04-30 13:47:51] Iteration: 737/1000, Temp: 0.0000, Energy: -81.478992-0.011036j
[2025-04-30 13:48:03] Iteration: 738/1000, Temp: 0.0000, Energy: -81.609695+0.004062j
[2025-04-30 13:48:16] Iteration: 739/1000, Temp: 0.0000, Energy: -81.520640-0.003349j
[2025-04-30 13:48:29] Iteration: 740/1000, Temp: 0.0000, Energy: -81.548237+0.003004j
[2025-04-30 13:48:42] Iteration: 741/1000, Temp: 0.0000, Energy: -81.469526-0.004825j
[2025-04-30 13:48:54] Iteration: 742/1000, Temp: 0.0000, Energy: -81.706684-0.005279j
[2025-04-30 13:49:07] Iteration: 743/1000, Temp: 0.0000, Energy: -81.692382-0.001930j
[2025-04-30 13:49:20] Iteration: 744/1000, Temp: 0.0000, Energy: -81.434737-0.000632j
[2025-04-30 13:49:33] Iteration: 745/1000, Temp: 0.0000, Energy: -81.526371+0.000066j
[2025-04-30 13:49:46] Iteration: 746/1000, Temp: 0.0000, Energy: -81.379938-0.000335j
[2025-04-30 13:49:58] Iteration: 747/1000, Temp: 0.0000, Energy: -81.416171+0.004266j
[2025-04-30 13:50:11] Iteration: 748/1000, Temp: 0.0000, Energy: -81.528045-0.003398j
[2025-04-30 13:50:24] Iteration: 749/1000, Temp: 0.0000, Energy: -81.472551-0.006775j
[2025-04-30 13:50:37] Iteration: 750/1000, Temp: 0.0000, Energy: -81.360414-0.001593j
[2025-04-30 13:50:50] Iteration: 751/1000, Temp: 0.0000, Energy: -81.455629+0.019519j
[2025-04-30 13:51:02] Iteration: 752/1000, Temp: 0.0000, Energy: -81.600372-0.000213j
[2025-04-30 13:51:15] Iteration: 753/1000, Temp: 0.0000, Energy: -81.549757+0.008635j
[2025-04-30 13:51:28] Iteration: 754/1000, Temp: 0.0000, Energy: -81.535179+0.004593j
[2025-04-30 13:51:41] Iteration: 755/1000, Temp: 0.0000, Energy: -81.464420+0.001275j
[2025-04-30 13:51:54] Iteration: 756/1000, Temp: 0.0000, Energy: -81.419541-0.001498j
[2025-04-30 13:52:06] Iteration: 757/1000, Temp: 0.0000, Energy: -81.532799-0.004168j
[2025-04-30 13:52:19] Iteration: 758/1000, Temp: 0.0000, Energy: -81.547196-0.000372j
[2025-04-30 13:52:32] Iteration: 759/1000, Temp: 0.0000, Energy: -81.529130-0.012471j
[2025-04-30 13:52:45] Iteration: 760/1000, Temp: 0.0000, Energy: -81.538102-0.017930j
[2025-04-30 13:52:58] Iteration: 761/1000, Temp: 0.0000, Energy: -81.634857-0.003902j
[2025-04-30 13:53:10] Iteration: 762/1000, Temp: 0.0000, Energy: -81.608223+0.002421j
[2025-04-30 13:53:23] Iteration: 763/1000, Temp: 0.0000, Energy: -81.627341+0.002739j
[2025-04-30 13:53:36] Iteration: 764/1000, Temp: 0.0000, Energy: -81.571860-0.000228j
[2025-04-30 13:53:49] Iteration: 765/1000, Temp: 0.0000, Energy: -81.642474+0.004804j
[2025-04-30 13:54:01] Iteration: 766/1000, Temp: 0.0000, Energy: -81.629106-0.006973j
[2025-04-30 13:54:14] Iteration: 767/1000, Temp: 0.0000, Energy: -81.606561+0.002987j
[2025-04-30 13:54:27] Iteration: 768/1000, Temp: 0.0000, Energy: -81.581539+0.007912j
[2025-04-30 13:54:40] Iteration: 769/1000, Temp: 0.0000, Energy: -81.708839-0.002075j
[2025-04-30 13:54:53] Iteration: 770/1000, Temp: 0.0000, Energy: -81.494694-0.010894j
[2025-04-30 13:55:05] Iteration: 771/1000, Temp: 0.0000, Energy: -81.398948+0.000496j
[2025-04-30 13:55:18] Iteration: 772/1000, Temp: 0.0000, Energy: -81.356342+0.003645j
[2025-04-30 13:55:31] Iteration: 773/1000, Temp: 0.0000, Energy: -81.401472-0.004798j
[2025-04-30 13:55:44] Iteration: 774/1000, Temp: 0.0000, Energy: -81.519916-0.003167j
[2025-04-30 13:55:56] Iteration: 775/1000, Temp: 0.0000, Energy: -81.501816+0.001741j
[2025-04-30 13:56:09] Iteration: 776/1000, Temp: 0.0000, Energy: -81.676215-0.010567j
[2025-04-30 13:56:22] Iteration: 777/1000, Temp: 0.0000, Energy: -81.545875+0.001625j
[2025-04-30 13:56:35] Iteration: 778/1000, Temp: 0.0000, Energy: -81.444082+0.002863j
[2025-04-30 13:56:47] Iteration: 779/1000, Temp: 0.0000, Energy: -81.481626-0.002362j
[2025-04-30 13:57:00] Iteration: 780/1000, Temp: 0.0000, Energy: -81.478084+0.003221j
[2025-04-30 13:57:12] Iteration: 781/1000, Temp: 0.0000, Energy: -81.587439+0.002119j
[2025-04-30 13:57:25] Iteration: 782/1000, Temp: 0.0000, Energy: -81.463760+0.014389j
[2025-04-30 13:57:38] Iteration: 783/1000, Temp: 0.0000, Energy: -81.509709-0.004572j
[2025-04-30 13:57:50] Iteration: 784/1000, Temp: 0.0000, Energy: -81.609329+0.000568j
[2025-04-30 13:58:03] Iteration: 785/1000, Temp: 0.0000, Energy: -81.637896-0.003999j
[2025-04-30 13:58:16] Iteration: 786/1000, Temp: 0.0000, Energy: -81.473168-0.008822j
[2025-04-30 13:58:28] Iteration: 787/1000, Temp: 0.0000, Energy: -81.568082+0.000328j
[2025-04-30 13:58:41] Iteration: 788/1000, Temp: 0.0000, Energy: -81.447827+0.000434j
[2025-04-30 13:58:54] Iteration: 789/1000, Temp: 0.0000, Energy: -81.878545-0.000401j
[2025-04-30 13:59:06] Iteration: 790/1000, Temp: 0.0000, Energy: -81.659489+0.008373j
[2025-04-30 13:59:19] Iteration: 791/1000, Temp: 0.0000, Energy: -81.592203-0.016401j
[2025-04-30 13:59:32] Iteration: 792/1000, Temp: 0.0000, Energy: -81.708587-0.012587j
[2025-04-30 13:59:44] Iteration: 793/1000, Temp: 0.0000, Energy: -81.640100-0.002923j
[2025-04-30 13:59:57] Iteration: 794/1000, Temp: 0.0000, Energy: -81.506767-0.002826j
[2025-04-30 14:00:10] Iteration: 795/1000, Temp: 0.0000, Energy: -81.535153+0.000334j
[2025-04-30 14:00:23] Iteration: 796/1000, Temp: 0.0000, Energy: -81.547905-0.000083j
[2025-04-30 14:00:35] Iteration: 797/1000, Temp: 0.0000, Energy: -81.602696-0.010733j
[2025-04-30 14:00:48] Iteration: 798/1000, Temp: 0.0000, Energy: -81.365537+0.004265j
[2025-04-30 14:01:00] Iteration: 799/1000, Temp: 0.0000, Energy: -81.579020+0.000676j
[2025-04-30 14:01:13] Iteration: 800/1000, Temp: 0.0000, Energy: -81.487084-0.005681j
[2025-04-30 14:01:26] Iteration: 801/1000, Temp: 0.0000, Energy: -81.496401+0.009195j
[2025-04-30 14:01:38] Iteration: 802/1000, Temp: 0.0000, Energy: -81.617028+0.002637j
[2025-04-30 14:01:51] Iteration: 803/1000, Temp: 0.0000, Energy: -81.610469-0.003917j
[2025-04-30 14:02:04] Iteration: 804/1000, Temp: 0.0000, Energy: -81.500933+0.001861j
[2025-04-30 14:02:17] Iteration: 805/1000, Temp: 0.0000, Energy: -81.446254+0.002995j
[2025-04-30 14:02:30] Iteration: 806/1000, Temp: 0.0000, Energy: -81.770714-0.000053j
[2025-04-30 14:02:42] Iteration: 807/1000, Temp: 0.0000, Energy: -81.606534+0.008066j
[2025-04-30 14:02:55] Iteration: 808/1000, Temp: 0.0000, Energy: -81.759491-0.000657j
[2025-04-30 14:03:08] Iteration: 809/1000, Temp: 0.0000, Energy: -81.861913-0.000855j
[2025-04-30 14:03:21] Iteration: 810/1000, Temp: 0.0000, Energy: -81.624310-0.000708j
[2025-04-30 14:03:34] Iteration: 811/1000, Temp: 0.0000, Energy: -81.634145+0.001438j
[2025-04-30 14:03:47] Iteration: 812/1000, Temp: 0.0000, Energy: -81.629104+0.000372j
[2025-04-30 14:03:59] Iteration: 813/1000, Temp: 0.0000, Energy: -81.624660+0.018468j
[2025-04-30 14:04:12] Iteration: 814/1000, Temp: 0.0000, Energy: -81.663167-0.004235j
[2025-04-30 14:04:25] Iteration: 815/1000, Temp: 0.0000, Energy: -81.737432-0.007037j
[2025-04-30 14:04:38] Iteration: 816/1000, Temp: 0.0000, Energy: -81.565813-0.007834j
[2025-04-30 14:04:51] Iteration: 817/1000, Temp: 0.0000, Energy: -81.672454+0.001311j
[2025-04-30 14:05:04] Iteration: 818/1000, Temp: 0.0000, Energy: -81.698490+0.006473j
[2025-04-30 14:05:16] Iteration: 819/1000, Temp: 0.0000, Energy: -81.701802+0.001401j
[2025-04-30 14:05:29] Iteration: 820/1000, Temp: 0.0000, Energy: -81.718729+0.003037j
[2025-04-30 14:05:42] Iteration: 821/1000, Temp: 0.0000, Energy: -81.647071+0.010689j
[2025-04-30 14:05:55] Iteration: 822/1000, Temp: 0.0000, Energy: -81.582926-0.003777j
[2025-04-30 14:06:08] Iteration: 823/1000, Temp: 0.0000, Energy: -81.735076+0.008467j
[2025-04-30 14:06:20] Iteration: 824/1000, Temp: 0.0000, Energy: -81.507811-0.001865j
[2025-04-30 14:06:33] Iteration: 825/1000, Temp: 0.0000, Energy: -81.419980-0.010757j
[2025-04-30 14:06:46] Iteration: 826/1000, Temp: 0.0000, Energy: -81.668466+0.007961j
[2025-04-30 14:06:59] Iteration: 827/1000, Temp: 0.0000, Energy: -81.552746-0.002204j
[2025-04-30 14:07:12] Iteration: 828/1000, Temp: 0.0000, Energy: -81.449068-0.000858j
[2025-04-30 14:07:24] Iteration: 829/1000, Temp: 0.0000, Energy: -81.632099+0.004440j
[2025-04-30 14:07:37] Iteration: 830/1000, Temp: 0.0000, Energy: -81.628827-0.005296j
[2025-04-30 14:07:50] Iteration: 831/1000, Temp: 0.0000, Energy: -81.704595+0.000058j
[2025-04-30 14:08:03] Iteration: 832/1000, Temp: 0.0000, Energy: -81.598231-0.006095j
[2025-04-30 14:08:16] Iteration: 833/1000, Temp: 0.0000, Energy: -81.651473-0.010540j
[2025-04-30 14:08:29] Iteration: 834/1000, Temp: 0.0000, Energy: -81.585280-0.004012j
[2025-04-30 14:08:41] Iteration: 835/1000, Temp: 0.0000, Energy: -81.533552-0.005799j
[2025-04-30 14:08:54] Iteration: 836/1000, Temp: 0.0000, Energy: -81.689216+0.000307j
[2025-04-30 14:09:07] Iteration: 837/1000, Temp: 0.0000, Energy: -81.676408+0.001894j
[2025-04-30 14:09:20] Iteration: 838/1000, Temp: 0.0000, Energy: -81.626795-0.006705j
[2025-04-30 14:09:32] Iteration: 839/1000, Temp: 0.0000, Energy: -81.674932+0.010878j
[2025-04-30 14:09:45] Iteration: 840/1000, Temp: 0.0000, Energy: -81.641557+0.000549j
[2025-04-30 14:09:58] Iteration: 841/1000, Temp: 0.0000, Energy: -81.684065+0.004552j
[2025-04-30 14:10:11] Iteration: 842/1000, Temp: 0.0000, Energy: -81.526115-0.003359j
[2025-04-30 14:10:24] Iteration: 843/1000, Temp: 0.0000, Energy: -81.666302-0.006829j
[2025-04-30 14:10:37] Iteration: 844/1000, Temp: 0.0000, Energy: -81.589169+0.006663j
[2025-04-30 14:10:50] Iteration: 845/1000, Temp: 0.0000, Energy: -81.520382-0.005679j
[2025-04-30 14:11:02] Iteration: 846/1000, Temp: 0.0000, Energy: -81.569720-0.007066j
[2025-04-30 14:11:15] Iteration: 847/1000, Temp: 0.0000, Energy: -81.472451+0.000479j
[2025-04-30 14:11:28] Iteration: 848/1000, Temp: 0.0000, Energy: -81.514424+0.011312j
[2025-04-30 14:11:41] Iteration: 849/1000, Temp: 0.0000, Energy: -81.592844+0.006409j
[2025-04-30 14:11:53] Iteration: 850/1000, Temp: 0.0000, Energy: -81.504660-0.003155j
[2025-04-30 14:12:06] Iteration: 851/1000, Temp: 0.0000, Energy: -81.678229+0.008958j
[2025-04-30 14:12:19] Iteration: 852/1000, Temp: 0.0000, Energy: -81.610857+0.000132j
[2025-04-30 14:12:32] Iteration: 853/1000, Temp: 0.0000, Energy: -81.653072+0.006870j
[2025-04-30 14:12:45] Iteration: 854/1000, Temp: 0.0000, Energy: -81.491786+0.005135j
[2025-04-30 14:12:57] Iteration: 855/1000, Temp: 0.0000, Energy: -81.609821-0.013462j
[2025-04-30 14:13:10] Iteration: 856/1000, Temp: 0.0000, Energy: -81.571169+0.006023j
[2025-04-30 14:13:23] Iteration: 857/1000, Temp: 0.0000, Energy: -81.538062-0.000359j
[2025-04-30 14:13:36] Iteration: 858/1000, Temp: 0.0000, Energy: -81.781058-0.005066j
[2025-04-30 14:13:49] Iteration: 859/1000, Temp: 0.0000, Energy: -81.695955+0.001619j
[2025-04-30 14:14:01] Iteration: 860/1000, Temp: 0.0000, Energy: -81.538699+0.004644j
[2025-04-30 14:14:14] Iteration: 861/1000, Temp: 0.0000, Energy: -81.463722-0.000126j
[2025-04-30 14:14:27] Iteration: 862/1000, Temp: 0.0000, Energy: -81.463229-0.002741j
[2025-04-30 14:14:40] Iteration: 863/1000, Temp: 0.0000, Energy: -81.401572-0.008117j
[2025-04-30 14:14:53] Iteration: 864/1000, Temp: 0.0000, Energy: -81.385310+0.001620j
[2025-04-30 14:15:06] Iteration: 865/1000, Temp: 0.0000, Energy: -81.553603-0.015315j
[2025-04-30 14:15:18] Iteration: 866/1000, Temp: 0.0000, Energy: -81.491127-0.003775j
[2025-04-30 14:15:31] Iteration: 867/1000, Temp: 0.0000, Energy: -81.484427-0.005170j
[2025-04-30 14:15:44] Iteration: 868/1000, Temp: 0.0000, Energy: -81.577366-0.000772j
[2025-04-30 14:15:57] Iteration: 869/1000, Temp: 0.0000, Energy: -81.566334+0.002684j
[2025-04-30 14:16:09] Iteration: 870/1000, Temp: 0.0000, Energy: -81.664896-0.004987j
[2025-04-30 14:16:22] Iteration: 871/1000, Temp: 0.0000, Energy: -81.627653-0.007820j
[2025-04-30 14:16:35] Iteration: 872/1000, Temp: 0.0000, Energy: -81.669871-0.005293j
[2025-04-30 14:16:48] Iteration: 873/1000, Temp: 0.0000, Energy: -81.585623+0.003091j
[2025-04-30 14:17:01] Iteration: 874/1000, Temp: 0.0000, Energy: -81.697030+0.000337j
[2025-04-30 14:17:14] Iteration: 875/1000, Temp: 0.0000, Energy: -81.576240+0.002652j
[2025-04-30 14:17:26] Iteration: 876/1000, Temp: 0.0000, Energy: -81.602718-0.012391j
[2025-04-30 14:17:39] Iteration: 877/1000, Temp: 0.0000, Energy: -81.743866+0.012882j
[2025-04-30 14:17:52] Iteration: 878/1000, Temp: 0.0000, Energy: -81.664663+0.006075j
[2025-04-30 14:18:05] Iteration: 879/1000, Temp: 0.0000, Energy: -81.598138-0.002048j
[2025-04-30 14:18:17] Iteration: 880/1000, Temp: 0.0000, Energy: -81.612173+0.000000j
[2025-04-30 14:18:30] Iteration: 881/1000, Temp: 0.0000, Energy: -81.722025+0.001159j
[2025-04-30 14:18:43] Iteration: 882/1000, Temp: 0.0000, Energy: -81.598028+0.008186j
[2025-04-30 14:18:56] Iteration: 883/1000, Temp: 0.0000, Energy: -81.542483+0.019294j
[2025-04-30 14:19:09] Iteration: 884/1000, Temp: 0.0000, Energy: -81.453858-0.002898j
[2025-04-30 14:19:21] Iteration: 885/1000, Temp: 0.0000, Energy: -81.373520-0.001186j
[2025-04-30 14:19:34] Iteration: 886/1000, Temp: 0.0000, Energy: -81.541037+0.001287j
[2025-04-30 14:19:47] Iteration: 887/1000, Temp: 0.0000, Energy: -81.460181+0.003646j
[2025-04-30 14:20:00] Iteration: 888/1000, Temp: 0.0000, Energy: -81.555061-0.014656j
[2025-04-30 14:20:13] Iteration: 889/1000, Temp: 0.0000, Energy: -81.417761+0.006196j
[2025-04-30 14:20:25] Iteration: 890/1000, Temp: 0.0000, Energy: -81.551631+0.008096j
[2025-04-30 14:20:38] Iteration: 891/1000, Temp: 0.0000, Energy: -81.609535-0.005741j
[2025-04-30 14:20:51] Iteration: 892/1000, Temp: 0.0000, Energy: -81.542323-0.000672j
[2025-04-30 14:21:04] Iteration: 893/1000, Temp: 0.0000, Energy: -81.440123+0.000883j
[2025-04-30 14:21:17] Iteration: 894/1000, Temp: 0.0000, Energy: -81.452139-0.004056j
[2025-04-30 14:21:29] Iteration: 895/1000, Temp: 0.0000, Energy: -81.352401+0.019151j
[2025-04-30 14:21:42] Iteration: 896/1000, Temp: 0.0000, Energy: -81.569766+0.005147j
[2025-04-30 14:21:55] Iteration: 897/1000, Temp: 0.0000, Energy: -81.685271-0.004157j
[2025-04-30 14:22:08] Iteration: 898/1000, Temp: 0.0000, Energy: -81.676155-0.003126j
[2025-04-30 14:22:21] Iteration: 899/1000, Temp: 0.0000, Energy: -81.727177+0.000762j
[2025-04-30 14:22:33] Iteration: 900/1000, Temp: 0.0000, Energy: -81.677437-0.001915j
[2025-04-30 14:22:46] Iteration: 901/1000, Temp: 0.0000, Energy: -81.608714+0.002666j
[2025-04-30 14:22:59] Iteration: 902/1000, Temp: 0.0000, Energy: -81.526204-0.011502j
[2025-04-30 14:23:12] Iteration: 903/1000, Temp: 0.0000, Energy: -81.473019-0.003880j
[2025-04-30 14:23:24] Iteration: 904/1000, Temp: 0.0000, Energy: -81.280947+0.007363j
[2025-04-30 14:23:37] Iteration: 905/1000, Temp: 0.0000, Energy: -81.491175+0.013694j
[2025-04-30 14:23:50] Iteration: 906/1000, Temp: 0.0000, Energy: -81.450795+0.007204j
[2025-04-30 14:24:03] Iteration: 907/1000, Temp: 0.0000, Energy: -81.446032-0.007253j
[2025-04-30 14:24:15] Iteration: 908/1000, Temp: 0.0000, Energy: -81.354663-0.000715j
[2025-04-30 14:24:28] Iteration: 909/1000, Temp: 0.0000, Energy: -81.490101+0.001119j
[2025-04-30 14:24:41] Iteration: 910/1000, Temp: 0.0000, Energy: -81.576023-0.005100j
[2025-04-30 14:24:54] Iteration: 911/1000, Temp: 0.0000, Energy: -81.423327+0.000841j
[2025-04-30 14:25:06] Iteration: 912/1000, Temp: 0.0000, Energy: -81.535057-0.004233j
[2025-04-30 14:25:19] Iteration: 913/1000, Temp: 0.0000, Energy: -81.352898-0.010132j
[2025-04-30 14:25:32] Iteration: 914/1000, Temp: 0.0000, Energy: -81.491645+0.001551j
[2025-04-30 14:25:45] Iteration: 915/1000, Temp: 0.0000, Energy: -81.528097+0.002279j
[2025-04-30 14:25:58] Iteration: 916/1000, Temp: 0.0000, Energy: -81.495109-0.013513j
[2025-04-30 14:26:11] Iteration: 917/1000, Temp: 0.0000, Energy: -81.489011-0.001427j
[2025-04-30 14:26:24] Iteration: 918/1000, Temp: 0.0000, Energy: -81.461766-0.000264j
[2025-04-30 14:26:36] Iteration: 919/1000, Temp: 0.0000, Energy: -81.475810-0.010417j
[2025-04-30 14:26:49] Iteration: 920/1000, Temp: 0.0000, Energy: -81.520402-0.002147j
[2025-04-30 14:27:02] Iteration: 921/1000, Temp: 0.0000, Energy: -81.554123-0.005639j
[2025-04-30 14:27:15] Iteration: 922/1000, Temp: 0.0000, Energy: -81.490846+0.005543j
[2025-04-30 14:27:27] Iteration: 923/1000, Temp: 0.0000, Energy: -81.464822-0.001099j
[2025-04-30 14:27:40] Iteration: 924/1000, Temp: 0.0000, Energy: -81.320961-0.007707j
[2025-04-30 14:27:53] Iteration: 925/1000, Temp: 0.0000, Energy: -81.352285+0.000347j
[2025-04-30 14:28:06] Iteration: 926/1000, Temp: 0.0000, Energy: -81.358533+0.003614j
[2025-04-30 14:28:19] Iteration: 927/1000, Temp: 0.0000, Energy: -81.525195+0.009655j
[2025-04-30 14:28:31] Iteration: 928/1000, Temp: 0.0000, Energy: -81.453092-0.004169j
[2025-04-30 14:28:44] Iteration: 929/1000, Temp: 0.0000, Energy: -81.707622-0.000300j
[2025-04-30 14:28:57] Iteration: 930/1000, Temp: 0.0000, Energy: -81.474771+0.001219j
[2025-04-30 14:29:10] Iteration: 931/1000, Temp: 0.0000, Energy: -81.557648+0.007943j
[2025-04-30 14:29:23] Iteration: 932/1000, Temp: 0.0000, Energy: -81.656903-0.000156j
[2025-04-30 14:29:35] Iteration: 933/1000, Temp: 0.0000, Energy: -81.579272+0.009239j
[2025-04-30 14:29:48] Iteration: 934/1000, Temp: 0.0000, Energy: -81.480031+0.005218j
[2025-04-30 14:30:01] Iteration: 935/1000, Temp: 0.0000, Energy: -81.579339-0.000187j
[2025-04-30 14:30:14] Iteration: 936/1000, Temp: 0.0000, Energy: -81.713270+0.005111j
[2025-04-30 14:30:26] Iteration: 937/1000, Temp: 0.0000, Energy: -81.695389+0.002931j
[2025-04-30 14:30:39] Iteration: 938/1000, Temp: 0.0000, Energy: -81.414604+0.005403j
[2025-04-30 14:30:52] Iteration: 939/1000, Temp: 0.0000, Energy: -81.621530-0.001309j
[2025-04-30 14:31:05] Iteration: 940/1000, Temp: 0.0000, Energy: -81.612026+0.000635j
[2025-04-30 14:31:18] Iteration: 941/1000, Temp: 0.0000, Energy: -81.694744-0.001958j
[2025-04-30 14:31:30] Iteration: 942/1000, Temp: 0.0000, Energy: -81.694717+0.006104j
[2025-04-30 14:31:43] Iteration: 943/1000, Temp: 0.0000, Energy: -81.681880-0.000345j
[2025-04-30 14:31:56] Iteration: 944/1000, Temp: 0.0000, Energy: -81.614658+0.005415j
[2025-04-30 14:32:09] Iteration: 945/1000, Temp: 0.0000, Energy: -81.603612+0.002396j
[2025-04-30 14:32:21] Iteration: 946/1000, Temp: 0.0000, Energy: -81.536205+0.000065j
[2025-04-30 14:32:34] Iteration: 947/1000, Temp: 0.0000, Energy: -81.551523-0.000009j
[2025-04-30 14:32:47] Iteration: 948/1000, Temp: 0.0000, Energy: -81.503525+0.016162j
[2025-04-30 14:33:00] Iteration: 949/1000, Temp: 0.0000, Energy: -81.700510+0.001044j
[2025-04-30 14:33:13] Iteration: 950/1000, Temp: 0.0000, Energy: -81.662955+0.008849j
[2025-04-30 14:33:26] Iteration: 951/1000, Temp: 0.0000, Energy: -81.747677-0.002297j
[2025-04-30 14:33:38] Iteration: 952/1000, Temp: 0.0000, Energy: -81.701584-0.001182j
[2025-04-30 14:33:51] Iteration: 953/1000, Temp: 0.0000, Energy: -81.795766-0.000631j
[2025-04-30 14:34:04] Iteration: 954/1000, Temp: 0.0000, Energy: -81.766386+0.000730j
[2025-04-30 14:34:17] Iteration: 955/1000, Temp: 0.0000, Energy: -81.796858+0.008752j
[2025-04-30 14:34:30] Iteration: 956/1000, Temp: 0.0000, Energy: -81.550884+0.010862j
[2025-04-30 14:34:43] Iteration: 957/1000, Temp: 0.0000, Energy: -81.804898+0.000688j
[2025-04-30 14:34:56] Iteration: 958/1000, Temp: 0.0000, Energy: -81.605351-0.007434j
[2025-04-30 14:35:08] Iteration: 959/1000, Temp: 0.0000, Energy: -81.584871+0.003028j
[2025-04-30 14:35:21] Iteration: 960/1000, Temp: 0.0000, Energy: -81.573058+0.000170j
[2025-04-30 14:35:34] Iteration: 961/1000, Temp: 0.0000, Energy: -81.539228+0.003146j
[2025-04-30 14:35:47] Iteration: 962/1000, Temp: 0.0000, Energy: -81.626679-0.003339j
[2025-04-30 14:36:00] Iteration: 963/1000, Temp: 0.0000, Energy: -81.637939-0.001071j
[2025-04-30 14:36:12] Iteration: 964/1000, Temp: 0.0000, Energy: -81.571223+0.005237j
[2025-04-30 14:36:25] Iteration: 965/1000, Temp: 0.0000, Energy: -81.641085+0.013917j
[2025-04-30 14:36:38] Iteration: 966/1000, Temp: 0.0000, Energy: -81.745191+0.000171j
[2025-04-30 14:36:51] Iteration: 967/1000, Temp: 0.0000, Energy: -81.639475-0.006452j
[2025-04-30 14:37:04] Iteration: 968/1000, Temp: 0.0000, Energy: -81.561696-0.000672j
[2025-04-30 14:37:17] Iteration: 969/1000, Temp: 0.0000, Energy: -81.709736-0.003556j
[2025-04-30 14:37:29] Iteration: 970/1000, Temp: 0.0000, Energy: -81.660409+0.002502j
[2025-04-30 14:37:42] Iteration: 971/1000, Temp: 0.0000, Energy: -81.715104-0.002477j
[2025-04-30 14:37:55] Iteration: 972/1000, Temp: 0.0000, Energy: -81.629465+0.004939j
[2025-04-30 14:38:08] Iteration: 973/1000, Temp: 0.0000, Energy: -81.726725+0.001244j
[2025-04-30 14:38:21] Iteration: 974/1000, Temp: 0.0000, Energy: -81.458077-0.003990j
[2025-04-30 14:38:34] Iteration: 975/1000, Temp: 0.0000, Energy: -81.741651-0.008025j
[2025-04-30 14:38:46] Iteration: 976/1000, Temp: 0.0000, Energy: -81.568526-0.009696j
[2025-04-30 14:38:59] Iteration: 977/1000, Temp: 0.0000, Energy: -81.467323-0.000823j
[2025-04-30 14:39:12] Iteration: 978/1000, Temp: 0.0000, Energy: -81.549193-0.001269j
[2025-04-30 14:39:25] Iteration: 979/1000, Temp: 0.0000, Energy: -81.632254-0.009653j
[2025-04-30 14:39:38] Iteration: 980/1000, Temp: 0.0000, Energy: -81.514831-0.002763j
[2025-04-30 14:39:51] Iteration: 981/1000, Temp: 0.0000, Energy: -81.599181+0.005472j
[2025-04-30 14:40:03] Iteration: 982/1000, Temp: 0.0000, Energy: -81.739826+0.008639j
[2025-04-30 14:40:16] Iteration: 983/1000, Temp: 0.0000, Energy: -81.565626+0.009435j
[2025-04-30 14:40:29] Iteration: 984/1000, Temp: 0.0000, Energy: -81.759719-0.004266j
[2025-04-30 14:40:42] Iteration: 985/1000, Temp: 0.0000, Energy: -81.591775-0.007777j
[2025-04-30 14:40:54] Iteration: 986/1000, Temp: 0.0000, Energy: -81.671060+0.005188j
[2025-04-30 14:41:07] Iteration: 987/1000, Temp: 0.0000, Energy: -81.525072+0.007250j
[2025-04-30 14:41:20] Iteration: 988/1000, Temp: 0.0000, Energy: -81.482724-0.011382j
[2025-04-30 14:41:33] Iteration: 989/1000, Temp: 0.0000, Energy: -81.542667+0.005188j
[2025-04-30 14:41:46] Iteration: 990/1000, Temp: 0.0000, Energy: -81.668696+0.003019j
[2025-04-30 14:41:58] Iteration: 991/1000, Temp: 0.0000, Energy: -81.585862-0.001933j
[2025-04-30 14:42:06] Iteration: 992/1000, Temp: 0.0000, Energy: -81.579164-0.004240j
[2025-04-30 14:42:15] Iteration: 993/1000, Temp: 0.0000, Energy: -81.541187+0.010323j
[2025-04-30 14:42:24] Iteration: 994/1000, Temp: 0.0000, Energy: -81.641171+0.001844j
[2025-04-30 14:42:32] Iteration: 995/1000, Temp: 0.0000, Energy: -81.679295+0.002234j
[2025-04-30 14:42:41] Iteration: 996/1000, Temp: 0.0000, Energy: -81.501676-0.011933j
[2025-04-30 14:42:49] Iteration: 997/1000, Temp: 0.0000, Energy: -81.561277+0.000214j
[2025-04-30 14:42:58] Iteration: 998/1000, Temp: 0.0000, Energy: -81.465413-0.000560j
[2025-04-30 14:43:06] Iteration: 999/1000, Temp: 0.0000, Energy: -81.659777+0.002804j
[2025-04-30 14:43:06] ==================================================
[2025-04-30 14:43:06] Training finished, total runtime = 12753.00 seconds
[2025-04-30 14:43:06] Trained quantum state parameters saved to: results/L=5/J2=0.05/J1=0.06/training/GCNN_L=5_J2=0.05_J1=0.06.pkl
[2025-04-30 14:43:06] ==================================================
