[2025-04-17 06:44:31] ==================================================
[2025-04-17 06:44:31] GCNN for Shastry-Sutherland lattice
[2025-04-17 06:44:31] ==================================================
[2025-04-17 06:44:31] System parameters:
[2025-04-17 06:44:31]   - System size: L=4, N=64
[2025-04-17 06:44:31]   - System parameters: J1=0.09, J2=0.05, Q=0.95
[2025-04-17 06:44:38] --------------------------------------------------
[2025-04-17 06:44:38] Model parameters:
[2025-04-17 06:44:38]   - Number of layers = 4
[2025-04-17 06:44:38]   - Number of features = 4
[2025-04-17 06:44:38]   - Symmetries used: 128
[2025-04-17 06:44:38]   - Total parameters = 12572
[2025-04-17 06:44:38] --------------------------------------------------
[2025-04-17 06:44:38] Training parameters:
[2025-04-17 06:44:38]   - Learning rate: 0.02
[2025-04-17 06:44:38]   - Total annealing steps: 1000
[2025-04-17 06:44:38]   - Samples: 4096
[2025-04-17 06:44:38]   - Discarded samples: 0
[2025-04-17 06:44:38]   - Chunk size: 1024
[2025-04-17 06:44:38] --------------------------------------------------
[2025-04-17 06:44:38] Device status:
[2025-04-17 06:44:38]   - Number of devices: 4
[2025-04-17 06:44:38]   - Sharding: False
[2025-04-17 06:44:45] --------------------------------------------------
[2025-04-17 06:44:45] Start training...
[2025-04-17 06:45:15] Iteration: 0/1000, Temp: 0.5000, Energy: 3.278543+0.000628j
[2025-04-17 06:45:33] Iteration: 1/1000, Temp: 0.4901, Energy: 3.279055-0.000002j
[2025-04-17 06:45:50] Iteration: 2/1000, Temp: 0.4804, Energy: 3.279347+0.000650j
[2025-04-17 06:46:07] Iteration: 3/1000, Temp: 0.4709, Energy: 3.279053-0.000238j
[2025-04-17 06:46:25] Iteration: 4/1000, Temp: 0.4616, Energy: 3.278638-0.000803j
[2025-04-17 06:46:42] Iteration: 5/1000, Temp: 0.4524, Energy: 3.278781-0.000023j
[2025-04-17 06:47:00] Iteration: 6/1000, Temp: 0.4435, Energy: 3.278719+0.000412j
[2025-04-17 06:47:17] Iteration: 7/1000, Temp: 0.4347, Energy: 3.280116-0.000175j
[2025-04-17 06:47:34] Iteration: 8/1000, Temp: 0.4261, Energy: 3.277744+0.000209j
[2025-04-17 06:47:52] Iteration: 9/1000, Temp: 0.4176, Energy: 3.277343-0.000452j
[2025-04-17 06:48:09] Iteration: 10/1000, Temp: 0.4094, Energy: 3.279432-0.000596j
[2025-04-17 06:48:26] Iteration: 11/1000, Temp: 0.4013, Energy: 3.275905+0.000434j
[2025-04-17 06:48:44] Iteration: 12/1000, Temp: 0.3933, Energy: 3.277339+0.000002j
[2025-04-17 06:49:01] Iteration: 13/1000, Temp: 0.3855, Energy: 3.277890+0.000194j
[2025-04-17 06:49:18] Iteration: 14/1000, Temp: 0.3779, Energy: 3.276701-0.000291j
[2025-04-17 06:49:36] Iteration: 15/1000, Temp: 0.3704, Energy: 3.278988-0.000493j
[2025-04-17 06:49:53] Iteration: 16/1000, Temp: 0.3631, Energy: 3.277915-0.000565j
[2025-04-17 06:50:11] Iteration: 17/1000, Temp: 0.3559, Energy: 3.279681+0.000371j
[2025-04-17 06:50:28] Iteration: 18/1000, Temp: 0.3488, Energy: 3.277107+0.000156j
[2025-04-17 06:50:45] Iteration: 19/1000, Temp: 0.3419, Energy: 3.275856-0.000824j
[2025-04-17 06:51:03] Iteration: 20/1000, Temp: 0.3352, Energy: 3.276276+0.000215j
[2025-04-17 06:51:20] Iteration: 21/1000, Temp: 0.3285, Energy: 3.277476+0.000270j
[2025-04-17 06:51:37] Iteration: 22/1000, Temp: 0.3220, Energy: 3.276445-0.001184j
[2025-04-17 06:51:55] Iteration: 23/1000, Temp: 0.3156, Energy: 3.274646-0.000343j
[2025-04-17 06:52:12] Iteration: 24/1000, Temp: 0.3094, Energy: 3.274798-0.000188j
[2025-04-17 06:52:29] Iteration: 25/1000, Temp: 0.3033, Energy: 3.275185+0.000298j
[2025-04-17 06:52:47] Iteration: 26/1000, Temp: 0.2973, Energy: 3.270141-0.001221j
[2025-04-17 06:53:04] Iteration: 27/1000, Temp: 0.2914, Energy: 3.272460+0.000228j
[2025-04-17 06:53:21] Iteration: 28/1000, Temp: 0.2856, Energy: 3.273043+0.001385j
[2025-04-17 06:53:39] Iteration: 29/1000, Temp: 0.2799, Energy: 3.270636+0.000728j
[2025-04-17 06:53:56] Iteration: 30/1000, Temp: 0.2744, Energy: 3.268472+0.000330j
[2025-04-17 06:54:13] Iteration: 31/1000, Temp: 0.2690, Energy: 3.270404+0.001773j
[2025-04-17 06:54:31] Iteration: 32/1000, Temp: 0.2636, Energy: 3.267272-0.000047j
[2025-04-17 06:54:48] Iteration: 33/1000, Temp: 0.2584, Energy: 3.258934-0.002448j
[2025-04-17 06:55:05] Iteration: 34/1000, Temp: 0.2533, Energy: 3.260381+0.001181j
[2025-04-17 06:55:23] Iteration: 35/1000, Temp: 0.2483, Energy: 3.259447-0.000486j
[2025-04-17 06:55:40] Iteration: 36/1000, Temp: 0.2434, Energy: 3.255720+0.000123j
[2025-04-17 06:55:58] Iteration: 37/1000, Temp: 0.2386, Energy: 3.248249-0.000842j
[2025-04-17 06:56:15] Iteration: 38/1000, Temp: 0.2338, Energy: 3.248255+0.004451j
[2025-04-17 06:56:32] Iteration: 39/1000, Temp: 0.2292, Energy: 3.247266+0.004304j
[2025-04-17 06:56:50] Iteration: 40/1000, Temp: 0.2247, Energy: 3.233792-0.002792j
[2025-04-17 06:57:07] Iteration: 41/1000, Temp: 0.2202, Energy: 3.218975-0.004329j
[2025-04-17 06:57:24] Iteration: 42/1000, Temp: 0.2159, Energy: 3.218122+0.004120j
[2025-04-17 06:57:42] Iteration: 43/1000, Temp: 0.2116, Energy: 3.211727+0.003941j
[2025-04-17 06:57:59] Iteration: 44/1000, Temp: 0.2074, Energy: 3.183208-0.002081j
[2025-04-17 06:58:16] Iteration: 45/1000, Temp: 0.2033, Energy: 3.169984-0.004384j
[2025-04-17 06:58:34] Iteration: 46/1000, Temp: 0.1993, Energy: 3.162350+0.003844j
[2025-04-17 06:58:51] Iteration: 47/1000, Temp: 0.1953, Energy: 3.126496-0.000024j
[2025-04-17 06:59:08] Iteration: 48/1000, Temp: 0.1914, Energy: 3.104289+0.002460j
[2025-04-17 06:59:26] Iteration: 49/1000, Temp: 0.1877, Energy: 3.076729+0.000343j
[2025-04-17 06:59:43] Iteration: 50/1000, Temp: 0.1839, Energy: 3.026735-0.005632j
[2025-04-17 07:00:01] Iteration: 51/1000, Temp: 0.1803, Energy: 2.985331+0.002524j
[2025-04-17 07:00:18] Iteration: 52/1000, Temp: 0.1767, Energy: 2.946301+0.006718j
[2025-04-17 07:00:35] Iteration: 53/1000, Temp: 0.1732, Energy: 2.874118+0.010749j
[2025-04-17 07:00:53] Iteration: 54/1000, Temp: 0.1698, Energy: 2.755601-0.019089j
[2025-04-17 07:01:10] Iteration: 55/1000, Temp: 0.1664, Energy: 2.670944+0.016094j
[2025-04-17 07:01:27] Iteration: 56/1000, Temp: 0.1631, Energy: 2.577607+0.011611j
[2025-04-17 07:01:45] Iteration: 57/1000, Temp: 0.1599, Energy: 2.414636+0.016868j
[2025-04-17 07:02:02] Iteration: 58/1000, Temp: 0.1567, Energy: 2.235973+0.009939j
[2025-04-17 07:02:19] Iteration: 59/1000, Temp: 0.1536, Energy: 2.102914-0.012331j
[2025-04-17 07:02:37] Iteration: 60/1000, Temp: 0.1506, Energy: 1.850463-0.011805j
[2025-04-17 07:02:54] Iteration: 61/1000, Temp: 0.1476, Energy: 1.619639-0.020911j
[2025-04-17 07:03:11] Iteration: 62/1000, Temp: 0.1447, Energy: 1.347902-0.023919j
[2025-04-17 07:03:29] Iteration: 63/1000, Temp: 0.1418, Energy: 0.952427-0.037437j
[2025-04-17 07:03:46] Iteration: 64/1000, Temp: 0.1390, Energy: 0.707112+0.024846j
[2025-04-17 07:04:04] Iteration: 65/1000, Temp: 0.1363, Energy: 0.226583+0.004140j
[2025-04-17 07:04:21] Iteration: 66/1000, Temp: 0.1336, Energy: -0.256861-0.017637j
[2025-04-17 07:04:38] Iteration: 67/1000, Temp: 0.1309, Energy: -0.810058-0.033040j
[2025-04-17 07:04:56] Iteration: 68/1000, Temp: 0.1283, Energy: -1.416691-0.048418j
[2025-04-17 07:05:13] Iteration: 69/1000, Temp: 0.1258, Energy: -2.097205+0.044174j
[2025-04-17 07:05:30] Iteration: 70/1000, Temp: 0.1233, Energy: -2.832541-0.019892j
[2025-04-17 07:05:48] Iteration: 71/1000, Temp: 0.1209, Energy: -3.759394-0.027214j
[2025-04-17 07:06:05] Iteration: 72/1000, Temp: 0.1185, Energy: -4.733433-0.039065j
[2025-04-17 07:06:22] Iteration: 73/1000, Temp: 0.1161, Energy: -5.656229+0.039697j
[2025-04-17 07:06:40] Iteration: 74/1000, Temp: 0.1138, Energy: -6.912826-0.026372j
[2025-04-17 07:06:57] Iteration: 75/1000, Temp: 0.1116, Energy: -8.065070-0.068325j
[2025-04-17 07:07:15] Iteration: 76/1000, Temp: 0.1094, Energy: -9.236782+0.019629j
[2025-04-17 07:07:32] Iteration: 77/1000, Temp: 0.1072, Energy: -10.657283+0.025420j
[2025-04-17 07:07:49] Iteration: 78/1000, Temp: 0.1051, Energy: -11.952135-0.020853j
[2025-04-17 07:08:07] Iteration: 79/1000, Temp: 0.1030, Energy: -13.750425-0.029845j
[2025-04-17 07:08:24] Iteration: 80/1000, Temp: 0.1009, Energy: -15.246457-0.059375j
[2025-04-17 07:08:41] Iteration: 81/1000, Temp: 0.0989, Energy: -17.212484-0.036103j
[2025-04-17 07:08:59] Iteration: 82/1000, Temp: 0.0970, Energy: -18.873139+0.008637j
[2025-04-17 07:09:16] Iteration: 83/1000, Temp: 0.0951, Energy: -20.835707-0.089254j
[2025-04-17 07:09:34] Iteration: 84/1000, Temp: 0.0932, Energy: -22.698041+0.010882j
[2025-04-17 07:09:51] Iteration: 85/1000, Temp: 0.0913, Energy: -24.535307+0.038970j
[2025-04-17 07:10:08] Iteration: 86/1000, Temp: 0.0895, Energy: -26.628923+0.097939j
[2025-04-17 07:10:26] Iteration: 87/1000, Temp: 0.0878, Energy: -28.199148+0.079775j
[2025-04-17 07:10:43] Iteration: 88/1000, Temp: 0.0860, Energy: -30.032838-0.213813j
[2025-04-17 07:11:00] Iteration: 89/1000, Temp: 0.0843, Energy: -31.741254-0.070529j
[2025-04-17 07:11:18] Iteration: 90/1000, Temp: 0.0826, Energy: -33.507205+0.132086j
[2025-04-17 07:11:35] Iteration: 91/1000, Temp: 0.0810, Energy: -35.762122-0.024290j
[2025-04-17 07:11:52] Iteration: 92/1000, Temp: 0.0794, Energy: -38.579296+0.072832j
[2025-04-17 07:12:10] Iteration: 93/1000, Temp: 0.0778, Energy: -41.178989-0.063526j
[2025-04-17 07:12:27] Iteration: 94/1000, Temp: 0.0763, Energy: -43.964360+0.006935j
[2025-04-17 07:12:45] Iteration: 95/1000, Temp: 0.0748, Energy: -45.936071+0.029316j
[2025-04-17 07:13:02] Iteration: 96/1000, Temp: 0.0733, Energy: -47.303872+0.051699j
[2025-04-17 07:13:19] Iteration: 97/1000, Temp: 0.0719, Energy: -48.571536-0.014706j
[2025-04-17 07:13:37] Iteration: 98/1000, Temp: 0.0704, Energy: -49.419294+0.027147j
[2025-04-17 07:13:54] Iteration: 99/1000, Temp: 0.0690, Energy: -50.102164+0.027404j
[2025-04-17 07:14:11] Iteration: 100/1000, Temp: 0.0677, Energy: -50.494368+0.016544j
[2025-04-17 07:14:29] Iteration: 101/1000, Temp: 0.0663, Energy: -51.018353+0.005626j
[2025-04-17 07:14:46] Iteration: 102/1000, Temp: 0.0650, Energy: -51.484558+0.023591j
[2025-04-17 07:15:03] Iteration: 103/1000, Temp: 0.0637, Energy: -51.737306-0.011386j
[2025-04-17 07:15:21] Iteration: 104/1000, Temp: 0.0625, Energy: -51.868840-0.000821j
[2025-04-17 07:15:38] Iteration: 105/1000, Temp: 0.0612, Energy: -52.163871+0.026205j
[2025-04-17 07:15:55] Iteration: 106/1000, Temp: 0.0600, Energy: -52.307529-0.010426j
[2025-04-17 07:16:13] Iteration: 107/1000, Temp: 0.0588, Energy: -52.373852+0.020537j
[2025-04-17 07:16:30] Iteration: 108/1000, Temp: 0.0577, Energy: -52.624726-0.011818j
[2025-04-17 07:16:47] Iteration: 109/1000, Temp: 0.0565, Energy: -52.598508-0.014217j
[2025-04-17 07:17:05] Iteration: 110/1000, Temp: 0.0554, Energy: -52.815185+0.007603j
[2025-04-17 07:17:22] Iteration: 111/1000, Temp: 0.0543, Energy: -52.792614-0.026561j
[2025-04-17 07:17:39] Iteration: 112/1000, Temp: 0.0532, Energy: -52.720260+0.020939j
[2025-04-17 07:17:57] Iteration: 113/1000, Temp: 0.0522, Energy: -52.960696+0.008002j
[2025-04-17 07:18:14] Iteration: 114/1000, Temp: 0.0511, Energy: -52.956283-0.001963j
[2025-04-17 07:18:32] Iteration: 115/1000, Temp: 0.0501, Energy: -52.881808-0.024546j
[2025-04-17 07:18:49] Iteration: 116/1000, Temp: 0.0491, Energy: -52.936099+0.025872j
[2025-04-17 07:19:06] Iteration: 117/1000, Temp: 0.0482, Energy: -53.058929-0.008430j
[2025-04-17 07:19:24] Iteration: 118/1000, Temp: 0.0472, Energy: -53.063922-0.019948j
[2025-04-17 07:19:41] Iteration: 119/1000, Temp: 0.0463, Energy: -52.985353+0.014291j
[2025-04-17 07:19:58] Iteration: 120/1000, Temp: 0.0454, Energy: -53.125513-0.009989j
[2025-04-17 07:20:16] Iteration: 121/1000, Temp: 0.0445, Energy: -53.015459+0.009231j
[2025-04-17 07:20:33] Iteration: 122/1000, Temp: 0.0436, Energy: -53.138034+0.005078j
[2025-04-17 07:20:50] Iteration: 123/1000, Temp: 0.0427, Energy: -53.157794+0.003178j
[2025-04-17 07:21:08] Iteration: 124/1000, Temp: 0.0419, Energy: -53.199409+0.010075j
[2025-04-17 07:21:25] Iteration: 125/1000, Temp: 0.0410, Energy: -53.264304+0.015343j
[2025-04-17 07:21:42] Iteration: 126/1000, Temp: 0.0402, Energy: -53.263949-0.003276j
[2025-04-17 07:22:00] Iteration: 127/1000, Temp: 0.0394, Energy: -53.252344-0.017706j
[2025-04-17 07:22:17] Iteration: 128/1000, Temp: 0.0387, Energy: -53.259515+0.005908j
[2025-04-17 07:22:35] Iteration: 129/1000, Temp: 0.0379, Energy: -53.312255-0.002975j
[2025-04-17 07:22:52] Iteration: 130/1000, Temp: 0.0371, Energy: -53.502368-0.002845j
[2025-04-17 07:23:09] Iteration: 131/1000, Temp: 0.0364, Energy: -53.441686-0.003453j
[2025-04-17 07:23:27] Iteration: 132/1000, Temp: 0.0357, Energy: -53.299496-0.003561j
[2025-04-17 07:23:44] Iteration: 133/1000, Temp: 0.0350, Energy: -53.308380-0.003780j
[2025-04-17 07:24:01] Iteration: 134/1000, Temp: 0.0343, Energy: -53.332701+0.003932j
[2025-04-17 07:24:19] Iteration: 135/1000, Temp: 0.0336, Energy: -53.379699+0.003488j
[2025-04-17 07:24:36] Iteration: 136/1000, Temp: 0.0329, Energy: -53.433960-0.008077j
[2025-04-17 07:24:53] Iteration: 137/1000, Temp: 0.0323, Energy: -53.396327-0.028935j
[2025-04-17 07:25:11] Iteration: 138/1000, Temp: 0.0316, Energy: -53.325598+0.006836j
[2025-04-17 07:25:28] Iteration: 139/1000, Temp: 0.0310, Energy: -53.241597-0.003030j
[2025-04-17 07:25:45] Iteration: 140/1000, Temp: 0.0304, Energy: -53.420238-0.005034j
[2025-04-17 07:26:03] Iteration: 141/1000, Temp: 0.0298, Energy: -53.326302-0.005182j
[2025-04-17 07:26:20] Iteration: 142/1000, Temp: 0.0292, Energy: -53.553306-0.029311j
[2025-04-17 07:26:38] Iteration: 143/1000, Temp: 0.0286, Energy: -53.335053-0.006101j
[2025-04-17 07:26:55] Iteration: 144/1000, Temp: 0.0281, Energy: -53.328000+0.009431j
[2025-04-17 07:27:12] Iteration: 145/1000, Temp: 0.0275, Energy: -53.298037-0.017000j
[2025-04-17 07:27:30] Iteration: 146/1000, Temp: 0.0270, Energy: -53.413609-0.006747j
[2025-04-17 07:27:47] Iteration: 147/1000, Temp: 0.0264, Energy: -53.539575+0.009277j
[2025-04-17 07:28:04] Iteration: 148/1000, Temp: 0.0259, Energy: -53.558010-0.009925j
[2025-04-17 07:28:22] Iteration: 149/1000, Temp: 0.0254, Energy: -53.433084+0.012614j
[2025-04-17 07:28:39] Iteration: 150/1000, Temp: 0.0249, Energy: -53.351954-0.007584j
[2025-04-17 07:28:56] Iteration: 151/1000, Temp: 0.0244, Energy: -53.395674-0.001864j
[2025-04-17 07:29:14] Iteration: 152/1000, Temp: 0.0239, Energy: -53.525536-0.008462j
[2025-04-17 07:29:31] Iteration: 153/1000, Temp: 0.0234, Energy: -53.440076+0.012882j
[2025-04-17 07:29:48] Iteration: 154/1000, Temp: 0.0230, Energy: -53.440228+0.016838j
[2025-04-17 07:30:06] Iteration: 155/1000, Temp: 0.0225, Energy: -53.618851-0.005378j
[2025-04-17 07:30:23] Iteration: 156/1000, Temp: 0.0221, Energy: -53.484017+0.002608j
[2025-04-17 07:30:40] Iteration: 157/1000, Temp: 0.0216, Energy: -53.363414-0.002007j
[2025-04-17 07:30:58] Iteration: 158/1000, Temp: 0.0212, Energy: -53.396442+0.011791j
[2025-04-17 07:31:15] Iteration: 159/1000, Temp: 0.0208, Energy: -53.433368+0.006961j
[2025-04-17 07:31:33] Iteration: 160/1000, Temp: 0.0204, Energy: -53.575436+0.001892j
[2025-04-17 07:31:50] Iteration: 161/1000, Temp: 0.0200, Energy: -53.492846+0.000883j
[2025-04-17 07:32:07] Iteration: 162/1000, Temp: 0.0196, Energy: -53.487865+0.003559j
[2025-04-17 07:32:25] Iteration: 163/1000, Temp: 0.0192, Energy: -53.615205-0.006461j
[2025-04-17 07:32:42] Iteration: 164/1000, Temp: 0.0188, Energy: -53.523264+0.006164j
[2025-04-17 07:32:59] Iteration: 165/1000, Temp: 0.0184, Energy: -53.506465+0.007824j
[2025-04-17 07:33:17] Iteration: 166/1000, Temp: 0.0181, Energy: -53.536523-0.000271j
[2025-04-17 07:33:34] Iteration: 167/1000, Temp: 0.0177, Energy: -53.575557+0.019118j
[2025-04-17 07:33:52] Iteration: 168/1000, Temp: 0.0174, Energy: -53.443880-0.009741j
[2025-04-17 07:34:09] Iteration: 169/1000, Temp: 0.0170, Energy: -53.492486+0.005474j
[2025-04-17 07:34:26] Iteration: 170/1000, Temp: 0.0167, Energy: -53.491574-0.005316j
[2025-04-17 07:34:44] Iteration: 171/1000, Temp: 0.0164, Energy: -53.497718+0.002921j
[2025-04-17 07:35:01] Iteration: 172/1000, Temp: 0.0160, Energy: -53.413494-0.006277j
[2025-04-17 07:35:18] Iteration: 173/1000, Temp: 0.0157, Energy: -53.336272+0.003774j
[2025-04-17 07:35:36] Iteration: 174/1000, Temp: 0.0154, Energy: -53.436582-0.006415j
[2025-04-17 07:35:53] Iteration: 175/1000, Temp: 0.0151, Energy: -53.490670-0.001779j
[2025-04-17 07:36:10] Iteration: 176/1000, Temp: 0.0148, Energy: -53.608881-0.005700j
[2025-04-17 07:36:28] Iteration: 177/1000, Temp: 0.0145, Energy: -53.511700+0.008458j
[2025-04-17 07:36:45] Iteration: 178/1000, Temp: 0.0142, Energy: -53.700200-0.010826j
[2025-04-17 07:37:03] Iteration: 179/1000, Temp: 0.0139, Energy: -53.721621+0.012424j
[2025-04-17 07:37:20] Iteration: 180/1000, Temp: 0.0137, Energy: -53.621060+0.004563j
[2025-04-17 07:37:37] Iteration: 181/1000, Temp: 0.0134, Energy: -53.668767+0.004650j
[2025-04-17 07:37:55] Iteration: 182/1000, Temp: 0.0131, Energy: -53.602958-0.005650j
[2025-04-17 07:38:12] Iteration: 183/1000, Temp: 0.0129, Energy: -53.552851+0.002581j
[2025-04-17 07:38:29] Iteration: 184/1000, Temp: 0.0126, Energy: -53.579405+0.006398j
[2025-04-17 07:38:47] Iteration: 185/1000, Temp: 0.0124, Energy: -53.588809-0.002889j
[2025-04-17 07:39:04] Iteration: 186/1000, Temp: 0.0121, Energy: -53.389587-0.010778j
[2025-04-17 07:39:21] Iteration: 187/1000, Temp: 0.0119, Energy: -53.569434-0.011616j
[2025-04-17 07:39:39] Iteration: 188/1000, Temp: 0.0116, Energy: -53.554223-0.009613j
[2025-04-17 07:39:56] Iteration: 189/1000, Temp: 0.0114, Energy: -53.587946+0.009513j
[2025-04-17 07:40:13] Iteration: 190/1000, Temp: 0.0112, Energy: -53.603561-0.006164j
[2025-04-17 07:40:31] Iteration: 191/1000, Temp: 0.0110, Energy: -53.572797+0.000044j
[2025-04-17 07:40:48] Iteration: 192/1000, Temp: 0.0107, Energy: -53.504609-0.004407j
[2025-04-17 07:41:05] Iteration: 193/1000, Temp: 0.0105, Energy: -53.535053+0.007607j
[2025-04-17 07:41:23] Iteration: 194/1000, Temp: 0.0103, Energy: -53.474111-0.006461j
[2025-04-17 07:41:40] Iteration: 195/1000, Temp: 0.0101, Energy: -53.529838-0.001082j
[2025-04-17 07:41:58] Iteration: 196/1000, Temp: 0.0099, Energy: -53.552527-0.004846j
[2025-04-17 07:42:15] Iteration: 197/1000, Temp: 0.0097, Energy: -53.518587-0.006606j
[2025-04-17 07:42:32] Iteration: 198/1000, Temp: 0.0095, Energy: -53.509690+0.000955j
[2025-04-17 07:42:50] Iteration: 199/1000, Temp: 0.0093, Energy: -53.643185+0.005748j
[2025-04-17 07:43:07] Iteration: 200/1000, Temp: 0.0092, Energy: -53.601285-0.005235j
[2025-04-17 07:43:24] Iteration: 201/1000, Temp: 0.0090, Energy: -53.587758+0.000324j
[2025-04-17 07:43:42] Iteration: 202/1000, Temp: 0.0088, Energy: -53.659067+0.008510j
[2025-04-17 07:43:59] Iteration: 203/1000, Temp: 0.0086, Energy: -53.660154-0.001994j
[2025-04-17 07:44:16] Iteration: 204/1000, Temp: 0.0085, Energy: -53.736631-0.003644j
[2025-04-17 07:44:34] Iteration: 205/1000, Temp: 0.0083, Energy: -53.682343-0.000701j
[2025-04-17 07:44:51] Iteration: 206/1000, Temp: 0.0081, Energy: -53.767501+0.000953j
[2025-04-17 07:45:08] Iteration: 207/1000, Temp: 0.0080, Energy: -53.715684+0.015144j
[2025-04-17 07:45:26] Iteration: 208/1000, Temp: 0.0078, Energy: -53.643097+0.014467j
[2025-04-17 07:45:43] Iteration: 209/1000, Temp: 0.0076, Energy: -53.546877+0.004929j
[2025-04-17 07:46:00] Iteration: 210/1000, Temp: 0.0075, Energy: -53.497763+0.004548j
[2025-04-17 07:46:18] Iteration: 211/1000, Temp: 0.0073, Energy: -53.599183+0.005393j
[2025-04-17 07:46:35] Iteration: 212/1000, Temp: 0.0072, Energy: -53.574510-0.000957j
[2025-04-17 07:46:52] Iteration: 213/1000, Temp: 0.0071, Energy: -53.623252+0.001041j
[2025-04-17 07:47:10] Iteration: 214/1000, Temp: 0.0069, Energy: -53.619826+0.003423j
[2025-04-17 07:47:27] Iteration: 215/1000, Temp: 0.0068, Energy: -53.536579+0.007204j
[2025-04-17 07:47:45] Iteration: 216/1000, Temp: 0.0066, Energy: -53.635347+0.011813j
[2025-04-17 07:48:02] Iteration: 217/1000, Temp: 0.0065, Energy: -53.616256+0.003319j
[2025-04-17 07:48:19] Iteration: 218/1000, Temp: 0.0064, Energy: -53.411708-0.010893j
[2025-04-17 07:48:37] Iteration: 219/1000, Temp: 0.0063, Energy: -53.506891-0.001392j
[2025-04-17 07:48:54] Iteration: 220/1000, Temp: 0.0061, Energy: -53.614068-0.002533j
[2025-04-17 07:49:11] Iteration: 221/1000, Temp: 0.0060, Energy: -53.461031+0.006848j
[2025-04-17 07:49:29] Iteration: 222/1000, Temp: 0.0059, Energy: -53.451006+0.006823j
[2025-04-17 07:49:46] Iteration: 223/1000, Temp: 0.0058, Energy: -53.505611-0.017684j
[2025-04-17 07:50:03] Iteration: 224/1000, Temp: 0.0057, Energy: -53.626492+0.004517j
[2025-04-17 07:50:21] Iteration: 225/1000, Temp: 0.0056, Energy: -53.456794+0.002560j
[2025-04-17 07:50:38] Iteration: 226/1000, Temp: 0.0054, Energy: -53.600615+0.003416j
[2025-04-17 07:50:55] Iteration: 227/1000, Temp: 0.0053, Energy: -53.582456-0.003156j
[2025-04-17 07:51:13] Iteration: 228/1000, Temp: 0.0052, Energy: -53.510108+0.000587j
[2025-04-17 07:51:30] Iteration: 229/1000, Temp: 0.0051, Energy: -53.547828-0.006123j
[2025-04-17 07:51:47] Iteration: 230/1000, Temp: 0.0050, Energy: -53.548076-0.008299j
[2025-04-17 07:52:05] Iteration: 231/1000, Temp: 0.0049, Energy: -53.531203-0.006964j
[2025-04-17 07:52:22] Iteration: 232/1000, Temp: 0.0048, Energy: -53.617640+0.027286j
[2025-04-17 07:52:39] Iteration: 233/1000, Temp: 0.0047, Energy: -53.640618+0.009099j
[2025-04-17 07:52:57] Iteration: 234/1000, Temp: 0.0046, Energy: -53.633915+0.009824j
[2025-04-17 07:53:14] Iteration: 235/1000, Temp: 0.0045, Energy: -53.553611-0.005432j
[2025-04-17 07:53:32] Iteration: 236/1000, Temp: 0.0045, Energy: -53.595803+0.007007j
[2025-04-17 07:53:49] Iteration: 237/1000, Temp: 0.0044, Energy: -53.449054+0.007706j
[2025-04-17 07:54:06] Iteration: 238/1000, Temp: 0.0043, Energy: -53.489190-0.013196j
[2025-04-17 07:54:24] Iteration: 239/1000, Temp: 0.0042, Energy: -53.669663-0.001403j
[2025-04-17 07:54:41] Iteration: 240/1000, Temp: 0.0041, Energy: -53.593487+0.003317j
[2025-04-17 07:54:58] Iteration: 241/1000, Temp: 0.0040, Energy: -53.634677-0.008986j
[2025-04-17 07:55:16] Iteration: 242/1000, Temp: 0.0040, Energy: -53.518713+0.004907j
[2025-04-17 07:55:33] Iteration: 243/1000, Temp: 0.0039, Energy: -53.632046-0.005660j
[2025-04-17 07:55:50] Iteration: 244/1000, Temp: 0.0038, Energy: -53.643413-0.000019j
[2025-04-17 07:56:08] Iteration: 245/1000, Temp: 0.0037, Energy: -53.649102-0.010110j
[2025-04-17 07:56:25] Iteration: 246/1000, Temp: 0.0036, Energy: -53.556181-0.016594j
[2025-04-17 07:56:43] Iteration: 247/1000, Temp: 0.0036, Energy: -53.552105-0.001497j
[2025-04-17 07:57:00] Iteration: 248/1000, Temp: 0.0035, Energy: -53.537671+0.001268j
[2025-04-17 07:57:17] Iteration: 249/1000, Temp: 0.0034, Energy: -53.631910+0.005548j
[2025-04-17 07:57:35] Iteration: 250/1000, Temp: 0.0034, Energy: -53.621205-0.011805j
[2025-04-17 07:57:52] Iteration: 251/1000, Temp: 0.0033, Energy: -53.629674-0.010705j
[2025-04-17 07:58:09] Iteration: 252/1000, Temp: 0.0032, Energy: -53.649212-0.001228j
[2025-04-17 07:58:27] Iteration: 253/1000, Temp: 0.0032, Energy: -53.575187-0.008976j
[2025-04-17 07:58:44] Iteration: 254/1000, Temp: 0.0031, Energy: -53.443107-0.002384j
[2025-04-17 07:59:01] Iteration: 255/1000, Temp: 0.0030, Energy: -53.599945-0.003111j
[2025-04-17 07:59:19] Iteration: 256/1000, Temp: 0.0030, Energy: -53.646410+0.011334j
[2025-04-17 07:59:36] Iteration: 257/1000, Temp: 0.0029, Energy: -53.487938+0.005881j
[2025-04-17 07:59:53] Iteration: 258/1000, Temp: 0.0029, Energy: -53.512007+0.006927j
[2025-04-17 08:00:11] Iteration: 259/1000, Temp: 0.0028, Energy: -53.548329-0.005237j
[2025-04-17 08:00:28] Iteration: 260/1000, Temp: 0.0028, Energy: -53.586565-0.003211j
[2025-04-17 08:00:45] Iteration: 261/1000, Temp: 0.0027, Energy: -53.591461-0.000583j
[2025-04-17 08:01:03] Iteration: 262/1000, Temp: 0.0027, Energy: -53.485502+0.006752j
[2025-04-17 08:01:20] Iteration: 263/1000, Temp: 0.0026, Energy: -53.600153+0.006785j
[2025-04-17 08:01:37] Iteration: 264/1000, Temp: 0.0025, Energy: -53.681152-0.010755j
[2025-04-17 08:01:55] Iteration: 265/1000, Temp: 0.0025, Energy: -53.550587+0.012287j
[2025-04-17 08:02:12] Iteration: 266/1000, Temp: 0.0024, Energy: -53.552734+0.002801j
[2025-04-17 08:02:29] Iteration: 267/1000, Temp: 0.0024, Energy: -53.695501-0.008000j
[2025-04-17 08:02:47] Iteration: 268/1000, Temp: 0.0024, Energy: -53.491829-0.000619j
[2025-04-17 08:03:04] Iteration: 269/1000, Temp: 0.0023, Energy: -53.488149+0.002021j
[2025-04-17 08:03:22] Iteration: 270/1000, Temp: 0.0023, Energy: -53.509867-0.003559j
[2025-04-17 08:03:39] Iteration: 271/1000, Temp: 0.0022, Energy: -53.599875+0.003923j
[2025-04-17 08:03:56] Iteration: 272/1000, Temp: 0.0022, Energy: -53.534497+0.004891j
[2025-04-17 08:04:14] Iteration: 273/1000, Temp: 0.0021, Energy: -53.659284-0.010117j
[2025-04-17 08:04:31] Iteration: 274/1000, Temp: 0.0021, Energy: -53.684844+0.004335j
[2025-04-17 08:04:48] Iteration: 275/1000, Temp: 0.0020, Energy: -53.659850+0.005967j
[2025-04-17 08:05:06] Iteration: 276/1000, Temp: 0.0020, Energy: -53.624388-0.000158j
[2025-04-17 08:05:23] Iteration: 277/1000, Temp: 0.0020, Energy: -53.761545-0.007427j
[2025-04-17 08:05:40] Iteration: 278/1000, Temp: 0.0019, Energy: -53.684020-0.017952j
[2025-04-17 08:05:58] Iteration: 279/1000, Temp: 0.0019, Energy: -53.650534+0.006345j
[2025-04-17 08:06:15] Iteration: 280/1000, Temp: 0.0018, Energy: -53.515994+0.000444j
[2025-04-17 08:06:32] Iteration: 281/1000, Temp: 0.0018, Energy: -53.539035+0.010186j
[2025-04-17 08:06:50] Iteration: 282/1000, Temp: 0.0018, Energy: -53.640245-0.019195j
[2025-04-17 08:07:07] Iteration: 283/1000, Temp: 0.0017, Energy: -53.678583+0.009296j
[2025-04-17 08:07:24] Iteration: 284/1000, Temp: 0.0017, Energy: -53.577562+0.001184j
[2025-04-17 08:07:41] Iteration: 285/1000, Temp: 0.0017, Energy: -53.572234+0.000873j
[2025-04-17 08:07:59] Iteration: 286/1000, Temp: 0.0016, Energy: -53.564972+0.002197j
[2025-04-17 08:08:16] Iteration: 287/1000, Temp: 0.0016, Energy: -53.312968-0.006899j
[2025-04-17 08:08:34] Iteration: 288/1000, Temp: 0.0016, Energy: -53.470548+0.000089j
[2025-04-17 08:08:51] Iteration: 289/1000, Temp: 0.0015, Energy: -53.414044+0.009058j
[2025-04-17 08:09:08] Iteration: 290/1000, Temp: 0.0015, Energy: -53.440332+0.005320j
[2025-04-17 08:09:25] Iteration: 291/1000, Temp: 0.0015, Energy: -53.647092+0.005798j
[2025-04-17 08:09:43] Iteration: 292/1000, Temp: 0.0015, Energy: -53.569980-0.009521j
[2025-04-17 08:10:00] Iteration: 293/1000, Temp: 0.0014, Energy: -53.692243+0.008506j
[2025-04-17 08:10:17] Iteration: 294/1000, Temp: 0.0014, Energy: -53.599989+0.000511j
[2025-04-17 08:10:35] Iteration: 295/1000, Temp: 0.0014, Energy: -53.650474+0.001139j
[2025-04-17 08:10:52] Iteration: 296/1000, Temp: 0.0013, Energy: -53.701486+0.003873j
[2025-04-17 08:11:09] Iteration: 297/1000, Temp: 0.0013, Energy: -53.716756-0.002442j
[2025-04-17 08:11:27] Iteration: 298/1000, Temp: 0.0013, Energy: -53.755424-0.006471j
[2025-04-17 08:11:44] Iteration: 299/1000, Temp: 0.0013, Energy: -53.628809+0.009449j
[2025-04-17 08:12:01] Iteration: 300/1000, Temp: 0.0012, Energy: -53.608828-0.008388j
[2025-04-17 08:12:19] Iteration: 301/1000, Temp: 0.0012, Energy: -53.636292+0.005560j
[2025-04-17 08:12:36] Iteration: 302/1000, Temp: 0.0012, Energy: -53.742103-0.004414j
[2025-04-17 08:12:53] Iteration: 303/1000, Temp: 0.0012, Energy: -53.614675+0.004426j
[2025-04-17 08:13:11] Iteration: 304/1000, Temp: 0.0011, Energy: -53.617163+0.002788j
[2025-04-17 08:13:28] Iteration: 305/1000, Temp: 0.0011, Energy: -53.666562-0.006495j
[2025-04-17 08:13:45] Iteration: 306/1000, Temp: 0.0011, Energy: -53.583478-0.002362j
[2025-04-17 08:14:03] Iteration: 307/1000, Temp: 0.0011, Energy: -53.665502+0.004452j
[2025-04-17 08:14:20] Iteration: 308/1000, Temp: 0.0011, Energy: -53.634415+0.010094j
[2025-04-17 08:14:37] Iteration: 309/1000, Temp: 0.0010, Energy: -53.570822-0.003078j
[2025-04-17 08:14:55] Iteration: 310/1000, Temp: 0.0010, Energy: -53.650986-0.001753j
[2025-04-17 08:15:12] Iteration: 311/1000, Temp: 0.0010, Energy: -53.754891+0.004214j
[2025-04-17 08:15:29] Iteration: 312/1000, Temp: 0.0010, Energy: -53.677661+0.009102j
[2025-04-17 08:15:47] Iteration: 313/1000, Temp: 0.0010, Energy: -53.797514+0.002454j
[2025-04-17 08:16:04] Iteration: 314/1000, Temp: 0.0009, Energy: -53.704188-0.007376j
[2025-04-17 08:16:21] Iteration: 315/1000, Temp: 0.0009, Energy: -53.593587+0.017718j
[2025-04-17 08:16:39] Iteration: 316/1000, Temp: 0.0009, Energy: -53.590200-0.014201j
[2025-04-17 08:16:56] Iteration: 317/1000, Temp: 0.0009, Energy: -53.659117+0.007045j
[2025-04-17 08:17:13] Iteration: 318/1000, Temp: 0.0009, Energy: -53.610442+0.002437j
[2025-04-17 08:17:31] Iteration: 319/1000, Temp: 0.0008, Energy: -53.550180-0.005272j
[2025-04-17 08:17:48] Iteration: 320/1000, Temp: 0.0008, Energy: -53.593088-0.000457j
[2025-04-17 08:18:05] Iteration: 321/1000, Temp: 0.0008, Energy: -53.616045-0.014021j
[2025-04-17 08:18:23] Iteration: 322/1000, Temp: 0.0008, Energy: -53.684542+0.007305j
[2025-04-17 08:18:40] Iteration: 323/1000, Temp: 0.0008, Energy: -53.551185-0.002778j
[2025-04-17 08:18:58] Iteration: 324/1000, Temp: 0.0008, Energy: -53.553984-0.003283j
[2025-04-17 08:19:15] Iteration: 325/1000, Temp: 0.0008, Energy: -53.541951-0.005426j
[2025-04-17 08:19:32] Iteration: 326/1000, Temp: 0.0007, Energy: -53.589061-0.001295j
[2025-04-17 08:19:50] Iteration: 327/1000, Temp: 0.0007, Energy: -53.685828+0.011087j
[2025-04-17 08:20:07] Iteration: 328/1000, Temp: 0.0007, Energy: -53.596353+0.014332j
[2025-04-17 08:20:24] Iteration: 329/1000, Temp: 0.0007, Energy: -53.766767-0.010313j
[2025-04-17 08:20:42] Iteration: 330/1000, Temp: 0.0007, Energy: -53.736440+0.002096j
[2025-04-17 08:20:59] Iteration: 331/1000, Temp: 0.0007, Energy: -53.619189-0.003938j
[2025-04-17 08:21:16] Iteration: 332/1000, Temp: 0.0007, Energy: -53.732816-0.003377j
[2025-04-17 08:21:34] Iteration: 333/1000, Temp: 0.0006, Energy: -53.715593-0.001271j
[2025-04-17 08:21:51] Iteration: 334/1000, Temp: 0.0006, Energy: -53.773667-0.005348j
[2025-04-17 08:22:08] Iteration: 335/1000, Temp: 0.0006, Energy: -53.863797-0.007443j
[2025-04-17 08:22:26] Iteration: 336/1000, Temp: 0.0006, Energy: -53.757532-0.002279j
[2025-04-17 08:22:43] Iteration: 337/1000, Temp: 0.0006, Energy: -53.612359-0.010387j
[2025-04-17 08:23:00] Iteration: 338/1000, Temp: 0.0006, Energy: -53.562609-0.000140j
[2025-04-17 08:23:18] Iteration: 339/1000, Temp: 0.0006, Energy: -53.679323-0.000947j
[2025-04-17 08:23:35] Iteration: 340/1000, Temp: 0.0006, Energy: -53.553152+0.004512j
[2025-04-17 08:23:52] Iteration: 341/1000, Temp: 0.0005, Energy: -53.653433+0.001996j
[2025-04-17 08:24:10] Iteration: 342/1000, Temp: 0.0005, Energy: -53.471764-0.008119j
[2025-04-17 08:24:27] Iteration: 343/1000, Temp: 0.0005, Energy: -53.621397+0.005286j
[2025-04-17 08:24:44] Iteration: 344/1000, Temp: 0.0005, Energy: -53.624766-0.012708j
[2025-04-17 08:25:01] Iteration: 345/1000, Temp: 0.0005, Energy: -53.621626+0.004572j
[2025-04-17 08:25:19] Iteration: 346/1000, Temp: 0.0005, Energy: -53.655611+0.003239j
[2025-04-17 08:25:36] Iteration: 347/1000, Temp: 0.0005, Energy: -53.566868+0.002904j
[2025-04-17 08:25:54] Iteration: 348/1000, Temp: 0.0005, Energy: -53.665614-0.012266j
[2025-04-17 08:26:11] Iteration: 349/1000, Temp: 0.0005, Energy: -53.737812+0.007058j
[2025-04-17 08:26:28] Iteration: 350/1000, Temp: 0.0005, Energy: -53.645227-0.002827j
[2025-04-17 08:26:46] Iteration: 351/1000, Temp: 0.0004, Energy: -53.588998-0.008786j
[2025-04-17 08:27:03] Iteration: 352/1000, Temp: 0.0004, Energy: -53.527370-0.014282j
[2025-04-17 08:27:20] Iteration: 353/1000, Temp: 0.0004, Energy: -53.611128+0.006421j
[2025-04-17 08:27:38] Iteration: 354/1000, Temp: 0.0004, Energy: -53.608948+0.006650j
[2025-04-17 08:27:55] Iteration: 355/1000, Temp: 0.0004, Energy: -53.655122-0.000555j
[2025-04-17 08:28:12] Iteration: 356/1000, Temp: 0.0004, Energy: -53.659660-0.007994j
[2025-04-17 08:28:30] Iteration: 357/1000, Temp: 0.0004, Energy: -53.713427-0.000175j
[2025-04-17 08:28:47] Iteration: 358/1000, Temp: 0.0004, Energy: -53.738394-0.007772j
[2025-04-17 08:29:04] Iteration: 359/1000, Temp: 0.0004, Energy: -53.710446+0.010270j
[2025-04-17 08:29:21] Iteration: 360/1000, Temp: 0.0004, Energy: -53.745248-0.011074j
[2025-04-17 08:29:39] Iteration: 361/1000, Temp: 0.0004, Energy: -53.815085-0.006763j
[2025-04-17 08:29:56] Iteration: 362/1000, Temp: 0.0004, Energy: -53.716048-0.005676j
[2025-04-17 08:30:14] Iteration: 363/1000, Temp: 0.0004, Energy: -53.667253+0.006718j
[2025-04-17 08:30:31] Iteration: 364/1000, Temp: 0.0003, Energy: -53.724340-0.001715j
[2025-04-17 08:30:48] Iteration: 365/1000, Temp: 0.0003, Energy: -53.868211-0.003646j
[2025-04-17 08:31:05] Iteration: 366/1000, Temp: 0.0003, Energy: -53.714544-0.002475j
[2025-04-17 08:31:23] Iteration: 367/1000, Temp: 0.0003, Energy: -53.761577-0.004239j
[2025-04-17 08:31:40] Iteration: 368/1000, Temp: 0.0003, Energy: -53.700096+0.002498j
[2025-04-17 08:31:58] Iteration: 369/1000, Temp: 0.0003, Energy: -53.803779-0.008133j
[2025-04-17 08:32:15] Iteration: 370/1000, Temp: 0.0003, Energy: -53.869394-0.000774j
[2025-04-17 08:32:32] Iteration: 371/1000, Temp: 0.0003, Energy: -53.649875+0.009668j
[2025-04-17 08:32:50] Iteration: 372/1000, Temp: 0.0003, Energy: -53.654053-0.006509j
[2025-04-17 08:33:07] Iteration: 373/1000, Temp: 0.0003, Energy: -53.579583-0.010883j
[2025-04-17 08:33:24] Iteration: 374/1000, Temp: 0.0003, Energy: -53.708023+0.012208j
[2025-04-17 08:33:41] Iteration: 375/1000, Temp: 0.0003, Energy: -53.727761+0.006978j
[2025-04-17 08:33:59] Iteration: 376/1000, Temp: 0.0003, Energy: -53.667658-0.006897j
[2025-04-17 08:34:16] Iteration: 377/1000, Temp: 0.0003, Energy: -53.622130-0.003124j
[2025-04-17 08:34:34] Iteration: 378/1000, Temp: 0.0003, Energy: -53.723839+0.006791j
[2025-04-17 08:34:51] Iteration: 379/1000, Temp: 0.0003, Energy: -53.735057-0.004072j
[2025-04-17 08:35:08] Iteration: 380/1000, Temp: 0.0003, Energy: -53.724216+0.008262j
[2025-04-17 08:35:25] Iteration: 381/1000, Temp: 0.0002, Energy: -53.801025+0.005508j
[2025-04-17 08:35:43] Iteration: 382/1000, Temp: 0.0002, Energy: -53.696717-0.002513j
[2025-04-17 08:36:00] Iteration: 383/1000, Temp: 0.0002, Energy: -53.687144-0.000151j
[2025-04-17 08:36:17] Iteration: 384/1000, Temp: 0.0002, Energy: -53.600637-0.003299j
[2025-04-17 08:36:35] Iteration: 385/1000, Temp: 0.0002, Energy: -53.741027-0.006748j
[2025-04-17 08:36:52] Iteration: 386/1000, Temp: 0.0002, Energy: -53.789306+0.001080j
[2025-04-17 08:37:09] Iteration: 387/1000, Temp: 0.0002, Energy: -53.705118+0.002242j
[2025-04-17 08:37:27] Iteration: 388/1000, Temp: 0.0002, Energy: -53.811726+0.005393j
[2025-04-17 08:37:44] Iteration: 389/1000, Temp: 0.0002, Energy: -53.614906-0.006647j
[2025-04-17 08:38:01] Iteration: 390/1000, Temp: 0.0002, Energy: -53.610101+0.010745j
[2025-04-17 08:38:19] Iteration: 391/1000, Temp: 0.0002, Energy: -53.595989-0.011293j
[2025-04-17 08:38:36] Iteration: 392/1000, Temp: 0.0002, Energy: -53.616597+0.000292j
[2025-04-17 08:38:53] Iteration: 393/1000, Temp: 0.0002, Energy: -53.682470+0.008891j
[2025-04-17 08:39:11] Iteration: 394/1000, Temp: 0.0002, Energy: -53.689801-0.001968j
[2025-04-17 08:39:28] Iteration: 395/1000, Temp: 0.0002, Energy: -53.694552+0.009422j
[2025-04-17 08:39:45] Iteration: 396/1000, Temp: 0.0002, Energy: -53.796355+0.003063j
[2025-04-17 08:40:03] Iteration: 397/1000, Temp: 0.0002, Energy: -53.770793-0.003334j
[2025-04-17 08:40:20] Iteration: 398/1000, Temp: 0.0002, Energy: -53.807218-0.006003j
[2025-04-17 08:40:37] Iteration: 399/1000, Temp: 0.0002, Energy: -53.665700-0.008437j
[2025-04-17 08:40:55] Iteration: 400/1000, Temp: 0.0002, Energy: -53.729176+0.010100j
[2025-04-17 08:41:12] Iteration: 401/1000, Temp: 0.0002, Energy: -53.710721+0.012919j
[2025-04-17 08:41:29] Iteration: 402/1000, Temp: 0.0002, Energy: -53.777538-0.004118j
[2025-04-17 08:41:47] Iteration: 403/1000, Temp: 0.0002, Energy: -53.682608-0.005146j
[2025-04-17 08:42:04] Iteration: 404/1000, Temp: 0.0002, Energy: -53.703174+0.018333j
[2025-04-17 08:42:21] Iteration: 405/1000, Temp: 0.0002, Energy: -53.659231+0.001269j
[2025-04-17 08:42:39] Iteration: 406/1000, Temp: 0.0001, Energy: -53.705265-0.005470j
[2025-04-17 08:42:56] Iteration: 407/1000, Temp: 0.0001, Energy: -53.860089+0.007800j
[2025-04-17 08:43:13] Iteration: 408/1000, Temp: 0.0001, Energy: -53.747054+0.004159j
[2025-04-17 08:43:31] Iteration: 409/1000, Temp: 0.0001, Energy: -53.764140+0.007800j
[2025-04-17 08:43:48] Iteration: 410/1000, Temp: 0.0001, Energy: -53.711576-0.006438j
[2025-04-17 08:44:05] Iteration: 411/1000, Temp: 0.0001, Energy: -53.817353-0.005832j
[2025-04-17 08:44:23] Iteration: 412/1000, Temp: 0.0001, Energy: -53.633908-0.000798j
[2025-04-17 08:44:40] Iteration: 413/1000, Temp: 0.0001, Energy: -53.686231-0.009663j
[2025-04-17 08:44:58] Iteration: 414/1000, Temp: 0.0001, Energy: -53.700531+0.008568j
[2025-04-17 08:45:15] Iteration: 415/1000, Temp: 0.0001, Energy: -53.713195+0.007697j
[2025-04-17 08:45:32] Iteration: 416/1000, Temp: 0.0001, Energy: -53.764705+0.007910j
[2025-04-17 08:45:50] Iteration: 417/1000, Temp: 0.0001, Energy: -53.754852-0.000717j
[2025-04-17 08:46:07] Iteration: 418/1000, Temp: 0.0001, Energy: -53.790385-0.005677j
[2025-04-17 08:46:24] Iteration: 419/1000, Temp: 0.0001, Energy: -53.726808+0.000175j
[2025-04-17 08:46:42] Iteration: 420/1000, Temp: 0.0001, Energy: -53.680197+0.003633j
[2025-04-17 08:46:59] Iteration: 421/1000, Temp: 0.0001, Energy: -53.685806-0.001978j
[2025-04-17 08:47:16] Iteration: 422/1000, Temp: 0.0001, Energy: -53.682216-0.014025j
[2025-04-17 08:47:34] Iteration: 423/1000, Temp: 0.0001, Energy: -53.584973-0.008612j
[2025-04-17 08:47:51] Iteration: 424/1000, Temp: 0.0001, Energy: -53.741025-0.004305j
[2025-04-17 08:48:08] Iteration: 425/1000, Temp: 0.0001, Energy: -53.512874-0.003399j
[2025-04-17 08:48:26] Iteration: 426/1000, Temp: 0.0001, Energy: -53.610807+0.000523j
[2025-04-17 08:48:43] Iteration: 427/1000, Temp: 0.0001, Energy: -53.666609+0.001895j
[2025-04-17 08:49:01] Iteration: 428/1000, Temp: 0.0001, Energy: -53.661539-0.009725j
[2025-04-17 08:49:18] Iteration: 429/1000, Temp: 0.0001, Energy: -53.701400-0.006335j
[2025-04-17 08:49:35] Iteration: 430/1000, Temp: 0.0001, Energy: -53.673715+0.003578j
[2025-04-17 08:49:53] Iteration: 431/1000, Temp: 0.0001, Energy: -53.611981-0.005270j
[2025-04-17 08:50:10] Iteration: 432/1000, Temp: 0.0001, Energy: -53.659913+0.000624j
[2025-04-17 08:50:27] Iteration: 433/1000, Temp: 0.0001, Energy: -53.592810-0.006587j
[2025-04-17 08:50:45] Iteration: 434/1000, Temp: 0.0001, Energy: -53.666242+0.010437j
[2025-04-17 08:51:02] Iteration: 435/1000, Temp: 0.0001, Energy: -53.588148-0.003737j
[2025-04-17 08:51:19] Iteration: 436/1000, Temp: 0.0001, Energy: -53.609019+0.001119j
[2025-04-17 08:51:37] Iteration: 437/1000, Temp: 0.0001, Energy: -53.601668-0.000594j
[2025-04-17 08:51:54] Iteration: 438/1000, Temp: 0.0001, Energy: -53.768261+0.009449j
[2025-04-17 08:52:11] Iteration: 439/1000, Temp: 0.0001, Energy: -53.620764+0.002104j
[2025-04-17 08:52:29] Iteration: 440/1000, Temp: 0.0001, Energy: -53.612204-0.008362j
[2025-04-17 08:52:46] Iteration: 441/1000, Temp: 0.0001, Energy: -53.670052-0.006623j
[2025-04-17 08:53:03] Iteration: 442/1000, Temp: 0.0001, Energy: -53.655355-0.016927j
[2025-04-17 08:53:20] Iteration: 443/1000, Temp: 0.0001, Energy: -53.621822-0.002974j
[2025-04-17 08:53:38] Iteration: 444/1000, Temp: 0.0001, Energy: -53.659782-0.000251j
[2025-04-17 08:53:55] Iteration: 445/1000, Temp: 0.0001, Energy: -53.590035+0.007134j
[2025-04-17 08:54:12] Iteration: 446/1000, Temp: 0.0001, Energy: -53.548504+0.004026j
[2025-04-17 08:54:30] Iteration: 447/1000, Temp: 0.0001, Energy: -53.677355+0.009266j
[2025-04-17 08:54:47] Iteration: 448/1000, Temp: 0.0001, Energy: -53.661533+0.000803j
[2025-04-17 08:55:04] Iteration: 449/1000, Temp: 0.0001, Energy: -53.631396+0.001592j
[2025-04-17 08:55:22] Iteration: 450/1000, Temp: 0.0001, Energy: -53.746576-0.001780j
[2025-04-17 08:55:39] Iteration: 451/1000, Temp: 0.0001, Energy: -53.766088-0.005459j
[2025-04-17 08:55:56] Iteration: 452/1000, Temp: 0.0001, Energy: -53.765304-0.004932j
[2025-04-17 08:56:14] Iteration: 453/1000, Temp: 0.0001, Energy: -53.680158-0.013010j
[2025-04-17 08:56:31] Iteration: 454/1000, Temp: 0.0001, Energy: -53.676149+0.004579j
[2025-04-17 08:56:48] Iteration: 455/1000, Temp: 0.0001, Energy: -53.719290+0.000306j
[2025-04-17 08:57:06] Iteration: 456/1000, Temp: 0.0001, Energy: -53.556331+0.002239j
[2025-04-17 08:57:23] Iteration: 457/1000, Temp: 0.0001, Energy: -53.656631-0.007443j
[2025-04-17 08:57:40] Iteration: 458/1000, Temp: 0.0001, Energy: -53.505915-0.000033j
[2025-04-17 08:57:58] Iteration: 459/1000, Temp: 0.0001, Energy: -53.605513-0.003500j
[2025-04-17 08:58:15] Iteration: 460/1000, Temp: 0.0001, Energy: -53.575176+0.003073j
[2025-04-17 08:58:33] Iteration: 461/1000, Temp: 0.0000, Energy: -53.752604+0.003252j
[2025-04-17 08:58:50] Iteration: 462/1000, Temp: 0.0000, Energy: -53.671090+0.003318j
[2025-04-17 08:59:07] Iteration: 463/1000, Temp: 0.0000, Energy: -53.686784+0.003147j
[2025-04-17 08:59:24] Iteration: 464/1000, Temp: 0.0000, Energy: -53.786613-0.001424j
[2025-04-17 08:59:42] Iteration: 465/1000, Temp: 0.0000, Energy: -53.560195-0.001039j
[2025-04-17 08:59:59] Iteration: 466/1000, Temp: 0.0000, Energy: -53.736638+0.004280j
[2025-04-17 09:00:16] Iteration: 467/1000, Temp: 0.0000, Energy: -53.631272-0.003048j
[2025-04-17 09:00:34] Iteration: 468/1000, Temp: 0.0000, Energy: -53.433616+0.003214j
[2025-04-17 09:00:51] Iteration: 469/1000, Temp: 0.0000, Energy: -53.545660+0.010612j
[2025-04-17 09:01:08] Iteration: 470/1000, Temp: 0.0000, Energy: -53.692981+0.007991j
[2025-04-17 09:01:26] Iteration: 471/1000, Temp: 0.0000, Energy: -53.730109+0.001568j
[2025-04-17 09:01:43] Iteration: 472/1000, Temp: 0.0000, Energy: -53.697093+0.012464j
[2025-04-17 09:02:00] Iteration: 473/1000, Temp: 0.0000, Energy: -53.574698-0.003220j
[2025-04-17 09:02:18] Iteration: 474/1000, Temp: 0.0000, Energy: -53.608198-0.000894j
[2025-04-17 09:02:35] Iteration: 475/1000, Temp: 0.0000, Energy: -53.495256-0.000178j
[2025-04-17 09:02:52] Iteration: 476/1000, Temp: 0.0000, Energy: -53.602643-0.010883j
[2025-04-17 09:03:10] Iteration: 477/1000, Temp: 0.0000, Energy: -53.557727+0.004352j
[2025-04-17 09:03:27] Iteration: 478/1000, Temp: 0.0000, Energy: -53.506864-0.000741j
[2025-04-17 09:03:44] Iteration: 479/1000, Temp: 0.0000, Energy: -53.604643+0.001244j
[2025-04-17 09:04:02] Iteration: 480/1000, Temp: 0.0000, Energy: -53.544195+0.000711j
[2025-04-17 09:04:19] Iteration: 481/1000, Temp: 0.0000, Energy: -53.697385-0.002714j
[2025-04-17 09:04:37] Iteration: 482/1000, Temp: 0.0000, Energy: -53.683324+0.000359j
[2025-04-17 09:04:54] Iteration: 483/1000, Temp: 0.0000, Energy: -53.694210-0.001968j
[2025-04-17 09:05:11] Iteration: 484/1000, Temp: 0.0000, Energy: -53.624436+0.003989j
[2025-04-17 09:05:28] Iteration: 485/1000, Temp: 0.0000, Energy: -53.637679-0.000651j
[2025-04-17 09:05:46] Iteration: 486/1000, Temp: 0.0000, Energy: -53.667347-0.006822j
[2025-04-17 09:06:03] Iteration: 487/1000, Temp: 0.0000, Energy: -53.802443-0.000726j
[2025-04-17 09:06:20] Iteration: 488/1000, Temp: 0.0000, Energy: -53.769413-0.006020j
[2025-04-17 09:06:38] Iteration: 489/1000, Temp: 0.0000, Energy: -53.602303+0.003856j
[2025-04-17 09:06:55] Iteration: 490/1000, Temp: 0.0000, Energy: -53.720213+0.003365j
[2025-04-17 09:07:13] Iteration: 491/1000, Temp: 0.0000, Energy: -53.769692+0.004360j
[2025-04-17 09:07:30] Iteration: 492/1000, Temp: 0.0000, Energy: -53.667046+0.003232j
[2025-04-17 09:07:47] Iteration: 493/1000, Temp: 0.0000, Energy: -53.660987+0.008708j
[2025-04-17 09:08:05] Iteration: 494/1000, Temp: 0.0000, Energy: -53.518659+0.008578j
[2025-04-17 09:08:22] Iteration: 495/1000, Temp: 0.0000, Energy: -53.671125+0.003316j
[2025-04-17 09:08:39] Iteration: 496/1000, Temp: 0.0000, Energy: -53.675782-0.000818j
[2025-04-17 09:08:57] Iteration: 497/1000, Temp: 0.0000, Energy: -53.684431-0.001540j
[2025-04-17 09:09:14] Iteration: 498/1000, Temp: 0.0000, Energy: -53.658181+0.005637j
[2025-04-17 09:09:31] Iteration: 499/1000, Temp: 0.0000, Energy: -53.572611-0.005348j
[2025-04-17 09:09:49] Iteration: 500/1000, Temp: 0.0000, Energy: -53.589878-0.007206j
[2025-04-17 09:10:06] Iteration: 501/1000, Temp: 0.0000, Energy: -53.700868-0.009835j
[2025-04-17 09:10:23] Iteration: 502/1000, Temp: 0.0000, Energy: -53.653355-0.002598j
[2025-04-17 09:10:41] Iteration: 503/1000, Temp: 0.0000, Energy: -53.616913+0.005596j
[2025-04-17 09:10:58] Iteration: 504/1000, Temp: 0.0000, Energy: -53.565995-0.001557j
[2025-04-17 09:11:16] Iteration: 505/1000, Temp: 0.0000, Energy: -53.574752-0.002795j
[2025-04-17 09:11:33] Iteration: 506/1000, Temp: 0.0000, Energy: -53.572377+0.001943j
[2025-04-17 09:11:50] Iteration: 507/1000, Temp: 0.0000, Energy: -53.686721-0.006211j
[2025-04-17 09:12:08] Iteration: 508/1000, Temp: 0.0000, Energy: -53.613767+0.001452j
[2025-04-17 09:12:25] Iteration: 509/1000, Temp: 0.0000, Energy: -53.570099-0.004289j
[2025-04-17 09:12:42] Iteration: 510/1000, Temp: 0.0000, Energy: -53.547408+0.008340j
[2025-04-17 09:13:00] Iteration: 511/1000, Temp: 0.0000, Energy: -53.566138-0.006257j
[2025-04-17 09:13:17] Iteration: 512/1000, Temp: 0.0000, Energy: -53.657304-0.011516j
[2025-04-17 09:13:34] Iteration: 513/1000, Temp: 0.0000, Energy: -53.572621-0.007814j
[2025-04-17 09:13:52] Iteration: 514/1000, Temp: 0.0000, Energy: -53.638621+0.002029j
[2025-04-17 09:14:09] Iteration: 515/1000, Temp: 0.0000, Energy: -53.677117-0.005406j
[2025-04-17 09:14:26] Iteration: 516/1000, Temp: 0.0000, Energy: -53.619657+0.003458j
[2025-04-17 09:14:44] Iteration: 517/1000, Temp: 0.0000, Energy: -53.598138+0.002542j
[2025-04-17 09:15:01] Iteration: 518/1000, Temp: 0.0000, Energy: -53.709118+0.004817j
[2025-04-17 09:15:18] Iteration: 519/1000, Temp: 0.0000, Energy: -53.744826-0.010646j
[2025-04-17 09:15:36] Iteration: 520/1000, Temp: 0.0000, Energy: -53.592968+0.012298j
[2025-04-17 09:15:53] Iteration: 521/1000, Temp: 0.0000, Energy: -53.685480-0.001158j
[2025-04-17 09:16:10] Iteration: 522/1000, Temp: 0.0000, Energy: -53.753711-0.000146j
[2025-04-17 09:16:28] Iteration: 523/1000, Temp: 0.0000, Energy: -53.714109+0.009583j
[2025-04-17 09:16:45] Iteration: 524/1000, Temp: 0.0000, Energy: -53.711024-0.002010j
[2025-04-17 09:17:03] Iteration: 525/1000, Temp: 0.0000, Energy: -53.730013-0.005638j
[2025-04-17 09:17:20] Iteration: 526/1000, Temp: 0.0000, Energy: -53.692051+0.000242j
[2025-04-17 09:17:37] Iteration: 527/1000, Temp: 0.0000, Energy: -53.742227-0.001814j
[2025-04-17 09:17:55] Iteration: 528/1000, Temp: 0.0000, Energy: -53.756803-0.004036j
[2025-04-17 09:18:12] Iteration: 529/1000, Temp: 0.0000, Energy: -53.585603-0.001438j
[2025-04-17 09:18:29] Iteration: 530/1000, Temp: 0.0000, Energy: -53.659732+0.002941j
[2025-04-17 09:18:47] Iteration: 531/1000, Temp: 0.0000, Energy: -53.478458-0.006057j
[2025-04-17 09:19:04] Iteration: 532/1000, Temp: 0.0000, Energy: -53.550942+0.006000j
[2025-04-17 09:19:21] Iteration: 533/1000, Temp: 0.0000, Energy: -53.710967+0.008459j
[2025-04-17 09:19:39] Iteration: 534/1000, Temp: 0.0000, Energy: -53.750547-0.006869j
[2025-04-17 09:19:56] Iteration: 535/1000, Temp: 0.0000, Energy: -53.775542+0.005883j
[2025-04-17 09:20:13] Iteration: 536/1000, Temp: 0.0000, Energy: -53.786613-0.011772j
[2025-04-17 09:20:31] Iteration: 537/1000, Temp: 0.0000, Energy: -53.691213+0.009870j
[2025-04-17 09:20:48] Iteration: 538/1000, Temp: 0.0000, Energy: -53.724442-0.000942j
[2025-04-17 09:21:06] Iteration: 539/1000, Temp: 0.0000, Energy: -53.703955+0.002445j
[2025-04-17 09:21:23] Iteration: 540/1000, Temp: 0.0000, Energy: -53.670632+0.000091j
[2025-04-17 09:21:40] Iteration: 541/1000, Temp: 0.0000, Energy: -53.689649+0.007274j
[2025-04-17 09:21:58] Iteration: 542/1000, Temp: 0.0000, Energy: -53.600260+0.002139j
[2025-04-17 09:22:15] Iteration: 543/1000, Temp: 0.0000, Energy: -53.635647+0.000996j
[2025-04-17 09:22:32] Iteration: 544/1000, Temp: 0.0000, Energy: -53.678015-0.003441j
[2025-04-17 09:22:50] Iteration: 545/1000, Temp: 0.0000, Energy: -53.548466+0.000616j
[2025-04-17 09:23:07] Iteration: 546/1000, Temp: 0.0000, Energy: -53.618063+0.000708j
[2025-04-17 09:23:24] Iteration: 547/1000, Temp: 0.0000, Energy: -53.687670+0.005664j
[2025-04-17 09:23:42] Iteration: 548/1000, Temp: 0.0000, Energy: -53.547849+0.011555j
[2025-04-17 09:23:59] Iteration: 549/1000, Temp: 0.0000, Energy: -53.566398-0.000753j
[2025-04-17 09:24:16] Iteration: 550/1000, Temp: 0.0000, Energy: -53.630148-0.008061j
[2025-04-17 09:24:34] Iteration: 551/1000, Temp: 0.0000, Energy: -53.547703+0.002883j
[2025-04-17 09:24:51] Iteration: 552/1000, Temp: 0.0000, Energy: -53.599525-0.000762j
[2025-04-17 09:25:08] Iteration: 553/1000, Temp: 0.0000, Energy: -53.579360+0.005111j
[2025-04-17 09:25:26] Iteration: 554/1000, Temp: 0.0000, Energy: -53.512282-0.005289j
[2025-04-17 09:25:43] Iteration: 555/1000, Temp: 0.0000, Energy: -53.548075-0.000095j
[2025-04-17 09:26:00] Iteration: 556/1000, Temp: 0.0000, Energy: -53.547966-0.005898j
[2025-04-17 09:26:18] Iteration: 557/1000, Temp: 0.0000, Energy: -53.701535+0.003707j
[2025-04-17 09:26:35] Iteration: 558/1000, Temp: 0.0000, Energy: -53.700598+0.000788j
[2025-04-17 09:26:53] Iteration: 559/1000, Temp: 0.0000, Energy: -53.565489-0.003343j
[2025-04-17 09:27:10] Iteration: 560/1000, Temp: 0.0000, Energy: -53.678776+0.001977j
[2025-04-17 09:27:27] Iteration: 561/1000, Temp: 0.0000, Energy: -53.629565-0.003622j
[2025-04-17 09:27:45] Iteration: 562/1000, Temp: 0.0000, Energy: -53.613329-0.003732j
[2025-04-17 09:28:02] Iteration: 563/1000, Temp: 0.0000, Energy: -53.642668-0.002080j
[2025-04-17 09:28:19] Iteration: 564/1000, Temp: 0.0000, Energy: -53.712537+0.005245j
[2025-04-17 09:28:37] Iteration: 565/1000, Temp: 0.0000, Energy: -53.696088-0.004731j
[2025-04-17 09:28:54] Iteration: 566/1000, Temp: 0.0000, Energy: -53.597605-0.005045j
[2025-04-17 09:29:11] Iteration: 567/1000, Temp: 0.0000, Energy: -53.579025+0.002916j
[2025-04-17 09:29:29] Iteration: 568/1000, Temp: 0.0000, Energy: -53.515814-0.012052j
[2025-04-17 09:29:46] Iteration: 569/1000, Temp: 0.0000, Energy: -53.702492+0.005893j
[2025-04-17 09:30:04] Iteration: 570/1000, Temp: 0.0000, Energy: -53.718401-0.011338j
[2025-04-17 09:30:21] Iteration: 571/1000, Temp: 0.0000, Energy: -53.533250+0.002585j
[2025-04-17 09:30:38] Iteration: 572/1000, Temp: 0.0000, Energy: -53.720351-0.001486j
[2025-04-17 09:30:56] Iteration: 573/1000, Temp: 0.0000, Energy: -53.583907+0.003231j
[2025-04-17 09:31:13] Iteration: 574/1000, Temp: 0.0000, Energy: -53.638809-0.007119j
[2025-04-17 09:31:30] Iteration: 575/1000, Temp: 0.0000, Energy: -53.640439+0.004975j
[2025-04-17 09:31:48] Iteration: 576/1000, Temp: 0.0000, Energy: -53.655544+0.003288j
[2025-04-17 09:32:05] Iteration: 577/1000, Temp: 0.0000, Energy: -53.706938+0.006001j
[2025-04-17 09:32:22] Iteration: 578/1000, Temp: 0.0000, Energy: -53.598242+0.005688j
[2025-04-17 09:32:40] Iteration: 579/1000, Temp: 0.0000, Energy: -53.678780-0.003075j
[2025-04-17 09:32:57] Iteration: 580/1000, Temp: 0.0000, Energy: -53.571254-0.015263j
[2025-04-17 09:33:14] Iteration: 581/1000, Temp: 0.0000, Energy: -53.639243-0.001573j
[2025-04-17 09:33:32] Iteration: 582/1000, Temp: 0.0000, Energy: -53.662357-0.000895j
[2025-04-17 09:33:49] Iteration: 583/1000, Temp: 0.0000, Energy: -53.723985+0.003209j
[2025-04-17 09:34:07] Iteration: 584/1000, Temp: 0.0000, Energy: -53.733090-0.006243j
[2025-04-17 09:34:24] Iteration: 585/1000, Temp: 0.0000, Energy: -53.696360+0.002955j
[2025-04-17 09:34:41] Iteration: 586/1000, Temp: 0.0000, Energy: -53.680662+0.004020j
[2025-04-17 09:34:59] Iteration: 587/1000, Temp: 0.0000, Energy: -53.717316+0.006666j
[2025-04-17 09:35:16] Iteration: 588/1000, Temp: 0.0000, Energy: -53.761650+0.001715j
[2025-04-17 09:35:33] Iteration: 589/1000, Temp: 0.0000, Energy: -53.732713-0.007814j
[2025-04-17 09:35:51] Iteration: 590/1000, Temp: 0.0000, Energy: -53.776088-0.002745j
[2025-04-17 09:36:08] Iteration: 591/1000, Temp: 0.0000, Energy: -53.589494+0.006730j
[2025-04-17 09:36:25] Iteration: 592/1000, Temp: 0.0000, Energy: -53.736643-0.003826j
[2025-04-17 09:36:43] Iteration: 593/1000, Temp: 0.0000, Energy: -53.668653+0.000860j
[2025-04-17 09:37:00] Iteration: 594/1000, Temp: 0.0000, Energy: -53.638112+0.006844j
[2025-04-17 09:37:17] Iteration: 595/1000, Temp: 0.0000, Energy: -53.547048-0.003645j
[2025-04-17 09:37:35] Iteration: 596/1000, Temp: 0.0000, Energy: -53.617166-0.002696j
[2025-04-17 09:37:52] Iteration: 597/1000, Temp: 0.0000, Energy: -53.537187-0.001283j
[2025-04-17 09:38:09] Iteration: 598/1000, Temp: 0.0000, Energy: -53.612235+0.008338j
[2025-04-17 09:38:27] Iteration: 599/1000, Temp: 0.0000, Energy: -53.626004-0.001524j
[2025-04-17 09:38:44] Iteration: 600/1000, Temp: 0.0000, Energy: -53.685387-0.005367j
[2025-04-17 09:39:01] Iteration: 601/1000, Temp: 0.0000, Energy: -53.636313-0.007328j
[2025-04-17 09:39:19] Iteration: 602/1000, Temp: 0.0000, Energy: -53.512765-0.005336j
[2025-04-17 09:39:36] Iteration: 603/1000, Temp: 0.0000, Energy: -53.678683-0.003430j
[2025-04-17 09:39:53] Iteration: 604/1000, Temp: 0.0000, Energy: -53.616790-0.002176j
[2025-04-17 09:40:11] Iteration: 605/1000, Temp: 0.0000, Energy: -53.640894+0.000535j
[2025-04-17 09:40:28] Iteration: 606/1000, Temp: 0.0000, Energy: -53.557380+0.001907j
[2025-04-17 09:40:46] Iteration: 607/1000, Temp: 0.0000, Energy: -53.679109-0.003412j
[2025-04-17 09:41:03] Iteration: 608/1000, Temp: 0.0000, Energy: -53.701629-0.000165j
[2025-04-17 09:41:20] Iteration: 609/1000, Temp: 0.0000, Energy: -53.609933-0.002816j
[2025-04-17 09:41:38] Iteration: 610/1000, Temp: 0.0000, Energy: -53.703361-0.002856j
[2025-04-17 09:41:55] Iteration: 611/1000, Temp: 0.0000, Energy: -53.580487+0.003648j
[2025-04-17 09:42:12] Iteration: 612/1000, Temp: 0.0000, Energy: -53.628667+0.006237j
[2025-04-17 09:42:30] Iteration: 613/1000, Temp: 0.0000, Energy: -53.585182+0.002553j
[2025-04-17 09:42:47] Iteration: 614/1000, Temp: 0.0000, Energy: -53.669272-0.003339j
[2025-04-17 09:43:04] Iteration: 615/1000, Temp: 0.0000, Energy: -53.674986-0.012628j
[2025-04-17 09:43:22] Iteration: 616/1000, Temp: 0.0000, Energy: -53.725397+0.004385j
[2025-04-17 09:43:39] Iteration: 617/1000, Temp: 0.0000, Energy: -53.611135+0.010999j
[2025-04-17 09:43:56] Iteration: 618/1000, Temp: 0.0000, Energy: -53.539166+0.000599j
[2025-04-17 09:44:14] Iteration: 619/1000, Temp: 0.0000, Energy: -53.645819-0.007397j
[2025-04-17 09:44:31] Iteration: 620/1000, Temp: 0.0000, Energy: -53.772122-0.003271j
[2025-04-17 09:44:48] Iteration: 621/1000, Temp: 0.0000, Energy: -53.663494-0.010156j
[2025-04-17 09:45:06] Iteration: 622/1000, Temp: 0.0000, Energy: -53.646864-0.002188j
[2025-04-17 09:45:23] Iteration: 623/1000, Temp: 0.0000, Energy: -53.782020+0.001464j
[2025-04-17 09:45:40] Iteration: 624/1000, Temp: 0.0000, Energy: -53.643097-0.013252j
[2025-04-17 09:45:58] Iteration: 625/1000, Temp: 0.0000, Energy: -53.632012-0.001989j
[2025-04-17 09:46:15] Iteration: 626/1000, Temp: 0.0000, Energy: -53.538839-0.005764j
[2025-04-17 09:46:32] Iteration: 627/1000, Temp: 0.0000, Energy: -53.633049+0.002406j
[2025-04-17 09:46:50] Iteration: 628/1000, Temp: 0.0000, Energy: -53.669267-0.003842j
[2025-04-17 09:47:07] Iteration: 629/1000, Temp: 0.0000, Energy: -53.754821-0.001579j
[2025-04-17 09:47:24] Iteration: 630/1000, Temp: 0.0000, Energy: -53.651242+0.007058j
[2025-04-17 09:47:42] Iteration: 631/1000, Temp: 0.0000, Energy: -53.723491+0.012169j
[2025-04-17 09:47:59] Iteration: 632/1000, Temp: 0.0000, Energy: -53.745541-0.003225j
[2025-04-17 09:48:16] Iteration: 633/1000, Temp: 0.0000, Energy: -53.599386-0.018887j
[2025-04-17 09:48:34] Iteration: 634/1000, Temp: 0.0000, Energy: -53.596210+0.001870j
[2025-04-17 09:48:51] Iteration: 635/1000, Temp: 0.0000, Energy: -53.656899+0.003621j
[2025-04-17 09:49:08] Iteration: 636/1000, Temp: 0.0000, Energy: -53.735547-0.002681j
[2025-04-17 09:49:26] Iteration: 637/1000, Temp: 0.0000, Energy: -53.627375+0.000419j
[2025-04-17 09:49:43] Iteration: 638/1000, Temp: 0.0000, Energy: -53.731406+0.002679j
[2025-04-17 09:50:00] Iteration: 639/1000, Temp: 0.0000, Energy: -53.641140-0.000780j
[2025-04-17 09:50:18] Iteration: 640/1000, Temp: 0.0000, Energy: -53.699499-0.003052j
[2025-04-17 09:50:35] Iteration: 641/1000, Temp: 0.0000, Energy: -53.661245+0.005908j
[2025-04-17 09:50:52] Iteration: 642/1000, Temp: 0.0000, Energy: -53.736436+0.000060j
[2025-04-17 09:51:10] Iteration: 643/1000, Temp: 0.0000, Energy: -53.755493-0.004481j
[2025-04-17 09:51:27] Iteration: 644/1000, Temp: 0.0000, Energy: -53.781417-0.001166j
[2025-04-17 09:51:44] Iteration: 645/1000, Temp: 0.0000, Energy: -53.789138-0.001322j
[2025-04-17 09:52:02] Iteration: 646/1000, Temp: 0.0000, Energy: -53.672707+0.000282j
[2025-04-17 09:52:19] Iteration: 647/1000, Temp: 0.0000, Energy: -53.759524+0.000530j
[2025-04-17 09:52:37] Iteration: 648/1000, Temp: 0.0000, Energy: -53.751313-0.002537j
[2025-04-17 09:52:54] Iteration: 649/1000, Temp: 0.0000, Energy: -53.753064-0.002928j
[2025-04-17 09:53:11] Iteration: 650/1000, Temp: 0.0000, Energy: -53.800693+0.004537j
[2025-04-17 09:53:29] Iteration: 651/1000, Temp: 0.0000, Energy: -53.703199+0.003597j
[2025-04-17 09:53:46] Iteration: 652/1000, Temp: 0.0000, Energy: -53.719486+0.007663j
[2025-04-17 09:54:03] Iteration: 653/1000, Temp: 0.0000, Energy: -53.856542-0.002958j
[2025-04-17 09:54:21] Iteration: 654/1000, Temp: 0.0000, Energy: -53.707895+0.003559j
[2025-04-17 09:54:38] Iteration: 655/1000, Temp: 0.0000, Energy: -53.639510+0.014401j
[2025-04-17 09:54:55] Iteration: 656/1000, Temp: 0.0000, Energy: -53.580976+0.000582j
[2025-04-17 09:55:13] Iteration: 657/1000, Temp: 0.0000, Energy: -53.565222-0.004891j
[2025-04-17 09:55:30] Iteration: 658/1000, Temp: 0.0000, Energy: -53.522550+0.002907j
[2025-04-17 09:55:47] Iteration: 659/1000, Temp: 0.0000, Energy: -53.614323-0.001361j
[2025-04-17 09:56:05] Iteration: 660/1000, Temp: 0.0000, Energy: -53.688813-0.012693j
[2025-04-17 09:56:22] Iteration: 661/1000, Temp: 0.0000, Energy: -53.731673-0.005818j
[2025-04-17 09:56:39] Iteration: 662/1000, Temp: 0.0000, Energy: -53.680371-0.002791j
[2025-04-17 09:56:57] Iteration: 663/1000, Temp: 0.0000, Energy: -53.625613-0.002687j
[2025-04-17 09:57:14] Iteration: 664/1000, Temp: 0.0000, Energy: -53.543245-0.005709j
[2025-04-17 09:57:31] Iteration: 665/1000, Temp: 0.0000, Energy: -53.536067-0.000265j
[2025-04-17 09:57:49] Iteration: 666/1000, Temp: 0.0000, Energy: -53.579477-0.007312j
[2025-04-17 09:58:06] Iteration: 667/1000, Temp: 0.0000, Energy: -53.630166+0.013417j
[2025-04-17 09:58:24] Iteration: 668/1000, Temp: 0.0000, Energy: -53.513970+0.002318j
[2025-04-17 09:58:41] Iteration: 669/1000, Temp: 0.0000, Energy: -53.558338-0.003236j
[2025-04-17 09:58:58] Iteration: 670/1000, Temp: 0.0000, Energy: -53.633956+0.002831j
[2025-04-17 09:59:16] Iteration: 671/1000, Temp: 0.0000, Energy: -53.745628-0.005791j
[2025-04-17 09:59:33] Iteration: 672/1000, Temp: 0.0000, Energy: -53.763847-0.002882j
[2025-04-17 09:59:50] Iteration: 673/1000, Temp: 0.0000, Energy: -53.810262-0.002245j
[2025-04-17 10:00:07] Iteration: 674/1000, Temp: 0.0000, Energy: -53.775552-0.008253j
[2025-04-17 10:00:25] Iteration: 675/1000, Temp: 0.0000, Energy: -53.597863-0.000495j
[2025-04-17 10:00:42] Iteration: 676/1000, Temp: 0.0000, Energy: -53.743266+0.005755j
[2025-04-17 10:00:59] Iteration: 677/1000, Temp: 0.0000, Energy: -53.774512-0.005922j
[2025-04-17 10:01:17] Iteration: 678/1000, Temp: 0.0000, Energy: -53.748678-0.001027j
[2025-04-17 10:01:34] Iteration: 679/1000, Temp: 0.0000, Energy: -53.800324+0.000387j
[2025-04-17 10:01:51] Iteration: 680/1000, Temp: 0.0000, Energy: -53.805658+0.006157j
[2025-04-17 10:02:09] Iteration: 681/1000, Temp: 0.0000, Energy: -53.759654-0.005951j
[2025-04-17 10:02:26] Iteration: 682/1000, Temp: 0.0000, Energy: -53.857327+0.003395j
[2025-04-17 10:02:43] Iteration: 683/1000, Temp: 0.0000, Energy: -53.670100+0.007195j
[2025-04-17 10:03:01] Iteration: 684/1000, Temp: 0.0000, Energy: -53.684271+0.004104j
[2025-04-17 10:03:18] Iteration: 685/1000, Temp: 0.0000, Energy: -53.618019+0.006367j
[2025-04-17 10:03:35] Iteration: 686/1000, Temp: 0.0000, Energy: -53.629001-0.005515j
[2025-04-17 10:03:53] Iteration: 687/1000, Temp: 0.0000, Energy: -53.736513+0.002307j
[2025-04-17 10:04:10] Iteration: 688/1000, Temp: 0.0000, Energy: -53.833557-0.002428j
[2025-04-17 10:04:27] Iteration: 689/1000, Temp: 0.0000, Energy: -53.744158+0.000618j
[2025-04-17 10:04:45] Iteration: 690/1000, Temp: 0.0000, Energy: -53.659012-0.007227j
[2025-04-17 10:05:02] Iteration: 691/1000, Temp: 0.0000, Energy: -53.548913-0.004635j
[2025-04-17 10:05:19] Iteration: 692/1000, Temp: 0.0000, Energy: -53.653971+0.004384j
[2025-04-17 10:05:37] Iteration: 693/1000, Temp: 0.0000, Energy: -53.658538+0.002269j
[2025-04-17 10:05:54] Iteration: 694/1000, Temp: 0.0000, Energy: -53.829498-0.003586j
[2025-04-17 10:06:11] Iteration: 695/1000, Temp: 0.0000, Energy: -53.633254-0.013231j
[2025-04-17 10:06:29] Iteration: 696/1000, Temp: 0.0000, Energy: -53.743676-0.019313j
[2025-04-17 10:06:46] Iteration: 697/1000, Temp: 0.0000, Energy: -53.656901-0.002095j
[2025-04-17 10:07:03] Iteration: 698/1000, Temp: 0.0000, Energy: -53.615335+0.007137j
[2025-04-17 10:07:21] Iteration: 699/1000, Temp: 0.0000, Energy: -53.882357+0.001576j
[2025-04-17 10:07:38] Iteration: 700/1000, Temp: 0.0000, Energy: -53.776069-0.002840j
[2025-04-17 10:07:55] Iteration: 701/1000, Temp: 0.0000, Energy: -53.762820+0.012663j
[2025-04-17 10:08:13] Iteration: 702/1000, Temp: 0.0000, Energy: -53.677253+0.011089j
[2025-04-17 10:08:30] Iteration: 703/1000, Temp: 0.0000, Energy: -53.586938-0.005199j
[2025-04-17 10:08:47] Iteration: 704/1000, Temp: 0.0000, Energy: -53.685951+0.002259j
[2025-04-17 10:09:05] Iteration: 705/1000, Temp: 0.0000, Energy: -53.715044-0.005090j
[2025-04-17 10:09:22] Iteration: 706/1000, Temp: 0.0000, Energy: -53.752262+0.002227j
[2025-04-17 10:09:39] Iteration: 707/1000, Temp: 0.0000, Energy: -53.731790-0.005152j
[2025-04-17 10:09:56] Iteration: 708/1000, Temp: 0.0000, Energy: -53.713979+0.006093j
[2025-04-17 10:10:14] Iteration: 709/1000, Temp: 0.0000, Energy: -53.611201-0.000949j
[2025-04-17 10:10:31] Iteration: 710/1000, Temp: 0.0000, Energy: -53.512125-0.001363j
[2025-04-17 10:10:48] Iteration: 711/1000, Temp: 0.0000, Energy: -53.491366+0.002654j
[2025-04-17 10:11:06] Iteration: 712/1000, Temp: 0.0000, Energy: -53.559745-0.000344j
[2025-04-17 10:11:23] Iteration: 713/1000, Temp: 0.0000, Energy: -53.563208-0.002522j
[2025-04-17 10:11:40] Iteration: 714/1000, Temp: 0.0000, Energy: -53.642085+0.005093j
[2025-04-17 10:11:58] Iteration: 715/1000, Temp: 0.0000, Energy: -53.706221-0.010533j
[2025-04-17 10:12:15] Iteration: 716/1000, Temp: 0.0000, Energy: -53.689158-0.003906j
[2025-04-17 10:12:32] Iteration: 717/1000, Temp: 0.0000, Energy: -53.733643+0.004491j
[2025-04-17 10:12:50] Iteration: 718/1000, Temp: 0.0000, Energy: -53.777568+0.008509j
[2025-04-17 10:13:07] Iteration: 719/1000, Temp: 0.0000, Energy: -53.635974-0.000673j
[2025-04-17 10:13:24] Iteration: 720/1000, Temp: 0.0000, Energy: -53.630549+0.002864j
[2025-04-17 10:13:42] Iteration: 721/1000, Temp: 0.0000, Energy: -53.749585-0.002458j
[2025-04-17 10:13:59] Iteration: 722/1000, Temp: 0.0000, Energy: -53.630046-0.000858j
[2025-04-17 10:14:16] Iteration: 723/1000, Temp: 0.0000, Energy: -53.713903-0.005825j
[2025-04-17 10:14:34] Iteration: 724/1000, Temp: 0.0000, Energy: -53.746156+0.004922j
[2025-04-17 10:14:51] Iteration: 725/1000, Temp: 0.0000, Energy: -53.695743-0.002424j
[2025-04-17 10:15:08] Iteration: 726/1000, Temp: 0.0000, Energy: -53.654305+0.008203j
[2025-04-17 10:15:26] Iteration: 727/1000, Temp: 0.0000, Energy: -53.668475-0.008971j
[2025-04-17 10:15:43] Iteration: 728/1000, Temp: 0.0000, Energy: -53.727301-0.007244j
[2025-04-17 10:16:00] Iteration: 729/1000, Temp: 0.0000, Energy: -53.534588+0.003754j
[2025-04-17 10:16:18] Iteration: 730/1000, Temp: 0.0000, Energy: -53.618975-0.000117j
[2025-04-17 10:16:35] Iteration: 731/1000, Temp: 0.0000, Energy: -53.698486-0.000318j
[2025-04-17 10:16:53] Iteration: 732/1000, Temp: 0.0000, Energy: -53.725351+0.005239j
[2025-04-17 10:17:10] Iteration: 733/1000, Temp: 0.0000, Energy: -53.686922-0.006554j
[2025-04-17 10:17:27] Iteration: 734/1000, Temp: 0.0000, Energy: -53.701801-0.001189j
[2025-04-17 10:17:45] Iteration: 735/1000, Temp: 0.0000, Energy: -53.722394+0.003881j
[2025-04-17 10:18:02] Iteration: 736/1000, Temp: 0.0000, Energy: -53.628539+0.013482j
[2025-04-17 10:18:19] Iteration: 737/1000, Temp: 0.0000, Energy: -53.671396-0.002473j
[2025-04-17 10:18:37] Iteration: 738/1000, Temp: 0.0000, Energy: -53.779784+0.002526j
[2025-04-17 10:18:54] Iteration: 739/1000, Temp: 0.0000, Energy: -53.709111-0.002807j
[2025-04-17 10:19:11] Iteration: 740/1000, Temp: 0.0000, Energy: -53.607696-0.005258j
[2025-04-17 10:19:29] Iteration: 741/1000, Temp: 0.0000, Energy: -53.783202+0.007228j
[2025-04-17 10:19:46] Iteration: 742/1000, Temp: 0.0000, Energy: -53.764094+0.008321j
[2025-04-17 10:20:03] Iteration: 743/1000, Temp: 0.0000, Energy: -53.721775-0.000917j
[2025-04-17 10:20:21] Iteration: 744/1000, Temp: 0.0000, Energy: -53.766843+0.004299j
[2025-04-17 10:20:38] Iteration: 745/1000, Temp: 0.0000, Energy: -53.779198+0.003923j
[2025-04-17 10:20:55] Iteration: 746/1000, Temp: 0.0000, Energy: -53.789101+0.000896j
[2025-04-17 10:21:13] Iteration: 747/1000, Temp: 0.0000, Energy: -53.671583-0.000614j
[2025-04-17 10:21:30] Iteration: 748/1000, Temp: 0.0000, Energy: -53.701275-0.001501j
[2025-04-17 10:21:47] Iteration: 749/1000, Temp: 0.0000, Energy: -53.690244-0.008221j
[2025-04-17 10:22:05] Iteration: 750/1000, Temp: 0.0000, Energy: -53.742403+0.004588j
[2025-04-17 10:22:22] Iteration: 751/1000, Temp: 0.0000, Energy: -53.729998+0.007724j
[2025-04-17 10:22:39] Iteration: 752/1000, Temp: 0.0000, Energy: -53.703023-0.006803j
[2025-04-17 10:22:57] Iteration: 753/1000, Temp: 0.0000, Energy: -53.619036+0.003118j
[2025-04-17 10:23:14] Iteration: 754/1000, Temp: 0.0000, Energy: -53.743427+0.013123j
[2025-04-17 10:23:31] Iteration: 755/1000, Temp: 0.0000, Energy: -53.764386-0.003141j
[2025-04-17 10:23:49] Iteration: 756/1000, Temp: 0.0000, Energy: -53.656708+0.003959j
[2025-04-17 10:24:06] Iteration: 757/1000, Temp: 0.0000, Energy: -53.492753-0.003020j
[2025-04-17 10:24:24] Iteration: 758/1000, Temp: 0.0000, Energy: -53.530837+0.001384j
[2025-04-17 10:24:41] Iteration: 759/1000, Temp: 0.0000, Energy: -53.752910+0.007097j
[2025-04-17 10:24:58] Iteration: 760/1000, Temp: 0.0000, Energy: -53.671409-0.011833j
[2025-04-17 10:25:16] Iteration: 761/1000, Temp: 0.0000, Energy: -53.772620-0.001005j
[2025-04-17 10:25:33] Iteration: 762/1000, Temp: 0.0000, Energy: -53.914734-0.000466j
[2025-04-17 10:25:50] Iteration: 763/1000, Temp: 0.0000, Energy: -53.686202+0.002948j
[2025-04-17 10:26:07] Iteration: 764/1000, Temp: 0.0000, Energy: -53.698693-0.000287j
[2025-04-17 10:26:25] Iteration: 765/1000, Temp: 0.0000, Energy: -53.654459+0.002115j
[2025-04-17 10:26:42] Iteration: 766/1000, Temp: 0.0000, Energy: -53.746681+0.003571j
[2025-04-17 10:27:00] Iteration: 767/1000, Temp: 0.0000, Energy: -53.766585-0.004965j
[2025-04-17 10:27:17] Iteration: 768/1000, Temp: 0.0000, Energy: -53.633639-0.002915j
[2025-04-17 10:27:34] Iteration: 769/1000, Temp: 0.0000, Energy: -53.777592+0.002270j
[2025-04-17 10:27:51] Iteration: 770/1000, Temp: 0.0000, Energy: -53.626016-0.001692j
[2025-04-17 10:28:09] Iteration: 771/1000, Temp: 0.0000, Energy: -53.606230-0.004556j
[2025-04-17 10:28:26] Iteration: 772/1000, Temp: 0.0000, Energy: -53.627160-0.001973j
[2025-04-17 10:28:44] Iteration: 773/1000, Temp: 0.0000, Energy: -53.708188+0.003489j
[2025-04-17 10:29:01] Iteration: 774/1000, Temp: 0.0000, Energy: -53.720692+0.005322j
[2025-04-17 10:29:18] Iteration: 775/1000, Temp: 0.0000, Energy: -53.676478-0.005224j
[2025-04-17 10:29:35] Iteration: 776/1000, Temp: 0.0000, Energy: -53.686292-0.000710j
[2025-04-17 10:29:53] Iteration: 777/1000, Temp: 0.0000, Energy: -53.641793-0.004217j
[2025-04-17 10:30:10] Iteration: 778/1000, Temp: 0.0000, Energy: -53.686360-0.003519j
[2025-04-17 10:30:28] Iteration: 779/1000, Temp: 0.0000, Energy: -53.800336-0.000077j
[2025-04-17 10:30:45] Iteration: 780/1000, Temp: 0.0000, Energy: -53.799445+0.000851j
[2025-04-17 10:31:02] Iteration: 781/1000, Temp: 0.0000, Energy: -53.849541-0.001890j
[2025-04-17 10:31:20] Iteration: 782/1000, Temp: 0.0000, Energy: -53.827383-0.004452j
[2025-04-17 10:31:37] Iteration: 783/1000, Temp: 0.0000, Energy: -53.789568-0.003137j
[2025-04-17 10:31:54] Iteration: 784/1000, Temp: 0.0000, Energy: -53.726992+0.004234j
[2025-04-17 10:32:11] Iteration: 785/1000, Temp: 0.0000, Energy: -53.758695-0.002026j
[2025-04-17 10:32:29] Iteration: 786/1000, Temp: 0.0000, Energy: -53.701499-0.005194j
[2025-04-17 10:32:46] Iteration: 787/1000, Temp: 0.0000, Energy: -53.675907+0.004091j
[2025-04-17 10:33:04] Iteration: 788/1000, Temp: 0.0000, Energy: -53.785058-0.000105j
[2025-04-17 10:33:21] Iteration: 789/1000, Temp: 0.0000, Energy: -53.732365-0.000228j
[2025-04-17 10:33:38] Iteration: 790/1000, Temp: 0.0000, Energy: -53.623777-0.008388j
[2025-04-17 10:33:55] Iteration: 791/1000, Temp: 0.0000, Energy: -53.689713-0.002688j
[2025-04-17 10:34:13] Iteration: 792/1000, Temp: 0.0000, Energy: -53.796811+0.005413j
[2025-04-17 10:34:30] Iteration: 793/1000, Temp: 0.0000, Energy: -53.700382+0.006068j
[2025-04-17 10:34:47] Iteration: 794/1000, Temp: 0.0000, Energy: -53.839601+0.003006j
[2025-04-17 10:35:05] Iteration: 795/1000, Temp: 0.0000, Energy: -53.718839-0.002588j
[2025-04-17 10:35:22] Iteration: 796/1000, Temp: 0.0000, Energy: -53.724139+0.009088j
[2025-04-17 10:35:39] Iteration: 797/1000, Temp: 0.0000, Energy: -53.742127+0.015385j
[2025-04-17 10:35:57] Iteration: 798/1000, Temp: 0.0000, Energy: -53.831490-0.005733j
[2025-04-17 10:36:14] Iteration: 799/1000, Temp: 0.0000, Energy: -53.721081-0.003325j
[2025-04-17 10:36:31] Iteration: 800/1000, Temp: 0.0000, Energy: -53.589810+0.002109j
[2025-04-17 10:36:49] Iteration: 801/1000, Temp: 0.0000, Energy: -53.695184-0.000631j
[2025-04-17 10:37:06] Iteration: 802/1000, Temp: 0.0000, Energy: -53.654019+0.004546j
[2025-04-17 10:37:23] Iteration: 803/1000, Temp: 0.0000, Energy: -53.618529-0.005286j
[2025-04-17 10:37:41] Iteration: 804/1000, Temp: 0.0000, Energy: -53.664474+0.000499j
[2025-04-17 10:37:58] Iteration: 805/1000, Temp: 0.0000, Energy: -53.586331-0.003007j
[2025-04-17 10:38:15] Iteration: 806/1000, Temp: 0.0000, Energy: -53.729892-0.002508j
[2025-04-17 10:38:33] Iteration: 807/1000, Temp: 0.0000, Energy: -53.680254-0.006452j
[2025-04-17 10:38:50] Iteration: 808/1000, Temp: 0.0000, Energy: -53.582848-0.002883j
[2025-04-17 10:39:08] Iteration: 809/1000, Temp: 0.0000, Energy: -53.728364+0.003466j
[2025-04-17 10:39:25] Iteration: 810/1000, Temp: 0.0000, Energy: -53.718579-0.000317j
[2025-04-17 10:39:42] Iteration: 811/1000, Temp: 0.0000, Energy: -53.636773+0.007010j
[2025-04-17 10:39:59] Iteration: 812/1000, Temp: 0.0000, Energy: -53.560821+0.002863j
[2025-04-17 10:40:17] Iteration: 813/1000, Temp: 0.0000, Energy: -53.646616+0.007874j
[2025-04-17 10:40:34] Iteration: 814/1000, Temp: 0.0000, Energy: -53.568402-0.001375j
[2025-04-17 10:40:51] Iteration: 815/1000, Temp: 0.0000, Energy: -53.732618-0.001914j
[2025-04-17 10:41:09] Iteration: 816/1000, Temp: 0.0000, Energy: -53.633452-0.000591j
[2025-04-17 10:41:26] Iteration: 817/1000, Temp: 0.0000, Energy: -53.699393-0.001416j
[2025-04-17 10:41:44] Iteration: 818/1000, Temp: 0.0000, Energy: -53.669503-0.009855j
[2025-04-17 10:42:01] Iteration: 819/1000, Temp: 0.0000, Energy: -53.735356-0.001587j
[2025-04-17 10:42:18] Iteration: 820/1000, Temp: 0.0000, Energy: -53.647908-0.000735j
[2025-04-17 10:42:36] Iteration: 821/1000, Temp: 0.0000, Energy: -53.758918+0.001259j
[2025-04-17 10:42:53] Iteration: 822/1000, Temp: 0.0000, Energy: -53.675105+0.001404j
[2025-04-17 10:43:10] Iteration: 823/1000, Temp: 0.0000, Energy: -53.680893+0.004897j
[2025-04-17 10:43:28] Iteration: 824/1000, Temp: 0.0000, Energy: -53.760316-0.003648j
[2025-04-17 10:43:45] Iteration: 825/1000, Temp: 0.0000, Energy: -53.631185-0.008097j
[2025-04-17 10:44:03] Iteration: 826/1000, Temp: 0.0000, Energy: -53.729704+0.001117j
[2025-04-17 10:44:20] Iteration: 827/1000, Temp: 0.0000, Energy: -53.632959-0.009175j
[2025-04-17 10:44:37] Iteration: 828/1000, Temp: 0.0000, Energy: -53.629296-0.003955j
[2025-04-17 10:44:55] Iteration: 829/1000, Temp: 0.0000, Energy: -53.690992+0.004482j
[2025-04-17 10:45:12] Iteration: 830/1000, Temp: 0.0000, Energy: -53.739489-0.002632j
[2025-04-17 10:45:29] Iteration: 831/1000, Temp: 0.0000, Energy: -53.772615-0.001341j
[2025-04-17 10:45:47] Iteration: 832/1000, Temp: 0.0000, Energy: -53.686265-0.004777j
[2025-04-17 10:46:04] Iteration: 833/1000, Temp: 0.0000, Energy: -53.710524+0.009359j
[2025-04-17 10:46:21] Iteration: 834/1000, Temp: 0.0000, Energy: -53.743036+0.001345j
[2025-04-17 10:46:39] Iteration: 835/1000, Temp: 0.0000, Energy: -53.694862+0.004783j
[2025-04-17 10:46:56] Iteration: 836/1000, Temp: 0.0000, Energy: -53.655584-0.005651j
[2025-04-17 10:47:13] Iteration: 837/1000, Temp: 0.0000, Energy: -53.581295+0.004081j
[2025-04-17 10:47:30] Iteration: 838/1000, Temp: 0.0000, Energy: -53.672622-0.000907j
[2025-04-17 10:47:48] Iteration: 839/1000, Temp: 0.0000, Energy: -53.659326-0.000373j
[2025-04-17 10:48:05] Iteration: 840/1000, Temp: 0.0000, Energy: -53.725848+0.002295j
[2025-04-17 10:48:23] Iteration: 841/1000, Temp: 0.0000, Energy: -53.752695+0.004216j
[2025-04-17 10:48:40] Iteration: 842/1000, Temp: 0.0000, Energy: -53.731115-0.000428j
[2025-04-17 10:48:57] Iteration: 843/1000, Temp: 0.0000, Energy: -53.787037+0.001272j
[2025-04-17 10:49:15] Iteration: 844/1000, Temp: 0.0000, Energy: -53.700839+0.000577j
[2025-04-17 10:49:32] Iteration: 845/1000, Temp: 0.0000, Energy: -53.691360-0.001266j
[2025-04-17 10:49:49] Iteration: 846/1000, Temp: 0.0000, Energy: -53.654886+0.004105j
[2025-04-17 10:50:06] Iteration: 847/1000, Temp: 0.0000, Energy: -53.786331+0.001284j
[2025-04-17 10:50:24] Iteration: 848/1000, Temp: 0.0000, Energy: -53.695656-0.012458j
[2025-04-17 10:50:41] Iteration: 849/1000, Temp: 0.0000, Energy: -53.703219+0.003866j
[2025-04-17 10:50:59] Iteration: 850/1000, Temp: 0.0000, Energy: -53.708944+0.011304j
[2025-04-17 10:51:16] Iteration: 851/1000, Temp: 0.0000, Energy: -53.657882+0.005355j
[2025-04-17 10:51:33] Iteration: 852/1000, Temp: 0.0000, Energy: -53.541200+0.000615j
[2025-04-17 10:51:50] Iteration: 853/1000, Temp: 0.0000, Energy: -53.576531-0.003197j
[2025-04-17 10:52:08] Iteration: 854/1000, Temp: 0.0000, Energy: -53.687669-0.006687j
[2025-04-17 10:52:25] Iteration: 855/1000, Temp: 0.0000, Energy: -53.728209-0.006888j
[2025-04-17 10:52:42] Iteration: 856/1000, Temp: 0.0000, Energy: -53.652994-0.006135j
[2025-04-17 10:53:00] Iteration: 857/1000, Temp: 0.0000, Energy: -53.715997-0.001559j
[2025-04-17 10:53:17] Iteration: 858/1000, Temp: 0.0000, Energy: -53.714849-0.008165j
[2025-04-17 10:53:34] Iteration: 859/1000, Temp: 0.0000, Energy: -53.641863+0.010938j
[2025-04-17 10:53:52] Iteration: 860/1000, Temp: 0.0000, Energy: -53.760677-0.003170j
[2025-04-17 10:54:09] Iteration: 861/1000, Temp: 0.0000, Energy: -53.684438-0.003476j
[2025-04-17 10:54:26] Iteration: 862/1000, Temp: 0.0000, Energy: -53.633019+0.002992j
[2025-04-17 10:54:44] Iteration: 863/1000, Temp: 0.0000, Energy: -53.641445+0.007021j
[2025-04-17 10:55:01] Iteration: 864/1000, Temp: 0.0000, Energy: -53.663684+0.000640j
[2025-04-17 10:55:18] Iteration: 865/1000, Temp: 0.0000, Energy: -53.630348-0.002732j
[2025-04-17 10:55:36] Iteration: 866/1000, Temp: 0.0000, Energy: -53.690479-0.003669j
[2025-04-17 10:55:53] Iteration: 867/1000, Temp: 0.0000, Energy: -53.635367+0.004327j
[2025-04-17 10:56:10] Iteration: 868/1000, Temp: 0.0000, Energy: -53.634877+0.003139j
[2025-04-17 10:56:28] Iteration: 869/1000, Temp: 0.0000, Energy: -53.711787-0.004979j
[2025-04-17 10:56:45] Iteration: 870/1000, Temp: 0.0000, Energy: -53.464865+0.010753j
[2025-04-17 10:57:03] Iteration: 871/1000, Temp: 0.0000, Energy: -53.581955-0.006072j
[2025-04-17 10:57:20] Iteration: 872/1000, Temp: 0.0000, Energy: -53.610183-0.002051j
[2025-04-17 10:57:37] Iteration: 873/1000, Temp: 0.0000, Energy: -53.696968-0.002223j
[2025-04-17 10:57:55] Iteration: 874/1000, Temp: 0.0000, Energy: -53.774623-0.002391j
[2025-04-17 10:58:12] Iteration: 875/1000, Temp: 0.0000, Energy: -53.750733-0.007525j
[2025-04-17 10:58:29] Iteration: 876/1000, Temp: 0.0000, Energy: -53.751015-0.005052j
[2025-04-17 10:58:47] Iteration: 877/1000, Temp: 0.0000, Energy: -53.721865+0.011067j
[2025-04-17 10:59:04] Iteration: 878/1000, Temp: 0.0000, Energy: -53.761088-0.001284j
[2025-04-17 10:59:21] Iteration: 879/1000, Temp: 0.0000, Energy: -53.688039-0.000884j
[2025-04-17 10:59:39] Iteration: 880/1000, Temp: 0.0000, Energy: -53.677149-0.004626j
[2025-04-17 10:59:56] Iteration: 881/1000, Temp: 0.0000, Energy: -53.724654-0.003129j
[2025-04-17 11:00:14] Iteration: 882/1000, Temp: 0.0000, Energy: -53.715528-0.002033j
[2025-04-17 11:00:31] Iteration: 883/1000, Temp: 0.0000, Energy: -53.621609-0.002542j
[2025-04-17 11:00:48] Iteration: 884/1000, Temp: 0.0000, Energy: -53.634132+0.008622j
[2025-04-17 11:01:06] Iteration: 885/1000, Temp: 0.0000, Energy: -53.824436-0.010906j
[2025-04-17 11:01:23] Iteration: 886/1000, Temp: 0.0000, Energy: -53.666046-0.005486j
[2025-04-17 11:01:40] Iteration: 887/1000, Temp: 0.0000, Energy: -53.729676-0.002238j
[2025-04-17 11:01:58] Iteration: 888/1000, Temp: 0.0000, Energy: -53.611166+0.000256j
[2025-04-17 11:02:15] Iteration: 889/1000, Temp: 0.0000, Energy: -53.778564+0.001148j
[2025-04-17 11:02:32] Iteration: 890/1000, Temp: 0.0000, Energy: -53.731141+0.000813j
[2025-04-17 11:02:50] Iteration: 891/1000, Temp: 0.0000, Energy: -53.680988+0.001146j
[2025-04-17 11:03:07] Iteration: 892/1000, Temp: 0.0000, Energy: -53.664377-0.002804j
[2025-04-17 11:03:24] Iteration: 893/1000, Temp: 0.0000, Energy: -53.741039+0.008060j
[2025-04-17 11:03:42] Iteration: 894/1000, Temp: 0.0000, Energy: -53.766222+0.003781j
[2025-04-17 11:03:59] Iteration: 895/1000, Temp: 0.0000, Energy: -53.668595+0.002507j
[2025-04-17 11:04:17] Iteration: 896/1000, Temp: 0.0000, Energy: -53.719643-0.011013j
[2025-04-17 11:04:34] Iteration: 897/1000, Temp: 0.0000, Energy: -53.709095+0.000516j
[2025-04-17 11:04:51] Iteration: 898/1000, Temp: 0.0000, Energy: -53.672700-0.003323j
[2025-04-17 11:05:09] Iteration: 899/1000, Temp: 0.0000, Energy: -53.752027+0.004240j
[2025-04-17 11:05:26] Iteration: 900/1000, Temp: 0.0000, Energy: -53.641966+0.002286j
[2025-04-17 11:05:43] Iteration: 901/1000, Temp: 0.0000, Energy: -53.720857+0.002145j
[2025-04-17 11:06:01] Iteration: 902/1000, Temp: 0.0000, Energy: -53.513431-0.001622j
[2025-04-17 11:06:18] Iteration: 903/1000, Temp: 0.0000, Energy: -53.615319-0.002840j
[2025-04-17 11:06:35] Iteration: 904/1000, Temp: 0.0000, Energy: -53.698806+0.006917j
[2025-04-17 11:06:53] Iteration: 905/1000, Temp: 0.0000, Energy: -53.621303-0.004398j
[2025-04-17 11:07:10] Iteration: 906/1000, Temp: 0.0000, Energy: -53.678592-0.001003j
[2025-04-17 11:07:27] Iteration: 907/1000, Temp: 0.0000, Energy: -53.703243-0.002132j
[2025-04-17 11:07:45] Iteration: 908/1000, Temp: 0.0000, Energy: -53.670764-0.004040j
[2025-04-17 11:08:02] Iteration: 909/1000, Temp: 0.0000, Energy: -53.657111+0.004685j
[2025-04-17 11:08:20] Iteration: 910/1000, Temp: 0.0000, Energy: -53.651824+0.000165j
[2025-04-17 11:08:37] Iteration: 911/1000, Temp: 0.0000, Energy: -53.649035+0.002194j
[2025-04-17 11:08:54] Iteration: 912/1000, Temp: 0.0000, Energy: -53.760872+0.003964j
[2025-04-17 11:09:12] Iteration: 913/1000, Temp: 0.0000, Energy: -53.728550+0.005016j
[2025-04-17 11:09:29] Iteration: 914/1000, Temp: 0.0000, Energy: -53.682471+0.001390j
[2025-04-17 11:09:46] Iteration: 915/1000, Temp: 0.0000, Energy: -53.663175+0.005697j
[2025-04-17 11:10:04] Iteration: 916/1000, Temp: 0.0000, Energy: -53.697685-0.001488j
[2025-04-17 11:10:21] Iteration: 917/1000, Temp: 0.0000, Energy: -53.586246+0.000413j
[2025-04-17 11:10:38] Iteration: 918/1000, Temp: 0.0000, Energy: -53.585448-0.002790j
[2025-04-17 11:10:56] Iteration: 919/1000, Temp: 0.0000, Energy: -53.737500+0.003136j
[2025-04-17 11:11:13] Iteration: 920/1000, Temp: 0.0000, Energy: -53.715392+0.006629j
[2025-04-17 11:11:31] Iteration: 921/1000, Temp: 0.0000, Energy: -53.692615-0.001292j
[2025-04-17 11:11:48] Iteration: 922/1000, Temp: 0.0000, Energy: -53.599423+0.004096j
[2025-04-17 11:12:05] Iteration: 923/1000, Temp: 0.0000, Energy: -53.683235+0.002944j
[2025-04-17 11:12:23] Iteration: 924/1000, Temp: 0.0000, Energy: -53.695537-0.001012j
[2025-04-17 11:12:40] Iteration: 925/1000, Temp: 0.0000, Energy: -53.521033+0.002472j
[2025-04-17 11:12:57] Iteration: 926/1000, Temp: 0.0000, Energy: -53.812365+0.004776j
[2025-04-17 11:13:15] Iteration: 927/1000, Temp: 0.0000, Energy: -53.730293+0.004541j
[2025-04-17 11:13:32] Iteration: 928/1000, Temp: 0.0000, Energy: -53.563981-0.003544j
[2025-04-17 11:13:49] Iteration: 929/1000, Temp: 0.0000, Energy: -53.833926+0.009662j
[2025-04-17 11:14:07] Iteration: 930/1000, Temp: 0.0000, Energy: -53.841930+0.001659j
[2025-04-17 11:14:24] Iteration: 931/1000, Temp: 0.0000, Energy: -53.751390+0.000845j
[2025-04-17 11:14:41] Iteration: 932/1000, Temp: 0.0000, Energy: -53.816681+0.004404j
[2025-04-17 11:14:59] Iteration: 933/1000, Temp: 0.0000, Energy: -53.622548+0.000263j
[2025-04-17 11:15:16] Iteration: 934/1000, Temp: 0.0000, Energy: -53.607220+0.000797j
[2025-04-17 11:15:33] Iteration: 935/1000, Temp: 0.0000, Energy: -53.611193-0.002732j
[2025-04-17 11:15:51] Iteration: 936/1000, Temp: 0.0000, Energy: -53.670179+0.006826j
[2025-04-17 11:16:08] Iteration: 937/1000, Temp: 0.0000, Energy: -53.678418+0.002589j
[2025-04-17 11:16:25] Iteration: 938/1000, Temp: 0.0000, Energy: -53.583892+0.005786j
[2025-04-17 11:16:43] Iteration: 939/1000, Temp: 0.0000, Energy: -53.685477-0.007637j
[2025-04-17 11:17:00] Iteration: 940/1000, Temp: 0.0000, Energy: -53.637473-0.005777j
[2025-04-17 11:17:17] Iteration: 941/1000, Temp: 0.0000, Energy: -53.669054-0.000889j
[2025-04-17 11:17:35] Iteration: 942/1000, Temp: 0.0000, Energy: -53.607093+0.001871j
[2025-04-17 11:17:52] Iteration: 943/1000, Temp: 0.0000, Energy: -53.662474-0.001697j
[2025-04-17 11:18:09] Iteration: 944/1000, Temp: 0.0000, Energy: -53.751521-0.002523j
[2025-04-17 11:18:27] Iteration: 945/1000, Temp: 0.0000, Energy: -53.722974+0.002032j
[2025-04-17 11:18:44] Iteration: 946/1000, Temp: 0.0000, Energy: -53.630042-0.001287j
[2025-04-17 11:19:02] Iteration: 947/1000, Temp: 0.0000, Energy: -53.703597-0.002312j
[2025-04-17 11:19:19] Iteration: 948/1000, Temp: 0.0000, Energy: -53.754242-0.006488j
[2025-04-17 11:19:36] Iteration: 949/1000, Temp: 0.0000, Energy: -53.750773+0.004349j
[2025-04-17 11:19:54] Iteration: 950/1000, Temp: 0.0000, Energy: -53.747466-0.007153j
[2025-04-17 11:20:11] Iteration: 951/1000, Temp: 0.0000, Energy: -53.680690+0.001991j
[2025-04-17 11:20:28] Iteration: 952/1000, Temp: 0.0000, Energy: -53.849406+0.001857j
[2025-04-17 11:20:46] Iteration: 953/1000, Temp: 0.0000, Energy: -53.737167+0.005547j
[2025-04-17 11:21:03] Iteration: 954/1000, Temp: 0.0000, Energy: -53.754263+0.000015j
[2025-04-17 11:21:20] Iteration: 955/1000, Temp: 0.0000, Energy: -53.672403-0.001071j
[2025-04-17 11:21:38] Iteration: 956/1000, Temp: 0.0000, Energy: -53.651597-0.001782j
[2025-04-17 11:21:55] Iteration: 957/1000, Temp: 0.0000, Energy: -53.714197-0.001052j
[2025-04-17 11:22:12] Iteration: 958/1000, Temp: 0.0000, Energy: -53.656113+0.001525j
[2025-04-17 11:22:30] Iteration: 959/1000, Temp: 0.0000, Energy: -53.651616+0.007790j
[2025-04-17 11:22:47] Iteration: 960/1000, Temp: 0.0000, Energy: -53.677659+0.000244j
[2025-04-17 11:23:05] Iteration: 961/1000, Temp: 0.0000, Energy: -53.745563+0.001625j
[2025-04-17 11:23:22] Iteration: 962/1000, Temp: 0.0000, Energy: -53.614820-0.001613j
[2025-04-17 11:23:39] Iteration: 963/1000, Temp: 0.0000, Energy: -53.716672-0.002261j
[2025-04-17 11:23:57] Iteration: 964/1000, Temp: 0.0000, Energy: -53.606882+0.006375j
[2025-04-17 11:24:14] Iteration: 965/1000, Temp: 0.0000, Energy: -53.621542-0.004264j
[2025-04-17 11:24:31] Iteration: 966/1000, Temp: 0.0000, Energy: -53.678510-0.000870j
[2025-04-17 11:24:49] Iteration: 967/1000, Temp: 0.0000, Energy: -53.760978-0.004320j
[2025-04-17 11:25:06] Iteration: 968/1000, Temp: 0.0000, Energy: -53.781273+0.002247j
[2025-04-17 11:25:23] Iteration: 969/1000, Temp: 0.0000, Energy: -53.753163-0.000995j
[2025-04-17 11:25:41] Iteration: 970/1000, Temp: 0.0000, Energy: -53.685552+0.000311j
[2025-04-17 11:25:58] Iteration: 971/1000, Temp: 0.0000, Energy: -53.786003+0.000463j
[2025-04-17 11:26:16] Iteration: 972/1000, Temp: 0.0000, Energy: -53.644840-0.003118j
[2025-04-17 11:26:33] Iteration: 973/1000, Temp: 0.0000, Energy: -53.605761-0.004005j
[2025-04-17 11:26:50] Iteration: 974/1000, Temp: 0.0000, Energy: -53.669645+0.007323j
[2025-04-17 11:27:08] Iteration: 975/1000, Temp: 0.0000, Energy: -53.666029-0.010226j
[2025-04-17 11:27:25] Iteration: 976/1000, Temp: 0.0000, Energy: -53.761422+0.007086j
[2025-04-17 11:27:43] Iteration: 977/1000, Temp: 0.0000, Energy: -53.724815+0.003387j
[2025-04-17 11:28:00] Iteration: 978/1000, Temp: 0.0000, Energy: -53.713815+0.002724j
[2025-04-17 11:28:17] Iteration: 979/1000, Temp: 0.0000, Energy: -53.766907+0.000676j
[2025-04-17 11:28:35] Iteration: 980/1000, Temp: 0.0000, Energy: -53.787624+0.004491j
[2025-04-17 11:28:52] Iteration: 981/1000, Temp: 0.0000, Energy: -53.730717-0.006346j
[2025-04-17 11:29:09] Iteration: 982/1000, Temp: 0.0000, Energy: -53.683983-0.001923j
[2025-04-17 11:29:27] Iteration: 983/1000, Temp: 0.0000, Energy: -53.645216-0.005632j
[2025-04-17 11:29:44] Iteration: 984/1000, Temp: 0.0000, Energy: -53.682588-0.000186j
[2025-04-17 11:30:01] Iteration: 985/1000, Temp: 0.0000, Energy: -53.680860+0.003347j
[2025-04-17 11:30:18] Iteration: 986/1000, Temp: 0.0000, Energy: -53.673152-0.001619j
[2025-04-17 11:30:29] Iteration: 987/1000, Temp: 0.0000, Energy: -53.657250+0.002460j
[2025-04-17 11:30:34] Iteration: 988/1000, Temp: 0.0000, Energy: -53.578529+0.002380j
[2025-04-17 11:30:39] Iteration: 989/1000, Temp: 0.0000, Energy: -53.675335-0.002110j
[2025-04-17 11:30:44] Iteration: 990/1000, Temp: 0.0000, Energy: -53.638813-0.002484j
[2025-04-17 11:30:50] Iteration: 991/1000, Temp: 0.0000, Energy: -53.679450+0.004219j
[2025-04-17 11:30:55] Iteration: 992/1000, Temp: 0.0000, Energy: -53.780445+0.002411j
[2025-04-17 11:31:00] Iteration: 993/1000, Temp: 0.0000, Energy: -53.711715-0.004471j
[2025-04-17 11:31:05] Iteration: 994/1000, Temp: 0.0000, Energy: -53.769321-0.002553j
[2025-04-17 11:31:11] Iteration: 995/1000, Temp: 0.0000, Energy: -53.751570-0.004858j
[2025-04-17 11:31:16] Iteration: 996/1000, Temp: 0.0000, Energy: -53.656198-0.000756j
[2025-04-17 11:31:21] Iteration: 997/1000, Temp: 0.0000, Energy: -53.487446-0.002824j
[2025-04-17 11:31:26] Iteration: 998/1000, Temp: 0.0000, Energy: -53.685344+0.000962j
[2025-04-17 11:31:32] Iteration: 999/1000, Temp: 0.0000, Energy: -53.672194+0.001094j
[2025-04-17 11:31:32] ==================================================
[2025-04-17 11:31:32] Training finished, total runtime = 17206.89 seconds
[2025-04-17 11:31:36] Trained quantum state parameters saved to: results/L=4/J2=0.05/J1=0.09/GCNN_L=4_J2=0.05_J1=0.09.pkl
[2025-04-17 11:31:36] ==================================================
