[2025-04-17 06:44:31] ==================================================
[2025-04-17 06:44:31] GCNN for Shastry-Sutherland lattice
[2025-04-17 06:44:31] ==================================================
[2025-04-17 06:44:31] System parameters:
[2025-04-17 06:44:31]   - System size: L=4, N=64
[2025-04-17 06:44:31]   - System parameters: J1=0.1, J2=0.05, Q=0.95
[2025-04-17 06:44:38] --------------------------------------------------
[2025-04-17 06:44:38] Model parameters:
[2025-04-17 06:44:38]   - Number of layers = 4
[2025-04-17 06:44:38]   - Number of features = 4
[2025-04-17 06:44:38]   - Symmetries used: 128
[2025-04-17 06:44:38]   - Total parameters = 12572
[2025-04-17 06:44:38] --------------------------------------------------
[2025-04-17 06:44:38] Training parameters:
[2025-04-17 06:44:38]   - Learning rate: 0.02
[2025-04-17 06:44:38]   - Total annealing steps: 1000
[2025-04-17 06:44:38]   - Samples: 4096
[2025-04-17 06:44:38]   - Discarded samples: 0
[2025-04-17 06:44:38]   - Chunk size: 1024
[2025-04-17 06:44:38] --------------------------------------------------
[2025-04-17 06:44:38] Device status:
[2025-04-17 06:44:38]   - Number of devices: 4
[2025-04-17 06:44:38]   - Sharding: False
[2025-04-17 06:44:44] --------------------------------------------------
[2025-04-17 06:44:44] Start training...
[2025-04-17 06:45:13] Iteration: 0/1000, Temp: 0.5000, Energy: 3.598454-0.000254j
[2025-04-17 06:45:26] Iteration: 1/1000, Temp: 0.4901, Energy: 3.598244+0.000313j
[2025-04-17 06:45:43] Iteration: 2/1000, Temp: 0.4804, Energy: 3.596738+0.000460j
[2025-04-17 06:46:00] Iteration: 3/1000, Temp: 0.4709, Energy: 3.597939+0.000654j
[2025-04-17 06:46:17] Iteration: 4/1000, Temp: 0.4616, Energy: 3.596849+0.000658j
[2025-04-17 06:46:34] Iteration: 5/1000, Temp: 0.4524, Energy: 3.597554-0.000357j
[2025-04-17 06:46:52] Iteration: 6/1000, Temp: 0.4435, Energy: 3.596039+0.000958j
[2025-04-17 06:47:09] Iteration: 7/1000, Temp: 0.4347, Energy: 3.596808-0.000750j
[2025-04-17 06:47:26] Iteration: 8/1000, Temp: 0.4261, Energy: 3.597090+0.001286j
[2025-04-17 06:47:43] Iteration: 9/1000, Temp: 0.4176, Energy: 3.596920-0.000369j
[2025-04-17 06:48:00] Iteration: 10/1000, Temp: 0.4094, Energy: 3.596709-0.000303j
[2025-04-17 06:48:17] Iteration: 11/1000, Temp: 0.4013, Energy: 3.594839+0.000234j
[2025-04-17 06:48:34] Iteration: 12/1000, Temp: 0.3933, Energy: 3.594899+0.000834j
[2025-04-17 06:48:51] Iteration: 13/1000, Temp: 0.3855, Energy: 3.592709+0.001951j
[2025-04-17 06:49:08] Iteration: 14/1000, Temp: 0.3779, Energy: 3.593333-0.001604j
[2025-04-17 06:49:25] Iteration: 15/1000, Temp: 0.3704, Energy: 3.593303-0.002750j
[2025-04-17 06:49:42] Iteration: 16/1000, Temp: 0.3631, Energy: 3.590034+0.002946j
[2025-04-17 06:49:59] Iteration: 17/1000, Temp: 0.3559, Energy: 3.588674+0.003075j
[2025-04-17 06:50:16] Iteration: 18/1000, Temp: 0.3488, Energy: 3.590575-0.003671j
[2025-04-17 06:50:33] Iteration: 19/1000, Temp: 0.3419, Energy: 3.587783+0.002590j
[2025-04-17 06:50:50] Iteration: 20/1000, Temp: 0.3352, Energy: 3.587494-0.000594j
[2025-04-17 06:51:07] Iteration: 21/1000, Temp: 0.3285, Energy: 3.587638-0.001162j
[2025-04-17 06:51:24] Iteration: 22/1000, Temp: 0.3220, Energy: 3.582824+0.000989j
[2025-04-17 06:51:41] Iteration: 23/1000, Temp: 0.3156, Energy: 3.580901-0.001789j
[2025-04-17 06:51:58] Iteration: 24/1000, Temp: 0.3094, Energy: 3.576944+0.004784j
[2025-04-17 06:52:15] Iteration: 25/1000, Temp: 0.3033, Energy: 3.572885+0.004016j
[2025-04-17 06:52:32] Iteration: 26/1000, Temp: 0.2973, Energy: 3.571231+0.001028j
[2025-04-17 06:52:50] Iteration: 27/1000, Temp: 0.2914, Energy: 3.565305+0.007903j
[2025-04-17 06:53:07] Iteration: 28/1000, Temp: 0.2856, Energy: 3.556562+0.007030j
[2025-04-17 06:53:24] Iteration: 29/1000, Temp: 0.2799, Energy: 3.549973+0.010122j
[2025-04-17 06:53:41] Iteration: 30/1000, Temp: 0.2744, Energy: 3.547659+0.002031j
[2025-04-17 06:53:58] Iteration: 31/1000, Temp: 0.2690, Energy: 3.544259-0.008970j
[2025-04-17 06:54:15] Iteration: 32/1000, Temp: 0.2636, Energy: 3.523025+0.008362j
[2025-04-17 06:54:32] Iteration: 33/1000, Temp: 0.2584, Energy: 3.516271+0.000469j
[2025-04-17 06:54:49] Iteration: 34/1000, Temp: 0.2533, Energy: 3.495802+0.010505j
[2025-04-17 06:55:06] Iteration: 35/1000, Temp: 0.2483, Energy: 3.484518-0.009354j
[2025-04-17 06:55:23] Iteration: 36/1000, Temp: 0.2434, Energy: 3.461527+0.004426j
[2025-04-17 06:55:40] Iteration: 37/1000, Temp: 0.2386, Energy: 3.431465+0.014047j
[2025-04-17 06:55:57] Iteration: 38/1000, Temp: 0.2338, Energy: 3.413084-0.008952j
[2025-04-17 06:56:14] Iteration: 39/1000, Temp: 0.2292, Energy: 3.371608-0.000075j
[2025-04-17 06:56:31] Iteration: 40/1000, Temp: 0.2247, Energy: 3.320242+0.008729j
[2025-04-17 06:56:48] Iteration: 41/1000, Temp: 0.2202, Energy: 3.277311+0.007838j
[2025-04-17 06:57:06] Iteration: 42/1000, Temp: 0.2159, Energy: 3.214643+0.001295j
[2025-04-17 06:57:23] Iteration: 43/1000, Temp: 0.2116, Energy: 3.142562-0.001135j
[2025-04-17 06:57:40] Iteration: 44/1000, Temp: 0.2074, Energy: 3.034450+0.027641j
[2025-04-17 06:57:57] Iteration: 45/1000, Temp: 0.2033, Energy: 2.954778-0.029743j
[2025-04-17 06:58:14] Iteration: 46/1000, Temp: 0.1993, Energy: 2.822059+0.021415j
[2025-04-17 06:58:31] Iteration: 47/1000, Temp: 0.1953, Energy: 2.655558+0.013095j
[2025-04-17 06:58:48] Iteration: 48/1000, Temp: 0.1914, Energy: 2.523216+0.009807j
[2025-04-17 06:59:05] Iteration: 49/1000, Temp: 0.1877, Energy: 2.307533+0.029424j
[2025-04-17 06:59:22] Iteration: 50/1000, Temp: 0.1839, Energy: 2.118184-0.052697j
[2025-04-17 06:59:39] Iteration: 51/1000, Temp: 0.1803, Energy: 1.834316-0.033516j
[2025-04-17 06:59:56] Iteration: 52/1000, Temp: 0.1767, Energy: 1.480053-0.040311j
[2025-04-17 07:00:13] Iteration: 53/1000, Temp: 0.1732, Energy: 1.150309+0.008974j
[2025-04-17 07:00:30] Iteration: 54/1000, Temp: 0.1698, Energy: 0.681414+0.006781j
[2025-04-17 07:00:47] Iteration: 55/1000, Temp: 0.1664, Energy: 0.329281-0.089808j
[2025-04-17 07:01:04] Iteration: 56/1000, Temp: 0.1631, Energy: -0.281264+0.032102j
[2025-04-17 07:01:21] Iteration: 57/1000, Temp: 0.1599, Energy: -0.899785+0.013889j
[2025-04-17 07:01:39] Iteration: 58/1000, Temp: 0.1567, Energy: -1.396309-0.051297j
[2025-04-17 07:01:56] Iteration: 59/1000, Temp: 0.1536, Energy: -2.189850-0.018911j
[2025-04-17 07:02:13] Iteration: 60/1000, Temp: 0.1506, Energy: -2.815808-0.122488j
[2025-04-17 07:02:30] Iteration: 61/1000, Temp: 0.1476, Energy: -3.604891-0.059962j
[2025-04-17 07:02:47] Iteration: 62/1000, Temp: 0.1447, Energy: -4.482208-0.086262j
[2025-04-17 07:03:04] Iteration: 63/1000, Temp: 0.1418, Energy: -5.218525-0.087650j
[2025-04-17 07:03:21] Iteration: 64/1000, Temp: 0.1390, Energy: -6.056738-0.102080j
[2025-04-17 07:03:38] Iteration: 65/1000, Temp: 0.1363, Energy: -6.907501+0.064170j
[2025-04-17 07:03:55] Iteration: 66/1000, Temp: 0.1336, Energy: -7.835244-0.141822j
[2025-04-17 07:04:12] Iteration: 67/1000, Temp: 0.1309, Energy: -8.771764-0.022481j
[2025-04-17 07:04:29] Iteration: 68/1000, Temp: 0.1283, Energy: -9.704884-0.192247j
[2025-04-17 07:04:46] Iteration: 69/1000, Temp: 0.1258, Energy: -10.732558-0.082993j
[2025-04-17 07:05:03] Iteration: 70/1000, Temp: 0.1233, Energy: -11.777832-0.082557j
[2025-04-17 07:05:20] Iteration: 71/1000, Temp: 0.1209, Energy: -12.787143-0.129547j
[2025-04-17 07:05:37] Iteration: 72/1000, Temp: 0.1185, Energy: -13.936308-0.175183j
[2025-04-17 07:05:54] Iteration: 73/1000, Temp: 0.1161, Energy: -15.027218-0.069294j
[2025-04-17 07:06:12] Iteration: 74/1000, Temp: 0.1138, Energy: -16.462281-0.133694j
[2025-04-17 07:06:29] Iteration: 75/1000, Temp: 0.1116, Energy: -17.876102-0.275248j
[2025-04-17 07:06:46] Iteration: 76/1000, Temp: 0.1094, Energy: -19.600888-0.236509j
[2025-04-17 07:07:03] Iteration: 77/1000, Temp: 0.1072, Energy: -21.194757-0.253804j
[2025-04-17 07:07:20] Iteration: 78/1000, Temp: 0.1051, Energy: -23.255299-0.398545j
[2025-04-17 07:07:37] Iteration: 79/1000, Temp: 0.1030, Energy: -26.121929-0.430060j
[2025-04-17 07:07:54] Iteration: 80/1000, Temp: 0.1009, Energy: -29.315244-0.452242j
[2025-04-17 07:08:11] Iteration: 81/1000, Temp: 0.0989, Energy: -33.018017-0.742513j
[2025-04-17 07:08:28] Iteration: 82/1000, Temp: 0.0970, Energy: -36.629151-0.803640j
[2025-04-17 07:08:45] Iteration: 83/1000, Temp: 0.0951, Energy: -40.109817-0.804983j
[2025-04-17 07:09:02] Iteration: 84/1000, Temp: 0.0932, Energy: -42.961161-0.508151j
[2025-04-17 07:09:19] Iteration: 85/1000, Temp: 0.0913, Energy: -44.767528-0.380633j
[2025-04-17 07:09:36] Iteration: 86/1000, Temp: 0.0895, Energy: -45.931331-0.282450j
[2025-04-17 07:09:53] Iteration: 87/1000, Temp: 0.0878, Energy: -47.173134-0.167221j
[2025-04-17 07:10:10] Iteration: 88/1000, Temp: 0.0860, Energy: -48.190393-0.150487j
[2025-04-17 07:10:28] Iteration: 89/1000, Temp: 0.0843, Energy: -49.129184-0.096952j
[2025-04-17 07:10:45] Iteration: 90/1000, Temp: 0.0826, Energy: -49.687819-0.050477j
[2025-04-17 07:11:02] Iteration: 91/1000, Temp: 0.0810, Energy: -50.008939-0.005951j
[2025-04-17 07:11:19] Iteration: 92/1000, Temp: 0.0794, Energy: -50.472402-0.040502j
[2025-04-17 07:11:36] Iteration: 93/1000, Temp: 0.0778, Energy: -50.708838+0.046786j
[2025-04-17 07:11:53] Iteration: 94/1000, Temp: 0.0763, Energy: -51.074763+0.072181j
[2025-04-17 07:12:10] Iteration: 95/1000, Temp: 0.0748, Energy: -51.192253+0.057116j
[2025-04-17 07:12:27] Iteration: 96/1000, Temp: 0.0733, Energy: -51.352304+0.028434j
[2025-04-17 07:12:44] Iteration: 97/1000, Temp: 0.0719, Energy: -51.442077+0.092689j
[2025-04-17 07:13:01] Iteration: 98/1000, Temp: 0.0704, Energy: -51.587353+0.066865j
[2025-04-17 07:13:18] Iteration: 99/1000, Temp: 0.0690, Energy: -51.888231+0.046900j
[2025-04-17 07:13:35] Iteration: 100/1000, Temp: 0.0677, Energy: -51.865612+0.063616j
[2025-04-17 07:13:53] Iteration: 101/1000, Temp: 0.0663, Energy: -51.940343+0.033008j
[2025-04-17 07:14:10] Iteration: 102/1000, Temp: 0.0650, Energy: -52.061075+0.058016j
[2025-04-17 07:14:27] Iteration: 103/1000, Temp: 0.0637, Energy: -52.153978+0.023177j
[2025-04-17 07:14:44] Iteration: 104/1000, Temp: 0.0625, Energy: -52.275886-0.000508j
[2025-04-17 07:15:01] Iteration: 105/1000, Temp: 0.0612, Energy: -52.196243-0.005502j
[2025-04-17 07:15:18] Iteration: 106/1000, Temp: 0.0600, Energy: -52.340223-0.002877j
[2025-04-17 07:15:35] Iteration: 107/1000, Temp: 0.0588, Energy: -52.271495+0.051020j
[2025-04-17 07:15:53] Iteration: 108/1000, Temp: 0.0577, Energy: -52.255122+0.034639j
[2025-04-17 07:16:10] Iteration: 109/1000, Temp: 0.0565, Energy: -52.447847-0.012664j
[2025-04-17 07:16:27] Iteration: 110/1000, Temp: 0.0554, Energy: -52.424955+0.058691j
[2025-04-17 07:16:44] Iteration: 111/1000, Temp: 0.0543, Energy: -52.614838+0.055867j
[2025-04-17 07:17:01] Iteration: 112/1000, Temp: 0.0532, Energy: -52.554267+0.012070j
[2025-04-17 07:17:18] Iteration: 113/1000, Temp: 0.0522, Energy: -52.615250+0.025089j
[2025-04-17 07:17:35] Iteration: 114/1000, Temp: 0.0511, Energy: -52.569574+0.043565j
[2025-04-17 07:17:52] Iteration: 115/1000, Temp: 0.0501, Energy: -52.634351+0.023429j
[2025-04-17 07:18:10] Iteration: 116/1000, Temp: 0.0491, Energy: -52.711731+0.022609j
[2025-04-17 07:18:27] Iteration: 117/1000, Temp: 0.0482, Energy: -52.714508+0.004201j
[2025-04-17 07:18:44] Iteration: 118/1000, Temp: 0.0472, Energy: -52.756161+0.024820j
[2025-04-17 07:19:01] Iteration: 119/1000, Temp: 0.0463, Energy: -52.790853+0.028683j
[2025-04-17 07:19:18] Iteration: 120/1000, Temp: 0.0454, Energy: -52.854583+0.001310j
[2025-04-17 07:19:35] Iteration: 121/1000, Temp: 0.0445, Energy: -52.893561+0.026279j
[2025-04-17 07:19:52] Iteration: 122/1000, Temp: 0.0436, Energy: -52.866439-0.004444j
[2025-04-17 07:20:10] Iteration: 123/1000, Temp: 0.0427, Energy: -53.134231+0.010750j
[2025-04-17 07:20:27] Iteration: 124/1000, Temp: 0.0419, Energy: -53.245455+0.042325j
[2025-04-17 07:20:44] Iteration: 125/1000, Temp: 0.0410, Energy: -53.092426+0.025444j
[2025-04-17 07:21:01] Iteration: 126/1000, Temp: 0.0402, Energy: -53.170609+0.023844j
[2025-04-17 07:21:18] Iteration: 127/1000, Temp: 0.0394, Energy: -53.135663-0.006045j
[2025-04-17 07:21:35] Iteration: 128/1000, Temp: 0.0387, Energy: -53.100690+0.011262j
[2025-04-17 07:21:52] Iteration: 129/1000, Temp: 0.0379, Energy: -53.315565+0.008761j
[2025-04-17 07:22:09] Iteration: 130/1000, Temp: 0.0371, Energy: -53.152625+0.033433j
[2025-04-17 07:22:27] Iteration: 131/1000, Temp: 0.0364, Energy: -53.405057+0.010405j
[2025-04-17 07:22:44] Iteration: 132/1000, Temp: 0.0357, Energy: -53.370395+0.024822j
[2025-04-17 07:23:01] Iteration: 133/1000, Temp: 0.0350, Energy: -53.434679+0.061792j
[2025-04-17 07:23:18] Iteration: 134/1000, Temp: 0.0343, Energy: -53.445596+0.042088j
[2025-04-17 07:23:35] Iteration: 135/1000, Temp: 0.0336, Energy: -53.572795+0.043717j
[2025-04-17 07:23:52] Iteration: 136/1000, Temp: 0.0329, Energy: -53.461154+0.076033j
[2025-04-17 07:24:09] Iteration: 137/1000, Temp: 0.0323, Energy: -53.648292+0.063843j
[2025-04-17 07:24:27] Iteration: 138/1000, Temp: 0.0316, Energy: -53.608843+0.013217j
[2025-04-17 07:24:44] Iteration: 139/1000, Temp: 0.0310, Energy: -53.662229+0.022134j
[2025-04-17 07:25:01] Iteration: 140/1000, Temp: 0.0304, Energy: -53.793000+0.018692j
[2025-04-17 07:25:18] Iteration: 141/1000, Temp: 0.0298, Energy: -53.703251-0.003950j
[2025-04-17 07:25:35] Iteration: 142/1000, Temp: 0.0292, Energy: -53.797245+0.018577j
[2025-04-17 07:25:52] Iteration: 143/1000, Temp: 0.0286, Energy: -53.587086-0.003299j
[2025-04-17 07:26:09] Iteration: 144/1000, Temp: 0.0281, Energy: -53.652432+0.017681j
[2025-04-17 07:26:27] Iteration: 145/1000, Temp: 0.0275, Energy: -53.758185+0.020727j
[2025-04-17 07:26:44] Iteration: 146/1000, Temp: 0.0270, Energy: -53.826772+0.022529j
[2025-04-17 07:27:01] Iteration: 147/1000, Temp: 0.0264, Energy: -53.731020+0.056402j
[2025-04-17 07:27:18] Iteration: 148/1000, Temp: 0.0259, Energy: -53.658187+0.065163j
[2025-04-17 07:27:35] Iteration: 149/1000, Temp: 0.0254, Energy: -53.726106+0.039343j
[2025-04-17 07:27:52] Iteration: 150/1000, Temp: 0.0249, Energy: -53.649018+0.005476j
[2025-04-17 07:28:09] Iteration: 151/1000, Temp: 0.0244, Energy: -53.731075+0.022357j
[2025-04-17 07:28:26] Iteration: 152/1000, Temp: 0.0239, Energy: -53.756712+0.039268j
[2025-04-17 07:28:44] Iteration: 153/1000, Temp: 0.0234, Energy: -53.740429-0.000730j
[2025-04-17 07:29:01] Iteration: 154/1000, Temp: 0.0230, Energy: -53.783854-0.002807j
[2025-04-17 07:29:18] Iteration: 155/1000, Temp: 0.0225, Energy: -53.905067+0.022739j
[2025-04-17 07:29:35] Iteration: 156/1000, Temp: 0.0221, Energy: -53.843224+0.012907j
[2025-04-17 07:29:52] Iteration: 157/1000, Temp: 0.0216, Energy: -53.827974+0.022121j
[2025-04-17 07:30:09] Iteration: 158/1000, Temp: 0.0212, Energy: -53.686973+0.042155j
[2025-04-17 07:30:26] Iteration: 159/1000, Temp: 0.0208, Energy: -53.819898+0.032801j
[2025-04-17 07:30:44] Iteration: 160/1000, Temp: 0.0204, Energy: -53.777683+0.005371j
[2025-04-17 07:31:01] Iteration: 161/1000, Temp: 0.0200, Energy: -53.764344-0.007422j
[2025-04-17 07:31:18] Iteration: 162/1000, Temp: 0.0196, Energy: -53.767377+0.016430j
[2025-04-17 07:31:35] Iteration: 163/1000, Temp: 0.0192, Energy: -53.896667+0.014786j
[2025-04-17 07:31:52] Iteration: 164/1000, Temp: 0.0188, Energy: -53.888580-0.013602j
[2025-04-17 07:32:09] Iteration: 165/1000, Temp: 0.0184, Energy: -53.821480+0.000175j
[2025-04-17 07:32:26] Iteration: 166/1000, Temp: 0.0181, Energy: -53.837413+0.005491j
[2025-04-17 07:32:43] Iteration: 167/1000, Temp: 0.0177, Energy: -53.896897-0.020314j
[2025-04-17 07:33:00] Iteration: 168/1000, Temp: 0.0174, Energy: -53.932206+0.001595j
[2025-04-17 07:33:17] Iteration: 169/1000, Temp: 0.0170, Energy: -53.782627-0.032110j
[2025-04-17 07:33:34] Iteration: 170/1000, Temp: 0.0167, Energy: -53.800211-0.002542j
[2025-04-17 07:33:51] Iteration: 171/1000, Temp: 0.0164, Energy: -53.707017+0.036077j
[2025-04-17 07:34:08] Iteration: 172/1000, Temp: 0.0160, Energy: -53.817344+0.022502j
[2025-04-17 07:34:26] Iteration: 173/1000, Temp: 0.0157, Energy: -53.926916-0.007998j
[2025-04-17 07:34:43] Iteration: 174/1000, Temp: 0.0154, Energy: -53.905336-0.002863j
[2025-04-17 07:35:00] Iteration: 175/1000, Temp: 0.0151, Energy: -53.968575+0.008301j
[2025-04-17 07:35:17] Iteration: 176/1000, Temp: 0.0148, Energy: -53.990762+0.002198j
[2025-04-17 07:35:34] Iteration: 177/1000, Temp: 0.0145, Energy: -54.002934+0.015195j
[2025-04-17 07:35:51] Iteration: 178/1000, Temp: 0.0142, Energy: -54.026084+0.026856j
[2025-04-17 07:36:09] Iteration: 179/1000, Temp: 0.0139, Energy: -53.743658+0.007662j
[2025-04-17 07:36:26] Iteration: 180/1000, Temp: 0.0137, Energy: -53.850650+0.017952j
[2025-04-17 07:36:43] Iteration: 181/1000, Temp: 0.0134, Energy: -53.877947-0.019165j
[2025-04-17 07:37:00] Iteration: 182/1000, Temp: 0.0131, Energy: -53.953866+0.007561j
[2025-04-17 07:37:17] Iteration: 183/1000, Temp: 0.0129, Energy: -53.905325+0.015064j
[2025-04-17 07:37:34] Iteration: 184/1000, Temp: 0.0126, Energy: -53.987109+0.004254j
[2025-04-17 07:37:51] Iteration: 185/1000, Temp: 0.0124, Energy: -53.957831-0.002526j
[2025-04-17 07:38:09] Iteration: 186/1000, Temp: 0.0121, Energy: -53.937334-0.003254j
[2025-04-17 07:38:26] Iteration: 187/1000, Temp: 0.0119, Energy: -53.811112+0.011986j
[2025-04-17 07:38:43] Iteration: 188/1000, Temp: 0.0116, Energy: -53.808959+0.002873j
[2025-04-17 07:39:00] Iteration: 189/1000, Temp: 0.0114, Energy: -53.861430+0.012409j
[2025-04-17 07:39:17] Iteration: 190/1000, Temp: 0.0112, Energy: -53.871733+0.000329j
[2025-04-17 07:39:34] Iteration: 191/1000, Temp: 0.0110, Energy: -54.048549-0.009589j
[2025-04-17 07:39:51] Iteration: 192/1000, Temp: 0.0107, Energy: -53.903692+0.014593j
[2025-04-17 07:40:08] Iteration: 193/1000, Temp: 0.0105, Energy: -53.914829+0.002679j
[2025-04-17 07:40:26] Iteration: 194/1000, Temp: 0.0103, Energy: -54.009403+0.011700j
[2025-04-17 07:40:43] Iteration: 195/1000, Temp: 0.0101, Energy: -54.003010+0.008043j
[2025-04-17 07:41:00] Iteration: 196/1000, Temp: 0.0099, Energy: -53.907839+0.008195j
[2025-04-17 07:41:17] Iteration: 197/1000, Temp: 0.0097, Energy: -53.922853-0.001795j
[2025-04-17 07:41:34] Iteration: 198/1000, Temp: 0.0095, Energy: -53.851072+0.022191j
[2025-04-17 07:41:51] Iteration: 199/1000, Temp: 0.0093, Energy: -53.932773+0.006837j
[2025-04-17 07:42:08] Iteration: 200/1000, Temp: 0.0092, Energy: -53.972888+0.014636j
[2025-04-17 07:42:25] Iteration: 201/1000, Temp: 0.0090, Energy: -53.895357+0.001859j
[2025-04-17 07:42:43] Iteration: 202/1000, Temp: 0.0088, Energy: -53.979621-0.001221j
[2025-04-17 07:43:00] Iteration: 203/1000, Temp: 0.0086, Energy: -53.888341+0.028190j
[2025-04-17 07:43:17] Iteration: 204/1000, Temp: 0.0085, Energy: -54.065797+0.001665j
[2025-04-17 07:43:34] Iteration: 205/1000, Temp: 0.0083, Energy: -54.033014-0.008129j
[2025-04-17 07:43:51] Iteration: 206/1000, Temp: 0.0081, Energy: -54.003279+0.005139j
[2025-04-17 07:44:08] Iteration: 207/1000, Temp: 0.0080, Energy: -53.888652+0.012627j
[2025-04-17 07:44:25] Iteration: 208/1000, Temp: 0.0078, Energy: -53.951468-0.002609j
[2025-04-17 07:44:43] Iteration: 209/1000, Temp: 0.0076, Energy: -53.912668-0.010918j
[2025-04-17 07:45:00] Iteration: 210/1000, Temp: 0.0075, Energy: -54.080788-0.019927j
[2025-04-17 07:45:17] Iteration: 211/1000, Temp: 0.0073, Energy: -53.979120-0.004464j
[2025-04-17 07:45:34] Iteration: 212/1000, Temp: 0.0072, Energy: -54.070765+0.009287j
[2025-04-17 07:45:51] Iteration: 213/1000, Temp: 0.0071, Energy: -54.046340-0.000749j
[2025-04-17 07:46:08] Iteration: 214/1000, Temp: 0.0069, Energy: -54.109491-0.017724j
[2025-04-17 07:46:25] Iteration: 215/1000, Temp: 0.0068, Energy: -53.993900+0.002810j
[2025-04-17 07:46:43] Iteration: 216/1000, Temp: 0.0066, Energy: -54.145930-0.001010j
[2025-04-17 07:47:00] Iteration: 217/1000, Temp: 0.0065, Energy: -53.994925-0.011914j
[2025-04-17 07:47:17] Iteration: 218/1000, Temp: 0.0064, Energy: -53.979595-0.000171j
[2025-04-17 07:47:34] Iteration: 219/1000, Temp: 0.0063, Energy: -54.100858+0.013983j
[2025-04-17 07:47:51] Iteration: 220/1000, Temp: 0.0061, Energy: -53.918872-0.000928j
[2025-04-17 07:48:08] Iteration: 221/1000, Temp: 0.0060, Energy: -54.177028+0.002579j
[2025-04-17 07:48:25] Iteration: 222/1000, Temp: 0.0059, Energy: -54.087163+0.007420j
[2025-04-17 07:48:42] Iteration: 223/1000, Temp: 0.0058, Energy: -54.017049-0.008068j
[2025-04-17 07:49:00] Iteration: 224/1000, Temp: 0.0057, Energy: -53.972469+0.003112j
[2025-04-17 07:49:17] Iteration: 225/1000, Temp: 0.0056, Energy: -53.923550-0.003721j
[2025-04-17 07:49:34] Iteration: 226/1000, Temp: 0.0054, Energy: -54.012138+0.006273j
[2025-04-17 07:49:51] Iteration: 227/1000, Temp: 0.0053, Energy: -54.066806+0.005303j
[2025-04-17 07:50:08] Iteration: 228/1000, Temp: 0.0052, Energy: -54.018292-0.006426j
[2025-04-17 07:50:25] Iteration: 229/1000, Temp: 0.0051, Energy: -53.969447-0.008547j
[2025-04-17 07:50:42] Iteration: 230/1000, Temp: 0.0050, Energy: -53.962256-0.006105j
[2025-04-17 07:51:00] Iteration: 231/1000, Temp: 0.0049, Energy: -53.978737-0.008996j
[2025-04-17 07:51:17] Iteration: 232/1000, Temp: 0.0048, Energy: -54.021156+0.006204j
[2025-04-17 07:51:34] Iteration: 233/1000, Temp: 0.0047, Energy: -53.969096+0.001208j
[2025-04-17 07:51:51] Iteration: 234/1000, Temp: 0.0046, Energy: -53.837184+0.003664j
[2025-04-17 07:52:08] Iteration: 235/1000, Temp: 0.0045, Energy: -54.054004-0.010186j
[2025-04-17 07:52:25] Iteration: 236/1000, Temp: 0.0045, Energy: -53.955094-0.001299j
[2025-04-17 07:52:42] Iteration: 237/1000, Temp: 0.0044, Energy: -54.069727+0.003906j
[2025-04-17 07:52:59] Iteration: 238/1000, Temp: 0.0043, Energy: -54.103960+0.017493j
[2025-04-17 07:53:17] Iteration: 239/1000, Temp: 0.0042, Energy: -54.070309-0.003136j
[2025-04-17 07:53:34] Iteration: 240/1000, Temp: 0.0041, Energy: -54.039215+0.007064j
[2025-04-17 07:53:51] Iteration: 241/1000, Temp: 0.0040, Energy: -54.080197+0.007765j
[2025-04-17 07:54:08] Iteration: 242/1000, Temp: 0.0040, Energy: -54.009921+0.007352j
[2025-04-17 07:54:25] Iteration: 243/1000, Temp: 0.0039, Energy: -54.001960+0.007910j
[2025-04-17 07:54:42] Iteration: 244/1000, Temp: 0.0038, Energy: -54.040047-0.001263j
[2025-04-17 07:54:59] Iteration: 245/1000, Temp: 0.0037, Energy: -53.921992-0.003044j
[2025-04-17 07:55:16] Iteration: 246/1000, Temp: 0.0036, Energy: -53.929214+0.001240j
[2025-04-17 07:55:33] Iteration: 247/1000, Temp: 0.0036, Energy: -54.081773-0.007356j
[2025-04-17 07:55:50] Iteration: 248/1000, Temp: 0.0035, Energy: -54.055130-0.003487j
[2025-04-17 07:56:07] Iteration: 249/1000, Temp: 0.0034, Energy: -53.919073-0.007814j
[2025-04-17 07:56:25] Iteration: 250/1000, Temp: 0.0034, Energy: -54.047977+0.008790j
[2025-04-17 07:56:42] Iteration: 251/1000, Temp: 0.0033, Energy: -53.946888-0.000988j
[2025-04-17 07:56:59] Iteration: 252/1000, Temp: 0.0032, Energy: -53.949587+0.000217j
[2025-04-17 07:57:16] Iteration: 253/1000, Temp: 0.0032, Energy: -53.908076-0.020865j
[2025-04-17 07:57:33] Iteration: 254/1000, Temp: 0.0031, Energy: -54.011287+0.008085j
[2025-04-17 07:57:50] Iteration: 255/1000, Temp: 0.0030, Energy: -54.101903+0.010172j
[2025-04-17 07:58:07] Iteration: 256/1000, Temp: 0.0030, Energy: -54.050959+0.002411j
[2025-04-17 07:58:25] Iteration: 257/1000, Temp: 0.0029, Energy: -53.984978+0.001127j
[2025-04-17 07:58:42] Iteration: 258/1000, Temp: 0.0029, Energy: -54.112728-0.003308j
[2025-04-17 07:58:59] Iteration: 259/1000, Temp: 0.0028, Energy: -53.982565+0.002031j
[2025-04-17 07:59:16] Iteration: 260/1000, Temp: 0.0028, Energy: -53.880169-0.004131j
[2025-04-17 07:59:33] Iteration: 261/1000, Temp: 0.0027, Energy: -54.047344-0.004241j
[2025-04-17 07:59:50] Iteration: 262/1000, Temp: 0.0027, Energy: -54.048393-0.018262j
[2025-04-17 08:00:07] Iteration: 263/1000, Temp: 0.0026, Energy: -54.026825+0.008742j
[2025-04-17 08:00:24] Iteration: 264/1000, Temp: 0.0025, Energy: -53.960222-0.002072j
[2025-04-17 08:00:41] Iteration: 265/1000, Temp: 0.0025, Energy: -53.980474-0.015588j
[2025-04-17 08:00:59] Iteration: 266/1000, Temp: 0.0024, Energy: -53.873703-0.008495j
[2025-04-17 08:01:16] Iteration: 267/1000, Temp: 0.0024, Energy: -53.924900-0.006810j
[2025-04-17 08:01:33] Iteration: 268/1000, Temp: 0.0024, Energy: -54.037812+0.001747j
[2025-04-17 08:01:50] Iteration: 269/1000, Temp: 0.0023, Energy: -54.086414+0.004249j
[2025-04-17 08:02:07] Iteration: 270/1000, Temp: 0.0023, Energy: -54.059105+0.013682j
[2025-04-17 08:02:24] Iteration: 271/1000, Temp: 0.0022, Energy: -53.986986-0.001187j
[2025-04-17 08:02:41] Iteration: 272/1000, Temp: 0.0022, Energy: -54.058918+0.019080j
[2025-04-17 08:02:59] Iteration: 273/1000, Temp: 0.0021, Energy: -53.832988-0.000261j
[2025-04-17 08:03:16] Iteration: 274/1000, Temp: 0.0021, Energy: -53.895222+0.002977j
[2025-04-17 08:03:33] Iteration: 275/1000, Temp: 0.0020, Energy: -53.885683+0.005037j
[2025-04-17 08:03:50] Iteration: 276/1000, Temp: 0.0020, Energy: -53.948943-0.003045j
[2025-04-17 08:04:07] Iteration: 277/1000, Temp: 0.0020, Energy: -54.064203+0.010403j
[2025-04-17 08:04:24] Iteration: 278/1000, Temp: 0.0019, Energy: -53.965932+0.018771j
[2025-04-17 08:04:41] Iteration: 279/1000, Temp: 0.0019, Energy: -53.987567-0.005221j
[2025-04-17 08:04:59] Iteration: 280/1000, Temp: 0.0018, Energy: -54.020967-0.001069j
[2025-04-17 08:05:16] Iteration: 281/1000, Temp: 0.0018, Energy: -54.024172+0.007980j
[2025-04-17 08:05:33] Iteration: 282/1000, Temp: 0.0018, Energy: -53.953344-0.003157j
[2025-04-17 08:05:50] Iteration: 283/1000, Temp: 0.0017, Energy: -54.003963-0.002440j
[2025-04-17 08:06:07] Iteration: 284/1000, Temp: 0.0017, Energy: -54.035200+0.004993j
[2025-04-17 08:06:24] Iteration: 285/1000, Temp: 0.0017, Energy: -53.950383-0.011429j
[2025-04-17 08:06:41] Iteration: 286/1000, Temp: 0.0016, Energy: -54.089829+0.006958j
[2025-04-17 08:06:59] Iteration: 287/1000, Temp: 0.0016, Energy: -54.139280+0.007921j
[2025-04-17 08:07:16] Iteration: 288/1000, Temp: 0.0016, Energy: -54.114992-0.002091j
[2025-04-17 08:07:33] Iteration: 289/1000, Temp: 0.0015, Energy: -54.037714-0.008756j
[2025-04-17 08:07:50] Iteration: 290/1000, Temp: 0.0015, Energy: -54.044174-0.003076j
[2025-04-17 08:08:07] Iteration: 291/1000, Temp: 0.0015, Energy: -54.015649+0.005925j
[2025-04-17 08:08:24] Iteration: 292/1000, Temp: 0.0015, Energy: -54.039814-0.010338j
[2025-04-17 08:08:41] Iteration: 293/1000, Temp: 0.0014, Energy: -53.958163-0.005525j
[2025-04-17 08:08:59] Iteration: 294/1000, Temp: 0.0014, Energy: -53.844840+0.009923j
[2025-04-17 08:09:16] Iteration: 295/1000, Temp: 0.0014, Energy: -54.091061-0.010469j
[2025-04-17 08:09:33] Iteration: 296/1000, Temp: 0.0013, Energy: -54.006537+0.001903j
[2025-04-17 08:09:50] Iteration: 297/1000, Temp: 0.0013, Energy: -54.015528+0.010658j
[2025-04-17 08:10:07] Iteration: 298/1000, Temp: 0.0013, Energy: -54.056805+0.001536j
[2025-04-17 08:10:24] Iteration: 299/1000, Temp: 0.0013, Energy: -54.034611+0.001623j
[2025-04-17 08:10:41] Iteration: 300/1000, Temp: 0.0012, Energy: -54.073213-0.010505j
[2025-04-17 08:10:59] Iteration: 301/1000, Temp: 0.0012, Energy: -54.104244+0.006780j
[2025-04-17 08:11:16] Iteration: 302/1000, Temp: 0.0012, Energy: -53.996776-0.003089j
[2025-04-17 08:11:33] Iteration: 303/1000, Temp: 0.0012, Energy: -54.001784-0.003503j
[2025-04-17 08:11:50] Iteration: 304/1000, Temp: 0.0011, Energy: -53.930408-0.006704j
[2025-04-17 08:12:07] Iteration: 305/1000, Temp: 0.0011, Energy: -54.080666-0.005556j
[2025-04-17 08:12:24] Iteration: 306/1000, Temp: 0.0011, Energy: -54.055453+0.009780j
[2025-04-17 08:12:41] Iteration: 307/1000, Temp: 0.0011, Energy: -54.113803-0.008128j
[2025-04-17 08:12:59] Iteration: 308/1000, Temp: 0.0011, Energy: -54.075596-0.003545j
[2025-04-17 08:13:16] Iteration: 309/1000, Temp: 0.0010, Energy: -54.047258-0.010978j
[2025-04-17 08:13:33] Iteration: 310/1000, Temp: 0.0010, Energy: -53.894630+0.002387j
[2025-04-17 08:13:50] Iteration: 311/1000, Temp: 0.0010, Energy: -53.854434+0.007125j
[2025-04-17 08:14:07] Iteration: 312/1000, Temp: 0.0010, Energy: -53.902111-0.000880j
[2025-04-17 08:14:24] Iteration: 313/1000, Temp: 0.0010, Energy: -54.020448+0.002650j
[2025-04-17 08:14:41] Iteration: 314/1000, Temp: 0.0009, Energy: -54.026884+0.011043j
[2025-04-17 08:14:59] Iteration: 315/1000, Temp: 0.0009, Energy: -53.943371-0.001227j
[2025-04-17 08:15:16] Iteration: 316/1000, Temp: 0.0009, Energy: -54.017278-0.006563j
[2025-04-17 08:15:33] Iteration: 317/1000, Temp: 0.0009, Energy: -54.089134-0.002831j
[2025-04-17 08:15:50] Iteration: 318/1000, Temp: 0.0009, Energy: -54.087225-0.010232j
[2025-04-17 08:16:07] Iteration: 319/1000, Temp: 0.0008, Energy: -53.997411+0.006270j
[2025-04-17 08:16:24] Iteration: 320/1000, Temp: 0.0008, Energy: -54.108071+0.001639j
[2025-04-17 08:16:41] Iteration: 321/1000, Temp: 0.0008, Energy: -53.979152-0.003338j
[2025-04-17 08:16:58] Iteration: 322/1000, Temp: 0.0008, Energy: -53.961826-0.002873j
[2025-04-17 08:17:15] Iteration: 323/1000, Temp: 0.0008, Energy: -53.960232+0.008983j
[2025-04-17 08:17:32] Iteration: 324/1000, Temp: 0.0008, Energy: -53.883436-0.000625j
[2025-04-17 08:17:50] Iteration: 325/1000, Temp: 0.0008, Energy: -54.008006-0.003168j
[2025-04-17 08:18:07] Iteration: 326/1000, Temp: 0.0007, Energy: -53.965179+0.000312j
[2025-04-17 08:18:24] Iteration: 327/1000, Temp: 0.0007, Energy: -53.954803-0.009906j
[2025-04-17 08:18:41] Iteration: 328/1000, Temp: 0.0007, Energy: -53.923321+0.000304j
[2025-04-17 08:18:58] Iteration: 329/1000, Temp: 0.0007, Energy: -53.881819-0.007979j
[2025-04-17 08:19:15] Iteration: 330/1000, Temp: 0.0007, Energy: -54.000008-0.014981j
[2025-04-17 08:19:32] Iteration: 331/1000, Temp: 0.0007, Energy: -53.973305-0.000883j
[2025-04-17 08:19:49] Iteration: 332/1000, Temp: 0.0007, Energy: -54.005586-0.011567j
[2025-04-17 08:20:06] Iteration: 333/1000, Temp: 0.0006, Energy: -53.949141-0.004782j
[2025-04-17 08:20:24] Iteration: 334/1000, Temp: 0.0006, Energy: -53.940733-0.003673j
[2025-04-17 08:20:41] Iteration: 335/1000, Temp: 0.0006, Energy: -54.068688-0.009251j
[2025-04-17 08:20:58] Iteration: 336/1000, Temp: 0.0006, Energy: -54.037882+0.003797j
[2025-04-17 08:21:15] Iteration: 337/1000, Temp: 0.0006, Energy: -54.038711+0.003722j
[2025-04-17 08:21:32] Iteration: 338/1000, Temp: 0.0006, Energy: -54.103582+0.000936j
[2025-04-17 08:21:49] Iteration: 339/1000, Temp: 0.0006, Energy: -54.128984+0.013456j
[2025-04-17 08:22:06] Iteration: 340/1000, Temp: 0.0006, Energy: -54.076302-0.001081j
[2025-04-17 08:22:24] Iteration: 341/1000, Temp: 0.0005, Energy: -54.084142-0.000806j
[2025-04-17 08:22:41] Iteration: 342/1000, Temp: 0.0005, Energy: -54.083358+0.006622j
[2025-04-17 08:22:58] Iteration: 343/1000, Temp: 0.0005, Energy: -53.953481-0.004034j
[2025-04-17 08:23:15] Iteration: 344/1000, Temp: 0.0005, Energy: -53.937282-0.006024j
[2025-04-17 08:23:32] Iteration: 345/1000, Temp: 0.0005, Energy: -54.014136-0.017264j
[2025-04-17 08:23:49] Iteration: 346/1000, Temp: 0.0005, Energy: -54.064800+0.005395j
[2025-04-17 08:24:06] Iteration: 347/1000, Temp: 0.0005, Energy: -54.047062-0.001506j
[2025-04-17 08:24:24] Iteration: 348/1000, Temp: 0.0005, Energy: -54.082457-0.006132j
[2025-04-17 08:24:41] Iteration: 349/1000, Temp: 0.0005, Energy: -54.087609+0.000198j
[2025-04-17 08:24:58] Iteration: 350/1000, Temp: 0.0005, Energy: -54.129451-0.003236j
[2025-04-17 08:25:15] Iteration: 351/1000, Temp: 0.0004, Energy: -53.989673-0.003958j
[2025-04-17 08:25:32] Iteration: 352/1000, Temp: 0.0004, Energy: -54.092723-0.013151j
[2025-04-17 08:25:49] Iteration: 353/1000, Temp: 0.0004, Energy: -54.057387-0.005056j
[2025-04-17 08:26:06] Iteration: 354/1000, Temp: 0.0004, Energy: -54.047183+0.010029j
[2025-04-17 08:26:24] Iteration: 355/1000, Temp: 0.0004, Energy: -54.134100+0.000533j
[2025-04-17 08:26:41] Iteration: 356/1000, Temp: 0.0004, Energy: -53.983292-0.003878j
[2025-04-17 08:26:58] Iteration: 357/1000, Temp: 0.0004, Energy: -54.138416-0.004221j
[2025-04-17 08:27:15] Iteration: 358/1000, Temp: 0.0004, Energy: -54.047303-0.009531j
[2025-04-17 08:27:32] Iteration: 359/1000, Temp: 0.0004, Energy: -53.932131+0.006291j
[2025-04-17 08:27:49] Iteration: 360/1000, Temp: 0.0004, Energy: -54.036624+0.007285j
[2025-04-17 08:28:06] Iteration: 361/1000, Temp: 0.0004, Energy: -53.882917+0.001418j
[2025-04-17 08:28:24] Iteration: 362/1000, Temp: 0.0004, Energy: -53.748800+0.005611j
[2025-04-17 08:28:41] Iteration: 363/1000, Temp: 0.0004, Energy: -53.801003+0.007095j
[2025-04-17 08:28:58] Iteration: 364/1000, Temp: 0.0003, Energy: -54.010078+0.007600j
[2025-04-17 08:29:15] Iteration: 365/1000, Temp: 0.0003, Energy: -54.094143-0.008006j
[2025-04-17 08:29:32] Iteration: 366/1000, Temp: 0.0003, Energy: -54.045599-0.011049j
[2025-04-17 08:29:49] Iteration: 367/1000, Temp: 0.0003, Energy: -54.096616+0.005565j
[2025-04-17 08:30:06] Iteration: 368/1000, Temp: 0.0003, Energy: -54.003895-0.006795j
[2025-04-17 08:30:24] Iteration: 369/1000, Temp: 0.0003, Energy: -53.981038-0.002347j
[2025-04-17 08:30:41] Iteration: 370/1000, Temp: 0.0003, Energy: -54.096771-0.002316j
[2025-04-17 08:30:58] Iteration: 371/1000, Temp: 0.0003, Energy: -54.169165-0.015559j
[2025-04-17 08:31:15] Iteration: 372/1000, Temp: 0.0003, Energy: -53.922614+0.006777j
[2025-04-17 08:31:32] Iteration: 373/1000, Temp: 0.0003, Energy: -53.856334-0.004371j
[2025-04-17 08:31:49] Iteration: 374/1000, Temp: 0.0003, Energy: -54.034882+0.005221j
[2025-04-17 08:32:06] Iteration: 375/1000, Temp: 0.0003, Energy: -54.110771+0.009753j
[2025-04-17 08:32:23] Iteration: 376/1000, Temp: 0.0003, Energy: -54.070251-0.001348j
[2025-04-17 08:32:41] Iteration: 377/1000, Temp: 0.0003, Energy: -54.094778-0.008111j
[2025-04-17 08:32:58] Iteration: 378/1000, Temp: 0.0003, Energy: -54.051333-0.000467j
[2025-04-17 08:33:15] Iteration: 379/1000, Temp: 0.0003, Energy: -54.023182+0.005523j
[2025-04-17 08:33:32] Iteration: 380/1000, Temp: 0.0003, Energy: -54.009868+0.010644j
[2025-04-17 08:33:49] Iteration: 381/1000, Temp: 0.0002, Energy: -53.953847-0.004932j
[2025-04-17 08:34:06] Iteration: 382/1000, Temp: 0.0002, Energy: -54.009847+0.001962j
[2025-04-17 08:34:24] Iteration: 383/1000, Temp: 0.0002, Energy: -54.065291+0.005435j
[2025-04-17 08:34:41] Iteration: 384/1000, Temp: 0.0002, Energy: -54.045424+0.002240j
[2025-04-17 08:34:58] Iteration: 385/1000, Temp: 0.0002, Energy: -54.032637-0.003296j
[2025-04-17 08:35:15] Iteration: 386/1000, Temp: 0.0002, Energy: -54.130665-0.003079j
[2025-04-17 08:35:32] Iteration: 387/1000, Temp: 0.0002, Energy: -54.107033-0.005296j
[2025-04-17 08:35:49] Iteration: 388/1000, Temp: 0.0002, Energy: -54.087465-0.000544j
[2025-04-17 08:36:06] Iteration: 389/1000, Temp: 0.0002, Energy: -54.046960-0.000849j
[2025-04-17 08:36:24] Iteration: 390/1000, Temp: 0.0002, Energy: -54.093261-0.008909j
[2025-04-17 08:36:41] Iteration: 391/1000, Temp: 0.0002, Energy: -54.024002+0.009732j
[2025-04-17 08:36:58] Iteration: 392/1000, Temp: 0.0002, Energy: -54.060137-0.000045j
[2025-04-17 08:37:15] Iteration: 393/1000, Temp: 0.0002, Energy: -54.087278-0.005386j
[2025-04-17 08:37:32] Iteration: 394/1000, Temp: 0.0002, Energy: -54.068447+0.011906j
[2025-04-17 08:37:49] Iteration: 395/1000, Temp: 0.0002, Energy: -53.953412+0.001599j
[2025-04-17 08:38:06] Iteration: 396/1000, Temp: 0.0002, Energy: -54.104065+0.001051j
[2025-04-17 08:38:24] Iteration: 397/1000, Temp: 0.0002, Energy: -54.108050-0.000431j
[2025-04-17 08:38:41] Iteration: 398/1000, Temp: 0.0002, Energy: -53.986288-0.012560j
[2025-04-17 08:38:58] Iteration: 399/1000, Temp: 0.0002, Energy: -54.037731+0.001136j
[2025-04-17 08:39:15] Iteration: 400/1000, Temp: 0.0002, Energy: -54.198729-0.004269j
[2025-04-17 08:39:32] Iteration: 401/1000, Temp: 0.0002, Energy: -54.190690+0.004744j
[2025-04-17 08:39:49] Iteration: 402/1000, Temp: 0.0002, Energy: -53.985740+0.007303j
[2025-04-17 08:40:06] Iteration: 403/1000, Temp: 0.0002, Energy: -54.010902-0.011536j
[2025-04-17 08:40:24] Iteration: 404/1000, Temp: 0.0002, Energy: -54.016573+0.000691j
[2025-04-17 08:40:41] Iteration: 405/1000, Temp: 0.0002, Energy: -54.090396-0.004344j
[2025-04-17 08:40:58] Iteration: 406/1000, Temp: 0.0001, Energy: -54.001058-0.000740j
[2025-04-17 08:41:15] Iteration: 407/1000, Temp: 0.0001, Energy: -54.090648-0.005210j
[2025-04-17 08:41:32] Iteration: 408/1000, Temp: 0.0001, Energy: -54.094067-0.006582j
[2025-04-17 08:41:49] Iteration: 409/1000, Temp: 0.0001, Energy: -54.085652-0.001227j
[2025-04-17 08:42:06] Iteration: 410/1000, Temp: 0.0001, Energy: -54.045016+0.004856j
[2025-04-17 08:42:23] Iteration: 411/1000, Temp: 0.0001, Energy: -53.996097+0.004151j
[2025-04-17 08:42:40] Iteration: 412/1000, Temp: 0.0001, Energy: -53.976533+0.003602j
[2025-04-17 08:42:58] Iteration: 413/1000, Temp: 0.0001, Energy: -53.951278-0.003431j
[2025-04-17 08:43:15] Iteration: 414/1000, Temp: 0.0001, Energy: -54.130748+0.004395j
[2025-04-17 08:43:32] Iteration: 415/1000, Temp: 0.0001, Energy: -54.030062+0.003237j
[2025-04-17 08:43:49] Iteration: 416/1000, Temp: 0.0001, Energy: -54.098488+0.004955j
[2025-04-17 08:44:06] Iteration: 417/1000, Temp: 0.0001, Energy: -54.117829+0.005190j
[2025-04-17 08:44:23] Iteration: 418/1000, Temp: 0.0001, Energy: -54.163093+0.002171j
[2025-04-17 08:44:40] Iteration: 419/1000, Temp: 0.0001, Energy: -54.049680+0.007767j
[2025-04-17 08:44:57] Iteration: 420/1000, Temp: 0.0001, Energy: -54.113761-0.000152j
[2025-04-17 08:45:14] Iteration: 421/1000, Temp: 0.0001, Energy: -54.192813+0.012997j
[2025-04-17 08:45:31] Iteration: 422/1000, Temp: 0.0001, Energy: -54.201636+0.003849j
[2025-04-17 08:45:48] Iteration: 423/1000, Temp: 0.0001, Energy: -53.962157+0.006409j
[2025-04-17 08:46:06] Iteration: 424/1000, Temp: 0.0001, Energy: -54.098635-0.004473j
[2025-04-17 08:46:23] Iteration: 425/1000, Temp: 0.0001, Energy: -53.971485+0.009444j
[2025-04-17 08:46:40] Iteration: 426/1000, Temp: 0.0001, Energy: -54.196144+0.000282j
[2025-04-17 08:46:57] Iteration: 427/1000, Temp: 0.0001, Energy: -54.026768-0.001606j
[2025-04-17 08:47:14] Iteration: 428/1000, Temp: 0.0001, Energy: -54.087750+0.007203j
[2025-04-17 08:47:31] Iteration: 429/1000, Temp: 0.0001, Energy: -54.126578-0.004819j
[2025-04-17 08:47:49] Iteration: 430/1000, Temp: 0.0001, Energy: -54.064515-0.002916j
[2025-04-17 08:48:06] Iteration: 431/1000, Temp: 0.0001, Energy: -54.090190+0.000353j
[2025-04-17 08:48:23] Iteration: 432/1000, Temp: 0.0001, Energy: -54.111631+0.001994j
[2025-04-17 08:48:40] Iteration: 433/1000, Temp: 0.0001, Energy: -54.026679-0.012539j
[2025-04-17 08:48:57] Iteration: 434/1000, Temp: 0.0001, Energy: -54.061359-0.008588j
[2025-04-17 08:49:14] Iteration: 435/1000, Temp: 0.0001, Energy: -54.056326+0.005998j
[2025-04-17 08:49:31] Iteration: 436/1000, Temp: 0.0001, Energy: -54.043371+0.003316j
[2025-04-17 08:49:49] Iteration: 437/1000, Temp: 0.0001, Energy: -54.098089+0.003877j
[2025-04-17 08:50:06] Iteration: 438/1000, Temp: 0.0001, Energy: -54.191025-0.000614j
[2025-04-17 08:50:23] Iteration: 439/1000, Temp: 0.0001, Energy: -54.089007+0.006324j
[2025-04-17 08:50:40] Iteration: 440/1000, Temp: 0.0001, Energy: -54.027282-0.002274j
[2025-04-17 08:50:57] Iteration: 441/1000, Temp: 0.0001, Energy: -53.952077+0.017518j
[2025-04-17 08:51:14] Iteration: 442/1000, Temp: 0.0001, Energy: -54.107665-0.000276j
[2025-04-17 08:51:31] Iteration: 443/1000, Temp: 0.0001, Energy: -54.131878-0.003375j
[2025-04-17 08:51:48] Iteration: 444/1000, Temp: 0.0001, Energy: -54.033430+0.004119j
[2025-04-17 08:52:06] Iteration: 445/1000, Temp: 0.0001, Energy: -54.099074-0.004168j
[2025-04-17 08:52:23] Iteration: 446/1000, Temp: 0.0001, Energy: -54.039023-0.002321j
[2025-04-17 08:52:40] Iteration: 447/1000, Temp: 0.0001, Energy: -53.909050+0.001922j
[2025-04-17 08:52:57] Iteration: 448/1000, Temp: 0.0001, Energy: -53.962747-0.006349j
[2025-04-17 08:53:14] Iteration: 449/1000, Temp: 0.0001, Energy: -53.945228-0.009921j
[2025-04-17 08:53:31] Iteration: 450/1000, Temp: 0.0001, Energy: -53.969759-0.003792j
[2025-04-17 08:53:48] Iteration: 451/1000, Temp: 0.0001, Energy: -54.025381-0.000429j
[2025-04-17 08:54:06] Iteration: 452/1000, Temp: 0.0001, Energy: -54.000281-0.002656j
[2025-04-17 08:54:23] Iteration: 453/1000, Temp: 0.0001, Energy: -53.983269-0.009117j
[2025-04-17 08:54:40] Iteration: 454/1000, Temp: 0.0001, Energy: -54.065032+0.000877j
[2025-04-17 08:54:57] Iteration: 455/1000, Temp: 0.0001, Energy: -54.009059+0.002543j
[2025-04-17 08:55:14] Iteration: 456/1000, Temp: 0.0001, Energy: -53.942140+0.018816j
[2025-04-17 08:55:31] Iteration: 457/1000, Temp: 0.0001, Energy: -53.969024+0.005993j
[2025-04-17 08:55:48] Iteration: 458/1000, Temp: 0.0001, Energy: -54.049396+0.002714j
[2025-04-17 08:56:06] Iteration: 459/1000, Temp: 0.0001, Energy: -54.105550+0.002168j
[2025-04-17 08:56:23] Iteration: 460/1000, Temp: 0.0001, Energy: -54.065667-0.000558j
[2025-04-17 08:56:40] Iteration: 461/1000, Temp: 0.0000, Energy: -53.928415+0.003783j
[2025-04-17 08:56:57] Iteration: 462/1000, Temp: 0.0000, Energy: -53.977898-0.000221j
[2025-04-17 08:57:14] Iteration: 463/1000, Temp: 0.0000, Energy: -53.947306-0.003784j
[2025-04-17 08:57:31] Iteration: 464/1000, Temp: 0.0000, Energy: -53.875954-0.002590j
[2025-04-17 08:57:49] Iteration: 465/1000, Temp: 0.0000, Energy: -54.001709-0.005308j
[2025-04-17 08:58:06] Iteration: 466/1000, Temp: 0.0000, Energy: -53.984204+0.000866j
[2025-04-17 08:58:23] Iteration: 467/1000, Temp: 0.0000, Energy: -54.019337-0.006611j
[2025-04-17 08:58:40] Iteration: 468/1000, Temp: 0.0000, Energy: -54.080711-0.010505j
[2025-04-17 08:58:57] Iteration: 469/1000, Temp: 0.0000, Energy: -54.027647-0.000780j
[2025-04-17 08:59:14] Iteration: 470/1000, Temp: 0.0000, Energy: -54.146824+0.002385j
[2025-04-17 08:59:31] Iteration: 471/1000, Temp: 0.0000, Energy: -54.235918+0.007691j
[2025-04-17 08:59:48] Iteration: 472/1000, Temp: 0.0000, Energy: -54.278636-0.005546j
[2025-04-17 09:00:06] Iteration: 473/1000, Temp: 0.0000, Energy: -54.098749-0.003075j
[2025-04-17 09:00:23] Iteration: 474/1000, Temp: 0.0000, Energy: -54.055798-0.005433j
[2025-04-17 09:00:40] Iteration: 475/1000, Temp: 0.0000, Energy: -54.120283+0.000394j
[2025-04-17 09:00:57] Iteration: 476/1000, Temp: 0.0000, Energy: -54.210967+0.006641j
[2025-04-17 09:01:14] Iteration: 477/1000, Temp: 0.0000, Energy: -54.159973-0.003567j
[2025-04-17 09:01:31] Iteration: 478/1000, Temp: 0.0000, Energy: -54.036845+0.000287j
[2025-04-17 09:01:49] Iteration: 479/1000, Temp: 0.0000, Energy: -53.975155+0.004792j
[2025-04-17 09:02:06] Iteration: 480/1000, Temp: 0.0000, Energy: -54.174667-0.000621j
[2025-04-17 09:02:23] Iteration: 481/1000, Temp: 0.0000, Energy: -54.020365-0.000483j
[2025-04-17 09:02:40] Iteration: 482/1000, Temp: 0.0000, Energy: -53.979063+0.001615j
[2025-04-17 09:02:57] Iteration: 483/1000, Temp: 0.0000, Energy: -54.080096+0.000198j
[2025-04-17 09:03:14] Iteration: 484/1000, Temp: 0.0000, Energy: -54.085452+0.007313j
[2025-04-17 09:03:31] Iteration: 485/1000, Temp: 0.0000, Energy: -53.924729+0.004248j
[2025-04-17 09:03:48] Iteration: 486/1000, Temp: 0.0000, Energy: -54.074960+0.001815j
[2025-04-17 09:04:06] Iteration: 487/1000, Temp: 0.0000, Energy: -54.016804-0.000232j
[2025-04-17 09:04:23] Iteration: 488/1000, Temp: 0.0000, Energy: -53.907294-0.011112j
[2025-04-17 09:04:40] Iteration: 489/1000, Temp: 0.0000, Energy: -53.881934+0.003226j
[2025-04-17 09:04:57] Iteration: 490/1000, Temp: 0.0000, Energy: -53.988765+0.002205j
[2025-04-17 09:05:14] Iteration: 491/1000, Temp: 0.0000, Energy: -54.054809-0.005303j
[2025-04-17 09:05:31] Iteration: 492/1000, Temp: 0.0000, Energy: -54.190602+0.001342j
[2025-04-17 09:05:49] Iteration: 493/1000, Temp: 0.0000, Energy: -54.010842+0.007050j
[2025-04-17 09:06:06] Iteration: 494/1000, Temp: 0.0000, Energy: -54.016024+0.003312j
[2025-04-17 09:06:23] Iteration: 495/1000, Temp: 0.0000, Energy: -54.159415+0.007862j
[2025-04-17 09:06:40] Iteration: 496/1000, Temp: 0.0000, Energy: -54.080453+0.003059j
[2025-04-17 09:06:57] Iteration: 497/1000, Temp: 0.0000, Energy: -54.148653+0.002663j
[2025-04-17 09:07:14] Iteration: 498/1000, Temp: 0.0000, Energy: -54.110726+0.009355j
[2025-04-17 09:07:31] Iteration: 499/1000, Temp: 0.0000, Energy: -54.108347+0.005659j
[2025-04-17 09:07:48] Iteration: 500/1000, Temp: 0.0000, Energy: -54.069170+0.001875j
[2025-04-17 09:08:05] Iteration: 501/1000, Temp: 0.0000, Energy: -53.972291-0.002690j
[2025-04-17 09:08:22] Iteration: 502/1000, Temp: 0.0000, Energy: -54.083536+0.006793j
[2025-04-17 09:08:39] Iteration: 503/1000, Temp: 0.0000, Energy: -54.016862+0.001022j
[2025-04-17 09:08:56] Iteration: 504/1000, Temp: 0.0000, Energy: -53.955460-0.013093j
[2025-04-17 09:09:14] Iteration: 505/1000, Temp: 0.0000, Energy: -54.016366-0.003152j
[2025-04-17 09:09:31] Iteration: 506/1000, Temp: 0.0000, Energy: -53.971286+0.007727j
[2025-04-17 09:09:48] Iteration: 507/1000, Temp: 0.0000, Energy: -54.152803+0.004903j
[2025-04-17 09:10:05] Iteration: 508/1000, Temp: 0.0000, Energy: -54.071694+0.002377j
[2025-04-17 09:10:22] Iteration: 509/1000, Temp: 0.0000, Energy: -53.987204-0.003076j
[2025-04-17 09:10:39] Iteration: 510/1000, Temp: 0.0000, Energy: -54.041087-0.000413j
[2025-04-17 09:10:57] Iteration: 511/1000, Temp: 0.0000, Energy: -53.981342+0.001179j
[2025-04-17 09:11:14] Iteration: 512/1000, Temp: 0.0000, Energy: -54.032546-0.005706j
[2025-04-17 09:11:31] Iteration: 513/1000, Temp: 0.0000, Energy: -53.995293+0.008363j
[2025-04-17 09:11:48] Iteration: 514/1000, Temp: 0.0000, Energy: -53.999605-0.002699j
[2025-04-17 09:12:05] Iteration: 515/1000, Temp: 0.0000, Energy: -54.020981-0.003377j
[2025-04-17 09:12:22] Iteration: 516/1000, Temp: 0.0000, Energy: -54.098049+0.003105j
[2025-04-17 09:12:39] Iteration: 517/1000, Temp: 0.0000, Energy: -54.191315-0.000897j
[2025-04-17 09:12:56] Iteration: 518/1000, Temp: 0.0000, Energy: -54.109206-0.007094j
[2025-04-17 09:13:13] Iteration: 519/1000, Temp: 0.0000, Energy: -54.085384+0.003445j
[2025-04-17 09:13:31] Iteration: 520/1000, Temp: 0.0000, Energy: -54.058058-0.000118j
[2025-04-17 09:13:48] Iteration: 521/1000, Temp: 0.0000, Energy: -54.067871-0.001465j
[2025-04-17 09:14:05] Iteration: 522/1000, Temp: 0.0000, Energy: -54.036290-0.004110j
[2025-04-17 09:14:22] Iteration: 523/1000, Temp: 0.0000, Energy: -53.993221-0.000868j
[2025-04-17 09:14:39] Iteration: 524/1000, Temp: 0.0000, Energy: -54.080998+0.003917j
[2025-04-17 09:14:56] Iteration: 525/1000, Temp: 0.0000, Energy: -54.087240+0.002601j
[2025-04-17 09:15:13] Iteration: 526/1000, Temp: 0.0000, Energy: -54.068633-0.001468j
[2025-04-17 09:15:31] Iteration: 527/1000, Temp: 0.0000, Energy: -53.914583-0.000109j
[2025-04-17 09:15:48] Iteration: 528/1000, Temp: 0.0000, Energy: -53.957304-0.010857j
[2025-04-17 09:16:05] Iteration: 529/1000, Temp: 0.0000, Energy: -53.870612-0.000087j
[2025-04-17 09:16:22] Iteration: 530/1000, Temp: 0.0000, Energy: -53.991342-0.003710j
[2025-04-17 09:16:39] Iteration: 531/1000, Temp: 0.0000, Energy: -54.052885+0.007091j
[2025-04-17 09:16:56] Iteration: 532/1000, Temp: 0.0000, Energy: -54.061533+0.001778j
[2025-04-17 09:17:13] Iteration: 533/1000, Temp: 0.0000, Energy: -54.106808-0.004551j
[2025-04-17 09:17:30] Iteration: 534/1000, Temp: 0.0000, Energy: -53.965149+0.005121j
[2025-04-17 09:17:48] Iteration: 535/1000, Temp: 0.0000, Energy: -53.997024-0.006543j
[2025-04-17 09:18:05] Iteration: 536/1000, Temp: 0.0000, Energy: -54.087456-0.003572j
[2025-04-17 09:18:22] Iteration: 537/1000, Temp: 0.0000, Energy: -54.095131-0.004525j
[2025-04-17 09:18:39] Iteration: 538/1000, Temp: 0.0000, Energy: -54.151509-0.006842j
[2025-04-17 09:18:56] Iteration: 539/1000, Temp: 0.0000, Energy: -54.056596+0.003784j
[2025-04-17 09:19:13] Iteration: 540/1000, Temp: 0.0000, Energy: -54.064718+0.000892j
[2025-04-17 09:19:30] Iteration: 541/1000, Temp: 0.0000, Energy: -54.122180-0.000197j
[2025-04-17 09:19:48] Iteration: 542/1000, Temp: 0.0000, Energy: -54.118713-0.007520j
[2025-04-17 09:20:05] Iteration: 543/1000, Temp: 0.0000, Energy: -54.209734-0.003093j
[2025-04-17 09:20:22] Iteration: 544/1000, Temp: 0.0000, Energy: -54.261813-0.000807j
[2025-04-17 09:20:39] Iteration: 545/1000, Temp: 0.0000, Energy: -54.066682-0.000563j
[2025-04-17 09:20:56] Iteration: 546/1000, Temp: 0.0000, Energy: -54.189994+0.000591j
[2025-04-17 09:21:13] Iteration: 547/1000, Temp: 0.0000, Energy: -54.272019+0.001399j
[2025-04-17 09:21:30] Iteration: 548/1000, Temp: 0.0000, Energy: -54.010940+0.000106j
[2025-04-17 09:21:47] Iteration: 549/1000, Temp: 0.0000, Energy: -54.150534+0.005047j
[2025-04-17 09:22:05] Iteration: 550/1000, Temp: 0.0000, Energy: -54.213616-0.000761j
[2025-04-17 09:22:22] Iteration: 551/1000, Temp: 0.0000, Energy: -54.205005-0.002511j
[2025-04-17 09:22:39] Iteration: 552/1000, Temp: 0.0000, Energy: -54.059803+0.012979j
[2025-04-17 09:22:56] Iteration: 553/1000, Temp: 0.0000, Energy: -54.172594-0.002517j
[2025-04-17 09:23:13] Iteration: 554/1000, Temp: 0.0000, Energy: -54.108807+0.006370j
[2025-04-17 09:23:30] Iteration: 555/1000, Temp: 0.0000, Energy: -54.130386+0.001521j
[2025-04-17 09:23:47] Iteration: 556/1000, Temp: 0.0000, Energy: -54.006867-0.001140j
[2025-04-17 09:24:05] Iteration: 557/1000, Temp: 0.0000, Energy: -53.982957-0.007083j
[2025-04-17 09:24:22] Iteration: 558/1000, Temp: 0.0000, Energy: -53.933549-0.005877j
[2025-04-17 09:24:39] Iteration: 559/1000, Temp: 0.0000, Energy: -53.944964-0.001469j
[2025-04-17 09:24:56] Iteration: 560/1000, Temp: 0.0000, Energy: -53.864346-0.000124j
[2025-04-17 09:25:13] Iteration: 561/1000, Temp: 0.0000, Energy: -53.943650+0.005270j
[2025-04-17 09:25:30] Iteration: 562/1000, Temp: 0.0000, Energy: -54.066664-0.000735j
[2025-04-17 09:25:47] Iteration: 563/1000, Temp: 0.0000, Energy: -53.980962+0.003882j
[2025-04-17 09:26:04] Iteration: 564/1000, Temp: 0.0000, Energy: -54.077042-0.002547j
[2025-04-17 09:26:22] Iteration: 565/1000, Temp: 0.0000, Energy: -54.045720+0.002105j
[2025-04-17 09:26:39] Iteration: 566/1000, Temp: 0.0000, Energy: -54.025385-0.009968j
[2025-04-17 09:26:56] Iteration: 567/1000, Temp: 0.0000, Energy: -54.177903+0.000237j
[2025-04-17 09:27:13] Iteration: 568/1000, Temp: 0.0000, Energy: -54.145695+0.007957j
[2025-04-17 09:27:30] Iteration: 569/1000, Temp: 0.0000, Energy: -53.956033-0.000029j
[2025-04-17 09:27:47] Iteration: 570/1000, Temp: 0.0000, Energy: -54.016855-0.002978j
[2025-04-17 09:28:04] Iteration: 571/1000, Temp: 0.0000, Energy: -54.041096+0.002115j
[2025-04-17 09:28:21] Iteration: 572/1000, Temp: 0.0000, Energy: -54.053345-0.003287j
[2025-04-17 09:28:39] Iteration: 573/1000, Temp: 0.0000, Energy: -54.093967-0.003502j
[2025-04-17 09:28:56] Iteration: 574/1000, Temp: 0.0000, Energy: -54.084615-0.001392j
[2025-04-17 09:29:13] Iteration: 575/1000, Temp: 0.0000, Energy: -53.940664+0.001323j
[2025-04-17 09:29:30] Iteration: 576/1000, Temp: 0.0000, Energy: -54.088728-0.003657j
[2025-04-17 09:29:47] Iteration: 577/1000, Temp: 0.0000, Energy: -53.953757-0.001123j
[2025-04-17 09:30:04] Iteration: 578/1000, Temp: 0.0000, Energy: -53.859512+0.009535j
[2025-04-17 09:30:21] Iteration: 579/1000, Temp: 0.0000, Energy: -54.081037-0.002801j
[2025-04-17 09:30:38] Iteration: 580/1000, Temp: 0.0000, Energy: -54.078465-0.002048j
[2025-04-17 09:30:55] Iteration: 581/1000, Temp: 0.0000, Energy: -54.053612-0.003753j
[2025-04-17 09:31:12] Iteration: 582/1000, Temp: 0.0000, Energy: -53.954995+0.000488j
[2025-04-17 09:31:30] Iteration: 583/1000, Temp: 0.0000, Energy: -54.030992-0.003287j
[2025-04-17 09:31:47] Iteration: 584/1000, Temp: 0.0000, Energy: -54.053009+0.007402j
[2025-04-17 09:32:04] Iteration: 585/1000, Temp: 0.0000, Energy: -54.033294-0.004385j
[2025-04-17 09:32:21] Iteration: 586/1000, Temp: 0.0000, Energy: -54.088596-0.000966j
[2025-04-17 09:32:38] Iteration: 587/1000, Temp: 0.0000, Energy: -54.151895-0.000551j
[2025-04-17 09:32:55] Iteration: 588/1000, Temp: 0.0000, Energy: -54.031408+0.001134j
[2025-04-17 09:33:12] Iteration: 589/1000, Temp: 0.0000, Energy: -54.014459+0.006008j
[2025-04-17 09:33:29] Iteration: 590/1000, Temp: 0.0000, Energy: -54.050146-0.002782j
[2025-04-17 09:33:47] Iteration: 591/1000, Temp: 0.0000, Energy: -53.900102+0.000031j
[2025-04-17 09:34:04] Iteration: 592/1000, Temp: 0.0000, Energy: -54.007496+0.009980j
[2025-04-17 09:34:21] Iteration: 593/1000, Temp: 0.0000, Energy: -54.116419-0.000566j
[2025-04-17 09:34:38] Iteration: 594/1000, Temp: 0.0000, Energy: -54.128774+0.002496j
[2025-04-17 09:34:55] Iteration: 595/1000, Temp: 0.0000, Energy: -53.943439-0.003564j
[2025-04-17 09:35:12] Iteration: 596/1000, Temp: 0.0000, Energy: -54.128816-0.001318j
[2025-04-17 09:35:29] Iteration: 597/1000, Temp: 0.0000, Energy: -54.132807-0.004688j
[2025-04-17 09:35:47] Iteration: 598/1000, Temp: 0.0000, Energy: -54.111674+0.009728j
[2025-04-17 09:36:04] Iteration: 599/1000, Temp: 0.0000, Energy: -54.070511+0.004160j
[2025-04-17 09:36:21] Iteration: 600/1000, Temp: 0.0000, Energy: -53.988224-0.004198j
[2025-04-17 09:36:38] Iteration: 601/1000, Temp: 0.0000, Energy: -54.027695-0.004669j
[2025-04-17 09:36:55] Iteration: 602/1000, Temp: 0.0000, Energy: -54.018860-0.012732j
[2025-04-17 09:37:12] Iteration: 603/1000, Temp: 0.0000, Energy: -54.059139-0.004289j
[2025-04-17 09:37:29] Iteration: 604/1000, Temp: 0.0000, Energy: -54.057591-0.001142j
[2025-04-17 09:37:47] Iteration: 605/1000, Temp: 0.0000, Energy: -54.088295-0.001420j
[2025-04-17 09:38:04] Iteration: 606/1000, Temp: 0.0000, Energy: -54.065560+0.008494j
[2025-04-17 09:38:21] Iteration: 607/1000, Temp: 0.0000, Energy: -53.971926-0.001143j
[2025-04-17 09:38:38] Iteration: 608/1000, Temp: 0.0000, Energy: -54.027410-0.004827j
[2025-04-17 09:38:55] Iteration: 609/1000, Temp: 0.0000, Energy: -54.111124+0.001236j
[2025-04-17 09:39:12] Iteration: 610/1000, Temp: 0.0000, Energy: -54.042205+0.006657j
[2025-04-17 09:39:29] Iteration: 611/1000, Temp: 0.0000, Energy: -54.035463-0.002819j
[2025-04-17 09:39:47] Iteration: 612/1000, Temp: 0.0000, Energy: -53.986945+0.003617j
[2025-04-17 09:40:04] Iteration: 613/1000, Temp: 0.0000, Energy: -53.941714+0.002214j
[2025-04-17 09:40:21] Iteration: 614/1000, Temp: 0.0000, Energy: -53.871297-0.003190j
[2025-04-17 09:40:38] Iteration: 615/1000, Temp: 0.0000, Energy: -53.931884+0.003192j
[2025-04-17 09:40:55] Iteration: 616/1000, Temp: 0.0000, Energy: -53.948938+0.001438j
[2025-04-17 09:41:12] Iteration: 617/1000, Temp: 0.0000, Energy: -53.926992+0.010021j
[2025-04-17 09:41:29] Iteration: 618/1000, Temp: 0.0000, Energy: -54.032607-0.000317j
[2025-04-17 09:41:46] Iteration: 619/1000, Temp: 0.0000, Energy: -54.023675-0.005913j
[2025-04-17 09:42:04] Iteration: 620/1000, Temp: 0.0000, Energy: -53.979026+0.004930j
[2025-04-17 09:42:21] Iteration: 621/1000, Temp: 0.0000, Energy: -53.977060+0.005291j
[2025-04-17 09:42:38] Iteration: 622/1000, Temp: 0.0000, Energy: -54.055505-0.001286j
[2025-04-17 09:42:55] Iteration: 623/1000, Temp: 0.0000, Energy: -53.938624-0.007428j
[2025-04-17 09:43:12] Iteration: 624/1000, Temp: 0.0000, Energy: -54.118370-0.000175j
[2025-04-17 09:43:29] Iteration: 625/1000, Temp: 0.0000, Energy: -54.071226-0.004763j
[2025-04-17 09:43:46] Iteration: 626/1000, Temp: 0.0000, Energy: -54.125894-0.004795j
[2025-04-17 09:44:04] Iteration: 627/1000, Temp: 0.0000, Energy: -54.129106-0.002406j
[2025-04-17 09:44:21] Iteration: 628/1000, Temp: 0.0000, Energy: -54.134762-0.004788j
[2025-04-17 09:44:38] Iteration: 629/1000, Temp: 0.0000, Energy: -54.190197-0.004580j
[2025-04-17 09:44:55] Iteration: 630/1000, Temp: 0.0000, Energy: -53.958538+0.006031j
[2025-04-17 09:45:12] Iteration: 631/1000, Temp: 0.0000, Energy: -53.907420+0.001500j
[2025-04-17 09:45:29] Iteration: 632/1000, Temp: 0.0000, Energy: -53.944657-0.000612j
[2025-04-17 09:45:46] Iteration: 633/1000, Temp: 0.0000, Energy: -53.932374-0.003372j
[2025-04-17 09:46:04] Iteration: 634/1000, Temp: 0.0000, Energy: -53.974891-0.002530j
[2025-04-17 09:46:21] Iteration: 635/1000, Temp: 0.0000, Energy: -53.934455-0.003679j
[2025-04-17 09:46:38] Iteration: 636/1000, Temp: 0.0000, Energy: -53.976159-0.003539j
[2025-04-17 09:46:55] Iteration: 637/1000, Temp: 0.0000, Energy: -53.925039-0.003080j
[2025-04-17 09:47:12] Iteration: 638/1000, Temp: 0.0000, Energy: -54.044899+0.000578j
[2025-04-17 09:47:29] Iteration: 639/1000, Temp: 0.0000, Energy: -54.068442+0.003120j
[2025-04-17 09:47:46] Iteration: 640/1000, Temp: 0.0000, Energy: -53.989929+0.007177j
[2025-04-17 09:48:04] Iteration: 641/1000, Temp: 0.0000, Energy: -53.893134+0.002317j
[2025-04-17 09:48:21] Iteration: 642/1000, Temp: 0.0000, Energy: -54.035264-0.002281j
[2025-04-17 09:48:38] Iteration: 643/1000, Temp: 0.0000, Energy: -53.985391+0.005114j
[2025-04-17 09:48:55] Iteration: 644/1000, Temp: 0.0000, Energy: -54.101793+0.003985j
[2025-04-17 09:49:12] Iteration: 645/1000, Temp: 0.0000, Energy: -54.075118+0.002578j
[2025-04-17 09:49:29] Iteration: 646/1000, Temp: 0.0000, Energy: -53.956131+0.000295j
[2025-04-17 09:49:46] Iteration: 647/1000, Temp: 0.0000, Energy: -54.027845+0.000128j
[2025-04-17 09:50:04] Iteration: 648/1000, Temp: 0.0000, Energy: -54.055769-0.001089j
[2025-04-17 09:50:21] Iteration: 649/1000, Temp: 0.0000, Energy: -53.984702-0.002071j
[2025-04-17 09:50:38] Iteration: 650/1000, Temp: 0.0000, Energy: -54.050475-0.003177j
[2025-04-17 09:50:55] Iteration: 651/1000, Temp: 0.0000, Energy: -53.957627-0.005029j
[2025-04-17 09:51:12] Iteration: 652/1000, Temp: 0.0000, Energy: -54.000968-0.002096j
[2025-04-17 09:51:29] Iteration: 653/1000, Temp: 0.0000, Energy: -54.031460+0.002115j
[2025-04-17 09:51:46] Iteration: 654/1000, Temp: 0.0000, Energy: -54.168504+0.007124j
[2025-04-17 09:52:03] Iteration: 655/1000, Temp: 0.0000, Energy: -53.995987-0.001080j
[2025-04-17 09:52:20] Iteration: 656/1000, Temp: 0.0000, Energy: -54.021750-0.001029j
[2025-04-17 09:52:37] Iteration: 657/1000, Temp: 0.0000, Energy: -53.955656+0.003473j
[2025-04-17 09:52:54] Iteration: 658/1000, Temp: 0.0000, Energy: -54.051060-0.002231j
[2025-04-17 09:53:11] Iteration: 659/1000, Temp: 0.0000, Energy: -54.012841+0.000328j
[2025-04-17 09:53:29] Iteration: 660/1000, Temp: 0.0000, Energy: -54.019390-0.006738j
[2025-04-17 09:53:46] Iteration: 661/1000, Temp: 0.0000, Energy: -54.018096+0.003492j
[2025-04-17 09:54:03] Iteration: 662/1000, Temp: 0.0000, Energy: -54.064513-0.010876j
[2025-04-17 09:54:20] Iteration: 663/1000, Temp: 0.0000, Energy: -53.963370+0.000673j
[2025-04-17 09:54:37] Iteration: 664/1000, Temp: 0.0000, Energy: -53.912171+0.001308j
[2025-04-17 09:54:54] Iteration: 665/1000, Temp: 0.0000, Energy: -54.020182+0.006139j
[2025-04-17 09:55:11] Iteration: 666/1000, Temp: 0.0000, Energy: -54.038110+0.002664j
[2025-04-17 09:55:29] Iteration: 667/1000, Temp: 0.0000, Energy: -53.961278-0.002068j
[2025-04-17 09:55:46] Iteration: 668/1000, Temp: 0.0000, Energy: -53.962663+0.000528j
[2025-04-17 09:56:03] Iteration: 669/1000, Temp: 0.0000, Energy: -53.952118-0.002850j
[2025-04-17 09:56:20] Iteration: 670/1000, Temp: 0.0000, Energy: -53.900249+0.006673j
[2025-04-17 09:56:37] Iteration: 671/1000, Temp: 0.0000, Energy: -53.989103+0.008741j
[2025-04-17 09:56:54] Iteration: 672/1000, Temp: 0.0000, Energy: -54.044185+0.000772j
[2025-04-17 09:57:11] Iteration: 673/1000, Temp: 0.0000, Energy: -54.048461+0.006683j
[2025-04-17 09:57:29] Iteration: 674/1000, Temp: 0.0000, Energy: -53.926394+0.003696j
[2025-04-17 09:57:46] Iteration: 675/1000, Temp: 0.0000, Energy: -53.947622-0.001555j
[2025-04-17 09:58:03] Iteration: 676/1000, Temp: 0.0000, Energy: -53.844048-0.000003j
[2025-04-17 09:58:20] Iteration: 677/1000, Temp: 0.0000, Energy: -53.943614-0.006509j
[2025-04-17 09:58:37] Iteration: 678/1000, Temp: 0.0000, Energy: -54.009617+0.004234j
[2025-04-17 09:58:54] Iteration: 679/1000, Temp: 0.0000, Energy: -53.963179+0.003479j
[2025-04-17 09:59:11] Iteration: 680/1000, Temp: 0.0000, Energy: -54.059941-0.002942j
[2025-04-17 09:59:29] Iteration: 681/1000, Temp: 0.0000, Energy: -54.049625-0.005311j
[2025-04-17 09:59:46] Iteration: 682/1000, Temp: 0.0000, Energy: -54.004823-0.001643j
[2025-04-17 10:00:03] Iteration: 683/1000, Temp: 0.0000, Energy: -54.122444-0.007150j
[2025-04-17 10:00:20] Iteration: 684/1000, Temp: 0.0000, Energy: -53.993232-0.001322j
[2025-04-17 10:00:37] Iteration: 685/1000, Temp: 0.0000, Energy: -53.938139-0.000490j
[2025-04-17 10:00:54] Iteration: 686/1000, Temp: 0.0000, Energy: -54.033857+0.001456j
[2025-04-17 10:01:11] Iteration: 687/1000, Temp: 0.0000, Energy: -54.061428-0.000841j
[2025-04-17 10:01:29] Iteration: 688/1000, Temp: 0.0000, Energy: -54.095366-0.000395j
[2025-04-17 10:01:46] Iteration: 689/1000, Temp: 0.0000, Energy: -54.131930+0.004296j
[2025-04-17 10:02:03] Iteration: 690/1000, Temp: 0.0000, Energy: -54.144640-0.007555j
[2025-04-17 10:02:20] Iteration: 691/1000, Temp: 0.0000, Energy: -54.199326+0.002163j
[2025-04-17 10:02:37] Iteration: 692/1000, Temp: 0.0000, Energy: -54.085114+0.006837j
[2025-04-17 10:02:54] Iteration: 693/1000, Temp: 0.0000, Energy: -54.103722-0.006436j
[2025-04-17 10:03:11] Iteration: 694/1000, Temp: 0.0000, Energy: -54.154298-0.001225j
[2025-04-17 10:03:29] Iteration: 695/1000, Temp: 0.0000, Energy: -54.124666-0.000200j
[2025-04-17 10:03:46] Iteration: 696/1000, Temp: 0.0000, Energy: -54.076059-0.002105j
[2025-04-17 10:04:03] Iteration: 697/1000, Temp: 0.0000, Energy: -54.066471+0.000144j
[2025-04-17 10:04:20] Iteration: 698/1000, Temp: 0.0000, Energy: -54.091132-0.005080j
[2025-04-17 10:04:37] Iteration: 699/1000, Temp: 0.0000, Energy: -54.157582-0.001675j
[2025-04-17 10:04:54] Iteration: 700/1000, Temp: 0.0000, Energy: -54.131284+0.007478j
[2025-04-17 10:05:11] Iteration: 701/1000, Temp: 0.0000, Energy: -54.025630-0.000088j
[2025-04-17 10:05:29] Iteration: 702/1000, Temp: 0.0000, Energy: -54.203660+0.000665j
[2025-04-17 10:05:46] Iteration: 703/1000, Temp: 0.0000, Energy: -54.117412-0.006364j
[2025-04-17 10:06:03] Iteration: 704/1000, Temp: 0.0000, Energy: -54.108464+0.005716j
[2025-04-17 10:06:20] Iteration: 705/1000, Temp: 0.0000, Energy: -54.048861-0.004276j
[2025-04-17 10:06:37] Iteration: 706/1000, Temp: 0.0000, Energy: -53.999570-0.005536j
[2025-04-17 10:06:54] Iteration: 707/1000, Temp: 0.0000, Energy: -54.170786-0.003672j
[2025-04-17 10:07:11] Iteration: 708/1000, Temp: 0.0000, Energy: -54.126017-0.011729j
[2025-04-17 10:07:29] Iteration: 709/1000, Temp: 0.0000, Energy: -54.059430-0.002154j
[2025-04-17 10:07:46] Iteration: 710/1000, Temp: 0.0000, Energy: -54.078226-0.001734j
[2025-04-17 10:08:03] Iteration: 711/1000, Temp: 0.0000, Energy: -54.074981+0.003268j
[2025-04-17 10:08:20] Iteration: 712/1000, Temp: 0.0000, Energy: -54.127189+0.000955j
[2025-04-17 10:08:37] Iteration: 713/1000, Temp: 0.0000, Energy: -53.969852+0.003370j
[2025-04-17 10:08:54] Iteration: 714/1000, Temp: 0.0000, Energy: -54.135540-0.001555j
[2025-04-17 10:09:11] Iteration: 715/1000, Temp: 0.0000, Energy: -54.103623-0.003055j
[2025-04-17 10:09:29] Iteration: 716/1000, Temp: 0.0000, Energy: -54.109480+0.000244j
[2025-04-17 10:09:46] Iteration: 717/1000, Temp: 0.0000, Energy: -54.043654-0.004490j
[2025-04-17 10:10:03] Iteration: 718/1000, Temp: 0.0000, Energy: -54.034333+0.005338j
[2025-04-17 10:10:20] Iteration: 719/1000, Temp: 0.0000, Energy: -53.979245-0.005144j
[2025-04-17 10:10:37] Iteration: 720/1000, Temp: 0.0000, Energy: -54.032929-0.000401j
[2025-04-17 10:10:54] Iteration: 721/1000, Temp: 0.0000, Energy: -54.009254-0.000281j
[2025-04-17 10:11:11] Iteration: 722/1000, Temp: 0.0000, Energy: -53.991844-0.006938j
[2025-04-17 10:11:29] Iteration: 723/1000, Temp: 0.0000, Energy: -54.004487-0.001690j
[2025-04-17 10:11:46] Iteration: 724/1000, Temp: 0.0000, Energy: -53.997137-0.002870j
[2025-04-17 10:12:03] Iteration: 725/1000, Temp: 0.0000, Energy: -54.053325+0.003309j
[2025-04-17 10:12:20] Iteration: 726/1000, Temp: 0.0000, Energy: -54.011661+0.004315j
[2025-04-17 10:12:37] Iteration: 727/1000, Temp: 0.0000, Energy: -53.929372-0.000183j
[2025-04-17 10:12:54] Iteration: 728/1000, Temp: 0.0000, Energy: -53.973621+0.005801j
[2025-04-17 10:13:11] Iteration: 729/1000, Temp: 0.0000, Energy: -54.123278-0.000246j
[2025-04-17 10:13:29] Iteration: 730/1000, Temp: 0.0000, Energy: -54.223423-0.002684j
[2025-04-17 10:13:46] Iteration: 731/1000, Temp: 0.0000, Energy: -54.099809-0.003658j
[2025-04-17 10:14:03] Iteration: 732/1000, Temp: 0.0000, Energy: -54.155998-0.001141j
[2025-04-17 10:14:20] Iteration: 733/1000, Temp: 0.0000, Energy: -54.188487+0.003681j
[2025-04-17 10:14:37] Iteration: 734/1000, Temp: 0.0000, Energy: -54.174811+0.001474j
[2025-04-17 10:14:54] Iteration: 735/1000, Temp: 0.0000, Energy: -54.184018+0.006723j
[2025-04-17 10:15:11] Iteration: 736/1000, Temp: 0.0000, Energy: -54.053486-0.001075j
[2025-04-17 10:15:28] Iteration: 737/1000, Temp: 0.0000, Energy: -54.151942-0.000862j
[2025-04-17 10:15:45] Iteration: 738/1000, Temp: 0.0000, Energy: -53.999312-0.003895j
[2025-04-17 10:16:03] Iteration: 739/1000, Temp: 0.0000, Energy: -54.024890-0.003403j
[2025-04-17 10:16:20] Iteration: 740/1000, Temp: 0.0000, Energy: -54.042579-0.002865j
[2025-04-17 10:16:37] Iteration: 741/1000, Temp: 0.0000, Energy: -53.894970-0.000384j
[2025-04-17 10:16:54] Iteration: 742/1000, Temp: 0.0000, Energy: -54.053191-0.007324j
[2025-04-17 10:17:11] Iteration: 743/1000, Temp: 0.0000, Energy: -54.129413+0.002568j
[2025-04-17 10:17:28] Iteration: 744/1000, Temp: 0.0000, Energy: -54.094588-0.004239j
[2025-04-17 10:17:45] Iteration: 745/1000, Temp: 0.0000, Energy: -54.203876+0.005924j
[2025-04-17 10:18:02] Iteration: 746/1000, Temp: 0.0000, Energy: -54.168489-0.001970j
[2025-04-17 10:18:19] Iteration: 747/1000, Temp: 0.0000, Energy: -54.155800-0.000095j
[2025-04-17 10:18:36] Iteration: 748/1000, Temp: 0.0000, Energy: -54.176454+0.005838j
[2025-04-17 10:18:53] Iteration: 749/1000, Temp: 0.0000, Energy: -54.191994-0.000226j
[2025-04-17 10:19:11] Iteration: 750/1000, Temp: 0.0000, Energy: -54.094203+0.000464j
[2025-04-17 10:19:28] Iteration: 751/1000, Temp: 0.0000, Energy: -54.018886+0.004611j
[2025-04-17 10:19:45] Iteration: 752/1000, Temp: 0.0000, Energy: -54.096146-0.003280j
[2025-04-17 10:20:02] Iteration: 753/1000, Temp: 0.0000, Energy: -54.139949-0.001505j
[2025-04-17 10:20:19] Iteration: 754/1000, Temp: 0.0000, Energy: -54.048572-0.004981j
[2025-04-17 10:20:36] Iteration: 755/1000, Temp: 0.0000, Energy: -54.160839+0.001512j
[2025-04-17 10:20:54] Iteration: 756/1000, Temp: 0.0000, Energy: -54.140050+0.000402j
[2025-04-17 10:21:11] Iteration: 757/1000, Temp: 0.0000, Energy: -54.178849-0.007304j
[2025-04-17 10:21:28] Iteration: 758/1000, Temp: 0.0000, Energy: -54.035747-0.004978j
[2025-04-17 10:21:45] Iteration: 759/1000, Temp: 0.0000, Energy: -54.046968+0.003576j
[2025-04-17 10:22:02] Iteration: 760/1000, Temp: 0.0000, Energy: -54.052976+0.003059j
[2025-04-17 10:22:19] Iteration: 761/1000, Temp: 0.0000, Energy: -54.031957-0.007548j
[2025-04-17 10:22:36] Iteration: 762/1000, Temp: 0.0000, Energy: -53.991269+0.003713j
[2025-04-17 10:22:54] Iteration: 763/1000, Temp: 0.0000, Energy: -54.024756-0.004454j
[2025-04-17 10:23:11] Iteration: 764/1000, Temp: 0.0000, Energy: -54.038708-0.003935j
[2025-04-17 10:23:28] Iteration: 765/1000, Temp: 0.0000, Energy: -54.005236-0.003160j
[2025-04-17 10:23:45] Iteration: 766/1000, Temp: 0.0000, Energy: -54.004422+0.002920j
[2025-04-17 10:24:02] Iteration: 767/1000, Temp: 0.0000, Energy: -54.138555+0.006609j
[2025-04-17 10:24:19] Iteration: 768/1000, Temp: 0.0000, Energy: -54.126933-0.002748j
[2025-04-17 10:24:36] Iteration: 769/1000, Temp: 0.0000, Energy: -54.146407-0.002293j
[2025-04-17 10:24:54] Iteration: 770/1000, Temp: 0.0000, Energy: -54.184223-0.007149j
[2025-04-17 10:25:11] Iteration: 771/1000, Temp: 0.0000, Energy: -54.032184+0.004426j
[2025-04-17 10:25:28] Iteration: 772/1000, Temp: 0.0000, Energy: -54.096998-0.001927j
[2025-04-17 10:25:45] Iteration: 773/1000, Temp: 0.0000, Energy: -54.056058-0.001636j
[2025-04-17 10:26:02] Iteration: 774/1000, Temp: 0.0000, Energy: -54.040498-0.001941j
[2025-04-17 10:26:19] Iteration: 775/1000, Temp: 0.0000, Energy: -54.144286-0.002168j
[2025-04-17 10:26:36] Iteration: 776/1000, Temp: 0.0000, Energy: -54.048039-0.000327j
[2025-04-17 10:26:53] Iteration: 777/1000, Temp: 0.0000, Energy: -54.140453-0.000177j
[2025-04-17 10:27:11] Iteration: 778/1000, Temp: 0.0000, Energy: -54.110955-0.004389j
[2025-04-17 10:27:28] Iteration: 779/1000, Temp: 0.0000, Energy: -54.049705-0.002862j
[2025-04-17 10:27:45] Iteration: 780/1000, Temp: 0.0000, Energy: -54.135040+0.010069j
[2025-04-17 10:28:02] Iteration: 781/1000, Temp: 0.0000, Energy: -54.115924-0.002588j
[2025-04-17 10:28:19] Iteration: 782/1000, Temp: 0.0000, Energy: -54.265706-0.007226j
[2025-04-17 10:28:36] Iteration: 783/1000, Temp: 0.0000, Energy: -54.166648-0.000359j
[2025-04-17 10:28:54] Iteration: 784/1000, Temp: 0.0000, Energy: -54.152249+0.004629j
[2025-04-17 10:29:11] Iteration: 785/1000, Temp: 0.0000, Energy: -53.952275+0.003889j
[2025-04-17 10:29:28] Iteration: 786/1000, Temp: 0.0000, Energy: -54.035228-0.002359j
[2025-04-17 10:29:45] Iteration: 787/1000, Temp: 0.0000, Energy: -54.063126+0.000047j
[2025-04-17 10:30:02] Iteration: 788/1000, Temp: 0.0000, Energy: -54.074944-0.003688j
[2025-04-17 10:30:19] Iteration: 789/1000, Temp: 0.0000, Energy: -53.902295+0.005724j
[2025-04-17 10:30:36] Iteration: 790/1000, Temp: 0.0000, Energy: -54.041558-0.001674j
[2025-04-17 10:30:53] Iteration: 791/1000, Temp: 0.0000, Energy: -53.982684+0.005761j
[2025-04-17 10:31:11] Iteration: 792/1000, Temp: 0.0000, Energy: -53.983370+0.001753j
[2025-04-17 10:31:28] Iteration: 793/1000, Temp: 0.0000, Energy: -54.072183-0.007003j
[2025-04-17 10:31:45] Iteration: 794/1000, Temp: 0.0000, Energy: -54.177918+0.002574j
[2025-04-17 10:32:02] Iteration: 795/1000, Temp: 0.0000, Energy: -54.090164+0.006739j
[2025-04-17 10:32:19] Iteration: 796/1000, Temp: 0.0000, Energy: -54.146378+0.000268j
[2025-04-17 10:32:36] Iteration: 797/1000, Temp: 0.0000, Energy: -54.158982-0.004344j
[2025-04-17 10:32:54] Iteration: 798/1000, Temp: 0.0000, Energy: -53.983153-0.001613j
[2025-04-17 10:33:11] Iteration: 799/1000, Temp: 0.0000, Energy: -54.110633-0.003323j
[2025-04-17 10:33:28] Iteration: 800/1000, Temp: 0.0000, Energy: -54.021677-0.000307j
[2025-04-17 10:33:45] Iteration: 801/1000, Temp: 0.0000, Energy: -54.047268-0.000095j
[2025-04-17 10:34:02] Iteration: 802/1000, Temp: 0.0000, Energy: -54.002613+0.000829j
[2025-04-17 10:34:19] Iteration: 803/1000, Temp: 0.0000, Energy: -53.951572-0.005164j
[2025-04-17 10:34:36] Iteration: 804/1000, Temp: 0.0000, Energy: -53.970128-0.003879j
[2025-04-17 10:34:54] Iteration: 805/1000, Temp: 0.0000, Energy: -53.941808+0.003934j
[2025-04-17 10:35:11] Iteration: 806/1000, Temp: 0.0000, Energy: -54.065374-0.001847j
[2025-04-17 10:35:28] Iteration: 807/1000, Temp: 0.0000, Energy: -54.052225+0.003425j
[2025-04-17 10:35:45] Iteration: 808/1000, Temp: 0.0000, Energy: -54.038956+0.001161j
[2025-04-17 10:36:02] Iteration: 809/1000, Temp: 0.0000, Energy: -54.085167-0.005954j
[2025-04-17 10:36:19] Iteration: 810/1000, Temp: 0.0000, Energy: -54.123571-0.000707j
[2025-04-17 10:36:36] Iteration: 811/1000, Temp: 0.0000, Energy: -53.964365-0.005888j
[2025-04-17 10:36:54] Iteration: 812/1000, Temp: 0.0000, Energy: -54.081894+0.002836j
[2025-04-17 10:37:11] Iteration: 813/1000, Temp: 0.0000, Energy: -54.113408-0.006548j
[2025-04-17 10:37:28] Iteration: 814/1000, Temp: 0.0000, Energy: -54.047942-0.005736j
[2025-04-17 10:37:45] Iteration: 815/1000, Temp: 0.0000, Energy: -54.022504-0.002983j
[2025-04-17 10:38:02] Iteration: 816/1000, Temp: 0.0000, Energy: -53.885653-0.000956j
[2025-04-17 10:38:19] Iteration: 817/1000, Temp: 0.0000, Energy: -53.998043-0.001332j
[2025-04-17 10:38:36] Iteration: 818/1000, Temp: 0.0000, Energy: -54.108424+0.006099j
[2025-04-17 10:38:53] Iteration: 819/1000, Temp: 0.0000, Energy: -54.094407+0.001733j
[2025-04-17 10:39:11] Iteration: 820/1000, Temp: 0.0000, Energy: -54.030700-0.001926j
[2025-04-17 10:39:28] Iteration: 821/1000, Temp: 0.0000, Energy: -54.034579+0.002702j
[2025-04-17 10:39:45] Iteration: 822/1000, Temp: 0.0000, Energy: -54.054799-0.002306j
[2025-04-17 10:40:02] Iteration: 823/1000, Temp: 0.0000, Energy: -54.151913+0.000768j
[2025-04-17 10:40:19] Iteration: 824/1000, Temp: 0.0000, Energy: -54.027474+0.004157j
[2025-04-17 10:40:36] Iteration: 825/1000, Temp: 0.0000, Energy: -54.011472+0.002918j
[2025-04-17 10:40:53] Iteration: 826/1000, Temp: 0.0000, Energy: -54.098424-0.000914j
[2025-04-17 10:41:10] Iteration: 827/1000, Temp: 0.0000, Energy: -54.123346-0.005066j
[2025-04-17 10:41:27] Iteration: 828/1000, Temp: 0.0000, Energy: -53.993809+0.003650j
[2025-04-17 10:41:45] Iteration: 829/1000, Temp: 0.0000, Energy: -53.939860-0.001169j
[2025-04-17 10:42:02] Iteration: 830/1000, Temp: 0.0000, Energy: -53.991775+0.007488j
[2025-04-17 10:42:19] Iteration: 831/1000, Temp: 0.0000, Energy: -54.069973+0.004865j
[2025-04-17 10:42:36] Iteration: 832/1000, Temp: 0.0000, Energy: -54.183873-0.005318j
[2025-04-17 10:42:53] Iteration: 833/1000, Temp: 0.0000, Energy: -54.180083-0.004473j
[2025-04-17 10:43:10] Iteration: 834/1000, Temp: 0.0000, Energy: -54.181609+0.006023j
[2025-04-17 10:43:27] Iteration: 835/1000, Temp: 0.0000, Energy: -53.994985-0.003716j
[2025-04-17 10:43:44] Iteration: 836/1000, Temp: 0.0000, Energy: -53.926688-0.000691j
[2025-04-17 10:44:01] Iteration: 837/1000, Temp: 0.0000, Energy: -54.090367+0.009057j
[2025-04-17 10:44:18] Iteration: 838/1000, Temp: 0.0000, Energy: -54.021441-0.002376j
[2025-04-17 10:44:36] Iteration: 839/1000, Temp: 0.0000, Energy: -54.016285-0.000812j
[2025-04-17 10:44:53] Iteration: 840/1000, Temp: 0.0000, Energy: -53.924977+0.001512j
[2025-04-17 10:45:10] Iteration: 841/1000, Temp: 0.0000, Energy: -54.038310-0.001017j
[2025-04-17 10:45:27] Iteration: 842/1000, Temp: 0.0000, Energy: -54.105194+0.000275j
[2025-04-17 10:45:44] Iteration: 843/1000, Temp: 0.0000, Energy: -53.993407-0.000104j
[2025-04-17 10:46:01] Iteration: 844/1000, Temp: 0.0000, Energy: -54.065114-0.003196j
[2025-04-17 10:46:18] Iteration: 845/1000, Temp: 0.0000, Energy: -53.875172-0.004165j
[2025-04-17 10:46:36] Iteration: 846/1000, Temp: 0.0000, Energy: -53.984655+0.004878j
[2025-04-17 10:46:53] Iteration: 847/1000, Temp: 0.0000, Energy: -54.097297-0.002003j
[2025-04-17 10:47:10] Iteration: 848/1000, Temp: 0.0000, Energy: -54.078985+0.002760j
[2025-04-17 10:47:27] Iteration: 849/1000, Temp: 0.0000, Energy: -54.108292-0.000320j
[2025-04-17 10:47:44] Iteration: 850/1000, Temp: 0.0000, Energy: -54.047899+0.001479j
[2025-04-17 10:48:01] Iteration: 851/1000, Temp: 0.0000, Energy: -54.068711+0.003899j
[2025-04-17 10:48:19] Iteration: 852/1000, Temp: 0.0000, Energy: -53.938751-0.001136j
[2025-04-17 10:48:36] Iteration: 853/1000, Temp: 0.0000, Energy: -54.095666-0.008815j
[2025-04-17 10:48:53] Iteration: 854/1000, Temp: 0.0000, Energy: -54.195803+0.000395j
[2025-04-17 10:49:10] Iteration: 855/1000, Temp: 0.0000, Energy: -54.229777+0.001245j
[2025-04-17 10:49:27] Iteration: 856/1000, Temp: 0.0000, Energy: -54.065368+0.005381j
[2025-04-17 10:49:44] Iteration: 857/1000, Temp: 0.0000, Energy: -54.200559-0.001938j
[2025-04-17 10:50:01] Iteration: 858/1000, Temp: 0.0000, Energy: -54.063242-0.001240j
[2025-04-17 10:50:19] Iteration: 859/1000, Temp: 0.0000, Energy: -54.027183+0.000225j
[2025-04-17 10:50:36] Iteration: 860/1000, Temp: 0.0000, Energy: -54.083351-0.000335j
[2025-04-17 10:50:53] Iteration: 861/1000, Temp: 0.0000, Energy: -54.138356-0.000557j
[2025-04-17 10:51:10] Iteration: 862/1000, Temp: 0.0000, Energy: -54.069332+0.001964j
[2025-04-17 10:51:27] Iteration: 863/1000, Temp: 0.0000, Energy: -54.066386+0.001661j
[2025-04-17 10:51:44] Iteration: 864/1000, Temp: 0.0000, Energy: -54.099539+0.003569j
[2025-04-17 10:52:01] Iteration: 865/1000, Temp: 0.0000, Energy: -54.026702+0.005883j
[2025-04-17 10:52:18] Iteration: 866/1000, Temp: 0.0000, Energy: -54.042442-0.002457j
[2025-04-17 10:52:36] Iteration: 867/1000, Temp: 0.0000, Energy: -54.010348+0.001572j
[2025-04-17 10:52:53] Iteration: 868/1000, Temp: 0.0000, Energy: -53.998263+0.004586j
[2025-04-17 10:53:10] Iteration: 869/1000, Temp: 0.0000, Energy: -54.054226+0.006261j
[2025-04-17 10:53:27] Iteration: 870/1000, Temp: 0.0000, Energy: -54.108817+0.000161j
[2025-04-17 10:53:44] Iteration: 871/1000, Temp: 0.0000, Energy: -54.073913+0.009161j
[2025-04-17 10:54:01] Iteration: 872/1000, Temp: 0.0000, Energy: -54.161474+0.000448j
[2025-04-17 10:54:18] Iteration: 873/1000, Temp: 0.0000, Energy: -54.100076+0.003745j
[2025-04-17 10:54:36] Iteration: 874/1000, Temp: 0.0000, Energy: -54.068291-0.000891j
[2025-04-17 10:54:53] Iteration: 875/1000, Temp: 0.0000, Energy: -54.013984-0.001275j
[2025-04-17 10:55:10] Iteration: 876/1000, Temp: 0.0000, Energy: -53.965227+0.002609j
[2025-04-17 10:55:27] Iteration: 877/1000, Temp: 0.0000, Energy: -54.045828-0.000681j
[2025-04-17 10:55:44] Iteration: 878/1000, Temp: 0.0000, Energy: -54.005216-0.001846j
[2025-04-17 10:56:01] Iteration: 879/1000, Temp: 0.0000, Energy: -53.993245-0.001924j
[2025-04-17 10:56:18] Iteration: 880/1000, Temp: 0.0000, Energy: -54.041531+0.002085j
[2025-04-17 10:56:35] Iteration: 881/1000, Temp: 0.0000, Energy: -54.077353+0.004317j
[2025-04-17 10:56:53] Iteration: 882/1000, Temp: 0.0000, Energy: -54.175337+0.001552j
[2025-04-17 10:57:10] Iteration: 883/1000, Temp: 0.0000, Energy: -54.237702+0.001069j
[2025-04-17 10:57:27] Iteration: 884/1000, Temp: 0.0000, Energy: -54.279750+0.002729j
[2025-04-17 10:57:44] Iteration: 885/1000, Temp: 0.0000, Energy: -54.280897-0.003133j
[2025-04-17 10:58:01] Iteration: 886/1000, Temp: 0.0000, Energy: -54.160884-0.004176j
[2025-04-17 10:58:18] Iteration: 887/1000, Temp: 0.0000, Energy: -54.141528-0.001010j
[2025-04-17 10:58:35] Iteration: 888/1000, Temp: 0.0000, Energy: -54.118348+0.003765j
[2025-04-17 10:58:53] Iteration: 889/1000, Temp: 0.0000, Energy: -54.005236+0.002437j
[2025-04-17 10:59:10] Iteration: 890/1000, Temp: 0.0000, Energy: -54.079926-0.003737j
[2025-04-17 10:59:27] Iteration: 891/1000, Temp: 0.0000, Energy: -54.138798+0.001516j
[2025-04-17 10:59:44] Iteration: 892/1000, Temp: 0.0000, Energy: -54.036343+0.008085j
[2025-04-17 11:00:01] Iteration: 893/1000, Temp: 0.0000, Energy: -53.946722-0.001701j
[2025-04-17 11:00:18] Iteration: 894/1000, Temp: 0.0000, Energy: -54.041685+0.001819j
[2025-04-17 11:00:35] Iteration: 895/1000, Temp: 0.0000, Energy: -53.986862+0.005907j
[2025-04-17 11:00:53] Iteration: 896/1000, Temp: 0.0000, Energy: -53.998630-0.000798j
[2025-04-17 11:01:10] Iteration: 897/1000, Temp: 0.0000, Energy: -53.930082-0.001697j
[2025-04-17 11:01:27] Iteration: 898/1000, Temp: 0.0000, Energy: -54.177540-0.000771j
[2025-04-17 11:01:44] Iteration: 899/1000, Temp: 0.0000, Energy: -54.071288-0.002355j
[2025-04-17 11:02:01] Iteration: 900/1000, Temp: 0.0000, Energy: -54.131217+0.001111j
[2025-04-17 11:02:18] Iteration: 901/1000, Temp: 0.0000, Energy: -54.072977+0.008088j
[2025-04-17 11:02:35] Iteration: 902/1000, Temp: 0.0000, Energy: -54.043535+0.000715j
[2025-04-17 11:02:52] Iteration: 903/1000, Temp: 0.0000, Energy: -54.043973+0.000786j
[2025-04-17 11:03:09] Iteration: 904/1000, Temp: 0.0000, Energy: -54.049334-0.002452j
[2025-04-17 11:03:27] Iteration: 905/1000, Temp: 0.0000, Energy: -53.983431-0.004753j
[2025-04-17 11:03:44] Iteration: 906/1000, Temp: 0.0000, Energy: -54.106785+0.006893j
[2025-04-17 11:04:01] Iteration: 907/1000, Temp: 0.0000, Energy: -54.172093-0.000405j
[2025-04-17 11:04:18] Iteration: 908/1000, Temp: 0.0000, Energy: -54.066293+0.003977j
[2025-04-17 11:04:35] Iteration: 909/1000, Temp: 0.0000, Energy: -54.011293-0.005153j
[2025-04-17 11:04:52] Iteration: 910/1000, Temp: 0.0000, Energy: -54.028045+0.000543j
[2025-04-17 11:05:09] Iteration: 911/1000, Temp: 0.0000, Energy: -54.043715+0.000712j
[2025-04-17 11:05:26] Iteration: 912/1000, Temp: 0.0000, Energy: -54.109688+0.000899j
[2025-04-17 11:05:43] Iteration: 913/1000, Temp: 0.0000, Energy: -54.081452-0.001583j
[2025-04-17 11:06:00] Iteration: 914/1000, Temp: 0.0000, Energy: -54.063814-0.002163j
[2025-04-17 11:06:17] Iteration: 915/1000, Temp: 0.0000, Energy: -54.121694+0.004125j
[2025-04-17 11:06:35] Iteration: 916/1000, Temp: 0.0000, Energy: -54.090329+0.004234j
[2025-04-17 11:06:52] Iteration: 917/1000, Temp: 0.0000, Energy: -54.052273-0.000121j
[2025-04-17 11:07:09] Iteration: 918/1000, Temp: 0.0000, Energy: -54.057626+0.000829j
[2025-04-17 11:07:26] Iteration: 919/1000, Temp: 0.0000, Energy: -54.008102-0.002461j
[2025-04-17 11:07:43] Iteration: 920/1000, Temp: 0.0000, Energy: -54.075450-0.003201j
[2025-04-17 11:08:00] Iteration: 921/1000, Temp: 0.0000, Energy: -54.085310-0.001659j
[2025-04-17 11:08:18] Iteration: 922/1000, Temp: 0.0000, Energy: -54.080351-0.006889j
[2025-04-17 11:08:35] Iteration: 923/1000, Temp: 0.0000, Energy: -54.141771-0.001513j
[2025-04-17 11:08:52] Iteration: 924/1000, Temp: 0.0000, Energy: -54.039759-0.003158j
[2025-04-17 11:09:09] Iteration: 925/1000, Temp: 0.0000, Energy: -53.980585-0.001227j
[2025-04-17 11:09:26] Iteration: 926/1000, Temp: 0.0000, Energy: -54.115866+0.004625j
[2025-04-17 11:09:43] Iteration: 927/1000, Temp: 0.0000, Energy: -53.990661+0.001337j
[2025-04-17 11:10:00] Iteration: 928/1000, Temp: 0.0000, Energy: -54.076895-0.004237j
[2025-04-17 11:10:17] Iteration: 929/1000, Temp: 0.0000, Energy: -54.003077+0.004927j
[2025-04-17 11:10:35] Iteration: 930/1000, Temp: 0.0000, Energy: -53.946830-0.003216j
[2025-04-17 11:10:52] Iteration: 931/1000, Temp: 0.0000, Energy: -53.952042+0.006076j
[2025-04-17 11:11:09] Iteration: 932/1000, Temp: 0.0000, Energy: -53.930574+0.001588j
[2025-04-17 11:11:26] Iteration: 933/1000, Temp: 0.0000, Energy: -54.026263+0.004565j
[2025-04-17 11:11:43] Iteration: 934/1000, Temp: 0.0000, Energy: -53.978940-0.005438j
[2025-04-17 11:12:00] Iteration: 935/1000, Temp: 0.0000, Energy: -54.033726-0.007164j
[2025-04-17 11:12:17] Iteration: 936/1000, Temp: 0.0000, Energy: -54.026859-0.001138j
[2025-04-17 11:12:35] Iteration: 937/1000, Temp: 0.0000, Energy: -54.044747+0.001401j
[2025-04-17 11:12:52] Iteration: 938/1000, Temp: 0.0000, Energy: -54.092623-0.003583j
[2025-04-17 11:13:09] Iteration: 939/1000, Temp: 0.0000, Energy: -54.159776-0.002694j
[2025-04-17 11:13:26] Iteration: 940/1000, Temp: 0.0000, Energy: -54.128084+0.003780j
[2025-04-17 11:13:43] Iteration: 941/1000, Temp: 0.0000, Energy: -54.185385+0.000709j
[2025-04-17 11:14:00] Iteration: 942/1000, Temp: 0.0000, Energy: -54.191568-0.002544j
[2025-04-17 11:14:17] Iteration: 943/1000, Temp: 0.0000, Energy: -54.057378-0.001871j
[2025-04-17 11:14:34] Iteration: 944/1000, Temp: 0.0000, Energy: -53.926024-0.001278j
[2025-04-17 11:14:52] Iteration: 945/1000, Temp: 0.0000, Energy: -54.051006+0.000540j
[2025-04-17 11:15:09] Iteration: 946/1000, Temp: 0.0000, Energy: -54.024570-0.001121j
[2025-04-17 11:15:26] Iteration: 947/1000, Temp: 0.0000, Energy: -54.097638+0.006437j
[2025-04-17 11:15:43] Iteration: 948/1000, Temp: 0.0000, Energy: -53.972031-0.002133j
[2025-04-17 11:16:00] Iteration: 949/1000, Temp: 0.0000, Energy: -54.153123+0.001816j
[2025-04-17 11:16:17] Iteration: 950/1000, Temp: 0.0000, Energy: -54.108318-0.006015j
[2025-04-17 11:16:34] Iteration: 951/1000, Temp: 0.0000, Energy: -54.203207+0.002831j
[2025-04-17 11:16:51] Iteration: 952/1000, Temp: 0.0000, Energy: -54.065716+0.001866j
[2025-04-17 11:17:09] Iteration: 953/1000, Temp: 0.0000, Energy: -54.116334+0.000913j
[2025-04-17 11:17:26] Iteration: 954/1000, Temp: 0.0000, Energy: -54.158321-0.000131j
[2025-04-17 11:17:43] Iteration: 955/1000, Temp: 0.0000, Energy: -54.242600+0.002410j
[2025-04-17 11:18:00] Iteration: 956/1000, Temp: 0.0000, Energy: -54.106435-0.002259j
[2025-04-17 11:18:17] Iteration: 957/1000, Temp: 0.0000, Energy: -54.072742-0.007211j
[2025-04-17 11:18:34] Iteration: 958/1000, Temp: 0.0000, Energy: -54.038716+0.000380j
[2025-04-17 11:18:51] Iteration: 959/1000, Temp: 0.0000, Energy: -54.055738-0.002431j
[2025-04-17 11:19:09] Iteration: 960/1000, Temp: 0.0000, Energy: -53.948291+0.004324j
[2025-04-17 11:19:26] Iteration: 961/1000, Temp: 0.0000, Energy: -54.074962+0.000533j
[2025-04-17 11:19:43] Iteration: 962/1000, Temp: 0.0000, Energy: -54.099078+0.008112j
[2025-04-17 11:20:00] Iteration: 963/1000, Temp: 0.0000, Energy: -54.060330+0.003816j
[2025-04-17 11:20:17] Iteration: 964/1000, Temp: 0.0000, Energy: -54.042609+0.001730j
[2025-04-17 11:20:34] Iteration: 965/1000, Temp: 0.0000, Energy: -53.949117-0.000286j
[2025-04-17 11:20:51] Iteration: 966/1000, Temp: 0.0000, Energy: -54.077649-0.001306j
[2025-04-17 11:21:08] Iteration: 967/1000, Temp: 0.0000, Energy: -54.034533-0.000369j
[2025-04-17 11:21:26] Iteration: 968/1000, Temp: 0.0000, Energy: -54.023869-0.006150j
[2025-04-17 11:21:43] Iteration: 969/1000, Temp: 0.0000, Energy: -54.121147-0.004063j
[2025-04-17 11:22:00] Iteration: 970/1000, Temp: 0.0000, Energy: -54.081279-0.004307j
[2025-04-17 11:22:17] Iteration: 971/1000, Temp: 0.0000, Energy: -53.967725+0.001870j
[2025-04-17 11:22:34] Iteration: 972/1000, Temp: 0.0000, Energy: -54.072487+0.000522j
[2025-04-17 11:22:51] Iteration: 973/1000, Temp: 0.0000, Energy: -54.044549-0.000820j
[2025-04-17 11:23:08] Iteration: 974/1000, Temp: 0.0000, Energy: -54.068051+0.000813j
[2025-04-17 11:23:25] Iteration: 975/1000, Temp: 0.0000, Energy: -54.060741+0.001426j
[2025-04-17 11:23:43] Iteration: 976/1000, Temp: 0.0000, Energy: -54.133135+0.001406j
[2025-04-17 11:24:00] Iteration: 977/1000, Temp: 0.0000, Energy: -54.002272-0.001493j
[2025-04-17 11:24:17] Iteration: 978/1000, Temp: 0.0000, Energy: -53.979854+0.005085j
[2025-04-17 11:24:34] Iteration: 979/1000, Temp: 0.0000, Energy: -53.993257+0.000692j
[2025-04-17 11:24:51] Iteration: 980/1000, Temp: 0.0000, Energy: -54.153876+0.003023j
[2025-04-17 11:25:08] Iteration: 981/1000, Temp: 0.0000, Energy: -54.133204+0.005825j
[2025-04-17 11:25:25] Iteration: 982/1000, Temp: 0.0000, Energy: -54.143517+0.005158j
[2025-04-17 11:25:42] Iteration: 983/1000, Temp: 0.0000, Energy: -54.150877+0.001047j
[2025-04-17 11:25:59] Iteration: 984/1000, Temp: 0.0000, Energy: -54.071638+0.000440j
[2025-04-17 11:26:16] Iteration: 985/1000, Temp: 0.0000, Energy: -54.118873-0.001718j
[2025-04-17 11:26:34] Iteration: 986/1000, Temp: 0.0000, Energy: -54.188438-0.003082j
[2025-04-17 11:26:51] Iteration: 987/1000, Temp: 0.0000, Energy: -54.131189-0.004356j
[2025-04-17 11:27:08] Iteration: 988/1000, Temp: 0.0000, Energy: -54.133866-0.002095j
[2025-04-17 11:27:25] Iteration: 989/1000, Temp: 0.0000, Energy: -54.065350-0.005062j
[2025-04-17 11:27:42] Iteration: 990/1000, Temp: 0.0000, Energy: -54.196386+0.000500j
[2025-04-17 11:27:59] Iteration: 991/1000, Temp: 0.0000, Energy: -54.102532+0.000359j
[2025-04-17 11:28:16] Iteration: 992/1000, Temp: 0.0000, Energy: -54.081418+0.001909j
[2025-04-17 11:28:33] Iteration: 993/1000, Temp: 0.0000, Energy: -54.100666-0.000219j
[2025-04-17 11:28:51] Iteration: 994/1000, Temp: 0.0000, Energy: -54.013030-0.007339j
[2025-04-17 11:29:08] Iteration: 995/1000, Temp: 0.0000, Energy: -54.158749-0.004630j
[2025-04-17 11:29:25] Iteration: 996/1000, Temp: 0.0000, Energy: -54.151790-0.004779j
[2025-04-17 11:29:42] Iteration: 997/1000, Temp: 0.0000, Energy: -54.137841-0.001816j
[2025-04-17 11:29:59] Iteration: 998/1000, Temp: 0.0000, Energy: -54.188057-0.001281j
[2025-04-17 11:30:16] Iteration: 999/1000, Temp: 0.0000, Energy: -54.131149-0.003103j
[2025-04-17 11:30:16] ==================================================
[2025-04-17 11:30:16] Training finished, total runtime = 17132.07 seconds
[2025-04-17 11:30:21] Trained quantum state parameters saved to: results/L=4/J2=0.05/J1=0.10/GCNN_L=4_J2=0.05_J1=0.10.pkl
[2025-04-17 11:30:21] ==================================================
