[2025-05-09 06:20:51] ================================================================================
[2025-05-09 06:20:51] 开始分析量子态: L=5, J2=0.05, J1=0.06
[2025-05-09 06:20:51] --------------------------------------------------------------------------------
[2025-05-09 06:20:51] 加载量子态: L=5, J2=0.05, J1=0.06
[2025-05-09 06:21:03] 增加采样数量到 2^20...
[2025-05-09 06:21:03] ================================================================================
[2025-05-09 06:21:03] 开始计算自旋结构因子...
[2025-05-09 06:21:03] 预计算自旋操作符...
[2025-05-09 06:21:03] 计算位移向量...
[2025-05-09 06:21:03] 使用自旋0作为参考点, 计算自旋相关函数...
[2025-05-09 06:33:35] 计算相关函数进度: 1/100
[2025-05-09 06:37:12] 计算相关函数进度: 11/100
[2025-05-09 06:40:44] 计算相关函数进度: 21/100
[2025-05-09 06:44:16] 计算相关函数进度: 31/100
[2025-05-09 06:47:48] 计算相关函数进度: 41/100
[2025-05-09 06:51:19] 计算相关函数进度: 51/100
[2025-05-09 06:54:51] 计算相关函数进度: 61/100
[2025-05-09 06:58:23] 计算相关函数进度: 71/100
[2025-05-09 07:01:55] 计算相关函数进度: 81/100
[2025-05-09 07:05:27] 计算相关函数进度: 91/100
[2025-05-09 07:08:35] 计算相关函数进度: 100/100
[2025-05-09 07:08:35] 计算傅里叶变换...
[2025-05-09 07:08:36] 自旋结构因子计算完成
[2025-05-09 07:08:37] ================================================================================
[2025-05-09 07:08:37] 开始计算二聚体结构因子...
[2025-05-09 07:08:37] 识别x和y方向的二聚体...
[2025-05-09 07:08:37] 预计算二聚体操作符...
[2025-05-09 07:08:37] 计算位移向量...
[2025-05-09 07:08:37] 使用二聚体 (0, 1) 作为参考点，计算二聚体相关函数...
[2025-05-09 07:08:47] 计算x方向相关函数进度: 1/100
[2025-05-09 07:14:45] 计算x方向相关函数进度: 11/100
[2025-05-09 07:20:45] 计算x方向相关函数进度: 21/100
[2025-05-09 07:26:45] 计算x方向相关函数进度: 31/100
[2025-05-09 07:32:43] 计算x方向相关函数进度: 41/100
[2025-05-09 07:38:42] 计算x方向相关函数进度: 51/100
[2025-05-09 07:44:41] 计算x方向相关函数进度: 61/100
[2025-05-09 07:50:40] 计算x方向相关函数进度: 71/100
[2025-05-09 07:56:39] 计算x方向相关函数进度: 81/100
[2025-05-09 08:02:38] 计算x方向相关函数进度: 91/100
[2025-05-09 08:08:00] 计算x方向相关函数进度: 100/100
[2025-05-09 08:08:00] 使用二聚体 (0, 3) 作为参考点，计算二聚体相关函数...
[2025-05-09 08:08:22] 计算y方向相关函数进度: 1/100
[2025-05-09 08:14:11] 计算y方向相关函数进度: 11/100
[2025-05-09 08:20:11] 计算y方向相关函数进度: 21/100
[2025-05-09 08:26:11] 计算y方向相关函数进度: 31/100
[2025-05-09 08:32:11] 计算y方向相关函数进度: 41/100
[2025-05-09 08:38:11] 计算y方向相关函数进度: 51/100
[2025-05-09 08:44:11] 计算y方向相关函数进度: 61/100
[2025-05-09 08:50:11] 计算y方向相关函数进度: 71/100
[2025-05-09 08:56:11] 计算y方向相关函数进度: 81/100
[2025-05-09 09:02:12] 计算y方向相关函数进度: 91/100
[2025-05-09 09:07:00] 计算y方向相关函数进度: 100/100
[2025-05-09 09:07:00] 计算傅里叶变换...
[2025-05-09 09:07:00] 二聚体结构因子计算完成
[2025-05-09 09:07:01] ================================================================================
[2025-05-09 09:07:01] 开始计算简盘结构因子...
[2025-05-09 09:07:01] 识别所有简盘...
[2025-05-09 09:07:01] 预计算简盘操作符...
[2025-05-09 09:07:06] 计算位移向量...
[2025-05-09 09:07:06] 使用简盘 0 作为参考点，计算简盘相关函数...
[2025-05-09 09:09:14] 计算相关函数进度: 1/25
