[2025-04-22 12:26:36] ==================================================
[2025-04-22 12:26:36] GCNN for Shastry-Sutherland lattice
[2025-04-22 12:26:36] ==================================================
[2025-04-22 12:26:36] System parameters:
[2025-04-22 12:26:36]   - System size: L=5, N=100
[2025-04-22 12:26:36]   - System parameters: J1=0.02, J2=0.05, Q=0.95
[2025-04-22 12:26:43] --------------------------------------------------
[2025-04-22 12:26:43] Model parameters:
[2025-04-22 12:26:43]   - Number of layers = 4
[2025-04-22 12:26:43]   - Number of features = 4
[2025-04-22 12:26:43]   - Symmetries used: 200
[2025-04-22 12:26:43]   - Total parameters = 19628
[2025-04-22 12:26:43] --------------------------------------------------
[2025-04-22 12:26:43] Training parameters:
[2025-04-22 12:26:43]   - Learning rate: 0.02
[2025-04-22 12:26:43]   - Total annealing steps: 1000
[2025-04-22 12:26:43]   - Samples: 4096
[2025-04-22 12:26:43]   - Discarded samples: 0
[2025-04-22 12:26:43]   - Chunk size: 1024
[2025-04-22 12:26:43] --------------------------------------------------
[2025-04-22 12:26:43] Device status:
[2025-04-22 12:26:43]   - Number of devices: 4
[2025-04-22 12:26:43]   - Sharding: False
[2025-04-22 12:26:51] --------------------------------------------------
[2025-04-22 12:26:51] Start training...
[2025-04-22 12:27:37] Iteration: 0/1000, Temp: 0.5000, Energy: 1.625170+0.000246j
[2025-04-22 12:28:09] Iteration: 1/1000, Temp: 0.4901, Energy: 1.624686-0.000194j
[2025-04-22 12:28:42] Iteration: 2/1000, Temp: 0.4804, Energy: 1.625308-0.000349j
[2025-04-22 12:29:14] Iteration: 3/1000, Temp: 0.4709, Energy: 1.624515-0.000335j
[2025-04-22 12:29:46] Iteration: 4/1000, Temp: 0.4616, Energy: 1.624569-0.000290j
[2025-04-22 12:30:18] Iteration: 5/1000, Temp: 0.4524, Energy: 1.624487-0.000159j
[2025-04-22 12:30:50] Iteration: 6/1000, Temp: 0.4435, Energy: 1.625111+0.000208j
[2025-04-22 12:31:22] Iteration: 7/1000, Temp: 0.4347, Energy: 1.624526-0.000129j
[2025-04-22 12:31:54] Iteration: 8/1000, Temp: 0.4261, Energy: 1.624926+0.000280j
[2025-04-22 12:32:27] Iteration: 9/1000, Temp: 0.4176, Energy: 1.625125+0.000539j
[2025-04-22 12:32:59] Iteration: 10/1000, Temp: 0.4094, Energy: 1.625167+0.000244j
[2025-04-22 12:33:31] Iteration: 11/1000, Temp: 0.4013, Energy: 1.624569+0.000421j
[2025-04-22 12:34:03] Iteration: 12/1000, Temp: 0.3933, Energy: 1.624713+0.000228j
[2025-04-22 12:34:35] Iteration: 13/1000, Temp: 0.3855, Energy: 1.624705+0.000137j
[2025-04-22 12:35:07] Iteration: 14/1000, Temp: 0.3779, Energy: 1.624607+0.000451j
[2025-04-22 12:35:39] Iteration: 15/1000, Temp: 0.3704, Energy: 1.624663+0.000291j
[2025-04-22 12:36:11] Iteration: 16/1000, Temp: 0.3631, Energy: 1.624629+0.000015j
[2025-04-22 12:36:44] Iteration: 17/1000, Temp: 0.3559, Energy: 1.624677-0.000041j
[2025-04-22 12:37:16] Iteration: 18/1000, Temp: 0.3488, Energy: 1.624814-0.000116j
[2025-04-22 12:37:48] Iteration: 19/1000, Temp: 0.3419, Energy: 1.624823+0.000183j
[2025-04-22 12:38:20] Iteration: 20/1000, Temp: 0.3352, Energy: 1.624729-0.000212j
[2025-04-22 12:38:52] Iteration: 21/1000, Temp: 0.3285, Energy: 1.624515-0.000149j
[2025-04-22 12:39:24] Iteration: 22/1000, Temp: 0.3220, Energy: 1.624483+0.000054j
[2025-04-22 12:39:56] Iteration: 23/1000, Temp: 0.3156, Energy: 1.624620-0.000306j
[2025-04-22 12:40:28] Iteration: 24/1000, Temp: 0.3094, Energy: 1.624366-0.000466j
[2025-04-22 12:41:00] Iteration: 25/1000, Temp: 0.3033, Energy: 1.624512-0.000514j
[2025-04-22 12:41:33] Iteration: 26/1000, Temp: 0.2973, Energy: 1.624454-0.000377j
[2025-04-22 12:42:05] Iteration: 27/1000, Temp: 0.2914, Energy: 1.624378+0.000119j
[2025-04-22 12:42:37] Iteration: 28/1000, Temp: 0.2856, Energy: 1.624600-0.000259j
[2025-04-22 12:43:09] Iteration: 29/1000, Temp: 0.2799, Energy: 1.624636+0.000133j
[2025-04-22 12:43:41] Iteration: 30/1000, Temp: 0.2744, Energy: 1.624408+0.000547j
[2025-04-22 12:44:13] Iteration: 31/1000, Temp: 0.2690, Energy: 1.624856+0.000564j
[2025-04-22 12:44:45] Iteration: 32/1000, Temp: 0.2636, Energy: 1.624778-0.000076j
[2025-04-22 12:45:17] Iteration: 33/1000, Temp: 0.2584, Energy: 1.625089+0.000456j
[2025-04-22 12:45:49] Iteration: 34/1000, Temp: 0.2533, Energy: 1.623968+0.000057j
[2025-04-22 12:46:21] Iteration: 35/1000, Temp: 0.2483, Energy: 1.624329-0.000666j
[2025-04-22 12:46:54] Iteration: 36/1000, Temp: 0.2434, Energy: 1.625168+0.000606j
[2025-04-22 12:47:26] Iteration: 37/1000, Temp: 0.2386, Energy: 1.624750+0.000546j
[2025-04-22 12:47:58] Iteration: 38/1000, Temp: 0.2338, Energy: 1.623304-0.001870j
[2025-04-22 12:48:30] Iteration: 39/1000, Temp: 0.2292, Energy: 1.624225-0.000570j
[2025-04-22 12:49:02] Iteration: 40/1000, Temp: 0.2247, Energy: 1.624363+0.000267j
[2025-04-22 12:49:34] Iteration: 41/1000, Temp: 0.2202, Energy: 1.624010-0.000091j
[2025-04-22 12:50:06] Iteration: 42/1000, Temp: 0.2159, Energy: 1.623990-0.000152j
[2025-04-22 12:50:38] Iteration: 43/1000, Temp: 0.2116, Energy: 1.624092+0.000136j
[2025-04-22 12:51:10] Iteration: 44/1000, Temp: 0.2074, Energy: 1.623829-0.000703j
[2025-04-22 12:51:43] Iteration: 45/1000, Temp: 0.2033, Energy: 1.623905-0.000387j
[2025-04-22 12:52:15] Iteration: 46/1000, Temp: 0.1993, Energy: 1.624247+0.000358j
[2025-04-22 12:52:47] Iteration: 47/1000, Temp: 0.1953, Energy: 1.624081-0.000214j
[2025-04-22 12:53:19] Iteration: 48/1000, Temp: 0.1914, Energy: 1.623904-0.000245j
[2025-04-22 12:53:51] Iteration: 49/1000, Temp: 0.1877, Energy: 1.623248-0.000755j
[2025-04-22 12:54:23] Iteration: 50/1000, Temp: 0.1839, Energy: 1.624750+0.001706j
[2025-04-22 12:54:55] Iteration: 51/1000, Temp: 0.1803, Energy: 1.624074+0.000328j
[2025-04-22 12:55:27] Iteration: 52/1000, Temp: 0.1767, Energy: 1.623974-0.000470j
[2025-04-22 12:55:59] Iteration: 53/1000, Temp: 0.1732, Energy: 1.623848+0.000384j
[2025-04-22 12:56:32] Iteration: 54/1000, Temp: 0.1698, Energy: 1.623845+0.000939j
[2025-04-22 12:57:04] Iteration: 55/1000, Temp: 0.1664, Energy: 1.623117+0.000078j
[2025-04-22 12:57:36] Iteration: 56/1000, Temp: 0.1631, Energy: 1.623297+0.000405j
[2025-04-22 12:58:08] Iteration: 57/1000, Temp: 0.1599, Energy: 1.623254-0.000100j
[2025-04-22 12:58:40] Iteration: 58/1000, Temp: 0.1567, Energy: 1.622694-0.000895j
[2025-04-22 12:59:12] Iteration: 59/1000, Temp: 0.1536, Energy: 1.622918+0.000312j
[2025-04-22 12:59:44] Iteration: 60/1000, Temp: 0.1506, Energy: 1.622962+0.000298j
[2025-04-22 13:00:16] Iteration: 61/1000, Temp: 0.1476, Energy: 1.622019-0.001012j
[2025-04-22 13:00:49] Iteration: 62/1000, Temp: 0.1447, Energy: 1.623184+0.000224j
[2025-04-22 13:01:21] Iteration: 63/1000, Temp: 0.1418, Energy: 1.622162-0.002202j
[2025-04-22 13:01:53] Iteration: 64/1000, Temp: 0.1390, Energy: 1.623426+0.001671j
[2025-04-22 13:02:25] Iteration: 65/1000, Temp: 0.1363, Energy: 1.621724-0.001622j
[2025-04-22 13:02:57] Iteration: 66/1000, Temp: 0.1336, Energy: 1.621758+0.000611j
[2025-04-22 13:03:29] Iteration: 67/1000, Temp: 0.1309, Energy: 1.621474+0.000037j
[2025-04-22 13:04:01] Iteration: 68/1000, Temp: 0.1283, Energy: 1.621524+0.000834j
[2025-04-22 13:04:33] Iteration: 69/1000, Temp: 0.1258, Energy: 1.620554-0.002226j
[2025-04-22 13:05:05] Iteration: 70/1000, Temp: 0.1233, Energy: 1.622315+0.003714j
[2025-04-22 13:05:38] Iteration: 71/1000, Temp: 0.1209, Energy: 1.621910+0.001986j
[2025-04-22 13:06:10] Iteration: 72/1000, Temp: 0.1185, Energy: 1.621274+0.002333j
[2025-04-22 13:06:42] Iteration: 73/1000, Temp: 0.1161, Energy: 1.618701-0.002358j
[2025-04-22 13:07:14] Iteration: 74/1000, Temp: 0.1138, Energy: 1.618375-0.000315j
[2025-04-22 13:07:46] Iteration: 75/1000, Temp: 0.1116, Energy: 1.617221-0.002046j
[2025-04-22 13:08:18] Iteration: 76/1000, Temp: 0.1094, Energy: 1.617300-0.000431j
[2025-04-22 13:08:50] Iteration: 77/1000, Temp: 0.1072, Energy: 1.615159-0.002074j
[2025-04-22 13:09:22] Iteration: 78/1000, Temp: 0.1051, Energy: 1.616770-0.000544j
[2025-04-22 13:09:55] Iteration: 79/1000, Temp: 0.1030, Energy: 1.615955+0.001519j
[2025-04-22 13:10:27] Iteration: 80/1000, Temp: 0.1009, Energy: 1.614283+0.000987j
[2025-04-22 13:10:59] Iteration: 81/1000, Temp: 0.0989, Energy: 1.612607+0.000287j
[2025-04-22 13:11:31] Iteration: 82/1000, Temp: 0.0970, Energy: 1.613570+0.002047j
[2025-04-22 13:12:03] Iteration: 83/1000, Temp: 0.0951, Energy: 1.612302+0.003780j
[2025-04-22 13:12:35] Iteration: 84/1000, Temp: 0.0932, Energy: 1.608519+0.001545j
[2025-04-22 13:13:07] Iteration: 85/1000, Temp: 0.0913, Energy: 1.607480+0.003689j
[2025-04-22 13:13:39] Iteration: 86/1000, Temp: 0.0895, Energy: 1.607968+0.008966j
[2025-04-22 13:14:11] Iteration: 87/1000, Temp: 0.0878, Energy: 1.599503-0.004785j
[2025-04-22 13:14:44] Iteration: 88/1000, Temp: 0.0860, Energy: 1.599236+0.002772j
[2025-04-22 13:15:16] Iteration: 89/1000, Temp: 0.0843, Energy: 1.595232+0.000696j
[2025-04-22 13:15:48] Iteration: 90/1000, Temp: 0.0826, Energy: 1.590356+0.000052j
[2025-04-22 13:16:20] Iteration: 91/1000, Temp: 0.0810, Energy: 1.585872-0.000344j
[2025-04-22 13:16:52] Iteration: 92/1000, Temp: 0.0794, Energy: 1.581377-0.001955j
[2025-04-22 13:17:24] Iteration: 93/1000, Temp: 0.0778, Energy: 1.571762-0.004684j
[2025-04-22 13:17:56] Iteration: 94/1000, Temp: 0.0763, Energy: 1.571088+0.009783j
[2025-04-22 13:18:29] Iteration: 95/1000, Temp: 0.0748, Energy: 1.561427+0.004535j
[2025-04-22 13:19:01] Iteration: 96/1000, Temp: 0.0733, Energy: 1.547198-0.005963j
[2025-04-22 13:19:33] Iteration: 97/1000, Temp: 0.0719, Energy: 1.534413-0.008870j
[2025-04-22 13:20:05] Iteration: 98/1000, Temp: 0.0704, Energy: 1.521285-0.008008j
[2025-04-22 13:20:37] Iteration: 99/1000, Temp: 0.0690, Energy: 1.517953+0.015891j
[2025-04-22 13:21:09] Iteration: 100/1000, Temp: 0.0677, Energy: 1.483814-0.023602j
[2025-04-22 13:21:41] Iteration: 101/1000, Temp: 0.0663, Energy: 1.476694+0.002412j
[2025-04-22 13:22:13] Iteration: 102/1000, Temp: 0.0650, Energy: 1.452765+0.006417j
[2025-04-22 13:22:45] Iteration: 103/1000, Temp: 0.0637, Energy: 1.416599-0.024870j
[2025-04-22 13:23:18] Iteration: 104/1000, Temp: 0.0625, Energy: 1.397462+0.003420j
[2025-04-22 13:23:50] Iteration: 105/1000, Temp: 0.0612, Energy: 1.361141+0.002491j
[2025-04-22 13:24:22] Iteration: 106/1000, Temp: 0.0600, Energy: 1.311897+0.007623j
[2025-04-22 13:24:54] Iteration: 107/1000, Temp: 0.0588, Energy: 1.261916+0.003635j
[2025-04-22 13:25:26] Iteration: 108/1000, Temp: 0.0577, Energy: 1.214280+0.010821j
[2025-04-22 13:25:58] Iteration: 109/1000, Temp: 0.0565, Energy: 1.149707+0.010252j
[2025-04-22 13:26:30] Iteration: 110/1000, Temp: 0.0554, Energy: 1.077226-0.011667j
[2025-04-22 13:27:02] Iteration: 111/1000, Temp: 0.0543, Energy: 1.002169-0.005696j
[2025-04-22 13:27:35] Iteration: 112/1000, Temp: 0.0532, Energy: 0.904788+0.016613j
[2025-04-22 13:28:07] Iteration: 113/1000, Temp: 0.0522, Energy: 0.786768+0.012068j
[2025-04-22 13:28:39] Iteration: 114/1000, Temp: 0.0511, Energy: 0.655560+0.004818j
[2025-04-22 13:29:11] Iteration: 115/1000, Temp: 0.0501, Energy: 0.525760+0.007060j
[2025-04-22 13:29:43] Iteration: 116/1000, Temp: 0.0491, Energy: 0.348936-0.048283j
[2025-04-22 13:30:15] Iteration: 117/1000, Temp: 0.0482, Energy: 0.182861-0.017620j
[2025-04-22 13:30:47] Iteration: 118/1000, Temp: 0.0472, Energy: 0.016252-0.004365j
[2025-04-22 13:31:19] Iteration: 119/1000, Temp: 0.0463, Energy: -0.200109+0.050485j
[2025-04-22 13:31:51] Iteration: 120/1000, Temp: 0.0454, Energy: -0.443992+0.087436j
[2025-04-22 13:32:24] Iteration: 121/1000, Temp: 0.0445, Energy: -0.692070+0.011562j
[2025-04-22 13:32:56] Iteration: 122/1000, Temp: 0.0436, Energy: -0.978771+0.036780j
[2025-04-22 13:33:28] Iteration: 123/1000, Temp: 0.0427, Energy: -1.304069-0.025893j
[2025-04-22 13:34:00] Iteration: 124/1000, Temp: 0.0419, Energy: -1.630910+0.002547j
[2025-04-22 13:34:32] Iteration: 125/1000, Temp: 0.0410, Energy: -2.060010-0.071751j
[2025-04-22 13:35:04] Iteration: 126/1000, Temp: 0.0402, Energy: -2.459043+0.069931j
[2025-04-22 13:35:36] Iteration: 127/1000, Temp: 0.0394, Energy: -2.904097-0.010668j
[2025-04-22 13:36:08] Iteration: 128/1000, Temp: 0.0387, Energy: -3.446204-0.020638j
[2025-04-22 13:36:40] Iteration: 129/1000, Temp: 0.0379, Energy: -3.985472-0.024434j
[2025-04-22 13:37:13] Iteration: 130/1000, Temp: 0.0371, Energy: -4.633494+0.046636j
[2025-04-22 13:37:45] Iteration: 131/1000, Temp: 0.0364, Energy: -5.368572+0.006373j
[2025-04-22 13:38:17] Iteration: 132/1000, Temp: 0.0357, Energy: -6.186723+0.015692j
[2025-04-22 13:38:49] Iteration: 133/1000, Temp: 0.0350, Energy: -7.085812+0.008697j
[2025-04-22 13:39:21] Iteration: 134/1000, Temp: 0.0343, Energy: -8.144965+0.036123j
[2025-04-22 13:39:53] Iteration: 135/1000, Temp: 0.0336, Energy: -9.226374+0.018343j
[2025-04-22 13:40:25] Iteration: 136/1000, Temp: 0.0329, Energy: -10.418024-0.086257j
[2025-04-22 13:40:58] Iteration: 137/1000, Temp: 0.0323, Energy: -11.766147+0.017808j
[2025-04-22 13:41:30] Iteration: 138/1000, Temp: 0.0316, Energy: -12.786679-0.053392j
[2025-04-22 13:42:02] Iteration: 139/1000, Temp: 0.0310, Energy: -14.257002-0.233988j
[2025-04-22 13:42:34] Iteration: 140/1000, Temp: 0.0304, Energy: -15.469668-0.153346j
[2025-04-22 13:43:06] Iteration: 141/1000, Temp: 0.0298, Energy: -16.981871-0.029020j
[2025-04-22 13:43:38] Iteration: 142/1000, Temp: 0.0292, Energy: -18.285001-0.015858j
[2025-04-22 13:44:10] Iteration: 143/1000, Temp: 0.0286, Energy: -19.629742-0.104932j
[2025-04-22 13:44:42] Iteration: 144/1000, Temp: 0.0281, Energy: -20.964687-0.001981j
[2025-04-22 13:45:14] Iteration: 145/1000, Temp: 0.0275, Energy: -22.535024-0.140887j
[2025-04-22 13:45:46] Iteration: 146/1000, Temp: 0.0270, Energy: -24.424502-0.024823j
[2025-04-22 13:46:19] Iteration: 147/1000, Temp: 0.0264, Energy: -25.979303-0.016761j
[2025-04-22 13:46:51] Iteration: 148/1000, Temp: 0.0259, Energy: -27.689446+0.098630j
[2025-04-22 13:47:23] Iteration: 149/1000, Temp: 0.0254, Energy: -29.939319-0.176418j
[2025-04-22 13:47:55] Iteration: 150/1000, Temp: 0.0249, Energy: -31.787021+0.104892j
[2025-04-22 13:48:27] Iteration: 151/1000, Temp: 0.0244, Energy: -34.058685-0.039912j
[2025-04-22 13:48:59] Iteration: 152/1000, Temp: 0.0239, Energy: -36.615257-0.038081j
[2025-04-22 13:49:31] Iteration: 153/1000, Temp: 0.0234, Energy: -39.424907-0.112249j
[2025-04-22 13:50:04] Iteration: 154/1000, Temp: 0.0230, Energy: -42.457999+0.049070j
[2025-04-22 13:50:36] Iteration: 155/1000, Temp: 0.0225, Energy: -45.719948-0.152200j
[2025-04-22 13:51:08] Iteration: 156/1000, Temp: 0.0221, Energy: -49.521746-0.243667j
[2025-04-22 13:51:40] Iteration: 157/1000, Temp: 0.0216, Energy: -53.506464-0.103203j
[2025-04-22 13:52:12] Iteration: 158/1000, Temp: 0.0212, Energy: -56.935273-0.125708j
[2025-04-22 13:52:44] Iteration: 159/1000, Temp: 0.0208, Energy: -60.086818-0.121324j
[2025-04-22 13:53:16] Iteration: 160/1000, Temp: 0.0204, Energy: -63.139460-0.137079j
[2025-04-22 13:53:48] Iteration: 161/1000, Temp: 0.0200, Energy: -65.146373-0.167592j
[2025-04-22 13:54:20] Iteration: 162/1000, Temp: 0.0196, Energy: -67.201943-0.069651j
[2025-04-22 13:54:52] Iteration: 163/1000, Temp: 0.0192, Energy: -68.902622-0.078668j
[2025-04-22 13:55:25] Iteration: 164/1000, Temp: 0.0188, Energy: -70.324174-0.084881j
[2025-04-22 13:55:57] Iteration: 165/1000, Temp: 0.0184, Energy: -71.445606-0.010035j
[2025-04-22 13:56:29] Iteration: 166/1000, Temp: 0.0181, Energy: -72.099699-0.070546j
[2025-04-22 13:57:01] Iteration: 167/1000, Temp: 0.0177, Energy: -73.393934-0.049611j
[2025-04-22 13:57:33] Iteration: 168/1000, Temp: 0.0174, Energy: -73.944422-0.100917j
[2025-04-22 13:58:05] Iteration: 169/1000, Temp: 0.0170, Energy: -74.572390-0.053604j
[2025-04-22 13:58:37] Iteration: 170/1000, Temp: 0.0167, Energy: -74.860649+0.001352j
[2025-04-22 13:59:09] Iteration: 171/1000, Temp: 0.0164, Energy: -75.167872+0.032564j
[2025-04-22 13:59:42] Iteration: 172/1000, Temp: 0.0160, Energy: -75.596620+0.060330j
[2025-04-22 14:00:14] Iteration: 173/1000, Temp: 0.0157, Energy: -75.846273-0.007448j
[2025-04-22 14:00:46] Iteration: 174/1000, Temp: 0.0154, Energy: -75.987648+0.010479j
[2025-04-22 14:01:18] Iteration: 175/1000, Temp: 0.0151, Energy: -75.777832-0.016863j
[2025-04-22 14:01:50] Iteration: 176/1000, Temp: 0.0148, Energy: -76.236661-0.012278j
[2025-04-22 14:02:22] Iteration: 177/1000, Temp: 0.0145, Energy: -76.343627-0.020851j
[2025-04-22 14:02:55] Iteration: 178/1000, Temp: 0.0142, Energy: -76.642992+0.019314j
[2025-04-22 14:03:27] Iteration: 179/1000, Temp: 0.0139, Energy: -76.841144+0.007688j
[2025-04-22 14:03:59] Iteration: 180/1000, Temp: 0.0137, Energy: -77.208063+0.020620j
[2025-04-22 14:04:31] Iteration: 181/1000, Temp: 0.0134, Energy: -76.986282+0.043712j
[2025-04-22 14:05:03] Iteration: 182/1000, Temp: 0.0131, Energy: -77.244293+0.039263j
[2025-04-22 14:05:35] Iteration: 183/1000, Temp: 0.0129, Energy: -77.203127+0.053007j
[2025-04-22 14:06:08] Iteration: 184/1000, Temp: 0.0126, Energy: -77.419353+0.041220j
[2025-04-22 14:06:40] Iteration: 185/1000, Temp: 0.0124, Energy: -77.572704+0.031332j
[2025-04-22 14:07:12] Iteration: 186/1000, Temp: 0.0121, Energy: -77.679059+0.038450j
[2025-04-22 14:07:44] Iteration: 187/1000, Temp: 0.0119, Energy: -77.659840+0.065108j
[2025-04-22 14:08:16] Iteration: 188/1000, Temp: 0.0116, Energy: -77.774558+0.018728j
[2025-04-22 14:08:49] Iteration: 189/1000, Temp: 0.0114, Energy: -77.969976+0.025201j
[2025-04-22 14:09:21] Iteration: 190/1000, Temp: 0.0112, Energy: -77.875888+0.039084j
[2025-04-22 14:09:53] Iteration: 191/1000, Temp: 0.0110, Energy: -77.879126+0.036203j
[2025-04-22 14:10:25] Iteration: 192/1000, Temp: 0.0107, Energy: -77.823898+0.021255j
[2025-04-22 14:10:58] Iteration: 193/1000, Temp: 0.0105, Energy: -78.032769+0.014035j
[2025-04-22 14:11:30] Iteration: 194/1000, Temp: 0.0103, Energy: -78.149261+0.039726j
[2025-04-22 14:12:02] Iteration: 195/1000, Temp: 0.0101, Energy: -78.050324+0.016995j
[2025-04-22 14:12:34] Iteration: 196/1000, Temp: 0.0099, Energy: -78.189923+0.006891j
[2025-04-22 14:13:06] Iteration: 197/1000, Temp: 0.0097, Energy: -78.114517-0.035577j
[2025-04-22 14:13:38] Iteration: 198/1000, Temp: 0.0095, Energy: -78.171732-0.005910j
[2025-04-22 14:14:10] Iteration: 199/1000, Temp: 0.0093, Energy: -78.158689-0.020986j
[2025-04-22 14:14:42] Iteration: 200/1000, Temp: 0.0092, Energy: -78.130380-0.018902j
[2025-04-22 14:15:14] Iteration: 201/1000, Temp: 0.0090, Energy: -78.300691-0.010564j
[2025-04-22 14:15:47] Iteration: 202/1000, Temp: 0.0088, Energy: -78.302082-0.032835j
[2025-04-22 14:16:19] Iteration: 203/1000, Temp: 0.0086, Energy: -78.425203+0.025569j
[2025-04-22 14:16:51] Iteration: 204/1000, Temp: 0.0085, Energy: -78.402046+0.007784j
[2025-04-22 14:17:23] Iteration: 205/1000, Temp: 0.0083, Energy: -78.515291+0.006815j
[2025-04-22 14:17:55] Iteration: 206/1000, Temp: 0.0081, Energy: -78.509347+0.032591j
[2025-04-22 14:18:27] Iteration: 207/1000, Temp: 0.0080, Energy: -78.587406+0.004150j
[2025-04-22 14:18:59] Iteration: 208/1000, Temp: 0.0078, Energy: -78.507997+0.014862j
[2025-04-22 14:19:31] Iteration: 209/1000, Temp: 0.0076, Energy: -78.478112-0.006771j
[2025-04-22 14:20:03] Iteration: 210/1000, Temp: 0.0075, Energy: -78.299397+0.007200j
[2025-04-22 14:20:36] Iteration: 211/1000, Temp: 0.0073, Energy: -78.327085+0.031703j
[2025-04-22 14:21:08] Iteration: 212/1000, Temp: 0.0072, Energy: -78.444307+0.040410j
[2025-04-22 14:21:40] Iteration: 213/1000, Temp: 0.0071, Energy: -78.447883+0.034201j
[2025-04-22 14:22:12] Iteration: 214/1000, Temp: 0.0069, Energy: -78.527246-0.004579j
[2025-04-22 14:22:44] Iteration: 215/1000, Temp: 0.0068, Energy: -78.604671+0.020006j
[2025-04-22 14:23:16] Iteration: 216/1000, Temp: 0.0066, Energy: -78.565575+0.058812j
[2025-04-22 14:23:48] Iteration: 217/1000, Temp: 0.0065, Energy: -78.532867+0.006424j
[2025-04-22 14:24:20] Iteration: 218/1000, Temp: 0.0064, Energy: -78.543840-0.010517j
[2025-04-22 14:24:52] Iteration: 219/1000, Temp: 0.0063, Energy: -78.696642+0.026670j
[2025-04-22 14:25:25] Iteration: 220/1000, Temp: 0.0061, Energy: -78.603495-0.004160j
[2025-04-22 14:25:57] Iteration: 221/1000, Temp: 0.0060, Energy: -78.618832+0.025088j
[2025-04-22 14:26:29] Iteration: 222/1000, Temp: 0.0059, Energy: -78.646203-0.002397j
[2025-04-22 14:27:01] Iteration: 223/1000, Temp: 0.0058, Energy: -78.712598+0.027695j
[2025-04-22 14:27:33] Iteration: 224/1000, Temp: 0.0057, Energy: -78.740192-0.030186j
[2025-04-22 14:28:05] Iteration: 225/1000, Temp: 0.0056, Energy: -78.706731+0.000559j
[2025-04-22 14:28:37] Iteration: 226/1000, Temp: 0.0054, Energy: -78.470298-0.003693j
[2025-04-22 14:29:09] Iteration: 227/1000, Temp: 0.0053, Energy: -78.672215-0.023409j
[2025-04-22 14:29:41] Iteration: 228/1000, Temp: 0.0052, Energy: -78.630143-0.006698j
[2025-04-22 14:30:14] Iteration: 229/1000, Temp: 0.0051, Energy: -78.757518-0.012824j
[2025-04-22 14:30:45] Iteration: 230/1000, Temp: 0.0050, Energy: -78.822059-0.019610j
[2025-04-22 14:31:17] Iteration: 231/1000, Temp: 0.0049, Energy: -78.800690-0.012066j
[2025-04-22 14:31:50] Iteration: 232/1000, Temp: 0.0048, Energy: -78.842742-0.003071j
[2025-04-22 14:32:22] Iteration: 233/1000, Temp: 0.0047, Energy: -78.698544-0.018562j
[2025-04-22 14:32:54] Iteration: 234/1000, Temp: 0.0046, Energy: -78.804220-0.017113j
[2025-04-22 14:33:26] Iteration: 235/1000, Temp: 0.0045, Energy: -78.755946+0.010761j
[2025-04-22 14:33:58] Iteration: 236/1000, Temp: 0.0045, Energy: -78.867403-0.024088j
[2025-04-22 14:34:30] Iteration: 237/1000, Temp: 0.0044, Energy: -78.818707-0.055020j
[2025-04-22 14:35:02] Iteration: 238/1000, Temp: 0.0043, Energy: -78.654500-0.016599j
[2025-04-22 14:35:34] Iteration: 239/1000, Temp: 0.0042, Energy: -78.725556+0.011185j
[2025-04-22 14:36:07] Iteration: 240/1000, Temp: 0.0041, Energy: -78.605386+0.012633j
[2025-04-22 14:36:39] Iteration: 241/1000, Temp: 0.0040, Energy: -78.873808+0.001868j
[2025-04-22 14:37:11] Iteration: 242/1000, Temp: 0.0040, Energy: -78.755577-0.031741j
[2025-04-22 14:37:43] Iteration: 243/1000, Temp: 0.0039, Energy: -78.627342+0.012596j
[2025-04-22 14:38:15] Iteration: 244/1000, Temp: 0.0038, Energy: -78.809012+0.018904j
[2025-04-22 14:38:47] Iteration: 245/1000, Temp: 0.0037, Energy: -78.787017+0.003949j
[2025-04-22 14:39:19] Iteration: 246/1000, Temp: 0.0036, Energy: -78.835739-0.016209j
[2025-04-22 14:39:51] Iteration: 247/1000, Temp: 0.0036, Energy: -78.894599+0.001079j
[2025-04-22 14:40:23] Iteration: 248/1000, Temp: 0.0035, Energy: -78.805773+0.036707j
[2025-04-22 14:40:56] Iteration: 249/1000, Temp: 0.0034, Energy: -78.813191-0.019952j
[2025-04-22 14:41:28] Iteration: 250/1000, Temp: 0.0034, Energy: -78.792023-0.019454j
[2025-04-22 14:42:00] Iteration: 251/1000, Temp: 0.0033, Energy: -78.817785-0.024563j
[2025-04-22 14:42:32] Iteration: 252/1000, Temp: 0.0032, Energy: -78.995715-0.029555j
[2025-04-22 14:43:04] Iteration: 253/1000, Temp: 0.0032, Energy: -78.920108+0.016653j
[2025-04-22 14:43:36] Iteration: 254/1000, Temp: 0.0031, Energy: -79.016518+0.011994j
[2025-04-22 14:44:08] Iteration: 255/1000, Temp: 0.0030, Energy: -78.827551+0.019421j
[2025-04-22 14:44:40] Iteration: 256/1000, Temp: 0.0030, Energy: -78.849623-0.001229j
[2025-04-22 14:45:13] Iteration: 257/1000, Temp: 0.0029, Energy: -78.908420+0.014839j
[2025-04-22 14:45:45] Iteration: 258/1000, Temp: 0.0029, Energy: -78.895152-0.000932j
[2025-04-22 14:46:17] Iteration: 259/1000, Temp: 0.0028, Energy: -78.821508-0.001475j
[2025-04-22 14:46:49] Iteration: 260/1000, Temp: 0.0028, Energy: -78.784806-0.005992j
[2025-04-22 14:47:21] Iteration: 261/1000, Temp: 0.0027, Energy: -78.816459+0.007199j
[2025-04-22 14:47:53] Iteration: 262/1000, Temp: 0.0027, Energy: -78.993288-0.014423j
[2025-04-22 14:48:25] Iteration: 263/1000, Temp: 0.0026, Energy: -78.812495-0.031569j
[2025-04-22 14:48:58] Iteration: 264/1000, Temp: 0.0025, Energy: -78.906695+0.008057j
[2025-04-22 14:49:30] Iteration: 265/1000, Temp: 0.0025, Energy: -78.825552-0.001122j
[2025-04-22 14:50:02] Iteration: 266/1000, Temp: 0.0024, Energy: -78.837887+0.003255j
[2025-04-22 14:50:34] Iteration: 267/1000, Temp: 0.0024, Energy: -78.924044-0.048983j
[2025-04-22 14:51:06] Iteration: 268/1000, Temp: 0.0024, Energy: -78.762250-0.003553j
[2025-04-22 14:51:38] Iteration: 269/1000, Temp: 0.0023, Energy: -78.855416-0.002276j
[2025-04-22 14:52:10] Iteration: 270/1000, Temp: 0.0023, Energy: -78.955245-0.029163j
[2025-04-22 14:52:42] Iteration: 271/1000, Temp: 0.0022, Energy: -78.682150-0.006545j
[2025-04-22 14:53:15] Iteration: 272/1000, Temp: 0.0022, Energy: -78.645188-0.007494j
[2025-04-22 14:53:47] Iteration: 273/1000, Temp: 0.0021, Energy: -78.618365-0.023433j
[2025-04-22 14:54:19] Iteration: 274/1000, Temp: 0.0021, Energy: -78.630489+0.012796j
[2025-04-22 14:54:51] Iteration: 275/1000, Temp: 0.0020, Energy: -78.723419+0.022096j
[2025-04-22 14:55:23] Iteration: 276/1000, Temp: 0.0020, Energy: -78.781076+0.012841j
[2025-04-22 14:55:55] Iteration: 277/1000, Temp: 0.0020, Energy: -78.754455+0.028318j
[2025-04-22 14:56:27] Iteration: 278/1000, Temp: 0.0019, Energy: -78.854400+0.019633j
[2025-04-22 14:56:59] Iteration: 279/1000, Temp: 0.0019, Energy: -78.793450+0.023770j
[2025-04-22 14:57:32] Iteration: 280/1000, Temp: 0.0018, Energy: -78.879735+0.010162j
[2025-04-22 14:58:04] Iteration: 281/1000, Temp: 0.0018, Energy: -78.804344-0.015727j
[2025-04-22 14:58:36] Iteration: 282/1000, Temp: 0.0018, Energy: -78.622392+0.016285j
[2025-04-22 14:59:08] Iteration: 283/1000, Temp: 0.0017, Energy: -78.734622-0.012068j
[2025-04-22 14:59:40] Iteration: 284/1000, Temp: 0.0017, Energy: -78.739129-0.049383j
[2025-04-22 15:00:12] Iteration: 285/1000, Temp: 0.0017, Energy: -78.810888-0.027269j
[2025-04-22 15:00:44] Iteration: 286/1000, Temp: 0.0016, Energy: -78.896387-0.029496j
[2025-04-22 15:01:16] Iteration: 287/1000, Temp: 0.0016, Energy: -78.840815-0.010539j
[2025-04-22 15:01:49] Iteration: 288/1000, Temp: 0.0016, Energy: -78.767368-0.000565j
[2025-04-22 15:02:21] Iteration: 289/1000, Temp: 0.0015, Energy: -78.811244-0.022320j
[2025-04-22 15:02:53] Iteration: 290/1000, Temp: 0.0015, Energy: -78.902829+0.012463j
[2025-04-22 15:03:25] Iteration: 291/1000, Temp: 0.0015, Energy: -78.991328-0.015322j
[2025-04-22 15:03:57] Iteration: 292/1000, Temp: 0.0015, Energy: -79.020395-0.020906j
[2025-04-22 15:04:29] Iteration: 293/1000, Temp: 0.0014, Energy: -78.908972+0.009982j
[2025-04-22 15:05:01] Iteration: 294/1000, Temp: 0.0014, Energy: -78.965840+0.003384j
[2025-04-22 15:05:33] Iteration: 295/1000, Temp: 0.0014, Energy: -78.981769+0.014486j
[2025-04-22 15:06:06] Iteration: 296/1000, Temp: 0.0013, Energy: -78.840906+0.011034j
[2025-04-22 15:06:38] Iteration: 297/1000, Temp: 0.0013, Energy: -78.913504+0.013364j
[2025-04-22 15:07:10] Iteration: 298/1000, Temp: 0.0013, Energy: -78.759129+0.016073j
[2025-04-22 15:07:42] Iteration: 299/1000, Temp: 0.0013, Energy: -78.870755+0.022776j
[2025-04-22 15:08:14] Iteration: 300/1000, Temp: 0.0012, Energy: -78.871963+0.012547j
[2025-04-22 15:08:46] Iteration: 301/1000, Temp: 0.0012, Energy: -78.959321-0.008260j
[2025-04-22 15:09:18] Iteration: 302/1000, Temp: 0.0012, Energy: -79.126621+0.013626j
[2025-04-22 15:09:50] Iteration: 303/1000, Temp: 0.0012, Energy: -78.942681-0.008036j
[2025-04-22 15:10:23] Iteration: 304/1000, Temp: 0.0011, Energy: -78.858166-0.009567j
[2025-04-22 15:10:55] Iteration: 305/1000, Temp: 0.0011, Energy: -78.919711-0.025643j
[2025-04-22 15:11:27] Iteration: 306/1000, Temp: 0.0011, Energy: -78.994686-0.002232j
[2025-04-22 15:11:59] Iteration: 307/1000, Temp: 0.0011, Energy: -78.935334+0.008570j
[2025-04-22 15:12:31] Iteration: 308/1000, Temp: 0.0011, Energy: -78.997541+0.031279j
[2025-04-22 15:13:03] Iteration: 309/1000, Temp: 0.0010, Energy: -78.867774+0.005715j
[2025-04-22 15:13:35] Iteration: 310/1000, Temp: 0.0010, Energy: -78.914273-0.008856j
[2025-04-22 15:14:07] Iteration: 311/1000, Temp: 0.0010, Energy: -78.876671+0.007758j
[2025-04-22 15:14:39] Iteration: 312/1000, Temp: 0.0010, Energy: -78.872706+0.007389j
[2025-04-22 15:15:12] Iteration: 313/1000, Temp: 0.0010, Energy: -78.946856-0.010974j
[2025-04-22 15:15:44] Iteration: 314/1000, Temp: 0.0009, Energy: -79.050340-0.023442j
[2025-04-22 15:16:16] Iteration: 315/1000, Temp: 0.0009, Energy: -79.295292+0.000813j
[2025-04-22 15:16:48] Iteration: 316/1000, Temp: 0.0009, Energy: -79.379555-0.024606j
[2025-04-22 15:17:20] Iteration: 317/1000, Temp: 0.0009, Energy: -79.243127-0.021726j
[2025-04-22 15:17:52] Iteration: 318/1000, Temp: 0.0009, Energy: -79.028556-0.016400j
[2025-04-22 15:18:24] Iteration: 319/1000, Temp: 0.0008, Energy: -79.114686-0.007053j
[2025-04-22 15:18:57] Iteration: 320/1000, Temp: 0.0008, Energy: -79.086871+0.006294j
[2025-04-22 15:19:29] Iteration: 321/1000, Temp: 0.0008, Energy: -79.131315+0.002097j
[2025-04-22 15:20:01] Iteration: 322/1000, Temp: 0.0008, Energy: -79.108002+0.005692j
[2025-04-22 15:20:33] Iteration: 323/1000, Temp: 0.0008, Energy: -79.133983+0.021842j
[2025-04-22 15:21:05] Iteration: 324/1000, Temp: 0.0008, Energy: -78.989698+0.005617j
[2025-04-22 15:21:37] Iteration: 325/1000, Temp: 0.0008, Energy: -78.886918+0.011715j
[2025-04-22 15:22:09] Iteration: 326/1000, Temp: 0.0007, Energy: -78.977630-0.000152j
[2025-04-22 15:22:41] Iteration: 327/1000, Temp: 0.0007, Energy: -79.020025-0.003755j
[2025-04-22 15:23:14] Iteration: 328/1000, Temp: 0.0007, Energy: -78.916388+0.015290j
[2025-04-22 15:23:46] Iteration: 329/1000, Temp: 0.0007, Energy: -78.926037+0.007714j
[2025-04-22 15:24:18] Iteration: 330/1000, Temp: 0.0007, Energy: -78.951771-0.002101j
[2025-04-22 15:24:50] Iteration: 331/1000, Temp: 0.0007, Energy: -78.928177+0.000900j
[2025-04-22 15:25:22] Iteration: 332/1000, Temp: 0.0007, Energy: -78.963188-0.001332j
[2025-04-22 15:25:54] Iteration: 333/1000, Temp: 0.0006, Energy: -78.857940-0.004483j
[2025-04-22 15:26:26] Iteration: 334/1000, Temp: 0.0006, Energy: -78.850285+0.003484j
[2025-04-22 15:26:59] Iteration: 335/1000, Temp: 0.0006, Energy: -78.999966+0.009837j
[2025-04-22 15:27:31] Iteration: 336/1000, Temp: 0.0006, Energy: -78.982400+0.002992j
[2025-04-22 15:28:03] Iteration: 337/1000, Temp: 0.0006, Energy: -78.850053+0.005324j
[2025-04-22 15:28:35] Iteration: 338/1000, Temp: 0.0006, Energy: -78.943864+0.009343j
[2025-04-22 15:29:07] Iteration: 339/1000, Temp: 0.0006, Energy: -78.869697+0.002328j
[2025-04-22 15:29:39] Iteration: 340/1000, Temp: 0.0006, Energy: -78.928636+0.005053j
[2025-04-22 15:30:11] Iteration: 341/1000, Temp: 0.0005, Energy: -78.778222+0.001792j
[2025-04-22 15:30:43] Iteration: 342/1000, Temp: 0.0005, Energy: -78.908626+0.005148j
[2025-04-22 15:31:16] Iteration: 343/1000, Temp: 0.0005, Energy: -78.865230+0.000457j
[2025-04-22 15:31:48] Iteration: 344/1000, Temp: 0.0005, Energy: -79.020381+0.007819j
[2025-04-22 15:32:20] Iteration: 345/1000, Temp: 0.0005, Energy: -78.918259+0.006601j
[2025-04-22 15:32:52] Iteration: 346/1000, Temp: 0.0005, Energy: -78.901141+0.010374j
[2025-04-22 15:33:24] Iteration: 347/1000, Temp: 0.0005, Energy: -79.083025+0.001174j
[2025-04-22 15:33:56] Iteration: 348/1000, Temp: 0.0005, Energy: -78.984058+0.004780j
[2025-04-22 15:34:28] Iteration: 349/1000, Temp: 0.0005, Energy: -79.087018-0.001711j
[2025-04-22 15:35:01] Iteration: 350/1000, Temp: 0.0005, Energy: -79.183043-0.005971j
[2025-04-22 15:35:33] Iteration: 351/1000, Temp: 0.0004, Energy: -79.109453-0.003963j
[2025-04-22 15:36:05] Iteration: 352/1000, Temp: 0.0004, Energy: -79.146944+0.000963j
[2025-04-22 15:36:37] Iteration: 353/1000, Temp: 0.0004, Energy: -79.025846+0.009112j
[2025-04-22 15:37:09] Iteration: 354/1000, Temp: 0.0004, Energy: -79.064735+0.001848j
[2025-04-22 15:37:42] Iteration: 355/1000, Temp: 0.0004, Energy: -79.075499-0.001131j
[2025-04-22 15:38:14] Iteration: 356/1000, Temp: 0.0004, Energy: -79.222834-0.005261j
[2025-04-22 15:38:46] Iteration: 357/1000, Temp: 0.0004, Energy: -79.329924+0.006552j
[2025-04-22 15:39:18] Iteration: 358/1000, Temp: 0.0004, Energy: -79.097151+0.000206j
[2025-04-22 15:39:50] Iteration: 359/1000, Temp: 0.0004, Energy: -78.986865+0.003572j
[2025-04-22 15:40:22] Iteration: 360/1000, Temp: 0.0004, Energy: -79.154091-0.000081j
[2025-04-22 15:40:54] Iteration: 361/1000, Temp: 0.0004, Energy: -79.041116-0.000671j
[2025-04-22 15:41:27] Iteration: 362/1000, Temp: 0.0004, Energy: -78.950413+0.000384j
[2025-04-22 15:41:59] Iteration: 363/1000, Temp: 0.0004, Energy: -78.768973-0.000503j
[2025-04-22 15:42:31] Iteration: 364/1000, Temp: 0.0003, Energy: -78.741027-0.004827j
[2025-04-22 15:43:03] Iteration: 365/1000, Temp: 0.0003, Energy: -78.799553-0.001860j
[2025-04-22 15:43:35] Iteration: 366/1000, Temp: 0.0003, Energy: -78.855104+0.002296j
[2025-04-22 15:44:07] Iteration: 367/1000, Temp: 0.0003, Energy: -78.832871-0.000474j
[2025-04-22 15:44:39] Iteration: 368/1000, Temp: 0.0003, Energy: -78.865367+0.003411j
[2025-04-22 15:45:11] Iteration: 369/1000, Temp: 0.0003, Energy: -78.999141-0.002025j
[2025-04-22 15:45:44] Iteration: 370/1000, Temp: 0.0003, Energy: -78.941978+0.000350j
[2025-04-22 15:46:16] Iteration: 371/1000, Temp: 0.0003, Energy: -79.005217+0.003319j
[2025-04-22 15:46:48] Iteration: 372/1000, Temp: 0.0003, Energy: -78.919717+0.001619j
[2025-04-22 15:47:20] Iteration: 373/1000, Temp: 0.0003, Energy: -78.871428+0.000242j
[2025-04-22 15:47:52] Iteration: 374/1000, Temp: 0.0003, Energy: -79.176873+0.006013j
[2025-04-22 15:48:24] Iteration: 375/1000, Temp: 0.0003, Energy: -79.108985+0.002588j
[2025-04-22 15:48:56] Iteration: 376/1000, Temp: 0.0003, Energy: -78.980149-0.000689j
[2025-04-22 15:49:28] Iteration: 377/1000, Temp: 0.0003, Energy: -79.044150+0.004010j
[2025-04-22 15:50:00] Iteration: 378/1000, Temp: 0.0003, Energy: -78.961306-0.002465j
[2025-04-22 15:50:33] Iteration: 379/1000, Temp: 0.0003, Energy: -78.864963-0.002745j
[2025-04-22 15:51:05] Iteration: 380/1000, Temp: 0.0003, Energy: -78.928057+0.003257j
[2025-04-22 15:51:37] Iteration: 381/1000, Temp: 0.0002, Energy: -78.918017-0.003993j
[2025-04-22 15:52:09] Iteration: 382/1000, Temp: 0.0002, Energy: -78.904216-0.005288j
[2025-04-22 15:52:41] Iteration: 383/1000, Temp: 0.0002, Energy: -78.996101+0.005192j
[2025-04-22 15:53:13] Iteration: 384/1000, Temp: 0.0002, Energy: -78.769675+0.003478j
[2025-04-22 15:53:45] Iteration: 385/1000, Temp: 0.0002, Energy: -78.923936+0.004165j
[2025-04-22 15:54:17] Iteration: 386/1000, Temp: 0.0002, Energy: -79.017264-0.002022j
[2025-04-22 15:54:49] Iteration: 387/1000, Temp: 0.0002, Energy: -78.942369+0.001179j
[2025-04-22 15:55:21] Iteration: 388/1000, Temp: 0.0002, Energy: -78.968661+0.000421j
[2025-04-22 15:55:54] Iteration: 389/1000, Temp: 0.0002, Energy: -78.932594-0.001421j
[2025-04-22 15:56:26] Iteration: 390/1000, Temp: 0.0002, Energy: -78.898236-0.000386j
[2025-04-22 15:56:58] Iteration: 391/1000, Temp: 0.0002, Energy: -78.985098+0.008212j
[2025-04-22 15:57:30] Iteration: 392/1000, Temp: 0.0002, Energy: -79.079823-0.001944j
[2025-04-22 15:58:02] Iteration: 393/1000, Temp: 0.0002, Energy: -79.082069+0.003675j
[2025-04-22 15:58:34] Iteration: 394/1000, Temp: 0.0002, Energy: -79.117788+0.004299j
[2025-04-22 15:59:06] Iteration: 395/1000, Temp: 0.0002, Energy: -79.011313-0.002761j
[2025-04-22 15:59:38] Iteration: 396/1000, Temp: 0.0002, Energy: -78.900989+0.002617j
[2025-04-22 16:00:10] Iteration: 397/1000, Temp: 0.0002, Energy: -78.995901-0.000452j
[2025-04-22 16:00:43] Iteration: 398/1000, Temp: 0.0002, Energy: -79.094747+0.001360j
[2025-04-22 16:01:15] Iteration: 399/1000, Temp: 0.0002, Energy: -79.092665+0.001732j
[2025-04-22 16:01:47] Iteration: 400/1000, Temp: 0.0002, Energy: -79.181124-0.005050j
[2025-04-22 16:02:19] Iteration: 401/1000, Temp: 0.0002, Energy: -79.261961+0.000382j
[2025-04-22 16:02:51] Iteration: 402/1000, Temp: 0.0002, Energy: -79.160538+0.002196j
[2025-04-22 16:03:23] Iteration: 403/1000, Temp: 0.0002, Energy: -79.091024-0.003990j
[2025-04-22 16:03:55] Iteration: 404/1000, Temp: 0.0002, Energy: -78.943514+0.003112j
[2025-04-22 16:04:28] Iteration: 405/1000, Temp: 0.0002, Energy: -79.009550+0.000666j
[2025-04-22 16:05:00] Iteration: 406/1000, Temp: 0.0001, Energy: -78.887789+0.001986j
[2025-04-22 16:05:32] Iteration: 407/1000, Temp: 0.0001, Energy: -79.065980-0.003644j
[2025-04-22 16:06:04] Iteration: 408/1000, Temp: 0.0001, Energy: -79.072315-0.003857j
[2025-04-22 16:06:36] Iteration: 409/1000, Temp: 0.0001, Energy: -79.174510-0.004478j
[2025-04-22 16:07:08] Iteration: 410/1000, Temp: 0.0001, Energy: -79.004886-0.004212j
[2025-04-22 16:07:40] Iteration: 411/1000, Temp: 0.0001, Energy: -78.979769-0.003799j
[2025-04-22 16:08:12] Iteration: 412/1000, Temp: 0.0001, Energy: -79.026265-0.001585j
[2025-04-22 16:08:44] Iteration: 413/1000, Temp: 0.0001, Energy: -79.110105-0.006231j
[2025-04-22 16:09:17] Iteration: 414/1000, Temp: 0.0001, Energy: -79.062503+0.003059j
[2025-04-22 16:09:49] Iteration: 415/1000, Temp: 0.0001, Energy: -79.053628-0.002195j
[2025-04-22 16:10:21] Iteration: 416/1000, Temp: 0.0001, Energy: -78.867185+0.001440j
[2025-04-22 16:10:53] Iteration: 417/1000, Temp: 0.0001, Energy: -79.010158-0.001753j
[2025-04-22 16:11:25] Iteration: 418/1000, Temp: 0.0001, Energy: -78.953335+0.002074j
[2025-04-22 16:11:57] Iteration: 419/1000, Temp: 0.0001, Energy: -79.066374+0.000457j
[2025-04-22 16:12:29] Iteration: 420/1000, Temp: 0.0001, Energy: -78.974348+0.003398j
[2025-04-22 16:13:02] Iteration: 421/1000, Temp: 0.0001, Energy: -79.106464+0.002543j
[2025-04-22 16:13:34] Iteration: 422/1000, Temp: 0.0001, Energy: -79.137751-0.001928j
[2025-04-22 16:14:06] Iteration: 423/1000, Temp: 0.0001, Energy: -79.096056+0.004006j
[2025-04-22 16:14:38] Iteration: 424/1000, Temp: 0.0001, Energy: -79.335802+0.004990j
[2025-04-22 16:15:10] Iteration: 425/1000, Temp: 0.0001, Energy: -79.013060+0.001934j
[2025-04-22 16:15:42] Iteration: 426/1000, Temp: 0.0001, Energy: -79.218300+0.010606j
[2025-04-22 16:16:14] Iteration: 427/1000, Temp: 0.0001, Energy: -79.109573+0.000441j
[2025-04-22 16:16:46] Iteration: 428/1000, Temp: 0.0001, Energy: -79.046277+0.003744j
[2025-04-22 16:17:19] Iteration: 429/1000, Temp: 0.0001, Energy: -79.274567+0.000605j
[2025-04-22 16:17:51] Iteration: 430/1000, Temp: 0.0001, Energy: -79.035462-0.004467j
[2025-04-22 16:18:23] Iteration: 431/1000, Temp: 0.0001, Energy: -79.146128-0.010458j
[2025-04-22 16:18:55] Iteration: 432/1000, Temp: 0.0001, Energy: -79.034364-0.006496j
[2025-04-22 16:19:27] Iteration: 433/1000, Temp: 0.0001, Energy: -78.876982-0.004506j
[2025-04-22 16:19:59] Iteration: 434/1000, Temp: 0.0001, Energy: -78.847525+0.002750j
[2025-04-22 16:20:31] Iteration: 435/1000, Temp: 0.0001, Energy: -78.974396+0.001359j
[2025-04-22 16:21:03] Iteration: 436/1000, Temp: 0.0001, Energy: -79.056509-0.001062j
[2025-04-22 16:21:35] Iteration: 437/1000, Temp: 0.0001, Energy: -79.108902-0.001360j
[2025-04-22 16:22:07] Iteration: 438/1000, Temp: 0.0001, Energy: -78.983562-0.000347j
[2025-04-22 16:22:39] Iteration: 439/1000, Temp: 0.0001, Energy: -78.992890-0.005525j
[2025-04-22 16:23:12] Iteration: 440/1000, Temp: 0.0001, Energy: -78.903608+0.000033j
[2025-04-22 16:23:44] Iteration: 441/1000, Temp: 0.0001, Energy: -79.101316-0.003846j
[2025-04-22 16:24:16] Iteration: 442/1000, Temp: 0.0001, Energy: -78.990203+0.003465j
[2025-04-22 16:24:48] Iteration: 443/1000, Temp: 0.0001, Energy: -78.864279-0.002360j
[2025-04-22 16:25:21] Iteration: 444/1000, Temp: 0.0001, Energy: -79.025066+0.006418j
[2025-04-22 16:25:53] Iteration: 445/1000, Temp: 0.0001, Energy: -79.017387+0.000926j
[2025-04-22 16:26:25] Iteration: 446/1000, Temp: 0.0001, Energy: -79.217235-0.003426j
[2025-04-22 16:26:57] Iteration: 447/1000, Temp: 0.0001, Energy: -79.273268+0.003035j
[2025-04-22 16:27:30] Iteration: 448/1000, Temp: 0.0001, Energy: -79.251874+0.002871j
[2025-04-22 16:28:02] Iteration: 449/1000, Temp: 0.0001, Energy: -79.004458-0.005913j
[2025-04-22 16:28:34] Iteration: 450/1000, Temp: 0.0001, Energy: -79.039626-0.003328j
[2025-04-22 16:29:06] Iteration: 451/1000, Temp: 0.0001, Energy: -79.160080+0.006229j
[2025-04-22 16:29:38] Iteration: 452/1000, Temp: 0.0001, Energy: -79.106692-0.000816j
[2025-04-22 16:30:10] Iteration: 453/1000, Temp: 0.0001, Energy: -79.065693+0.003938j
[2025-04-22 16:30:42] Iteration: 454/1000, Temp: 0.0001, Energy: -79.177049+0.003632j
[2025-04-22 16:31:14] Iteration: 455/1000, Temp: 0.0001, Energy: -79.248382+0.005750j
[2025-04-22 16:31:46] Iteration: 456/1000, Temp: 0.0001, Energy: -79.158417+0.006417j
[2025-04-22 16:32:19] Iteration: 457/1000, Temp: 0.0001, Energy: -79.180433-0.002370j
[2025-04-22 16:32:51] Iteration: 458/1000, Temp: 0.0001, Energy: -78.976875-0.002779j
[2025-04-22 16:33:23] Iteration: 459/1000, Temp: 0.0001, Energy: -79.184784+0.001357j
[2025-04-22 16:33:55] Iteration: 460/1000, Temp: 0.0001, Energy: -79.165801-0.001820j
[2025-04-22 16:34:27] Iteration: 461/1000, Temp: 0.0000, Energy: -79.115511-0.002471j
[2025-04-22 16:34:59] Iteration: 462/1000, Temp: 0.0000, Energy: -79.067125+0.000356j
[2025-04-22 16:35:31] Iteration: 463/1000, Temp: 0.0000, Energy: -79.100080+0.001888j
[2025-04-22 16:36:03] Iteration: 464/1000, Temp: 0.0000, Energy: -79.078392+0.006052j
[2025-04-22 16:36:35] Iteration: 465/1000, Temp: 0.0000, Energy: -79.107172+0.000197j
[2025-04-22 16:37:08] Iteration: 466/1000, Temp: 0.0000, Energy: -79.014039-0.002638j
[2025-04-22 16:37:40] Iteration: 467/1000, Temp: 0.0000, Energy: -79.067958-0.003054j
[2025-04-22 16:38:12] Iteration: 468/1000, Temp: 0.0000, Energy: -79.167456+0.003480j
[2025-04-22 16:38:44] Iteration: 469/1000, Temp: 0.0000, Energy: -79.149393+0.001429j
[2025-04-22 16:39:16] Iteration: 470/1000, Temp: 0.0000, Energy: -79.196127+0.000651j
[2025-04-22 16:39:48] Iteration: 471/1000, Temp: 0.0000, Energy: -79.211059+0.002072j
[2025-04-22 16:40:20] Iteration: 472/1000, Temp: 0.0000, Energy: -79.133718-0.002729j
[2025-04-22 16:40:52] Iteration: 473/1000, Temp: 0.0000, Energy: -79.079165+0.003131j
[2025-04-22 16:41:25] Iteration: 474/1000, Temp: 0.0000, Energy: -79.056329-0.000575j
[2025-04-22 16:41:57] Iteration: 475/1000, Temp: 0.0000, Energy: -79.139247-0.003017j
[2025-04-22 16:42:29] Iteration: 476/1000, Temp: 0.0000, Energy: -79.116563+0.001845j
[2025-04-22 16:43:01] Iteration: 477/1000, Temp: 0.0000, Energy: -79.149535+0.000420j
[2025-04-22 16:43:33] Iteration: 478/1000, Temp: 0.0000, Energy: -78.980287-0.005675j
[2025-04-22 16:44:05] Iteration: 479/1000, Temp: 0.0000, Energy: -79.032495+0.001372j
[2025-04-22 16:44:37] Iteration: 480/1000, Temp: 0.0000, Energy: -79.050970+0.003268j
[2025-04-22 16:45:10] Iteration: 481/1000, Temp: 0.0000, Energy: -78.899895+0.000754j
[2025-04-22 16:45:42] Iteration: 482/1000, Temp: 0.0000, Energy: -78.905455-0.000826j
[2025-04-22 16:46:14] Iteration: 483/1000, Temp: 0.0000, Energy: -78.891932+0.000767j
[2025-04-22 16:46:46] Iteration: 484/1000, Temp: 0.0000, Energy: -78.984677-0.001818j
[2025-04-22 16:47:18] Iteration: 485/1000, Temp: 0.0000, Energy: -78.938909+0.003242j
[2025-04-22 16:47:50] Iteration: 486/1000, Temp: 0.0000, Energy: -78.939288+0.004057j
[2025-04-22 16:48:22] Iteration: 487/1000, Temp: 0.0000, Energy: -79.069149-0.003876j
[2025-04-22 16:48:54] Iteration: 488/1000, Temp: 0.0000, Energy: -79.128869-0.001727j
[2025-04-22 16:49:27] Iteration: 489/1000, Temp: 0.0000, Energy: -79.057154+0.000872j
[2025-04-22 16:49:59] Iteration: 490/1000, Temp: 0.0000, Energy: -79.128481+0.005509j
[2025-04-22 16:50:31] Iteration: 491/1000, Temp: 0.0000, Energy: -79.033866+0.000685j
[2025-04-22 16:51:03] Iteration: 492/1000, Temp: 0.0000, Energy: -78.993170+0.000434j
[2025-04-22 16:51:35] Iteration: 493/1000, Temp: 0.0000, Energy: -79.175554+0.005305j
[2025-04-22 16:52:07] Iteration: 494/1000, Temp: 0.0000, Energy: -79.080225+0.001172j
[2025-04-22 16:52:39] Iteration: 495/1000, Temp: 0.0000, Energy: -79.149877-0.000468j
[2025-04-22 16:53:12] Iteration: 496/1000, Temp: 0.0000, Energy: -79.290383+0.001301j
[2025-04-22 16:53:44] Iteration: 497/1000, Temp: 0.0000, Energy: -79.252415+0.003202j
[2025-04-22 16:54:16] Iteration: 498/1000, Temp: 0.0000, Energy: -79.081966-0.000914j
[2025-04-22 16:54:48] Iteration: 499/1000, Temp: 0.0000, Energy: -79.061316-0.007853j
[2025-04-22 16:55:20] Iteration: 500/1000, Temp: 0.0000, Energy: -79.138704-0.002767j
[2025-04-22 16:55:52] Iteration: 501/1000, Temp: 0.0000, Energy: -79.167965+0.005849j
[2025-04-22 16:56:24] Iteration: 502/1000, Temp: 0.0000, Energy: -79.096735+0.002432j
[2025-04-22 16:56:56] Iteration: 503/1000, Temp: 0.0000, Energy: -79.156456+0.000268j
[2025-04-22 16:57:28] Iteration: 504/1000, Temp: 0.0000, Energy: -79.020135+0.003540j
[2025-04-22 16:58:01] Iteration: 505/1000, Temp: 0.0000, Energy: -78.999505+0.000481j
[2025-04-22 16:58:33] Iteration: 506/1000, Temp: 0.0000, Energy: -79.077494+0.003581j
[2025-04-22 16:59:05] Iteration: 507/1000, Temp: 0.0000, Energy: -79.086836-0.006268j
[2025-04-22 16:59:37] Iteration: 508/1000, Temp: 0.0000, Energy: -79.017063+0.001311j
[2025-04-22 17:00:09] Iteration: 509/1000, Temp: 0.0000, Energy: -79.047900-0.000330j
[2025-04-22 17:00:41] Iteration: 510/1000, Temp: 0.0000, Energy: -78.905974-0.001353j
[2025-04-22 17:01:14] Iteration: 511/1000, Temp: 0.0000, Energy: -78.915750+0.002677j
[2025-04-22 17:01:46] Iteration: 512/1000, Temp: 0.0000, Energy: -78.984822-0.001393j
[2025-04-22 17:02:18] Iteration: 513/1000, Temp: 0.0000, Energy: -78.928731-0.000823j
[2025-04-22 17:02:50] Iteration: 514/1000, Temp: 0.0000, Energy: -78.865301-0.004089j
[2025-04-22 17:03:22] Iteration: 515/1000, Temp: 0.0000, Energy: -78.878661-0.005667j
[2025-04-22 17:03:54] Iteration: 516/1000, Temp: 0.0000, Energy: -78.879273+0.003473j
[2025-04-22 17:04:26] Iteration: 517/1000, Temp: 0.0000, Energy: -79.033943+0.006558j
[2025-04-22 17:04:58] Iteration: 518/1000, Temp: 0.0000, Energy: -78.958438+0.003914j
[2025-04-22 17:05:30] Iteration: 519/1000, Temp: 0.0000, Energy: -78.998315-0.002349j
[2025-04-22 17:06:03] Iteration: 520/1000, Temp: 0.0000, Energy: -78.933857-0.004850j
[2025-04-22 17:06:35] Iteration: 521/1000, Temp: 0.0000, Energy: -78.993062-0.005273j
[2025-04-22 17:07:07] Iteration: 522/1000, Temp: 0.0000, Energy: -78.894991-0.005027j
[2025-04-22 17:07:39] Iteration: 523/1000, Temp: 0.0000, Energy: -79.108516+0.003566j
[2025-04-22 17:08:11] Iteration: 524/1000, Temp: 0.0000, Energy: -79.090562+0.001628j
[2025-04-22 17:08:43] Iteration: 525/1000, Temp: 0.0000, Energy: -79.169250-0.000570j
[2025-04-22 17:09:16] Iteration: 526/1000, Temp: 0.0000, Energy: -79.081385+0.000423j
[2025-04-22 17:09:48] Iteration: 527/1000, Temp: 0.0000, Energy: -79.189066+0.000872j
[2025-04-22 17:10:20] Iteration: 528/1000, Temp: 0.0000, Energy: -79.073068-0.001303j
[2025-04-22 17:10:52] Iteration: 529/1000, Temp: 0.0000, Energy: -79.052456+0.003446j
[2025-04-22 17:11:24] Iteration: 530/1000, Temp: 0.0000, Energy: -79.201959-0.000833j
[2025-04-22 17:11:56] Iteration: 531/1000, Temp: 0.0000, Energy: -79.279301-0.004080j
[2025-04-22 17:12:29] Iteration: 532/1000, Temp: 0.0000, Energy: -79.033775-0.002195j
[2025-04-22 17:13:01] Iteration: 533/1000, Temp: 0.0000, Energy: -79.178755+0.000662j
[2025-04-22 17:13:33] Iteration: 534/1000, Temp: 0.0000, Energy: -79.236007-0.000416j
[2025-04-22 17:14:05] Iteration: 535/1000, Temp: 0.0000, Energy: -79.258613-0.001393j
[2025-04-22 17:14:37] Iteration: 536/1000, Temp: 0.0000, Energy: -79.075478-0.007481j
[2025-04-22 17:15:09] Iteration: 537/1000, Temp: 0.0000, Energy: -79.122453+0.002084j
[2025-04-22 17:15:42] Iteration: 538/1000, Temp: 0.0000, Energy: -79.196823+0.007045j
[2025-04-22 17:16:14] Iteration: 539/1000, Temp: 0.0000, Energy: -79.163529+0.001639j
[2025-04-22 17:16:46] Iteration: 540/1000, Temp: 0.0000, Energy: -79.194211+0.006973j
[2025-04-22 17:17:18] Iteration: 541/1000, Temp: 0.0000, Energy: -79.216819-0.001927j
[2025-04-22 17:17:50] Iteration: 542/1000, Temp: 0.0000, Energy: -79.147671+0.001999j
[2025-04-22 17:18:22] Iteration: 543/1000, Temp: 0.0000, Energy: -79.314232-0.000467j
[2025-04-22 17:18:54] Iteration: 544/1000, Temp: 0.0000, Energy: -79.128543+0.000109j
[2025-04-22 17:19:26] Iteration: 545/1000, Temp: 0.0000, Energy: -79.239172+0.000819j
[2025-04-22 17:19:59] Iteration: 546/1000, Temp: 0.0000, Energy: -79.169307-0.008014j
[2025-04-22 17:20:31] Iteration: 547/1000, Temp: 0.0000, Energy: -79.192441-0.003822j
[2025-04-22 17:21:03] Iteration: 548/1000, Temp: 0.0000, Energy: -79.093326+0.005783j
[2025-04-22 17:21:35] Iteration: 549/1000, Temp: 0.0000, Energy: -79.027027+0.006452j
[2025-04-22 17:22:07] Iteration: 550/1000, Temp: 0.0000, Energy: -78.953278-0.007351j
[2025-04-22 17:22:39] Iteration: 551/1000, Temp: 0.0000, Energy: -79.102942+0.000229j
[2025-04-22 17:23:11] Iteration: 552/1000, Temp: 0.0000, Energy: -79.013972-0.001072j
[2025-04-22 17:23:44] Iteration: 553/1000, Temp: 0.0000, Energy: -79.302586+0.006272j
[2025-04-22 17:24:16] Iteration: 554/1000, Temp: 0.0000, Energy: -79.012454+0.004111j
[2025-04-22 17:24:48] Iteration: 555/1000, Temp: 0.0000, Energy: -78.897240+0.003412j
[2025-04-22 17:25:20] Iteration: 556/1000, Temp: 0.0000, Energy: -79.017898+0.000833j
[2025-04-22 17:25:52] Iteration: 557/1000, Temp: 0.0000, Energy: -79.034461-0.000088j
[2025-04-22 17:26:24] Iteration: 558/1000, Temp: 0.0000, Energy: -79.035073-0.003672j
[2025-04-22 17:26:56] Iteration: 559/1000, Temp: 0.0000, Energy: -78.910429+0.001461j
[2025-04-22 17:27:28] Iteration: 560/1000, Temp: 0.0000, Energy: -78.862101-0.003566j
[2025-04-22 17:28:00] Iteration: 561/1000, Temp: 0.0000, Energy: -78.795472+0.000294j
[2025-04-22 17:28:32] Iteration: 562/1000, Temp: 0.0000, Energy: -78.877006+0.007942j
[2025-04-22 17:29:05] Iteration: 563/1000, Temp: 0.0000, Energy: -78.986724+0.000739j
[2025-04-22 17:29:37] Iteration: 564/1000, Temp: 0.0000, Energy: -79.084325-0.006343j
[2025-04-22 17:30:09] Iteration: 565/1000, Temp: 0.0000, Energy: -78.989789-0.002020j
[2025-04-22 17:30:41] Iteration: 566/1000, Temp: 0.0000, Energy: -78.949642-0.000334j
[2025-04-22 17:31:13] Iteration: 567/1000, Temp: 0.0000, Energy: -79.054407-0.000882j
[2025-04-22 17:31:45] Iteration: 568/1000, Temp: 0.0000, Energy: -79.054053+0.000843j
[2025-04-22 17:32:17] Iteration: 569/1000, Temp: 0.0000, Energy: -79.056814-0.009448j
[2025-04-22 17:32:49] Iteration: 570/1000, Temp: 0.0000, Energy: -79.142903+0.000843j
[2025-04-22 17:33:21] Iteration: 571/1000, Temp: 0.0000, Energy: -79.062787+0.000320j
[2025-04-22 17:33:54] Iteration: 572/1000, Temp: 0.0000, Energy: -79.032456-0.001212j
[2025-04-22 17:34:26] Iteration: 573/1000, Temp: 0.0000, Energy: -78.993627-0.001623j
[2025-04-22 17:34:58] Iteration: 574/1000, Temp: 0.0000, Energy: -79.004127+0.003577j
[2025-04-22 17:35:30] Iteration: 575/1000, Temp: 0.0000, Energy: -79.155678+0.002486j
[2025-04-22 17:36:02] Iteration: 576/1000, Temp: 0.0000, Energy: -79.172861+0.004045j
[2025-04-22 17:36:34] Iteration: 577/1000, Temp: 0.0000, Energy: -79.120854+0.000093j
[2025-04-22 17:37:06] Iteration: 578/1000, Temp: 0.0000, Energy: -79.171995-0.008145j
[2025-04-22 17:37:39] Iteration: 579/1000, Temp: 0.0000, Energy: -79.167191+0.006400j
[2025-04-22 17:38:11] Iteration: 580/1000, Temp: 0.0000, Energy: -79.297212-0.005306j
[2025-04-22 17:38:43] Iteration: 581/1000, Temp: 0.0000, Energy: -79.337442-0.004877j
[2025-04-22 17:39:15] Iteration: 582/1000, Temp: 0.0000, Energy: -79.203039-0.002360j
[2025-04-22 17:39:47] Iteration: 583/1000, Temp: 0.0000, Energy: -79.079376+0.005420j
[2025-04-22 17:40:19] Iteration: 584/1000, Temp: 0.0000, Energy: -79.162127+0.007902j
[2025-04-22 17:40:51] Iteration: 585/1000, Temp: 0.0000, Energy: -79.135732-0.000126j
[2025-04-22 17:41:23] Iteration: 586/1000, Temp: 0.0000, Energy: -79.150150-0.006203j
[2025-04-22 17:41:55] Iteration: 587/1000, Temp: 0.0000, Energy: -79.042981+0.002159j
[2025-04-22 17:42:28] Iteration: 588/1000, Temp: 0.0000, Energy: -79.102061+0.000980j
[2025-04-22 17:43:00] Iteration: 589/1000, Temp: 0.0000, Energy: -79.282573-0.006583j
[2025-04-22 17:43:32] Iteration: 590/1000, Temp: 0.0000, Energy: -79.181678+0.000078j
[2025-04-22 17:44:04] Iteration: 591/1000, Temp: 0.0000, Energy: -79.127354-0.000858j
[2025-04-22 17:44:36] Iteration: 592/1000, Temp: 0.0000, Energy: -79.160081-0.004785j
[2025-04-22 17:45:08] Iteration: 593/1000, Temp: 0.0000, Energy: -79.203334-0.009136j
[2025-04-22 17:45:40] Iteration: 594/1000, Temp: 0.0000, Energy: -79.147713-0.004081j
[2025-04-22 17:46:12] Iteration: 595/1000, Temp: 0.0000, Energy: -79.145630-0.008042j
[2025-04-22 17:46:45] Iteration: 596/1000, Temp: 0.0000, Energy: -79.093624+0.000405j
[2025-04-22 17:47:17] Iteration: 597/1000, Temp: 0.0000, Energy: -79.119293-0.006132j
[2025-04-22 17:47:49] Iteration: 598/1000, Temp: 0.0000, Energy: -79.285526+0.001587j
[2025-04-22 17:48:21] Iteration: 599/1000, Temp: 0.0000, Energy: -79.006172+0.004414j
[2025-04-22 17:48:53] Iteration: 600/1000, Temp: 0.0000, Energy: -79.156079+0.005039j
[2025-04-22 17:49:25] Iteration: 601/1000, Temp: 0.0000, Energy: -79.086797+0.000601j
[2025-04-22 17:49:57] Iteration: 602/1000, Temp: 0.0000, Energy: -79.105056-0.002972j
[2025-04-22 17:50:29] Iteration: 603/1000, Temp: 0.0000, Energy: -79.093086-0.002444j
[2025-04-22 17:51:02] Iteration: 604/1000, Temp: 0.0000, Energy: -79.226467+0.001169j
[2025-04-22 17:51:34] Iteration: 605/1000, Temp: 0.0000, Energy: -78.968620+0.002979j
[2025-04-22 17:52:06] Iteration: 606/1000, Temp: 0.0000, Energy: -79.223595-0.000816j
[2025-04-22 17:52:38] Iteration: 607/1000, Temp: 0.0000, Energy: -79.203034+0.005511j
[2025-04-22 17:53:10] Iteration: 608/1000, Temp: 0.0000, Energy: -79.310932+0.008029j
[2025-04-22 17:53:42] Iteration: 609/1000, Temp: 0.0000, Energy: -79.199012+0.006100j
[2025-04-22 17:54:14] Iteration: 610/1000, Temp: 0.0000, Energy: -79.233393+0.003498j
[2025-04-22 17:54:46] Iteration: 611/1000, Temp: 0.0000, Energy: -79.101292+0.007380j
[2025-04-22 17:55:19] Iteration: 612/1000, Temp: 0.0000, Energy: -79.260924-0.004103j
[2025-04-22 17:55:51] Iteration: 613/1000, Temp: 0.0000, Energy: -79.199594+0.002846j
[2025-04-22 17:56:23] Iteration: 614/1000, Temp: 0.0000, Energy: -79.186491-0.000432j
[2025-04-22 17:56:55] Iteration: 615/1000, Temp: 0.0000, Energy: -79.299499+0.002057j
[2025-04-22 17:57:27] Iteration: 616/1000, Temp: 0.0000, Energy: -79.360980-0.002714j
[2025-04-22 17:57:59] Iteration: 617/1000, Temp: 0.0000, Energy: -79.269688+0.004216j
[2025-04-22 17:58:31] Iteration: 618/1000, Temp: 0.0000, Energy: -79.318989+0.000636j
[2025-04-22 17:59:03] Iteration: 619/1000, Temp: 0.0000, Energy: -79.266278+0.004323j
[2025-04-22 17:59:36] Iteration: 620/1000, Temp: 0.0000, Energy: -79.346260+0.004345j
[2025-04-22 18:00:08] Iteration: 621/1000, Temp: 0.0000, Energy: -79.311220-0.002214j
[2025-04-22 18:00:40] Iteration: 622/1000, Temp: 0.0000, Energy: -79.351679-0.002590j
[2025-04-22 18:01:12] Iteration: 623/1000, Temp: 0.0000, Energy: -79.267830+0.004496j
[2025-04-22 18:01:44] Iteration: 624/1000, Temp: 0.0000, Energy: -79.199076+0.004439j
[2025-04-22 18:02:16] Iteration: 625/1000, Temp: 0.0000, Energy: -79.276493+0.006885j
[2025-04-22 18:02:48] Iteration: 626/1000, Temp: 0.0000, Energy: -79.182411+0.005742j
[2025-04-22 18:03:21] Iteration: 627/1000, Temp: 0.0000, Energy: -79.019989+0.005545j
[2025-04-22 18:03:53] Iteration: 628/1000, Temp: 0.0000, Energy: -79.176073-0.001882j
[2025-04-22 18:04:25] Iteration: 629/1000, Temp: 0.0000, Energy: -79.175826-0.002706j
[2025-04-22 18:04:57] Iteration: 630/1000, Temp: 0.0000, Energy: -79.143882+0.004858j
[2025-04-22 18:05:29] Iteration: 631/1000, Temp: 0.0000, Energy: -79.042326-0.001620j
[2025-04-22 18:06:01] Iteration: 632/1000, Temp: 0.0000, Energy: -79.155499+0.002881j
[2025-04-22 18:06:33] Iteration: 633/1000, Temp: 0.0000, Energy: -79.278723-0.003321j
[2025-04-22 18:07:05] Iteration: 634/1000, Temp: 0.0000, Energy: -79.210599-0.001647j
[2025-04-22 18:07:37] Iteration: 635/1000, Temp: 0.0000, Energy: -79.145035-0.004546j
[2025-04-22 18:08:10] Iteration: 636/1000, Temp: 0.0000, Energy: -79.208300-0.002874j
[2025-04-22 18:08:42] Iteration: 637/1000, Temp: 0.0000, Energy: -79.177558+0.001101j
[2025-04-22 18:09:15] Iteration: 638/1000, Temp: 0.0000, Energy: -79.139192-0.000859j
[2025-04-22 18:09:47] Iteration: 639/1000, Temp: 0.0000, Energy: -79.256895-0.002584j
[2025-04-22 18:10:19] Iteration: 640/1000, Temp: 0.0000, Energy: -79.203703-0.001596j
[2025-04-22 18:10:51] Iteration: 641/1000, Temp: 0.0000, Energy: -79.059097+0.003948j
[2025-04-22 18:11:23] Iteration: 642/1000, Temp: 0.0000, Energy: -79.097755-0.006924j
[2025-04-22 18:11:55] Iteration: 643/1000, Temp: 0.0000, Energy: -78.996943+0.001251j
[2025-04-22 18:12:28] Iteration: 644/1000, Temp: 0.0000, Energy: -79.012367+0.004338j
[2025-04-22 18:13:00] Iteration: 645/1000, Temp: 0.0000, Energy: -79.002934+0.000279j
[2025-04-22 18:13:32] Iteration: 646/1000, Temp: 0.0000, Energy: -79.008801-0.007146j
[2025-04-22 18:14:04] Iteration: 647/1000, Temp: 0.0000, Energy: -79.040657+0.000507j
[2025-04-22 18:14:36] Iteration: 648/1000, Temp: 0.0000, Energy: -79.147203-0.001202j
[2025-04-22 18:15:08] Iteration: 649/1000, Temp: 0.0000, Energy: -78.996224-0.007065j
[2025-04-22 18:15:40] Iteration: 650/1000, Temp: 0.0000, Energy: -79.023214+0.000584j
[2025-04-22 18:16:12] Iteration: 651/1000, Temp: 0.0000, Energy: -79.173489-0.003858j
[2025-04-22 18:16:44] Iteration: 652/1000, Temp: 0.0000, Energy: -79.114753-0.000136j
[2025-04-22 18:17:17] Iteration: 653/1000, Temp: 0.0000, Energy: -79.049933+0.005222j
[2025-04-22 18:17:49] Iteration: 654/1000, Temp: 0.0000, Energy: -79.140097+0.002510j
[2025-04-22 18:18:21] Iteration: 655/1000, Temp: 0.0000, Energy: -79.121104-0.005777j
[2025-04-22 18:18:53] Iteration: 656/1000, Temp: 0.0000, Energy: -79.027018-0.002581j
[2025-04-22 18:19:25] Iteration: 657/1000, Temp: 0.0000, Energy: -79.115051-0.000785j
[2025-04-22 18:19:57] Iteration: 658/1000, Temp: 0.0000, Energy: -79.090388-0.001465j
[2025-04-22 18:20:29] Iteration: 659/1000, Temp: 0.0000, Energy: -79.003253+0.002297j
[2025-04-22 18:21:01] Iteration: 660/1000, Temp: 0.0000, Energy: -79.101036+0.002285j
[2025-04-22 18:21:34] Iteration: 661/1000, Temp: 0.0000, Energy: -79.094667+0.004245j
[2025-04-22 18:22:06] Iteration: 662/1000, Temp: 0.0000, Energy: -79.099257-0.000321j
[2025-04-22 18:22:38] Iteration: 663/1000, Temp: 0.0000, Energy: -79.187810-0.004583j
[2025-04-22 18:23:10] Iteration: 664/1000, Temp: 0.0000, Energy: -79.240226-0.001894j
[2025-04-22 18:23:42] Iteration: 665/1000, Temp: 0.0000, Energy: -79.172333+0.001636j
[2025-04-22 18:24:14] Iteration: 666/1000, Temp: 0.0000, Energy: -79.103054-0.002818j
[2025-04-22 18:24:46] Iteration: 667/1000, Temp: 0.0000, Energy: -79.098175-0.002648j
[2025-04-22 18:25:18] Iteration: 668/1000, Temp: 0.0000, Energy: -79.032896-0.001769j
[2025-04-22 18:25:51] Iteration: 669/1000, Temp: 0.0000, Energy: -79.087357+0.001924j
[2025-04-22 18:26:23] Iteration: 670/1000, Temp: 0.0000, Energy: -79.111432+0.003999j
[2025-04-22 18:26:55] Iteration: 671/1000, Temp: 0.0000, Energy: -78.892436-0.000133j
[2025-04-22 18:27:27] Iteration: 672/1000, Temp: 0.0000, Energy: -79.050810+0.001576j
[2025-04-22 18:27:59] Iteration: 673/1000, Temp: 0.0000, Energy: -78.999658+0.000561j
[2025-04-22 18:28:31] Iteration: 674/1000, Temp: 0.0000, Energy: -79.085612+0.002866j
[2025-04-22 18:29:03] Iteration: 675/1000, Temp: 0.0000, Energy: -78.934097-0.004159j
[2025-04-22 18:29:35] Iteration: 676/1000, Temp: 0.0000, Energy: -78.834185-0.004235j
[2025-04-22 18:30:07] Iteration: 677/1000, Temp: 0.0000, Energy: -78.997136+0.000840j
[2025-04-22 18:30:40] Iteration: 678/1000, Temp: 0.0000, Energy: -78.944611+0.001741j
[2025-04-22 18:31:12] Iteration: 679/1000, Temp: 0.0000, Energy: -79.056905-0.000699j
[2025-04-22 18:31:44] Iteration: 680/1000, Temp: 0.0000, Energy: -79.063499+0.003741j
[2025-04-22 18:32:16] Iteration: 681/1000, Temp: 0.0000, Energy: -79.115992+0.000941j
[2025-04-22 18:32:48] Iteration: 682/1000, Temp: 0.0000, Energy: -79.211461+0.005352j
[2025-04-22 18:33:20] Iteration: 683/1000, Temp: 0.0000, Energy: -79.030401+0.003148j
[2025-04-22 18:33:52] Iteration: 684/1000, Temp: 0.0000, Energy: -79.087791+0.000399j
[2025-04-22 18:34:24] Iteration: 685/1000, Temp: 0.0000, Energy: -79.127947-0.000809j
[2025-04-22 18:34:57] Iteration: 686/1000, Temp: 0.0000, Energy: -79.136707-0.000153j
[2025-04-22 18:35:29] Iteration: 687/1000, Temp: 0.0000, Energy: -79.074249+0.004584j
[2025-04-22 18:36:01] Iteration: 688/1000, Temp: 0.0000, Energy: -79.221135-0.011858j
[2025-04-22 18:36:33] Iteration: 689/1000, Temp: 0.0000, Energy: -79.066723-0.007997j
[2025-04-22 18:37:05] Iteration: 690/1000, Temp: 0.0000, Energy: -78.979200-0.000326j
[2025-04-22 18:37:37] Iteration: 691/1000, Temp: 0.0000, Energy: -78.925470+0.001483j
[2025-04-22 18:38:09] Iteration: 692/1000, Temp: 0.0000, Energy: -79.129168-0.000067j
[2025-04-22 18:38:42] Iteration: 693/1000, Temp: 0.0000, Energy: -79.014960+0.005768j
[2025-04-22 18:39:14] Iteration: 694/1000, Temp: 0.0000, Energy: -79.070543+0.004953j
[2025-04-22 18:39:46] Iteration: 695/1000, Temp: 0.0000, Energy: -79.165031+0.005127j
[2025-04-22 18:40:18] Iteration: 696/1000, Temp: 0.0000, Energy: -79.121655-0.000810j
[2025-04-22 18:40:50] Iteration: 697/1000, Temp: 0.0000, Energy: -79.192881-0.003805j
[2025-04-22 18:41:22] Iteration: 698/1000, Temp: 0.0000, Energy: -79.212712+0.000014j
[2025-04-22 18:41:54] Iteration: 699/1000, Temp: 0.0000, Energy: -79.172104+0.000850j
[2025-04-22 18:42:26] Iteration: 700/1000, Temp: 0.0000, Energy: -79.249963+0.007411j
[2025-04-22 18:42:59] Iteration: 701/1000, Temp: 0.0000, Energy: -79.133613-0.002204j
[2025-04-22 18:43:31] Iteration: 702/1000, Temp: 0.0000, Energy: -79.208770-0.003125j
[2025-04-22 18:44:03] Iteration: 703/1000, Temp: 0.0000, Energy: -79.335058-0.000744j
[2025-04-22 18:44:35] Iteration: 704/1000, Temp: 0.0000, Energy: -79.174806+0.006767j
[2025-04-22 18:45:07] Iteration: 705/1000, Temp: 0.0000, Energy: -79.204603+0.000257j
[2025-04-22 18:45:39] Iteration: 706/1000, Temp: 0.0000, Energy: -79.250759-0.009177j
[2025-04-22 18:46:11] Iteration: 707/1000, Temp: 0.0000, Energy: -79.152659-0.001753j
[2025-04-22 18:46:44] Iteration: 708/1000, Temp: 0.0000, Energy: -79.102640+0.003272j
[2025-04-22 18:47:16] Iteration: 709/1000, Temp: 0.0000, Energy: -79.372995-0.001112j
[2025-04-22 18:47:48] Iteration: 710/1000, Temp: 0.0000, Energy: -79.148428+0.003047j
[2025-04-22 18:48:20] Iteration: 711/1000, Temp: 0.0000, Energy: -79.218633+0.006834j
[2025-04-22 18:48:52] Iteration: 712/1000, Temp: 0.0000, Energy: -79.277594-0.002177j
[2025-04-22 18:49:24] Iteration: 713/1000, Temp: 0.0000, Energy: -79.299980-0.002954j
[2025-04-22 18:49:56] Iteration: 714/1000, Temp: 0.0000, Energy: -79.245490+0.002120j
[2025-04-22 18:50:28] Iteration: 715/1000, Temp: 0.0000, Energy: -79.149275+0.002309j
[2025-04-22 18:51:01] Iteration: 716/1000, Temp: 0.0000, Energy: -79.152831+0.001540j
[2025-04-22 18:51:33] Iteration: 717/1000, Temp: 0.0000, Energy: -79.116853-0.001853j
[2025-04-22 18:52:05] Iteration: 718/1000, Temp: 0.0000, Energy: -79.160088-0.003132j
[2025-04-22 18:52:37] Iteration: 719/1000, Temp: 0.0000, Energy: -78.895059-0.001421j
[2025-04-22 18:53:09] Iteration: 720/1000, Temp: 0.0000, Energy: -79.084217+0.007026j
[2025-04-22 18:53:41] Iteration: 721/1000, Temp: 0.0000, Energy: -79.125797-0.001747j
[2025-04-22 18:54:14] Iteration: 722/1000, Temp: 0.0000, Energy: -79.050634+0.005424j
[2025-04-22 18:54:46] Iteration: 723/1000, Temp: 0.0000, Energy: -78.894407-0.003475j
[2025-04-22 18:55:18] Iteration: 724/1000, Temp: 0.0000, Energy: -79.087048+0.000409j
[2025-04-22 18:55:50] Iteration: 725/1000, Temp: 0.0000, Energy: -79.140613-0.008419j
[2025-04-22 18:56:22] Iteration: 726/1000, Temp: 0.0000, Energy: -78.997422-0.007456j
[2025-04-22 18:56:54] Iteration: 727/1000, Temp: 0.0000, Energy: -79.073941+0.002957j
[2025-04-22 18:57:27] Iteration: 728/1000, Temp: 0.0000, Energy: -79.132138+0.002795j
[2025-04-22 18:57:59] Iteration: 729/1000, Temp: 0.0000, Energy: -79.064086-0.003082j
[2025-04-22 18:58:31] Iteration: 730/1000, Temp: 0.0000, Energy: -79.147615+0.001002j
[2025-04-22 18:59:03] Iteration: 731/1000, Temp: 0.0000, Energy: -78.998312+0.000497j
[2025-04-22 18:59:35] Iteration: 732/1000, Temp: 0.0000, Energy: -79.091384-0.005473j
[2025-04-22 19:00:07] Iteration: 733/1000, Temp: 0.0000, Energy: -79.074065+0.001333j
[2025-04-22 19:00:39] Iteration: 734/1000, Temp: 0.0000, Energy: -79.077648+0.003200j
[2025-04-22 19:01:11] Iteration: 735/1000, Temp: 0.0000, Energy: -79.045714+0.005825j
[2025-04-22 19:01:43] Iteration: 736/1000, Temp: 0.0000, Energy: -79.136457-0.003395j
[2025-04-22 19:02:16] Iteration: 737/1000, Temp: 0.0000, Energy: -79.268326-0.006357j
[2025-04-22 19:02:48] Iteration: 738/1000, Temp: 0.0000, Energy: -79.447926-0.002368j
[2025-04-22 19:03:20] Iteration: 739/1000, Temp: 0.0000, Energy: -79.384301-0.004367j
[2025-04-22 19:03:52] Iteration: 740/1000, Temp: 0.0000, Energy: -79.285875+0.001330j
[2025-04-22 19:04:24] Iteration: 741/1000, Temp: 0.0000, Energy: -79.363472+0.001814j
[2025-04-22 19:04:56] Iteration: 742/1000, Temp: 0.0000, Energy: -79.392035-0.007671j
[2025-04-22 19:05:28] Iteration: 743/1000, Temp: 0.0000, Energy: -79.475378+0.004014j
[2025-04-22 19:06:00] Iteration: 744/1000, Temp: 0.0000, Energy: -79.446162+0.001081j
[2025-04-22 19:06:32] Iteration: 745/1000, Temp: 0.0000, Energy: -79.327807-0.004972j
[2025-04-22 19:07:05] Iteration: 746/1000, Temp: 0.0000, Energy: -79.357561+0.003563j
[2025-04-22 19:07:37] Iteration: 747/1000, Temp: 0.0000, Energy: -79.304330-0.001830j
[2025-04-22 19:08:09] Iteration: 748/1000, Temp: 0.0000, Energy: -79.272720+0.004177j
[2025-04-22 19:08:41] Iteration: 749/1000, Temp: 0.0000, Energy: -79.312409-0.000333j
[2025-04-22 19:09:13] Iteration: 750/1000, Temp: 0.0000, Energy: -79.328048+0.000881j
[2025-04-22 19:09:45] Iteration: 751/1000, Temp: 0.0000, Energy: -79.230860+0.005481j
[2025-04-22 19:10:17] Iteration: 752/1000, Temp: 0.0000, Energy: -79.507141+0.004454j
[2025-04-22 19:10:49] Iteration: 753/1000, Temp: 0.0000, Energy: -79.452740+0.002959j
[2025-04-22 19:11:21] Iteration: 754/1000, Temp: 0.0000, Energy: -79.329711+0.003095j
[2025-04-22 19:11:53] Iteration: 755/1000, Temp: 0.0000, Energy: -79.328935+0.001470j
[2025-04-22 19:12:26] Iteration: 756/1000, Temp: 0.0000, Energy: -79.179695+0.003556j
[2025-04-22 19:12:58] Iteration: 757/1000, Temp: 0.0000, Energy: -79.315671+0.000015j
[2025-04-22 19:13:30] Iteration: 758/1000, Temp: 0.0000, Energy: -79.342912-0.000482j
[2025-04-22 19:14:02] Iteration: 759/1000, Temp: 0.0000, Energy: -79.273777-0.004667j
[2025-04-22 19:14:34] Iteration: 760/1000, Temp: 0.0000, Energy: -79.212608-0.003188j
[2025-04-22 19:15:06] Iteration: 761/1000, Temp: 0.0000, Energy: -79.272402+0.001687j
[2025-04-22 19:15:38] Iteration: 762/1000, Temp: 0.0000, Energy: -79.399432-0.007907j
[2025-04-22 19:16:10] Iteration: 763/1000, Temp: 0.0000, Energy: -79.304074-0.004863j
[2025-04-22 19:16:43] Iteration: 764/1000, Temp: 0.0000, Energy: -79.346915+0.001836j
[2025-04-22 19:17:15] Iteration: 765/1000, Temp: 0.0000, Energy: -79.297076-0.001956j
[2025-04-22 19:17:47] Iteration: 766/1000, Temp: 0.0000, Energy: -79.317909-0.010827j
[2025-04-22 19:18:19] Iteration: 767/1000, Temp: 0.0000, Energy: -79.290825+0.008274j
[2025-04-22 19:18:51] Iteration: 768/1000, Temp: 0.0000, Energy: -78.948048-0.003888j
[2025-04-22 19:19:23] Iteration: 769/1000, Temp: 0.0000, Energy: -79.167228-0.001462j
[2025-04-22 19:19:55] Iteration: 770/1000, Temp: 0.0000, Energy: -79.261864+0.001039j
[2025-04-22 19:20:28] Iteration: 771/1000, Temp: 0.0000, Energy: -79.269063-0.000161j
[2025-04-22 19:21:00] Iteration: 772/1000, Temp: 0.0000, Energy: -79.229246+0.001401j
[2025-04-22 19:21:32] Iteration: 773/1000, Temp: 0.0000, Energy: -79.302416+0.000553j
[2025-04-22 19:22:04] Iteration: 774/1000, Temp: 0.0000, Energy: -79.366658+0.003227j
[2025-04-22 19:22:36] Iteration: 775/1000, Temp: 0.0000, Energy: -79.423193+0.002107j
[2025-04-22 19:23:08] Iteration: 776/1000, Temp: 0.0000, Energy: -79.184118+0.000021j
[2025-04-22 19:23:40] Iteration: 777/1000, Temp: 0.0000, Energy: -79.245122+0.002433j
[2025-04-22 19:24:12] Iteration: 778/1000, Temp: 0.0000, Energy: -79.020238-0.002901j
[2025-04-22 19:24:45] Iteration: 779/1000, Temp: 0.0000, Energy: -79.036158-0.000901j
[2025-04-22 19:25:17] Iteration: 780/1000, Temp: 0.0000, Energy: -79.174140+0.006661j
[2025-04-22 19:25:49] Iteration: 781/1000, Temp: 0.0000, Energy: -79.172260+0.003926j
[2025-04-22 19:26:21] Iteration: 782/1000, Temp: 0.0000, Energy: -79.197808+0.000350j
[2025-04-22 19:26:53] Iteration: 783/1000, Temp: 0.0000, Energy: -79.186245+0.000165j
[2025-04-22 19:27:25] Iteration: 784/1000, Temp: 0.0000, Energy: -79.251076-0.002165j
[2025-04-22 19:27:57] Iteration: 785/1000, Temp: 0.0000, Energy: -79.213400+0.001151j
[2025-04-22 19:28:29] Iteration: 786/1000, Temp: 0.0000, Energy: -79.273331-0.002113j
[2025-04-22 19:29:01] Iteration: 787/1000, Temp: 0.0000, Energy: -79.225238+0.001411j
[2025-04-22 19:29:34] Iteration: 788/1000, Temp: 0.0000, Energy: -79.196443+0.004128j
[2025-04-22 19:30:06] Iteration: 789/1000, Temp: 0.0000, Energy: -79.136997+0.003249j
[2025-04-22 19:30:38] Iteration: 790/1000, Temp: 0.0000, Energy: -79.232664+0.001546j
[2025-04-22 19:31:10] Iteration: 791/1000, Temp: 0.0000, Energy: -79.155148+0.002580j
[2025-04-22 19:31:42] Iteration: 792/1000, Temp: 0.0000, Energy: -79.082712-0.001222j
[2025-04-22 19:32:14] Iteration: 793/1000, Temp: 0.0000, Energy: -78.939534-0.002566j
[2025-04-22 19:32:46] Iteration: 794/1000, Temp: 0.0000, Energy: -78.937535-0.002499j
[2025-04-22 19:33:19] Iteration: 795/1000, Temp: 0.0000, Energy: -78.943813+0.002608j
[2025-04-22 19:33:51] Iteration: 796/1000, Temp: 0.0000, Energy: -78.929250-0.004613j
[2025-04-22 19:34:23] Iteration: 797/1000, Temp: 0.0000, Energy: -79.027068+0.002375j
[2025-04-22 19:34:55] Iteration: 798/1000, Temp: 0.0000, Energy: -79.113295-0.000127j
[2025-04-22 19:35:27] Iteration: 799/1000, Temp: 0.0000, Energy: -79.027345+0.000539j
[2025-04-22 19:35:59] Iteration: 800/1000, Temp: 0.0000, Energy: -79.135971-0.003707j
[2025-04-22 19:36:31] Iteration: 801/1000, Temp: 0.0000, Energy: -79.184438+0.000386j
[2025-04-22 19:37:03] Iteration: 802/1000, Temp: 0.0000, Energy: -79.180756+0.001173j
[2025-04-22 19:37:36] Iteration: 803/1000, Temp: 0.0000, Energy: -79.175979+0.000769j
[2025-04-22 19:38:08] Iteration: 804/1000, Temp: 0.0000, Energy: -79.077287-0.000535j
[2025-04-22 19:38:40] Iteration: 805/1000, Temp: 0.0000, Energy: -79.222787+0.000376j
[2025-04-22 19:39:12] Iteration: 806/1000, Temp: 0.0000, Energy: -79.104675-0.001162j
[2025-04-22 19:39:44] Iteration: 807/1000, Temp: 0.0000, Energy: -79.165723+0.001036j
[2025-04-22 19:40:16] Iteration: 808/1000, Temp: 0.0000, Energy: -79.134661+0.003505j
[2025-04-22 19:40:48] Iteration: 809/1000, Temp: 0.0000, Energy: -79.157842+0.002751j
[2025-04-22 19:41:21] Iteration: 810/1000, Temp: 0.0000, Energy: -79.076670-0.003036j
[2025-04-22 19:41:53] Iteration: 811/1000, Temp: 0.0000, Energy: -79.179861-0.003081j
[2025-04-22 19:42:25] Iteration: 812/1000, Temp: 0.0000, Energy: -79.340139-0.004569j
[2025-04-22 19:42:57] Iteration: 813/1000, Temp: 0.0000, Energy: -79.091583+0.001748j
[2025-04-22 19:43:29] Iteration: 814/1000, Temp: 0.0000, Energy: -79.048158-0.005212j
[2025-04-22 19:44:01] Iteration: 815/1000, Temp: 0.0000, Energy: -79.093819+0.000293j
[2025-04-22 19:44:33] Iteration: 816/1000, Temp: 0.0000, Energy: -79.204476-0.001405j
[2025-04-22 19:45:06] Iteration: 817/1000, Temp: 0.0000, Energy: -79.263038-0.003615j
[2025-04-22 19:45:38] Iteration: 818/1000, Temp: 0.0000, Energy: -79.190090+0.000255j
[2025-04-22 19:46:10] Iteration: 819/1000, Temp: 0.0000, Energy: -79.104143+0.005065j
[2025-04-22 19:46:42] Iteration: 820/1000, Temp: 0.0000, Energy: -79.017428+0.004597j
[2025-04-22 19:47:14] Iteration: 821/1000, Temp: 0.0000, Energy: -79.151495-0.001181j
[2025-04-22 19:47:46] Iteration: 822/1000, Temp: 0.0000, Energy: -79.260791+0.001325j
[2025-04-22 19:48:18] Iteration: 823/1000, Temp: 0.0000, Energy: -79.070752+0.001250j
[2025-04-22 19:48:50] Iteration: 824/1000, Temp: 0.0000, Energy: -79.036452+0.003237j
[2025-04-22 19:49:23] Iteration: 825/1000, Temp: 0.0000, Energy: -79.065361+0.006094j
[2025-04-22 19:49:55] Iteration: 826/1000, Temp: 0.0000, Energy: -78.880228-0.003752j
[2025-04-22 19:50:27] Iteration: 827/1000, Temp: 0.0000, Energy: -79.001901-0.004063j
[2025-04-22 19:50:59] Iteration: 828/1000, Temp: 0.0000, Energy: -79.038687+0.000424j
[2025-04-22 19:51:31] Iteration: 829/1000, Temp: 0.0000, Energy: -79.117870-0.000660j
[2025-04-22 19:52:03] Iteration: 830/1000, Temp: 0.0000, Energy: -79.132001-0.000526j
[2025-04-22 19:52:35] Iteration: 831/1000, Temp: 0.0000, Energy: -79.221917-0.003822j
[2025-04-22 19:53:07] Iteration: 832/1000, Temp: 0.0000, Energy: -79.197131+0.000940j
[2025-04-22 19:53:39] Iteration: 833/1000, Temp: 0.0000, Energy: -79.157110+0.000956j
[2025-04-22 19:54:12] Iteration: 834/1000, Temp: 0.0000, Energy: -79.180543-0.003193j
[2025-04-22 19:54:44] Iteration: 835/1000, Temp: 0.0000, Energy: -78.980399-0.006485j
[2025-04-22 19:55:16] Iteration: 836/1000, Temp: 0.0000, Energy: -79.016633-0.009458j
[2025-04-22 19:55:48] Iteration: 837/1000, Temp: 0.0000, Energy: -79.137720-0.001679j
[2025-04-22 19:56:20] Iteration: 838/1000, Temp: 0.0000, Energy: -79.248124-0.001229j
[2025-04-22 19:56:52] Iteration: 839/1000, Temp: 0.0000, Energy: -79.267246+0.001002j
[2025-04-22 19:57:24] Iteration: 840/1000, Temp: 0.0000, Energy: -79.282727-0.001814j
[2025-04-22 19:57:57] Iteration: 841/1000, Temp: 0.0000, Energy: -79.276339-0.001312j
[2025-04-22 19:58:29] Iteration: 842/1000, Temp: 0.0000, Energy: -79.242054+0.002949j
[2025-04-22 19:59:01] Iteration: 843/1000, Temp: 0.0000, Energy: -79.105086+0.004139j
[2025-04-22 19:59:33] Iteration: 844/1000, Temp: 0.0000, Energy: -79.113215-0.003472j
[2025-04-22 20:00:05] Iteration: 845/1000, Temp: 0.0000, Energy: -79.091241+0.002040j
[2025-04-22 20:00:37] Iteration: 846/1000, Temp: 0.0000, Energy: -79.216884+0.001411j
[2025-04-22 20:01:09] Iteration: 847/1000, Temp: 0.0000, Energy: -79.165527-0.001481j
[2025-04-22 20:01:41] Iteration: 848/1000, Temp: 0.0000, Energy: -79.270483+0.002777j
[2025-04-22 20:02:14] Iteration: 849/1000, Temp: 0.0000, Energy: -79.187464+0.000847j
[2025-04-22 20:02:46] Iteration: 850/1000, Temp: 0.0000, Energy: -79.215782-0.003333j
[2025-04-22 20:03:18] Iteration: 851/1000, Temp: 0.0000, Energy: -79.250726-0.002297j
[2025-04-22 20:03:50] Iteration: 852/1000, Temp: 0.0000, Energy: -79.320860-0.001350j
[2025-04-22 20:04:22] Iteration: 853/1000, Temp: 0.0000, Energy: -79.282875+0.000644j
[2025-04-22 20:04:54] Iteration: 854/1000, Temp: 0.0000, Energy: -79.271100-0.000599j
[2025-04-22 20:05:26] Iteration: 855/1000, Temp: 0.0000, Energy: -79.303623+0.004465j
[2025-04-22 20:05:58] Iteration: 856/1000, Temp: 0.0000, Energy: -79.157147-0.004774j
[2025-04-22 20:06:31] Iteration: 857/1000, Temp: 0.0000, Energy: -79.302923+0.000880j
[2025-04-22 20:07:03] Iteration: 858/1000, Temp: 0.0000, Energy: -79.291949+0.001404j
[2025-04-22 20:07:35] Iteration: 859/1000, Temp: 0.0000, Energy: -79.213683-0.004092j
[2025-04-22 20:08:07] Iteration: 860/1000, Temp: 0.0000, Energy: -79.234841+0.001268j
[2025-04-22 20:08:39] Iteration: 861/1000, Temp: 0.0000, Energy: -79.003855+0.001312j
[2025-04-22 20:09:11] Iteration: 862/1000, Temp: 0.0000, Energy: -79.367327-0.005943j
[2025-04-22 20:09:43] Iteration: 863/1000, Temp: 0.0000, Energy: -79.043496-0.005368j
[2025-04-22 20:10:16] Iteration: 864/1000, Temp: 0.0000, Energy: -78.928645-0.006209j
[2025-04-22 20:10:48] Iteration: 865/1000, Temp: 0.0000, Energy: -79.284647-0.005685j
[2025-04-22 20:11:20] Iteration: 866/1000, Temp: 0.0000, Energy: -79.242387+0.010210j
[2025-04-22 20:11:52] Iteration: 867/1000, Temp: 0.0000, Energy: -79.087363+0.003395j
[2025-04-22 20:12:24] Iteration: 868/1000, Temp: 0.0000, Energy: -79.085723-0.002601j
[2025-04-22 20:12:56] Iteration: 869/1000, Temp: 0.0000, Energy: -79.151799+0.002661j
[2025-04-22 20:13:28] Iteration: 870/1000, Temp: 0.0000, Energy: -79.136134+0.003670j
[2025-04-22 20:14:00] Iteration: 871/1000, Temp: 0.0000, Energy: -79.288382-0.007275j
[2025-04-22 20:14:32] Iteration: 872/1000, Temp: 0.0000, Energy: -79.259804+0.002897j
[2025-04-22 20:15:04] Iteration: 873/1000, Temp: 0.0000, Energy: -79.152974+0.003359j
[2025-04-22 20:15:37] Iteration: 874/1000, Temp: 0.0000, Energy: -79.119930+0.002788j
[2025-04-22 20:16:09] Iteration: 875/1000, Temp: 0.0000, Energy: -79.142092+0.009336j
[2025-04-22 20:16:41] Iteration: 876/1000, Temp: 0.0000, Energy: -79.019127+0.002439j
[2025-04-22 20:17:13] Iteration: 877/1000, Temp: 0.0000, Energy: -79.256511+0.002555j
[2025-04-22 20:17:45] Iteration: 878/1000, Temp: 0.0000, Energy: -79.296882-0.000619j
[2025-04-22 20:18:17] Iteration: 879/1000, Temp: 0.0000, Energy: -79.011412-0.000620j
[2025-04-22 20:18:49] Iteration: 880/1000, Temp: 0.0000, Energy: -79.023775+0.006258j
[2025-04-22 20:19:21] Iteration: 881/1000, Temp: 0.0000, Energy: -79.213414+0.002011j
[2025-04-22 20:19:54] Iteration: 882/1000, Temp: 0.0000, Energy: -79.260640+0.004388j
[2025-04-22 20:20:26] Iteration: 883/1000, Temp: 0.0000, Energy: -79.171457-0.004708j
[2025-04-22 20:20:58] Iteration: 884/1000, Temp: 0.0000, Energy: -79.093300+0.000279j
[2025-04-22 20:21:30] Iteration: 885/1000, Temp: 0.0000, Energy: -79.079644+0.002483j
[2025-04-22 20:22:02] Iteration: 886/1000, Temp: 0.0000, Energy: -79.079473-0.000683j
[2025-04-22 20:22:34] Iteration: 887/1000, Temp: 0.0000, Energy: -79.333813-0.000097j
[2025-04-22 20:23:06] Iteration: 888/1000, Temp: 0.0000, Energy: -79.286410-0.003835j
[2025-04-22 20:23:39] Iteration: 889/1000, Temp: 0.0000, Energy: -79.357381-0.006517j
[2025-04-22 20:24:11] Iteration: 890/1000, Temp: 0.0000, Energy: -79.189994+0.001293j
[2025-04-22 20:24:43] Iteration: 891/1000, Temp: 0.0000, Energy: -79.095669+0.007730j
[2025-04-22 20:25:15] Iteration: 892/1000, Temp: 0.0000, Energy: -79.124338-0.000376j
[2025-04-22 20:25:47] Iteration: 893/1000, Temp: 0.0000, Energy: -79.057731-0.005270j
[2025-04-22 20:26:19] Iteration: 894/1000, Temp: 0.0000, Energy: -79.083308-0.003998j
[2025-04-22 20:26:52] Iteration: 895/1000, Temp: 0.0000, Energy: -79.076041+0.001567j
[2025-04-22 20:27:24] Iteration: 896/1000, Temp: 0.0000, Energy: -78.970189+0.005956j
[2025-04-22 20:27:56] Iteration: 897/1000, Temp: 0.0000, Energy: -79.216656-0.002351j
[2025-04-22 20:28:28] Iteration: 898/1000, Temp: 0.0000, Energy: -79.168666+0.003259j
[2025-04-22 20:29:00] Iteration: 899/1000, Temp: 0.0000, Energy: -79.164529+0.005219j
[2025-04-22 20:29:32] Iteration: 900/1000, Temp: 0.0000, Energy: -79.210777+0.000823j
[2025-04-22 20:30:04] Iteration: 901/1000, Temp: 0.0000, Energy: -79.126637-0.002720j
[2025-04-22 20:30:37] Iteration: 902/1000, Temp: 0.0000, Energy: -79.043713+0.001790j
[2025-04-22 20:31:09] Iteration: 903/1000, Temp: 0.0000, Energy: -79.123236-0.001016j
[2025-04-22 20:31:41] Iteration: 904/1000, Temp: 0.0000, Energy: -79.016384+0.004600j
[2025-04-22 20:32:13] Iteration: 905/1000, Temp: 0.0000, Energy: -78.921789-0.005209j
[2025-04-22 20:32:45] Iteration: 906/1000, Temp: 0.0000, Energy: -79.070592+0.004470j
[2025-04-22 20:33:17] Iteration: 907/1000, Temp: 0.0000, Energy: -79.008939+0.006046j
[2025-04-22 20:33:49] Iteration: 908/1000, Temp: 0.0000, Energy: -79.012669+0.001439j
[2025-04-22 20:34:21] Iteration: 909/1000, Temp: 0.0000, Energy: -79.068199-0.000715j
[2025-04-22 20:34:54] Iteration: 910/1000, Temp: 0.0000, Energy: -79.198004+0.001803j
[2025-04-22 20:35:26] Iteration: 911/1000, Temp: 0.0000, Energy: -79.145498-0.004053j
[2025-04-22 20:35:58] Iteration: 912/1000, Temp: 0.0000, Energy: -79.263237-0.001701j
[2025-04-22 20:36:30] Iteration: 913/1000, Temp: 0.0000, Energy: -79.338384-0.004369j
[2025-04-22 20:37:02] Iteration: 914/1000, Temp: 0.0000, Energy: -79.300287+0.007172j
[2025-04-22 20:37:34] Iteration: 915/1000, Temp: 0.0000, Energy: -79.228869+0.003757j
[2025-04-22 20:38:06] Iteration: 916/1000, Temp: 0.0000, Energy: -79.261161-0.000974j
[2025-04-22 20:38:38] Iteration: 917/1000, Temp: 0.0000, Energy: -79.241269-0.000453j
[2025-04-22 20:39:11] Iteration: 918/1000, Temp: 0.0000, Energy: -79.241283+0.002755j
[2025-04-22 20:39:43] Iteration: 919/1000, Temp: 0.0000, Energy: -79.101630-0.000356j
[2025-04-22 20:40:15] Iteration: 920/1000, Temp: 0.0000, Energy: -79.150274+0.004793j
[2025-04-22 20:40:47] Iteration: 921/1000, Temp: 0.0000, Energy: -79.055001+0.002209j
[2025-04-22 20:41:19] Iteration: 922/1000, Temp: 0.0000, Energy: -79.162412+0.005125j
[2025-04-22 20:41:51] Iteration: 923/1000, Temp: 0.0000, Energy: -79.083818-0.001410j
[2025-04-22 20:42:23] Iteration: 924/1000, Temp: 0.0000, Energy: -79.205596+0.000822j
[2025-04-22 20:42:55] Iteration: 925/1000, Temp: 0.0000, Energy: -79.177753+0.000811j
[2025-04-22 20:43:28] Iteration: 926/1000, Temp: 0.0000, Energy: -79.134088+0.001231j
[2025-04-22 20:44:00] Iteration: 927/1000, Temp: 0.0000, Energy: -79.080675-0.001366j
[2025-04-22 20:44:32] Iteration: 928/1000, Temp: 0.0000, Energy: -79.162708-0.003190j
[2025-04-22 20:45:04] Iteration: 929/1000, Temp: 0.0000, Energy: -79.006269-0.003418j
[2025-04-22 20:45:36] Iteration: 930/1000, Temp: 0.0000, Energy: -79.077828-0.002148j
[2025-04-22 20:46:08] Iteration: 931/1000, Temp: 0.0000, Energy: -79.062472-0.002316j
[2025-04-22 20:46:40] Iteration: 932/1000, Temp: 0.0000, Energy: -79.231240+0.000512j
[2025-04-22 20:47:12] Iteration: 933/1000, Temp: 0.0000, Energy: -79.116059+0.000225j
[2025-04-22 20:47:45] Iteration: 934/1000, Temp: 0.0000, Energy: -78.931951+0.001346j
[2025-04-22 20:48:17] Iteration: 935/1000, Temp: 0.0000, Energy: -79.205797-0.001733j
[2025-04-22 20:48:49] Iteration: 936/1000, Temp: 0.0000, Energy: -79.203927+0.009998j
[2025-04-22 20:49:21] Iteration: 937/1000, Temp: 0.0000, Energy: -79.348811+0.003381j
[2025-04-22 20:49:53] Iteration: 938/1000, Temp: 0.0000, Energy: -79.408182+0.009239j
[2025-04-22 20:50:25] Iteration: 939/1000, Temp: 0.0000, Energy: -79.290862+0.004892j
[2025-04-22 20:50:57] Iteration: 940/1000, Temp: 0.0000, Energy: -79.466881+0.000979j
[2025-04-22 20:51:29] Iteration: 941/1000, Temp: 0.0000, Energy: -79.347462-0.000815j
[2025-04-22 20:52:02] Iteration: 942/1000, Temp: 0.0000, Energy: -79.359148+0.001667j
[2025-04-22 20:52:34] Iteration: 943/1000, Temp: 0.0000, Energy: -79.219234+0.008340j
[2025-04-22 20:53:06] Iteration: 944/1000, Temp: 0.0000, Energy: -79.442812-0.003673j
[2025-04-22 20:53:38] Iteration: 945/1000, Temp: 0.0000, Energy: -79.279018+0.001744j
[2025-04-22 20:54:10] Iteration: 946/1000, Temp: 0.0000, Energy: -79.324319+0.002817j
[2025-04-22 20:54:42] Iteration: 947/1000, Temp: 0.0000, Energy: -79.333786+0.004104j
[2025-04-22 20:55:14] Iteration: 948/1000, Temp: 0.0000, Energy: -79.280217+0.003007j
[2025-04-22 20:55:46] Iteration: 949/1000, Temp: 0.0000, Energy: -79.165617-0.005497j
[2025-04-22 20:56:19] Iteration: 950/1000, Temp: 0.0000, Energy: -79.055597+0.000833j
[2025-04-22 20:56:51] Iteration: 951/1000, Temp: 0.0000, Energy: -79.100587+0.005350j
[2025-04-22 20:57:23] Iteration: 952/1000, Temp: 0.0000, Energy: -79.111458+0.000989j
[2025-04-22 20:57:55] Iteration: 953/1000, Temp: 0.0000, Energy: -79.200729-0.004298j
[2025-04-22 20:58:27] Iteration: 954/1000, Temp: 0.0000, Energy: -79.137482-0.001999j
[2025-04-22 20:58:59] Iteration: 955/1000, Temp: 0.0000, Energy: -79.261787+0.001151j
[2025-04-22 20:59:31] Iteration: 956/1000, Temp: 0.0000, Energy: -79.362730+0.003529j
[2025-04-22 21:00:03] Iteration: 957/1000, Temp: 0.0000, Energy: -79.397463+0.006023j
[2025-04-22 21:00:36] Iteration: 958/1000, Temp: 0.0000, Energy: -79.372473+0.002117j
[2025-04-22 21:01:08] Iteration: 959/1000, Temp: 0.0000, Energy: -79.357173-0.005305j
[2025-04-22 21:01:40] Iteration: 960/1000, Temp: 0.0000, Energy: -79.206294-0.006364j
[2025-04-22 21:02:12] Iteration: 961/1000, Temp: 0.0000, Energy: -79.158121+0.005953j
[2025-04-22 21:02:44] Iteration: 962/1000, Temp: 0.0000, Energy: -79.096056+0.002407j
[2025-04-22 21:03:16] Iteration: 963/1000, Temp: 0.0000, Energy: -79.022698+0.000786j
[2025-04-22 21:03:48] Iteration: 964/1000, Temp: 0.0000, Energy: -79.160465-0.002254j
[2025-04-22 21:04:20] Iteration: 965/1000, Temp: 0.0000, Energy: -79.123256+0.002008j
[2025-04-22 21:04:53] Iteration: 966/1000, Temp: 0.0000, Energy: -79.187853+0.001210j
[2025-04-22 21:05:25] Iteration: 967/1000, Temp: 0.0000, Energy: -79.264158-0.000335j
[2025-04-22 21:05:57] Iteration: 968/1000, Temp: 0.0000, Energy: -79.397775+0.000507j
[2025-04-22 21:06:29] Iteration: 969/1000, Temp: 0.0000, Energy: -79.341381-0.001395j
[2025-04-22 21:07:01] Iteration: 970/1000, Temp: 0.0000, Energy: -79.267492+0.004831j
[2025-04-22 21:07:33] Iteration: 971/1000, Temp: 0.0000, Energy: -79.136119+0.005670j
[2025-04-22 21:08:05] Iteration: 972/1000, Temp: 0.0000, Energy: -79.150140+0.002829j
[2025-04-22 21:08:37] Iteration: 973/1000, Temp: 0.0000, Energy: -79.223441-0.004109j
[2025-04-22 21:09:10] Iteration: 974/1000, Temp: 0.0000, Energy: -79.084584-0.000048j
[2025-04-22 21:09:42] Iteration: 975/1000, Temp: 0.0000, Energy: -79.208522+0.003210j
[2025-04-22 21:10:14] Iteration: 976/1000, Temp: 0.0000, Energy: -79.207113+0.004005j
[2025-04-22 21:10:46] Iteration: 977/1000, Temp: 0.0000, Energy: -79.148982+0.000146j
[2025-04-22 21:11:18] Iteration: 978/1000, Temp: 0.0000, Energy: -79.169792-0.002141j
[2025-04-22 21:11:50] Iteration: 979/1000, Temp: 0.0000, Energy: -79.259328-0.000734j
[2025-04-22 21:12:22] Iteration: 980/1000, Temp: 0.0000, Energy: -79.298696+0.001121j
[2025-04-22 21:12:55] Iteration: 981/1000, Temp: 0.0000, Energy: -79.267885-0.002866j
[2025-04-22 21:13:27] Iteration: 982/1000, Temp: 0.0000, Energy: -79.253311-0.001378j
[2025-04-22 21:13:59] Iteration: 983/1000, Temp: 0.0000, Energy: -79.179765-0.002604j
[2025-04-22 21:14:31] Iteration: 984/1000, Temp: 0.0000, Energy: -79.191499+0.001086j
[2025-04-22 21:15:03] Iteration: 985/1000, Temp: 0.0000, Energy: -79.207610+0.003722j
[2025-04-22 21:15:35] Iteration: 986/1000, Temp: 0.0000, Energy: -79.038181-0.003908j
[2025-04-22 21:16:07] Iteration: 987/1000, Temp: 0.0000, Energy: -79.113811-0.007332j
[2025-04-22 21:16:39] Iteration: 988/1000, Temp: 0.0000, Energy: -79.192157-0.006624j
[2025-04-22 21:17:12] Iteration: 989/1000, Temp: 0.0000, Energy: -79.130397-0.000575j
[2025-04-22 21:17:44] Iteration: 990/1000, Temp: 0.0000, Energy: -79.158092-0.004717j
[2025-04-22 21:18:16] Iteration: 991/1000, Temp: 0.0000, Energy: -79.224791-0.001332j
[2025-04-22 21:18:48] Iteration: 992/1000, Temp: 0.0000, Energy: -79.311318+0.000798j
[2025-04-22 21:19:20] Iteration: 993/1000, Temp: 0.0000, Energy: -79.219504+0.001883j
[2025-04-22 21:19:52] Iteration: 994/1000, Temp: 0.0000, Energy: -79.251608+0.003311j
[2025-04-22 21:20:24] Iteration: 995/1000, Temp: 0.0000, Energy: -79.143859-0.000607j
[2025-04-22 21:20:57] Iteration: 996/1000, Temp: 0.0000, Energy: -79.201371+0.004076j
[2025-04-22 21:21:29] Iteration: 997/1000, Temp: 0.0000, Energy: -79.382392-0.000894j
[2025-04-22 21:22:01] Iteration: 998/1000, Temp: 0.0000, Energy: -79.322106+0.004181j
[2025-04-22 21:22:33] Iteration: 999/1000, Temp: 0.0000, Energy: -79.323338-0.001891j
[2025-04-22 21:22:33] ==================================================
[2025-04-22 21:22:33] Training finished, total runtime = 32142.33 seconds
[2025-04-22 21:22:33] Trained quantum state parameters saved to: results/L=5/J2=0.05/J1=0.02/GCNN_L=5_J2=0.05_J1=0.02.pkl
[2025-04-22 21:22:33] ==================================================
