[2025-04-16 21:10:02] ==================================================
[2025-04-16 21:10:02] GCNN for Shastry-Sutherland lattice
[2025-04-16 21:10:02] ==================================================
[2025-04-16 21:10:02] System parameters:
[2025-04-16 21:10:02]   - System size: L=4, N=64
[2025-04-16 21:10:02]   - System parameters: J1=0.05, J2=0.05, Q=0.95
[2025-04-16 21:10:09] --------------------------------------------------
[2025-04-16 21:10:09] Model parameters:
[2025-04-16 21:10:09]   - Number of layers = 4
[2025-04-16 21:10:09]   - Number of features = 4
[2025-04-16 21:10:09]   - Symmetries used: 128
[2025-04-16 21:10:09]   - Total parameters = 12572
[2025-04-16 21:10:09] --------------------------------------------------
[2025-04-16 21:10:09] Training parameters:
[2025-04-16 21:10:09]   - Learning rate: 0.02
[2025-04-16 21:10:09]   - Total annealing steps: 1000
[2025-04-16 21:10:09]   - Samples: 4096
[2025-04-16 21:10:09]   - Discarded samples: 0
[2025-04-16 21:10:09]   - Chunk size: 1024
[2025-04-16 21:10:09] --------------------------------------------------
[2025-04-16 21:10:09] Device status:
[2025-04-16 21:10:09]   - Number of devices: 4
[2025-04-16 21:10:09]   - Sharding: False
[2025-04-16 21:10:17] --------------------------------------------------
[2025-04-16 21:10:17] Start training...
[2025-04-16 21:11:02] Iteration: 0/1000, Temp: 0.5000, Energy: 1.998879-0.000559j
[2025-04-16 21:11:36] Iteration: 1/1000, Temp: 0.4901, Energy: 1.998710+0.000550j
[2025-04-16 21:12:11] Iteration: 2/1000, Temp: 0.4804, Energy: 1.998412-0.001072j
[2025-04-16 21:12:45] Iteration: 3/1000, Temp: 0.4709, Energy: 1.998416+0.000434j
[2025-04-16 21:13:19] Iteration: 4/1000, Temp: 0.4616, Energy: 1.998396-0.000130j
[2025-04-16 21:13:54] Iteration: 5/1000, Temp: 0.4524, Energy: 1.998311-0.000124j
[2025-04-16 21:14:28] Iteration: 6/1000, Temp: 0.4435, Energy: 1.998204+0.000187j
[2025-04-16 21:15:03] Iteration: 7/1000, Temp: 0.4347, Energy: 1.997210-0.000618j
[2025-04-16 21:15:37] Iteration: 8/1000, Temp: 0.4261, Energy: 1.997655+0.000187j
[2025-04-16 21:16:12] Iteration: 9/1000, Temp: 0.4176, Energy: 1.997798-0.000509j
[2025-04-16 21:16:46] Iteration: 10/1000, Temp: 0.4094, Energy: 1.996813+0.001923j
[2025-04-16 21:17:21] Iteration: 11/1000, Temp: 0.4013, Energy: 1.996105-0.000120j
[2025-04-16 21:17:55] Iteration: 12/1000, Temp: 0.3933, Energy: 1.996789+0.001779j
[2025-04-16 21:18:29] Iteration: 13/1000, Temp: 0.3855, Energy: 1.996672-0.002378j
[2025-04-16 21:19:04] Iteration: 14/1000, Temp: 0.3779, Energy: 1.995629-0.001391j
[2025-04-16 21:19:38] Iteration: 15/1000, Temp: 0.3704, Energy: 1.996073+0.000180j
[2025-04-16 21:20:13] Iteration: 16/1000, Temp: 0.3631, Energy: 1.995218+0.002234j
[2025-04-16 21:20:47] Iteration: 17/1000, Temp: 0.3559, Energy: 1.993594-0.000298j
[2025-04-16 21:21:22] Iteration: 18/1000, Temp: 0.3488, Energy: 1.992663+0.002833j
[2025-04-16 21:21:56] Iteration: 19/1000, Temp: 0.3419, Energy: 1.991936-0.001095j
[2025-04-16 21:22:30] Iteration: 20/1000, Temp: 0.3352, Energy: 1.991937-0.001609j
[2025-04-16 21:23:05] Iteration: 21/1000, Temp: 0.3285, Energy: 1.989984+0.002783j
[2025-04-16 21:23:39] Iteration: 22/1000, Temp: 0.3220, Energy: 1.988106+0.001265j
[2025-04-16 21:24:14] Iteration: 23/1000, Temp: 0.3156, Energy: 1.985907+0.001631j
[2025-04-16 21:24:48] Iteration: 24/1000, Temp: 0.3094, Energy: 1.985383+0.005600j
[2025-04-16 21:25:22] Iteration: 25/1000, Temp: 0.3033, Energy: 1.983076-0.005099j
[2025-04-16 21:25:57] Iteration: 26/1000, Temp: 0.2973, Energy: 1.980127-0.003297j
[2025-04-16 21:26:31] Iteration: 27/1000, Temp: 0.2914, Energy: 1.976276-0.000751j
[2025-04-16 21:27:06] Iteration: 28/1000, Temp: 0.2856, Energy: 1.973816-0.003304j
[2025-04-16 21:27:40] Iteration: 29/1000, Temp: 0.2799, Energy: 1.970324-0.002677j
[2025-04-16 21:28:15] Iteration: 30/1000, Temp: 0.2744, Energy: 1.963688-0.008476j
[2025-04-16 21:28:49] Iteration: 31/1000, Temp: 0.2690, Energy: 1.958257-0.010795j
[2025-04-16 21:29:23] Iteration: 32/1000, Temp: 0.2636, Energy: 1.950290-0.007741j
[2025-04-16 21:29:58] Iteration: 33/1000, Temp: 0.2584, Energy: 1.943299-0.012268j
[2025-04-16 21:30:32] Iteration: 34/1000, Temp: 0.2533, Energy: 1.933947+0.004955j
[2025-04-16 21:31:07] Iteration: 35/1000, Temp: 0.2483, Energy: 1.923385+0.002967j
[2025-04-16 21:31:41] Iteration: 36/1000, Temp: 0.2434, Energy: 1.908249+0.001962j
[2025-04-16 21:32:16] Iteration: 37/1000, Temp: 0.2386, Energy: 1.891479+0.007654j
[2025-04-16 21:32:50] Iteration: 38/1000, Temp: 0.2338, Energy: 1.877214+0.003928j
[2025-04-16 21:33:24] Iteration: 39/1000, Temp: 0.2292, Energy: 1.850650-0.002039j
[2025-04-16 21:33:59] Iteration: 40/1000, Temp: 0.2247, Energy: 1.830055+0.010147j
[2025-04-16 21:34:33] Iteration: 41/1000, Temp: 0.2202, Energy: 1.795140+0.000625j
[2025-04-16 21:35:08] Iteration: 42/1000, Temp: 0.2159, Energy: 1.767050+0.007285j
[2025-04-16 21:35:42] Iteration: 43/1000, Temp: 0.2116, Energy: 1.726050-0.001013j
[2025-04-16 21:36:16] Iteration: 44/1000, Temp: 0.2074, Energy: 1.669452-0.021376j
[2025-04-16 21:36:51] Iteration: 45/1000, Temp: 0.2033, Energy: 1.612594-0.002467j
[2025-04-16 21:37:25] Iteration: 46/1000, Temp: 0.1993, Energy: 1.546622-0.021753j
[2025-04-16 21:37:59] Iteration: 47/1000, Temp: 0.1953, Energy: 1.466647+0.025514j
[2025-04-16 21:38:34] Iteration: 48/1000, Temp: 0.1914, Energy: 1.368396-0.033071j
[2025-04-16 21:39:08] Iteration: 49/1000, Temp: 0.1877, Energy: 1.267970+0.016723j
[2025-04-16 21:39:43] Iteration: 50/1000, Temp: 0.1839, Energy: 1.140478-0.002983j
[2025-04-16 21:40:17] Iteration: 51/1000, Temp: 0.1803, Energy: 0.969262-0.074182j
[2025-04-16 21:40:51] Iteration: 52/1000, Temp: 0.1767, Energy: 0.823743-0.004190j
[2025-04-16 21:41:26] Iteration: 53/1000, Temp: 0.1732, Energy: 0.623628+0.008802j
[2025-04-16 21:42:00] Iteration: 54/1000, Temp: 0.1698, Energy: 0.367966-0.025420j
[2025-04-16 21:42:34] Iteration: 55/1000, Temp: 0.1664, Energy: 0.116736-0.024029j
[2025-04-16 21:43:08] Iteration: 56/1000, Temp: 0.1631, Energy: -0.180790+0.025389j
[2025-04-16 21:43:43] Iteration: 57/1000, Temp: 0.1599, Energy: -0.462784+0.018240j
[2025-04-16 21:44:17] Iteration: 58/1000, Temp: 0.1567, Energy: -0.892297-0.004830j
[2025-04-16 21:44:51] Iteration: 59/1000, Temp: 0.1536, Energy: -1.289042+0.002867j
[2025-04-16 21:45:25] Iteration: 60/1000, Temp: 0.1506, Energy: -1.749778+0.036836j
[2025-04-16 21:45:59] Iteration: 61/1000, Temp: 0.1476, Energy: -2.285967+0.010017j
[2025-04-16 21:46:34] Iteration: 62/1000, Temp: 0.1447, Energy: -2.766508+0.029440j
[2025-04-16 21:47:08] Iteration: 63/1000, Temp: 0.1418, Energy: -3.384317+0.040972j
[2025-04-16 21:47:42] Iteration: 64/1000, Temp: 0.1390, Energy: -3.945460-0.063391j
[2025-04-16 21:48:16] Iteration: 65/1000, Temp: 0.1363, Energy: -4.584233-0.020323j
[2025-04-16 21:48:51] Iteration: 66/1000, Temp: 0.1336, Energy: -5.331150+0.042320j
[2025-04-16 21:49:25] Iteration: 67/1000, Temp: 0.1309, Energy: -6.019878+0.077334j
[2025-04-16 21:49:59] Iteration: 68/1000, Temp: 0.1283, Energy: -6.761308+0.105005j
[2025-04-16 21:50:34] Iteration: 69/1000, Temp: 0.1258, Energy: -7.466396+0.018663j
[2025-04-16 21:51:08] Iteration: 70/1000, Temp: 0.1233, Energy: -8.333785-0.018876j
[2025-04-16 21:51:42] Iteration: 71/1000, Temp: 0.1209, Energy: -9.082207-0.028502j
[2025-04-16 21:52:17] Iteration: 72/1000, Temp: 0.1185, Energy: -10.011753+0.081374j
[2025-04-16 21:52:51] Iteration: 73/1000, Temp: 0.1161, Energy: -11.079477+0.008762j
[2025-04-16 21:53:25] Iteration: 74/1000, Temp: 0.1138, Energy: -12.073140+0.129937j
[2025-04-16 21:54:00] Iteration: 75/1000, Temp: 0.1116, Energy: -13.055824+0.063033j
[2025-04-16 21:54:34] Iteration: 76/1000, Temp: 0.1094, Energy: -14.060887+0.115045j
[2025-04-16 21:55:08] Iteration: 77/1000, Temp: 0.1072, Energy: -15.200653+0.056215j
[2025-04-16 21:55:43] Iteration: 78/1000, Temp: 0.1051, Energy: -16.507274+0.100439j
[2025-04-16 21:56:17] Iteration: 79/1000, Temp: 0.1030, Energy: -17.650485+0.140954j
[2025-04-16 21:56:52] Iteration: 80/1000, Temp: 0.1009, Energy: -18.949574+0.069570j
[2025-04-16 21:57:26] Iteration: 81/1000, Temp: 0.0989, Energy: -20.603719+0.125627j
[2025-04-16 21:58:00] Iteration: 82/1000, Temp: 0.0970, Energy: -22.440199+0.089022j
[2025-04-16 21:58:35] Iteration: 83/1000, Temp: 0.0951, Energy: -24.363926+0.126481j
[2025-04-16 21:59:09] Iteration: 84/1000, Temp: 0.0932, Energy: -26.907175+0.114866j
[2025-04-16 21:59:43] Iteration: 85/1000, Temp: 0.0913, Energy: -29.504008+0.061796j
[2025-04-16 22:00:18] Iteration: 86/1000, Temp: 0.0895, Energy: -32.156763+0.225199j
[2025-04-16 22:00:52] Iteration: 87/1000, Temp: 0.0878, Energy: -34.864772+0.252920j
[2025-04-16 22:01:27] Iteration: 88/1000, Temp: 0.0860, Energy: -37.323723+0.193354j
[2025-04-16 22:02:01] Iteration: 89/1000, Temp: 0.0843, Energy: -39.582439+0.138101j
[2025-04-16 22:02:36] Iteration: 90/1000, Temp: 0.0826, Energy: -41.454182+0.187312j
[2025-04-16 22:03:10] Iteration: 91/1000, Temp: 0.0810, Energy: -42.873349+0.123662j
[2025-04-16 22:03:44] Iteration: 92/1000, Temp: 0.0794, Energy: -44.184794+0.169895j
[2025-04-16 22:04:19] Iteration: 93/1000, Temp: 0.0778, Energy: -45.210499+0.083110j
[2025-04-16 22:04:53] Iteration: 94/1000, Temp: 0.0763, Energy: -46.032434+0.017712j
[2025-04-16 22:05:28] Iteration: 95/1000, Temp: 0.0748, Energy: -46.783173+0.063550j
[2025-04-16 22:06:02] Iteration: 96/1000, Temp: 0.0733, Energy: -47.625723+0.069940j
[2025-04-16 22:06:36] Iteration: 97/1000, Temp: 0.0719, Energy: -48.162571+0.012744j
[2025-04-16 22:07:11] Iteration: 98/1000, Temp: 0.0704, Energy: -48.628248+0.040564j
[2025-04-16 22:07:45] Iteration: 99/1000, Temp: 0.0690, Energy: -48.988876+0.047308j
[2025-04-16 22:08:19] Iteration: 100/1000, Temp: 0.0677, Energy: -49.363978+0.017349j
[2025-04-16 22:08:53] Iteration: 101/1000, Temp: 0.0663, Energy: -49.716082-0.015409j
[2025-04-16 22:09:28] Iteration: 102/1000, Temp: 0.0650, Energy: -49.918596+0.008492j
[2025-04-16 22:10:02] Iteration: 103/1000, Temp: 0.0637, Energy: -50.004914-0.004601j
[2025-04-16 22:10:36] Iteration: 104/1000, Temp: 0.0625, Energy: -50.238378+0.033139j
[2025-04-16 22:11:11] Iteration: 105/1000, Temp: 0.0612, Energy: -50.342947-0.060929j
[2025-04-16 22:11:45] Iteration: 106/1000, Temp: 0.0600, Energy: -50.462611-0.034789j
[2025-04-16 22:12:19] Iteration: 107/1000, Temp: 0.0588, Energy: -50.569038+0.000799j
[2025-04-16 22:12:54] Iteration: 108/1000, Temp: 0.0577, Energy: -50.655407-0.020483j
[2025-04-16 22:13:28] Iteration: 109/1000, Temp: 0.0565, Energy: -50.836630+0.013235j
[2025-04-16 22:14:03] Iteration: 110/1000, Temp: 0.0554, Energy: -50.813722-0.031078j
[2025-04-16 22:14:37] Iteration: 111/1000, Temp: 0.0543, Energy: -50.862294+0.029757j
[2025-04-16 22:15:11] Iteration: 112/1000, Temp: 0.0532, Energy: -50.987804+0.011854j
[2025-04-16 22:15:46] Iteration: 113/1000, Temp: 0.0522, Energy: -51.132208-0.052011j
[2025-04-16 22:16:20] Iteration: 114/1000, Temp: 0.0511, Energy: -51.081533+0.006877j
[2025-04-16 22:16:55] Iteration: 115/1000, Temp: 0.0501, Energy: -51.066863+0.026573j
[2025-04-16 22:17:29] Iteration: 116/1000, Temp: 0.0491, Energy: -51.316518+0.028244j
[2025-04-16 22:18:03] Iteration: 117/1000, Temp: 0.0482, Energy: -51.282218-0.011562j
[2025-04-16 22:18:38] Iteration: 118/1000, Temp: 0.0472, Energy: -51.295160+0.003388j
[2025-04-16 22:19:12] Iteration: 119/1000, Temp: 0.0463, Energy: -51.250099+0.016017j
[2025-04-16 22:19:46] Iteration: 120/1000, Temp: 0.0454, Energy: -51.286200+0.007729j
[2025-04-16 22:20:21] Iteration: 121/1000, Temp: 0.0445, Energy: -51.270389+0.002260j
[2025-04-16 22:20:55] Iteration: 122/1000, Temp: 0.0436, Energy: -51.425140-0.004920j
[2025-04-16 22:21:30] Iteration: 123/1000, Temp: 0.0427, Energy: -51.413291-0.005233j
[2025-04-16 22:22:04] Iteration: 124/1000, Temp: 0.0419, Energy: -51.359945-0.003858j
[2025-04-16 22:22:38] Iteration: 125/1000, Temp: 0.0410, Energy: -51.600276-0.007867j
[2025-04-16 22:23:13] Iteration: 126/1000, Temp: 0.0402, Energy: -51.564613-0.006856j
[2025-04-16 22:23:47] Iteration: 127/1000, Temp: 0.0394, Energy: -51.624787-0.029153j
[2025-04-16 22:24:21] Iteration: 128/1000, Temp: 0.0387, Energy: -51.627170+0.022082j
[2025-04-16 22:24:56] Iteration: 129/1000, Temp: 0.0379, Energy: -51.448855+0.004454j
[2025-04-16 22:25:30] Iteration: 130/1000, Temp: 0.0371, Energy: -51.578104+0.016505j
[2025-04-16 22:26:05] Iteration: 131/1000, Temp: 0.0364, Energy: -51.621293-0.014642j
[2025-04-16 22:26:39] Iteration: 132/1000, Temp: 0.0357, Energy: -51.576005-0.009542j
[2025-04-16 22:27:13] Iteration: 133/1000, Temp: 0.0350, Energy: -51.628829+0.019119j
[2025-04-16 22:27:48] Iteration: 134/1000, Temp: 0.0343, Energy: -51.675940+0.002922j
[2025-04-16 22:28:22] Iteration: 135/1000, Temp: 0.0336, Energy: -51.691128-0.012046j
[2025-04-16 22:28:57] Iteration: 136/1000, Temp: 0.0329, Energy: -51.672667+0.016512j
[2025-04-16 22:29:31] Iteration: 137/1000, Temp: 0.0323, Energy: -51.724405+0.034796j
[2025-04-16 22:30:05] Iteration: 138/1000, Temp: 0.0316, Energy: -51.628221-0.006829j
[2025-04-16 22:30:40] Iteration: 139/1000, Temp: 0.0310, Energy: -51.751607+0.009469j
[2025-04-16 22:31:14] Iteration: 140/1000, Temp: 0.0304, Energy: -51.660764-0.002059j
[2025-04-16 22:31:48] Iteration: 141/1000, Temp: 0.0298, Energy: -51.667128+0.002589j
[2025-04-16 22:32:23] Iteration: 142/1000, Temp: 0.0292, Energy: -51.784915-0.003153j
[2025-04-16 22:32:57] Iteration: 143/1000, Temp: 0.0286, Energy: -51.722985-0.002831j
[2025-04-16 22:33:32] Iteration: 144/1000, Temp: 0.0281, Energy: -51.868290+0.011952j
[2025-04-16 22:34:06] Iteration: 145/1000, Temp: 0.0275, Energy: -51.801252+0.005445j
[2025-04-16 22:34:40] Iteration: 146/1000, Temp: 0.0270, Energy: -51.814242-0.020841j
[2025-04-16 22:35:14] Iteration: 147/1000, Temp: 0.0264, Energy: -51.692433-0.011027j
[2025-04-16 22:35:49] Iteration: 148/1000, Temp: 0.0259, Energy: -51.694354+0.007982j
[2025-04-16 22:36:23] Iteration: 149/1000, Temp: 0.0254, Energy: -51.861657-0.026917j
[2025-04-16 22:36:58] Iteration: 150/1000, Temp: 0.0249, Energy: -51.882087-0.004989j
[2025-04-16 22:37:32] Iteration: 151/1000, Temp: 0.0244, Energy: -52.026087-0.016076j
[2025-04-16 22:38:06] Iteration: 152/1000, Temp: 0.0239, Energy: -51.899149+0.015973j
[2025-04-16 22:38:41] Iteration: 153/1000, Temp: 0.0234, Energy: -51.720328+0.020387j
[2025-04-16 22:39:15] Iteration: 154/1000, Temp: 0.0230, Energy: -51.761982-0.000421j
[2025-04-16 22:39:49] Iteration: 155/1000, Temp: 0.0225, Energy: -51.655615-0.008711j
[2025-04-16 22:40:24] Iteration: 156/1000, Temp: 0.0221, Energy: -51.899416-0.000971j
[2025-04-16 22:40:58] Iteration: 157/1000, Temp: 0.0216, Energy: -51.776287+0.022633j
[2025-04-16 22:41:32] Iteration: 158/1000, Temp: 0.0212, Energy: -51.875579-0.014005j
[2025-04-16 22:42:07] Iteration: 159/1000, Temp: 0.0208, Energy: -51.951182+0.005717j
[2025-04-16 22:42:41] Iteration: 160/1000, Temp: 0.0204, Energy: -51.798221-0.008874j
[2025-04-16 22:43:15] Iteration: 161/1000, Temp: 0.0200, Energy: -51.776815+0.004608j
[2025-04-16 22:43:49] Iteration: 162/1000, Temp: 0.0196, Energy: -51.936621-0.001145j
[2025-04-16 22:44:23] Iteration: 163/1000, Temp: 0.0192, Energy: -52.097771+0.008417j
[2025-04-16 22:44:58] Iteration: 164/1000, Temp: 0.0188, Energy: -51.925583-0.017107j
[2025-04-16 22:45:32] Iteration: 165/1000, Temp: 0.0184, Energy: -51.972424+0.017540j
[2025-04-16 22:46:07] Iteration: 166/1000, Temp: 0.0181, Energy: -51.974559+0.005329j
[2025-04-16 22:46:41] Iteration: 167/1000, Temp: 0.0177, Energy: -52.040674+0.009582j
[2025-04-16 22:47:15] Iteration: 168/1000, Temp: 0.0174, Energy: -52.108140+0.024793j
[2025-04-16 22:47:50] Iteration: 169/1000, Temp: 0.0170, Energy: -52.033060+0.005977j
[2025-04-16 22:48:24] Iteration: 170/1000, Temp: 0.0167, Energy: -51.943443+0.000628j
[2025-04-16 22:48:59] Iteration: 171/1000, Temp: 0.0164, Energy: -51.830455+0.002780j
[2025-04-16 22:49:33] Iteration: 172/1000, Temp: 0.0160, Energy: -51.824537+0.000844j
[2025-04-16 22:50:07] Iteration: 173/1000, Temp: 0.0157, Energy: -51.908381+0.013926j
[2025-04-16 22:50:42] Iteration: 174/1000, Temp: 0.0154, Energy: -51.773953+0.010534j
[2025-04-16 22:51:16] Iteration: 175/1000, Temp: 0.0151, Energy: -51.831849+0.011286j
[2025-04-16 22:51:50] Iteration: 176/1000, Temp: 0.0148, Energy: -51.961548-0.011951j
[2025-04-16 22:52:24] Iteration: 177/1000, Temp: 0.0145, Energy: -51.834427-0.008282j
[2025-04-16 22:52:59] Iteration: 178/1000, Temp: 0.0142, Energy: -51.906685+0.009445j
[2025-04-16 22:53:33] Iteration: 179/1000, Temp: 0.0139, Energy: -51.990330+0.010033j
[2025-04-16 22:54:08] Iteration: 180/1000, Temp: 0.0137, Energy: -51.987364-0.000978j
[2025-04-16 22:54:42] Iteration: 181/1000, Temp: 0.0134, Energy: -51.840729-0.002467j
[2025-04-16 22:55:17] Iteration: 182/1000, Temp: 0.0131, Energy: -51.949451-0.017514j
[2025-04-16 22:55:51] Iteration: 183/1000, Temp: 0.0129, Energy: -51.920965-0.003350j
[2025-04-16 22:56:25] Iteration: 184/1000, Temp: 0.0126, Energy: -51.975372-0.016030j
[2025-04-16 22:57:00] Iteration: 185/1000, Temp: 0.0124, Energy: -52.094017+0.004277j
[2025-04-16 22:57:34] Iteration: 186/1000, Temp: 0.0121, Energy: -52.039879-0.018130j
[2025-04-16 22:58:08] Iteration: 187/1000, Temp: 0.0119, Energy: -52.042457-0.010557j
[2025-04-16 22:58:43] Iteration: 188/1000, Temp: 0.0116, Energy: -52.044690-0.008709j
[2025-04-16 22:59:17] Iteration: 189/1000, Temp: 0.0114, Energy: -52.106408-0.001592j
[2025-04-16 22:59:52] Iteration: 190/1000, Temp: 0.0112, Energy: -52.110769+0.005965j
[2025-04-16 23:00:26] Iteration: 191/1000, Temp: 0.0110, Energy: -52.129298+0.014812j
[2025-04-16 23:01:01] Iteration: 192/1000, Temp: 0.0107, Energy: -51.981720+0.013672j
[2025-04-16 23:01:35] Iteration: 193/1000, Temp: 0.0105, Energy: -51.922576+0.006542j
[2025-04-16 23:02:09] Iteration: 194/1000, Temp: 0.0103, Energy: -52.042912-0.010597j
[2025-04-16 23:02:44] Iteration: 195/1000, Temp: 0.0101, Energy: -52.027001-0.007819j
[2025-04-16 23:03:18] Iteration: 196/1000, Temp: 0.0099, Energy: -52.013328-0.005233j
[2025-04-16 23:03:53] Iteration: 197/1000, Temp: 0.0097, Energy: -51.967341-0.005756j
[2025-04-16 23:04:27] Iteration: 198/1000, Temp: 0.0095, Energy: -52.041048+0.007131j
[2025-04-16 23:05:01] Iteration: 199/1000, Temp: 0.0093, Energy: -51.946275-0.006789j
[2025-04-16 23:05:36] Iteration: 200/1000, Temp: 0.0092, Energy: -51.913874+0.007464j
[2025-04-16 23:06:10] Iteration: 201/1000, Temp: 0.0090, Energy: -51.889096-0.002546j
[2025-04-16 23:06:45] Iteration: 202/1000, Temp: 0.0088, Energy: -51.916404-0.008293j
[2025-04-16 23:07:19] Iteration: 203/1000, Temp: 0.0086, Energy: -51.869024-0.010786j
[2025-04-16 23:07:54] Iteration: 204/1000, Temp: 0.0085, Energy: -51.906917-0.020523j
[2025-04-16 23:08:28] Iteration: 205/1000, Temp: 0.0083, Energy: -51.888723-0.004098j
[2025-04-16 23:09:02] Iteration: 206/1000, Temp: 0.0081, Energy: -51.939276-0.001193j
[2025-04-16 23:09:37] Iteration: 207/1000, Temp: 0.0080, Energy: -51.885679-0.000713j
[2025-04-16 23:10:11] Iteration: 208/1000, Temp: 0.0078, Energy: -51.870738-0.006895j
[2025-04-16 23:10:45] Iteration: 209/1000, Temp: 0.0076, Energy: -51.905785-0.008750j
[2025-04-16 23:11:20] Iteration: 210/1000, Temp: 0.0075, Energy: -52.005568+0.005751j
[2025-04-16 23:11:54] Iteration: 211/1000, Temp: 0.0073, Energy: -51.934450-0.005370j
[2025-04-16 23:12:28] Iteration: 212/1000, Temp: 0.0072, Energy: -51.941091+0.008534j
[2025-04-16 23:13:02] Iteration: 213/1000, Temp: 0.0071, Energy: -52.064481-0.010863j
[2025-04-16 23:13:36] Iteration: 214/1000, Temp: 0.0069, Energy: -52.025558-0.006596j
[2025-04-16 23:14:11] Iteration: 215/1000, Temp: 0.0068, Energy: -52.054568-0.001675j
[2025-04-16 23:14:45] Iteration: 216/1000, Temp: 0.0066, Energy: -51.937808+0.001533j
[2025-04-16 23:15:19] Iteration: 217/1000, Temp: 0.0065, Energy: -51.907060-0.009881j
[2025-04-16 23:15:53] Iteration: 218/1000, Temp: 0.0064, Energy: -52.041697-0.009141j
[2025-04-16 23:16:27] Iteration: 219/1000, Temp: 0.0063, Energy: -52.021899+0.005048j
[2025-04-16 23:17:02] Iteration: 220/1000, Temp: 0.0061, Energy: -51.979532+0.000664j
[2025-04-16 23:17:36] Iteration: 221/1000, Temp: 0.0060, Energy: -51.982104+0.004955j
[2025-04-16 23:18:10] Iteration: 222/1000, Temp: 0.0059, Energy: -52.001600+0.009363j
[2025-04-16 23:18:44] Iteration: 223/1000, Temp: 0.0058, Energy: -51.975959+0.005994j
[2025-04-16 23:19:18] Iteration: 224/1000, Temp: 0.0057, Energy: -51.986903+0.001597j
[2025-04-16 23:19:53] Iteration: 225/1000, Temp: 0.0056, Energy: -52.110736-0.010630j
[2025-04-16 23:20:27] Iteration: 226/1000, Temp: 0.0054, Energy: -52.050661-0.004613j
[2025-04-16 23:21:01] Iteration: 227/1000, Temp: 0.0053, Energy: -52.178542+0.018093j
[2025-04-16 23:21:35] Iteration: 228/1000, Temp: 0.0052, Energy: -52.164624-0.005143j
[2025-04-16 23:22:09] Iteration: 229/1000, Temp: 0.0051, Energy: -52.065860+0.007149j
[2025-04-16 23:22:44] Iteration: 230/1000, Temp: 0.0050, Energy: -51.967530-0.018727j
[2025-04-16 23:23:18] Iteration: 231/1000, Temp: 0.0049, Energy: -51.953137+0.005914j
[2025-04-16 23:23:53] Iteration: 232/1000, Temp: 0.0048, Energy: -51.959100+0.006329j
[2025-04-16 23:24:27] Iteration: 233/1000, Temp: 0.0047, Energy: -52.031411+0.000487j
[2025-04-16 23:25:02] Iteration: 234/1000, Temp: 0.0046, Energy: -51.848862+0.011311j
[2025-04-16 23:25:36] Iteration: 235/1000, Temp: 0.0045, Energy: -51.901538+0.010561j
[2025-04-16 23:26:10] Iteration: 236/1000, Temp: 0.0045, Energy: -52.037963+0.001007j
[2025-04-16 23:26:45] Iteration: 237/1000, Temp: 0.0044, Energy: -51.899622-0.005214j
[2025-04-16 23:27:19] Iteration: 238/1000, Temp: 0.0043, Energy: -52.066097+0.020652j
[2025-04-16 23:27:54] Iteration: 239/1000, Temp: 0.0042, Energy: -52.009994-0.000359j
[2025-04-16 23:28:28] Iteration: 240/1000, Temp: 0.0041, Energy: -52.002639+0.017443j
[2025-04-16 23:29:03] Iteration: 241/1000, Temp: 0.0040, Energy: -51.936987-0.016894j
[2025-04-16 23:29:37] Iteration: 242/1000, Temp: 0.0040, Energy: -52.070036+0.007166j
[2025-04-16 23:30:11] Iteration: 243/1000, Temp: 0.0039, Energy: -52.028567+0.001524j
[2025-04-16 23:30:46] Iteration: 244/1000, Temp: 0.0038, Energy: -52.046019-0.002243j
[2025-04-16 23:31:20] Iteration: 245/1000, Temp: 0.0037, Energy: -52.028737-0.002401j
[2025-04-16 23:31:55] Iteration: 246/1000, Temp: 0.0036, Energy: -52.016410-0.009972j
[2025-04-16 23:32:29] Iteration: 247/1000, Temp: 0.0036, Energy: -52.104002-0.018361j
[2025-04-16 23:33:03] Iteration: 248/1000, Temp: 0.0035, Energy: -52.111861-0.005351j
[2025-04-16 23:33:37] Iteration: 249/1000, Temp: 0.0034, Energy: -52.129307-0.007171j
[2025-04-16 23:34:12] Iteration: 250/1000, Temp: 0.0034, Energy: -52.053678+0.012473j
[2025-04-16 23:34:46] Iteration: 251/1000, Temp: 0.0033, Energy: -52.052989-0.006839j
[2025-04-16 23:35:20] Iteration: 252/1000, Temp: 0.0032, Energy: -51.994963-0.007874j
[2025-04-16 23:35:54] Iteration: 253/1000, Temp: 0.0032, Energy: -52.055323-0.009921j
[2025-04-16 23:36:28] Iteration: 254/1000, Temp: 0.0031, Energy: -52.124379-0.000679j
[2025-04-16 23:37:02] Iteration: 255/1000, Temp: 0.0030, Energy: -52.079930+0.001164j
[2025-04-16 23:37:37] Iteration: 256/1000, Temp: 0.0030, Energy: -52.163470+0.000084j
[2025-04-16 23:38:11] Iteration: 257/1000, Temp: 0.0029, Energy: -51.950056-0.005890j
[2025-04-16 23:38:45] Iteration: 258/1000, Temp: 0.0029, Energy: -52.003974-0.000294j
[2025-04-16 23:39:20] Iteration: 259/1000, Temp: 0.0028, Energy: -52.062377-0.013675j
[2025-04-16 23:39:54] Iteration: 260/1000, Temp: 0.0028, Energy: -51.941744-0.007542j
[2025-04-16 23:40:28] Iteration: 261/1000, Temp: 0.0027, Energy: -52.080590-0.009321j
[2025-04-16 23:41:03] Iteration: 262/1000, Temp: 0.0027, Energy: -52.064822+0.011589j
[2025-04-16 23:41:37] Iteration: 263/1000, Temp: 0.0026, Energy: -51.992249+0.005436j
[2025-04-16 23:42:12] Iteration: 264/1000, Temp: 0.0025, Energy: -52.001449+0.013510j
[2025-04-16 23:42:46] Iteration: 265/1000, Temp: 0.0025, Energy: -52.149018+0.005788j
[2025-04-16 23:43:20] Iteration: 266/1000, Temp: 0.0024, Energy: -52.113088+0.000818j
[2025-04-16 23:43:55] Iteration: 267/1000, Temp: 0.0024, Energy: -52.095044+0.004373j
[2025-04-16 23:44:29] Iteration: 268/1000, Temp: 0.0024, Energy: -52.049428+0.016255j
[2025-04-16 23:45:04] Iteration: 269/1000, Temp: 0.0023, Energy: -52.029476-0.002800j
[2025-04-16 23:45:38] Iteration: 270/1000, Temp: 0.0023, Energy: -51.976611+0.008289j
[2025-04-16 23:46:12] Iteration: 271/1000, Temp: 0.0022, Energy: -52.011891+0.001726j
[2025-04-16 23:46:47] Iteration: 272/1000, Temp: 0.0022, Energy: -51.940875-0.005951j
[2025-04-16 23:47:21] Iteration: 273/1000, Temp: 0.0021, Energy: -51.969122+0.009296j
[2025-04-16 23:47:55] Iteration: 274/1000, Temp: 0.0021, Energy: -52.009131+0.006484j
[2025-04-16 23:48:30] Iteration: 275/1000, Temp: 0.0020, Energy: -52.047834-0.002478j
[2025-04-16 23:49:04] Iteration: 276/1000, Temp: 0.0020, Energy: -52.124535-0.006575j
[2025-04-16 23:49:39] Iteration: 277/1000, Temp: 0.0020, Energy: -52.064965-0.007583j
[2025-04-16 23:50:13] Iteration: 278/1000, Temp: 0.0019, Energy: -51.956235+0.006861j
[2025-04-16 23:50:47] Iteration: 279/1000, Temp: 0.0019, Energy: -52.074287-0.004551j
[2025-04-16 23:51:22] Iteration: 280/1000, Temp: 0.0018, Energy: -52.049653-0.011407j
[2025-04-16 23:51:56] Iteration: 281/1000, Temp: 0.0018, Energy: -51.992603-0.004541j
[2025-04-16 23:52:30] Iteration: 282/1000, Temp: 0.0018, Energy: -51.976578+0.005614j
[2025-04-16 23:53:05] Iteration: 283/1000, Temp: 0.0017, Energy: -51.992448+0.012541j
[2025-04-16 23:53:39] Iteration: 284/1000, Temp: 0.0017, Energy: -52.004713-0.005553j
[2025-04-16 23:54:14] Iteration: 285/1000, Temp: 0.0017, Energy: -52.041661-0.004079j
[2025-04-16 23:54:48] Iteration: 286/1000, Temp: 0.0016, Energy: -51.887563-0.016716j
[2025-04-16 23:55:22] Iteration: 287/1000, Temp: 0.0016, Energy: -52.002286-0.000281j
[2025-04-16 23:55:57] Iteration: 288/1000, Temp: 0.0016, Energy: -52.140599+0.004740j
[2025-04-16 23:56:31] Iteration: 289/1000, Temp: 0.0015, Energy: -52.125717-0.001824j
[2025-04-16 23:57:05] Iteration: 290/1000, Temp: 0.0015, Energy: -52.035927+0.010591j
[2025-04-16 23:57:40] Iteration: 291/1000, Temp: 0.0015, Energy: -51.814517+0.006512j
[2025-04-16 23:58:14] Iteration: 292/1000, Temp: 0.0015, Energy: -51.845491+0.016362j
[2025-04-16 23:58:49] Iteration: 293/1000, Temp: 0.0014, Energy: -51.985561+0.016935j
[2025-04-16 23:59:23] Iteration: 294/1000, Temp: 0.0014, Energy: -51.955997+0.006723j
[2025-04-16 23:59:57] Iteration: 295/1000, Temp: 0.0014, Energy: -51.921578-0.010117j
[2025-04-17 00:00:32] Iteration: 296/1000, Temp: 0.0013, Energy: -51.888214-0.001593j
[2025-04-17 00:01:06] Iteration: 297/1000, Temp: 0.0013, Energy: -51.872404-0.005939j
[2025-04-17 00:01:41] Iteration: 298/1000, Temp: 0.0013, Energy: -51.911829+0.014117j
[2025-04-17 00:02:15] Iteration: 299/1000, Temp: 0.0013, Energy: -52.004263-0.004391j
[2025-04-17 00:02:49] Iteration: 300/1000, Temp: 0.0012, Energy: -52.093522-0.010115j
[2025-04-17 00:03:23] Iteration: 301/1000, Temp: 0.0012, Energy: -51.891491+0.004805j
[2025-04-17 00:03:57] Iteration: 302/1000, Temp: 0.0012, Energy: -51.998383+0.010403j
[2025-04-17 00:04:32] Iteration: 303/1000, Temp: 0.0012, Energy: -52.100707-0.002241j
[2025-04-17 00:05:06] Iteration: 304/1000, Temp: 0.0011, Energy: -52.171049-0.005040j
[2025-04-17 00:05:40] Iteration: 305/1000, Temp: 0.0011, Energy: -52.143355-0.010671j
[2025-04-17 00:06:14] Iteration: 306/1000, Temp: 0.0011, Energy: -52.209054+0.007015j
[2025-04-17 00:06:48] Iteration: 307/1000, Temp: 0.0011, Energy: -52.195345-0.013087j
[2025-04-17 00:07:23] Iteration: 308/1000, Temp: 0.0011, Energy: -52.020859+0.014808j
[2025-04-17 00:07:57] Iteration: 309/1000, Temp: 0.0010, Energy: -52.000249-0.005209j
[2025-04-17 00:08:31] Iteration: 310/1000, Temp: 0.0010, Energy: -52.121237+0.005777j
[2025-04-17 00:09:05] Iteration: 311/1000, Temp: 0.0010, Energy: -52.122335-0.003178j
[2025-04-17 00:09:39] Iteration: 312/1000, Temp: 0.0010, Energy: -52.140962+0.000662j
[2025-04-17 00:10:14] Iteration: 313/1000, Temp: 0.0010, Energy: -52.089591+0.002586j
[2025-04-17 00:10:48] Iteration: 314/1000, Temp: 0.0009, Energy: -52.023376-0.000167j
[2025-04-17 00:11:22] Iteration: 315/1000, Temp: 0.0009, Energy: -51.959693+0.002992j
[2025-04-17 00:11:56] Iteration: 316/1000, Temp: 0.0009, Energy: -51.885563-0.001407j
[2025-04-17 00:12:31] Iteration: 317/1000, Temp: 0.0009, Energy: -52.096648+0.005069j
[2025-04-17 00:13:05] Iteration: 318/1000, Temp: 0.0009, Energy: -51.941165+0.009219j
[2025-04-17 00:13:40] Iteration: 319/1000, Temp: 0.0008, Energy: -52.090111-0.016101j
[2025-04-17 00:14:14] Iteration: 320/1000, Temp: 0.0008, Energy: -52.029326-0.006445j
[2025-04-17 00:14:49] Iteration: 321/1000, Temp: 0.0008, Energy: -52.132941-0.023866j
[2025-04-17 00:15:23] Iteration: 322/1000, Temp: 0.0008, Energy: -52.110525-0.002454j
[2025-04-17 00:15:57] Iteration: 323/1000, Temp: 0.0008, Energy: -52.123245+0.013437j
[2025-04-17 00:16:32] Iteration: 324/1000, Temp: 0.0008, Energy: -52.067541-0.005736j
[2025-04-17 00:17:06] Iteration: 325/1000, Temp: 0.0008, Energy: -52.119523-0.009238j
[2025-04-17 00:17:40] Iteration: 326/1000, Temp: 0.0007, Energy: -52.028547-0.013454j
[2025-04-17 00:18:15] Iteration: 327/1000, Temp: 0.0007, Energy: -52.173172-0.016664j
[2025-04-17 00:18:49] Iteration: 328/1000, Temp: 0.0007, Energy: -52.054955-0.002128j
[2025-04-17 00:19:24] Iteration: 329/1000, Temp: 0.0007, Energy: -52.009490+0.003157j
[2025-04-17 00:19:58] Iteration: 330/1000, Temp: 0.0007, Energy: -51.897148+0.020816j
[2025-04-17 00:20:32] Iteration: 331/1000, Temp: 0.0007, Energy: -51.883622+0.008725j
[2025-04-17 00:21:07] Iteration: 332/1000, Temp: 0.0007, Energy: -51.889050+0.004074j
[2025-04-17 00:21:41] Iteration: 333/1000, Temp: 0.0006, Energy: -51.971638-0.004715j
[2025-04-17 00:22:16] Iteration: 334/1000, Temp: 0.0006, Energy: -52.043485-0.014055j
[2025-04-17 00:22:50] Iteration: 335/1000, Temp: 0.0006, Energy: -52.057722+0.004085j
[2025-04-17 00:23:24] Iteration: 336/1000, Temp: 0.0006, Energy: -52.012373+0.004746j
[2025-04-17 00:23:59] Iteration: 337/1000, Temp: 0.0006, Energy: -52.074777+0.006839j
[2025-04-17 00:24:33] Iteration: 338/1000, Temp: 0.0006, Energy: -51.978059-0.006639j
[2025-04-17 00:25:08] Iteration: 339/1000, Temp: 0.0006, Energy: -51.991491+0.003494j
[2025-04-17 00:25:42] Iteration: 340/1000, Temp: 0.0006, Energy: -52.196143+0.005772j
[2025-04-17 00:26:17] Iteration: 341/1000, Temp: 0.0005, Energy: -51.966334+0.004286j
[2025-04-17 00:26:51] Iteration: 342/1000, Temp: 0.0005, Energy: -51.991230+0.004355j
[2025-04-17 00:27:26] Iteration: 343/1000, Temp: 0.0005, Energy: -51.982930-0.014302j
[2025-04-17 00:28:00] Iteration: 344/1000, Temp: 0.0005, Energy: -51.978537+0.004538j
[2025-04-17 00:28:34] Iteration: 345/1000, Temp: 0.0005, Energy: -51.972917+0.008902j
[2025-04-17 00:29:09] Iteration: 346/1000, Temp: 0.0005, Energy: -51.953224+0.000980j
[2025-04-17 00:29:43] Iteration: 347/1000, Temp: 0.0005, Energy: -52.074254-0.012272j
[2025-04-17 00:30:17] Iteration: 348/1000, Temp: 0.0005, Energy: -51.989455+0.004275j
[2025-04-17 00:30:51] Iteration: 349/1000, Temp: 0.0005, Energy: -51.831349+0.005279j
[2025-04-17 00:31:26] Iteration: 350/1000, Temp: 0.0005, Energy: -51.918022+0.005453j
[2025-04-17 00:32:00] Iteration: 351/1000, Temp: 0.0004, Energy: -51.985720-0.006871j
[2025-04-17 00:32:34] Iteration: 352/1000, Temp: 0.0004, Energy: -52.176037-0.015608j
[2025-04-17 00:33:08] Iteration: 353/1000, Temp: 0.0004, Energy: -52.142012+0.006392j
[2025-04-17 00:33:42] Iteration: 354/1000, Temp: 0.0004, Energy: -52.122602+0.010983j
[2025-04-17 00:34:17] Iteration: 355/1000, Temp: 0.0004, Energy: -52.058879+0.002415j
[2025-04-17 00:34:51] Iteration: 356/1000, Temp: 0.0004, Energy: -51.982275+0.007346j
[2025-04-17 00:35:25] Iteration: 357/1000, Temp: 0.0004, Energy: -51.973369+0.005352j
[2025-04-17 00:35:59] Iteration: 358/1000, Temp: 0.0004, Energy: -52.032092+0.008491j
[2025-04-17 00:36:33] Iteration: 359/1000, Temp: 0.0004, Energy: -52.159299+0.002456j
[2025-04-17 00:37:07] Iteration: 360/1000, Temp: 0.0004, Energy: -52.099899+0.007336j
[2025-04-17 00:37:42] Iteration: 361/1000, Temp: 0.0004, Energy: -51.953723-0.003725j
[2025-04-17 00:38:16] Iteration: 362/1000, Temp: 0.0004, Energy: -52.150436+0.003941j
[2025-04-17 00:38:50] Iteration: 363/1000, Temp: 0.0004, Energy: -52.036253+0.009329j
[2025-04-17 00:39:24] Iteration: 364/1000, Temp: 0.0003, Energy: -52.054939-0.000797j
[2025-04-17 00:39:58] Iteration: 365/1000, Temp: 0.0003, Energy: -52.173809-0.004738j
[2025-04-17 00:40:33] Iteration: 366/1000, Temp: 0.0003, Energy: -52.063582-0.006746j
[2025-04-17 00:41:07] Iteration: 367/1000, Temp: 0.0003, Energy: -51.993929+0.004083j
[2025-04-17 00:41:42] Iteration: 368/1000, Temp: 0.0003, Energy: -52.099299-0.010037j
[2025-04-17 00:42:16] Iteration: 369/1000, Temp: 0.0003, Energy: -52.227675+0.012428j
[2025-04-17 00:42:50] Iteration: 370/1000, Temp: 0.0003, Energy: -52.037831+0.003438j
[2025-04-17 00:43:25] Iteration: 371/1000, Temp: 0.0003, Energy: -51.974893-0.001989j
[2025-04-17 00:43:59] Iteration: 372/1000, Temp: 0.0003, Energy: -52.068210+0.002015j
[2025-04-17 00:44:34] Iteration: 373/1000, Temp: 0.0003, Energy: -52.054409+0.008828j
[2025-04-17 00:45:08] Iteration: 374/1000, Temp: 0.0003, Energy: -51.871617-0.003341j
[2025-04-17 00:45:42] Iteration: 375/1000, Temp: 0.0003, Energy: -52.097125+0.002175j
[2025-04-17 00:46:17] Iteration: 376/1000, Temp: 0.0003, Energy: -52.059147+0.005086j
[2025-04-17 00:46:51] Iteration: 377/1000, Temp: 0.0003, Energy: -52.001516-0.001229j
[2025-04-17 00:47:26] Iteration: 378/1000, Temp: 0.0003, Energy: -52.084279+0.003396j
[2025-04-17 00:48:00] Iteration: 379/1000, Temp: 0.0003, Energy: -52.081865-0.009022j
[2025-04-17 00:48:34] Iteration: 380/1000, Temp: 0.0003, Energy: -52.056640-0.019657j
[2025-04-17 00:49:09] Iteration: 381/1000, Temp: 0.0002, Energy: -52.117856+0.014553j
[2025-04-17 00:49:43] Iteration: 382/1000, Temp: 0.0002, Energy: -52.096143+0.002580j
[2025-04-17 00:50:18] Iteration: 383/1000, Temp: 0.0002, Energy: -52.117399-0.000501j
[2025-04-17 00:50:52] Iteration: 384/1000, Temp: 0.0002, Energy: -52.006209-0.001449j
[2025-04-17 00:51:26] Iteration: 385/1000, Temp: 0.0002, Energy: -52.182094+0.007551j
[2025-04-17 00:52:01] Iteration: 386/1000, Temp: 0.0002, Energy: -52.019471+0.006448j
[2025-04-17 00:52:35] Iteration: 387/1000, Temp: 0.0002, Energy: -52.106816+0.005185j
[2025-04-17 00:53:09] Iteration: 388/1000, Temp: 0.0002, Energy: -52.044006+0.006537j
[2025-04-17 00:53:44] Iteration: 389/1000, Temp: 0.0002, Energy: -52.057082+0.009950j
[2025-04-17 00:54:18] Iteration: 390/1000, Temp: 0.0002, Energy: -52.057414-0.001066j
[2025-04-17 00:54:53] Iteration: 391/1000, Temp: 0.0002, Energy: -52.085367+0.006491j
[2025-04-17 00:55:27] Iteration: 392/1000, Temp: 0.0002, Energy: -52.118861+0.000272j
[2025-04-17 00:56:01] Iteration: 393/1000, Temp: 0.0002, Energy: -52.070159-0.014038j
[2025-04-17 00:56:36] Iteration: 394/1000, Temp: 0.0002, Energy: -52.071575+0.000945j
[2025-04-17 00:57:10] Iteration: 395/1000, Temp: 0.0002, Energy: -51.887815-0.011275j
[2025-04-17 00:57:44] Iteration: 396/1000, Temp: 0.0002, Energy: -51.981964-0.008275j
[2025-04-17 00:58:18] Iteration: 397/1000, Temp: 0.0002, Energy: -51.867699+0.007302j
[2025-04-17 00:58:53] Iteration: 398/1000, Temp: 0.0002, Energy: -51.975315-0.005666j
[2025-04-17 00:59:27] Iteration: 399/1000, Temp: 0.0002, Energy: -51.937181+0.003238j
[2025-04-17 01:00:01] Iteration: 400/1000, Temp: 0.0002, Energy: -52.158089+0.008132j
[2025-04-17 01:00:36] Iteration: 401/1000, Temp: 0.0002, Energy: -52.105797-0.009363j
[2025-04-17 01:01:10] Iteration: 402/1000, Temp: 0.0002, Energy: -52.249170+0.000813j
[2025-04-17 01:01:44] Iteration: 403/1000, Temp: 0.0002, Energy: -52.078824+0.009004j
[2025-04-17 01:02:19] Iteration: 404/1000, Temp: 0.0002, Energy: -52.116801+0.001873j
[2025-04-17 01:02:53] Iteration: 405/1000, Temp: 0.0002, Energy: -52.112049+0.004382j
[2025-04-17 01:03:27] Iteration: 406/1000, Temp: 0.0001, Energy: -52.024026+0.003992j
[2025-04-17 01:04:02] Iteration: 407/1000, Temp: 0.0001, Energy: -52.087318+0.010790j
[2025-04-17 01:04:36] Iteration: 408/1000, Temp: 0.0001, Energy: -52.030297+0.002753j
[2025-04-17 01:05:10] Iteration: 409/1000, Temp: 0.0001, Energy: -51.913541+0.001323j
[2025-04-17 01:05:45] Iteration: 410/1000, Temp: 0.0001, Energy: -51.999791-0.009870j
[2025-04-17 01:06:19] Iteration: 411/1000, Temp: 0.0001, Energy: -51.987777+0.007246j
[2025-04-17 01:06:53] Iteration: 412/1000, Temp: 0.0001, Energy: -52.076375+0.007395j
[2025-04-17 01:07:28] Iteration: 413/1000, Temp: 0.0001, Energy: -52.136866+0.005285j
[2025-04-17 01:08:02] Iteration: 414/1000, Temp: 0.0001, Energy: -52.183910+0.003589j
[2025-04-17 01:08:37] Iteration: 415/1000, Temp: 0.0001, Energy: -52.212470-0.000077j
[2025-04-17 01:09:11] Iteration: 416/1000, Temp: 0.0001, Energy: -52.369185-0.000987j
[2025-04-17 01:09:45] Iteration: 417/1000, Temp: 0.0001, Energy: -52.266503+0.000813j
[2025-04-17 01:10:20] Iteration: 418/1000, Temp: 0.0001, Energy: -52.412689+0.002332j
[2025-04-17 01:10:54] Iteration: 419/1000, Temp: 0.0001, Energy: -52.256658-0.006389j
[2025-04-17 01:11:29] Iteration: 420/1000, Temp: 0.0001, Energy: -52.091248-0.009526j
[2025-04-17 01:12:03] Iteration: 421/1000, Temp: 0.0001, Energy: -52.174330+0.008005j
[2025-04-17 01:12:37] Iteration: 422/1000, Temp: 0.0001, Energy: -52.154219-0.002157j
[2025-04-17 01:13:12] Iteration: 423/1000, Temp: 0.0001, Energy: -52.159449+0.014053j
[2025-04-17 01:13:46] Iteration: 424/1000, Temp: 0.0001, Energy: -52.074598-0.004063j
[2025-04-17 01:14:21] Iteration: 425/1000, Temp: 0.0001, Energy: -52.107076-0.005184j
[2025-04-17 01:14:55] Iteration: 426/1000, Temp: 0.0001, Energy: -51.955232+0.008393j
[2025-04-17 01:15:29] Iteration: 427/1000, Temp: 0.0001, Energy: -51.848805+0.005045j
[2025-04-17 01:16:04] Iteration: 428/1000, Temp: 0.0001, Energy: -51.892631-0.001651j
[2025-04-17 01:16:38] Iteration: 429/1000, Temp: 0.0001, Energy: -51.963644-0.006848j
[2025-04-17 01:17:13] Iteration: 430/1000, Temp: 0.0001, Energy: -52.008514-0.000195j
[2025-04-17 01:17:47] Iteration: 431/1000, Temp: 0.0001, Energy: -51.966749-0.000555j
[2025-04-17 01:18:21] Iteration: 432/1000, Temp: 0.0001, Energy: -52.033603-0.006716j
[2025-04-17 01:18:56] Iteration: 433/1000, Temp: 0.0001, Energy: -52.134933-0.012710j
[2025-04-17 01:19:30] Iteration: 434/1000, Temp: 0.0001, Energy: -52.113861+0.000612j
[2025-04-17 01:20:04] Iteration: 435/1000, Temp: 0.0001, Energy: -51.934611-0.000209j
[2025-04-17 01:20:39] Iteration: 436/1000, Temp: 0.0001, Energy: -51.956157-0.001283j
[2025-04-17 01:21:13] Iteration: 437/1000, Temp: 0.0001, Energy: -51.946059+0.005838j
[2025-04-17 01:21:48] Iteration: 438/1000, Temp: 0.0001, Energy: -51.889539+0.000940j
[2025-04-17 01:22:22] Iteration: 439/1000, Temp: 0.0001, Energy: -51.922332+0.006633j
[2025-04-17 01:22:57] Iteration: 440/1000, Temp: 0.0001, Energy: -52.015916+0.005290j
[2025-04-17 01:23:31] Iteration: 441/1000, Temp: 0.0001, Energy: -52.136310-0.011128j
[2025-04-17 01:24:05] Iteration: 442/1000, Temp: 0.0001, Energy: -51.989538-0.002691j
[2025-04-17 01:24:40] Iteration: 443/1000, Temp: 0.0001, Energy: -51.933677+0.000014j
[2025-04-17 01:25:14] Iteration: 444/1000, Temp: 0.0001, Energy: -51.960301+0.000003j
[2025-04-17 01:25:48] Iteration: 445/1000, Temp: 0.0001, Energy: -52.141451+0.001186j
[2025-04-17 01:26:22] Iteration: 446/1000, Temp: 0.0001, Energy: -52.161571-0.004547j
[2025-04-17 01:26:56] Iteration: 447/1000, Temp: 0.0001, Energy: -52.087341+0.004597j
[2025-04-17 01:27:30] Iteration: 448/1000, Temp: 0.0001, Energy: -52.195182+0.000836j
[2025-04-17 01:28:05] Iteration: 449/1000, Temp: 0.0001, Energy: -52.123497+0.001912j
[2025-04-17 01:28:39] Iteration: 450/1000, Temp: 0.0001, Energy: -52.011582-0.004106j
[2025-04-17 01:29:13] Iteration: 451/1000, Temp: 0.0001, Energy: -52.086519+0.000062j
[2025-04-17 01:29:47] Iteration: 452/1000, Temp: 0.0001, Energy: -52.102945-0.003188j
[2025-04-17 01:30:21] Iteration: 453/1000, Temp: 0.0001, Energy: -52.089381-0.002084j
[2025-04-17 01:30:56] Iteration: 454/1000, Temp: 0.0001, Energy: -52.011644-0.004869j
[2025-04-17 01:31:30] Iteration: 455/1000, Temp: 0.0001, Energy: -52.108133+0.014095j
[2025-04-17 01:32:04] Iteration: 456/1000, Temp: 0.0001, Energy: -52.091081+0.006472j
[2025-04-17 01:32:38] Iteration: 457/1000, Temp: 0.0001, Energy: -52.087598+0.010261j
[2025-04-17 01:33:12] Iteration: 458/1000, Temp: 0.0001, Energy: -52.022654-0.001807j
[2025-04-17 01:33:47] Iteration: 459/1000, Temp: 0.0001, Energy: -52.016324+0.002757j
[2025-04-17 01:34:21] Iteration: 460/1000, Temp: 0.0001, Energy: -52.096789+0.008315j
[2025-04-17 01:34:55] Iteration: 461/1000, Temp: 0.0000, Energy: -52.194992+0.003094j
[2025-04-17 01:35:29] Iteration: 462/1000, Temp: 0.0000, Energy: -52.146191-0.016592j
[2025-04-17 01:36:03] Iteration: 463/1000, Temp: 0.0000, Energy: -52.136151+0.006779j
[2025-04-17 01:36:37] Iteration: 464/1000, Temp: 0.0000, Energy: -52.155892+0.005664j
[2025-04-17 01:37:12] Iteration: 465/1000, Temp: 0.0000, Energy: -52.131269+0.006622j
[2025-04-17 01:37:46] Iteration: 466/1000, Temp: 0.0000, Energy: -52.093624-0.006824j
[2025-04-17 01:38:20] Iteration: 467/1000, Temp: 0.0000, Energy: -51.973851-0.002039j
[2025-04-17 01:38:54] Iteration: 468/1000, Temp: 0.0000, Energy: -52.037101-0.001105j
[2025-04-17 01:39:28] Iteration: 469/1000, Temp: 0.0000, Energy: -52.016921-0.003202j
[2025-04-17 01:40:03] Iteration: 470/1000, Temp: 0.0000, Energy: -52.181625+0.003961j
[2025-04-17 01:40:37] Iteration: 471/1000, Temp: 0.0000, Energy: -52.036677+0.023144j
[2025-04-17 01:41:11] Iteration: 472/1000, Temp: 0.0000, Energy: -52.030156+0.007851j
[2025-04-17 01:41:46] Iteration: 473/1000, Temp: 0.0000, Energy: -52.042746+0.001644j
[2025-04-17 01:42:20] Iteration: 474/1000, Temp: 0.0000, Energy: -52.138351+0.000101j
[2025-04-17 01:42:54] Iteration: 475/1000, Temp: 0.0000, Energy: -52.032388-0.007681j
[2025-04-17 01:43:29] Iteration: 476/1000, Temp: 0.0000, Energy: -52.068650+0.000738j
[2025-04-17 01:44:03] Iteration: 477/1000, Temp: 0.0000, Energy: -51.933367-0.012579j
[2025-04-17 01:44:38] Iteration: 478/1000, Temp: 0.0000, Energy: -52.052036+0.005982j
[2025-04-17 01:45:12] Iteration: 479/1000, Temp: 0.0000, Energy: -52.038571-0.005183j
[2025-04-17 01:45:47] Iteration: 480/1000, Temp: 0.0000, Energy: -51.929237+0.010587j
[2025-04-17 01:46:21] Iteration: 481/1000, Temp: 0.0000, Energy: -51.957241-0.008200j
[2025-04-17 01:46:55] Iteration: 482/1000, Temp: 0.0000, Energy: -51.958282+0.001869j
[2025-04-17 01:47:30] Iteration: 483/1000, Temp: 0.0000, Energy: -51.973707-0.005251j
[2025-04-17 01:48:04] Iteration: 484/1000, Temp: 0.0000, Energy: -52.004663-0.011527j
[2025-04-17 01:48:38] Iteration: 485/1000, Temp: 0.0000, Energy: -52.097462+0.004174j
[2025-04-17 01:49:13] Iteration: 486/1000, Temp: 0.0000, Energy: -52.051430-0.000542j
[2025-04-17 01:49:47] Iteration: 487/1000, Temp: 0.0000, Energy: -52.110344-0.006881j
[2025-04-17 01:50:21] Iteration: 488/1000, Temp: 0.0000, Energy: -52.140903+0.010305j
[2025-04-17 01:50:56] Iteration: 489/1000, Temp: 0.0000, Energy: -52.059391-0.018914j
[2025-04-17 01:51:30] Iteration: 490/1000, Temp: 0.0000, Energy: -52.088137-0.016768j
[2025-04-17 01:52:04] Iteration: 491/1000, Temp: 0.0000, Energy: -52.065301-0.010982j
[2025-04-17 01:52:38] Iteration: 492/1000, Temp: 0.0000, Energy: -52.074571-0.002244j
[2025-04-17 01:53:13] Iteration: 493/1000, Temp: 0.0000, Energy: -52.079413-0.003864j
[2025-04-17 01:53:47] Iteration: 494/1000, Temp: 0.0000, Energy: -51.960314-0.005437j
[2025-04-17 01:54:21] Iteration: 495/1000, Temp: 0.0000, Energy: -52.044663+0.002387j
[2025-04-17 01:54:55] Iteration: 496/1000, Temp: 0.0000, Energy: -52.049206-0.006173j
[2025-04-17 01:55:29] Iteration: 497/1000, Temp: 0.0000, Energy: -52.072472+0.010452j
[2025-04-17 01:56:03] Iteration: 498/1000, Temp: 0.0000, Energy: -51.841082-0.007811j
[2025-04-17 01:56:38] Iteration: 499/1000, Temp: 0.0000, Energy: -52.079520-0.002824j
[2025-04-17 01:57:12] Iteration: 500/1000, Temp: 0.0000, Energy: -52.034260+0.000213j
[2025-04-17 01:57:46] Iteration: 501/1000, Temp: 0.0000, Energy: -52.066259-0.008580j
[2025-04-17 01:58:21] Iteration: 502/1000, Temp: 0.0000, Energy: -52.042386+0.002400j
[2025-04-17 01:58:55] Iteration: 503/1000, Temp: 0.0000, Energy: -52.031531-0.003164j
[2025-04-17 01:59:29] Iteration: 504/1000, Temp: 0.0000, Energy: -51.972779+0.008423j
[2025-04-17 02:00:04] Iteration: 505/1000, Temp: 0.0000, Energy: -51.974627+0.007488j
[2025-04-17 02:00:38] Iteration: 506/1000, Temp: 0.0000, Energy: -52.000650-0.009285j
[2025-04-17 02:01:13] Iteration: 507/1000, Temp: 0.0000, Energy: -51.968046-0.000501j
[2025-04-17 02:01:47] Iteration: 508/1000, Temp: 0.0000, Energy: -51.953453+0.003629j
[2025-04-17 02:02:21] Iteration: 509/1000, Temp: 0.0000, Energy: -52.019767-0.013203j
[2025-04-17 02:02:56] Iteration: 510/1000, Temp: 0.0000, Energy: -51.997476-0.013596j
[2025-04-17 02:03:30] Iteration: 511/1000, Temp: 0.0000, Energy: -51.954723-0.010131j
[2025-04-17 02:04:05] Iteration: 512/1000, Temp: 0.0000, Energy: -52.101067-0.002956j
[2025-04-17 02:04:39] Iteration: 513/1000, Temp: 0.0000, Energy: -52.162950-0.005340j
[2025-04-17 02:05:13] Iteration: 514/1000, Temp: 0.0000, Energy: -52.217411-0.012922j
[2025-04-17 02:05:48] Iteration: 515/1000, Temp: 0.0000, Energy: -52.086091-0.002110j
[2025-04-17 02:06:22] Iteration: 516/1000, Temp: 0.0000, Energy: -52.139115+0.004645j
[2025-04-17 02:06:57] Iteration: 517/1000, Temp: 0.0000, Energy: -52.062757+0.004678j
[2025-04-17 02:07:31] Iteration: 518/1000, Temp: 0.0000, Energy: -52.024187+0.015763j
[2025-04-17 02:08:05] Iteration: 519/1000, Temp: 0.0000, Energy: -52.009960+0.002845j
[2025-04-17 02:08:40] Iteration: 520/1000, Temp: 0.0000, Energy: -51.953711+0.000661j
[2025-04-17 02:09:14] Iteration: 521/1000, Temp: 0.0000, Energy: -51.960209+0.001582j
[2025-04-17 02:09:48] Iteration: 522/1000, Temp: 0.0000, Energy: -51.958386-0.003291j
[2025-04-17 02:10:22] Iteration: 523/1000, Temp: 0.0000, Energy: -51.890057+0.010871j
[2025-04-17 02:10:57] Iteration: 524/1000, Temp: 0.0000, Energy: -52.020073-0.000260j
[2025-04-17 02:11:31] Iteration: 525/1000, Temp: 0.0000, Energy: -51.910459+0.004810j
[2025-04-17 02:12:05] Iteration: 526/1000, Temp: 0.0000, Energy: -51.959004+0.006358j
[2025-04-17 02:12:39] Iteration: 527/1000, Temp: 0.0000, Energy: -51.964544-0.007446j
[2025-04-17 02:13:13] Iteration: 528/1000, Temp: 0.0000, Energy: -52.014310-0.011251j
[2025-04-17 02:13:48] Iteration: 529/1000, Temp: 0.0000, Energy: -52.010723+0.007145j
[2025-04-17 02:14:22] Iteration: 530/1000, Temp: 0.0000, Energy: -52.054320-0.005961j
[2025-04-17 02:14:56] Iteration: 531/1000, Temp: 0.0000, Energy: -52.121638-0.010533j
[2025-04-17 02:15:30] Iteration: 532/1000, Temp: 0.0000, Energy: -52.095510-0.009591j
[2025-04-17 02:16:04] Iteration: 533/1000, Temp: 0.0000, Energy: -52.117987-0.006194j
[2025-04-17 02:16:39] Iteration: 534/1000, Temp: 0.0000, Energy: -52.112394-0.006446j
[2025-04-17 02:17:13] Iteration: 535/1000, Temp: 0.0000, Energy: -51.892282+0.008795j
[2025-04-17 02:17:47] Iteration: 536/1000, Temp: 0.0000, Energy: -51.903861-0.008209j
[2025-04-17 02:18:21] Iteration: 537/1000, Temp: 0.0000, Energy: -51.915839-0.005586j
[2025-04-17 02:18:55] Iteration: 538/1000, Temp: 0.0000, Energy: -52.017149+0.006491j
[2025-04-17 02:19:30] Iteration: 539/1000, Temp: 0.0000, Energy: -51.967200-0.003815j
[2025-04-17 02:20:04] Iteration: 540/1000, Temp: 0.0000, Energy: -51.979040+0.000323j
[2025-04-17 02:20:38] Iteration: 541/1000, Temp: 0.0000, Energy: -52.069105+0.001761j
[2025-04-17 02:21:12] Iteration: 542/1000, Temp: 0.0000, Energy: -52.178668-0.014128j
[2025-04-17 02:21:46] Iteration: 543/1000, Temp: 0.0000, Energy: -52.086855+0.005759j
[2025-04-17 02:22:21] Iteration: 544/1000, Temp: 0.0000, Energy: -52.119207+0.012333j
[2025-04-17 02:22:55] Iteration: 545/1000, Temp: 0.0000, Energy: -52.113025-0.001154j
[2025-04-17 02:23:29] Iteration: 546/1000, Temp: 0.0000, Energy: -52.040421+0.000089j
[2025-04-17 02:24:03] Iteration: 547/1000, Temp: 0.0000, Energy: -52.012116+0.004129j
[2025-04-17 02:24:38] Iteration: 548/1000, Temp: 0.0000, Energy: -51.999564-0.002399j
[2025-04-17 02:25:12] Iteration: 549/1000, Temp: 0.0000, Energy: -52.123443-0.003471j
[2025-04-17 02:25:47] Iteration: 550/1000, Temp: 0.0000, Energy: -52.052544-0.002123j
[2025-04-17 02:26:21] Iteration: 551/1000, Temp: 0.0000, Energy: -52.059943-0.002718j
[2025-04-17 02:26:55] Iteration: 552/1000, Temp: 0.0000, Energy: -52.036182+0.005229j
[2025-04-17 02:27:30] Iteration: 553/1000, Temp: 0.0000, Energy: -52.202396-0.004780j
[2025-04-17 02:28:04] Iteration: 554/1000, Temp: 0.0000, Energy: -52.114235-0.007085j
[2025-04-17 02:28:38] Iteration: 555/1000, Temp: 0.0000, Energy: -52.117714+0.007478j
[2025-04-17 02:29:12] Iteration: 556/1000, Temp: 0.0000, Energy: -52.073084+0.004248j
[2025-04-17 02:29:47] Iteration: 557/1000, Temp: 0.0000, Energy: -52.093677+0.000115j
[2025-04-17 02:30:21] Iteration: 558/1000, Temp: 0.0000, Energy: -52.062883+0.005473j
[2025-04-17 02:30:55] Iteration: 559/1000, Temp: 0.0000, Energy: -52.009500+0.007562j
[2025-04-17 02:31:29] Iteration: 560/1000, Temp: 0.0000, Energy: -52.002589-0.002987j
[2025-04-17 02:32:03] Iteration: 561/1000, Temp: 0.0000, Energy: -51.988325+0.009802j
[2025-04-17 02:32:38] Iteration: 562/1000, Temp: 0.0000, Energy: -52.037923-0.001803j
[2025-04-17 02:33:12] Iteration: 563/1000, Temp: 0.0000, Energy: -52.018213-0.010009j
[2025-04-17 02:33:46] Iteration: 564/1000, Temp: 0.0000, Energy: -52.148145+0.012557j
[2025-04-17 02:34:21] Iteration: 565/1000, Temp: 0.0000, Energy: -52.118486+0.011789j
[2025-04-17 02:34:55] Iteration: 566/1000, Temp: 0.0000, Energy: -52.062035+0.005823j
[2025-04-17 02:35:30] Iteration: 567/1000, Temp: 0.0000, Energy: -52.130115-0.004615j
[2025-04-17 02:36:04] Iteration: 568/1000, Temp: 0.0000, Energy: -52.083695-0.000699j
[2025-04-17 02:36:38] Iteration: 569/1000, Temp: 0.0000, Energy: -52.099691+0.002577j
[2025-04-17 02:37:12] Iteration: 570/1000, Temp: 0.0000, Energy: -52.076672-0.014071j
[2025-04-17 02:37:46] Iteration: 571/1000, Temp: 0.0000, Energy: -52.034794+0.006959j
[2025-04-17 02:38:21] Iteration: 572/1000, Temp: 0.0000, Energy: -51.929641+0.009969j
[2025-04-17 02:38:55] Iteration: 573/1000, Temp: 0.0000, Energy: -51.974955-0.005466j
[2025-04-17 02:39:29] Iteration: 574/1000, Temp: 0.0000, Energy: -51.898164-0.003821j
[2025-04-17 02:40:04] Iteration: 575/1000, Temp: 0.0000, Energy: -51.941260-0.010643j
[2025-04-17 02:40:38] Iteration: 576/1000, Temp: 0.0000, Energy: -51.931615+0.014185j
[2025-04-17 02:41:12] Iteration: 577/1000, Temp: 0.0000, Energy: -51.934359+0.010907j
[2025-04-17 02:41:47] Iteration: 578/1000, Temp: 0.0000, Energy: -52.015385-0.001064j
[2025-04-17 02:42:21] Iteration: 579/1000, Temp: 0.0000, Energy: -52.151830-0.005389j
[2025-04-17 02:42:55] Iteration: 580/1000, Temp: 0.0000, Energy: -52.124564+0.000447j
[2025-04-17 02:43:30] Iteration: 581/1000, Temp: 0.0000, Energy: -52.140358-0.004577j
[2025-04-17 02:44:04] Iteration: 582/1000, Temp: 0.0000, Energy: -52.106839+0.003559j
[2025-04-17 02:44:38] Iteration: 583/1000, Temp: 0.0000, Energy: -51.964885+0.004389j
[2025-04-17 02:45:12] Iteration: 584/1000, Temp: 0.0000, Energy: -52.109005-0.008230j
[2025-04-17 02:45:46] Iteration: 585/1000, Temp: 0.0000, Energy: -52.015543-0.003334j
[2025-04-17 02:46:20] Iteration: 586/1000, Temp: 0.0000, Energy: -52.162149+0.005292j
[2025-04-17 02:46:55] Iteration: 587/1000, Temp: 0.0000, Energy: -52.136102+0.012308j
[2025-04-17 02:47:29] Iteration: 588/1000, Temp: 0.0000, Energy: -51.996451+0.003888j
[2025-04-17 02:48:03] Iteration: 589/1000, Temp: 0.0000, Energy: -51.984191+0.005989j
[2025-04-17 02:48:38] Iteration: 590/1000, Temp: 0.0000, Energy: -52.118877+0.002163j
[2025-04-17 02:49:12] Iteration: 591/1000, Temp: 0.0000, Energy: -51.950602-0.003249j
[2025-04-17 02:49:46] Iteration: 592/1000, Temp: 0.0000, Energy: -52.009665-0.004957j
[2025-04-17 02:50:21] Iteration: 593/1000, Temp: 0.0000, Energy: -52.070227-0.000233j
[2025-04-17 02:50:55] Iteration: 594/1000, Temp: 0.0000, Energy: -52.209624+0.000269j
[2025-04-17 02:51:30] Iteration: 595/1000, Temp: 0.0000, Energy: -52.063777-0.007103j
[2025-04-17 02:52:04] Iteration: 596/1000, Temp: 0.0000, Energy: -52.166217-0.004731j
[2025-04-17 02:52:39] Iteration: 597/1000, Temp: 0.0000, Energy: -52.153213-0.005447j
[2025-04-17 02:53:13] Iteration: 598/1000, Temp: 0.0000, Energy: -52.035411-0.003595j
[2025-04-17 02:53:47] Iteration: 599/1000, Temp: 0.0000, Energy: -51.945589+0.003862j
[2025-04-17 02:54:22] Iteration: 600/1000, Temp: 0.0000, Energy: -51.957123-0.003589j
[2025-04-17 02:54:56] Iteration: 601/1000, Temp: 0.0000, Energy: -51.884146-0.008836j
[2025-04-17 02:55:31] Iteration: 602/1000, Temp: 0.0000, Energy: -52.078140+0.008239j
[2025-04-17 02:56:05] Iteration: 603/1000, Temp: 0.0000, Energy: -51.885313+0.009667j
[2025-04-17 02:56:40] Iteration: 604/1000, Temp: 0.0000, Energy: -51.875373-0.003187j
[2025-04-17 02:57:14] Iteration: 605/1000, Temp: 0.0000, Energy: -51.930323-0.003924j
[2025-04-17 02:57:48] Iteration: 606/1000, Temp: 0.0000, Energy: -52.016077-0.003537j
[2025-04-17 02:58:23] Iteration: 607/1000, Temp: 0.0000, Energy: -52.012078+0.000436j
[2025-04-17 02:58:57] Iteration: 608/1000, Temp: 0.0000, Energy: -51.994075-0.006880j
[2025-04-17 02:59:32] Iteration: 609/1000, Temp: 0.0000, Energy: -51.985035+0.006811j
[2025-04-17 03:00:06] Iteration: 610/1000, Temp: 0.0000, Energy: -52.088532-0.006500j
[2025-04-17 03:00:41] Iteration: 611/1000, Temp: 0.0000, Energy: -52.076432+0.000136j
[2025-04-17 03:01:15] Iteration: 612/1000, Temp: 0.0000, Energy: -52.005357+0.004690j
[2025-04-17 03:01:49] Iteration: 613/1000, Temp: 0.0000, Energy: -51.953711-0.008993j
[2025-04-17 03:02:24] Iteration: 614/1000, Temp: 0.0000, Energy: -51.995504+0.007083j
[2025-04-17 03:02:58] Iteration: 615/1000, Temp: 0.0000, Energy: -51.978840+0.010087j
[2025-04-17 03:03:33] Iteration: 616/1000, Temp: 0.0000, Energy: -52.029620-0.003600j
[2025-04-17 03:04:07] Iteration: 617/1000, Temp: 0.0000, Energy: -51.963708+0.017710j
[2025-04-17 03:04:42] Iteration: 618/1000, Temp: 0.0000, Energy: -52.072677-0.015242j
[2025-04-17 03:05:16] Iteration: 619/1000, Temp: 0.0000, Energy: -52.100425-0.005841j
[2025-04-17 03:05:50] Iteration: 620/1000, Temp: 0.0000, Energy: -52.065146+0.003323j
[2025-04-17 03:06:25] Iteration: 621/1000, Temp: 0.0000, Energy: -52.043476-0.000116j
[2025-04-17 03:06:59] Iteration: 622/1000, Temp: 0.0000, Energy: -52.037463+0.011158j
[2025-04-17 03:07:33] Iteration: 623/1000, Temp: 0.0000, Energy: -52.083354-0.003149j
[2025-04-17 03:08:08] Iteration: 624/1000, Temp: 0.0000, Energy: -52.094098+0.000368j
[2025-04-17 03:08:42] Iteration: 625/1000, Temp: 0.0000, Energy: -51.973617+0.002126j
[2025-04-17 03:09:16] Iteration: 626/1000, Temp: 0.0000, Energy: -52.062326+0.012967j
[2025-04-17 03:09:50] Iteration: 627/1000, Temp: 0.0000, Energy: -52.229948+0.001493j
[2025-04-17 03:10:25] Iteration: 628/1000, Temp: 0.0000, Energy: -52.190023-0.008323j
[2025-04-17 03:10:59] Iteration: 629/1000, Temp: 0.0000, Energy: -52.131713+0.000689j
[2025-04-17 03:11:33] Iteration: 630/1000, Temp: 0.0000, Energy: -52.028328+0.006998j
[2025-04-17 03:12:08] Iteration: 631/1000, Temp: 0.0000, Energy: -52.015123+0.003504j
[2025-04-17 03:12:42] Iteration: 632/1000, Temp: 0.0000, Energy: -52.004763+0.003234j
[2025-04-17 03:13:17] Iteration: 633/1000, Temp: 0.0000, Energy: -52.062336+0.000620j
[2025-04-17 03:13:51] Iteration: 634/1000, Temp: 0.0000, Energy: -51.999439+0.001518j
[2025-04-17 03:14:26] Iteration: 635/1000, Temp: 0.0000, Energy: -52.112203+0.010214j
[2025-04-17 03:15:00] Iteration: 636/1000, Temp: 0.0000, Energy: -52.143155+0.003865j
[2025-04-17 03:15:34] Iteration: 637/1000, Temp: 0.0000, Energy: -52.107528+0.003851j
[2025-04-17 03:16:09] Iteration: 638/1000, Temp: 0.0000, Energy: -52.007825-0.001088j
[2025-04-17 03:16:43] Iteration: 639/1000, Temp: 0.0000, Energy: -52.049039-0.007956j
[2025-04-17 03:17:18] Iteration: 640/1000, Temp: 0.0000, Energy: -52.030186+0.002691j
[2025-04-17 03:17:52] Iteration: 641/1000, Temp: 0.0000, Energy: -52.182059+0.000950j
[2025-04-17 03:18:26] Iteration: 642/1000, Temp: 0.0000, Energy: -52.122308-0.001635j
[2025-04-17 03:19:01] Iteration: 643/1000, Temp: 0.0000, Energy: -51.921932+0.000997j
[2025-04-17 03:19:35] Iteration: 644/1000, Temp: 0.0000, Energy: -52.009241-0.006594j
[2025-04-17 03:20:10] Iteration: 645/1000, Temp: 0.0000, Energy: -52.106046+0.001487j
[2025-04-17 03:20:44] Iteration: 646/1000, Temp: 0.0000, Energy: -52.027509+0.003003j
[2025-04-17 03:21:18] Iteration: 647/1000, Temp: 0.0000, Energy: -52.238823+0.003958j
[2025-04-17 03:21:53] Iteration: 648/1000, Temp: 0.0000, Energy: -52.236644+0.007826j
[2025-04-17 03:22:27] Iteration: 649/1000, Temp: 0.0000, Energy: -52.207525-0.000346j
[2025-04-17 03:23:02] Iteration: 650/1000, Temp: 0.0000, Energy: -52.098538-0.009844j
[2025-04-17 03:23:36] Iteration: 651/1000, Temp: 0.0000, Energy: -52.226255+0.009236j
[2025-04-17 03:24:10] Iteration: 652/1000, Temp: 0.0000, Energy: -52.261689+0.002360j
[2025-04-17 03:24:45] Iteration: 653/1000, Temp: 0.0000, Energy: -52.166352-0.017042j
[2025-04-17 03:25:19] Iteration: 654/1000, Temp: 0.0000, Energy: -52.279461-0.003431j
[2025-04-17 03:25:54] Iteration: 655/1000, Temp: 0.0000, Energy: -52.221508-0.002021j
[2025-04-17 03:26:28] Iteration: 656/1000, Temp: 0.0000, Energy: -52.140664-0.004869j
[2025-04-17 03:27:03] Iteration: 657/1000, Temp: 0.0000, Energy: -52.255153-0.007053j
[2025-04-17 03:27:37] Iteration: 658/1000, Temp: 0.0000, Energy: -52.288373+0.000093j
[2025-04-17 03:28:11] Iteration: 659/1000, Temp: 0.0000, Energy: -52.184786-0.003336j
[2025-04-17 03:28:46] Iteration: 660/1000, Temp: 0.0000, Energy: -52.101391-0.003903j
[2025-04-17 03:29:20] Iteration: 661/1000, Temp: 0.0000, Energy: -52.170153-0.000534j
[2025-04-17 03:29:54] Iteration: 662/1000, Temp: 0.0000, Energy: -52.217131-0.008060j
[2025-04-17 03:30:29] Iteration: 663/1000, Temp: 0.0000, Energy: -52.173851+0.011128j
[2025-04-17 03:31:03] Iteration: 664/1000, Temp: 0.0000, Energy: -52.133210+0.008925j
[2025-04-17 03:31:38] Iteration: 665/1000, Temp: 0.0000, Energy: -52.240577+0.005458j
[2025-04-17 03:32:12] Iteration: 666/1000, Temp: 0.0000, Energy: -52.211459+0.002001j
[2025-04-17 03:32:46] Iteration: 667/1000, Temp: 0.0000, Energy: -52.227367-0.000053j
[2025-04-17 03:33:21] Iteration: 668/1000, Temp: 0.0000, Energy: -52.123780-0.007173j
[2025-04-17 03:33:55] Iteration: 669/1000, Temp: 0.0000, Energy: -52.031206+0.000437j
[2025-04-17 03:34:30] Iteration: 670/1000, Temp: 0.0000, Energy: -52.068575-0.012841j
[2025-04-17 03:35:04] Iteration: 671/1000, Temp: 0.0000, Energy: -52.025341-0.012450j
[2025-04-17 03:35:38] Iteration: 672/1000, Temp: 0.0000, Energy: -52.037877+0.008160j
[2025-04-17 03:36:12] Iteration: 673/1000, Temp: 0.0000, Energy: -52.012438+0.011461j
[2025-04-17 03:36:47] Iteration: 674/1000, Temp: 0.0000, Energy: -52.187813+0.009570j
[2025-04-17 03:37:21] Iteration: 675/1000, Temp: 0.0000, Energy: -52.133897+0.009091j
[2025-04-17 03:37:55] Iteration: 676/1000, Temp: 0.0000, Energy: -52.082859+0.005027j
[2025-04-17 03:38:29] Iteration: 677/1000, Temp: 0.0000, Energy: -52.006905+0.007653j
[2025-04-17 03:39:03] Iteration: 678/1000, Temp: 0.0000, Energy: -51.919295+0.011425j
[2025-04-17 03:39:37] Iteration: 679/1000, Temp: 0.0000, Energy: -51.914304-0.012321j
[2025-04-17 03:40:12] Iteration: 680/1000, Temp: 0.0000, Energy: -52.056705-0.004715j
[2025-04-17 03:40:46] Iteration: 681/1000, Temp: 0.0000, Energy: -52.125981-0.002985j
[2025-04-17 03:41:20] Iteration: 682/1000, Temp: 0.0000, Energy: -52.030194+0.001645j
[2025-04-17 03:41:54] Iteration: 683/1000, Temp: 0.0000, Energy: -52.125907-0.009262j
[2025-04-17 03:42:28] Iteration: 684/1000, Temp: 0.0000, Energy: -52.094850+0.000822j
[2025-04-17 03:43:03] Iteration: 685/1000, Temp: 0.0000, Energy: -52.102566+0.005621j
[2025-04-17 03:43:37] Iteration: 686/1000, Temp: 0.0000, Energy: -51.942554-0.004947j
[2025-04-17 03:44:11] Iteration: 687/1000, Temp: 0.0000, Energy: -51.951348+0.001769j
[2025-04-17 03:44:45] Iteration: 688/1000, Temp: 0.0000, Energy: -52.093197+0.009717j
[2025-04-17 03:45:19] Iteration: 689/1000, Temp: 0.0000, Energy: -52.259289-0.003413j
[2025-04-17 03:45:54] Iteration: 690/1000, Temp: 0.0000, Energy: -52.080253+0.002635j
[2025-04-17 03:46:28] Iteration: 691/1000, Temp: 0.0000, Energy: -52.214255+0.008520j
[2025-04-17 03:47:02] Iteration: 692/1000, Temp: 0.0000, Energy: -52.110539+0.003503j
[2025-04-17 03:47:36] Iteration: 693/1000, Temp: 0.0000, Energy: -52.072997-0.002709j
[2025-04-17 03:48:10] Iteration: 694/1000, Temp: 0.0000, Energy: -51.997236-0.002552j
[2025-04-17 03:48:45] Iteration: 695/1000, Temp: 0.0000, Energy: -52.017760+0.000234j
[2025-04-17 03:49:19] Iteration: 696/1000, Temp: 0.0000, Energy: -51.985366-0.007857j
[2025-04-17 03:49:53] Iteration: 697/1000, Temp: 0.0000, Energy: -52.118660+0.001417j
[2025-04-17 03:50:27] Iteration: 698/1000, Temp: 0.0000, Energy: -52.083938+0.006502j
[2025-04-17 03:51:01] Iteration: 699/1000, Temp: 0.0000, Energy: -52.075938-0.011628j
[2025-04-17 03:51:36] Iteration: 700/1000, Temp: 0.0000, Energy: -52.165287+0.001212j
[2025-04-17 03:52:10] Iteration: 701/1000, Temp: 0.0000, Energy: -52.144966-0.000303j
[2025-04-17 03:52:44] Iteration: 702/1000, Temp: 0.0000, Energy: -52.119663-0.000404j
[2025-04-17 03:53:18] Iteration: 703/1000, Temp: 0.0000, Energy: -51.931920+0.003298j
[2025-04-17 03:53:52] Iteration: 704/1000, Temp: 0.0000, Energy: -52.042771+0.002975j
[2025-04-17 03:54:27] Iteration: 705/1000, Temp: 0.0000, Energy: -52.038237-0.003313j
[2025-04-17 03:55:01] Iteration: 706/1000, Temp: 0.0000, Energy: -52.047823-0.009228j
[2025-04-17 03:55:36] Iteration: 707/1000, Temp: 0.0000, Energy: -52.113606+0.008326j
[2025-04-17 03:56:10] Iteration: 708/1000, Temp: 0.0000, Energy: -52.104260+0.001919j
[2025-04-17 03:56:44] Iteration: 709/1000, Temp: 0.0000, Energy: -52.267490+0.000201j
[2025-04-17 03:57:19] Iteration: 710/1000, Temp: 0.0000, Energy: -52.228740+0.003050j
[2025-04-17 03:57:53] Iteration: 711/1000, Temp: 0.0000, Energy: -52.112851-0.001042j
[2025-04-17 03:58:28] Iteration: 712/1000, Temp: 0.0000, Energy: -52.160036-0.003447j
[2025-04-17 03:59:02] Iteration: 713/1000, Temp: 0.0000, Energy: -52.150701+0.003501j
[2025-04-17 03:59:36] Iteration: 714/1000, Temp: 0.0000, Energy: -52.150890-0.006185j
[2025-04-17 04:00:11] Iteration: 715/1000, Temp: 0.0000, Energy: -52.141707+0.011120j
[2025-04-17 04:00:45] Iteration: 716/1000, Temp: 0.0000, Energy: -52.163774-0.004727j
[2025-04-17 04:01:20] Iteration: 717/1000, Temp: 0.0000, Energy: -52.008321-0.004906j
[2025-04-17 04:01:54] Iteration: 718/1000, Temp: 0.0000, Energy: -52.054728+0.008642j
[2025-04-17 04:02:28] Iteration: 719/1000, Temp: 0.0000, Energy: -52.050028+0.006750j
[2025-04-17 04:03:02] Iteration: 720/1000, Temp: 0.0000, Energy: -52.132892+0.008766j
[2025-04-17 04:03:36] Iteration: 721/1000, Temp: 0.0000, Energy: -52.151136-0.001382j
[2025-04-17 04:04:11] Iteration: 722/1000, Temp: 0.0000, Energy: -52.243550-0.013841j
[2025-04-17 04:04:45] Iteration: 723/1000, Temp: 0.0000, Energy: -52.220413+0.002973j
[2025-04-17 04:05:19] Iteration: 724/1000, Temp: 0.0000, Energy: -52.095793-0.007184j
[2025-04-17 04:05:53] Iteration: 725/1000, Temp: 0.0000, Energy: -52.180151-0.006777j
[2025-04-17 04:06:27] Iteration: 726/1000, Temp: 0.0000, Energy: -52.176307-0.004958j
[2025-04-17 04:07:02] Iteration: 727/1000, Temp: 0.0000, Energy: -52.094920-0.001939j
[2025-04-17 04:07:36] Iteration: 728/1000, Temp: 0.0000, Energy: -52.091121+0.003084j
[2025-04-17 04:08:10] Iteration: 729/1000, Temp: 0.0000, Energy: -52.240981+0.008328j
[2025-04-17 04:08:44] Iteration: 730/1000, Temp: 0.0000, Energy: -52.160576-0.000530j
[2025-04-17 04:09:19] Iteration: 731/1000, Temp: 0.0000, Energy: -52.043599+0.000514j
[2025-04-17 04:09:53] Iteration: 732/1000, Temp: 0.0000, Energy: -51.960224+0.003617j
[2025-04-17 04:10:28] Iteration: 733/1000, Temp: 0.0000, Energy: -52.018448+0.006401j
[2025-04-17 04:11:02] Iteration: 734/1000, Temp: 0.0000, Energy: -52.112820-0.005697j
[2025-04-17 04:11:36] Iteration: 735/1000, Temp: 0.0000, Energy: -52.048591+0.014315j
[2025-04-17 04:12:11] Iteration: 736/1000, Temp: 0.0000, Energy: -52.062309-0.004021j
[2025-04-17 04:12:45] Iteration: 737/1000, Temp: 0.0000, Energy: -52.129972+0.007028j
[2025-04-17 04:13:20] Iteration: 738/1000, Temp: 0.0000, Energy: -52.123649+0.003467j
[2025-04-17 04:13:54] Iteration: 739/1000, Temp: 0.0000, Energy: -52.063269-0.000900j
[2025-04-17 04:14:28] Iteration: 740/1000, Temp: 0.0000, Energy: -52.064813-0.000732j
[2025-04-17 04:15:03] Iteration: 741/1000, Temp: 0.0000, Energy: -52.174912-0.003559j
[2025-04-17 04:15:37] Iteration: 742/1000, Temp: 0.0000, Energy: -52.081521-0.005298j
[2025-04-17 04:16:12] Iteration: 743/1000, Temp: 0.0000, Energy: -52.055464-0.006163j
[2025-04-17 04:16:46] Iteration: 744/1000, Temp: 0.0000, Energy: -52.050611+0.000795j
[2025-04-17 04:17:20] Iteration: 745/1000, Temp: 0.0000, Energy: -52.050910+0.012971j
[2025-04-17 04:17:55] Iteration: 746/1000, Temp: 0.0000, Energy: -52.026108+0.001925j
[2025-04-17 04:18:29] Iteration: 747/1000, Temp: 0.0000, Energy: -52.130000-0.002278j
[2025-04-17 04:19:04] Iteration: 748/1000, Temp: 0.0000, Energy: -51.981949-0.009752j
[2025-04-17 04:19:38] Iteration: 749/1000, Temp: 0.0000, Energy: -52.008322+0.006875j
[2025-04-17 04:20:12] Iteration: 750/1000, Temp: 0.0000, Energy: -51.988525-0.001667j
[2025-04-17 04:20:47] Iteration: 751/1000, Temp: 0.0000, Energy: -52.145733+0.004333j
[2025-04-17 04:21:21] Iteration: 752/1000, Temp: 0.0000, Energy: -52.125227-0.000660j
[2025-04-17 04:21:56] Iteration: 753/1000, Temp: 0.0000, Energy: -52.135024-0.007913j
[2025-04-17 04:22:30] Iteration: 754/1000, Temp: 0.0000, Energy: -52.110770-0.006603j
[2025-04-17 04:23:04] Iteration: 755/1000, Temp: 0.0000, Energy: -52.098021+0.002819j
[2025-04-17 04:23:38] Iteration: 756/1000, Temp: 0.0000, Energy: -52.035416+0.004236j
[2025-04-17 04:24:13] Iteration: 757/1000, Temp: 0.0000, Energy: -52.010596-0.005904j
[2025-04-17 04:24:47] Iteration: 758/1000, Temp: 0.0000, Energy: -52.023827+0.002068j
[2025-04-17 04:25:21] Iteration: 759/1000, Temp: 0.0000, Energy: -52.058516-0.006682j
[2025-04-17 04:25:55] Iteration: 760/1000, Temp: 0.0000, Energy: -52.085070+0.004282j
[2025-04-17 04:26:29] Iteration: 761/1000, Temp: 0.0000, Energy: -52.186911-0.019027j
[2025-04-17 04:27:04] Iteration: 762/1000, Temp: 0.0000, Energy: -52.100126+0.007564j
[2025-04-17 04:27:38] Iteration: 763/1000, Temp: 0.0000, Energy: -52.152670+0.005754j
[2025-04-17 04:28:12] Iteration: 764/1000, Temp: 0.0000, Energy: -52.165726+0.000374j
[2025-04-17 04:28:46] Iteration: 765/1000, Temp: 0.0000, Energy: -52.137134-0.007747j
[2025-04-17 04:29:20] Iteration: 766/1000, Temp: 0.0000, Energy: -52.057383+0.001657j
[2025-04-17 04:29:55] Iteration: 767/1000, Temp: 0.0000, Energy: -52.184470+0.006583j
[2025-04-17 04:30:29] Iteration: 768/1000, Temp: 0.0000, Energy: -52.183406-0.004742j
[2025-04-17 04:31:03] Iteration: 769/1000, Temp: 0.0000, Energy: -52.116149-0.007074j
[2025-04-17 04:31:37] Iteration: 770/1000, Temp: 0.0000, Energy: -52.133507-0.005512j
[2025-04-17 04:32:11] Iteration: 771/1000, Temp: 0.0000, Energy: -51.993662+0.013076j
[2025-04-17 04:32:46] Iteration: 772/1000, Temp: 0.0000, Energy: -52.077710-0.004362j
[2025-04-17 04:33:20] Iteration: 773/1000, Temp: 0.0000, Energy: -51.974363+0.003805j
[2025-04-17 04:33:54] Iteration: 774/1000, Temp: 0.0000, Energy: -52.028111-0.001182j
[2025-04-17 04:34:28] Iteration: 775/1000, Temp: 0.0000, Energy: -52.047274-0.006495j
[2025-04-17 04:35:03] Iteration: 776/1000, Temp: 0.0000, Energy: -52.150688+0.003626j
[2025-04-17 04:35:37] Iteration: 777/1000, Temp: 0.0000, Energy: -52.025471-0.003781j
[2025-04-17 04:36:11] Iteration: 778/1000, Temp: 0.0000, Energy: -52.030467-0.000419j
[2025-04-17 04:36:45] Iteration: 779/1000, Temp: 0.0000, Energy: -51.958778-0.008459j
[2025-04-17 04:37:19] Iteration: 780/1000, Temp: 0.0000, Energy: -52.027877-0.009508j
[2025-04-17 04:37:53] Iteration: 781/1000, Temp: 0.0000, Energy: -52.089647+0.007540j
[2025-04-17 04:38:28] Iteration: 782/1000, Temp: 0.0000, Energy: -52.127889+0.001904j
[2025-04-17 04:39:02] Iteration: 783/1000, Temp: 0.0000, Energy: -52.125338+0.005298j
[2025-04-17 04:39:37] Iteration: 784/1000, Temp: 0.0000, Energy: -52.005344+0.001689j
[2025-04-17 04:40:11] Iteration: 785/1000, Temp: 0.0000, Energy: -52.157656-0.012347j
[2025-04-17 04:40:45] Iteration: 786/1000, Temp: 0.0000, Energy: -52.066872-0.003287j
[2025-04-17 04:41:20] Iteration: 787/1000, Temp: 0.0000, Energy: -52.097343+0.007840j
[2025-04-17 04:41:54] Iteration: 788/1000, Temp: 0.0000, Energy: -52.042559+0.008402j
[2025-04-17 04:42:28] Iteration: 789/1000, Temp: 0.0000, Energy: -52.029839+0.009116j
[2025-04-17 04:43:03] Iteration: 790/1000, Temp: 0.0000, Energy: -52.084964-0.015750j
[2025-04-17 04:43:37] Iteration: 791/1000, Temp: 0.0000, Energy: -52.164250+0.004983j
[2025-04-17 04:44:11] Iteration: 792/1000, Temp: 0.0000, Energy: -52.011702-0.001337j
[2025-04-17 04:44:45] Iteration: 793/1000, Temp: 0.0000, Energy: -52.180073+0.007039j
[2025-04-17 04:45:20] Iteration: 794/1000, Temp: 0.0000, Energy: -52.120261-0.002905j
[2025-04-17 04:45:54] Iteration: 795/1000, Temp: 0.0000, Energy: -52.113379-0.010050j
[2025-04-17 04:46:28] Iteration: 796/1000, Temp: 0.0000, Energy: -52.129535-0.008001j
[2025-04-17 04:47:02] Iteration: 797/1000, Temp: 0.0000, Energy: -52.133568-0.006897j
[2025-04-17 04:47:36] Iteration: 798/1000, Temp: 0.0000, Energy: -52.038356+0.002086j
[2025-04-17 04:48:11] Iteration: 799/1000, Temp: 0.0000, Energy: -52.158817-0.000233j
[2025-04-17 04:48:45] Iteration: 800/1000, Temp: 0.0000, Energy: -52.060014+0.007885j
[2025-04-17 04:49:19] Iteration: 801/1000, Temp: 0.0000, Energy: -52.206751+0.001992j
[2025-04-17 04:49:53] Iteration: 802/1000, Temp: 0.0000, Energy: -52.143337-0.008119j
[2025-04-17 04:50:28] Iteration: 803/1000, Temp: 0.0000, Energy: -52.071095-0.005357j
[2025-04-17 04:51:02] Iteration: 804/1000, Temp: 0.0000, Energy: -52.145643-0.001040j
[2025-04-17 04:51:36] Iteration: 805/1000, Temp: 0.0000, Energy: -52.166789+0.001660j
[2025-04-17 04:52:10] Iteration: 806/1000, Temp: 0.0000, Energy: -52.114875-0.013103j
[2025-04-17 04:52:45] Iteration: 807/1000, Temp: 0.0000, Energy: -52.062044+0.000639j
[2025-04-17 04:53:19] Iteration: 808/1000, Temp: 0.0000, Energy: -52.095058+0.008368j
[2025-04-17 04:53:54] Iteration: 809/1000, Temp: 0.0000, Energy: -52.057371-0.013031j
[2025-04-17 04:54:28] Iteration: 810/1000, Temp: 0.0000, Energy: -52.009517+0.009912j
[2025-04-17 04:55:02] Iteration: 811/1000, Temp: 0.0000, Energy: -52.050708+0.007000j
[2025-04-17 04:55:37] Iteration: 812/1000, Temp: 0.0000, Energy: -52.110334+0.006601j
[2025-04-17 04:56:11] Iteration: 813/1000, Temp: 0.0000, Energy: -52.135379+0.000819j
[2025-04-17 04:56:46] Iteration: 814/1000, Temp: 0.0000, Energy: -52.112222+0.003381j
[2025-04-17 04:57:20] Iteration: 815/1000, Temp: 0.0000, Energy: -52.107826+0.011855j
[2025-04-17 04:57:54] Iteration: 816/1000, Temp: 0.0000, Energy: -52.148512-0.001552j
[2025-04-17 04:58:29] Iteration: 817/1000, Temp: 0.0000, Energy: -52.093034-0.005537j
[2025-04-17 04:59:03] Iteration: 818/1000, Temp: 0.0000, Energy: -51.982263-0.010063j
[2025-04-17 04:59:37] Iteration: 819/1000, Temp: 0.0000, Energy: -52.055060-0.002575j
[2025-04-17 05:00:11] Iteration: 820/1000, Temp: 0.0000, Energy: -52.021849+0.009763j
[2025-04-17 05:00:45] Iteration: 821/1000, Temp: 0.0000, Energy: -51.921888-0.004113j
[2025-04-17 05:01:20] Iteration: 822/1000, Temp: 0.0000, Energy: -52.060724-0.001252j
[2025-04-17 05:01:54] Iteration: 823/1000, Temp: 0.0000, Energy: -52.129381-0.006599j
[2025-04-17 05:02:28] Iteration: 824/1000, Temp: 0.0000, Energy: -52.182041-0.004832j
[2025-04-17 05:03:02] Iteration: 825/1000, Temp: 0.0000, Energy: -52.141465-0.002901j
[2025-04-17 05:03:37] Iteration: 826/1000, Temp: 0.0000, Energy: -52.163913+0.001899j
[2025-04-17 05:04:11] Iteration: 827/1000, Temp: 0.0000, Energy: -52.183738+0.008230j
[2025-04-17 05:04:45] Iteration: 828/1000, Temp: 0.0000, Energy: -52.228373-0.005780j
[2025-04-17 05:05:20] Iteration: 829/1000, Temp: 0.0000, Energy: -52.168502+0.000860j
[2025-04-17 05:05:54] Iteration: 830/1000, Temp: 0.0000, Energy: -52.207139-0.003827j
[2025-04-17 05:06:29] Iteration: 831/1000, Temp: 0.0000, Energy: -52.073704+0.001673j
[2025-04-17 05:07:03] Iteration: 832/1000, Temp: 0.0000, Energy: -52.170257-0.003050j
[2025-04-17 05:07:37] Iteration: 833/1000, Temp: 0.0000, Energy: -52.165983-0.003617j
[2025-04-17 05:08:12] Iteration: 834/1000, Temp: 0.0000, Energy: -52.263786+0.005979j
[2025-04-17 05:08:46] Iteration: 835/1000, Temp: 0.0000, Energy: -52.151318+0.011033j
[2025-04-17 05:09:21] Iteration: 836/1000, Temp: 0.0000, Energy: -52.103930-0.003889j
[2025-04-17 05:09:55] Iteration: 837/1000, Temp: 0.0000, Energy: -52.175930+0.002179j
[2025-04-17 05:10:29] Iteration: 838/1000, Temp: 0.0000, Energy: -52.186276-0.004308j
[2025-04-17 05:11:04] Iteration: 839/1000, Temp: 0.0000, Energy: -51.862553+0.000746j
[2025-04-17 05:11:38] Iteration: 840/1000, Temp: 0.0000, Energy: -51.941878+0.004093j
[2025-04-17 05:12:12] Iteration: 841/1000, Temp: 0.0000, Energy: -52.066502+0.005593j
[2025-04-17 05:12:47] Iteration: 842/1000, Temp: 0.0000, Energy: -52.059700-0.003412j
[2025-04-17 05:13:21] Iteration: 843/1000, Temp: 0.0000, Energy: -52.111700+0.005468j
[2025-04-17 05:13:56] Iteration: 844/1000, Temp: 0.0000, Energy: -52.070102-0.003138j
[2025-04-17 05:14:30] Iteration: 845/1000, Temp: 0.0000, Energy: -52.039169-0.011291j
[2025-04-17 05:15:04] Iteration: 846/1000, Temp: 0.0000, Energy: -52.011584-0.000338j
[2025-04-17 05:15:39] Iteration: 847/1000, Temp: 0.0000, Energy: -51.944601+0.004081j
[2025-04-17 05:16:13] Iteration: 848/1000, Temp: 0.0000, Energy: -52.026029-0.001604j
[2025-04-17 05:16:47] Iteration: 849/1000, Temp: 0.0000, Energy: -52.003330-0.004442j
[2025-04-17 05:17:22] Iteration: 850/1000, Temp: 0.0000, Energy: -52.108581+0.003531j
[2025-04-17 05:17:56] Iteration: 851/1000, Temp: 0.0000, Energy: -52.079919-0.002123j
[2025-04-17 05:18:31] Iteration: 852/1000, Temp: 0.0000, Energy: -51.923122-0.002977j
[2025-04-17 05:19:05] Iteration: 853/1000, Temp: 0.0000, Energy: -52.109401+0.003499j
[2025-04-17 05:19:39] Iteration: 854/1000, Temp: 0.0000, Energy: -52.053838+0.009032j
[2025-04-17 05:20:14] Iteration: 855/1000, Temp: 0.0000, Energy: -52.089705-0.004898j
[2025-04-17 05:20:48] Iteration: 856/1000, Temp: 0.0000, Energy: -51.875108-0.009290j
[2025-04-17 05:21:22] Iteration: 857/1000, Temp: 0.0000, Energy: -52.055362+0.003166j
[2025-04-17 05:21:57] Iteration: 858/1000, Temp: 0.0000, Energy: -52.160625+0.003445j
[2025-04-17 05:22:31] Iteration: 859/1000, Temp: 0.0000, Energy: -52.044379+0.007602j
[2025-04-17 05:23:06] Iteration: 860/1000, Temp: 0.0000, Energy: -52.077662-0.000948j
[2025-04-17 05:23:40] Iteration: 861/1000, Temp: 0.0000, Energy: -52.103492-0.007021j
[2025-04-17 05:24:14] Iteration: 862/1000, Temp: 0.0000, Energy: -52.258728+0.012637j
[2025-04-17 05:24:49] Iteration: 863/1000, Temp: 0.0000, Energy: -52.055832+0.010857j
[2025-04-17 05:25:23] Iteration: 864/1000, Temp: 0.0000, Energy: -52.013224+0.004980j
[2025-04-17 05:25:58] Iteration: 865/1000, Temp: 0.0000, Energy: -52.036364-0.011811j
[2025-04-17 05:26:32] Iteration: 866/1000, Temp: 0.0000, Energy: -52.019348+0.000637j
[2025-04-17 05:27:06] Iteration: 867/1000, Temp: 0.0000, Energy: -51.961584-0.000333j
[2025-04-17 05:27:41] Iteration: 868/1000, Temp: 0.0000, Energy: -51.917968-0.003885j
[2025-04-17 05:28:15] Iteration: 869/1000, Temp: 0.0000, Energy: -51.863549+0.001501j
[2025-04-17 05:28:49] Iteration: 870/1000, Temp: 0.0000, Energy: -51.904691+0.007427j
[2025-04-17 05:29:24] Iteration: 871/1000, Temp: 0.0000, Energy: -52.071505+0.003783j
[2025-04-17 05:29:58] Iteration: 872/1000, Temp: 0.0000, Energy: -51.870224+0.002858j
[2025-04-17 05:30:33] Iteration: 873/1000, Temp: 0.0000, Energy: -52.039138+0.003861j
[2025-04-17 05:31:07] Iteration: 874/1000, Temp: 0.0000, Energy: -51.978445+0.000013j
[2025-04-17 05:31:42] Iteration: 875/1000, Temp: 0.0000, Energy: -52.111218+0.000609j
[2025-04-17 05:32:16] Iteration: 876/1000, Temp: 0.0000, Energy: -52.237022+0.014518j
[2025-04-17 05:32:51] Iteration: 877/1000, Temp: 0.0000, Energy: -52.180281-0.003170j
[2025-04-17 05:33:25] Iteration: 878/1000, Temp: 0.0000, Energy: -52.027641-0.006414j
[2025-04-17 05:33:59] Iteration: 879/1000, Temp: 0.0000, Energy: -52.177710-0.005785j
[2025-04-17 05:34:33] Iteration: 880/1000, Temp: 0.0000, Energy: -52.121765-0.012495j
[2025-04-17 05:35:07] Iteration: 881/1000, Temp: 0.0000, Energy: -52.146516-0.003314j
[2025-04-17 05:35:41] Iteration: 882/1000, Temp: 0.0000, Energy: -52.119661-0.004354j
[2025-04-17 05:36:16] Iteration: 883/1000, Temp: 0.0000, Energy: -52.024090-0.003293j
[2025-04-17 05:36:50] Iteration: 884/1000, Temp: 0.0000, Energy: -52.016273-0.001385j
[2025-04-17 05:37:24] Iteration: 885/1000, Temp: 0.0000, Energy: -52.089714+0.009171j
[2025-04-17 05:37:58] Iteration: 886/1000, Temp: 0.0000, Energy: -52.071556-0.007130j
[2025-04-17 05:38:32] Iteration: 887/1000, Temp: 0.0000, Energy: -52.105632+0.001553j
[2025-04-17 05:39:06] Iteration: 888/1000, Temp: 0.0000, Energy: -52.163366-0.004695j
[2025-04-17 05:39:41] Iteration: 889/1000, Temp: 0.0000, Energy: -52.200494-0.011040j
[2025-04-17 05:40:15] Iteration: 890/1000, Temp: 0.0000, Energy: -52.171671-0.008581j
[2025-04-17 05:40:49] Iteration: 891/1000, Temp: 0.0000, Energy: -52.133159-0.011613j
[2025-04-17 05:41:23] Iteration: 892/1000, Temp: 0.0000, Energy: -52.195017-0.009677j
[2025-04-17 05:41:57] Iteration: 893/1000, Temp: 0.0000, Energy: -52.097096+0.004832j
[2025-04-17 05:42:31] Iteration: 894/1000, Temp: 0.0000, Energy: -52.103991+0.006275j
[2025-04-17 05:43:06] Iteration: 895/1000, Temp: 0.0000, Energy: -52.037697+0.002595j
[2025-04-17 05:43:40] Iteration: 896/1000, Temp: 0.0000, Energy: -52.118611-0.003661j
[2025-04-17 05:44:14] Iteration: 897/1000, Temp: 0.0000, Energy: -51.889121+0.004836j
[2025-04-17 05:44:48] Iteration: 898/1000, Temp: 0.0000, Energy: -52.087068-0.004137j
[2025-04-17 05:45:23] Iteration: 899/1000, Temp: 0.0000, Energy: -52.043398-0.004296j
[2025-04-17 05:45:57] Iteration: 900/1000, Temp: 0.0000, Energy: -52.083452+0.000364j
[2025-04-17 05:46:32] Iteration: 901/1000, Temp: 0.0000, Energy: -52.081409-0.007963j
[2025-04-17 05:47:06] Iteration: 902/1000, Temp: 0.0000, Energy: -52.096099+0.014704j
[2025-04-17 05:47:40] Iteration: 903/1000, Temp: 0.0000, Energy: -52.215833+0.001684j
[2025-04-17 05:48:15] Iteration: 904/1000, Temp: 0.0000, Energy: -52.200152-0.003652j
[2025-04-17 05:48:49] Iteration: 905/1000, Temp: 0.0000, Energy: -52.150824+0.000353j
[2025-04-17 05:49:24] Iteration: 906/1000, Temp: 0.0000, Energy: -51.974444-0.015332j
[2025-04-17 05:49:58] Iteration: 907/1000, Temp: 0.0000, Energy: -52.105328-0.000462j
[2025-04-17 05:50:32] Iteration: 908/1000, Temp: 0.0000, Energy: -52.170117+0.001429j
[2025-04-17 05:51:07] Iteration: 909/1000, Temp: 0.0000, Energy: -52.135797+0.000495j
[2025-04-17 05:51:41] Iteration: 910/1000, Temp: 0.0000, Energy: -52.055133+0.004133j
[2025-04-17 05:52:15] Iteration: 911/1000, Temp: 0.0000, Energy: -52.056168-0.003559j
[2025-04-17 05:52:50] Iteration: 912/1000, Temp: 0.0000, Energy: -52.047716-0.000949j
[2025-04-17 05:53:24] Iteration: 913/1000, Temp: 0.0000, Energy: -52.112571-0.006478j
[2025-04-17 05:53:58] Iteration: 914/1000, Temp: 0.0000, Energy: -52.081248+0.000739j
[2025-04-17 05:54:33] Iteration: 915/1000, Temp: 0.0000, Energy: -52.100719-0.002123j
[2025-04-17 05:55:07] Iteration: 916/1000, Temp: 0.0000, Energy: -52.104735+0.002187j
[2025-04-17 05:55:42] Iteration: 917/1000, Temp: 0.0000, Energy: -52.195871+0.005965j
[2025-04-17 05:56:16] Iteration: 918/1000, Temp: 0.0000, Energy: -52.120528+0.018072j
[2025-04-17 05:56:50] Iteration: 919/1000, Temp: 0.0000, Energy: -52.069624-0.009312j
[2025-04-17 05:57:25] Iteration: 920/1000, Temp: 0.0000, Energy: -51.951604-0.005965j
[2025-04-17 05:57:59] Iteration: 921/1000, Temp: 0.0000, Energy: -52.229363-0.011076j
[2025-04-17 05:58:33] Iteration: 922/1000, Temp: 0.0000, Energy: -52.240491+0.003264j
[2025-04-17 05:59:07] Iteration: 923/1000, Temp: 0.0000, Energy: -52.156670-0.004800j
[2025-04-17 05:59:42] Iteration: 924/1000, Temp: 0.0000, Energy: -52.022957+0.001628j
[2025-04-17 06:00:16] Iteration: 925/1000, Temp: 0.0000, Energy: -51.939437-0.000615j
[2025-04-17 06:00:50] Iteration: 926/1000, Temp: 0.0000, Energy: -51.906217-0.005571j
[2025-04-17 06:01:24] Iteration: 927/1000, Temp: 0.0000, Energy: -51.958574-0.002045j
[2025-04-17 06:01:58] Iteration: 928/1000, Temp: 0.0000, Energy: -51.944480-0.003729j
[2025-04-17 06:02:33] Iteration: 929/1000, Temp: 0.0000, Energy: -52.139763+0.003736j
[2025-04-17 06:03:07] Iteration: 930/1000, Temp: 0.0000, Energy: -51.953676-0.001660j
[2025-04-17 06:03:41] Iteration: 931/1000, Temp: 0.0000, Energy: -52.088457-0.010372j
[2025-04-17 06:04:16] Iteration: 932/1000, Temp: 0.0000, Energy: -52.143647+0.000686j
[2025-04-17 06:04:50] Iteration: 933/1000, Temp: 0.0000, Energy: -51.992141+0.010446j
[2025-04-17 06:05:25] Iteration: 934/1000, Temp: 0.0000, Energy: -51.914011-0.002604j
[2025-04-17 06:05:59] Iteration: 935/1000, Temp: 0.0000, Energy: -51.971813+0.003366j
[2025-04-17 06:06:33] Iteration: 936/1000, Temp: 0.0000, Energy: -52.065537+0.003986j
[2025-04-17 06:07:08] Iteration: 937/1000, Temp: 0.0000, Energy: -52.026637-0.000271j
[2025-04-17 06:07:42] Iteration: 938/1000, Temp: 0.0000, Energy: -52.070423-0.016044j
[2025-04-17 06:08:17] Iteration: 939/1000, Temp: 0.0000, Energy: -52.259288-0.000425j
[2025-04-17 06:08:51] Iteration: 940/1000, Temp: 0.0000, Energy: -52.118837+0.001655j
[2025-04-17 06:09:25] Iteration: 941/1000, Temp: 0.0000, Energy: -52.207224-0.002710j
[2025-04-17 06:10:00] Iteration: 942/1000, Temp: 0.0000, Energy: -52.179132+0.000565j
[2025-04-17 06:10:34] Iteration: 943/1000, Temp: 0.0000, Energy: -52.079323-0.008399j
[2025-04-17 06:11:08] Iteration: 944/1000, Temp: 0.0000, Energy: -52.052201-0.001138j
[2025-04-17 06:11:43] Iteration: 945/1000, Temp: 0.0000, Energy: -52.191563-0.007568j
[2025-04-17 06:12:17] Iteration: 946/1000, Temp: 0.0000, Energy: -52.060344-0.001498j
[2025-04-17 06:12:52] Iteration: 947/1000, Temp: 0.0000, Energy: -52.124315+0.002040j
[2025-04-17 06:13:26] Iteration: 948/1000, Temp: 0.0000, Energy: -52.024243+0.002470j
[2025-04-17 06:14:00] Iteration: 949/1000, Temp: 0.0000, Energy: -52.097331-0.004283j
[2025-04-17 06:14:35] Iteration: 950/1000, Temp: 0.0000, Energy: -52.078135+0.003126j
[2025-04-17 06:15:09] Iteration: 951/1000, Temp: 0.0000, Energy: -52.115527+0.006077j
[2025-04-17 06:15:44] Iteration: 952/1000, Temp: 0.0000, Energy: -52.008550-0.002528j
[2025-04-17 06:16:18] Iteration: 953/1000, Temp: 0.0000, Energy: -51.846182-0.000721j
[2025-04-17 06:16:52] Iteration: 954/1000, Temp: 0.0000, Energy: -51.912611+0.006856j
[2025-04-17 06:17:27] Iteration: 955/1000, Temp: 0.0000, Energy: -51.927125-0.004849j
[2025-04-17 06:18:01] Iteration: 956/1000, Temp: 0.0000, Energy: -52.036767+0.003338j
[2025-04-17 06:18:36] Iteration: 957/1000, Temp: 0.0000, Energy: -52.161230-0.001302j
[2025-04-17 06:19:10] Iteration: 958/1000, Temp: 0.0000, Energy: -51.931018+0.007723j
[2025-04-17 06:19:44] Iteration: 959/1000, Temp: 0.0000, Energy: -52.004963+0.004464j
[2025-04-17 06:20:18] Iteration: 960/1000, Temp: 0.0000, Energy: -52.076802-0.011566j
[2025-04-17 06:20:53] Iteration: 961/1000, Temp: 0.0000, Energy: -52.256511-0.003459j
[2025-04-17 06:21:27] Iteration: 962/1000, Temp: 0.0000, Energy: -52.160248-0.008517j
[2025-04-17 06:22:02] Iteration: 963/1000, Temp: 0.0000, Energy: -52.098886-0.003117j
[2025-04-17 06:22:36] Iteration: 964/1000, Temp: 0.0000, Energy: -52.274069+0.000592j
[2025-04-17 06:23:10] Iteration: 965/1000, Temp: 0.0000, Energy: -52.175439+0.002565j
[2025-04-17 06:23:45] Iteration: 966/1000, Temp: 0.0000, Energy: -52.122879+0.006138j
[2025-04-17 06:24:19] Iteration: 967/1000, Temp: 0.0000, Energy: -52.076992-0.000337j
[2025-04-17 06:24:54] Iteration: 968/1000, Temp: 0.0000, Energy: -51.979869-0.004315j
[2025-04-17 06:25:28] Iteration: 969/1000, Temp: 0.0000, Energy: -51.975807-0.006637j
[2025-04-17 06:26:02] Iteration: 970/1000, Temp: 0.0000, Energy: -51.917156-0.005185j
[2025-04-17 06:26:37] Iteration: 971/1000, Temp: 0.0000, Energy: -52.065108-0.003522j
[2025-04-17 06:27:11] Iteration: 972/1000, Temp: 0.0000, Energy: -52.219236+0.003176j
[2025-04-17 06:27:45] Iteration: 973/1000, Temp: 0.0000, Energy: -52.128580+0.003958j
[2025-04-17 06:28:20] Iteration: 974/1000, Temp: 0.0000, Energy: -51.990220+0.000522j
[2025-04-17 06:28:54] Iteration: 975/1000, Temp: 0.0000, Energy: -51.880726-0.004480j
[2025-04-17 06:29:29] Iteration: 976/1000, Temp: 0.0000, Energy: -52.040977-0.004785j
[2025-04-17 06:30:03] Iteration: 977/1000, Temp: 0.0000, Energy: -52.052579-0.003078j
[2025-04-17 06:30:37] Iteration: 978/1000, Temp: 0.0000, Energy: -51.931731-0.004972j
[2025-04-17 06:31:12] Iteration: 979/1000, Temp: 0.0000, Energy: -52.060403+0.010034j
[2025-04-17 06:31:46] Iteration: 980/1000, Temp: 0.0000, Energy: -52.004464-0.006201j
[2025-04-17 06:32:21] Iteration: 981/1000, Temp: 0.0000, Energy: -52.162286-0.000947j
[2025-04-17 06:32:55] Iteration: 982/1000, Temp: 0.0000, Energy: -52.112379-0.003866j
[2025-04-17 06:33:29] Iteration: 983/1000, Temp: 0.0000, Energy: -52.054794-0.000611j
[2025-04-17 06:34:04] Iteration: 984/1000, Temp: 0.0000, Energy: -51.960536+0.002801j
[2025-04-17 06:34:38] Iteration: 985/1000, Temp: 0.0000, Energy: -51.994743-0.010513j
[2025-04-17 06:35:10] Iteration: 986/1000, Temp: 0.0000, Energy: -52.151496-0.001620j
[2025-04-17 06:35:39] Iteration: 987/1000, Temp: 0.0000, Energy: -52.136947+0.005841j
[2025-04-17 06:36:07] Iteration: 988/1000, Temp: 0.0000, Energy: -51.999073+0.003718j
[2025-04-17 06:36:36] Iteration: 989/1000, Temp: 0.0000, Energy: -52.071521-0.004469j
[2025-04-17 06:37:05] Iteration: 990/1000, Temp: 0.0000, Energy: -52.068548-0.004159j
[2025-04-17 06:37:33] Iteration: 991/1000, Temp: 0.0000, Energy: -52.137206+0.001537j
[2025-04-17 06:38:02] Iteration: 992/1000, Temp: 0.0000, Energy: -52.153833-0.004635j
[2025-04-17 06:38:31] Iteration: 993/1000, Temp: 0.0000, Energy: -52.042334-0.006113j
[2025-04-17 06:38:59] Iteration: 994/1000, Temp: 0.0000, Energy: -52.108242-0.004598j
[2025-04-17 06:39:28] Iteration: 995/1000, Temp: 0.0000, Energy: -52.065303-0.003213j
[2025-04-17 06:39:57] Iteration: 996/1000, Temp: 0.0000, Energy: -52.195002+0.001021j
[2025-04-17 06:40:26] Iteration: 997/1000, Temp: 0.0000, Energy: -52.236184+0.005320j
[2025-04-17 06:40:54] Iteration: 998/1000, Temp: 0.0000, Energy: -52.174042+0.011205j
[2025-04-17 06:41:18] Iteration: 999/1000, Temp: 0.0000, Energy: -52.175407+0.007730j
[2025-04-17 06:41:18] ==================================================
[2025-04-17 06:41:18] Training finished, total runtime = 34260.95 seconds
[2025-04-17 06:41:18] Trained quantum state parameters saved to: results/L=4/J2=0.05/J1=0.05/GCNN_L=4_J2=0.05_J1=0.05.pkl
[2025-04-17 06:41:18] ==================================================
