[2025-04-29 23:47:15] ==================================================
[2025-04-29 23:47:15] GCNN for Shastry-Sutherland lattice
[2025-04-29 23:47:15] ==================================================
[2025-04-29 23:47:15] System parameters:
[2025-04-29 23:47:15]   - System size: L=5, N=100
[2025-04-29 23:47:15]   - System parameters: J1=0.0, J2=0.05, Q=0.95
[2025-04-29 23:47:15] --------------------------------------------------
[2025-04-29 23:47:15] Model parameters:
[2025-04-29 23:47:15]   - Number of layers = 4
[2025-04-29 23:47:15]   - Number of features = 4
[2025-04-29 23:47:15]   - Total parameters = 19628
[2025-04-29 23:47:15] --------------------------------------------------
[2025-04-29 23:47:15] Training parameters:
[2025-04-29 23:47:15]   - Learning rate: 0.02
[2025-04-29 23:47:15]   - Total annealing steps: 1000
[2025-04-29 23:47:15]   - Samples: 4096
[2025-04-29 23:47:15]   - Discarded samples: 0
[2025-04-29 23:47:15]   - Chunk size: 1024
[2025-04-29 23:47:15] --------------------------------------------------
[2025-04-29 23:47:15] Device status:
[2025-04-29 23:47:15]   - Number of devices: 4
[2025-04-29 23:47:15]   - Sharding: True
[2025-04-29 23:47:21] --------------------------------------------------
[2025-04-29 23:47:21] Start training...
[2025-04-29 23:47:45] Iteration: 0/1000, Temp: 0.5000, Energy: 0.624877+0.000220j
[2025-04-29 23:47:47] Iteration: 1/1000, Temp: 0.4901, Energy: 0.625178-0.000064j
[2025-04-29 23:47:50] Iteration: 2/1000, Temp: 0.4804, Energy: 0.624663-0.000129j
[2025-04-29 23:47:52] Iteration: 3/1000, Temp: 0.4709, Energy: 0.624760+0.000046j
[2025-04-29 23:47:54] Iteration: 4/1000, Temp: 0.4616, Energy: 0.624777-0.000074j
[2025-04-29 23:47:57] Iteration: 5/1000, Temp: 0.4524, Energy: 0.624916+0.000491j
[2025-04-29 23:47:59] Iteration: 6/1000, Temp: 0.4435, Energy: 0.624977+0.000270j
[2025-04-29 23:48:01] Iteration: 7/1000, Temp: 0.4347, Energy: 0.624803-0.000247j
[2025-04-29 23:48:04] Iteration: 8/1000, Temp: 0.4261, Energy: 0.624678+0.000368j
[2025-04-29 23:48:06] Iteration: 9/1000, Temp: 0.4176, Energy: 0.624906+0.000260j
[2025-04-29 23:48:08] Iteration: 10/1000, Temp: 0.4094, Energy: 0.625004-0.000231j
[2025-04-29 23:48:11] Iteration: 11/1000, Temp: 0.4013, Energy: 0.624667-0.000284j
[2025-04-29 23:48:13] Iteration: 12/1000, Temp: 0.3933, Energy: 0.624737+0.000310j
[2025-04-29 23:48:15] Iteration: 13/1000, Temp: 0.3855, Energy: 0.624907+0.000079j
[2025-04-29 23:48:18] Iteration: 14/1000, Temp: 0.3779, Energy: 0.624952-0.000000j
[2025-04-29 23:48:20] Iteration: 15/1000, Temp: 0.3704, Energy: 0.624891+0.000170j
[2025-04-29 23:48:22] Iteration: 16/1000, Temp: 0.3631, Energy: 0.624749+0.000111j
[2025-04-29 23:48:25] Iteration: 17/1000, Temp: 0.3559, Energy: 0.624547-0.000039j
[2025-04-29 23:48:27] Iteration: 18/1000, Temp: 0.3488, Energy: 0.624901-0.000296j
[2025-04-29 23:48:29] Iteration: 19/1000, Temp: 0.3419, Energy: 0.624649+0.000382j
[2025-04-29 23:48:32] Iteration: 20/1000, Temp: 0.3352, Energy: 0.624591+0.000019j
[2025-04-29 23:48:34] Iteration: 21/1000, Temp: 0.3285, Energy: 0.624750+0.000182j
[2025-04-29 23:48:37] Iteration: 22/1000, Temp: 0.3220, Energy: 0.624649+0.000393j
[2025-04-29 23:48:39] Iteration: 23/1000, Temp: 0.3156, Energy: 0.624743+0.000188j
[2025-04-29 23:48:41] Iteration: 24/1000, Temp: 0.3094, Energy: 0.624993-0.000045j
[2025-04-29 23:48:44] Iteration: 25/1000, Temp: 0.3033, Energy: 0.625290-0.000669j
[2025-04-29 23:48:46] Iteration: 26/1000, Temp: 0.2973, Energy: 0.624763+0.000142j
[2025-04-29 23:48:48] Iteration: 27/1000, Temp: 0.2914, Energy: 0.624908-0.000613j
[2025-04-29 23:48:51] Iteration: 28/1000, Temp: 0.2856, Energy: 0.624346-0.000031j
[2025-04-29 23:48:53] Iteration: 29/1000, Temp: 0.2799, Energy: 0.624668-0.000449j
[2025-04-29 23:48:56] Iteration: 30/1000, Temp: 0.2744, Energy: 0.625004+0.000065j
[2025-04-29 23:48:58] Iteration: 31/1000, Temp: 0.2690, Energy: 0.624824+0.000617j
[2025-04-29 23:49:00] Iteration: 32/1000, Temp: 0.2636, Energy: 0.624745+0.000071j
[2025-04-29 23:49:03] Iteration: 33/1000, Temp: 0.2584, Energy: 0.624273+0.000314j
[2025-04-29 23:49:05] Iteration: 34/1000, Temp: 0.2533, Energy: 0.624697-0.000191j
[2025-04-29 23:49:07] Iteration: 35/1000, Temp: 0.2483, Energy: 0.624282+0.000479j
[2025-04-29 23:49:10] Iteration: 36/1000, Temp: 0.2434, Energy: 0.624613+0.000075j
[2025-04-29 23:49:12] Iteration: 37/1000, Temp: 0.2386, Energy: 0.624253+0.000273j
[2025-04-29 23:49:14] Iteration: 38/1000, Temp: 0.2338, Energy: 0.624481-0.000669j
[2025-04-29 23:49:17] Iteration: 39/1000, Temp: 0.2292, Energy: 0.624733-0.000108j
[2025-04-29 23:49:19] Iteration: 40/1000, Temp: 0.2247, Energy: 0.624165+0.000448j
[2025-04-29 23:49:21] Iteration: 41/1000, Temp: 0.2202, Energy: 0.624528-0.000150j
[2025-04-29 23:49:24] Iteration: 42/1000, Temp: 0.2159, Energy: 0.624690-0.000066j
[2025-04-29 23:49:26] Iteration: 43/1000, Temp: 0.2116, Energy: 0.624525+0.000078j
[2025-04-29 23:49:28] Iteration: 44/1000, Temp: 0.2074, Energy: 0.624633+0.000390j
[2025-04-29 23:49:31] Iteration: 45/1000, Temp: 0.2033, Energy: 0.624253+0.000631j
[2025-04-29 23:49:33] Iteration: 46/1000, Temp: 0.1993, Energy: 0.623831+0.000545j
[2025-04-29 23:49:35] Iteration: 47/1000, Temp: 0.1953, Energy: 0.624370-0.000600j
[2025-04-29 23:49:38] Iteration: 48/1000, Temp: 0.1914, Energy: 0.623867+0.000881j
[2025-04-29 23:49:40] Iteration: 49/1000, Temp: 0.1877, Energy: 0.624167+0.000959j
[2025-04-29 23:49:42] Iteration: 50/1000, Temp: 0.1839, Energy: 0.624203+0.000511j
[2025-04-29 23:49:45] Iteration: 51/1000, Temp: 0.1803, Energy: 0.624347+0.000676j
[2025-04-29 23:49:47] Iteration: 52/1000, Temp: 0.1767, Energy: 0.624257-0.000478j
