[2025-05-08 16:13:27] ================================================================================
[2025-05-08 16:13:27] 开始分析量子态: L=5, J2=0.05, J1=0.02
[2025-05-08 16:13:27] --------------------------------------------------------------------------------
[2025-05-08 16:13:27] 加载量子态: L=5, J2=0.05, J1=0.02
[2025-05-08 16:13:45] 增加采样数量到 2^20...
[2025-05-08 16:13:45] ================================================================================
[2025-05-08 16:13:45] 开始计算自旋结构因子...
[2025-05-08 16:13:45] 预计算自旋操作符...
[2025-05-08 16:13:45] 计算位移向量...
[2025-05-08 16:13:46] 使用自旋0作为参考点, 计算自旋相关函数...
[2025-05-08 16:26:19] 计算相关函数进度: 1/100
[2025-05-08 16:29:57] 计算相关函数进度: 11/100
[2025-05-08 16:33:25] 计算相关函数进度: 21/100
[2025-05-08 16:36:57] 计算相关函数进度: 31/100
[2025-05-08 16:40:30] 计算相关函数进度: 41/100
[2025-05-08 16:44:03] 计算相关函数进度: 51/100
[2025-05-08 16:47:35] 计算相关函数进度: 61/100
[2025-05-08 16:51:08] 计算相关函数进度: 71/100
[2025-05-08 16:54:40] 计算相关函数进度: 81/100
[2025-05-08 16:58:13] 计算相关函数进度: 91/100
[2025-05-08 17:01:21] 计算相关函数进度: 100/100
[2025-05-08 17:01:21] 计算傅里叶变换...
[2025-05-08 17:01:22] 自旋结构因子计算完成
[2025-05-08 17:01:23] ================================================================================
[2025-05-08 17:01:23] 开始计算二聚体结构因子...
[2025-05-08 17:01:23] 识别x和y方向的二聚体...
[2025-05-08 17:01:23] 预计算二聚体操作符...
[2025-05-08 17:01:23] 计算位移向量...
[2025-05-08 17:01:23] 使用二聚体 (0, 1) 作为参考点，计算二聚体相关函数...
[2025-05-08 17:01:43] 计算x方向相关函数进度: 1/100
[2025-05-08 17:07:37] 计算x方向相关函数进度: 11/100
[2025-05-08 17:13:34] 计算x方向相关函数进度: 21/100
[2025-05-08 17:19:17] 计算x方向相关函数进度: 31/100
[2025-05-08 17:25:15] 计算x方向相关函数进度: 41/100
[2025-05-08 17:31:13] 计算x方向相关函数进度: 51/100
[2025-05-08 17:37:11] 计算x方向相关函数进度: 61/100
[2025-05-08 17:43:09] 计算x方向相关函数进度: 71/100
[2025-05-08 17:48:44] 计算x方向相关函数进度: 81/100
[2025-05-08 17:53:42] 计算x方向相关函数进度: 91/100
[2025-05-08 17:58:10] 计算x方向相关函数进度: 100/100
[2025-05-08 17:58:10] 使用二聚体 (0, 3) 作为参考点，计算二聚体相关函数...
[2025-05-08 17:58:29] 计算y方向相关函数进度: 1/100
[2025-05-08 18:03:17] 计算y方向相关函数进度: 11/100
[2025-05-08 18:08:17] 计算y方向相关函数进度: 21/100
[2025-05-08 18:13:16] 计算y方向相关函数进度: 31/100
[2025-05-08 18:18:15] 计算y方向相关函数进度: 41/100
[2025-05-08 18:23:15] 计算y方向相关函数进度: 51/100
[2025-05-08 18:28:14] 计算y方向相关函数进度: 61/100
[2025-05-08 18:33:14] 计算y方向相关函数进度: 71/100
[2025-05-08 18:38:13] 计算y方向相关函数进度: 81/100
[2025-05-08 18:43:13] 计算y方向相关函数进度: 91/100
[2025-05-08 18:47:12] 计算y方向相关函数进度: 100/100
[2025-05-08 18:47:12] 计算傅里叶变换...
[2025-05-08 18:47:13] 二聚体结构因子计算完成
[2025-05-08 18:47:14] ================================================================================
[2025-05-08 18:47:14] 开始计算简盘结构因子...
[2025-05-08 18:47:14] 识别所有简盘...
[2025-05-08 18:47:14] 预计算简盘操作符...
[2025-05-08 18:47:48] 计算位移向量...
[2025-05-08 18:47:48] 使用简盘 0 作为参考点，计算简盘相关函数...
[2025-05-08 18:49:38] 计算相关函数进度: 1/25
[2025-05-08 23:51:12] 计算相关函数进度: 11/25
[2025-05-09 04:33:59] 计算相关函数进度: 21/25
[2025-05-09 06:20:38] 计算相关函数进度: 25/25
[2025-05-09 06:20:38] 计算傅里叶变换...
[2025-05-09 06:20:38] 简盘结构因子计算完成
[2025-05-09 06:20:39] ================================================================================
[2025-05-09 06:20:39] 结构因子计算完成!
[2025-05-09 06:20:39] ================================================================================
