[2025-05-08 01:17:04] ================================================================================
[2025-05-08 01:17:04] 开始分析量子态: L=4, J2=0.05, J1=0.01
[2025-05-08 01:17:04] --------------------------------------------------------------------------------
[2025-05-08 01:17:04] 加载量子态: L=4, J2=0.05, J1=0.01
[2025-05-08 01:17:16] 增加采样数量到 2^20...
[2025-05-08 01:17:16] ================================================================================
[2025-05-08 01:17:16] 开始计算自旋结构因子...
[2025-05-08 01:17:16] 预计算自旋操作符...
[2025-05-08 01:17:16] 计算位移向量...
[2025-05-08 01:17:16] 使用自旋0作为参考点, 计算自旋相关函数...
[2025-05-08 01:21:00] 计算相关函数进度: 1/64
[2025-05-08 01:22:46] 计算相关函数进度: 11/64
[2025-05-08 01:24:27] 计算相关函数进度: 21/64
[2025-05-08 01:26:08] 计算相关函数进度: 31/64
[2025-05-08 01:27:49] 计算相关函数进度: 41/64
[2025-05-08 01:29:30] 计算相关函数进度: 51/64
[2025-05-08 01:31:11] 计算相关函数进度: 61/64
[2025-05-08 01:31:37] 计算相关函数进度: 64/64
[2025-05-08 01:31:37] 计算傅里叶变换...
[2025-05-08 01:31:37] 自旋结构因子计算完成
[2025-05-08 01:31:38] ================================================================================
[2025-05-08 01:31:38] 开始计算二聚体结构因子...
[2025-05-08 01:31:38] 识别x和y方向的二聚体...
[2025-05-08 01:31:38] 预计算二聚体操作符...
[2025-05-08 01:31:38] 计算位移向量...
[2025-05-08 01:31:38] 使用二聚体 (0, 1) 作为参考点，计算二聚体相关函数...
[2025-05-08 01:31:48] 计算x方向相关函数进度: 1/64
[2025-05-08 01:34:42] 计算x方向相关函数进度: 11/64
[2025-05-08 01:37:31] 计算x方向相关函数进度: 21/64
[2025-05-08 01:40:20] 计算x方向相关函数进度: 31/64
[2025-05-08 01:43:09] 计算x方向相关函数进度: 41/64
[2025-05-08 01:45:57] 计算x方向相关函数进度: 51/64
[2025-05-08 01:48:46] 计算x方向相关函数进度: 61/64
[2025-05-08 01:49:36] 计算x方向相关函数进度: 64/64
[2025-05-08 01:49:36] 使用二聚体 (0, 3) 作为参考点，计算二聚体相关函数...
[2025-05-08 01:49:47] 计算y方向相关函数进度: 1/64
[2025-05-08 01:52:28] 计算y方向相关函数进度: 11/64
[2025-05-08 01:55:16] 计算y方向相关函数进度: 21/64
[2025-05-08 01:58:05] 计算y方向相关函数进度: 31/64
[2025-05-08 02:00:54] 计算y方向相关函数进度: 41/64
[2025-05-08 02:03:42] 计算y方向相关函数进度: 51/64
[2025-05-08 02:06:22] 计算y方向相关函数进度: 61/64
[2025-05-08 02:06:55] 计算y方向相关函数进度: 64/64
[2025-05-08 02:06:55] 计算傅里叶变换...
[2025-05-08 02:06:55] 二聚体结构因子计算完成
[2025-05-08 02:06:56] ================================================================================
[2025-05-08 02:06:56] 开始计算简盘结构因子...
[2025-05-08 02:06:56] 识别所有简盘...
[2025-05-08 02:06:56] 预计算简盘操作符...
[2025-05-08 02:07:09] 计算位移向量...
[2025-05-08 02:07:09] 使用简盘 0 作为参考点，计算简盘相关函数...
[2025-05-08 02:08:12] 计算相关函数进度: 1/16
[2025-05-08 06:22:43] 计算相关函数进度: 11/16
[2025-05-08 08:26:13] 计算相关函数进度: 16/16
[2025-05-08 08:26:13] 计算傅里叶变换...
[2025-05-08 08:26:13] 简盘结构因子计算完成
[2025-05-08 08:26:14] ================================================================================
[2025-05-08 08:26:14] 结构因子计算完成!
[2025-05-08 08:26:14] ================================================================================
